0.8044 	WARNING 	We strongly recommend you activate the PTB sound engine in PsychoPy prefs as the preferred audio engine. Its timing is vastly superior. Your prefs are currently set to use ['sounddevice', 'PTB', 'pyo', 'pygame'] (in that order).
4.2052 	WARNING 	User requested fullscreen with size [1024  768], but screen is actually [1920, 1080]. Using actual size
5.1079 	EXP 	Created window1 = Window(allowGUI=False, allowStencil=False, args=UNKNOWN, autoLog=True, bitsMode=UNKNOWN, blendMode='avg', bpc=(8, 8, 8), color=array([0., 0., 0.]), colorSpace='rgb', depthBits=8, fullscr=<method-wrapper '__getattribute__' of attributeSetter object at 0x0000026BA3166278>, gamma=None, gammaErrorPolicy='raise', kwargs=UNKNOWN, lms=UNKNOWN, monitor=<psychopy.monitors.calibTools.Monitor object at 0x0000026BA30F3898>, multiSample=False, name='window1', numSamples=2, pos=[0.0, 0.0], screen=0, size=array([1920, 1080]), stencilBits=0, stereo=False, units='height', useFBO=True, useRetina=False, viewOri=0.0, viewPos=None, viewScale=None, waitBlanking=True, winType='pyglet')
5.1083 	EXP 	window1: mouseVisible = True
5.1083 	EXP 	window1: recordFrameIntervals = False
5.2741 	EXP 	window1: recordFrameIntervals = True
5.4575 	EXP 	window1: recordFrameIntervals = False
5.5329 	EXP 	Created polygon = Rect(__class__=<class 'psychopy.visual.rect.Rect'>, autoDraw=False, autoLog=True, closeShape=True, color=method-wrapper(...), colorSpace=None, contrast=1.0, depth=-5.0, fillColor=array([1., 0., 0.]), fillColorSpace='rgb', fillRGB=array([1., 0., 0.]), interpolate=True, lineColor=array([1., 1., 1.]), lineColorSpace='rgb', lineRGB=array([1., 1., 1.]), lineWidth=1, name='polygon', opacity=1.0, ori=array(0.), pos=array([0., 0.]), size=array([0.6, 0.6]), units='height', vertices=ndarray(...), win=Window(...))
5.5406 	EXP 	Created displayPicture = ImageStim(__class__=<class 'psychopy.visual.image.ImageStim'>, autoLog=True, color=array([1., 1., 1.]), colorSpace='rgb', contrast=1.0, depth=-6.0, flipHoriz=False, flipVert=False, image='sin', interpolate=True, mask=None, maskParams=None, name='displayPicture', opacity=1.0, ori=0.0, pos=array([0., 0.]), size=array([0.25, 0.25]), texRes=128, units='height', win=Window(...))
5.5425 	EXP 	Created polygon_2 = Rect(__class__=<class 'psychopy.visual.rect.Rect'>, autoDraw=False, autoLog=True, closeShape=True, color=method-wrapper(...), colorSpace=None, contrast=1.0, depth=-7.0, fillColor=array([1., 1., 1.]), fillColorSpace='rgb', fillRGB=array([1., 1., 1.]), interpolate=True, lineColor=array([1., 1., 1.]), lineColorSpace='rgb', lineRGB=array([1., 1., 1.]), lineWidth=0, name='polygon_2', opacity=1.0, ori=array(0.), pos=array([0., 0.]), size=array([0.8, 0.8]), units='height', vertices=ndarray(...), win=Window(...))
5.5461 	EXP 	Created option1_t1 = ImageStim(__class__=<class 'psychopy.visual.image.ImageStim'>, autoLog=True, color=array([1., 1., 1.]), colorSpace='rgb', contrast=1.0, depth=-1.0, flipHoriz=False, flipVert=False, image='sin', interpolate=True, mask=None, maskParams=None, name='option1_t1', opacity=1.0, ori=0.0, pos=array([-0.3,  0. ]), size=array([0.25, 0.25]), texRes=128, units='height', win=Window(...))
5.5494 	EXP 	Created option2_t1 = ImageStim(__class__=<class 'psychopy.visual.image.ImageStim'>, autoLog=True, color=array([1., 1., 1.]), colorSpace='rgb', contrast=1.0, depth=-2.0, flipHoriz=False, flipVert=False, image='sin', interpolate=True, mask=None, maskParams=None, name='option2_t1', opacity=1.0, ori=0.0, pos=array([0.3, 0. ]), size=array([0.25, 0.25]), texRes=128, units='height', win=Window(...))
5.5525 	EXP 	Created option1_t2 = ImageStim(__class__=<class 'psychopy.visual.image.ImageStim'>, autoLog=True, color=array([1., 1., 1.]), colorSpace='rgb', contrast=1.0, depth=-1.0, flipHoriz=False, flipVert=False, image='sin', interpolate=True, mask=None, maskParams=None, name='option1_t2', opacity=1.0, ori=0.0, pos=array([0.3, 0. ]), size=array([0.25, 0.25]), texRes=128, units='height', win=Window(...))
5.5552 	EXP 	Created option2_t2 = ImageStim(__class__=<class 'psychopy.visual.image.ImageStim'>, autoLog=True, color=array([1., 1., 1.]), colorSpace='rgb', contrast=1.0, depth=-2.0, flipHoriz=False, flipVert=False, image='sin', interpolate=True, mask=None, maskParams=None, name='option2_t2', opacity=1.0, ori=0.0, pos=array([-0.3,  0. ]), size=array([0.25, 0.25]), texRes=128, units='height', win=Window(...))
5.6019 	EXP 	Created text = TextStim(__class__=<class 'psychopy.visual.text.TextStim'>, alignHoriz=method-wrapper(...), alignText='center', alignVert=method-wrapper(...), anchorHoriz='center', anchorVert='center', antialias=True, autoLog=True, bold=False, color='white', colorSpace='named', contrast=1.0, depth=-3.0, flipHoriz=False, flipVert=False, font='Arial', fontFiles=[], height=0.1, italic=False, languageStyle='LTR', name='text', opacity=1.0, ori=0, pos=array([0., 0.]), rgb=array([255., 255., 255.]), text='default text', units='height', win=Window(...), wrapWidth=1)
5.6403 	EXP 	Imported conditionAB.xlsx as conditions, 160 conditions, 7 params
5.6409 	EXP 	Created sequence: random, trialTypes=160, nReps=1, seed=None
5.6412 	EXP 	New trial (rep=0, index=0): OrderedDict([('trialType', 'AB'), ('cndTyp', 'lag7'), ('lag', 7), ('T1_loc', 3), ('T2_loc', 10), ('stimLen', 0.05), ('isi', 0.2)])
5.7428 	EXP 	polygon: autoDraw = True
5.7428 	EXP 	polygon: opacity = 0.0
5.7428 	EXP 	displayPicture: autoDraw = True
5.7428 	EXP 	displayPicture: image = 'C:\\Users\\Employee\\Google Drive\\UP\\MyResearch\\TaskProgramming\\AB_pic\\resources\\leafrake.jpg'
5.7428 	EXP 	polygon_2: autoDraw = True
5.7428 	EXP 	polygon_2: opacity = 0.0
5.7428 	EXP 	polygon_2: fillColor = '[0.11982367 0.8396525  0.75534433] (rgb)'
5.7742 	EXP 	polygon: opacity = 0.0
5.7742 	EXP 	displayPicture: image = 'C:\\Users\\Employee\\Google Drive\\UP\\MyResearch\\TaskProgramming\\AB_pic\\resources\\leafrake.jpg'
5.7742 	EXP 	polygon_2: opacity = 1.0
5.7742 	EXP 	polygon_2: fillColor = '[0.49325808 0.9811958  0.77102345] (rgb)'
5.8073 	EXP 	polygon: opacity = 0.0
5.8073 	EXP 	displayPicture: image = 'C:\\Users\\Employee\\Google Drive\\UP\\MyResearch\\TaskProgramming\\AB_pic\\resources\\leafrake.jpg'
5.8073 	EXP 	polygon_2: opacity = 1.0
5.8073 	EXP 	polygon_2: fillColor = '[0.49325808 0.9811958  0.77102345] (rgb)'
5.8407 	EXP 	polygon: opacity = 0.0
5.8407 	EXP 	displayPicture: image = 'C:\\Users\\Employee\\Google Drive\\UP\\MyResearch\\TaskProgramming\\AB_pic\\resources\\leafrake.jpg'
5.8407 	EXP 	polygon_2: opacity = 1.0
5.8407 	EXP 	polygon_2: fillColor = '[0.49325808 0.9811958  0.77102345] (rgb)'
5.8740 	EXP 	polygon: opacity = 0.0
5.8740 	EXP 	displayPicture: image = 'C:\\Users\\Employee\\Google Drive\\UP\\MyResearch\\TaskProgramming\\AB_pic\\resources\\leafrake.jpg'
5.8740 	EXP 	polygon_2: opacity = 1.0
5.8740 	EXP 	polygon_2: fillColor = '[0.49325808 0.9811958  0.77102345] (rgb)'
5.9073 	EXP 	polygon: opacity = 0.0
5.9073 	EXP 	displayPicture: image = 'C:\\Users\\Employee\\Google Drive\\UP\\MyResearch\\TaskProgramming\\AB_pic\\resources\\leafrake.jpg'
5.9073 	EXP 	polygon_2: opacity = 1.0
5.9073 	EXP 	polygon_2: fillColor = '[0.49325808 0.9811958  0.77102345] (rgb)'
5.9407 	EXP 	polygon: opacity = 0.0
5.9407 	EXP 	displayPicture: image = 'C:\\Users\\Employee\\Google Drive\\UP\\MyResearch\\TaskProgramming\\AB_pic\\resources\\alligator.jpg'
5.9407 	EXP 	polygon_2: opacity = 0.0
5.9407 	EXP 	polygon_2: fillColor = '[0.49325808 0.9811958  0.77102345] (rgb)'
5.9740 	EXP 	polygon: opacity = 0.0
5.9740 	EXP 	displayPicture: image = 'C:\\Users\\Employee\\Google Drive\\UP\\MyResearch\\TaskProgramming\\AB_pic\\resources\\alligator.jpg'
5.9740 	EXP 	polygon_2: opacity = 1.0
5.9740 	EXP 	polygon_2: fillColor = '[0.04753023 0.14433028 0.16930698] (rgb)'
6.0073 	EXP 	polygon: opacity = 0.0
6.0073 	EXP 	displayPicture: image = 'C:\\Users\\Employee\\Google Drive\\UP\\MyResearch\\TaskProgramming\\AB_pic\\resources\\alligator.jpg'
6.0073 	EXP 	polygon_2: opacity = 1.0
6.0073 	EXP 	polygon_2: fillColor = '[0.04753023 0.14433028 0.16930698] (rgb)'
6.0410 	EXP 	polygon: opacity = 0.0
6.0410 	EXP 	displayPicture: image = 'C:\\Users\\Employee\\Google Drive\\UP\\MyResearch\\TaskProgramming\\AB_pic\\resources\\alligator.jpg'
6.0410 	EXP 	polygon_2: opacity = 1.0
6.0410 	EXP 	polygon_2: fillColor = '[0.04753023 0.14433028 0.16930698] (rgb)'
6.0740 	EXP 	polygon: opacity = 0.0
6.0740 	EXP 	displayPicture: image = 'C:\\Users\\Employee\\Google Drive\\UP\\MyResearch\\TaskProgramming\\AB_pic\\resources\\alligator.jpg'
6.0740 	EXP 	polygon_2: opacity = 1.0
6.0740 	EXP 	polygon_2: fillColor = '[0.04753023 0.14433028 0.16930698] (rgb)'
6.1073 	EXP 	polygon: opacity = 0.0
6.1073 	EXP 	displayPicture: image = 'C:\\Users\\Employee\\Google Drive\\UP\\MyResearch\\TaskProgramming\\AB_pic\\resources\\alligator.jpg'
6.1073 	EXP 	polygon_2: opacity = 1.0
6.1073 	EXP 	polygon_2: fillColor = '[0.04753023 0.14433028 0.16930698] (rgb)'
6.1407 	EXP 	polygon: opacity = 0.0
6.1407 	EXP 	displayPicture: image = 'C:\\Users\\Employee\\Google Drive\\UP\\MyResearch\\TaskProgramming\\AB_pic\\resources\\alligator.jpg'
6.1407 	EXP 	polygon_2: opacity = 1.0
6.1407 	EXP 	polygon_2: fillColor = '[0.04753023 0.14433028 0.16930698] (rgb)'
6.1740 	EXP 	polygon: opacity = 1.0
6.1740 	EXP 	displayPicture: image = 'C:\\Users\\Employee\\Google Drive\\UP\\MyResearch\\TaskProgramming\\AB_pic\\resources\\fortunecookie.jpg'
6.1740 	EXP 	polygon_2: opacity = 0.0
6.1740 	EXP 	polygon_2: fillColor = '[0.04753023 0.14433028 0.16930698] (rgb)'
6.2073 	EXP 	polygon: opacity = 1.0
6.2073 	EXP 	displayPicture: image = 'C:\\Users\\Employee\\Google Drive\\UP\\MyResearch\\TaskProgramming\\AB_pic\\resources\\fortunecookie.jpg'
6.2073 	EXP 	polygon_2: opacity = 0.0
6.2073 	EXP 	polygon_2: fillColor = '[0.04753023 0.14433028 0.16930698] (rgb)'
6.2407 	EXP 	polygon: opacity = 1.0
6.2407 	EXP 	displayPicture: image = 'C:\\Users\\Employee\\Google Drive\\UP\\MyResearch\\TaskProgramming\\AB_pic\\resources\\fortunecookie.jpg'
6.2407 	EXP 	polygon_2: opacity = 1.0
6.2407 	EXP 	polygon_2: fillColor = '[0.65735909 0.70047497 0.25574566] (rgb)'
6.2740 	EXP 	polygon: opacity = 1.0
6.2740 	EXP 	displayPicture: image = 'C:\\Users\\Employee\\Google Drive\\UP\\MyResearch\\TaskProgramming\\AB_pic\\resources\\fortunecookie.jpg'
6.2740 	EXP 	polygon_2: opacity = 1.0
6.2740 	EXP 	polygon_2: fillColor = '[0.65735909 0.70047497 0.25574566] (rgb)'
6.3075 	EXP 	polygon: opacity = 1.0
6.3075 	EXP 	displayPicture: image = 'C:\\Users\\Employee\\Google Drive\\UP\\MyResearch\\TaskProgramming\\AB_pic\\resources\\fortunecookie.jpg'
6.3075 	EXP 	polygon_2: opacity = 1.0
6.3075 	EXP 	polygon_2: fillColor = '[0.65735909 0.70047497 0.25574566] (rgb)'
6.3406 	EXP 	polygon: opacity = 1.0
6.3406 	EXP 	displayPicture: image = 'C:\\Users\\Employee\\Google Drive\\UP\\MyResearch\\TaskProgramming\\AB_pic\\resources\\fortunecookie.jpg'
6.3406 	EXP 	polygon_2: opacity = 1.0
6.3406 	EXP 	polygon_2: fillColor = '[0.65735909 0.70047497 0.25574566] (rgb)'
6.3740 	EXP 	polygon: opacity = 1.0
6.3740 	EXP 	displayPicture: image = 'C:\\Users\\Employee\\Google Drive\\UP\\MyResearch\\TaskProgramming\\AB_pic\\resources\\fortunecookie.jpg'
6.3740 	EXP 	polygon_2: opacity = 1.0
6.3740 	EXP 	polygon_2: fillColor = '[0.65735909 0.70047497 0.25574566] (rgb)'
6.4074 	EXP 	polygon: opacity = 1.0
6.4074 	EXP 	displayPicture: image = 'C:\\Users\\Employee\\Google Drive\\UP\\MyResearch\\TaskProgramming\\AB_pic\\resources\\fortunecookie.jpg'
6.4074 	EXP 	polygon_2: opacity = 1.0
6.4074 	EXP 	polygon_2: fillColor = '[0.65735909 0.70047497 0.25574566] (rgb)'
6.4408 	EXP 	polygon: opacity = 0.0
6.4408 	EXP 	displayPicture: image = 'C:\\Users\\Employee\\Google Drive\\UP\\MyResearch\\TaskProgramming\\AB_pic\\resources\\lightswitch01.jpg'
6.4408 	EXP 	polygon_2: opacity = 0.0
6.4408 	EXP 	polygon_2: fillColor = '[0.65735909 0.70047497 0.25574566] (rgb)'
6.4741 	EXP 	polygon: opacity = 0.0
6.4741 	EXP 	displayPicture: image = 'C:\\Users\\Employee\\Google Drive\\UP\\MyResearch\\TaskProgramming\\AB_pic\\resources\\lightswitch01.jpg'
6.4741 	EXP 	polygon_2: opacity = 1.0
6.4741 	EXP 	polygon_2: fillColor = '[0.02096443 0.1792186  0.80632316] (rgb)'
6.5074 	EXP 	polygon: opacity = 0.0
6.5074 	EXP 	displayPicture: image = 'C:\\Users\\Employee\\Google Drive\\UP\\MyResearch\\TaskProgramming\\AB_pic\\resources\\lightswitch01.jpg'
6.5074 	EXP 	polygon_2: opacity = 1.0
6.5074 	EXP 	polygon_2: fillColor = '[0.02096443 0.1792186  0.80632316] (rgb)'
6.5407 	EXP 	polygon: opacity = 0.0
6.5407 	EXP 	displayPicture: image = 'C:\\Users\\Employee\\Google Drive\\UP\\MyResearch\\TaskProgramming\\AB_pic\\resources\\lightswitch01.jpg'
6.5407 	EXP 	polygon_2: opacity = 1.0
6.5407 	EXP 	polygon_2: fillColor = '[0.02096443 0.1792186  0.80632316] (rgb)'
6.5741 	EXP 	polygon: opacity = 0.0
6.5741 	EXP 	displayPicture: image = 'C:\\Users\\Employee\\Google Drive\\UP\\MyResearch\\TaskProgramming\\AB_pic\\resources\\lightswitch01.jpg'
6.5741 	EXP 	polygon_2: opacity = 1.0
6.5741 	EXP 	polygon_2: fillColor = '[0.02096443 0.1792186  0.80632316] (rgb)'
6.6074 	EXP 	polygon: opacity = 0.0
6.6074 	EXP 	displayPicture: image = 'C:\\Users\\Employee\\Google Drive\\UP\\MyResearch\\TaskProgramming\\AB_pic\\resources\\lightswitch01.jpg'
6.6074 	EXP 	polygon_2: opacity = 1.0
6.6074 	EXP 	polygon_2: fillColor = '[0.02096443 0.1792186  0.80632316] (rgb)'
6.6407 	EXP 	polygon: opacity = 0.0
6.6407 	EXP 	displayPicture: image = 'C:\\Users\\Employee\\Google Drive\\UP\\MyResearch\\TaskProgramming\\AB_pic\\resources\\lightswitch01.jpg'
6.6407 	EXP 	polygon_2: opacity = 1.0
6.6407 	EXP 	polygon_2: fillColor = '[0.02096443 0.1792186  0.80632316] (rgb)'
6.6741 	EXP 	polygon: opacity = 0.0
6.6741 	EXP 	displayPicture: image = 'C:\\Users\\Employee\\Google Drive\\UP\\MyResearch\\TaskProgramming\\AB_pic\\resources\\frisbee.jpg'
6.6741 	EXP 	polygon_2: opacity = 0.0
6.6741 	EXP 	polygon_2: fillColor = '[0.02096443 0.1792186  0.80632316] (rgb)'
6.7074 	EXP 	polygon: opacity = 0.0
6.7074 	EXP 	displayPicture: image = 'C:\\Users\\Employee\\Google Drive\\UP\\MyResearch\\TaskProgramming\\AB_pic\\resources\\frisbee.jpg'
6.7074 	EXP 	polygon_2: opacity = 0.0
6.7074 	EXP 	polygon_2: fillColor = '[0.02096443 0.1792186  0.80632316] (rgb)'
6.7407 	EXP 	polygon: opacity = 0.0
6.7407 	EXP 	displayPicture: image = 'C:\\Users\\Employee\\Google Drive\\UP\\MyResearch\\TaskProgramming\\AB_pic\\resources\\frisbee.jpg'
6.7407 	EXP 	polygon_2: opacity = 1.0
6.7407 	EXP 	polygon_2: fillColor = '[0.34071754 0.31806618 0.78846738] (rgb)'
6.7740 	EXP 	polygon: opacity = 0.0
6.7740 	EXP 	displayPicture: image = 'C:\\Users\\Employee\\Google Drive\\UP\\MyResearch\\TaskProgramming\\AB_pic\\resources\\frisbee.jpg'
6.7740 	EXP 	polygon_2: opacity = 1.0
6.7740 	EXP 	polygon_2: fillColor = '[0.34071754 0.31806618 0.78846738] (rgb)'
6.8074 	EXP 	polygon: opacity = 0.0
6.8074 	EXP 	displayPicture: image = 'C:\\Users\\Employee\\Google Drive\\UP\\MyResearch\\TaskProgramming\\AB_pic\\resources\\frisbee.jpg'
6.8074 	EXP 	polygon_2: opacity = 1.0
6.8074 	EXP 	polygon_2: fillColor = '[0.34071754 0.31806618 0.78846738] (rgb)'
6.8407 	EXP 	polygon: opacity = 0.0
6.8407 	EXP 	displayPicture: image = 'C:\\Users\\Employee\\Google Drive\\UP\\MyResearch\\TaskProgramming\\AB_pic\\resources\\frisbee.jpg'
6.8407 	EXP 	polygon_2: opacity = 1.0
6.8407 	EXP 	polygon_2: fillColor = '[0.34071754 0.31806618 0.78846738] (rgb)'
6.8740 	EXP 	polygon: opacity = 0.0
6.8740 	EXP 	displayPicture: image = 'C:\\Users\\Employee\\Google Drive\\UP\\MyResearch\\TaskProgramming\\AB_pic\\resources\\frisbee.jpg'
6.8740 	EXP 	polygon_2: opacity = 1.0
6.8740 	EXP 	polygon_2: fillColor = '[0.34071754 0.31806618 0.78846738] (rgb)'
6.9074 	EXP 	polygon: opacity = 0.0
6.9074 	EXP 	displayPicture: image = 'C:\\Users\\Employee\\Google Drive\\UP\\MyResearch\\TaskProgramming\\AB_pic\\resources\\frisbee.jpg'
6.9074 	EXP 	polygon_2: opacity = 1.0
6.9074 	EXP 	polygon_2: fillColor = '[0.34071754 0.31806618 0.78846738] (rgb)'
6.9407 	EXP 	polygon: opacity = 0.0
6.9407 	EXP 	displayPicture: image = 'C:\\Users\\Employee\\Google Drive\\UP\\MyResearch\\TaskProgramming\\AB_pic\\resources\\toyanimal05.jpg'
6.9407 	EXP 	polygon_2: opacity = 0.0
6.9407 	EXP 	polygon_2: fillColor = '[0.34071754 0.31806618 0.78846738] (rgb)'
6.9740 	EXP 	polygon: opacity = 0.0
6.9740 	EXP 	displayPicture: image = 'C:\\Users\\Employee\\Google Drive\\UP\\MyResearch\\TaskProgramming\\AB_pic\\resources\\toyanimal05.jpg'
6.9740 	EXP 	polygon_2: opacity = 1.0
6.9740 	EXP 	polygon_2: fillColor = '[0.93372438 0.13392834 0.07850753] (rgb)'
7.0074 	EXP 	polygon: opacity = 0.0
7.0074 	EXP 	displayPicture: image = 'C:\\Users\\Employee\\Google Drive\\UP\\MyResearch\\TaskProgramming\\AB_pic\\resources\\toyanimal05.jpg'
7.0074 	EXP 	polygon_2: opacity = 1.0
7.0074 	EXP 	polygon_2: fillColor = '[0.93372438 0.13392834 0.07850753] (rgb)'
7.0407 	EXP 	polygon: opacity = 0.0
7.0407 	EXP 	displayPicture: image = 'C:\\Users\\Employee\\Google Drive\\UP\\MyResearch\\TaskProgramming\\AB_pic\\resources\\toyanimal05.jpg'
7.0407 	EXP 	polygon_2: opacity = 1.0
7.0407 	EXP 	polygon_2: fillColor = '[0.93372438 0.13392834 0.07850753] (rgb)'
7.0740 	EXP 	polygon: opacity = 0.0
7.0740 	EXP 	displayPicture: image = 'C:\\Users\\Employee\\Google Drive\\UP\\MyResearch\\TaskProgramming\\AB_pic\\resources\\toyanimal05.jpg'
7.0740 	EXP 	polygon_2: opacity = 1.0
7.0740 	EXP 	polygon_2: fillColor = '[0.93372438 0.13392834 0.07850753] (rgb)'
7.1074 	EXP 	polygon: opacity = 0.0
7.1074 	EXP 	displayPicture: image = 'C:\\Users\\Employee\\Google Drive\\UP\\MyResearch\\TaskProgramming\\AB_pic\\resources\\toyanimal05.jpg'
7.1074 	EXP 	polygon_2: opacity = 1.0
7.1074 	EXP 	polygon_2: fillColor = '[0.93372438 0.13392834 0.07850753] (rgb)'
7.1407 	EXP 	polygon: opacity = 0.0
7.1407 	EXP 	displayPicture: image = 'C:\\Users\\Employee\\Google Drive\\UP\\MyResearch\\TaskProgramming\\AB_pic\\resources\\toyanimal05.jpg'
7.1407 	EXP 	polygon_2: opacity = 1.0
7.1407 	EXP 	polygon_2: fillColor = '[0.93372438 0.13392834 0.07850753] (rgb)'
7.1741 	EXP 	polygon: opacity = 0.0
7.1741 	EXP 	displayPicture: image = 'C:\\Users\\Employee\\Google Drive\\UP\\MyResearch\\TaskProgramming\\AB_pic\\resources\\saltshaker03a.jpg'
7.1741 	EXP 	polygon_2: opacity = 0.0
7.1741 	EXP 	polygon_2: fillColor = '[0.93372438 0.13392834 0.07850753] (rgb)'
7.2074 	EXP 	polygon: opacity = 0.0
7.2074 	EXP 	displayPicture: image = 'C:\\Users\\Employee\\Google Drive\\UP\\MyResearch\\TaskProgramming\\AB_pic\\resources\\saltshaker03a.jpg'
7.2074 	EXP 	polygon_2: opacity = 0.0
7.2074 	EXP 	polygon_2: fillColor = '[0.93372438 0.13392834 0.07850753] (rgb)'
7.2407 	EXP 	polygon: opacity = 0.0
7.2407 	EXP 	displayPicture: image = 'C:\\Users\\Employee\\Google Drive\\UP\\MyResearch\\TaskProgramming\\AB_pic\\resources\\saltshaker03a.jpg'
7.2407 	EXP 	polygon_2: opacity = 1.0
7.2407 	EXP 	polygon_2: fillColor = '[0.45649324 0.14072681 0.4937557 ] (rgb)'
7.2740 	EXP 	polygon: opacity = 0.0
7.2740 	EXP 	displayPicture: image = 'C:\\Users\\Employee\\Google Drive\\UP\\MyResearch\\TaskProgramming\\AB_pic\\resources\\saltshaker03a.jpg'
7.2740 	EXP 	polygon_2: opacity = 1.0
7.2740 	EXP 	polygon_2: fillColor = '[0.45649324 0.14072681 0.4937557 ] (rgb)'
7.3074 	EXP 	polygon: opacity = 0.0
7.3074 	EXP 	displayPicture: image = 'C:\\Users\\Employee\\Google Drive\\UP\\MyResearch\\TaskProgramming\\AB_pic\\resources\\saltshaker03a.jpg'
7.3074 	EXP 	polygon_2: opacity = 1.0
7.3074 	EXP 	polygon_2: fillColor = '[0.45649324 0.14072681 0.4937557 ] (rgb)'
7.3407 	EXP 	polygon: opacity = 0.0
7.3407 	EXP 	displayPicture: image = 'C:\\Users\\Employee\\Google Drive\\UP\\MyResearch\\TaskProgramming\\AB_pic\\resources\\saltshaker03a.jpg'
7.3407 	EXP 	polygon_2: opacity = 1.0
7.3407 	EXP 	polygon_2: fillColor = '[0.45649324 0.14072681 0.4937557 ] (rgb)'
7.3740 	EXP 	polygon: opacity = 0.0
7.3740 	EXP 	displayPicture: image = 'C:\\Users\\Employee\\Google Drive\\UP\\MyResearch\\TaskProgramming\\AB_pic\\resources\\saltshaker03a.jpg'
7.3740 	EXP 	polygon_2: opacity = 1.0
7.3740 	EXP 	polygon_2: fillColor = '[0.45649324 0.14072681 0.4937557 ] (rgb)'
7.4073 	EXP 	polygon: opacity = 0.0
7.4073 	EXP 	displayPicture: image = 'C:\\Users\\Employee\\Google Drive\\UP\\MyResearch\\TaskProgramming\\AB_pic\\resources\\saltshaker03a.jpg'
7.4073 	EXP 	polygon_2: opacity = 1.0
7.4073 	EXP 	polygon_2: fillColor = '[0.45649324 0.14072681 0.4937557 ] (rgb)'
7.4407 	EXP 	polygon: opacity = 0.0
7.4407 	EXP 	displayPicture: image = 'C:\\Users\\Employee\\Google Drive\\UP\\MyResearch\\TaskProgramming\\AB_pic\\resources\\chimney.jpg'
7.4407 	EXP 	polygon_2: opacity = 0.0
7.4407 	EXP 	polygon_2: fillColor = '[0.45649324 0.14072681 0.4937557 ] (rgb)'
7.4740 	EXP 	polygon: opacity = 0.0
7.4740 	EXP 	displayPicture: image = 'C:\\Users\\Employee\\Google Drive\\UP\\MyResearch\\TaskProgramming\\AB_pic\\resources\\chimney.jpg'
7.4740 	EXP 	polygon_2: opacity = 1.0
7.4740 	EXP 	polygon_2: fillColor = '[0.32142025 0.07458567 0.03512038] (rgb)'
7.5074 	EXP 	polygon: opacity = 0.0
7.5074 	EXP 	displayPicture: image = 'C:\\Users\\Employee\\Google Drive\\UP\\MyResearch\\TaskProgramming\\AB_pic\\resources\\chimney.jpg'
7.5074 	EXP 	polygon_2: opacity = 1.0
7.5074 	EXP 	polygon_2: fillColor = '[0.32142025 0.07458567 0.03512038] (rgb)'
7.5407 	EXP 	polygon: opacity = 0.0
7.5407 	EXP 	displayPicture: image = 'C:\\Users\\Employee\\Google Drive\\UP\\MyResearch\\TaskProgramming\\AB_pic\\resources\\chimney.jpg'
7.5407 	EXP 	polygon_2: opacity = 1.0
7.5407 	EXP 	polygon_2: fillColor = '[0.32142025 0.07458567 0.03512038] (rgb)'
7.5740 	EXP 	polygon: opacity = 0.0
7.5740 	EXP 	displayPicture: image = 'C:\\Users\\Employee\\Google Drive\\UP\\MyResearch\\TaskProgramming\\AB_pic\\resources\\chimney.jpg'
7.5740 	EXP 	polygon_2: opacity = 1.0
7.5740 	EXP 	polygon_2: fillColor = '[0.32142025 0.07458567 0.03512038] (rgb)'
7.6073 	EXP 	polygon: opacity = 0.0
7.6073 	EXP 	displayPicture: image = 'C:\\Users\\Employee\\Google Drive\\UP\\MyResearch\\TaskProgramming\\AB_pic\\resources\\chimney.jpg'
7.6073 	EXP 	polygon_2: opacity = 1.0
7.6073 	EXP 	polygon_2: fillColor = '[0.32142025 0.07458567 0.03512038] (rgb)'
7.6407 	EXP 	polygon: opacity = 0.0
7.6407 	EXP 	displayPicture: image = 'C:\\Users\\Employee\\Google Drive\\UP\\MyResearch\\TaskProgramming\\AB_pic\\resources\\chimney.jpg'
7.6407 	EXP 	polygon_2: opacity = 1.0
7.6407 	EXP 	polygon_2: fillColor = '[0.32142025 0.07458567 0.03512038] (rgb)'
7.6740 	EXP 	polygon: opacity = 0.0
7.6740 	EXP 	displayPicture: image = 'C:\\Users\\Employee\\Google Drive\\UP\\MyResearch\\TaskProgramming\\AB_pic\\resources\\leafblower01.jpg'
7.6740 	EXP 	polygon_2: opacity = 0.0
7.6740 	EXP 	polygon_2: fillColor = '[0.32142025 0.07458567 0.03512038] (rgb)'
7.7073 	EXP 	polygon: opacity = 0.0
7.7073 	EXP 	displayPicture: image = 'C:\\Users\\Employee\\Google Drive\\UP\\MyResearch\\TaskProgramming\\AB_pic\\resources\\leafblower01.jpg'
7.7073 	EXP 	polygon_2: opacity = 0.0
7.7073 	EXP 	polygon_2: fillColor = '[0.32142025 0.07458567 0.03512038] (rgb)'
7.7407 	EXP 	polygon: opacity = 0.0
7.7407 	EXP 	displayPicture: image = 'C:\\Users\\Employee\\Google Drive\\UP\\MyResearch\\TaskProgramming\\AB_pic\\resources\\leafblower01.jpg'
7.7407 	EXP 	polygon_2: opacity = 1.0
7.7407 	EXP 	polygon_2: fillColor = '[0.39130684 0.22044548 0.05160619] (rgb)'
7.7740 	EXP 	polygon: opacity = 0.0
7.7740 	EXP 	displayPicture: image = 'C:\\Users\\Employee\\Google Drive\\UP\\MyResearch\\TaskProgramming\\AB_pic\\resources\\leafblower01.jpg'
7.7740 	EXP 	polygon_2: opacity = 1.0
7.7740 	EXP 	polygon_2: fillColor = '[0.39130684 0.22044548 0.05160619] (rgb)'
7.8073 	EXP 	polygon: opacity = 0.0
7.8073 	EXP 	displayPicture: image = 'C:\\Users\\Employee\\Google Drive\\UP\\MyResearch\\TaskProgramming\\AB_pic\\resources\\leafblower01.jpg'
7.8073 	EXP 	polygon_2: opacity = 1.0
7.8073 	EXP 	polygon_2: fillColor = '[0.39130684 0.22044548 0.05160619] (rgb)'
7.8406 	EXP 	polygon: opacity = 0.0
7.8406 	EXP 	displayPicture: image = 'C:\\Users\\Employee\\Google Drive\\UP\\MyResearch\\TaskProgramming\\AB_pic\\resources\\leafblower01.jpg'
7.8406 	EXP 	polygon_2: opacity = 1.0
7.8406 	EXP 	polygon_2: fillColor = '[0.39130684 0.22044548 0.05160619] (rgb)'
7.8740 	EXP 	polygon: opacity = 0.0
7.8740 	EXP 	displayPicture: image = 'C:\\Users\\Employee\\Google Drive\\UP\\MyResearch\\TaskProgramming\\AB_pic\\resources\\leafblower01.jpg'
7.8740 	EXP 	polygon_2: opacity = 1.0
7.8740 	EXP 	polygon_2: fillColor = '[0.39130684 0.22044548 0.05160619] (rgb)'
7.9073 	EXP 	polygon: opacity = 0.0
7.9073 	EXP 	displayPicture: image = 'C:\\Users\\Employee\\Google Drive\\UP\\MyResearch\\TaskProgramming\\AB_pic\\resources\\leafblower01.jpg'
7.9073 	EXP 	polygon_2: opacity = 1.0
7.9073 	EXP 	polygon_2: fillColor = '[0.39130684 0.22044548 0.05160619] (rgb)'
7.9406 	EXP 	polygon: opacity = 1.0
7.9406 	EXP 	displayPicture: image = 'C:\\Users\\Employee\\Google Drive\\UP\\MyResearch\\TaskProgramming\\AB_pic\\resources\\smokingpipe.jpg'
7.9406 	EXP 	polygon_2: opacity = 0.0
7.9406 	EXP 	polygon_2: fillColor = '[0.39130684 0.22044548 0.05160619] (rgb)'
7.9740 	EXP 	polygon: opacity = 1.0
7.9740 	EXP 	displayPicture: image = 'C:\\Users\\Employee\\Google Drive\\UP\\MyResearch\\TaskProgramming\\AB_pic\\resources\\smokingpipe.jpg'
7.9740 	EXP 	polygon_2: opacity = 1.0
7.9740 	EXP 	polygon_2: fillColor = '[0.43742137 0.83632388 0.03054721] (rgb)'
8.0073 	EXP 	polygon: opacity = 1.0
8.0073 	EXP 	displayPicture: image = 'C:\\Users\\Employee\\Google Drive\\UP\\MyResearch\\TaskProgramming\\AB_pic\\resources\\smokingpipe.jpg'
8.0073 	EXP 	polygon_2: opacity = 1.0
8.0073 	EXP 	polygon_2: fillColor = '[0.43742137 0.83632388 0.03054721] (rgb)'
8.0406 	EXP 	polygon: opacity = 1.0
8.0406 	EXP 	displayPicture: image = 'C:\\Users\\Employee\\Google Drive\\UP\\MyResearch\\TaskProgramming\\AB_pic\\resources\\smokingpipe.jpg'
8.0406 	EXP 	polygon_2: opacity = 1.0
8.0406 	EXP 	polygon_2: fillColor = '[0.43742137 0.83632388 0.03054721] (rgb)'
8.0740 	EXP 	polygon: opacity = 1.0
8.0740 	EXP 	displayPicture: image = 'C:\\Users\\Employee\\Google Drive\\UP\\MyResearch\\TaskProgramming\\AB_pic\\resources\\smokingpipe.jpg'
8.0740 	EXP 	polygon_2: opacity = 1.0
8.0740 	EXP 	polygon_2: fillColor = '[0.43742137 0.83632388 0.03054721] (rgb)'
8.1073 	EXP 	polygon: opacity = 1.0
8.1073 	EXP 	displayPicture: image = 'C:\\Users\\Employee\\Google Drive\\UP\\MyResearch\\TaskProgramming\\AB_pic\\resources\\smokingpipe.jpg'
8.1073 	EXP 	polygon_2: opacity = 1.0
8.1073 	EXP 	polygon_2: fillColor = '[0.43742137 0.83632388 0.03054721] (rgb)'
8.1406 	EXP 	polygon: opacity = 1.0
8.1406 	EXP 	displayPicture: image = 'C:\\Users\\Employee\\Google Drive\\UP\\MyResearch\\TaskProgramming\\AB_pic\\resources\\smokingpipe.jpg'
8.1406 	EXP 	polygon_2: opacity = 1.0
8.1406 	EXP 	polygon_2: fillColor = '[0.43742137 0.83632388 0.03054721] (rgb)'
8.1740 	EXP 	polygon: opacity = 0.0
8.1740 	EXP 	displayPicture: image = 'C:\\Users\\Employee\\Google Drive\\UP\\MyResearch\\TaskProgramming\\AB_pic\\resources\\bridge.jpg'
8.1740 	EXP 	polygon_2: opacity = 0.0
8.1740 	EXP 	polygon_2: fillColor = '[0.43742137 0.83632388 0.03054721] (rgb)'
8.2073 	EXP 	polygon: opacity = 0.0
8.2073 	EXP 	displayPicture: image = 'C:\\Users\\Employee\\Google Drive\\UP\\MyResearch\\TaskProgramming\\AB_pic\\resources\\bridge.jpg'
8.2073 	EXP 	polygon_2: opacity = 0.0
8.2073 	EXP 	polygon_2: fillColor = '[0.43742137 0.83632388 0.03054721] (rgb)'
8.2406 	EXP 	polygon: opacity = 0.0
8.2406 	EXP 	displayPicture: image = 'C:\\Users\\Employee\\Google Drive\\UP\\MyResearch\\TaskProgramming\\AB_pic\\resources\\bridge.jpg'
8.2406 	EXP 	polygon_2: opacity = 1.0
8.2406 	EXP 	polygon_2: fillColor = '[0.87539196 0.30642308 0.25882391] (rgb)'
8.2739 	EXP 	polygon: opacity = 0.0
8.2739 	EXP 	displayPicture: image = 'C:\\Users\\Employee\\Google Drive\\UP\\MyResearch\\TaskProgramming\\AB_pic\\resources\\bridge.jpg'
8.2739 	EXP 	polygon_2: opacity = 1.0
8.2739 	EXP 	polygon_2: fillColor = '[0.87539196 0.30642308 0.25882391] (rgb)'
8.3073 	EXP 	polygon: opacity = 0.0
8.3073 	EXP 	displayPicture: image = 'C:\\Users\\Employee\\Google Drive\\UP\\MyResearch\\TaskProgramming\\AB_pic\\resources\\bridge.jpg'
8.3073 	EXP 	polygon_2: opacity = 1.0
8.3073 	EXP 	polygon_2: fillColor = '[0.87539196 0.30642308 0.25882391] (rgb)'
8.3406 	EXP 	polygon: opacity = 0.0
8.3406 	EXP 	displayPicture: image = 'C:\\Users\\Employee\\Google Drive\\UP\\MyResearch\\TaskProgramming\\AB_pic\\resources\\bridge.jpg'
8.3406 	EXP 	polygon_2: opacity = 1.0
8.3406 	EXP 	polygon_2: fillColor = '[0.87539196 0.30642308 0.25882391] (rgb)'
8.3739 	EXP 	polygon: opacity = 0.0
8.3739 	EXP 	displayPicture: image = 'C:\\Users\\Employee\\Google Drive\\UP\\MyResearch\\TaskProgramming\\AB_pic\\resources\\bridge.jpg'
8.3739 	EXP 	polygon_2: opacity = 1.0
8.3739 	EXP 	polygon_2: fillColor = '[0.87539196 0.30642308 0.25882391] (rgb)'
8.4073 	EXP 	polygon: opacity = 0.0
8.4073 	EXP 	displayPicture: image = 'C:\\Users\\Employee\\Google Drive\\UP\\MyResearch\\TaskProgramming\\AB_pic\\resources\\bridge.jpg'
8.4073 	EXP 	polygon_2: opacity = 1.0
8.4073 	EXP 	polygon_2: fillColor = '[0.87539196 0.30642308 0.25882391] (rgb)'
8.4406 	EXP 	polygon: opacity = 0.0
8.4406 	EXP 	displayPicture: image = 'C:\\Users\\Employee\\Google Drive\\UP\\MyResearch\\TaskProgramming\\AB_pic\\resources\\jellyfish.jpg'
8.4406 	EXP 	polygon_2: opacity = 0.0
8.4406 	EXP 	polygon_2: fillColor = '[0.87539196 0.30642308 0.25882391] (rgb)'
8.4740 	EXP 	polygon: opacity = 0.0
8.4740 	EXP 	displayPicture: image = 'C:\\Users\\Employee\\Google Drive\\UP\\MyResearch\\TaskProgramming\\AB_pic\\resources\\jellyfish.jpg'
8.4740 	EXP 	polygon_2: opacity = 1.0
8.4740 	EXP 	polygon_2: fillColor = '[0.92050707 0.07765778 0.50478315] (rgb)'
8.5073 	EXP 	polygon: opacity = 0.0
8.5073 	EXP 	displayPicture: image = 'C:\\Users\\Employee\\Google Drive\\UP\\MyResearch\\TaskProgramming\\AB_pic\\resources\\jellyfish.jpg'
8.5073 	EXP 	polygon_2: opacity = 1.0
8.5073 	EXP 	polygon_2: fillColor = '[0.92050707 0.07765778 0.50478315] (rgb)'
8.5406 	EXP 	polygon: opacity = 0.0
8.5406 	EXP 	displayPicture: image = 'C:\\Users\\Employee\\Google Drive\\UP\\MyResearch\\TaskProgramming\\AB_pic\\resources\\jellyfish.jpg'
8.5406 	EXP 	polygon_2: opacity = 1.0
8.5406 	EXP 	polygon_2: fillColor = '[0.92050707 0.07765778 0.50478315] (rgb)'
8.5739 	EXP 	polygon: opacity = 0.0
8.5739 	EXP 	displayPicture: image = 'C:\\Users\\Employee\\Google Drive\\UP\\MyResearch\\TaskProgramming\\AB_pic\\resources\\jellyfish.jpg'
8.5739 	EXP 	polygon_2: opacity = 1.0
8.5739 	EXP 	polygon_2: fillColor = '[0.92050707 0.07765778 0.50478315] (rgb)'
8.6073 	EXP 	polygon: opacity = 0.0
8.6073 	EXP 	displayPicture: image = 'C:\\Users\\Employee\\Google Drive\\UP\\MyResearch\\TaskProgramming\\AB_pic\\resources\\jellyfish.jpg'
8.6073 	EXP 	polygon_2: opacity = 1.0
8.6073 	EXP 	polygon_2: fillColor = '[0.92050707 0.07765778 0.50478315] (rgb)'
8.6406 	EXP 	polygon: opacity = 0.0
8.6406 	EXP 	displayPicture: image = 'C:\\Users\\Employee\\Google Drive\\UP\\MyResearch\\TaskProgramming\\AB_pic\\resources\\jellyfish.jpg'
8.6406 	EXP 	polygon_2: opacity = 1.0
8.6406 	EXP 	polygon_2: fillColor = '[0.92050707 0.07765778 0.50478315] (rgb)'
8.6739 	EXP 	polygon: opacity = 0.0
8.6739 	EXP 	displayPicture: image = 'C:\\Users\\Employee\\Google Drive\\UP\\MyResearch\\TaskProgramming\\AB_pic\\resources\\exitsign.jpg'
8.6739 	EXP 	polygon_2: opacity = 0.0
8.6739 	EXP 	polygon_2: fillColor = '[0.92050707 0.07765778 0.50478315] (rgb)'
8.7073 	EXP 	polygon: opacity = 0.0
8.7073 	EXP 	displayPicture: image = 'C:\\Users\\Employee\\Google Drive\\UP\\MyResearch\\TaskProgramming\\AB_pic\\resources\\exitsign.jpg'
8.7073 	EXP 	polygon_2: opacity = 0.0
8.7073 	EXP 	polygon_2: fillColor = '[0.92050707 0.07765778 0.50478315] (rgb)'
8.7406 	EXP 	polygon: opacity = 0.0
8.7406 	EXP 	displayPicture: image = 'C:\\Users\\Employee\\Google Drive\\UP\\MyResearch\\TaskProgramming\\AB_pic\\resources\\exitsign.jpg'
8.7406 	EXP 	polygon_2: opacity = 1.0
8.7406 	EXP 	polygon_2: fillColor = '[0.97460376 0.70424162 0.92375806] (rgb)'
8.7739 	EXP 	polygon: opacity = 0.0
8.7739 	EXP 	displayPicture: image = 'C:\\Users\\Employee\\Google Drive\\UP\\MyResearch\\TaskProgramming\\AB_pic\\resources\\exitsign.jpg'
8.7739 	EXP 	polygon_2: opacity = 1.0
8.7739 	EXP 	polygon_2: fillColor = '[0.97460376 0.70424162 0.92375806] (rgb)'
8.8073 	EXP 	polygon: opacity = 0.0
8.8073 	EXP 	displayPicture: image = 'C:\\Users\\Employee\\Google Drive\\UP\\MyResearch\\TaskProgramming\\AB_pic\\resources\\exitsign.jpg'
8.8073 	EXP 	polygon_2: opacity = 1.0
8.8073 	EXP 	polygon_2: fillColor = '[0.97460376 0.70424162 0.92375806] (rgb)'
8.8406 	EXP 	polygon: opacity = 0.0
8.8406 	EXP 	displayPicture: image = 'C:\\Users\\Employee\\Google Drive\\UP\\MyResearch\\TaskProgramming\\AB_pic\\resources\\exitsign.jpg'
8.8406 	EXP 	polygon_2: opacity = 1.0
8.8406 	EXP 	polygon_2: fillColor = '[0.97460376 0.70424162 0.92375806] (rgb)'
8.8739 	EXP 	polygon: opacity = 0.0
8.8739 	EXP 	displayPicture: image = 'C:\\Users\\Employee\\Google Drive\\UP\\MyResearch\\TaskProgramming\\AB_pic\\resources\\exitsign.jpg'
8.8739 	EXP 	polygon_2: opacity = 1.0
8.8739 	EXP 	polygon_2: fillColor = '[0.97460376 0.70424162 0.92375806] (rgb)'
8.9073 	EXP 	polygon: opacity = 0.0
8.9073 	EXP 	displayPicture: image = 'C:\\Users\\Employee\\Google Drive\\UP\\MyResearch\\TaskProgramming\\AB_pic\\resources\\exitsign.jpg'
8.9073 	EXP 	polygon_2: opacity = 1.0
8.9073 	EXP 	polygon_2: fillColor = '[0.97460376 0.70424162 0.92375806] (rgb)'
8.9405 	EXP 	polygon: opacity = 0.0
8.9405 	EXP 	displayPicture: image = 'C:\\Users\\Employee\\Google Drive\\UP\\MyResearch\\TaskProgramming\\AB_pic\\resources\\exitsign.jpg'
8.9405 	EXP 	polygon_2: opacity = 0.0
8.9405 	EXP 	polygon_2: fillColor = '[0.97460376 0.70424162 0.92375806] (rgb)'
8.9405 	EXP 	polygon: autoDraw = False
8.9405 	EXP 	displayPicture: autoDraw = False
8.9405 	EXP 	polygon_2: autoDraw = False
8.9405 	EXP 	option1_t1: image = 'C:\\Users\\Employee\\Google Drive\\UP\\MyResearch\\TaskProgramming\\AB_pic\\resources\\fortunecookie.jpg'
8.9405 	EXP 	option2_t1: image = 'C:\\Users\\Employee\\Google Drive\\UP\\MyResearch\\TaskProgramming\\AB_pic\\resources\\guitarcase.jpg'
8.9405 	EXP 	option1_t1: autoDraw = True
8.9405 	EXP 	option2_t1: autoDraw = True
10.9941 	DATA 	Keypress: escape
11.1626 	EXP 	window1: mouseVisible = True
