0.8480 	WARNING 	We strongly recommend you activate the PTB sound engine in PsychoPy prefs as the preferred audio engine. Its timing is vastly superior. Your prefs are currently set to use ['sounddevice', 'PTB', 'pyo', 'pygame'] (in that order).
4.1184 	WARNING 	User requested fullscreen with size [1024  768], but screen is actually [1920, 1080]. Using actual size
4.9870 	EXP 	Created window1 = Window(allowGUI=False, allowStencil=False, args=UNKNOWN, autoLog=True, bitsMode=UNKNOWN, blendMode='avg', bpc=(8, 8, 8), color=array([0., 0., 0.]), colorSpace='rgb', depthBits=8, fullscr=<method-wrapper '__getattribute__' of attributeSetter object at 0x0000021880074F28>, gamma=None, gammaErrorPolicy='raise', kwargs=UNKNOWN, lms=UNKNOWN, monitor=<psychopy.monitors.calibTools.Monitor object at 0x0000021880083588>, multiSample=False, name='window1', numSamples=2, pos=[0.0, 0.0], screen=0, size=array([1920, 1080]), stencilBits=0, stereo=False, units='height', useFBO=True, useRetina=False, viewOri=0.0, viewPos=None, viewScale=None, waitBlanking=True, winType='pyglet')
4.9873 	EXP 	window1: mouseVisible = True
4.9873 	EXP 	window1: recordFrameIntervals = False
5.1532 	EXP 	window1: recordFrameIntervals = True
5.3368 	EXP 	window1: recordFrameIntervals = False
5.5099 	EXP 	Created text_3 = TextStim(__class__=<class 'psychopy.visual.text.TextStim'>, alignHoriz=method-wrapper(...), alignText='center', alignVert=method-wrapper(...), anchorHoriz='center', anchorVert='center', antialias=True, autoLog=True, bold=False, color='white', colorSpace='named', contrast=1.0, depth=0.0, flipHoriz=False, flipVert=False, font='Arial', fontFiles=[], height=0.05, italic=False, languageStyle='LTR', name='text_3', opacity=1.0, ori=0, pos=array([0., 0.]), rgb=array([255., 255., 255.]), text=str(...), units='height', win=Window(...), wrapWidth=1.5)
5.5143 	EXP 	Created option1 = ImageStim(__class__=<class 'psychopy.visual.image.ImageStim'>, autoLog=True, color=array([1., 1., 1.]), colorSpace='rgb', contrast=1.0, depth=-1.0, flipHoriz=False, flipVert=False, image='sin', interpolate=True, mask=None, maskParams=None, name='option1', opacity=1.0, ori=0.0, pos=array([-0.3,  0. ]), size=array([0.25, 0.25]), texRes=128, units='height', win=Window(...))
5.5167 	EXP 	Created option2 = ImageStim(__class__=<class 'psychopy.visual.image.ImageStim'>, autoLog=True, color=array([1., 1., 1.]), colorSpace='rgb', contrast=1.0, depth=-2.0, flipHoriz=False, flipVert=False, image='sin', interpolate=True, mask=None, maskParams=None, name='option2', opacity=1.0, ori=0.0, pos=array([0.3, 0. ]), size=array([0.25, 0.25]), texRes=128, units='height', win=Window(...))
5.5248 	EXP 	Created text_2 = TextStim(__class__=<class 'psychopy.visual.text.TextStim'>, alignHoriz=method-wrapper(...), alignText='center', alignVert=method-wrapper(...), anchorHoriz='center', anchorVert='center', antialias=True, autoLog=True, bold=False, color='white', colorSpace='named', contrast=1.0, depth=-3.0, flipHoriz=False, flipVert=False, font='Arial', fontFiles=[], height=0.1, italic=False, languageStyle='LTR', name='text_2', opacity=1.0, ori=0, pos=array([0., 0.]), rgb=array([255., 255., 255.]), text='+', units='height', win=Window(...), wrapWidth=1)
5.5269 	EXP 	Created displayPicture = ImageStim(__class__=<class 'psychopy.visual.image.ImageStim'>, autoLog=True, color=array([1., 1., 1.]), colorSpace='rgb', contrast=1.0, depth=-6.0, flipHoriz=False, flipVert=False, image='sin', interpolate=True, mask=None, maskParams=None, name='displayPicture', opacity=1.0, ori=0.0, pos=array([0., 0.]), size=array([0.25, 0.25]), texRes=128, units='height', win=Window(...))
5.5283 	EXP 	Created polygon_2 = Rect(__class__=<class 'psychopy.visual.rect.Rect'>, autoDraw=False, autoLog=True, closeShape=True, color=method-wrapper(...), colorSpace=None, contrast=1.0, depth=-7.0, fillColor=array([1., 1., 1.]), fillColorSpace='rgb', fillRGB=array([1., 1., 1.]), interpolate=True, lineColor=array([1., 1., 1.]), lineColorSpace='rgb', lineRGB=array([1., 1., 1.]), lineWidth=0, name='polygon_2', opacity=1.0, ori=array(0.), pos=array([0., 0.]), size=array([0.25, 0.25]), units='height', vertices=ndarray(...), win=Window(...))
5.5296 	EXP 	Created polygon_4 = ShapeStim(__class__=<class 'psychopy.visual.shape.ShapeStim'>, autoDraw=False, autoLog=True, closeShape=True, contrast=1.0, depth=0.0, fillColor=array([1., 0., 0.]), fillColorSpace='rgb', interpolate=True, lineColor=array([1., 1., 1.]), lineColorSpace='rgb', lineWidth=1, name='polygon_4', opacity=1.0, ori=array(0.), pos=array([0., 0.]), size=array([1., 1.]), units='height', vertices=ndarray(...), win=Window(...), windingRule=None)
5.5317 	EXP 	Created option1_t1 = ImageStim(__class__=<class 'psychopy.visual.image.ImageStim'>, autoLog=True, color=array([1., 1., 1.]), colorSpace='rgb', contrast=1.0, depth=-2.0, flipHoriz=False, flipVert=False, image='sin', interpolate=True, mask=None, maskParams=None, name='option1_t1', opacity=1.0, ori=0.0, pos=array([0., 0.]), size=array([0.25, 0.25]), texRes=128, units='height', win=Window(...))
5.5332 	EXP 	Created polygon_5 = ShapeStim(__class__=<class 'psychopy.visual.shape.ShapeStim'>, autoDraw=False, autoLog=True, closeShape=True, contrast=1.0, depth=0.0, fillColor=array([0., 0., 1.]), fillColorSpace='rgb', interpolate=True, lineColor=array([1., 1., 1.]), lineColorSpace='rgb', lineWidth=1, name='polygon_5', opacity=1.0, ori=array(0.), pos=array([0., 0.]), size=array([0.7, 0.7]), units='height', vertices=ndarray(...), win=Window(...), windingRule=None)
5.5355 	EXP 	Created option1_t2 = ImageStim(__class__=<class 'psychopy.visual.image.ImageStim'>, autoLog=True, color=array([1., 1., 1.]), colorSpace='rgb', contrast=1.0, depth=-2.0, flipHoriz=False, flipVert=False, image='sin', interpolate=True, mask=None, maskParams=None, name='option1_t2', opacity=1.0, ori=0.0, pos=array([0., 0.]), size=array([0.25, 0.25]), texRes=128, units='height', win=Window(...))
5.5502 	EXP 	Created feedbackText = TextStim(__class__=<class 'psychopy.visual.text.TextStim'>, alignHoriz=method-wrapper(...), alignText='center', alignVert=method-wrapper(...), anchorHoriz='center', anchorVert='center', antialias=True, autoLog=True, bold=False, color='white', colorSpace='named', contrast=1.0, depth=-1.0, flipHoriz=False, flipVert=False, font='Arial', fontFiles=[], height=0.1, italic=False, languageStyle='LTR', name='feedbackText', opacity=1.0, ori=0, pos=array([0., 0.]), rgb=array([255., 255., 255.]), text='default text', units='height', win=Window(...), wrapWidth=1)
5.5528 	EXP 	Created text = TextStim(__class__=<class 'psychopy.visual.text.TextStim'>, alignHoriz=method-wrapper(...), alignText='center', alignVert=method-wrapper(...), anchorHoriz='center', anchorVert='center', antialias=True, autoLog=True, bold=False, color='white', colorSpace='named', contrast=1.0, depth=-3.0, flipHoriz=False, flipVert=False, font='Arial', fontFiles=[], height=0.1, italic=False, languageStyle='LTR', name='text', opacity=1.0, ori=0, pos=array([0., 0.]), rgb=array([255., 255., 255.]), text='default text', units='height', win=Window(...), wrapWidth=1)
5.5773 	EXP 	Created text_4 = TextStim(__class__=<class 'psychopy.visual.text.TextStim'>, alignHoriz=method-wrapper(...), alignText='center', alignVert=method-wrapper(...), anchorHoriz='center', anchorVert='center', antialias=True, autoLog=True, bold=False, color='white', colorSpace='named', contrast=1.0, depth=0.0, flipHoriz=False, flipVert=False, font='Arial', fontFiles=[], height=0.05, italic=False, languageStyle='LTR', name='text_4', opacity=1.0, ori=0, pos=array([0., 0.]), rgb=array([255., 255., 255.]), text=str(...), units='height', win=Window(...), wrapWidth=1.5)
5.5798 	EXP 	Created option1_2 = ImageStim(__class__=<class 'psychopy.visual.image.ImageStim'>, autoLog=True, color=array([1., 1., 1.]), colorSpace='rgb', contrast=1.0, depth=-1.0, flipHoriz=False, flipVert=False, image='sin', interpolate=True, mask=None, maskParams=None, name='option1_2', opacity=1.0, ori=0.0, pos=array([-0.3,  0. ]), size=array([0.25, 0.25]), texRes=128, units='height', win=Window(...))
5.5822 	EXP 	Created option2_2 = ImageStim(__class__=<class 'psychopy.visual.image.ImageStim'>, autoLog=True, color=array([1., 1., 1.]), colorSpace='rgb', contrast=1.0, depth=-2.0, flipHoriz=False, flipVert=False, image='sin', interpolate=True, mask=None, maskParams=None, name='option2_2', opacity=1.0, ori=0.0, pos=array([0.3, 0. ]), size=array([0.25, 0.25]), texRes=128, units='height', win=Window(...))
5.5838 	EXP 	Created text_5 = TextStim(__class__=<class 'psychopy.visual.text.TextStim'>, alignHoriz=method-wrapper(...), alignText='center', alignVert=method-wrapper(...), anchorHoriz='center', anchorVert='center', antialias=True, autoLog=True, bold=False, color='white', colorSpace='named', contrast=1.0, depth=-3.0, flipHoriz=False, flipVert=False, font='Arial', fontFiles=[], height=0.1, italic=False, languageStyle='LTR', name='text_5', opacity=1.0, ori=0, pos=array([0., 0.]), rgb=array([255., 255., 255.]), text='+', units='height', win=Window(...), wrapWidth=1)
5.5863 	EXP 	Created displayPicture_2 = ImageStim(__class__=<class 'psychopy.visual.image.ImageStim'>, autoLog=True, color=array([1., 1., 1.]), colorSpace='rgb', contrast=1.0, depth=-6.0, flipHoriz=False, flipVert=False, image='sin', interpolate=True, mask=None, maskParams=None, name='displayPicture_2', opacity=1.0, ori=0.0, pos=array([0., 0.]), size=array([0.25, 0.25]), texRes=128, units='height', win=Window(...))
5.5876 	EXP 	Created polygon_10 = Rect(__class__=<class 'psychopy.visual.rect.Rect'>, autoDraw=False, autoLog=True, closeShape=True, color=method-wrapper(...), colorSpace=None, contrast=1.0, depth=-7.0, fillColor=array([1., 1., 1.]), fillColorSpace='rgb', fillRGB=array([1., 1., 1.]), interpolate=True, lineColor=array([1., 1., 1.]), lineColorSpace='rgb', lineRGB=array([1., 1., 1.]), lineWidth=0, name='polygon_10', opacity=1.0, ori=array(0.), pos=array([0., 0.]), size=array([0.25, 0.25]), units='height', vertices=ndarray(...), win=Window(...))
5.5890 	EXP 	Created polygon_7 = ShapeStim(__class__=<class 'psychopy.visual.shape.ShapeStim'>, autoDraw=False, autoLog=True, closeShape=True, contrast=1.0, depth=0.0, fillColor=array([1., 0., 0.]), fillColorSpace='rgb', interpolate=True, lineColor=array([1., 1., 1.]), lineColorSpace='rgb', lineWidth=1, name='polygon_7', opacity=1.0, ori=array(0.), pos=array([0., 0.]), size=array([1., 1.]), units='height', vertices=ndarray(...), win=Window(...), windingRule=None)
5.5914 	EXP 	Created option1_t1_2 = ImageStim(__class__=<class 'psychopy.visual.image.ImageStim'>, autoLog=True, color=array([1., 1., 1.]), colorSpace='rgb', contrast=1.0, depth=-2.0, flipHoriz=False, flipVert=False, image='sin', interpolate=True, mask=None, maskParams=None, name='option1_t1_2', opacity=1.0, ori=0.0, pos=array([0., 0.]), size=array([0.25, 0.25]), texRes=128, units='height', win=Window(...))
5.5931 	EXP 	Created polygon_6 = ShapeStim(__class__=<class 'psychopy.visual.shape.ShapeStim'>, autoDraw=False, autoLog=True, closeShape=True, contrast=1.0, depth=0.0, fillColor=array([0., 0., 1.]), fillColorSpace='rgb', interpolate=True, lineColor=array([1., 1., 1.]), lineColorSpace='rgb', lineWidth=1, name='polygon_6', opacity=1.0, ori=array(0.), pos=array([0., 0.]), size=array([0.7, 0.7]), units='height', vertices=ndarray(...), win=Window(...), windingRule=None)
5.5954 	EXP 	Created option1_t2_2 = ImageStim(__class__=<class 'psychopy.visual.image.ImageStim'>, autoLog=True, color=array([1., 1., 1.]), colorSpace='rgb', contrast=1.0, depth=-2.0, flipHoriz=False, flipVert=False, image='sin', interpolate=True, mask=None, maskParams=None, name='option1_t2_2', opacity=1.0, ori=0.0, pos=array([0., 0.]), size=array([0.25, 0.25]), texRes=128, units='height', win=Window(...))
5.5984 	EXP 	Created text = TextStim(__class__=<class 'psychopy.visual.text.TextStim'>, alignHoriz=method-wrapper(...), alignText='center', alignVert=method-wrapper(...), anchorHoriz='center', anchorVert='center', antialias=True, autoLog=True, bold=False, color='white', colorSpace='named', contrast=1.0, depth=-3.0, flipHoriz=False, flipVert=False, font='Arial', fontFiles=[], height=0.1, italic=False, languageStyle='LTR', name='text', opacity=1.0, ori=0, pos=array([0., 0.]), rgb=array([255., 255., 255.]), text='default text', units='height', win=Window(...), wrapWidth=1)
5.6928 	EXP 	text_3: autoDraw = True
6.7236 	EXP 	Imported conditionAB.xlsx as conditions, 1 conditions, 8 params
6.7238 	EXP 	Created sequence: random, trialTypes=1, nReps=1, seed=None
6.7241 	EXP 	New trial (rep=0, index=0): OrderedDict([('trialType', 'AB'), ('cndTyp', 'lag6'), ('lag', 6), ('T1_loc', 5), ('T2_loc', 11), ('stimLen', 0.2), ('isi', 0.05), ('skipProb', 0.5)])
6.7486 	DATA 	Keypress: space
6.7530 	EXP 	text_3: autoDraw = False
6.7530 	EXP 	option1: image = '.\\resources\\kangaroo.jpg'
6.7530 	EXP 	option2: image = '.\\resources\\soccerball.jpg'
6.7530 	EXP 	option1: autoDraw = True
6.7530 	EXP 	option2: autoDraw = True
9.2363 	EXP 	text_2: autoDraw = True
9.5029 	EXP 	option1: autoDraw = False
9.5029 	EXP 	option2: autoDraw = False
9.7362 	EXP 	option1: autoDraw = False
9.7362 	EXP 	option2: autoDraw = False
9.7362 	EXP 	text_2: autoDraw = False
9.7362 	EXP 	displayPicture: autoDraw = True
9.7362 	EXP 	displayPicture: image = '.\\resources\\mailbox02.jpg'
9.7362 	EXP 	polygon_2: autoDraw = True
9.7362 	EXP 	polygon_2: opacity = 0.0
9.7362 	EXP 	polygon_2: fillColor = '[1. 1. 1.] (rgb)'
9.7529 	EXP 	displayPicture: image = '.\\resources\\mailbox02.jpg'
9.7529 	EXP 	polygon_2: opacity = 0.0
9.7529 	EXP 	polygon_2: fillColor = '[1. 1. 1.] (rgb)'
9.7695 	EXP 	displayPicture: image = '.\\resources\\mailbox02.jpg'
9.7695 	EXP 	polygon_2: opacity = 0.0
9.7695 	EXP 	polygon_2: fillColor = '[1. 1. 1.] (rgb)'
9.7862 	EXP 	displayPicture: image = '.\\resources\\mailbox02.jpg'
9.7862 	EXP 	polygon_2: opacity = 0.0
9.7862 	EXP 	polygon_2: fillColor = '[1. 1. 1.] (rgb)'
9.8029 	EXP 	displayPicture: image = '.\\resources\\mailbox02.jpg'
9.8029 	EXP 	polygon_2: opacity = 0.0
9.8029 	EXP 	polygon_2: fillColor = '[1. 1. 1.] (rgb)'
9.8195 	EXP 	displayPicture: image = '.\\resources\\mailbox02.jpg'
9.8195 	EXP 	polygon_2: opacity = 0.0
9.8195 	EXP 	polygon_2: fillColor = '[1. 1. 1.] (rgb)'
9.8362 	EXP 	displayPicture: image = '.\\resources\\mailbox02.jpg'
9.8362 	EXP 	polygon_2: opacity = 0.0
9.8362 	EXP 	polygon_2: fillColor = '[1. 1. 1.] (rgb)'
9.8529 	EXP 	displayPicture: image = '.\\resources\\mailbox02.jpg'
9.8529 	EXP 	polygon_2: opacity = 0.0
9.8529 	EXP 	polygon_2: fillColor = '[1. 1. 1.] (rgb)'
9.8695 	EXP 	displayPicture: image = '.\\resources\\mailbox02.jpg'
9.8695 	EXP 	polygon_2: opacity = 0.0
9.8695 	EXP 	polygon_2: fillColor = '[1. 1. 1.] (rgb)'
9.8862 	EXP 	displayPicture: image = '.\\resources\\mailbox02.jpg'
9.8862 	EXP 	polygon_2: opacity = 0.0
9.8862 	EXP 	polygon_2: fillColor = '[1. 1. 1.] (rgb)'
9.9029 	EXP 	displayPicture: image = '.\\resources\\mailbox02.jpg'
9.9029 	EXP 	polygon_2: opacity = 0.0
9.9029 	EXP 	polygon_2: fillColor = '[1. 1. 1.] (rgb)'
9.9195 	EXP 	displayPicture: image = '.\\resources\\mailbox02.jpg'
9.9195 	EXP 	polygon_2: opacity = 1.0
9.9195 	EXP 	polygon_2: fillColor = '[1. 1. 1.] (rgb)'
9.9364 	EXP 	displayPicture: image = '.\\resources\\mailbox02.jpg'
9.9364 	EXP 	polygon_2: opacity = 1.0
9.9364 	EXP 	polygon_2: fillColor = '[1. 1. 1.] (rgb)'
9.9529 	EXP 	displayPicture: image = '.\\resources\\mailbox02.jpg'
9.9529 	EXP 	polygon_2: opacity = 1.0
9.9529 	EXP 	polygon_2: fillColor = '[1. 1. 1.] (rgb)'
9.9693 	EXP 	displayPicture: image = '.\\resources\\mattress.jpg'
9.9693 	EXP 	polygon_2: opacity = 0.0
9.9693 	EXP 	polygon_2: fillColor = '[1. 1. 1.] (rgb)'
9.9862 	EXP 	displayPicture: image = '.\\resources\\mattress.jpg'
9.9862 	EXP 	polygon_2: opacity = 0.0
9.9862 	EXP 	polygon_2: fillColor = '[1. 1. 1.] (rgb)'
10.0028 	EXP 	displayPicture: image = '.\\resources\\mattress.jpg'
10.0028 	EXP 	polygon_2: opacity = 0.0
10.0028 	EXP 	polygon_2: fillColor = '[1. 1. 1.] (rgb)'
10.0195 	EXP 	displayPicture: image = '.\\resources\\mattress.jpg'
10.0195 	EXP 	polygon_2: opacity = 0.0
10.0195 	EXP 	polygon_2: fillColor = '[1. 1. 1.] (rgb)'
10.0362 	EXP 	displayPicture: image = '.\\resources\\mattress.jpg'
10.0362 	EXP 	polygon_2: opacity = 0.0
10.0362 	EXP 	polygon_2: fillColor = '[1. 1. 1.] (rgb)'
10.0528 	EXP 	displayPicture: image = '.\\resources\\mattress.jpg'
10.0528 	EXP 	polygon_2: opacity = 0.0
10.0528 	EXP 	polygon_2: fillColor = '[1. 1. 1.] (rgb)'
10.0695 	EXP 	displayPicture: image = '.\\resources\\mattress.jpg'
10.0695 	EXP 	polygon_2: opacity = 0.0
10.0695 	EXP 	polygon_2: fillColor = '[1. 1. 1.] (rgb)'
10.0862 	EXP 	displayPicture: image = '.\\resources\\mattress.jpg'
10.0862 	EXP 	polygon_2: opacity = 0.0
10.0862 	EXP 	polygon_2: fillColor = '[1. 1. 1.] (rgb)'
10.1028 	EXP 	displayPicture: image = '.\\resources\\mattress.jpg'
10.1028 	EXP 	polygon_2: opacity = 0.0
10.1028 	EXP 	polygon_2: fillColor = '[1. 1. 1.] (rgb)'
10.1195 	EXP 	displayPicture: image = '.\\resources\\mattress.jpg'
10.1195 	EXP 	polygon_2: opacity = 0.0
10.1195 	EXP 	polygon_2: fillColor = '[1. 1. 1.] (rgb)'
10.1362 	EXP 	displayPicture: image = '.\\resources\\mattress.jpg'
10.1362 	EXP 	polygon_2: opacity = 0.0
10.1362 	EXP 	polygon_2: fillColor = '[1. 1. 1.] (rgb)'
10.1528 	EXP 	displayPicture: image = '.\\resources\\mattress.jpg'
10.1528 	EXP 	polygon_2: opacity = 0.0
10.1528 	EXP 	polygon_2: fillColor = '[1. 1. 1.] (rgb)'
10.1695 	EXP 	displayPicture: image = '.\\resources\\mattress.jpg'
10.1695 	EXP 	polygon_2: opacity = 1.0
10.1695 	EXP 	polygon_2: fillColor = '[1. 1. 1.] (rgb)'
10.1862 	EXP 	displayPicture: image = '.\\resources\\mattress.jpg'
10.1862 	EXP 	polygon_2: opacity = 1.0
10.1862 	EXP 	polygon_2: fillColor = '[1. 1. 1.] (rgb)'
10.2029 	EXP 	displayPicture: image = '.\\resources\\mattress.jpg'
10.2029 	EXP 	polygon_2: opacity = 1.0
10.2029 	EXP 	polygon_2: fillColor = '[1. 1. 1.] (rgb)'
10.2195 	EXP 	displayPicture: image = '.\\resources\\zebra.jpg'
10.2195 	EXP 	polygon_2: opacity = 0.0
10.2195 	EXP 	polygon_2: fillColor = '[1. 1. 1.] (rgb)'
10.2362 	EXP 	displayPicture: image = '.\\resources\\zebra.jpg'
10.2362 	EXP 	polygon_2: opacity = 0.0
10.2362 	EXP 	polygon_2: fillColor = '[1. 1. 1.] (rgb)'
10.2528 	EXP 	displayPicture: image = '.\\resources\\zebra.jpg'
10.2528 	EXP 	polygon_2: opacity = 0.0
10.2528 	EXP 	polygon_2: fillColor = '[1. 1. 1.] (rgb)'
10.2695 	EXP 	displayPicture: image = '.\\resources\\zebra.jpg'
10.2695 	EXP 	polygon_2: opacity = 0.0
10.2695 	EXP 	polygon_2: fillColor = '[1. 1. 1.] (rgb)'
10.2862 	EXP 	displayPicture: image = '.\\resources\\zebra.jpg'
10.2862 	EXP 	polygon_2: opacity = 0.0
10.2862 	EXP 	polygon_2: fillColor = '[1. 1. 1.] (rgb)'
10.3028 	EXP 	displayPicture: image = '.\\resources\\zebra.jpg'
10.3028 	EXP 	polygon_2: opacity = 0.0
10.3028 	EXP 	polygon_2: fillColor = '[1. 1. 1.] (rgb)'
10.3195 	EXP 	displayPicture: image = '.\\resources\\zebra.jpg'
10.3195 	EXP 	polygon_2: opacity = 0.0
10.3195 	EXP 	polygon_2: fillColor = '[1. 1. 1.] (rgb)'
10.3362 	EXP 	displayPicture: image = '.\\resources\\zebra.jpg'
10.3362 	EXP 	polygon_2: opacity = 0.0
10.3362 	EXP 	polygon_2: fillColor = '[1. 1. 1.] (rgb)'
10.3528 	EXP 	displayPicture: image = '.\\resources\\zebra.jpg'
10.3528 	EXP 	polygon_2: opacity = 0.0
10.3528 	EXP 	polygon_2: fillColor = '[1. 1. 1.] (rgb)'
10.3695 	EXP 	displayPicture: image = '.\\resources\\zebra.jpg'
10.3695 	EXP 	polygon_2: opacity = 0.0
10.3695 	EXP 	polygon_2: fillColor = '[1. 1. 1.] (rgb)'
10.3862 	EXP 	displayPicture: image = '.\\resources\\zebra.jpg'
10.3862 	EXP 	polygon_2: opacity = 0.0
10.3862 	EXP 	polygon_2: fillColor = '[1. 1. 1.] (rgb)'
10.4028 	EXP 	displayPicture: image = '.\\resources\\zebra.jpg'
10.4028 	EXP 	polygon_2: opacity = 0.0
10.4028 	EXP 	polygon_2: fillColor = '[1. 1. 1.] (rgb)'
10.4195 	EXP 	displayPicture: image = '.\\resources\\zebra.jpg'
10.4195 	EXP 	polygon_2: opacity = 1.0
10.4195 	EXP 	polygon_2: fillColor = '[1. 1. 1.] (rgb)'
10.4362 	EXP 	displayPicture: image = '.\\resources\\zebra.jpg'
10.4362 	EXP 	polygon_2: opacity = 1.0
10.4362 	EXP 	polygon_2: fillColor = '[1. 1. 1.] (rgb)'
10.4528 	EXP 	displayPicture: image = '.\\resources\\zebra.jpg'
10.4528 	EXP 	polygon_2: opacity = 1.0
10.4528 	EXP 	polygon_2: fillColor = '[1. 1. 1.] (rgb)'
10.4695 	EXP 	displayPicture: image = '.\\resources\\chair.jpg'
10.4695 	EXP 	polygon_2: opacity = 0.0
10.4695 	EXP 	polygon_2: fillColor = '[1. 1. 1.] (rgb)'
10.4862 	EXP 	displayPicture: image = '.\\resources\\chair.jpg'
10.4862 	EXP 	polygon_2: opacity = 0.0
10.4862 	EXP 	polygon_2: fillColor = '[1. 1. 1.] (rgb)'
10.5028 	EXP 	displayPicture: image = '.\\resources\\chair.jpg'
10.5028 	EXP 	polygon_2: opacity = 0.0
10.5028 	EXP 	polygon_2: fillColor = '[1. 1. 1.] (rgb)'
10.5195 	EXP 	displayPicture: image = '.\\resources\\chair.jpg'
10.5195 	EXP 	polygon_2: opacity = 0.0
10.5195 	EXP 	polygon_2: fillColor = '[1. 1. 1.] (rgb)'
10.5362 	EXP 	displayPicture: image = '.\\resources\\chair.jpg'
10.5362 	EXP 	polygon_2: opacity = 0.0
10.5362 	EXP 	polygon_2: fillColor = '[1. 1. 1.] (rgb)'
10.5528 	EXP 	displayPicture: image = '.\\resources\\chair.jpg'
10.5528 	EXP 	polygon_2: opacity = 0.0
10.5528 	EXP 	polygon_2: fillColor = '[1. 1. 1.] (rgb)'
10.5695 	EXP 	displayPicture: image = '.\\resources\\chair.jpg'
10.5695 	EXP 	polygon_2: opacity = 0.0
10.5695 	EXP 	polygon_2: fillColor = '[1. 1. 1.] (rgb)'
10.5862 	EXP 	displayPicture: image = '.\\resources\\chair.jpg'
10.5862 	EXP 	polygon_2: opacity = 0.0
10.5862 	EXP 	polygon_2: fillColor = '[1. 1. 1.] (rgb)'
10.6028 	EXP 	displayPicture: image = '.\\resources\\chair.jpg'
10.6028 	EXP 	polygon_2: opacity = 0.0
10.6028 	EXP 	polygon_2: fillColor = '[1. 1. 1.] (rgb)'
10.6195 	EXP 	displayPicture: image = '.\\resources\\chair.jpg'
10.6195 	EXP 	polygon_2: opacity = 0.0
10.6195 	EXP 	polygon_2: fillColor = '[1. 1. 1.] (rgb)'
10.6362 	EXP 	displayPicture: image = '.\\resources\\chair.jpg'
10.6362 	EXP 	polygon_2: opacity = 0.0
10.6362 	EXP 	polygon_2: fillColor = '[1. 1. 1.] (rgb)'
10.6528 	EXP 	displayPicture: image = '.\\resources\\chair.jpg'
10.6528 	EXP 	polygon_2: opacity = 0.0
10.6528 	EXP 	polygon_2: fillColor = '[1. 1. 1.] (rgb)'
10.6695 	EXP 	displayPicture: image = '.\\resources\\chair.jpg'
10.6695 	EXP 	polygon_2: opacity = 1.0
10.6695 	EXP 	polygon_2: fillColor = '[1. 1. 1.] (rgb)'
10.6862 	EXP 	displayPicture: image = '.\\resources\\chair.jpg'
10.6862 	EXP 	polygon_2: opacity = 1.0
10.6862 	EXP 	polygon_2: fillColor = '[1. 1. 1.] (rgb)'
10.7028 	EXP 	displayPicture: image = '.\\resources\\chair.jpg'
10.7028 	EXP 	polygon_2: opacity = 1.0
10.7028 	EXP 	polygon_2: fillColor = '[1. 1. 1.] (rgb)'
10.7195 	EXP 	displayPicture: image = '.\\resources\\daddylonglegs.jpg'
10.7195 	EXP 	polygon_2: opacity = 0.0
10.7195 	EXP 	polygon_2: fillColor = '[1. 1. 1.] (rgb)'
10.7361 	EXP 	displayPicture: image = '.\\resources\\daddylonglegs.jpg'
10.7361 	EXP 	polygon_2: opacity = 0.0
10.7361 	EXP 	polygon_2: fillColor = '[1. 1. 1.] (rgb)'
10.7528 	EXP 	displayPicture: image = '.\\resources\\daddylonglegs.jpg'
10.7528 	EXP 	polygon_2: opacity = 0.0
10.7528 	EXP 	polygon_2: fillColor = '[1. 1. 1.] (rgb)'
10.7694 	EXP 	displayPicture: image = '.\\resources\\daddylonglegs.jpg'
10.7694 	EXP 	polygon_2: opacity = 0.0
10.7694 	EXP 	polygon_2: fillColor = '[1. 1. 1.] (rgb)'
10.7862 	EXP 	displayPicture: image = '.\\resources\\daddylonglegs.jpg'
10.7862 	EXP 	polygon_2: opacity = 0.0
10.7862 	EXP 	polygon_2: fillColor = '[1. 1. 1.] (rgb)'
10.8028 	EXP 	displayPicture: image = '.\\resources\\daddylonglegs.jpg'
10.8028 	EXP 	polygon_2: opacity = 0.0
10.8028 	EXP 	polygon_2: fillColor = '[1. 1. 1.] (rgb)'
10.8195 	EXP 	displayPicture: image = '.\\resources\\daddylonglegs.jpg'
10.8195 	EXP 	polygon_2: opacity = 0.0
10.8195 	EXP 	polygon_2: fillColor = '[1. 1. 1.] (rgb)'
10.8362 	EXP 	displayPicture: image = '.\\resources\\daddylonglegs.jpg'
10.8362 	EXP 	polygon_2: opacity = 0.0
10.8362 	EXP 	polygon_2: fillColor = '[1. 1. 1.] (rgb)'
10.8528 	EXP 	displayPicture: image = '.\\resources\\daddylonglegs.jpg'
10.8528 	EXP 	polygon_2: opacity = 0.0
10.8528 	EXP 	polygon_2: fillColor = '[1. 1. 1.] (rgb)'
10.8695 	EXP 	displayPicture: image = '.\\resources\\daddylonglegs.jpg'
10.8695 	EXP 	polygon_2: opacity = 0.0
10.8695 	EXP 	polygon_2: fillColor = '[1. 1. 1.] (rgb)'
10.8861 	EXP 	displayPicture: image = '.\\resources\\daddylonglegs.jpg'
10.8861 	EXP 	polygon_2: opacity = 0.0
10.8861 	EXP 	polygon_2: fillColor = '[1. 1. 1.] (rgb)'
10.9028 	EXP 	displayPicture: image = '.\\resources\\daddylonglegs.jpg'
10.9028 	EXP 	polygon_2: opacity = 0.0
10.9028 	EXP 	polygon_2: fillColor = '[1. 1. 1.] (rgb)'
10.9195 	EXP 	displayPicture: image = '.\\resources\\daddylonglegs.jpg'
10.9195 	EXP 	polygon_2: opacity = 1.0
10.9195 	EXP 	polygon_2: fillColor = '[1. 1. 1.] (rgb)'
10.9361 	EXP 	displayPicture: image = '.\\resources\\daddylonglegs.jpg'
10.9361 	EXP 	polygon_2: opacity = 1.0
10.9361 	EXP 	polygon_2: fillColor = '[1. 1. 1.] (rgb)'
10.9528 	EXP 	displayPicture: image = '.\\resources\\daddylonglegs.jpg'
10.9528 	EXP 	polygon_2: opacity = 1.0
10.9528 	EXP 	polygon_2: fillColor = '[1. 1. 1.] (rgb)'
10.9695 	EXP 	displayPicture: image = '.\\resources\\football.jpg'
10.9695 	EXP 	polygon_2: opacity = 0.0
10.9695 	EXP 	polygon_2: fillColor = '[1. 1. 1.] (rgb)'
10.9859 	EXP 	displayPicture: image = '.\\resources\\football.jpg'
10.9859 	EXP 	polygon_2: opacity = 0.0
10.9859 	EXP 	polygon_2: fillColor = '[1. 1. 1.] (rgb)'
11.0025 	EXP 	displayPicture: image = '.\\resources\\football.jpg'
11.0025 	EXP 	polygon_2: opacity = 0.0
11.0025 	EXP 	polygon_2: fillColor = '[1. 1. 1.] (rgb)'
11.0192 	EXP 	displayPicture: image = '.\\resources\\football.jpg'
11.0192 	EXP 	polygon_2: opacity = 0.0
11.0192 	EXP 	polygon_2: fillColor = '[1. 1. 1.] (rgb)'
11.0359 	EXP 	displayPicture: image = '.\\resources\\football.jpg'
11.0359 	EXP 	polygon_2: opacity = 0.0
11.0359 	EXP 	polygon_2: fillColor = '[1. 1. 1.] (rgb)'
11.0525 	EXP 	displayPicture: image = '.\\resources\\football.jpg'
11.0525 	EXP 	polygon_2: opacity = 0.0
11.0525 	EXP 	polygon_2: fillColor = '[1. 1. 1.] (rgb)'
11.0692 	EXP 	displayPicture: image = '.\\resources\\football.jpg'
11.0692 	EXP 	polygon_2: opacity = 0.0
11.0692 	EXP 	polygon_2: fillColor = '[1. 1. 1.] (rgb)'
11.0859 	EXP 	displayPicture: image = '.\\resources\\football.jpg'
11.0859 	EXP 	polygon_2: opacity = 0.0
11.0859 	EXP 	polygon_2: fillColor = '[1. 1. 1.] (rgb)'
11.1025 	EXP 	displayPicture: image = '.\\resources\\football.jpg'
11.1025 	EXP 	polygon_2: opacity = 0.0
11.1025 	EXP 	polygon_2: fillColor = '[1. 1. 1.] (rgb)'
11.1192 	EXP 	displayPicture: image = '.\\resources\\football.jpg'
11.1192 	EXP 	polygon_2: opacity = 0.0
11.1192 	EXP 	polygon_2: fillColor = '[1. 1. 1.] (rgb)'
11.1359 	EXP 	displayPicture: image = '.\\resources\\football.jpg'
11.1359 	EXP 	polygon_2: opacity = 0.0
11.1359 	EXP 	polygon_2: fillColor = '[1. 1. 1.] (rgb)'
11.1525 	EXP 	displayPicture: image = '.\\resources\\football.jpg'
11.1525 	EXP 	polygon_2: opacity = 0.0
11.1525 	EXP 	polygon_2: fillColor = '[1. 1. 1.] (rgb)'
11.1692 	EXP 	displayPicture: image = '.\\resources\\football.jpg'
11.1692 	EXP 	polygon_2: opacity = 1.0
11.1692 	EXP 	polygon_2: fillColor = '[1. 1. 1.] (rgb)'
11.1859 	EXP 	displayPicture: image = '.\\resources\\football.jpg'
11.1859 	EXP 	polygon_2: opacity = 1.0
11.1859 	EXP 	polygon_2: fillColor = '[1. 1. 1.] (rgb)'
11.2025 	EXP 	displayPicture: image = '.\\resources\\football.jpg'
11.2025 	EXP 	polygon_2: opacity = 1.0
11.2025 	EXP 	polygon_2: fillColor = '[1. 1. 1.] (rgb)'
11.2192 	EXP 	displayPicture: image = '.\\resources\\fishingrod.jpg'
11.2192 	EXP 	polygon_2: opacity = 0.0
11.2192 	EXP 	polygon_2: fillColor = '[1. 1. 1.] (rgb)'
11.2359 	EXP 	displayPicture: image = '.\\resources\\fishingrod.jpg'
11.2359 	EXP 	polygon_2: opacity = 0.0
11.2359 	EXP 	polygon_2: fillColor = '[1. 1. 1.] (rgb)'
11.2525 	EXP 	displayPicture: image = '.\\resources\\fishingrod.jpg'
11.2525 	EXP 	polygon_2: opacity = 0.0
11.2525 	EXP 	polygon_2: fillColor = '[1. 1. 1.] (rgb)'
11.2692 	EXP 	displayPicture: image = '.\\resources\\fishingrod.jpg'
11.2692 	EXP 	polygon_2: opacity = 0.0
11.2692 	EXP 	polygon_2: fillColor = '[1. 1. 1.] (rgb)'
11.2859 	EXP 	displayPicture: image = '.\\resources\\fishingrod.jpg'
11.2859 	EXP 	polygon_2: opacity = 0.0
11.2859 	EXP 	polygon_2: fillColor = '[1. 1. 1.] (rgb)'
11.3025 	EXP 	displayPicture: image = '.\\resources\\fishingrod.jpg'
11.3025 	EXP 	polygon_2: opacity = 0.0
11.3025 	EXP 	polygon_2: fillColor = '[1. 1. 1.] (rgb)'
11.3192 	EXP 	displayPicture: image = '.\\resources\\fishingrod.jpg'
11.3192 	EXP 	polygon_2: opacity = 0.0
11.3192 	EXP 	polygon_2: fillColor = '[1. 1. 1.] (rgb)'
11.3358 	EXP 	displayPicture: image = '.\\resources\\fishingrod.jpg'
11.3358 	EXP 	polygon_2: opacity = 0.0
11.3358 	EXP 	polygon_2: fillColor = '[1. 1. 1.] (rgb)'
11.3525 	EXP 	displayPicture: image = '.\\resources\\fishingrod.jpg'
11.3525 	EXP 	polygon_2: opacity = 0.0
11.3525 	EXP 	polygon_2: fillColor = '[1. 1. 1.] (rgb)'
11.3692 	EXP 	displayPicture: image = '.\\resources\\fishingrod.jpg'
11.3692 	EXP 	polygon_2: opacity = 0.0
11.3692 	EXP 	polygon_2: fillColor = '[1. 1. 1.] (rgb)'
11.3859 	EXP 	displayPicture: image = '.\\resources\\fishingrod.jpg'
11.3859 	EXP 	polygon_2: opacity = 0.0
11.3859 	EXP 	polygon_2: fillColor = '[1. 1. 1.] (rgb)'
11.4025 	EXP 	displayPicture: image = '.\\resources\\fishingrod.jpg'
11.4025 	EXP 	polygon_2: opacity = 0.0
11.4025 	EXP 	polygon_2: fillColor = '[1. 1. 1.] (rgb)'
11.4192 	EXP 	displayPicture: image = '.\\resources\\fishingrod.jpg'
11.4192 	EXP 	polygon_2: opacity = 1.0
11.4192 	EXP 	polygon_2: fillColor = '[1. 1. 1.] (rgb)'
11.4359 	EXP 	displayPicture: image = '.\\resources\\fishingrod.jpg'
11.4359 	EXP 	polygon_2: opacity = 1.0
11.4359 	EXP 	polygon_2: fillColor = '[1. 1. 1.] (rgb)'
11.4525 	EXP 	displayPicture: image = '.\\resources\\fishingrod.jpg'
11.4525 	EXP 	polygon_2: opacity = 1.0
11.4525 	EXP 	polygon_2: fillColor = '[1. 1. 1.] (rgb)'
11.4692 	EXP 	displayPicture: image = '.\\resources\\shower.jpg'
11.4692 	EXP 	polygon_2: opacity = 0.0
11.4692 	EXP 	polygon_2: fillColor = '[1. 1. 1.] (rgb)'
11.4859 	EXP 	displayPicture: image = '.\\resources\\shower.jpg'
11.4859 	EXP 	polygon_2: opacity = 0.0
11.4859 	EXP 	polygon_2: fillColor = '[1. 1. 1.] (rgb)'
11.5025 	EXP 	displayPicture: image = '.\\resources\\shower.jpg'
11.5025 	EXP 	polygon_2: opacity = 0.0
11.5025 	EXP 	polygon_2: fillColor = '[1. 1. 1.] (rgb)'
11.5192 	EXP 	displayPicture: image = '.\\resources\\shower.jpg'
11.5192 	EXP 	polygon_2: opacity = 0.0
11.5192 	EXP 	polygon_2: fillColor = '[1. 1. 1.] (rgb)'
11.5359 	EXP 	displayPicture: image = '.\\resources\\shower.jpg'
11.5359 	EXP 	polygon_2: opacity = 0.0
11.5359 	EXP 	polygon_2: fillColor = '[1. 1. 1.] (rgb)'
11.5525 	EXP 	displayPicture: image = '.\\resources\\shower.jpg'
11.5525 	EXP 	polygon_2: opacity = 0.0
11.5525 	EXP 	polygon_2: fillColor = '[1. 1. 1.] (rgb)'
11.5692 	EXP 	displayPicture: image = '.\\resources\\shower.jpg'
11.5692 	EXP 	polygon_2: opacity = 0.0
11.5692 	EXP 	polygon_2: fillColor = '[1. 1. 1.] (rgb)'
11.5859 	EXP 	displayPicture: image = '.\\resources\\shower.jpg'
11.5859 	EXP 	polygon_2: opacity = 0.0
11.5859 	EXP 	polygon_2: fillColor = '[1. 1. 1.] (rgb)'
11.6025 	EXP 	displayPicture: image = '.\\resources\\shower.jpg'
11.6025 	EXP 	polygon_2: opacity = 0.0
11.6025 	EXP 	polygon_2: fillColor = '[1. 1. 1.] (rgb)'
11.6192 	EXP 	displayPicture: image = '.\\resources\\shower.jpg'
11.6192 	EXP 	polygon_2: opacity = 0.0
11.6192 	EXP 	polygon_2: fillColor = '[1. 1. 1.] (rgb)'
11.6358 	EXP 	displayPicture: image = '.\\resources\\shower.jpg'
11.6358 	EXP 	polygon_2: opacity = 0.0
11.6358 	EXP 	polygon_2: fillColor = '[1. 1. 1.] (rgb)'
11.6525 	EXP 	displayPicture: image = '.\\resources\\shower.jpg'
11.6525 	EXP 	polygon_2: opacity = 0.0
11.6525 	EXP 	polygon_2: fillColor = '[1. 1. 1.] (rgb)'
11.6692 	EXP 	displayPicture: image = '.\\resources\\shower.jpg'
11.6692 	EXP 	polygon_2: opacity = 1.0
11.6692 	EXP 	polygon_2: fillColor = '[1. 1. 1.] (rgb)'
11.6858 	EXP 	displayPicture: image = '.\\resources\\shower.jpg'
11.6858 	EXP 	polygon_2: opacity = 1.0
11.6858 	EXP 	polygon_2: fillColor = '[1. 1. 1.] (rgb)'
11.7025 	EXP 	displayPicture: image = '.\\resources\\shower.jpg'
11.7025 	EXP 	polygon_2: opacity = 1.0
11.7025 	EXP 	polygon_2: fillColor = '[1. 1. 1.] (rgb)'
11.7191 	EXP 	displayPicture: image = '.\\resources\\masquerademask01.jpg'
11.7191 	EXP 	polygon_2: opacity = 0.0
11.7191 	EXP 	polygon_2: fillColor = '[1. 1. 1.] (rgb)'
11.7358 	EXP 	displayPicture: image = '.\\resources\\masquerademask01.jpg'
11.7358 	EXP 	polygon_2: opacity = 0.0
11.7358 	EXP 	polygon_2: fillColor = '[1. 1. 1.] (rgb)'
11.7525 	EXP 	displayPicture: image = '.\\resources\\masquerademask01.jpg'
11.7525 	EXP 	polygon_2: opacity = 0.0
11.7525 	EXP 	polygon_2: fillColor = '[1. 1. 1.] (rgb)'
11.7692 	EXP 	displayPicture: image = '.\\resources\\masquerademask01.jpg'
11.7692 	EXP 	polygon_2: opacity = 0.0
11.7692 	EXP 	polygon_2: fillColor = '[1. 1. 1.] (rgb)'
11.7859 	EXP 	displayPicture: image = '.\\resources\\masquerademask01.jpg'
11.7859 	EXP 	polygon_2: opacity = 0.0
11.7859 	EXP 	polygon_2: fillColor = '[1. 1. 1.] (rgb)'
11.8025 	EXP 	displayPicture: image = '.\\resources\\masquerademask01.jpg'
11.8025 	EXP 	polygon_2: opacity = 0.0
11.8025 	EXP 	polygon_2: fillColor = '[1. 1. 1.] (rgb)'
11.8191 	EXP 	displayPicture: image = '.\\resources\\masquerademask01.jpg'
11.8191 	EXP 	polygon_2: opacity = 0.0
11.8191 	EXP 	polygon_2: fillColor = '[1. 1. 1.] (rgb)'
11.8359 	EXP 	displayPicture: image = '.\\resources\\masquerademask01.jpg'
11.8359 	EXP 	polygon_2: opacity = 0.0
11.8359 	EXP 	polygon_2: fillColor = '[1. 1. 1.] (rgb)'
11.8525 	EXP 	displayPicture: image = '.\\resources\\masquerademask01.jpg'
11.8525 	EXP 	polygon_2: opacity = 0.0
11.8525 	EXP 	polygon_2: fillColor = '[1. 1. 1.] (rgb)'
11.8692 	EXP 	displayPicture: image = '.\\resources\\masquerademask01.jpg'
11.8692 	EXP 	polygon_2: opacity = 0.0
11.8692 	EXP 	polygon_2: fillColor = '[1. 1. 1.] (rgb)'
11.8859 	EXP 	displayPicture: image = '.\\resources\\masquerademask01.jpg'
11.8859 	EXP 	polygon_2: opacity = 0.0
11.8859 	EXP 	polygon_2: fillColor = '[1. 1. 1.] (rgb)'
11.9025 	EXP 	displayPicture: image = '.\\resources\\masquerademask01.jpg'
11.9025 	EXP 	polygon_2: opacity = 0.0
11.9025 	EXP 	polygon_2: fillColor = '[1. 1. 1.] (rgb)'
11.9192 	EXP 	displayPicture: image = '.\\resources\\masquerademask01.jpg'
11.9192 	EXP 	polygon_2: opacity = 1.0
11.9192 	EXP 	polygon_2: fillColor = '[1. 1. 1.] (rgb)'
11.9359 	EXP 	displayPicture: image = '.\\resources\\masquerademask01.jpg'
11.9359 	EXP 	polygon_2: opacity = 1.0
11.9359 	EXP 	polygon_2: fillColor = '[1. 1. 1.] (rgb)'
11.9525 	EXP 	displayPicture: image = '.\\resources\\masquerademask01.jpg'
11.9525 	EXP 	polygon_2: opacity = 1.0
11.9525 	EXP 	polygon_2: fillColor = '[1. 1. 1.] (rgb)'
11.9691 	EXP 	displayPicture: image = '.\\resources\\dolphin01.jpg'
11.9691 	EXP 	polygon_2: opacity = 0.0
11.9691 	EXP 	polygon_2: fillColor = '[1. 1. 1.] (rgb)'
11.9858 	EXP 	displayPicture: image = '.\\resources\\dolphin01.jpg'
11.9858 	EXP 	polygon_2: opacity = 0.0
11.9858 	EXP 	polygon_2: fillColor = '[1. 1. 1.] (rgb)'
12.0025 	EXP 	displayPicture: image = '.\\resources\\dolphin01.jpg'
12.0025 	EXP 	polygon_2: opacity = 0.0
12.0025 	EXP 	polygon_2: fillColor = '[1. 1. 1.] (rgb)'
12.0192 	EXP 	displayPicture: image = '.\\resources\\dolphin01.jpg'
12.0192 	EXP 	polygon_2: opacity = 0.0
12.0192 	EXP 	polygon_2: fillColor = '[1. 1. 1.] (rgb)'
12.0358 	EXP 	displayPicture: image = '.\\resources\\dolphin01.jpg'
12.0358 	EXP 	polygon_2: opacity = 0.0
12.0358 	EXP 	polygon_2: fillColor = '[1. 1. 1.] (rgb)'
12.0525 	EXP 	displayPicture: image = '.\\resources\\dolphin01.jpg'
12.0525 	EXP 	polygon_2: opacity = 0.0
12.0525 	EXP 	polygon_2: fillColor = '[1. 1. 1.] (rgb)'
12.0692 	EXP 	displayPicture: image = '.\\resources\\dolphin01.jpg'
12.0692 	EXP 	polygon_2: opacity = 0.0
12.0692 	EXP 	polygon_2: fillColor = '[1. 1. 1.] (rgb)'
12.0858 	EXP 	displayPicture: image = '.\\resources\\dolphin01.jpg'
12.0858 	EXP 	polygon_2: opacity = 0.0
12.0858 	EXP 	polygon_2: fillColor = '[1. 1. 1.] (rgb)'
12.1025 	EXP 	displayPicture: image = '.\\resources\\dolphin01.jpg'
12.1025 	EXP 	polygon_2: opacity = 0.0
12.1025 	EXP 	polygon_2: fillColor = '[1. 1. 1.] (rgb)'
12.1192 	EXP 	displayPicture: image = '.\\resources\\dolphin01.jpg'
12.1192 	EXP 	polygon_2: opacity = 0.0
12.1192 	EXP 	polygon_2: fillColor = '[1. 1. 1.] (rgb)'
12.1358 	EXP 	displayPicture: image = '.\\resources\\dolphin01.jpg'
12.1358 	EXP 	polygon_2: opacity = 0.0
12.1358 	EXP 	polygon_2: fillColor = '[1. 1. 1.] (rgb)'
12.1525 	EXP 	displayPicture: image = '.\\resources\\dolphin01.jpg'
12.1525 	EXP 	polygon_2: opacity = 0.0
12.1525 	EXP 	polygon_2: fillColor = '[1. 1. 1.] (rgb)'
12.1692 	EXP 	displayPicture: image = '.\\resources\\dolphin01.jpg'
12.1692 	EXP 	polygon_2: opacity = 1.0
12.1692 	EXP 	polygon_2: fillColor = '[1. 1. 1.] (rgb)'
12.1858 	EXP 	displayPicture: image = '.\\resources\\dolphin01.jpg'
12.1858 	EXP 	polygon_2: opacity = 1.0
12.1858 	EXP 	polygon_2: fillColor = '[1. 1. 1.] (rgb)'
12.2025 	EXP 	displayPicture: image = '.\\resources\\dolphin01.jpg'
12.2025 	EXP 	polygon_2: opacity = 1.0
12.2025 	EXP 	polygon_2: fillColor = '[1. 1. 1.] (rgb)'
12.2191 	EXP 	displayPicture: image = '.\\resources\\leafrake.jpg'
12.2191 	EXP 	polygon_2: opacity = 0.0
12.2191 	EXP 	polygon_2: fillColor = '[1. 1. 1.] (rgb)'
12.2358 	EXP 	displayPicture: image = '.\\resources\\leafrake.jpg'
12.2358 	EXP 	polygon_2: opacity = 0.0
12.2358 	EXP 	polygon_2: fillColor = '[1. 1. 1.] (rgb)'
12.2525 	EXP 	displayPicture: image = '.\\resources\\leafrake.jpg'
12.2525 	EXP 	polygon_2: opacity = 0.0
12.2525 	EXP 	polygon_2: fillColor = '[1. 1. 1.] (rgb)'
12.2691 	EXP 	displayPicture: image = '.\\resources\\leafrake.jpg'
12.2691 	EXP 	polygon_2: opacity = 0.0
12.2691 	EXP 	polygon_2: fillColor = '[1. 1. 1.] (rgb)'
12.2858 	EXP 	displayPicture: image = '.\\resources\\leafrake.jpg'
12.2858 	EXP 	polygon_2: opacity = 0.0
12.2858 	EXP 	polygon_2: fillColor = '[1. 1. 1.] (rgb)'
12.3025 	EXP 	displayPicture: image = '.\\resources\\leafrake.jpg'
12.3025 	EXP 	polygon_2: opacity = 0.0
12.3025 	EXP 	polygon_2: fillColor = '[1. 1. 1.] (rgb)'
12.3191 	EXP 	displayPicture: image = '.\\resources\\leafrake.jpg'
12.3191 	EXP 	polygon_2: opacity = 0.0
12.3191 	EXP 	polygon_2: fillColor = '[1. 1. 1.] (rgb)'
12.3358 	EXP 	displayPicture: image = '.\\resources\\leafrake.jpg'
12.3358 	EXP 	polygon_2: opacity = 0.0
12.3358 	EXP 	polygon_2: fillColor = '[1. 1. 1.] (rgb)'
12.3525 	EXP 	displayPicture: image = '.\\resources\\leafrake.jpg'
12.3525 	EXP 	polygon_2: opacity = 0.0
12.3525 	EXP 	polygon_2: fillColor = '[1. 1. 1.] (rgb)'
12.3691 	EXP 	displayPicture: image = '.\\resources\\leafrake.jpg'
12.3691 	EXP 	polygon_2: opacity = 0.0
12.3691 	EXP 	polygon_2: fillColor = '[1. 1. 1.] (rgb)'
12.3858 	EXP 	displayPicture: image = '.\\resources\\leafrake.jpg'
12.3858 	EXP 	polygon_2: opacity = 0.0
12.3858 	EXP 	polygon_2: fillColor = '[1. 1. 1.] (rgb)'
12.4025 	EXP 	displayPicture: image = '.\\resources\\leafrake.jpg'
12.4025 	EXP 	polygon_2: opacity = 0.0
12.4025 	EXP 	polygon_2: fillColor = '[1. 1. 1.] (rgb)'
12.4191 	EXP 	displayPicture: image = '.\\resources\\leafrake.jpg'
12.4191 	EXP 	polygon_2: opacity = 1.0
12.4191 	EXP 	polygon_2: fillColor = '[1. 1. 1.] (rgb)'
12.4358 	EXP 	displayPicture: image = '.\\resources\\leafrake.jpg'
12.4358 	EXP 	polygon_2: opacity = 1.0
12.4358 	EXP 	polygon_2: fillColor = '[1. 1. 1.] (rgb)'
12.4525 	EXP 	displayPicture: image = '.\\resources\\leafrake.jpg'
12.4525 	EXP 	polygon_2: opacity = 1.0
12.4525 	EXP 	polygon_2: fillColor = '[1. 1. 1.] (rgb)'
12.4691 	EXP 	displayPicture: image = '.\\resources\\xylophone.jpg'
12.4691 	EXP 	polygon_2: opacity = 0.0
12.4691 	EXP 	polygon_2: fillColor = '[1. 1. 1.] (rgb)'
12.4858 	EXP 	displayPicture: image = '.\\resources\\xylophone.jpg'
12.4858 	EXP 	polygon_2: opacity = 0.0
12.4858 	EXP 	polygon_2: fillColor = '[1. 1. 1.] (rgb)'
12.5024 	EXP 	displayPicture: image = '.\\resources\\xylophone.jpg'
12.5024 	EXP 	polygon_2: opacity = 0.0
12.5024 	EXP 	polygon_2: fillColor = '[1. 1. 1.] (rgb)'
12.5191 	EXP 	displayPicture: image = '.\\resources\\xylophone.jpg'
12.5191 	EXP 	polygon_2: opacity = 0.0
12.5191 	EXP 	polygon_2: fillColor = '[1. 1. 1.] (rgb)'
12.5358 	EXP 	displayPicture: image = '.\\resources\\xylophone.jpg'
12.5358 	EXP 	polygon_2: opacity = 0.0
12.5358 	EXP 	polygon_2: fillColor = '[1. 1. 1.] (rgb)'
12.5524 	EXP 	displayPicture: image = '.\\resources\\xylophone.jpg'
12.5524 	EXP 	polygon_2: opacity = 0.0
12.5524 	EXP 	polygon_2: fillColor = '[1. 1. 1.] (rgb)'
12.5691 	EXP 	displayPicture: image = '.\\resources\\xylophone.jpg'
12.5691 	EXP 	polygon_2: opacity = 0.0
12.5691 	EXP 	polygon_2: fillColor = '[1. 1. 1.] (rgb)'
12.5858 	EXP 	displayPicture: image = '.\\resources\\xylophone.jpg'
12.5858 	EXP 	polygon_2: opacity = 0.0
12.5858 	EXP 	polygon_2: fillColor = '[1. 1. 1.] (rgb)'
12.6025 	EXP 	displayPicture: image = '.\\resources\\xylophone.jpg'
12.6025 	EXP 	polygon_2: opacity = 0.0
12.6025 	EXP 	polygon_2: fillColor = '[1. 1. 1.] (rgb)'
12.6192 	EXP 	displayPicture: image = '.\\resources\\xylophone.jpg'
12.6192 	EXP 	polygon_2: opacity = 0.0
12.6192 	EXP 	polygon_2: fillColor = '[1. 1. 1.] (rgb)'
12.6358 	EXP 	displayPicture: image = '.\\resources\\xylophone.jpg'
12.6358 	EXP 	polygon_2: opacity = 0.0
12.6358 	EXP 	polygon_2: fillColor = '[1. 1. 1.] (rgb)'
12.6524 	EXP 	displayPicture: image = '.\\resources\\xylophone.jpg'
12.6524 	EXP 	polygon_2: opacity = 0.0
12.6524 	EXP 	polygon_2: fillColor = '[1. 1. 1.] (rgb)'
12.6691 	EXP 	displayPicture: image = '.\\resources\\xylophone.jpg'
12.6691 	EXP 	polygon_2: opacity = 1.0
12.6691 	EXP 	polygon_2: fillColor = '[1. 1. 1.] (rgb)'
12.6858 	EXP 	displayPicture: image = '.\\resources\\xylophone.jpg'
12.6858 	EXP 	polygon_2: opacity = 1.0
12.6858 	EXP 	polygon_2: fillColor = '[1. 1. 1.] (rgb)'
12.7024 	EXP 	displayPicture: image = '.\\resources\\xylophone.jpg'
12.7024 	EXP 	polygon_2: opacity = 1.0
12.7024 	EXP 	polygon_2: fillColor = '[1. 1. 1.] (rgb)'
12.7191 	EXP 	displayPicture: image = '.\\resources\\statue.jpg'
12.7191 	EXP 	polygon_2: opacity = 0.0
12.7191 	EXP 	polygon_2: fillColor = '[1. 1. 1.] (rgb)'
12.7358 	EXP 	displayPicture: image = '.\\resources\\statue.jpg'
12.7358 	EXP 	polygon_2: opacity = 0.0
12.7358 	EXP 	polygon_2: fillColor = '[1. 1. 1.] (rgb)'
12.7524 	EXP 	displayPicture: image = '.\\resources\\statue.jpg'
12.7524 	EXP 	polygon_2: opacity = 0.0
12.7524 	EXP 	polygon_2: fillColor = '[1. 1. 1.] (rgb)'
12.7691 	EXP 	displayPicture: image = '.\\resources\\statue.jpg'
12.7691 	EXP 	polygon_2: opacity = 0.0
12.7691 	EXP 	polygon_2: fillColor = '[1. 1. 1.] (rgb)'
12.7858 	EXP 	displayPicture: image = '.\\resources\\statue.jpg'
12.7858 	EXP 	polygon_2: opacity = 0.0
12.7858 	EXP 	polygon_2: fillColor = '[1. 1. 1.] (rgb)'
12.8025 	EXP 	displayPicture: image = '.\\resources\\statue.jpg'
12.8025 	EXP 	polygon_2: opacity = 0.0
12.8025 	EXP 	polygon_2: fillColor = '[1. 1. 1.] (rgb)'
12.8191 	EXP 	displayPicture: image = '.\\resources\\statue.jpg'
12.8191 	EXP 	polygon_2: opacity = 0.0
12.8191 	EXP 	polygon_2: fillColor = '[1. 1. 1.] (rgb)'
12.8358 	EXP 	displayPicture: image = '.\\resources\\statue.jpg'
12.8358 	EXP 	polygon_2: opacity = 0.0
12.8358 	EXP 	polygon_2: fillColor = '[1. 1. 1.] (rgb)'
12.8524 	EXP 	displayPicture: image = '.\\resources\\statue.jpg'
12.8524 	EXP 	polygon_2: opacity = 0.0
12.8524 	EXP 	polygon_2: fillColor = '[1. 1. 1.] (rgb)'
12.8691 	EXP 	displayPicture: image = '.\\resources\\statue.jpg'
12.8691 	EXP 	polygon_2: opacity = 0.0
12.8691 	EXP 	polygon_2: fillColor = '[1. 1. 1.] (rgb)'
12.8857 	EXP 	displayPicture: image = '.\\resources\\statue.jpg'
12.8857 	EXP 	polygon_2: opacity = 0.0
12.8857 	EXP 	polygon_2: fillColor = '[1. 1. 1.] (rgb)'
12.9024 	EXP 	displayPicture: image = '.\\resources\\statue.jpg'
12.9024 	EXP 	polygon_2: opacity = 0.0
12.9024 	EXP 	polygon_2: fillColor = '[1. 1. 1.] (rgb)'
12.9191 	EXP 	displayPicture: image = '.\\resources\\statue.jpg'
12.9191 	EXP 	polygon_2: opacity = 1.0
12.9191 	EXP 	polygon_2: fillColor = '[1. 1. 1.] (rgb)'
12.9357 	EXP 	displayPicture: image = '.\\resources\\statue.jpg'
12.9357 	EXP 	polygon_2: opacity = 1.0
12.9357 	EXP 	polygon_2: fillColor = '[1. 1. 1.] (rgb)'
12.9524 	EXP 	displayPicture: image = '.\\resources\\statue.jpg'
12.9524 	EXP 	polygon_2: opacity = 1.0
12.9524 	EXP 	polygon_2: fillColor = '[1. 1. 1.] (rgb)'
12.9691 	EXP 	displayPicture: image = '.\\resources\\curtain.jpg'
12.9691 	EXP 	polygon_2: opacity = 0.0
12.9691 	EXP 	polygon_2: fillColor = '[1. 1. 1.] (rgb)'
12.9857 	EXP 	displayPicture: image = '.\\resources\\curtain.jpg'
12.9857 	EXP 	polygon_2: opacity = 0.0
12.9857 	EXP 	polygon_2: fillColor = '[1. 1. 1.] (rgb)'
13.0024 	EXP 	displayPicture: image = '.\\resources\\curtain.jpg'
13.0024 	EXP 	polygon_2: opacity = 0.0
13.0024 	EXP 	polygon_2: fillColor = '[1. 1. 1.] (rgb)'
13.0191 	EXP 	displayPicture: image = '.\\resources\\curtain.jpg'
13.0191 	EXP 	polygon_2: opacity = 0.0
13.0191 	EXP 	polygon_2: fillColor = '[1. 1. 1.] (rgb)'
13.0358 	EXP 	displayPicture: image = '.\\resources\\curtain.jpg'
13.0358 	EXP 	polygon_2: opacity = 0.0
13.0358 	EXP 	polygon_2: fillColor = '[1. 1. 1.] (rgb)'
13.0524 	EXP 	displayPicture: image = '.\\resources\\curtain.jpg'
13.0524 	EXP 	polygon_2: opacity = 0.0
13.0524 	EXP 	polygon_2: fillColor = '[1. 1. 1.] (rgb)'
13.0691 	EXP 	displayPicture: image = '.\\resources\\curtain.jpg'
13.0691 	EXP 	polygon_2: opacity = 0.0
13.0691 	EXP 	polygon_2: fillColor = '[1. 1. 1.] (rgb)'
13.0858 	EXP 	displayPicture: image = '.\\resources\\curtain.jpg'
13.0858 	EXP 	polygon_2: opacity = 0.0
13.0858 	EXP 	polygon_2: fillColor = '[1. 1. 1.] (rgb)'
13.1024 	EXP 	displayPicture: image = '.\\resources\\curtain.jpg'
13.1024 	EXP 	polygon_2: opacity = 0.0
13.1024 	EXP 	polygon_2: fillColor = '[1. 1. 1.] (rgb)'
13.1191 	EXP 	displayPicture: image = '.\\resources\\curtain.jpg'
13.1191 	EXP 	polygon_2: opacity = 0.0
13.1191 	EXP 	polygon_2: fillColor = '[1. 1. 1.] (rgb)'
13.1358 	EXP 	displayPicture: image = '.\\resources\\curtain.jpg'
13.1358 	EXP 	polygon_2: opacity = 0.0
13.1358 	EXP 	polygon_2: fillColor = '[1. 1. 1.] (rgb)'
13.1524 	EXP 	displayPicture: image = '.\\resources\\curtain.jpg'
13.1524 	EXP 	polygon_2: opacity = 0.0
13.1524 	EXP 	polygon_2: fillColor = '[1. 1. 1.] (rgb)'
13.1691 	EXP 	displayPicture: image = '.\\resources\\curtain.jpg'
13.1691 	EXP 	polygon_2: opacity = 1.0
13.1691 	EXP 	polygon_2: fillColor = '[1. 1. 1.] (rgb)'
13.1858 	EXP 	displayPicture: image = '.\\resources\\curtain.jpg'
13.1858 	EXP 	polygon_2: opacity = 1.0
13.1858 	EXP 	polygon_2: fillColor = '[1. 1. 1.] (rgb)'
13.2024 	EXP 	displayPicture: image = '.\\resources\\curtain.jpg'
13.2024 	EXP 	polygon_2: opacity = 1.0
13.2024 	EXP 	polygon_2: fillColor = '[1. 1. 1.] (rgb)'
13.2191 	EXP 	displayPicture: image = '.\\resources\\curtain.jpg'
13.2191 	EXP 	polygon_2: opacity = 0.0
13.2191 	EXP 	polygon_2: fillColor = '[1. 1. 1.] (rgb)'
13.2191 	EXP 	displayPicture: autoDraw = False
13.2191 	EXP 	polygon_2: autoDraw = False
13.2191 	EXP 	option1_t1: image = '.\\resources\\soccerball.jpg'
13.2191 	EXP 	polygon_4: autoDraw = True
13.2191 	EXP 	option1_t1: autoDraw = True
14.1161 	DATA 	Keypress: left
14.1190 	EXP 	polygon_4: autoDraw = False
14.1190 	EXP 	option1_t1: autoDraw = False
14.1190 	EXP 	option1_t2: image = '.\\resources\\kangaroo.jpg'
14.1190 	EXP 	polygon_5: autoDraw = True
14.1190 	EXP 	option1_t2: autoDraw = True
14.3695 	DATA 	Keypress: left
14.3856 	EXP 	polygon_5: autoDraw = False
14.3856 	EXP 	option1_t2: autoDraw = False
14.3856 	EXP 	feedbackText: text = '2/2 Correct'
14.3856 	EXP 	feedbackText: autoDraw = True
15.3856 	EXP 	feedbackText: autoDraw = False
15.3856 	EXP 	text: text = ''
15.3856 	EXP 	text: autoDraw = True
15.3856 	EXP 	text: autoDraw = False
15.3856 	EXP 	text_4: autoDraw = True
16.5376 	EXP 	Imported conditionAB_main.xlsx as conditions, 232 conditions, 9 params
16.5381 	EXP 	Created sequence: sequential, trialTypes=232, nReps=1, seed=None
16.5384 	EXP 	New trial (rep=0, index=0): OrderedDict([('trialType', 'AB'), ('cndTyp', 'lag6'), ('lag', 6), ('T1_loc', 5), ('T2_loc', 11), ('stimLen', 0.2), ('isi', 0.05), ('skipProb', 0.5), ('phase', 'ramp')])
16.5530 	DATA 	Keypress: space
16.5691 	EXP 	text_4: autoDraw = False
16.5691 	EXP 	option1_2: image = '.\\resources\\daddylonglegs.jpg'
16.5691 	EXP 	option2_2: image = '.\\resources\\fishingrod.jpg'
16.5691 	EXP 	option1_2: autoDraw = True
16.5691 	EXP 	option2_2: autoDraw = True
19.0522 	EXP 	text_5: autoDraw = True
19.3189 	EXP 	option1_2: autoDraw = False
19.3189 	EXP 	option2_2: autoDraw = False
19.5355 	EXP 	option1_2: autoDraw = False
19.5355 	EXP 	option2_2: autoDraw = False
19.5355 	EXP 	text_5: autoDraw = False
19.5355 	EXP 	displayPicture_2: autoDraw = True
19.5355 	EXP 	displayPicture_2: image = '.\\resources\\curtain.jpg'
19.5355 	EXP 	polygon_10: autoDraw = True
19.5355 	EXP 	polygon_10: opacity = 1.0
19.5355 	EXP 	polygon_10: fillColor = '[1. 1. 1.] (rgb)'
19.5522 	EXP 	displayPicture_2: image = '.\\resources\\shower.jpg'
19.5522 	EXP 	polygon_10: opacity = 0.0
19.5522 	EXP 	polygon_10: fillColor = '[1. 1. 1.] (rgb)'
19.5689 	EXP 	displayPicture_2: image = '.\\resources\\shower.jpg'
19.5689 	EXP 	polygon_10: opacity = 1.0
19.5689 	EXP 	polygon_10: fillColor = '[1. 1. 1.] (rgb)'
19.5856 	EXP 	displayPicture_2: image = '.\\resources\\chair.jpg'
19.5856 	EXP 	polygon_10: opacity = 0.0
19.5856 	EXP 	polygon_10: fillColor = '[1. 1. 1.] (rgb)'
19.6022 	EXP 	displayPicture_2: image = '.\\resources\\chair.jpg'
19.6022 	EXP 	polygon_10: opacity = 1.0
19.6022 	EXP 	polygon_10: fillColor = '[1. 1. 1.] (rgb)'
19.6189 	EXP 	displayPicture_2: image = '.\\resources\\kangaroo.jpg'
19.6189 	EXP 	polygon_10: opacity = 0.0
19.6189 	EXP 	polygon_10: fillColor = '[1. 1. 1.] (rgb)'
19.6356 	EXP 	displayPicture_2: image = '.\\resources\\kangaroo.jpg'
19.6356 	EXP 	polygon_10: opacity = 1.0
19.6356 	EXP 	polygon_10: fillColor = '[1. 1. 1.] (rgb)'
19.6522 	EXP 	displayPicture_2: image = '.\\resources\\platypus.jpg'
19.6522 	EXP 	polygon_10: opacity = 0.0
19.6522 	EXP 	polygon_10: fillColor = '[1. 1. 1.] (rgb)'
19.6689 	EXP 	displayPicture_2: image = '.\\resources\\platypus.jpg'
19.6689 	EXP 	polygon_10: opacity = 1.0
19.6689 	EXP 	polygon_10: fillColor = '[1. 1. 1.] (rgb)'
19.6855 	EXP 	displayPicture_2: image = '.\\resources\\harmonica.jpg'
19.6855 	EXP 	polygon_10: opacity = 0.0
19.6855 	EXP 	polygon_10: fillColor = '[1. 1. 1.] (rgb)'
19.7022 	EXP 	displayPicture_2: image = '.\\resources\\harmonica.jpg'
19.7022 	EXP 	polygon_10: opacity = 1.0
19.7022 	EXP 	polygon_10: fillColor = '[1. 1. 1.] (rgb)'
19.7189 	EXP 	displayPicture_2: image = '.\\resources\\locker.jpg'
19.7189 	EXP 	polygon_10: opacity = 0.0
19.7189 	EXP 	polygon_10: fillColor = '[1. 1. 1.] (rgb)'
19.7355 	EXP 	displayPicture_2: image = '.\\resources\\locker.jpg'
19.7355 	EXP 	polygon_10: opacity = 1.0
19.7355 	EXP 	polygon_10: fillColor = '[1. 1. 1.] (rgb)'
19.7523 	EXP 	displayPicture_2: image = '.\\resources\\leafrake.jpg'
19.7523 	EXP 	polygon_10: opacity = 0.0
19.7523 	EXP 	polygon_10: fillColor = '[1. 1. 1.] (rgb)'
19.7688 	EXP 	displayPicture_2: image = '.\\resources\\leafrake.jpg'
19.7688 	EXP 	polygon_10: opacity = 1.0
19.7688 	EXP 	polygon_10: fillColor = '[1. 1. 1.] (rgb)'
19.7855 	EXP 	displayPicture_2: image = '.\\resources\\knee.jpg'
19.7855 	EXP 	polygon_10: opacity = 0.0
19.7855 	EXP 	polygon_10: fillColor = '[1. 1. 1.] (rgb)'
19.8022 	EXP 	displayPicture_2: image = '.\\resources\\knee.jpg'
19.8022 	EXP 	polygon_10: opacity = 1.0
19.8022 	EXP 	polygon_10: fillColor = '[1. 1. 1.] (rgb)'
19.8189 	EXP 	displayPicture_2: image = '.\\resources\\dolphin01.jpg'
19.8189 	EXP 	polygon_10: opacity = 0.0
19.8189 	EXP 	polygon_10: fillColor = '[1. 1. 1.] (rgb)'
19.8355 	EXP 	displayPicture_2: image = '.\\resources\\dolphin01.jpg'
19.8355 	EXP 	polygon_10: opacity = 1.0
19.8355 	EXP 	polygon_10: fillColor = '[1. 1. 1.] (rgb)'
19.8522 	EXP 	displayPicture_2: image = '.\\resources\\brownsugar.jpg'
19.8522 	EXP 	polygon_10: opacity = 0.0
19.8522 	EXP 	polygon_10: fillColor = '[1. 1. 1.] (rgb)'
19.8689 	EXP 	displayPicture_2: image = '.\\resources\\brownsugar.jpg'
19.8689 	EXP 	polygon_10: opacity = 1.0
19.8689 	EXP 	polygon_10: fillColor = '[1. 1. 1.] (rgb)'
19.8855 	EXP 	displayPicture_2: image = '.\\resources\\tie02.jpg'
19.8855 	EXP 	polygon_10: opacity = 0.0
19.8855 	EXP 	polygon_10: fillColor = '[1. 1. 1.] (rgb)'
19.9022 	EXP 	displayPicture_2: image = '.\\resources\\tie02.jpg'
19.9022 	EXP 	polygon_10: opacity = 1.0
19.9022 	EXP 	polygon_10: fillColor = '[1. 1. 1.] (rgb)'
19.9189 	EXP 	displayPicture_2: image = '.\\resources\\kneepad01c.jpg'
19.9189 	EXP 	polygon_10: opacity = 0.0
19.9189 	EXP 	polygon_10: fillColor = '[1. 1. 1.] (rgb)'
19.9355 	EXP 	displayPicture_2: image = '.\\resources\\kneepad01c.jpg'
19.9355 	EXP 	polygon_10: opacity = 1.0
19.9355 	EXP 	polygon_10: fillColor = '[1. 1. 1.] (rgb)'
19.9522 	EXP 	displayPicture_2: image = '.\\resources\\football.jpg'
19.9522 	EXP 	polygon_10: opacity = 0.0
19.9522 	EXP 	polygon_10: fillColor = '[1. 1. 1.] (rgb)'
19.9688 	EXP 	displayPicture_2: image = '.\\resources\\football.jpg'
19.9688 	EXP 	polygon_10: opacity = 1.0
19.9688 	EXP 	polygon_10: fillColor = '[1. 1. 1.] (rgb)'
19.9853 	EXP 	displayPicture_2: image = '.\\resources\\football.jpg'
19.9853 	EXP 	polygon_10: opacity = 0.0
19.9853 	EXP 	polygon_10: fillColor = '[1. 1. 1.] (rgb)'
19.9853 	EXP 	displayPicture_2: autoDraw = False
19.9853 	EXP 	polygon_10: autoDraw = False
19.9853 	EXP 	option1_t1_2: image = '.\\resources\\daddylonglegs.jpg'
19.9853 	EXP 	polygon_7: autoDraw = True
19.9853 	EXP 	option1_t1_2: autoDraw = True
21.1543 	DATA 	Keypress: left
21.1686 	EXP 	polygon_7: autoDraw = False
21.1686 	EXP 	option1_t1_2: autoDraw = False
21.1686 	EXP 	option1_t2_2: image = '.\\resources\\fishingrod.jpg'
21.1686 	EXP 	polygon_6: autoDraw = True
21.1686 	EXP 	option1_t2_2: autoDraw = True
21.4571 	DATA 	Keypress: right
21.4762 	EXP 	New trial (rep=0, index=1): OrderedDict([('trialType', 'AB'), ('cndTyp', 'lag4'), ('lag', 4), ('T1_loc', 4), ('T2_loc', 8), ('stimLen', 0.193334), ('isi', 0.046666667), ('skipProb', 0.48), ('phase', 'ramp')])
21.4852 	EXP 	polygon_6: autoDraw = False
21.4852 	EXP 	option1_t2_2: autoDraw = False
21.4852 	EXP 	text: text = ''
21.4852 	EXP 	text: autoDraw = True
21.4852 	EXP 	text: autoDraw = False
21.4852 	EXP 	option1_2: image = '.\\resources\\rooster.jpg'
21.4852 	EXP 	option2_2: image = '.\\resources\\dolphin01.jpg'
21.4852 	EXP 	option1_2: autoDraw = True
21.4852 	EXP 	option2_2: autoDraw = True
23.9853 	EXP 	text_5: autoDraw = True
24.2352 	EXP 	option1_2: autoDraw = False
24.2352 	EXP 	option2_2: autoDraw = False
24.4852 	EXP 	text_5: autoDraw = False
24.4852 	EXP 	option1_2: autoDraw = False
24.4852 	EXP 	option2_2: autoDraw = False
24.4852 	EXP 	text_5: autoDraw = False
24.4852 	EXP 	displayPicture_2: autoDraw = True
24.4852 	EXP 	displayPicture_2: image = '.\\resources\\brownsugar.jpg'
24.4852 	EXP 	polygon_10: autoDraw = True
24.4852 	EXP 	polygon_10: opacity = 1.0
24.4852 	EXP 	polygon_10: fillColor = '[1. 1. 1.] (rgb)'
24.5019 	EXP 	displayPicture_2: image = '.\\resources\\electricguitar01.jpg'
24.5019 	EXP 	polygon_10: opacity = 0.0
24.5019 	EXP 	polygon_10: fillColor = '[1. 1. 1.] (rgb)'
24.5186 	EXP 	displayPicture_2: image = '.\\resources\\electricguitar01.jpg'
24.5186 	EXP 	polygon_10: opacity = 1.0
24.5186 	EXP 	polygon_10: fillColor = '[1. 1. 1.] (rgb)'
24.5352 	EXP 	displayPicture_2: image = '.\\resources\\helicopter.jpg'
24.5352 	EXP 	polygon_10: opacity = 0.0
24.5352 	EXP 	polygon_10: fillColor = '[1. 1. 1.] (rgb)'
24.5519 	EXP 	displayPicture_2: image = '.\\resources\\helicopter.jpg'
24.5519 	EXP 	polygon_10: opacity = 1.0
24.5519 	EXP 	polygon_10: fillColor = '[1. 1. 1.] (rgb)'
24.5685 	EXP 	displayPicture_2: image = '.\\resources\\dolphin01.jpg'
24.5685 	EXP 	polygon_10: opacity = 0.0
24.5685 	EXP 	polygon_10: fillColor = '[1. 1. 1.] (rgb)'
24.5852 	EXP 	displayPicture_2: image = '.\\resources\\dolphin01.jpg'
24.5852 	EXP 	polygon_10: opacity = 1.0
24.5852 	EXP 	polygon_10: fillColor = '[1. 1. 1.] (rgb)'
24.6019 	EXP 	displayPicture_2: image = '.\\resources\\chair.jpg'
24.6019 	EXP 	polygon_10: opacity = 0.0
24.6019 	EXP 	polygon_10: fillColor = '[1. 1. 1.] (rgb)'
24.6186 	EXP 	displayPicture_2: image = '.\\resources\\chair.jpg'
24.6186 	EXP 	polygon_10: opacity = 1.0
24.6186 	EXP 	polygon_10: fillColor = '[1. 1. 1.] (rgb)'
24.6352 	EXP 	displayPicture_2: image = '.\\resources\\bowtie.jpg'
24.6352 	EXP 	polygon_10: opacity = 0.0
24.6352 	EXP 	polygon_10: fillColor = '[1. 1. 1.] (rgb)'
24.6519 	EXP 	displayPicture_2: image = '.\\resources\\bowtie.jpg'
24.6519 	EXP 	polygon_10: opacity = 1.0
24.6519 	EXP 	polygon_10: fillColor = '[1. 1. 1.] (rgb)'
24.6686 	EXP 	displayPicture_2: image = '.\\resources\\soccerball.jpg'
24.6686 	EXP 	polygon_10: opacity = 0.0
24.6686 	EXP 	polygon_10: fillColor = '[1. 1. 1.] (rgb)'
24.6852 	EXP 	displayPicture_2: image = '.\\resources\\soccerball.jpg'
24.6852 	EXP 	polygon_10: opacity = 1.0
24.6852 	EXP 	polygon_10: fillColor = '[1. 1. 1.] (rgb)'
24.7019 	EXP 	displayPicture_2: image = '.\\resources\\rooster.jpg'
24.7019 	EXP 	polygon_10: opacity = 0.0
24.7019 	EXP 	polygon_10: fillColor = '[1. 1. 1.] (rgb)'
24.7185 	EXP 	displayPicture_2: image = '.\\resources\\rooster.jpg'
24.7185 	EXP 	polygon_10: opacity = 1.0
24.7185 	EXP 	polygon_10: fillColor = '[1. 1. 1.] (rgb)'
24.7352 	EXP 	displayPicture_2: image = '.\\resources\\statue.jpg'
24.7352 	EXP 	polygon_10: opacity = 0.0
24.7352 	EXP 	polygon_10: fillColor = '[1. 1. 1.] (rgb)'
24.7519 	EXP 	displayPicture_2: image = '.\\resources\\statue.jpg'
24.7519 	EXP 	polygon_10: opacity = 1.0
24.7519 	EXP 	polygon_10: fillColor = '[1. 1. 1.] (rgb)'
24.7685 	EXP 	displayPicture_2: image = '.\\resources\\fishingrod.jpg'
24.7685 	EXP 	polygon_10: opacity = 0.0
24.7685 	EXP 	polygon_10: fillColor = '[1. 1. 1.] (rgb)'
24.7852 	EXP 	displayPicture_2: image = '.\\resources\\fishingrod.jpg'
24.7852 	EXP 	polygon_10: opacity = 1.0
24.7852 	EXP 	polygon_10: fillColor = '[1. 1. 1.] (rgb)'
24.8019 	EXP 	displayPicture_2: image = '.\\resources\\masquerademask01.jpg'
24.8019 	EXP 	polygon_10: opacity = 0.0
24.8019 	EXP 	polygon_10: fillColor = '[1. 1. 1.] (rgb)'
24.8185 	EXP 	displayPicture_2: image = '.\\resources\\masquerademask01.jpg'
24.8185 	EXP 	polygon_10: opacity = 1.0
24.8185 	EXP 	polygon_10: fillColor = '[1. 1. 1.] (rgb)'
24.8352 	EXP 	displayPicture_2: image = '.\\resources\\masquerademask01.jpg'
24.8352 	EXP 	polygon_10: opacity = 0.0
24.8352 	EXP 	polygon_10: fillColor = '[1. 1. 1.] (rgb)'
24.8352 	EXP 	displayPicture_2: autoDraw = False
24.8352 	EXP 	polygon_10: autoDraw = False
24.8352 	EXP 	option1_t1_2: image = '.\\resources\\dolphin01.jpg'
24.8352 	EXP 	polygon_7: autoDraw = True
24.8352 	EXP 	option1_t1_2: autoDraw = True
26.8891 	DATA 	Keypress: right
26.9182 	EXP 	polygon_7: autoDraw = False
26.9182 	EXP 	option1_t1_2: autoDraw = False
26.9182 	EXP 	option1_t2_2: image = '.\\resources\\rooster.jpg'
26.9182 	EXP 	polygon_6: autoDraw = True
26.9182 	EXP 	option1_t2_2: autoDraw = True
27.2603 	EXP 	New trial (rep=0, index=2): OrderedDict([('trialType', 'AB'), ('cndTyp', 'lag7'), ('lag', 7), ('T1_loc', 4), ('T2_loc', 11), ('stimLen', 0.186668), ('isi', 0.043333334), ('skipProb', 0.45999999999999996), ('phase', 'ramp')])
27.2716 	DATA 	Keypress: left
27.2848 	EXP 	polygon_6: autoDraw = False
27.2848 	EXP 	option1_t2_2: autoDraw = False
27.2848 	EXP 	text: text = ''
27.2848 	EXP 	text: autoDraw = True
27.2848 	EXP 	text: autoDraw = False
27.2848 	EXP 	option1_2: image = '.\\resources\\knee.jpg'
27.2848 	EXP 	option2_2: image = '.\\resources\\tie02.jpg'
27.2848 	EXP 	option1_2: autoDraw = True
27.2848 	EXP 	option2_2: autoDraw = True
27.5541 	DATA 	Keypress: escape
27.7566 	EXP 	window1: mouseVisible = True
