0.8261 	WARNING 	We strongly recommend you activate the PTB sound engine in PsychoPy prefs as the preferred audio engine. Its timing is vastly superior. Your prefs are currently set to use ['sounddevice', 'PTB', 'pyo', 'pygame'] (in that order).
4.1812 	WARNING 	User requested fullscreen with size [1024  768], but screen is actually [1920, 1080]. Using actual size
5.0275 	EXP 	Created window1 = Window(allowGUI=False, allowStencil=False, args=UNKNOWN, autoLog=True, bitsMode=UNKNOWN, blendMode='avg', bpc=(8, 8, 8), color=array([0., 0., 0.]), colorSpace='rgb', depthBits=8, fullscr=<method-wrapper '__getattribute__' of attributeSetter object at 0x000001E259174A58>, gamma=None, gammaErrorPolicy='raise', kwargs=UNKNOWN, lms=UNKNOWN, monitor=<psychopy.monitors.calibTools.Monitor object at 0x000001E2591700B8>, multiSample=False, name='window1', numSamples=2, pos=[0.0, 0.0], screen=0, size=array([1920, 1080]), stencilBits=0, stereo=False, units='height', useFBO=True, useRetina=False, viewOri=0.0, viewPos=None, viewScale=None, waitBlanking=True, winType='pyglet')
5.0278 	EXP 	window1: mouseVisible = True
5.0278 	EXP 	window1: recordFrameIntervals = False
5.1938 	EXP 	window1: recordFrameIntervals = True
5.3773 	EXP 	window1: recordFrameIntervals = False
5.4480 	EXP 	Created option1 = ImageStim(__class__=<class 'psychopy.visual.image.ImageStim'>, autoLog=True, color=array([1., 1., 1.]), colorSpace='rgb', contrast=1.0, depth=-1.0, flipHoriz=False, flipVert=False, image='sin', interpolate=True, mask=None, maskParams=None, name='option1', opacity=1.0, ori=0.0, pos=array([-0.3,  0. ]), size=array([0.25, 0.25]), texRes=128, units='height', win=Window(...))
5.4507 	EXP 	Created option2 = ImageStim(__class__=<class 'psychopy.visual.image.ImageStim'>, autoLog=True, color=array([1., 1., 1.]), colorSpace='rgb', contrast=1.0, depth=-2.0, flipHoriz=False, flipVert=False, image='sin', interpolate=True, mask=None, maskParams=None, name='option2', opacity=1.0, ori=0.0, pos=array([0.3, 0. ]), size=array([0.25, 0.25]), texRes=128, units='height', win=Window(...))
5.4921 	EXP 	Created text_2 = TextStim(__class__=<class 'psychopy.visual.text.TextStim'>, alignHoriz=method-wrapper(...), alignText='center', alignVert=method-wrapper(...), anchorHoriz='center', anchorVert='center', antialias=True, autoLog=True, bold=False, color='white', colorSpace='named', contrast=1.0, depth=-3.0, flipHoriz=False, flipVert=False, font='Arial', fontFiles=[], height=0.1, italic=False, languageStyle='LTR', name='text_2', opacity=1.0, ori=0, pos=array([0., 0.]), rgb=array([255., 255., 255.]), text='+', units='height', win=Window(...), wrapWidth=1)
5.4943 	EXP 	Created displayPicture = ImageStim(__class__=<class 'psychopy.visual.image.ImageStim'>, autoLog=True, color=array([1., 1., 1.]), colorSpace='rgb', contrast=1.0, depth=-6.0, flipHoriz=False, flipVert=False, image='sin', interpolate=True, mask=None, maskParams=None, name='displayPicture', opacity=1.0, ori=0.0, pos=array([0., 0.]), size=array([0.25, 0.25]), texRes=128, units='height', win=Window(...))
5.4955 	EXP 	Created polygon_2 = Rect(__class__=<class 'psychopy.visual.rect.Rect'>, autoDraw=False, autoLog=True, closeShape=True, color=method-wrapper(...), colorSpace=None, contrast=1.0, depth=-7.0, fillColor=array([1., 1., 1.]), fillColorSpace='rgb', fillRGB=array([1., 1., 1.]), interpolate=True, lineColor=array([1., 1., 1.]), lineColorSpace='rgb', lineRGB=array([1., 1., 1.]), lineWidth=0, name='polygon_2', opacity=1.0, ori=array(0.), pos=array([0., 0.]), size=array([0.25, 0.25]), units='height', vertices=ndarray(...), win=Window(...))
5.4968 	EXP 	Created polygon_4 = ShapeStim(__class__=<class 'psychopy.visual.shape.ShapeStim'>, autoDraw=False, autoLog=True, closeShape=True, contrast=1.0, depth=0.0, fillColor=array([1., 0., 0.]), fillColorSpace='rgb', interpolate=True, lineColor=array([1., 1., 1.]), lineColorSpace='rgb', lineWidth=1, name='polygon_4', opacity=1.0, ori=array(0.), pos=array([0., 0.]), size=array([1., 1.]), units='height', vertices=ndarray(...), win=Window(...), windingRule=None)
5.4988 	EXP 	Created option1_t1 = ImageStim(__class__=<class 'psychopy.visual.image.ImageStim'>, autoLog=True, color=array([1., 1., 1.]), colorSpace='rgb', contrast=1.0, depth=-2.0, flipHoriz=False, flipVert=False, image='sin', interpolate=True, mask=None, maskParams=None, name='option1_t1', opacity=1.0, ori=0.0, pos=array([0., 0.]), size=array([0.25, 0.25]), texRes=128, units='height', win=Window(...))
5.5003 	EXP 	Created polygon_5 = ShapeStim(__class__=<class 'psychopy.visual.shape.ShapeStim'>, autoDraw=False, autoLog=True, closeShape=True, contrast=1.0, depth=0.0, fillColor=array([0., 0., 1.]), fillColorSpace='rgb', interpolate=True, lineColor=array([1., 1., 1.]), lineColorSpace='rgb', lineWidth=1, name='polygon_5', opacity=1.0, ori=array(0.), pos=array([0., 0.]), size=array([0.7, 0.7]), units='height', vertices=ndarray(...), win=Window(...), windingRule=None)
5.5023 	EXP 	Created option1_t2 = ImageStim(__class__=<class 'psychopy.visual.image.ImageStim'>, autoLog=True, color=array([1., 1., 1.]), colorSpace='rgb', contrast=1.0, depth=-2.0, flipHoriz=False, flipVert=False, image='sin', interpolate=True, mask=None, maskParams=None, name='option1_t2', opacity=1.0, ori=0.0, pos=array([0., 0.]), size=array([0.25, 0.25]), texRes=128, units='height', win=Window(...))
5.5178 	EXP 	Created feedbackText = TextStim(__class__=<class 'psychopy.visual.text.TextStim'>, alignHoriz=method-wrapper(...), alignText='center', alignVert=method-wrapper(...), anchorHoriz='center', anchorVert='center', antialias=True, autoLog=True, bold=False, color='white', colorSpace='named', contrast=1.0, depth=-1.0, flipHoriz=False, flipVert=False, font='Arial', fontFiles=[], height=0.1, italic=False, languageStyle='LTR', name='feedbackText', opacity=1.0, ori=0, pos=array([0., 0.]), rgb=array([255., 255., 255.]), text='default text', units='height', win=Window(...), wrapWidth=1)
5.5205 	EXP 	Created text = TextStim(__class__=<class 'psychopy.visual.text.TextStim'>, alignHoriz=method-wrapper(...), alignText='center', alignVert=method-wrapper(...), anchorHoriz='center', anchorVert='center', antialias=True, autoLog=True, bold=False, color='white', colorSpace='named', contrast=1.0, depth=-3.0, flipHoriz=False, flipVert=False, font='Arial', fontFiles=[], height=0.1, italic=False, languageStyle='LTR', name='text', opacity=1.0, ori=0, pos=array([0., 0.]), rgb=array([255., 255., 255.]), text='default text', units='height', win=Window(...), wrapWidth=1)
5.5608 	EXP 	Imported conditionAB.xlsx as conditions, 160 conditions, 7 params
5.5614 	EXP 	Created sequence: random, trialTypes=160, nReps=2, seed=None
5.5617 	EXP 	New trial (rep=0, index=0): OrderedDict([('trialType', 'AB'), ('cndTyp', 'lag5'), ('lag', 5), ('T1_loc', 3), ('T2_loc', 8), ('stimLen', 0.06), ('isi', 0.03)])
5.6674 	EXP 	option1: image = '.\\resources\\hockeypuck.jpg'
5.6674 	EXP 	option2: image = '.\\resources\\chimney.jpg'
5.6674 	EXP 	option1: autoDraw = True
5.6674 	EXP 	option2: autoDraw = True
8.0769 	EXP 	text_2: autoDraw = True
8.4269 	EXP 	option1: autoDraw = False
8.4269 	EXP 	option2: autoDraw = False
8.5435 	EXP 	option1: autoDraw = False
8.5435 	EXP 	option2: autoDraw = False
8.5435 	EXP 	text_2: autoDraw = False
8.5435 	EXP 	displayPicture: autoDraw = True
8.5435 	EXP 	displayPicture: image = '.\\resources\\horseshoe.jpg'
8.5435 	EXP 	polygon_2: autoDraw = True
8.5435 	EXP 	polygon_2: opacity = 0.0
8.5435 	EXP 	polygon_2: fillColor = '[1. 1. 1.] (rgb)'
8.5602 	EXP 	displayPicture: image = '.\\resources\\horseshoe.jpg'
8.5602 	EXP 	polygon_2: opacity = 0.0
8.5602 	EXP 	polygon_2: fillColor = '[1. 1. 1.] (rgb)'
8.5769 	EXP 	displayPicture: image = '.\\resources\\horseshoe.jpg'
8.5769 	EXP 	polygon_2: opacity = 0.0
8.5769 	EXP 	polygon_2: fillColor = '[1. 1. 1.] (rgb)'
8.5935 	EXP 	displayPicture: image = '.\\resources\\horseshoe.jpg'
8.5935 	EXP 	polygon_2: opacity = 1.0
8.5935 	EXP 	polygon_2: fillColor = '[1. 1. 1.] (rgb)'
8.6102 	EXP 	displayPicture: image = '.\\resources\\horseshoe.jpg'
8.6102 	EXP 	polygon_2: opacity = 1.0
8.6102 	EXP 	polygon_2: fillColor = '[1. 1. 1.] (rgb)'
8.6269 	EXP 	displayPicture: image = '.\\resources\\dandelion.jpg'
8.6269 	EXP 	polygon_2: opacity = 0.0
8.6269 	EXP 	polygon_2: fillColor = '[1. 1. 1.] (rgb)'
8.6435 	EXP 	displayPicture: image = '.\\resources\\dandelion.jpg'
8.6435 	EXP 	polygon_2: opacity = 0.0
8.6435 	EXP 	polygon_2: fillColor = '[1. 1. 1.] (rgb)'
8.6601 	EXP 	displayPicture: image = '.\\resources\\dandelion.jpg'
8.6601 	EXP 	polygon_2: opacity = 0.0
8.6601 	EXP 	polygon_2: fillColor = '[1. 1. 1.] (rgb)'
8.6768 	EXP 	displayPicture: image = '.\\resources\\dandelion.jpg'
8.6768 	EXP 	polygon_2: opacity = 0.0
8.6768 	EXP 	polygon_2: fillColor = '[1. 1. 1.] (rgb)'
8.6935 	EXP 	displayPicture: image = '.\\resources\\dandelion.jpg'
8.6935 	EXP 	polygon_2: opacity = 1.0
8.6935 	EXP 	polygon_2: fillColor = '[1. 1. 1.] (rgb)'
8.7102 	EXP 	displayPicture: image = '.\\resources\\parkfountain.jpg'
8.7102 	EXP 	polygon_2: opacity = 0.0
8.7102 	EXP 	polygon_2: fillColor = '[1. 1. 1.] (rgb)'
8.7268 	EXP 	displayPicture: image = '.\\resources\\parkfountain.jpg'
8.7268 	EXP 	polygon_2: opacity = 0.0
8.7268 	EXP 	polygon_2: fillColor = '[1. 1. 1.] (rgb)'
8.7435 	EXP 	displayPicture: image = '.\\resources\\parkfountain.jpg'
8.7435 	EXP 	polygon_2: opacity = 0.0
8.7435 	EXP 	polygon_2: fillColor = '[1. 1. 1.] (rgb)'
8.7602 	EXP 	displayPicture: image = '.\\resources\\parkfountain.jpg'
8.7602 	EXP 	polygon_2: opacity = 0.0
8.7602 	EXP 	polygon_2: fillColor = '[1. 1. 1.] (rgb)'
8.7771 	EXP 	displayPicture: image = '.\\resources\\parkfountain.jpg'
8.7771 	EXP 	polygon_2: opacity = 1.0
8.7771 	EXP 	polygon_2: fillColor = '[1. 1. 1.] (rgb)'
8.7935 	EXP 	displayPicture: image = '.\\resources\\parkfountain.jpg'
8.7935 	EXP 	polygon_2: opacity = 1.0
8.7935 	EXP 	polygon_2: fillColor = '[1. 1. 1.] (rgb)'
8.8102 	EXP 	displayPicture: image = '.\\resources\\funnel.jpg'
8.8102 	EXP 	polygon_2: opacity = 0.0
8.8102 	EXP 	polygon_2: fillColor = '[1. 1. 1.] (rgb)'
8.8268 	EXP 	displayPicture: image = '.\\resources\\funnel.jpg'
8.8268 	EXP 	polygon_2: opacity = 0.0
8.8268 	EXP 	polygon_2: fillColor = '[1. 1. 1.] (rgb)'
8.8435 	EXP 	displayPicture: image = '.\\resources\\funnel.jpg'
8.8435 	EXP 	polygon_2: opacity = 0.0
8.8435 	EXP 	polygon_2: fillColor = '[1. 1. 1.] (rgb)'
8.8601 	EXP 	displayPicture: image = '.\\resources\\funnel.jpg'
8.8601 	EXP 	polygon_2: opacity = 1.0
8.8601 	EXP 	polygon_2: fillColor = '[1. 1. 1.] (rgb)'
8.8768 	EXP 	displayPicture: image = '.\\resources\\funnel.jpg'
8.8768 	EXP 	polygon_2: opacity = 1.0
8.8768 	EXP 	polygon_2: fillColor = '[1. 1. 1.] (rgb)'
8.8935 	EXP 	displayPicture: image = '.\\resources\\drumset.jpg'
8.8935 	EXP 	polygon_2: opacity = 0.0
8.8935 	EXP 	polygon_2: fillColor = '[1. 1. 1.] (rgb)'
8.9102 	EXP 	displayPicture: image = '.\\resources\\drumset.jpg'
8.9102 	EXP 	polygon_2: opacity = 0.0
8.9102 	EXP 	polygon_2: fillColor = '[1. 1. 1.] (rgb)'
8.9268 	EXP 	displayPicture: image = '.\\resources\\drumset.jpg'
8.9268 	EXP 	polygon_2: opacity = 0.0
8.9268 	EXP 	polygon_2: fillColor = '[1. 1. 1.] (rgb)'
8.9437 	EXP 	displayPicture: image = '.\\resources\\drumset.jpg'
8.9437 	EXP 	polygon_2: opacity = 0.0
8.9437 	EXP 	polygon_2: fillColor = '[1. 1. 1.] (rgb)'
8.9601 	EXP 	displayPicture: image = '.\\resources\\drumset.jpg'
8.9601 	EXP 	polygon_2: opacity = 1.0
8.9601 	EXP 	polygon_2: fillColor = '[1. 1. 1.] (rgb)'
8.9769 	EXP 	displayPicture: image = '.\\resources\\drumset.jpg'
8.9769 	EXP 	polygon_2: opacity = 1.0
8.9769 	EXP 	polygon_2: fillColor = '[1. 1. 1.] (rgb)'
8.9935 	EXP 	displayPicture: image = '.\\resources\\urinal.jpg'
8.9935 	EXP 	polygon_2: opacity = 0.0
8.9935 	EXP 	polygon_2: fillColor = '[1. 1. 1.] (rgb)'
9.0101 	EXP 	displayPicture: image = '.\\resources\\urinal.jpg'
9.0101 	EXP 	polygon_2: opacity = 0.0
9.0101 	EXP 	polygon_2: fillColor = '[1. 1. 1.] (rgb)'
9.0268 	EXP 	displayPicture: image = '.\\resources\\urinal.jpg'
9.0268 	EXP 	polygon_2: opacity = 0.0
9.0268 	EXP 	polygon_2: fillColor = '[1. 1. 1.] (rgb)'
9.0435 	EXP 	displayPicture: image = '.\\resources\\urinal.jpg'
9.0435 	EXP 	polygon_2: opacity = 1.0
9.0435 	EXP 	polygon_2: fillColor = '[1. 1. 1.] (rgb)'
9.0601 	EXP 	displayPicture: image = '.\\resources\\urinal.jpg'
9.0601 	EXP 	polygon_2: opacity = 1.0
9.0601 	EXP 	polygon_2: fillColor = '[1. 1. 1.] (rgb)'
9.0769 	EXP 	displayPicture: image = '.\\resources\\drumstick.jpg'
9.0769 	EXP 	polygon_2: opacity = 0.0
9.0769 	EXP 	polygon_2: fillColor = '[1. 1. 1.] (rgb)'
9.0935 	EXP 	displayPicture: image = '.\\resources\\drumstick.jpg'
9.0935 	EXP 	polygon_2: opacity = 0.0
9.0935 	EXP 	polygon_2: fillColor = '[1. 1. 1.] (rgb)'
9.1103 	EXP 	displayPicture: image = '.\\resources\\drumstick.jpg'
9.1103 	EXP 	polygon_2: opacity = 0.0
9.1103 	EXP 	polygon_2: fillColor = '[1. 1. 1.] (rgb)'
9.1270 	EXP 	displayPicture: image = '.\\resources\\drumstick.jpg'
9.1270 	EXP 	polygon_2: opacity = 0.0
9.1270 	EXP 	polygon_2: fillColor = '[1. 1. 1.] (rgb)'
9.1437 	EXP 	displayPicture: image = '.\\resources\\drumstick.jpg'
9.1437 	EXP 	polygon_2: opacity = 1.0
9.1437 	EXP 	polygon_2: fillColor = '[1. 1. 1.] (rgb)'
9.1603 	EXP 	displayPicture: image = '.\\resources\\hockeypuck.jpg'
9.1603 	EXP 	polygon_2: opacity = 0.0
9.1603 	EXP 	polygon_2: fillColor = '[1. 1. 1.] (rgb)'
9.1770 	EXP 	displayPicture: image = '.\\resources\\hockeypuck.jpg'
9.1770 	EXP 	polygon_2: opacity = 0.0
9.1770 	EXP 	polygon_2: fillColor = '[1. 1. 1.] (rgb)'
9.1937 	EXP 	displayPicture: image = '.\\resources\\hockeypuck.jpg'
9.1937 	EXP 	polygon_2: opacity = 0.0
9.1937 	EXP 	polygon_2: fillColor = '[1. 1. 1.] (rgb)'
9.2103 	EXP 	displayPicture: image = '.\\resources\\hockeypuck.jpg'
9.2103 	EXP 	polygon_2: opacity = 0.0
9.2103 	EXP 	polygon_2: fillColor = '[1. 1. 1.] (rgb)'
9.2270 	EXP 	displayPicture: image = '.\\resources\\hockeypuck.jpg'
9.2270 	EXP 	polygon_2: opacity = 1.0
9.2270 	EXP 	polygon_2: fillColor = '[1. 1. 1.] (rgb)'
9.2437 	EXP 	displayPicture: image = '.\\resources\\hockeypuck.jpg'
9.2437 	EXP 	polygon_2: opacity = 1.0
9.2437 	EXP 	polygon_2: fillColor = '[1. 1. 1.] (rgb)'
9.2600 	EXP 	displayPicture: image = '.\\resources\\cheetah.jpg'
9.2600 	EXP 	polygon_2: opacity = 0.0
9.2600 	EXP 	polygon_2: fillColor = '[1. 1. 1.] (rgb)'
9.2770 	EXP 	displayPicture: image = '.\\resources\\cheetah.jpg'
9.2770 	EXP 	polygon_2: opacity = 0.0
9.2770 	EXP 	polygon_2: fillColor = '[1. 1. 1.] (rgb)'
9.2937 	EXP 	displayPicture: image = '.\\resources\\cheetah.jpg'
9.2937 	EXP 	polygon_2: opacity = 0.0
9.2937 	EXP 	polygon_2: fillColor = '[1. 1. 1.] (rgb)'
9.3103 	EXP 	displayPicture: image = '.\\resources\\cheetah.jpg'
9.3103 	EXP 	polygon_2: opacity = 1.0
9.3103 	EXP 	polygon_2: fillColor = '[1. 1. 1.] (rgb)'
9.3270 	EXP 	displayPicture: image = '.\\resources\\cheetah.jpg'
9.3270 	EXP 	polygon_2: opacity = 1.0
9.3270 	EXP 	polygon_2: fillColor = '[1. 1. 1.] (rgb)'
9.3433 	EXP 	displayPicture: image = '.\\resources\\parrot01.jpg'
9.3433 	EXP 	polygon_2: opacity = 0.0
9.3433 	EXP 	polygon_2: fillColor = '[1. 1. 1.] (rgb)'
9.3603 	EXP 	displayPicture: image = '.\\resources\\parrot01.jpg'
9.3603 	EXP 	polygon_2: opacity = 0.0
9.3603 	EXP 	polygon_2: fillColor = '[1. 1. 1.] (rgb)'
9.3770 	EXP 	displayPicture: image = '.\\resources\\parrot01.jpg'
9.3770 	EXP 	polygon_2: opacity = 0.0
9.3770 	EXP 	polygon_2: fillColor = '[1. 1. 1.] (rgb)'
9.3937 	EXP 	displayPicture: image = '.\\resources\\parrot01.jpg'
9.3937 	EXP 	polygon_2: opacity = 0.0
9.3937 	EXP 	polygon_2: fillColor = '[1. 1. 1.] (rgb)'
9.4103 	EXP 	displayPicture: image = '.\\resources\\parrot01.jpg'
9.4103 	EXP 	polygon_2: opacity = 1.0
9.4103 	EXP 	polygon_2: fillColor = '[1. 1. 1.] (rgb)'
9.4270 	EXP 	displayPicture: image = '.\\resources\\parrot01.jpg'
9.4270 	EXP 	polygon_2: opacity = 1.0
9.4270 	EXP 	polygon_2: fillColor = '[1. 1. 1.] (rgb)'
9.4603 	EXP 	displayPicture: image = '.\\resources\\saxophone.jpg'
9.4603 	EXP 	polygon_2: opacity = 0.0
9.4603 	EXP 	polygon_2: fillColor = '[1. 1. 1.] (rgb)'
9.4770 	EXP 	displayPicture: image = '.\\resources\\saxophone.jpg'
9.4770 	EXP 	polygon_2: opacity = 0.0
9.4770 	EXP 	polygon_2: fillColor = '[1. 1. 1.] (rgb)'
9.4936 	EXP 	displayPicture: image = '.\\resources\\saxophone.jpg'
9.4936 	EXP 	polygon_2: opacity = 1.0
9.4936 	EXP 	polygon_2: fillColor = '[1. 1. 1.] (rgb)'
9.5103 	EXP 	displayPicture: image = '.\\resources\\saxophone.jpg'
9.5103 	EXP 	polygon_2: opacity = 1.0
9.5103 	EXP 	polygon_2: fillColor = '[1. 1. 1.] (rgb)'
9.5436 	EXP 	displayPicture: image = '.\\resources\\saxophone.jpg'
9.5436 	EXP 	polygon_2: opacity = 0.0
9.5436 	EXP 	polygon_2: fillColor = '[1. 1. 1.] (rgb)'
9.5436 	EXP 	displayPicture: autoDraw = False
9.5436 	EXP 	polygon_2: autoDraw = False
9.5436 	EXP 	option1_t1: image = '.\\resources\\chimney.jpg'
9.5436 	EXP 	polygon_4: autoDraw = True
9.5436 	EXP 	option1_t1: autoDraw = True
10.4960 	DATA 	Keypress: left
10.5099 	EXP 	polygon_4: autoDraw = False
10.5099 	EXP 	option1_t1: autoDraw = False
10.5099 	EXP 	option1_t2: image = '.\\resources\\hockeypuck.jpg'
10.5099 	EXP 	polygon_5: autoDraw = True
10.5099 	EXP 	option1_t2: autoDraw = True
10.8479 	DATA 	Keypress: right
10.8932 	EXP 	polygon_5: autoDraw = False
10.8932 	EXP 	option1_t2: autoDraw = False
10.8932 	EXP 	feedbackText: text = '1/2 Correct'
10.8932 	EXP 	feedbackText: autoDraw = True
11.8830 	EXP 	New trial (rep=0, index=1): OrderedDict([('trialType', 'AB'), ('cndTyp', 'lag2'), ('lag', 2), ('T1_loc', 3), ('T2_loc', 5), ('stimLen', 0.06), ('isi', 0.03)])
11.9099 	EXP 	feedbackText: autoDraw = False
11.9099 	EXP 	text: text = ''
11.9099 	EXP 	text: autoDraw = True
11.9099 	EXP 	text: autoDraw = False
11.9099 	EXP 	option1: image = '.\\resources\\jeans01.jpg'
11.9099 	EXP 	option2: image = '.\\resources\\bluejay.jpg'
11.9099 	EXP 	option1: autoDraw = True
11.9099 	EXP 	option2: autoDraw = True
14.3934 	EXP 	text_2: autoDraw = True
14.6602 	EXP 	option1: autoDraw = False
14.6602 	EXP 	option2: autoDraw = False
14.8931 	EXP 	text_2: autoDraw = False
14.8931 	EXP 	option1: autoDraw = False
14.8931 	EXP 	option2: autoDraw = False
14.8931 	EXP 	text_2: autoDraw = False
14.8931 	EXP 	displayPicture: autoDraw = True
14.8931 	EXP 	displayPicture: image = '.\\resources\\chimney.jpg'
14.8931 	EXP 	polygon_2: autoDraw = True
14.8931 	EXP 	polygon_2: opacity = 0.0
14.8931 	EXP 	polygon_2: fillColor = '[1. 1. 1.] (rgb)'
14.9105 	EXP 	displayPicture: image = '.\\resources\\chimney.jpg'
14.9105 	EXP 	polygon_2: opacity = 0.0
14.9105 	EXP 	polygon_2: fillColor = '[1. 1. 1.] (rgb)'
14.9265 	EXP 	displayPicture: image = '.\\resources\\chimney.jpg'
14.9265 	EXP 	polygon_2: opacity = 0.0
14.9265 	EXP 	polygon_2: fillColor = '[1. 1. 1.] (rgb)'
14.9431 	EXP 	displayPicture: image = '.\\resources\\chimney.jpg'
14.9431 	EXP 	polygon_2: opacity = 1.0
14.9431 	EXP 	polygon_2: fillColor = '[1. 1. 1.] (rgb)'
14.9598 	EXP 	displayPicture: image = '.\\resources\\chimney.jpg'
14.9598 	EXP 	polygon_2: opacity = 1.0
14.9598 	EXP 	polygon_2: fillColor = '[1. 1. 1.] (rgb)'
14.9764 	EXP 	displayPicture: image = '.\\resources\\makiroll.jpg'
14.9764 	EXP 	polygon_2: opacity = 0.0
14.9764 	EXP 	polygon_2: fillColor = '[1. 1. 1.] (rgb)'
14.9931 	EXP 	displayPicture: image = '.\\resources\\makiroll.jpg'
14.9931 	EXP 	polygon_2: opacity = 0.0
14.9931 	EXP 	polygon_2: fillColor = '[1. 1. 1.] (rgb)'
15.0098 	EXP 	displayPicture: image = '.\\resources\\makiroll.jpg'
15.0098 	EXP 	polygon_2: opacity = 0.0
15.0098 	EXP 	polygon_2: fillColor = '[1. 1. 1.] (rgb)'
15.0264 	EXP 	displayPicture: image = '.\\resources\\makiroll.jpg'
15.0264 	EXP 	polygon_2: opacity = 0.0
15.0264 	EXP 	polygon_2: fillColor = '[1. 1. 1.] (rgb)'
15.0431 	EXP 	displayPicture: image = '.\\resources\\makiroll.jpg'
15.0431 	EXP 	polygon_2: opacity = 1.0
15.0431 	EXP 	polygon_2: fillColor = '[1. 1. 1.] (rgb)'
15.0598 	EXP 	displayPicture: image = '.\\resources\\makiroll.jpg'
15.0598 	EXP 	polygon_2: opacity = 1.0
15.0598 	EXP 	polygon_2: fillColor = '[1. 1. 1.] (rgb)'
15.0769 	EXP 	displayPicture: image = '.\\resources\\jeans01.jpg'
15.0769 	EXP 	polygon_2: opacity = 0.0
15.0769 	EXP 	polygon_2: fillColor = '[1. 1. 1.] (rgb)'
15.0931 	EXP 	displayPicture: image = '.\\resources\\jeans01.jpg'
15.0931 	EXP 	polygon_2: opacity = 0.0
15.0931 	EXP 	polygon_2: fillColor = '[1. 1. 1.] (rgb)'
15.1102 	EXP 	displayPicture: image = '.\\resources\\jeans01.jpg'
15.1102 	EXP 	polygon_2: opacity = 0.0
15.1102 	EXP 	polygon_2: fillColor = '[1. 1. 1.] (rgb)'
15.1265 	EXP 	displayPicture: image = '.\\resources\\jeans01.jpg'
15.1265 	EXP 	polygon_2: opacity = 1.0
15.1265 	EXP 	polygon_2: fillColor = '[1. 1. 1.] (rgb)'
15.1431 	EXP 	displayPicture: image = '.\\resources\\jeans01.jpg'
15.1431 	EXP 	polygon_2: opacity = 1.0
15.1431 	EXP 	polygon_2: fillColor = '[1. 1. 1.] (rgb)'
15.1597 	EXP 	displayPicture: image = '.\\resources\\calendar.jpg'
15.1597 	EXP 	polygon_2: opacity = 0.0
15.1597 	EXP 	polygon_2: fillColor = '[1. 1. 1.] (rgb)'
15.1769 	EXP 	displayPicture: image = '.\\resources\\calendar.jpg'
15.1769 	EXP 	polygon_2: opacity = 0.0
15.1769 	EXP 	polygon_2: fillColor = '[1. 1. 1.] (rgb)'
15.1931 	EXP 	displayPicture: image = '.\\resources\\calendar.jpg'
15.1931 	EXP 	polygon_2: opacity = 0.0
15.1931 	EXP 	polygon_2: fillColor = '[1. 1. 1.] (rgb)'
15.2097 	EXP 	displayPicture: image = '.\\resources\\calendar.jpg'
15.2097 	EXP 	polygon_2: opacity = 0.0
15.2097 	EXP 	polygon_2: fillColor = '[1. 1. 1.] (rgb)'
15.2269 	EXP 	displayPicture: image = '.\\resources\\calendar.jpg'
15.2269 	EXP 	polygon_2: opacity = 1.0
15.2269 	EXP 	polygon_2: fillColor = '[1. 1. 1.] (rgb)'
15.2431 	EXP 	displayPicture: image = '.\\resources\\bluejay.jpg'
15.2431 	EXP 	polygon_2: opacity = 0.0
15.2431 	EXP 	polygon_2: fillColor = '[1. 1. 1.] (rgb)'
15.2598 	EXP 	displayPicture: image = '.\\resources\\bluejay.jpg'
15.2598 	EXP 	polygon_2: opacity = 0.0
15.2598 	EXP 	polygon_2: fillColor = '[1. 1. 1.] (rgb)'
15.2764 	EXP 	displayPicture: image = '.\\resources\\bluejay.jpg'
15.2764 	EXP 	polygon_2: opacity = 0.0
15.2764 	EXP 	polygon_2: fillColor = '[1. 1. 1.] (rgb)'
15.2931 	EXP 	displayPicture: image = '.\\resources\\bluejay.jpg'
15.2931 	EXP 	polygon_2: opacity = 0.0
15.2931 	EXP 	polygon_2: fillColor = '[1. 1. 1.] (rgb)'
15.3097 	EXP 	displayPicture: image = '.\\resources\\bluejay.jpg'
15.3097 	EXP 	polygon_2: opacity = 1.0
15.3097 	EXP 	polygon_2: fillColor = '[1. 1. 1.] (rgb)'
15.3269 	EXP 	displayPicture: image = '.\\resources\\bluejay.jpg'
15.3269 	EXP 	polygon_2: opacity = 1.0
15.3269 	EXP 	polygon_2: fillColor = '[1. 1. 1.] (rgb)'
15.3431 	EXP 	displayPicture: image = '.\\resources\\sheep.jpg'
15.3431 	EXP 	polygon_2: opacity = 0.0
15.3431 	EXP 	polygon_2: fillColor = '[1. 1. 1.] (rgb)'
15.3597 	EXP 	displayPicture: image = '.\\resources\\sheep.jpg'
15.3597 	EXP 	polygon_2: opacity = 0.0
15.3597 	EXP 	polygon_2: fillColor = '[1. 1. 1.] (rgb)'
15.3768 	EXP 	displayPicture: image = '.\\resources\\sheep.jpg'
15.3768 	EXP 	polygon_2: opacity = 0.0
15.3768 	EXP 	polygon_2: fillColor = '[1. 1. 1.] (rgb)'
15.3931 	EXP 	displayPicture: image = '.\\resources\\sheep.jpg'
15.3931 	EXP 	polygon_2: opacity = 1.0
15.3931 	EXP 	polygon_2: fillColor = '[1. 1. 1.] (rgb)'
15.4097 	EXP 	displayPicture: image = '.\\resources\\sheep.jpg'
15.4097 	EXP 	polygon_2: opacity = 1.0
15.4097 	EXP 	polygon_2: fillColor = '[1. 1. 1.] (rgb)'
15.4435 	EXP 	displayPicture: image = '.\\resources\\ladder.jpg'
15.4435 	EXP 	polygon_2: opacity = 0.0
15.4435 	EXP 	polygon_2: fillColor = '[1. 1. 1.] (rgb)'
15.4598 	EXP 	displayPicture: image = '.\\resources\\ladder.jpg'
15.4598 	EXP 	polygon_2: opacity = 0.0
15.4598 	EXP 	polygon_2: fillColor = '[1. 1. 1.] (rgb)'
15.4764 	EXP 	displayPicture: image = '.\\resources\\ladder.jpg'
15.4764 	EXP 	polygon_2: opacity = 0.0
15.4764 	EXP 	polygon_2: fillColor = '[1. 1. 1.] (rgb)'
15.4931 	EXP 	displayPicture: image = '.\\resources\\ladder.jpg'
15.4931 	EXP 	polygon_2: opacity = 1.0
15.4931 	EXP 	polygon_2: fillColor = '[1. 1. 1.] (rgb)'
15.5102 	EXP 	displayPicture: image = '.\\resources\\ladder.jpg'
15.5102 	EXP 	polygon_2: opacity = 1.0
15.5102 	EXP 	polygon_2: fillColor = '[1. 1. 1.] (rgb)'
15.5264 	EXP 	displayPicture: image = '.\\resources\\drumstick.jpg'
15.5264 	EXP 	polygon_2: opacity = 0.0
15.5264 	EXP 	polygon_2: fillColor = '[1. 1. 1.] (rgb)'
15.5431 	EXP 	displayPicture: image = '.\\resources\\drumstick.jpg'
15.5431 	EXP 	polygon_2: opacity = 0.0
15.5431 	EXP 	polygon_2: fillColor = '[1. 1. 1.] (rgb)'
15.5602 	EXP 	displayPicture: image = '.\\resources\\drumstick.jpg'
15.5602 	EXP 	polygon_2: opacity = 0.0
15.5602 	EXP 	polygon_2: fillColor = '[1. 1. 1.] (rgb)'
15.5764 	EXP 	displayPicture: image = '.\\resources\\drumstick.jpg'
15.5764 	EXP 	polygon_2: opacity = 1.0
15.5764 	EXP 	polygon_2: fillColor = '[1. 1. 1.] (rgb)'
15.5937 	EXP 	displayPicture: image = '.\\resources\\drumstick.jpg'
15.5937 	EXP 	polygon_2: opacity = 1.0
15.5937 	EXP 	polygon_2: fillColor = '[1. 1. 1.] (rgb)'
15.6268 	EXP 	displayPicture: image = '.\\resources\\drumstick.jpg'
15.6268 	EXP 	polygon_2: opacity = 0.0
15.6268 	EXP 	polygon_2: fillColor = '[1. 1. 1.] (rgb)'
15.6268 	EXP 	displayPicture: autoDraw = False
15.6268 	EXP 	polygon_2: autoDraw = False
15.6268 	EXP 	option1_t1: image = '.\\resources\\jeans01.jpg'
15.6268 	EXP 	polygon_4: autoDraw = True
15.6268 	EXP 	option1_t1: autoDraw = True
16.8473 	DATA 	Keypress: right
16.8929 	EXP 	polygon_4: autoDraw = False
16.8929 	EXP 	option1_t1: autoDraw = False
16.8929 	EXP 	option1_t2: image = '.\\resources\\bluejay.jpg'
16.8929 	EXP 	polygon_5: autoDraw = True
16.8929 	EXP 	option1_t2: autoDraw = True
17.6511 	DATA 	Keypress: left
17.6596 	EXP 	polygon_5: autoDraw = False
17.6596 	EXP 	option1_t2: autoDraw = False
17.6596 	EXP 	feedbackText: text = '2/2 Correct'
17.6596 	EXP 	feedbackText: autoDraw = True
18.6478 	EXP 	New trial (rep=0, index=2): OrderedDict([('trialType', 'AB'), ('cndTyp', 'lag6'), ('lag', 6), ('T1_loc', 5), ('T2_loc', 11), ('stimLen', 0.06), ('isi', 0.03)])
18.6762 	EXP 	feedbackText: autoDraw = False
18.6762 	EXP 	feedbackText: autoDraw = False
18.6762 	EXP 	text: text = ''
18.6762 	EXP 	text: autoDraw = True
18.6762 	EXP 	text: autoDraw = False
18.6762 	EXP 	option1: image = '.\\resources\\magneticcompass.jpg'
18.6762 	EXP 	option2: image = '.\\resources\\dromedary.jpg'
18.6762 	EXP 	option1: autoDraw = True
18.6762 	EXP 	option2: autoDraw = True
21.1593 	EXP 	text_2: autoDraw = True
21.4260 	EXP 	option1: autoDraw = False
21.4260 	EXP 	option2: autoDraw = False
21.6760 	EXP 	text_2: autoDraw = False
21.6760 	EXP 	option1: autoDraw = False
21.6760 	EXP 	option2: autoDraw = False
21.6760 	EXP 	text_2: autoDraw = False
21.6760 	EXP 	displayPicture: autoDraw = True
21.6760 	EXP 	displayPicture: image = '.\\resources\\saxophone.jpg'
21.6760 	EXP 	polygon_2: autoDraw = True
21.6760 	EXP 	polygon_2: opacity = 0.0
21.6760 	EXP 	polygon_2: fillColor = '[1. 1. 1.] (rgb)'
21.6927 	EXP 	displayPicture: image = '.\\resources\\saxophone.jpg'
21.6927 	EXP 	polygon_2: opacity = 0.0
21.6927 	EXP 	polygon_2: fillColor = '[1. 1. 1.] (rgb)'
21.7093 	EXP 	displayPicture: image = '.\\resources\\saxophone.jpg'
21.7093 	EXP 	polygon_2: opacity = 1.0
21.7093 	EXP 	polygon_2: fillColor = '[1. 1. 1.] (rgb)'
21.7260 	EXP 	displayPicture: image = '.\\resources\\saxophone.jpg'
21.7260 	EXP 	polygon_2: opacity = 1.0
21.7260 	EXP 	polygon_2: fillColor = '[1. 1. 1.] (rgb)'
21.7426 	EXP 	displayPicture: image = '.\\resources\\hockeypuck.jpg'
21.7426 	EXP 	polygon_2: opacity = 0.0
21.7426 	EXP 	polygon_2: fillColor = '[1. 1. 1.] (rgb)'
21.7593 	EXP 	displayPicture: image = '.\\resources\\hockeypuck.jpg'
21.7593 	EXP 	polygon_2: opacity = 0.0
21.7593 	EXP 	polygon_2: fillColor = '[1. 1. 1.] (rgb)'
21.7759 	EXP 	displayPicture: image = '.\\resources\\hockeypuck.jpg'
21.7759 	EXP 	polygon_2: opacity = 0.0
21.7759 	EXP 	polygon_2: fillColor = '[1. 1. 1.] (rgb)'
21.7927 	EXP 	displayPicture: image = '.\\resources\\hockeypuck.jpg'
21.7927 	EXP 	polygon_2: opacity = 0.0
21.7927 	EXP 	polygon_2: fillColor = '[1. 1. 1.] (rgb)'
21.8093 	EXP 	displayPicture: image = '.\\resources\\hockeypuck.jpg'
21.8093 	EXP 	polygon_2: opacity = 1.0
21.8093 	EXP 	polygon_2: fillColor = '[1. 1. 1.] (rgb)'
21.8259 	EXP 	displayPicture: image = '.\\resources\\hockeypuck.jpg'
21.8259 	EXP 	polygon_2: opacity = 1.0
21.8259 	EXP 	polygon_2: fillColor = '[1. 1. 1.] (rgb)'
21.8426 	EXP 	displayPicture: image = '.\\resources\\sheep.jpg'
21.8426 	EXP 	polygon_2: opacity = 0.0
21.8426 	EXP 	polygon_2: fillColor = '[1. 1. 1.] (rgb)'
21.8593 	EXP 	displayPicture: image = '.\\resources\\sheep.jpg'
21.8593 	EXP 	polygon_2: opacity = 0.0
21.8593 	EXP 	polygon_2: fillColor = '[1. 1. 1.] (rgb)'
21.8760 	EXP 	displayPicture: image = '.\\resources\\sheep.jpg'
21.8760 	EXP 	polygon_2: opacity = 0.0
21.8760 	EXP 	polygon_2: fillColor = '[1. 1. 1.] (rgb)'
21.8927 	EXP 	displayPicture: image = '.\\resources\\sheep.jpg'
21.8927 	EXP 	polygon_2: opacity = 1.0
21.8927 	EXP 	polygon_2: fillColor = '[1. 1. 1.] (rgb)'
21.9093 	EXP 	displayPicture: image = '.\\resources\\sheep.jpg'
21.9093 	EXP 	polygon_2: opacity = 1.0
21.9093 	EXP 	polygon_2: fillColor = '[1. 1. 1.] (rgb)'
21.9259 	EXP 	displayPicture: image = '.\\resources\\doghouse.jpg'
21.9259 	EXP 	polygon_2: opacity = 0.0
21.9259 	EXP 	polygon_2: fillColor = '[1. 1. 1.] (rgb)'
21.9426 	EXP 	displayPicture: image = '.\\resources\\doghouse.jpg'
21.9426 	EXP 	polygon_2: opacity = 0.0
21.9426 	EXP 	polygon_2: fillColor = '[1. 1. 1.] (rgb)'
21.9593 	EXP 	displayPicture: image = '.\\resources\\doghouse.jpg'
21.9593 	EXP 	polygon_2: opacity = 0.0
21.9593 	EXP 	polygon_2: fillColor = '[1. 1. 1.] (rgb)'
21.9759 	EXP 	displayPicture: image = '.\\resources\\doghouse.jpg'
21.9759 	EXP 	polygon_2: opacity = 0.0
21.9759 	EXP 	polygon_2: fillColor = '[1. 1. 1.] (rgb)'
21.9926 	EXP 	displayPicture: image = '.\\resources\\doghouse.jpg'
21.9926 	EXP 	polygon_2: opacity = 1.0
21.9926 	EXP 	polygon_2: fillColor = '[1. 1. 1.] (rgb)'
22.0093 	EXP 	displayPicture: image = '.\\resources\\magneticcompass.jpg'
22.0093 	EXP 	polygon_2: opacity = 0.0
22.0093 	EXP 	polygon_2: fillColor = '[1. 1. 1.] (rgb)'
22.0259 	EXP 	displayPicture: image = '.\\resources\\magneticcompass.jpg'
22.0259 	EXP 	polygon_2: opacity = 0.0
22.0259 	EXP 	polygon_2: fillColor = '[1. 1. 1.] (rgb)'
22.0426 	EXP 	displayPicture: image = '.\\resources\\magneticcompass.jpg'
22.0426 	EXP 	polygon_2: opacity = 0.0
22.0426 	EXP 	polygon_2: fillColor = '[1. 1. 1.] (rgb)'
22.0593 	EXP 	displayPicture: image = '.\\resources\\magneticcompass.jpg'
22.0593 	EXP 	polygon_2: opacity = 0.0
22.0593 	EXP 	polygon_2: fillColor = '[1. 1. 1.] (rgb)'
22.0759 	EXP 	displayPicture: image = '.\\resources\\magneticcompass.jpg'
22.0759 	EXP 	polygon_2: opacity = 1.0
22.0759 	EXP 	polygon_2: fillColor = '[1. 1. 1.] (rgb)'
22.0926 	EXP 	displayPicture: image = '.\\resources\\magneticcompass.jpg'
22.0926 	EXP 	polygon_2: opacity = 1.0
22.0926 	EXP 	polygon_2: fillColor = '[1. 1. 1.] (rgb)'
22.1093 	EXP 	displayPicture: image = '.\\resources\\drumstick.jpg'
22.1093 	EXP 	polygon_2: opacity = 0.0
22.1093 	EXP 	polygon_2: fillColor = '[1. 1. 1.] (rgb)'
22.1259 	EXP 	displayPicture: image = '.\\resources\\drumstick.jpg'
22.1259 	EXP 	polygon_2: opacity = 0.0
22.1259 	EXP 	polygon_2: fillColor = '[1. 1. 1.] (rgb)'
22.1426 	EXP 	displayPicture: image = '.\\resources\\drumstick.jpg'
22.1426 	EXP 	polygon_2: opacity = 0.0
22.1426 	EXP 	polygon_2: fillColor = '[1. 1. 1.] (rgb)'
22.1593 	EXP 	displayPicture: image = '.\\resources\\drumstick.jpg'
22.1593 	EXP 	polygon_2: opacity = 1.0
22.1593 	EXP 	polygon_2: fillColor = '[1. 1. 1.] (rgb)'
22.1759 	EXP 	displayPicture: image = '.\\resources\\drumstick.jpg'
22.1759 	EXP 	polygon_2: opacity = 1.0
22.1759 	EXP 	polygon_2: fillColor = '[1. 1. 1.] (rgb)'
22.1926 	EXP 	displayPicture: image = '.\\resources\\lawnmower.jpg'
22.1926 	EXP 	polygon_2: opacity = 0.0
22.1926 	EXP 	polygon_2: fillColor = '[1. 1. 1.] (rgb)'
22.2092 	EXP 	displayPicture: image = '.\\resources\\lawnmower.jpg'
22.2092 	EXP 	polygon_2: opacity = 0.0
22.2092 	EXP 	polygon_2: fillColor = '[1. 1. 1.] (rgb)'
22.2259 	EXP 	displayPicture: image = '.\\resources\\lawnmower.jpg'
22.2259 	EXP 	polygon_2: opacity = 0.0
22.2259 	EXP 	polygon_2: fillColor = '[1. 1. 1.] (rgb)'
22.2426 	EXP 	displayPicture: image = '.\\resources\\lawnmower.jpg'
22.2426 	EXP 	polygon_2: opacity = 0.0
22.2426 	EXP 	polygon_2: fillColor = '[1. 1. 1.] (rgb)'
22.2593 	EXP 	displayPicture: image = '.\\resources\\lawnmower.jpg'
22.2593 	EXP 	polygon_2: opacity = 1.0
22.2593 	EXP 	polygon_2: fillColor = '[1. 1. 1.] (rgb)'
22.2759 	EXP 	displayPicture: image = '.\\resources\\lawnmower.jpg'
22.2759 	EXP 	polygon_2: opacity = 1.0
22.2759 	EXP 	polygon_2: fillColor = '[1. 1. 1.] (rgb)'
22.2926 	EXP 	displayPicture: image = '.\\resources\\bridge.jpg'
22.2926 	EXP 	polygon_2: opacity = 0.0
22.2926 	EXP 	polygon_2: fillColor = '[1. 1. 1.] (rgb)'
22.3093 	EXP 	displayPicture: image = '.\\resources\\bridge.jpg'
22.3093 	EXP 	polygon_2: opacity = 0.0
22.3093 	EXP 	polygon_2: fillColor = '[1. 1. 1.] (rgb)'
22.3259 	EXP 	displayPicture: image = '.\\resources\\bridge.jpg'
22.3259 	EXP 	polygon_2: opacity = 0.0
22.3259 	EXP 	polygon_2: fillColor = '[1. 1. 1.] (rgb)'
22.3426 	EXP 	displayPicture: image = '.\\resources\\bridge.jpg'
22.3426 	EXP 	polygon_2: opacity = 1.0
22.3426 	EXP 	polygon_2: fillColor = '[1. 1. 1.] (rgb)'
22.3593 	EXP 	displayPicture: image = '.\\resources\\bridge.jpg'
22.3593 	EXP 	polygon_2: opacity = 1.0
22.3593 	EXP 	polygon_2: fillColor = '[1. 1. 1.] (rgb)'
22.3759 	EXP 	displayPicture: image = '.\\resources\\horseshoe.jpg'
22.3759 	EXP 	polygon_2: opacity = 0.0
22.3759 	EXP 	polygon_2: fillColor = '[1. 1. 1.] (rgb)'
22.3926 	EXP 	displayPicture: image = '.\\resources\\horseshoe.jpg'
22.3926 	EXP 	polygon_2: opacity = 0.0
22.3926 	EXP 	polygon_2: fillColor = '[1. 1. 1.] (rgb)'
22.4092 	EXP 	displayPicture: image = '.\\resources\\horseshoe.jpg'
22.4092 	EXP 	polygon_2: opacity = 0.0
22.4092 	EXP 	polygon_2: fillColor = '[1. 1. 1.] (rgb)'
22.4259 	EXP 	displayPicture: image = '.\\resources\\horseshoe.jpg'
22.4259 	EXP 	polygon_2: opacity = 0.0
22.4259 	EXP 	polygon_2: fillColor = '[1. 1. 1.] (rgb)'
22.4426 	EXP 	displayPicture: image = '.\\resources\\horseshoe.jpg'
22.4426 	EXP 	polygon_2: opacity = 1.0
22.4426 	EXP 	polygon_2: fillColor = '[1. 1. 1.] (rgb)'
22.4592 	EXP 	displayPicture: image = '.\\resources\\slug.jpg'
22.4592 	EXP 	polygon_2: opacity = 0.0
22.4592 	EXP 	polygon_2: fillColor = '[1. 1. 1.] (rgb)'
22.4759 	EXP 	displayPicture: image = '.\\resources\\slug.jpg'
22.4759 	EXP 	polygon_2: opacity = 0.0
22.4759 	EXP 	polygon_2: fillColor = '[1. 1. 1.] (rgb)'
22.4926 	EXP 	displayPicture: image = '.\\resources\\slug.jpg'
22.4926 	EXP 	polygon_2: opacity = 0.0
22.4926 	EXP 	polygon_2: fillColor = '[1. 1. 1.] (rgb)'
22.5092 	EXP 	displayPicture: image = '.\\resources\\slug.jpg'
22.5092 	EXP 	polygon_2: opacity = 0.0
22.5092 	EXP 	polygon_2: fillColor = '[1. 1. 1.] (rgb)'
22.5259 	EXP 	displayPicture: image = '.\\resources\\slug.jpg'
22.5259 	EXP 	polygon_2: opacity = 1.0
22.5259 	EXP 	polygon_2: fillColor = '[1. 1. 1.] (rgb)'
22.5426 	EXP 	displayPicture: image = '.\\resources\\slug.jpg'
22.5426 	EXP 	polygon_2: opacity = 1.0
22.5426 	EXP 	polygon_2: fillColor = '[1. 1. 1.] (rgb)'
22.5593 	EXP 	displayPicture: image = '.\\resources\\dromedary.jpg'
22.5593 	EXP 	polygon_2: opacity = 0.0
22.5593 	EXP 	polygon_2: fillColor = '[1. 1. 1.] (rgb)'
22.5759 	EXP 	displayPicture: image = '.\\resources\\dromedary.jpg'
22.5759 	EXP 	polygon_2: opacity = 0.0
22.5759 	EXP 	polygon_2: fillColor = '[1. 1. 1.] (rgb)'
22.5926 	EXP 	displayPicture: image = '.\\resources\\dromedary.jpg'
22.5926 	EXP 	polygon_2: opacity = 0.0
22.5926 	EXP 	polygon_2: fillColor = '[1. 1. 1.] (rgb)'
22.6092 	EXP 	displayPicture: image = '.\\resources\\dromedary.jpg'
22.6092 	EXP 	polygon_2: opacity = 1.0
22.6092 	EXP 	polygon_2: fillColor = '[1. 1. 1.] (rgb)'
22.6259 	EXP 	displayPicture: image = '.\\resources\\dromedary.jpg'
22.6259 	EXP 	polygon_2: opacity = 1.0
22.6259 	EXP 	polygon_2: fillColor = '[1. 1. 1.] (rgb)'
22.6426 	EXP 	displayPicture: image = '.\\resources\\drumset.jpg'
22.6426 	EXP 	polygon_2: opacity = 0.0
22.6426 	EXP 	polygon_2: fillColor = '[1. 1. 1.] (rgb)'
22.6592 	EXP 	displayPicture: image = '.\\resources\\drumset.jpg'
22.6592 	EXP 	polygon_2: opacity = 0.0
22.6592 	EXP 	polygon_2: fillColor = '[1. 1. 1.] (rgb)'
22.6759 	EXP 	displayPicture: image = '.\\resources\\drumset.jpg'
22.6759 	EXP 	polygon_2: opacity = 0.0
22.6759 	EXP 	polygon_2: fillColor = '[1. 1. 1.] (rgb)'
22.6925 	EXP 	displayPicture: image = '.\\resources\\drumset.jpg'
22.6925 	EXP 	polygon_2: opacity = 0.0
22.6925 	EXP 	polygon_2: fillColor = '[1. 1. 1.] (rgb)'
22.7092 	EXP 	displayPicture: image = '.\\resources\\drumset.jpg'
22.7092 	EXP 	polygon_2: opacity = 1.0
22.7092 	EXP 	polygon_2: fillColor = '[1. 1. 1.] (rgb)'
22.7259 	EXP 	displayPicture: image = '.\\resources\\drumset.jpg'
22.7259 	EXP 	polygon_2: opacity = 1.0
22.7259 	EXP 	polygon_2: fillColor = '[1. 1. 1.] (rgb)'
22.7425 	EXP 	displayPicture: image = '.\\resources\\bluejay.jpg'
22.7425 	EXP 	polygon_2: opacity = 0.0
22.7425 	EXP 	polygon_2: fillColor = '[1. 1. 1.] (rgb)'
22.7592 	EXP 	displayPicture: image = '.\\resources\\bluejay.jpg'
22.7592 	EXP 	polygon_2: opacity = 0.0
22.7592 	EXP 	polygon_2: fillColor = '[1. 1. 1.] (rgb)'
22.7759 	EXP 	displayPicture: image = '.\\resources\\bluejay.jpg'
22.7759 	EXP 	polygon_2: opacity = 0.0
22.7759 	EXP 	polygon_2: fillColor = '[1. 1. 1.] (rgb)'
22.7926 	EXP 	displayPicture: image = '.\\resources\\bluejay.jpg'
22.7926 	EXP 	polygon_2: opacity = 1.0
22.7926 	EXP 	polygon_2: fillColor = '[1. 1. 1.] (rgb)'
22.8092 	EXP 	displayPicture: image = '.\\resources\\bluejay.jpg'
22.8092 	EXP 	polygon_2: opacity = 1.0
22.8092 	EXP 	polygon_2: fillColor = '[1. 1. 1.] (rgb)'
22.8259 	EXP 	displayPicture: image = '.\\resources\\parkfountain.jpg'
22.8259 	EXP 	polygon_2: opacity = 0.0
22.8259 	EXP 	polygon_2: fillColor = '[1. 1. 1.] (rgb)'
22.8426 	EXP 	displayPicture: image = '.\\resources\\parkfountain.jpg'
22.8426 	EXP 	polygon_2: opacity = 0.0
22.8426 	EXP 	polygon_2: fillColor = '[1. 1. 1.] (rgb)'
22.8592 	EXP 	displayPicture: image = '.\\resources\\parkfountain.jpg'
22.8592 	EXP 	polygon_2: opacity = 0.0
22.8592 	EXP 	polygon_2: fillColor = '[1. 1. 1.] (rgb)'
22.8759 	EXP 	displayPicture: image = '.\\resources\\parkfountain.jpg'
22.8759 	EXP 	polygon_2: opacity = 0.0
22.8759 	EXP 	polygon_2: fillColor = '[1. 1. 1.] (rgb)'
22.8926 	EXP 	displayPicture: image = '.\\resources\\parkfountain.jpg'
22.8926 	EXP 	polygon_2: opacity = 1.0
22.8926 	EXP 	polygon_2: fillColor = '[1. 1. 1.] (rgb)'
22.9259 	EXP 	displayPicture: image = '.\\resources\\parkfountain.jpg'
22.9259 	EXP 	polygon_2: opacity = 0.0
22.9259 	EXP 	polygon_2: fillColor = '[1. 1. 1.] (rgb)'
22.9259 	EXP 	displayPicture: autoDraw = False
22.9259 	EXP 	polygon_2: autoDraw = False
22.9259 	EXP 	option1_t1: image = '.\\resources\\magneticcompass.jpg'
22.9259 	EXP 	polygon_4: autoDraw = True
22.9259 	EXP 	option1_t1: autoDraw = True
23.4171 	DATA 	Keypress: right
23.4425 	EXP 	polygon_4: autoDraw = False
23.4425 	EXP 	option1_t1: autoDraw = False
23.4425 	EXP 	option1_t2: image = '.\\resources\\dromedary.jpg'
23.4425 	EXP 	polygon_5: autoDraw = True
23.4425 	EXP 	option1_t2: autoDraw = True
24.0512 	DATA 	Keypress: right
24.0758 	EXP 	polygon_5: autoDraw = False
24.0758 	EXP 	option1_t2: autoDraw = False
24.0758 	EXP 	feedbackText: text = '2/2 Correct'
24.0758 	EXP 	feedbackText: autoDraw = True
25.0614 	EXP 	New trial (rep=0, index=3): OrderedDict([('trialType', 'AB'), ('cndTyp', 'lag3'), ('lag', 3), ('T1_loc', 4), ('T2_loc', 7), ('stimLen', 0.06), ('isi', 0.03)])
25.0924 	EXP 	feedbackText: autoDraw = False
25.0924 	EXP 	text: text = ''
25.0924 	EXP 	text: autoDraw = True
25.0924 	EXP 	text: autoDraw = False
25.0924 	EXP 	option1: image = '.\\resources\\sheep.jpg'
25.0924 	EXP 	option2: image = '.\\resources\\crab01.jpg'
25.0924 	EXP 	option1: autoDraw = True
25.0924 	EXP 	option2: autoDraw = True
27.5756 	EXP 	text_2: autoDraw = True
27.8422 	EXP 	option1: autoDraw = False
27.8422 	EXP 	option2: autoDraw = False
28.0755 	EXP 	text_2: autoDraw = False
28.0755 	EXP 	option1: autoDraw = False
28.0755 	EXP 	option2: autoDraw = False
28.0755 	EXP 	text_2: autoDraw = False
28.0755 	EXP 	displayPicture: autoDraw = True
28.0755 	EXP 	displayPicture: image = '.\\resources\\ladder.jpg'
28.0755 	EXP 	polygon_2: autoDraw = True
28.0755 	EXP 	polygon_2: opacity = 0.0
28.0755 	EXP 	polygon_2: fillColor = '[1. 1. 1.] (rgb)'
28.0922 	EXP 	displayPicture: image = '.\\resources\\ladder.jpg'
28.0922 	EXP 	polygon_2: opacity = 0.0
28.0922 	EXP 	polygon_2: fillColor = '[1. 1. 1.] (rgb)'
28.1089 	EXP 	displayPicture: image = '.\\resources\\ladder.jpg'
28.1089 	EXP 	polygon_2: opacity = 0.0
28.1089 	EXP 	polygon_2: fillColor = '[1. 1. 1.] (rgb)'
28.1255 	EXP 	displayPicture: image = '.\\resources\\ladder.jpg'
28.1255 	EXP 	polygon_2: opacity = 1.0
28.1255 	EXP 	polygon_2: fillColor = '[1. 1. 1.] (rgb)'
28.1422 	EXP 	displayPicture: image = '.\\resources\\ladder.jpg'
28.1422 	EXP 	polygon_2: opacity = 1.0
28.1422 	EXP 	polygon_2: fillColor = '[1. 1. 1.] (rgb)'
28.1589 	EXP 	displayPicture: image = '.\\resources\\scooter.jpg'
28.1589 	EXP 	polygon_2: opacity = 0.0
28.1589 	EXP 	polygon_2: fillColor = '[1. 1. 1.] (rgb)'
28.1755 	EXP 	displayPicture: image = '.\\resources\\scooter.jpg'
28.1755 	EXP 	polygon_2: opacity = 0.0
28.1755 	EXP 	polygon_2: fillColor = '[1. 1. 1.] (rgb)'
28.1922 	EXP 	displayPicture: image = '.\\resources\\scooter.jpg'
28.1922 	EXP 	polygon_2: opacity = 0.0
28.1922 	EXP 	polygon_2: fillColor = '[1. 1. 1.] (rgb)'
28.2089 	EXP 	displayPicture: image = '.\\resources\\scooter.jpg'
28.2089 	EXP 	polygon_2: opacity = 0.0
28.2089 	EXP 	polygon_2: fillColor = '[1. 1. 1.] (rgb)'
28.2255 	EXP 	displayPicture: image = '.\\resources\\scooter.jpg'
28.2255 	EXP 	polygon_2: opacity = 1.0
28.2255 	EXP 	polygon_2: fillColor = '[1. 1. 1.] (rgb)'
28.2422 	EXP 	displayPicture: image = '.\\resources\\scooter.jpg'
28.2422 	EXP 	polygon_2: opacity = 1.0
28.2422 	EXP 	polygon_2: fillColor = '[1. 1. 1.] (rgb)'
28.2755 	EXP 	displayPicture: image = '.\\resources\\floorlamp.jpg'
28.2755 	EXP 	polygon_2: opacity = 0.0
28.2755 	EXP 	polygon_2: fillColor = '[1. 1. 1.] (rgb)'
28.2922 	EXP 	displayPicture: image = '.\\resources\\floorlamp.jpg'
28.2922 	EXP 	polygon_2: opacity = 0.0
28.2922 	EXP 	polygon_2: fillColor = '[1. 1. 1.] (rgb)'
28.3088 	EXP 	displayPicture: image = '.\\resources\\floorlamp.jpg'
28.3088 	EXP 	polygon_2: opacity = 1.0
28.3088 	EXP 	polygon_2: fillColor = '[1. 1. 1.] (rgb)'
28.3256 	EXP 	displayPicture: image = '.\\resources\\floorlamp.jpg'
28.3256 	EXP 	polygon_2: opacity = 1.0
28.3256 	EXP 	polygon_2: fillColor = '[1. 1. 1.] (rgb)'
28.3422 	EXP 	displayPicture: image = '.\\resources\\sheep.jpg'
28.3422 	EXP 	polygon_2: opacity = 0.0
28.3422 	EXP 	polygon_2: fillColor = '[1. 1. 1.] (rgb)'
28.3589 	EXP 	displayPicture: image = '.\\resources\\sheep.jpg'
28.3589 	EXP 	polygon_2: opacity = 0.0
28.3589 	EXP 	polygon_2: fillColor = '[1. 1. 1.] (rgb)'
28.3755 	EXP 	displayPicture: image = '.\\resources\\sheep.jpg'
28.3755 	EXP 	polygon_2: opacity = 0.0
28.3755 	EXP 	polygon_2: fillColor = '[1. 1. 1.] (rgb)'
28.3922 	EXP 	displayPicture: image = '.\\resources\\sheep.jpg'
28.3922 	EXP 	polygon_2: opacity = 0.0
28.3922 	EXP 	polygon_2: fillColor = '[1. 1. 1.] (rgb)'
28.4088 	EXP 	displayPicture: image = '.\\resources\\sheep.jpg'
28.4088 	EXP 	polygon_2: opacity = 1.0
28.4088 	EXP 	polygon_2: fillColor = '[1. 1. 1.] (rgb)'
28.4255 	EXP 	displayPicture: image = '.\\resources\\chimney.jpg'
28.4255 	EXP 	polygon_2: opacity = 0.0
28.4255 	EXP 	polygon_2: fillColor = '[1. 1. 1.] (rgb)'
28.4422 	EXP 	displayPicture: image = '.\\resources\\chimney.jpg'
28.4422 	EXP 	polygon_2: opacity = 0.0
28.4422 	EXP 	polygon_2: fillColor = '[1. 1. 1.] (rgb)'
28.4588 	EXP 	displayPicture: image = '.\\resources\\chimney.jpg'
28.4588 	EXP 	polygon_2: opacity = 0.0
28.4588 	EXP 	polygon_2: fillColor = '[1. 1. 1.] (rgb)'
28.4755 	EXP 	displayPicture: image = '.\\resources\\chimney.jpg'
28.4755 	EXP 	polygon_2: opacity = 0.0
28.4755 	EXP 	polygon_2: fillColor = '[1. 1. 1.] (rgb)'
28.4922 	EXP 	displayPicture: image = '.\\resources\\chimney.jpg'
28.4922 	EXP 	polygon_2: opacity = 1.0
28.4922 	EXP 	polygon_2: fillColor = '[1. 1. 1.] (rgb)'
28.5088 	EXP 	displayPicture: image = '.\\resources\\chimney.jpg'
28.5088 	EXP 	polygon_2: opacity = 1.0
28.5088 	EXP 	polygon_2: fillColor = '[1. 1. 1.] (rgb)'
28.5255 	EXP 	displayPicture: image = '.\\resources\\harmonica.jpg'
28.5255 	EXP 	polygon_2: opacity = 0.0
28.5255 	EXP 	polygon_2: fillColor = '[1. 1. 1.] (rgb)'
28.5422 	EXP 	displayPicture: image = '.\\resources\\harmonica.jpg'
28.5422 	EXP 	polygon_2: opacity = 0.0
28.5422 	EXP 	polygon_2: fillColor = '[1. 1. 1.] (rgb)'
28.5588 	EXP 	displayPicture: image = '.\\resources\\harmonica.jpg'
28.5588 	EXP 	polygon_2: opacity = 0.0
28.5588 	EXP 	polygon_2: fillColor = '[1. 1. 1.] (rgb)'
28.5755 	EXP 	displayPicture: image = '.\\resources\\harmonica.jpg'
28.5755 	EXP 	polygon_2: opacity = 1.0
28.5755 	EXP 	polygon_2: fillColor = '[1. 1. 1.] (rgb)'
28.5922 	EXP 	displayPicture: image = '.\\resources\\harmonica.jpg'
28.5922 	EXP 	polygon_2: opacity = 1.0
28.5922 	EXP 	polygon_2: fillColor = '[1. 1. 1.] (rgb)'
28.6088 	EXP 	displayPicture: image = '.\\resources\\crab01.jpg'
28.6088 	EXP 	polygon_2: opacity = 0.0
28.6088 	EXP 	polygon_2: fillColor = '[1. 1. 1.] (rgb)'
28.6255 	EXP 	displayPicture: image = '.\\resources\\crab01.jpg'
28.6255 	EXP 	polygon_2: opacity = 0.0
28.6255 	EXP 	polygon_2: fillColor = '[1. 1. 1.] (rgb)'
28.6422 	EXP 	displayPicture: image = '.\\resources\\crab01.jpg'
28.6422 	EXP 	polygon_2: opacity = 0.0
28.6422 	EXP 	polygon_2: fillColor = '[1. 1. 1.] (rgb)'
28.6588 	EXP 	displayPicture: image = '.\\resources\\crab01.jpg'
28.6588 	EXP 	polygon_2: opacity = 0.0
28.6588 	EXP 	polygon_2: fillColor = '[1. 1. 1.] (rgb)'
28.6755 	EXP 	displayPicture: image = '.\\resources\\crab01.jpg'
28.6755 	EXP 	polygon_2: opacity = 1.0
28.6755 	EXP 	polygon_2: fillColor = '[1. 1. 1.] (rgb)'
28.6922 	EXP 	displayPicture: image = '.\\resources\\crab01.jpg'
28.6922 	EXP 	polygon_2: opacity = 1.0
28.6922 	EXP 	polygon_2: fillColor = '[1. 1. 1.] (rgb)'
28.7088 	EXP 	displayPicture: image = '.\\resources\\magneticcompass.jpg'
28.7088 	EXP 	polygon_2: opacity = 0.0
28.7088 	EXP 	polygon_2: fillColor = '[1. 1. 1.] (rgb)'
28.7255 	EXP 	displayPicture: image = '.\\resources\\magneticcompass.jpg'
28.7255 	EXP 	polygon_2: opacity = 0.0
28.7255 	EXP 	polygon_2: fillColor = '[1. 1. 1.] (rgb)'
28.7422 	EXP 	displayPicture: image = '.\\resources\\magneticcompass.jpg'
28.7422 	EXP 	polygon_2: opacity = 0.0
28.7422 	EXP 	polygon_2: fillColor = '[1. 1. 1.] (rgb)'
28.7589 	EXP 	displayPicture: image = '.\\resources\\magneticcompass.jpg'
28.7589 	EXP 	polygon_2: opacity = 1.0
28.7589 	EXP 	polygon_2: fillColor = '[1. 1. 1.] (rgb)'
28.7755 	EXP 	displayPicture: image = '.\\resources\\magneticcompass.jpg'
28.7755 	EXP 	polygon_2: opacity = 1.0
28.7755 	EXP 	polygon_2: fillColor = '[1. 1. 1.] (rgb)'
28.7922 	EXP 	displayPicture: image = '.\\resources\\bridge.jpg'
28.7922 	EXP 	polygon_2: opacity = 0.0
28.7922 	EXP 	polygon_2: fillColor = '[1. 1. 1.] (rgb)'
28.8089 	EXP 	displayPicture: image = '.\\resources\\bridge.jpg'
28.8089 	EXP 	polygon_2: opacity = 0.0
28.8089 	EXP 	polygon_2: fillColor = '[1. 1. 1.] (rgb)'
28.8255 	EXP 	displayPicture: image = '.\\resources\\bridge.jpg'
28.8255 	EXP 	polygon_2: opacity = 0.0
28.8255 	EXP 	polygon_2: fillColor = '[1. 1. 1.] (rgb)'
28.8421 	EXP 	displayPicture: image = '.\\resources\\bridge.jpg'
28.8421 	EXP 	polygon_2: opacity = 0.0
28.8421 	EXP 	polygon_2: fillColor = '[1. 1. 1.] (rgb)'
28.8588 	EXP 	displayPicture: image = '.\\resources\\bridge.jpg'
28.8588 	EXP 	polygon_2: opacity = 1.0
28.8588 	EXP 	polygon_2: fillColor = '[1. 1. 1.] (rgb)'
28.8755 	EXP 	displayPicture: image = '.\\resources\\bluejay.jpg'
28.8755 	EXP 	polygon_2: opacity = 0.0
28.8755 	EXP 	polygon_2: fillColor = '[1. 1. 1.] (rgb)'
28.8922 	EXP 	displayPicture: image = '.\\resources\\bluejay.jpg'
28.8922 	EXP 	polygon_2: opacity = 0.0
28.8922 	EXP 	polygon_2: fillColor = '[1. 1. 1.] (rgb)'
28.9088 	EXP 	displayPicture: image = '.\\resources\\bluejay.jpg'
28.9088 	EXP 	polygon_2: opacity = 0.0
28.9088 	EXP 	polygon_2: fillColor = '[1. 1. 1.] (rgb)'
28.9255 	EXP 	displayPicture: image = '.\\resources\\bluejay.jpg'
28.9255 	EXP 	polygon_2: opacity = 0.0
28.9255 	EXP 	polygon_2: fillColor = '[1. 1. 1.] (rgb)'
28.9422 	EXP 	displayPicture: image = '.\\resources\\bluejay.jpg'
28.9422 	EXP 	polygon_2: opacity = 1.0
28.9422 	EXP 	polygon_2: fillColor = '[1. 1. 1.] (rgb)'
28.9588 	EXP 	displayPicture: image = '.\\resources\\bluejay.jpg'
28.9588 	EXP 	polygon_2: opacity = 1.0
28.9588 	EXP 	polygon_2: fillColor = '[1. 1. 1.] (rgb)'
28.9921 	EXP 	displayPicture: image = '.\\resources\\bluejay.jpg'
28.9921 	EXP 	polygon_2: opacity = 0.0
28.9921 	EXP 	polygon_2: fillColor = '[1. 1. 1.] (rgb)'
28.9921 	EXP 	displayPicture: autoDraw = False
28.9921 	EXP 	polygon_2: autoDraw = False
28.9921 	EXP 	option1_t1: image = '.\\resources\\sheep.jpg'
28.9921 	EXP 	polygon_4: autoDraw = True
28.9921 	EXP 	option1_t1: autoDraw = True
29.6667 	DATA 	Keypress: right
29.6921 	EXP 	polygon_4: autoDraw = False
29.6921 	EXP 	option1_t1: autoDraw = False
29.6921 	EXP 	option1_t2: image = '.\\resources\\crab01.jpg'
29.6921 	EXP 	polygon_5: autoDraw = True
29.6921 	EXP 	option1_t2: autoDraw = True
30.1301 	DATA 	Keypress: right
30.1588 	EXP 	polygon_5: autoDraw = False
30.1588 	EXP 	option1_t2: autoDraw = False
30.1588 	EXP 	feedbackText: text = '2/2 Correct'
30.1588 	EXP 	feedbackText: autoDraw = True
31.1457 	EXP 	New trial (rep=0, index=4): OrderedDict([('trialType', 'AB'), ('cndTyp', 'lag4'), ('lag', 4), ('T1_loc', 3), ('T2_loc', 7), ('stimLen', 0.06), ('isi', 0.03)])
31.1754 	EXP 	feedbackText: autoDraw = False
31.1754 	EXP 	feedbackText: autoDraw = False
31.1754 	EXP 	text: text = ''
31.1754 	EXP 	text: autoDraw = True
31.1754 	EXP 	text: autoDraw = False
31.1754 	EXP 	option1: image = '.\\resources\\golfball.jpg'
31.1754 	EXP 	option2: image = '.\\resources\\funnel.jpg'
31.1754 	EXP 	option1: autoDraw = True
31.1754 	EXP 	option2: autoDraw = True
33.6589 	EXP 	text_2: autoDraw = True
33.9251 	EXP 	option1: autoDraw = False
33.9251 	EXP 	option2: autoDraw = False
34.1585 	EXP 	text_2: autoDraw = False
34.1585 	EXP 	option1: autoDraw = False
34.1585 	EXP 	option2: autoDraw = False
34.1585 	EXP 	text_2: autoDraw = False
34.1585 	EXP 	displayPicture: autoDraw = True
34.1585 	EXP 	displayPicture: image = '.\\resources\\dromedary.jpg'
34.1585 	EXP 	polygon_2: autoDraw = True
34.1585 	EXP 	polygon_2: opacity = 0.0
34.1585 	EXP 	polygon_2: fillColor = '[1. 1. 1.] (rgb)'
34.1751 	EXP 	displayPicture: image = '.\\resources\\dromedary.jpg'
34.1751 	EXP 	polygon_2: opacity = 0.0
34.1751 	EXP 	polygon_2: fillColor = '[1. 1. 1.] (rgb)'
34.1918 	EXP 	displayPicture: image = '.\\resources\\dromedary.jpg'
34.1918 	EXP 	polygon_2: opacity = 0.0
34.1918 	EXP 	polygon_2: fillColor = '[1. 1. 1.] (rgb)'
34.2085 	EXP 	displayPicture: image = '.\\resources\\dromedary.jpg'
34.2085 	EXP 	polygon_2: opacity = 1.0
34.2085 	EXP 	polygon_2: fillColor = '[1. 1. 1.] (rgb)'
34.2251 	EXP 	displayPicture: image = '.\\resources\\dromedary.jpg'
34.2251 	EXP 	polygon_2: opacity = 1.0
34.2251 	EXP 	polygon_2: fillColor = '[1. 1. 1.] (rgb)'
34.2418 	EXP 	displayPicture: image = '.\\resources\\calendar.jpg'
34.2418 	EXP 	polygon_2: opacity = 0.0
34.2418 	EXP 	polygon_2: fillColor = '[1. 1. 1.] (rgb)'
34.2585 	EXP 	displayPicture: image = '.\\resources\\calendar.jpg'
34.2585 	EXP 	polygon_2: opacity = 0.0
34.2585 	EXP 	polygon_2: fillColor = '[1. 1. 1.] (rgb)'
34.2751 	EXP 	displayPicture: image = '.\\resources\\calendar.jpg'
34.2751 	EXP 	polygon_2: opacity = 0.0
34.2751 	EXP 	polygon_2: fillColor = '[1. 1. 1.] (rgb)'
34.2918 	EXP 	displayPicture: image = '.\\resources\\calendar.jpg'
34.2918 	EXP 	polygon_2: opacity = 0.0
34.2918 	EXP 	polygon_2: fillColor = '[1. 1. 1.] (rgb)'
34.3085 	EXP 	displayPicture: image = '.\\resources\\calendar.jpg'
34.3085 	EXP 	polygon_2: opacity = 1.0
34.3085 	EXP 	polygon_2: fillColor = '[1. 1. 1.] (rgb)'
34.3252 	EXP 	displayPicture: image = '.\\resources\\calendar.jpg'
34.3252 	EXP 	polygon_2: opacity = 1.0
34.3252 	EXP 	polygon_2: fillColor = '[1. 1. 1.] (rgb)'
34.3418 	EXP 	displayPicture: image = '.\\resources\\funnel.jpg'
34.3418 	EXP 	polygon_2: opacity = 0.0
34.3418 	EXP 	polygon_2: fillColor = '[1. 1. 1.] (rgb)'
34.3585 	EXP 	displayPicture: image = '.\\resources\\funnel.jpg'
34.3585 	EXP 	polygon_2: opacity = 0.0
34.3585 	EXP 	polygon_2: fillColor = '[1. 1. 1.] (rgb)'
34.3752 	EXP 	displayPicture: image = '.\\resources\\funnel.jpg'
34.3752 	EXP 	polygon_2: opacity = 0.0
34.3752 	EXP 	polygon_2: fillColor = '[1. 1. 1.] (rgb)'
34.3918 	EXP 	displayPicture: image = '.\\resources\\funnel.jpg'
34.3918 	EXP 	polygon_2: opacity = 1.0
34.3918 	EXP 	polygon_2: fillColor = '[1. 1. 1.] (rgb)'
34.4084 	EXP 	displayPicture: image = '.\\resources\\funnel.jpg'
34.4084 	EXP 	polygon_2: opacity = 1.0
34.4084 	EXP 	polygon_2: fillColor = '[1. 1. 1.] (rgb)'
34.4251 	EXP 	displayPicture: image = '.\\resources\\crab01.jpg'
34.4251 	EXP 	polygon_2: opacity = 0.0
34.4251 	EXP 	polygon_2: fillColor = '[1. 1. 1.] (rgb)'
34.4418 	EXP 	displayPicture: image = '.\\resources\\crab01.jpg'
34.4418 	EXP 	polygon_2: opacity = 0.0
34.4418 	EXP 	polygon_2: fillColor = '[1. 1. 1.] (rgb)'
34.4585 	EXP 	displayPicture: image = '.\\resources\\crab01.jpg'
34.4585 	EXP 	polygon_2: opacity = 0.0
34.4585 	EXP 	polygon_2: fillColor = '[1. 1. 1.] (rgb)'
34.4751 	EXP 	displayPicture: image = '.\\resources\\crab01.jpg'
34.4751 	EXP 	polygon_2: opacity = 0.0
34.4751 	EXP 	polygon_2: fillColor = '[1. 1. 1.] (rgb)'
34.4918 	EXP 	displayPicture: image = '.\\resources\\crab01.jpg'
34.4918 	EXP 	polygon_2: opacity = 1.0
34.4918 	EXP 	polygon_2: fillColor = '[1. 1. 1.] (rgb)'
34.5084 	EXP 	displayPicture: image = '.\\resources\\urinal.jpg'
34.5084 	EXP 	polygon_2: opacity = 0.0
34.5084 	EXP 	polygon_2: fillColor = '[1. 1. 1.] (rgb)'
34.5251 	EXP 	displayPicture: image = '.\\resources\\urinal.jpg'
34.5251 	EXP 	polygon_2: opacity = 0.0
34.5251 	EXP 	polygon_2: fillColor = '[1. 1. 1.] (rgb)'
34.5418 	EXP 	displayPicture: image = '.\\resources\\urinal.jpg'
34.5418 	EXP 	polygon_2: opacity = 0.0
34.5418 	EXP 	polygon_2: fillColor = '[1. 1. 1.] (rgb)'
34.5584 	EXP 	displayPicture: image = '.\\resources\\urinal.jpg'
34.5584 	EXP 	polygon_2: opacity = 0.0
34.5584 	EXP 	polygon_2: fillColor = '[1. 1. 1.] (rgb)'
34.5751 	EXP 	displayPicture: image = '.\\resources\\urinal.jpg'
34.5751 	EXP 	polygon_2: opacity = 1.0
34.5751 	EXP 	polygon_2: fillColor = '[1. 1. 1.] (rgb)'
34.5918 	EXP 	displayPicture: image = '.\\resources\\urinal.jpg'
34.5918 	EXP 	polygon_2: opacity = 1.0
34.5918 	EXP 	polygon_2: fillColor = '[1. 1. 1.] (rgb)'
34.6084 	EXP 	displayPicture: image = '.\\resources\\slug.jpg'
34.6084 	EXP 	polygon_2: opacity = 0.0
34.6084 	EXP 	polygon_2: fillColor = '[1. 1. 1.] (rgb)'
34.6251 	EXP 	displayPicture: image = '.\\resources\\slug.jpg'
34.6251 	EXP 	polygon_2: opacity = 0.0
34.6251 	EXP 	polygon_2: fillColor = '[1. 1. 1.] (rgb)'
34.6418 	EXP 	displayPicture: image = '.\\resources\\slug.jpg'
34.6418 	EXP 	polygon_2: opacity = 0.0
34.6418 	EXP 	polygon_2: fillColor = '[1. 1. 1.] (rgb)'
34.6585 	EXP 	displayPicture: image = '.\\resources\\slug.jpg'
34.6585 	EXP 	polygon_2: opacity = 1.0
34.6585 	EXP 	polygon_2: fillColor = '[1. 1. 1.] (rgb)'
34.6751 	EXP 	displayPicture: image = '.\\resources\\slug.jpg'
34.6751 	EXP 	polygon_2: opacity = 1.0
34.6751 	EXP 	polygon_2: fillColor = '[1. 1. 1.] (rgb)'
34.6918 	EXP 	displayPicture: image = '.\\resources\\golfball.jpg'
34.6918 	EXP 	polygon_2: opacity = 0.0
34.6918 	EXP 	polygon_2: fillColor = '[1. 1. 1.] (rgb)'
34.7085 	EXP 	displayPicture: image = '.\\resources\\golfball.jpg'
34.7085 	EXP 	polygon_2: opacity = 0.0
34.7085 	EXP 	polygon_2: fillColor = '[1. 1. 1.] (rgb)'
34.7251 	EXP 	displayPicture: image = '.\\resources\\golfball.jpg'
34.7251 	EXP 	polygon_2: opacity = 0.0
34.7251 	EXP 	polygon_2: fillColor = '[1. 1. 1.] (rgb)'
34.7418 	EXP 	displayPicture: image = '.\\resources\\golfball.jpg'
34.7418 	EXP 	polygon_2: opacity = 0.0
34.7418 	EXP 	polygon_2: fillColor = '[1. 1. 1.] (rgb)'
34.7585 	EXP 	displayPicture: image = '.\\resources\\golfball.jpg'
34.7585 	EXP 	polygon_2: opacity = 1.0
34.7585 	EXP 	polygon_2: fillColor = '[1. 1. 1.] (rgb)'
34.7751 	EXP 	displayPicture: image = '.\\resources\\golfball.jpg'
34.7751 	EXP 	polygon_2: opacity = 1.0
34.7751 	EXP 	polygon_2: fillColor = '[1. 1. 1.] (rgb)'
34.7918 	EXP 	displayPicture: image = '.\\resources\\ant.jpg'
34.7918 	EXP 	polygon_2: opacity = 0.0
34.7918 	EXP 	polygon_2: fillColor = '[1. 1. 1.] (rgb)'
34.8085 	EXP 	displayPicture: image = '.\\resources\\ant.jpg'
34.8085 	EXP 	polygon_2: opacity = 0.0
34.8085 	EXP 	polygon_2: fillColor = '[1. 1. 1.] (rgb)'
34.8251 	EXP 	displayPicture: image = '.\\resources\\ant.jpg'
34.8251 	EXP 	polygon_2: opacity = 0.0
34.8251 	EXP 	polygon_2: fillColor = '[1. 1. 1.] (rgb)'
34.8417 	EXP 	displayPicture: image = '.\\resources\\ant.jpg'
34.8417 	EXP 	polygon_2: opacity = 1.0
34.8417 	EXP 	polygon_2: fillColor = '[1. 1. 1.] (rgb)'
34.8585 	EXP 	displayPicture: image = '.\\resources\\ant.jpg'
34.8585 	EXP 	polygon_2: opacity = 1.0
34.8585 	EXP 	polygon_2: fillColor = '[1. 1. 1.] (rgb)'
34.8751 	EXP 	displayPicture: image = '.\\resources\\bluejay.jpg'
34.8751 	EXP 	polygon_2: opacity = 0.0
34.8751 	EXP 	polygon_2: fillColor = '[1. 1. 1.] (rgb)'
34.8918 	EXP 	displayPicture: image = '.\\resources\\bluejay.jpg'
34.8918 	EXP 	polygon_2: opacity = 0.0
34.8918 	EXP 	polygon_2: fillColor = '[1. 1. 1.] (rgb)'
34.9084 	EXP 	displayPicture: image = '.\\resources\\bluejay.jpg'
34.9084 	EXP 	polygon_2: opacity = 0.0
34.9084 	EXP 	polygon_2: fillColor = '[1. 1. 1.] (rgb)'
34.9251 	EXP 	displayPicture: image = '.\\resources\\bluejay.jpg'
34.9251 	EXP 	polygon_2: opacity = 0.0
34.9251 	EXP 	polygon_2: fillColor = '[1. 1. 1.] (rgb)'
34.9417 	EXP 	displayPicture: image = '.\\resources\\bluejay.jpg'
34.9417 	EXP 	polygon_2: opacity = 1.0
34.9417 	EXP 	polygon_2: fillColor = '[1. 1. 1.] (rgb)'
34.9584 	EXP 	displayPicture: image = '.\\resources\\chimney.jpg'
34.9584 	EXP 	polygon_2: opacity = 0.0
34.9584 	EXP 	polygon_2: fillColor = '[1. 1. 1.] (rgb)'
34.9751 	EXP 	displayPicture: image = '.\\resources\\chimney.jpg'
34.9751 	EXP 	polygon_2: opacity = 0.0
34.9751 	EXP 	polygon_2: fillColor = '[1. 1. 1.] (rgb)'
34.9917 	EXP 	displayPicture: image = '.\\resources\\chimney.jpg'
34.9917 	EXP 	polygon_2: opacity = 0.0
34.9917 	EXP 	polygon_2: fillColor = '[1. 1. 1.] (rgb)'
35.0084 	EXP 	displayPicture: image = '.\\resources\\chimney.jpg'
35.0084 	EXP 	polygon_2: opacity = 0.0
35.0084 	EXP 	polygon_2: fillColor = '[1. 1. 1.] (rgb)'
35.0251 	EXP 	displayPicture: image = '.\\resources\\chimney.jpg'
35.0251 	EXP 	polygon_2: opacity = 1.0
35.0251 	EXP 	polygon_2: fillColor = '[1. 1. 1.] (rgb)'
35.0417 	EXP 	displayPicture: image = '.\\resources\\chimney.jpg'
35.0417 	EXP 	polygon_2: opacity = 1.0
35.0417 	EXP 	polygon_2: fillColor = '[1. 1. 1.] (rgb)'
35.0751 	EXP 	displayPicture: image = '.\\resources\\chimney.jpg'
35.0751 	EXP 	polygon_2: opacity = 0.0
35.0751 	EXP 	polygon_2: fillColor = '[1. 1. 1.] (rgb)'
35.0751 	EXP 	displayPicture: autoDraw = False
35.0751 	EXP 	polygon_2: autoDraw = False
35.0751 	EXP 	option1_t1: image = '.\\resources\\funnel.jpg'
35.0751 	EXP 	polygon_4: autoDraw = True
35.0751 	EXP 	option1_t1: autoDraw = True
36.3511 	DATA 	Keypress: left
36.3750 	EXP 	polygon_4: autoDraw = False
36.3750 	EXP 	option1_t1: autoDraw = False
36.3750 	EXP 	option1_t2: image = '.\\resources\\golfball.jpg'
36.3750 	EXP 	polygon_5: autoDraw = True
36.3750 	EXP 	option1_t2: autoDraw = True
36.6969 	DATA 	Keypress: right
36.7416 	EXP 	polygon_5: autoDraw = False
36.7416 	EXP 	option1_t2: autoDraw = False
36.7416 	EXP 	feedbackText: text = 'BOTH WRONG'
36.7416 	EXP 	feedbackText: autoDraw = True
37.7277 	EXP 	New trial (rep=0, index=5): OrderedDict([('trialType', 'AB'), ('cndTyp', 'lag2'), ('lag', 2), ('T1_loc', 3), ('T2_loc', 5), ('stimLen', 0.06), ('isi', 0.03)])
37.7582 	EXP 	feedbackText: autoDraw = False
37.7582 	EXP 	text: text = ''
37.7582 	EXP 	text: autoDraw = True
37.7582 	EXP 	text: autoDraw = False
37.7582 	EXP 	option1: image = '.\\resources\\masquerademask01.jpg'
37.7582 	EXP 	option2: image = '.\\resources\\cupcake.jpg'
37.7582 	EXP 	option1: autoDraw = True
37.7582 	EXP 	option2: autoDraw = True
40.2414 	EXP 	text_2: autoDraw = True
40.5080 	EXP 	option1: autoDraw = False
40.5080 	EXP 	option2: autoDraw = False
40.7414 	EXP 	text_2: autoDraw = False
40.7414 	EXP 	option1: autoDraw = False
40.7414 	EXP 	option2: autoDraw = False
40.7414 	EXP 	text_2: autoDraw = False
40.7414 	EXP 	displayPicture: autoDraw = True
40.7414 	EXP 	displayPicture: image = '.\\resources\\drumset.jpg'
40.7414 	EXP 	polygon_2: autoDraw = True
40.7414 	EXP 	polygon_2: opacity = 0.0
40.7414 	EXP 	polygon_2: fillColor = '[1. 1. 1.] (rgb)'
40.7580 	EXP 	displayPicture: image = '.\\resources\\drumset.jpg'
40.7580 	EXP 	polygon_2: opacity = 0.0
40.7580 	EXP 	polygon_2: fillColor = '[1. 1. 1.] (rgb)'
40.7747 	EXP 	displayPicture: image = '.\\resources\\drumset.jpg'
40.7747 	EXP 	polygon_2: opacity = 0.0
40.7747 	EXP 	polygon_2: fillColor = '[1. 1. 1.] (rgb)'
40.7914 	EXP 	displayPicture: image = '.\\resources\\drumset.jpg'
40.7914 	EXP 	polygon_2: opacity = 1.0
40.7914 	EXP 	polygon_2: fillColor = '[1. 1. 1.] (rgb)'
40.8080 	EXP 	displayPicture: image = '.\\resources\\drumset.jpg'
40.8080 	EXP 	polygon_2: opacity = 1.0
40.8080 	EXP 	polygon_2: fillColor = '[1. 1. 1.] (rgb)'
40.8247 	EXP 	displayPicture: image = '.\\resources\\ant.jpg'
40.8247 	EXP 	polygon_2: opacity = 0.0
40.8247 	EXP 	polygon_2: fillColor = '[1. 1. 1.] (rgb)'
40.8414 	EXP 	displayPicture: image = '.\\resources\\ant.jpg'
40.8414 	EXP 	polygon_2: opacity = 0.0
40.8414 	EXP 	polygon_2: fillColor = '[1. 1. 1.] (rgb)'
40.8581 	EXP 	displayPicture: image = '.\\resources\\ant.jpg'
40.8581 	EXP 	polygon_2: opacity = 0.0
40.8581 	EXP 	polygon_2: fillColor = '[1. 1. 1.] (rgb)'
40.8747 	EXP 	displayPicture: image = '.\\resources\\ant.jpg'
40.8747 	EXP 	polygon_2: opacity = 0.0
40.8747 	EXP 	polygon_2: fillColor = '[1. 1. 1.] (rgb)'
40.8914 	EXP 	displayPicture: image = '.\\resources\\ant.jpg'
40.8914 	EXP 	polygon_2: opacity = 1.0
40.8914 	EXP 	polygon_2: fillColor = '[1. 1. 1.] (rgb)'
40.9081 	EXP 	displayPicture: image = '.\\resources\\ant.jpg'
40.9081 	EXP 	polygon_2: opacity = 1.0
40.9081 	EXP 	polygon_2: fillColor = '[1. 1. 1.] (rgb)'
40.9247 	EXP 	displayPicture: image = '.\\resources\\masquerademask01.jpg'
40.9247 	EXP 	polygon_2: opacity = 0.0
40.9247 	EXP 	polygon_2: fillColor = '[1. 1. 1.] (rgb)'
40.9413 	EXP 	displayPicture: image = '.\\resources\\masquerademask01.jpg'
40.9413 	EXP 	polygon_2: opacity = 0.0
40.9413 	EXP 	polygon_2: fillColor = '[1. 1. 1.] (rgb)'
40.9580 	EXP 	displayPicture: image = '.\\resources\\masquerademask01.jpg'
40.9580 	EXP 	polygon_2: opacity = 0.0
40.9580 	EXP 	polygon_2: fillColor = '[1. 1. 1.] (rgb)'
40.9747 	EXP 	displayPicture: image = '.\\resources\\masquerademask01.jpg'
40.9747 	EXP 	polygon_2: opacity = 1.0
40.9747 	EXP 	polygon_2: fillColor = '[1. 1. 1.] (rgb)'
40.9913 	EXP 	displayPicture: image = '.\\resources\\masquerademask01.jpg'
40.9913 	EXP 	polygon_2: opacity = 1.0
40.9913 	EXP 	polygon_2: fillColor = '[1. 1. 1.] (rgb)'
41.0080 	EXP 	displayPicture: image = '.\\resources\\jeep.jpg'
41.0080 	EXP 	polygon_2: opacity = 0.0
41.0080 	EXP 	polygon_2: fillColor = '[1. 1. 1.] (rgb)'
41.0247 	EXP 	displayPicture: image = '.\\resources\\jeep.jpg'
41.0247 	EXP 	polygon_2: opacity = 0.0
41.0247 	EXP 	polygon_2: fillColor = '[1. 1. 1.] (rgb)'
41.0413 	EXP 	displayPicture: image = '.\\resources\\jeep.jpg'
41.0413 	EXP 	polygon_2: opacity = 0.0
41.0413 	EXP 	polygon_2: fillColor = '[1. 1. 1.] (rgb)'
41.0580 	EXP 	displayPicture: image = '.\\resources\\jeep.jpg'
41.0580 	EXP 	polygon_2: opacity = 0.0
41.0580 	EXP 	polygon_2: fillColor = '[1. 1. 1.] (rgb)'
41.0747 	EXP 	displayPicture: image = '.\\resources\\jeep.jpg'
41.0747 	EXP 	polygon_2: opacity = 1.0
41.0747 	EXP 	polygon_2: fillColor = '[1. 1. 1.] (rgb)'
41.0913 	EXP 	displayPicture: image = '.\\resources\\cupcake.jpg'
41.0913 	EXP 	polygon_2: opacity = 0.0
41.0913 	EXP 	polygon_2: fillColor = '[1. 1. 1.] (rgb)'
41.1080 	EXP 	displayPicture: image = '.\\resources\\cupcake.jpg'
41.1080 	EXP 	polygon_2: opacity = 0.0
41.1080 	EXP 	polygon_2: fillColor = '[1. 1. 1.] (rgb)'
41.1247 	EXP 	displayPicture: image = '.\\resources\\cupcake.jpg'
41.1247 	EXP 	polygon_2: opacity = 0.0
41.1247 	EXP 	polygon_2: fillColor = '[1. 1. 1.] (rgb)'
41.1413 	EXP 	displayPicture: image = '.\\resources\\cupcake.jpg'
41.1413 	EXP 	polygon_2: opacity = 0.0
41.1413 	EXP 	polygon_2: fillColor = '[1. 1. 1.] (rgb)'
41.1580 	EXP 	displayPicture: image = '.\\resources\\cupcake.jpg'
41.1580 	EXP 	polygon_2: opacity = 1.0
41.1580 	EXP 	polygon_2: fillColor = '[1. 1. 1.] (rgb)'
41.1747 	EXP 	displayPicture: image = '.\\resources\\cupcake.jpg'
41.1747 	EXP 	polygon_2: opacity = 1.0
41.1747 	EXP 	polygon_2: fillColor = '[1. 1. 1.] (rgb)'
41.1913 	EXP 	displayPicture: image = '.\\resources\\bluejay.jpg'
41.1913 	EXP 	polygon_2: opacity = 0.0
41.1913 	EXP 	polygon_2: fillColor = '[1. 1. 1.] (rgb)'
41.2081 	EXP 	displayPicture: image = '.\\resources\\bluejay.jpg'
41.2081 	EXP 	polygon_2: opacity = 0.0
41.2081 	EXP 	polygon_2: fillColor = '[1. 1. 1.] (rgb)'
41.2247 	EXP 	displayPicture: image = '.\\resources\\bluejay.jpg'
41.2247 	EXP 	polygon_2: opacity = 0.0
41.2247 	EXP 	polygon_2: fillColor = '[1. 1. 1.] (rgb)'
41.2413 	EXP 	displayPicture: image = '.\\resources\\bluejay.jpg'
41.2413 	EXP 	polygon_2: opacity = 1.0
41.2413 	EXP 	polygon_2: fillColor = '[1. 1. 1.] (rgb)'
41.2580 	EXP 	displayPicture: image = '.\\resources\\bluejay.jpg'
41.2580 	EXP 	polygon_2: opacity = 1.0
41.2580 	EXP 	polygon_2: fillColor = '[1. 1. 1.] (rgb)'
41.2747 	EXP 	displayPicture: image = '.\\resources\\chimney.jpg'
41.2747 	EXP 	polygon_2: opacity = 0.0
41.2747 	EXP 	polygon_2: fillColor = '[1. 1. 1.] (rgb)'
41.2913 	EXP 	displayPicture: image = '.\\resources\\chimney.jpg'
41.2913 	EXP 	polygon_2: opacity = 0.0
41.2913 	EXP 	polygon_2: fillColor = '[1. 1. 1.] (rgb)'
41.3080 	EXP 	displayPicture: image = '.\\resources\\chimney.jpg'
41.3080 	EXP 	polygon_2: opacity = 0.0
41.3080 	EXP 	polygon_2: fillColor = '[1. 1. 1.] (rgb)'
41.3247 	EXP 	displayPicture: image = '.\\resources\\chimney.jpg'
41.3247 	EXP 	polygon_2: opacity = 0.0
41.3247 	EXP 	polygon_2: fillColor = '[1. 1. 1.] (rgb)'
41.3413 	EXP 	displayPicture: image = '.\\resources\\chimney.jpg'
41.3413 	EXP 	polygon_2: opacity = 1.0
41.3413 	EXP 	polygon_2: fillColor = '[1. 1. 1.] (rgb)'
41.3580 	EXP 	displayPicture: image = '.\\resources\\chimney.jpg'
41.3580 	EXP 	polygon_2: opacity = 1.0
41.3580 	EXP 	polygon_2: fillColor = '[1. 1. 1.] (rgb)'
41.3747 	EXP 	displayPicture: image = '.\\resources\\saxophone.jpg'
41.3747 	EXP 	polygon_2: opacity = 0.0
41.3747 	EXP 	polygon_2: fillColor = '[1. 1. 1.] (rgb)'
41.3913 	EXP 	displayPicture: image = '.\\resources\\saxophone.jpg'
41.3913 	EXP 	polygon_2: opacity = 0.0
41.3913 	EXP 	polygon_2: fillColor = '[1. 1. 1.] (rgb)'
41.4080 	EXP 	displayPicture: image = '.\\resources\\saxophone.jpg'
41.4080 	EXP 	polygon_2: opacity = 0.0
41.4080 	EXP 	polygon_2: fillColor = '[1. 1. 1.] (rgb)'
41.4246 	EXP 	displayPicture: image = '.\\resources\\saxophone.jpg'
41.4246 	EXP 	polygon_2: opacity = 1.0
41.4246 	EXP 	polygon_2: fillColor = '[1. 1. 1.] (rgb)'
41.4413 	EXP 	displayPicture: image = '.\\resources\\saxophone.jpg'
41.4413 	EXP 	polygon_2: opacity = 1.0
41.4413 	EXP 	polygon_2: fillColor = '[1. 1. 1.] (rgb)'
41.4746 	EXP 	displayPicture: image = '.\\resources\\saxophone.jpg'
41.4746 	EXP 	polygon_2: opacity = 0.0
41.4746 	EXP 	polygon_2: fillColor = '[1. 1. 1.] (rgb)'
41.4746 	EXP 	displayPicture: autoDraw = False
41.4746 	EXP 	polygon_2: autoDraw = False
41.4746 	EXP 	option1_t1: image = '.\\resources\\masquerademask01.jpg'
41.4746 	EXP 	polygon_4: autoDraw = True
41.4746 	EXP 	option1_t1: autoDraw = True
42.0793 	DATA 	Keypress: right
42.1246 	EXP 	polygon_4: autoDraw = False
42.1246 	EXP 	option1_t1: autoDraw = False
42.1246 	EXP 	option1_t2: image = '.\\resources\\cupcake.jpg'
42.1246 	EXP 	polygon_5: autoDraw = True
42.1246 	EXP 	option1_t2: autoDraw = True
42.6041 	DATA 	Keypress: left
42.6246 	EXP 	polygon_5: autoDraw = False
42.6246 	EXP 	option1_t2: autoDraw = False
42.6246 	EXP 	feedbackText: text = '2/2 Correct'
42.6246 	EXP 	feedbackText: autoDraw = True
43.6108 	EXP 	New trial (rep=0, index=6): OrderedDict([('trialType', 'AB'), ('cndTyp', 'lag7'), ('lag', 7), ('T1_loc', 3), ('T2_loc', 10), ('stimLen', 0.06), ('isi', 0.03)])
43.6412 	EXP 	feedbackText: autoDraw = False
43.6412 	EXP 	text: text = ''
43.6412 	EXP 	text: autoDraw = True
43.6412 	EXP 	text: autoDraw = False
43.6412 	EXP 	option1: image = '.\\resources\\chefshat.jpg'
43.6412 	EXP 	option2: image = '.\\resources\\jeans01.jpg'
43.6412 	EXP 	option1: autoDraw = True
43.6412 	EXP 	option2: autoDraw = True
46.1244 	EXP 	text_2: autoDraw = True
46.3910 	EXP 	option1: autoDraw = False
46.3910 	EXP 	option2: autoDraw = False
46.6410 	EXP 	text_2: autoDraw = False
46.6410 	EXP 	option1: autoDraw = False
46.6410 	EXP 	option2: autoDraw = False
46.6410 	EXP 	text_2: autoDraw = False
46.6410 	EXP 	displayPicture: autoDraw = True
46.6410 	EXP 	displayPicture: image = '.\\resources\\parrot01.jpg'
46.6410 	EXP 	polygon_2: autoDraw = True
46.6410 	EXP 	polygon_2: opacity = 0.0
46.6410 	EXP 	polygon_2: fillColor = '[1. 1. 1.] (rgb)'
46.6577 	EXP 	displayPicture: image = '.\\resources\\parrot01.jpg'
46.6577 	EXP 	polygon_2: opacity = 0.0
46.6577 	EXP 	polygon_2: fillColor = '[1. 1. 1.] (rgb)'
46.6743 	EXP 	displayPicture: image = '.\\resources\\parrot01.jpg'
46.6743 	EXP 	polygon_2: opacity = 1.0
46.6743 	EXP 	polygon_2: fillColor = '[1. 1. 1.] (rgb)'
46.6910 	EXP 	displayPicture: image = '.\\resources\\parrot01.jpg'
46.6910 	EXP 	polygon_2: opacity = 1.0
46.6910 	EXP 	polygon_2: fillColor = '[1. 1. 1.] (rgb)'
46.7243 	EXP 	displayPicture: image = '.\\resources\\squid.jpg'
46.7243 	EXP 	polygon_2: opacity = 0.0
46.7243 	EXP 	polygon_2: fillColor = '[1. 1. 1.] (rgb)'
46.7410 	EXP 	displayPicture: image = '.\\resources\\squid.jpg'
46.7410 	EXP 	polygon_2: opacity = 0.0
46.7410 	EXP 	polygon_2: fillColor = '[1. 1. 1.] (rgb)'
46.7577 	EXP 	displayPicture: image = '.\\resources\\squid.jpg'
46.7577 	EXP 	polygon_2: opacity = 0.0
46.7577 	EXP 	polygon_2: fillColor = '[1. 1. 1.] (rgb)'
46.7743 	EXP 	displayPicture: image = '.\\resources\\squid.jpg'
46.7743 	EXP 	polygon_2: opacity = 1.0
46.7743 	EXP 	polygon_2: fillColor = '[1. 1. 1.] (rgb)'
46.7910 	EXP 	displayPicture: image = '.\\resources\\squid.jpg'
46.7910 	EXP 	polygon_2: opacity = 1.0
46.7910 	EXP 	polygon_2: fillColor = '[1. 1. 1.] (rgb)'
46.8076 	EXP 	displayPicture: image = '.\\resources\\jeans01.jpg'
46.8076 	EXP 	polygon_2: opacity = 0.0
46.8076 	EXP 	polygon_2: fillColor = '[1. 1. 1.] (rgb)'
46.8243 	EXP 	displayPicture: image = '.\\resources\\jeans01.jpg'
46.8243 	EXP 	polygon_2: opacity = 0.0
46.8243 	EXP 	polygon_2: fillColor = '[1. 1. 1.] (rgb)'
46.8410 	EXP 	displayPicture: image = '.\\resources\\jeans01.jpg'
46.8410 	EXP 	polygon_2: opacity = 0.0
46.8410 	EXP 	polygon_2: fillColor = '[1. 1. 1.] (rgb)'
46.8577 	EXP 	displayPicture: image = '.\\resources\\jeans01.jpg'
46.8577 	EXP 	polygon_2: opacity = 1.0
46.8577 	EXP 	polygon_2: fillColor = '[1. 1. 1.] (rgb)'
46.8743 	EXP 	displayPicture: image = '.\\resources\\jeans01.jpg'
46.8743 	EXP 	polygon_2: opacity = 1.0
46.8743 	EXP 	polygon_2: fillColor = '[1. 1. 1.] (rgb)'
46.9076 	EXP 	displayPicture: image = '.\\resources\\noparkingsign.jpg'
46.9076 	EXP 	polygon_2: opacity = 0.0
46.9076 	EXP 	polygon_2: fillColor = '[1. 1. 1.] (rgb)'
46.9243 	EXP 	displayPicture: image = '.\\resources\\noparkingsign.jpg'
46.9243 	EXP 	polygon_2: opacity = 0.0
46.9243 	EXP 	polygon_2: fillColor = '[1. 1. 1.] (rgb)'
46.9409 	EXP 	displayPicture: image = '.\\resources\\noparkingsign.jpg'
46.9409 	EXP 	polygon_2: opacity = 0.0
46.9409 	EXP 	polygon_2: fillColor = '[1. 1. 1.] (rgb)'
46.9577 	EXP 	displayPicture: image = '.\\resources\\noparkingsign.jpg'
46.9577 	EXP 	polygon_2: opacity = 1.0
46.9577 	EXP 	polygon_2: fillColor = '[1. 1. 1.] (rgb)'
46.9742 	EXP 	displayPicture: image = '.\\resources\\ladder.jpg'
46.9742 	EXP 	polygon_2: opacity = 0.0
46.9742 	EXP 	polygon_2: fillColor = '[1. 1. 1.] (rgb)'
46.9909 	EXP 	displayPicture: image = '.\\resources\\ladder.jpg'
46.9909 	EXP 	polygon_2: opacity = 0.0
46.9909 	EXP 	polygon_2: fillColor = '[1. 1. 1.] (rgb)'
47.0076 	EXP 	displayPicture: image = '.\\resources\\ladder.jpg'
47.0076 	EXP 	polygon_2: opacity = 0.0
47.0076 	EXP 	polygon_2: fillColor = '[1. 1. 1.] (rgb)'
47.0243 	EXP 	displayPicture: image = '.\\resources\\ladder.jpg'
47.0243 	EXP 	polygon_2: opacity = 0.0
47.0243 	EXP 	polygon_2: fillColor = '[1. 1. 1.] (rgb)'
47.0410 	EXP 	displayPicture: image = '.\\resources\\ladder.jpg'
47.0410 	EXP 	polygon_2: opacity = 1.0
47.0410 	EXP 	polygon_2: fillColor = '[1. 1. 1.] (rgb)'
47.0576 	EXP 	displayPicture: image = '.\\resources\\ladder.jpg'
47.0576 	EXP 	polygon_2: opacity = 1.0
47.0576 	EXP 	polygon_2: fillColor = '[1. 1. 1.] (rgb)'
47.0743 	EXP 	displayPicture: image = '.\\resources\\scooter.jpg'
47.0743 	EXP 	polygon_2: opacity = 0.0
47.0743 	EXP 	polygon_2: fillColor = '[1. 1. 1.] (rgb)'
47.0909 	EXP 	displayPicture: image = '.\\resources\\scooter.jpg'
47.0909 	EXP 	polygon_2: opacity = 0.0
47.0909 	EXP 	polygon_2: fillColor = '[1. 1. 1.] (rgb)'
47.1077 	EXP 	displayPicture: image = '.\\resources\\scooter.jpg'
47.1077 	EXP 	polygon_2: opacity = 0.0
47.1077 	EXP 	polygon_2: fillColor = '[1. 1. 1.] (rgb)'
47.1243 	EXP 	displayPicture: image = '.\\resources\\scooter.jpg'
47.1243 	EXP 	polygon_2: opacity = 1.0
47.1243 	EXP 	polygon_2: fillColor = '[1. 1. 1.] (rgb)'
47.1409 	EXP 	displayPicture: image = '.\\resources\\scooter.jpg'
47.1409 	EXP 	polygon_2: opacity = 1.0
47.1409 	EXP 	polygon_2: fillColor = '[1. 1. 1.] (rgb)'
47.1576 	EXP 	displayPicture: image = '.\\resources\\horseshoe.jpg'
47.1576 	EXP 	polygon_2: opacity = 0.0
47.1576 	EXP 	polygon_2: fillColor = '[1. 1. 1.] (rgb)'
47.1743 	EXP 	displayPicture: image = '.\\resources\\horseshoe.jpg'
47.1743 	EXP 	polygon_2: opacity = 0.0
47.1743 	EXP 	polygon_2: fillColor = '[1. 1. 1.] (rgb)'
47.1909 	EXP 	displayPicture: image = '.\\resources\\horseshoe.jpg'
47.1909 	EXP 	polygon_2: opacity = 0.0
47.1909 	EXP 	polygon_2: fillColor = '[1. 1. 1.] (rgb)'
47.2076 	EXP 	displayPicture: image = '.\\resources\\horseshoe.jpg'
47.2076 	EXP 	polygon_2: opacity = 0.0
47.2076 	EXP 	polygon_2: fillColor = '[1. 1. 1.] (rgb)'
47.2243 	EXP 	displayPicture: image = '.\\resources\\horseshoe.jpg'
47.2243 	EXP 	polygon_2: opacity = 1.0
47.2243 	EXP 	polygon_2: fillColor = '[1. 1. 1.] (rgb)'
47.2409 	EXP 	displayPicture: image = '.\\resources\\horseshoe.jpg'
47.2409 	EXP 	polygon_2: opacity = 1.0
47.2409 	EXP 	polygon_2: fillColor = '[1. 1. 1.] (rgb)'
47.2576 	EXP 	displayPicture: image = '.\\resources\\golfball.jpg'
47.2576 	EXP 	polygon_2: opacity = 0.0
47.2576 	EXP 	polygon_2: fillColor = '[1. 1. 1.] (rgb)'
47.2743 	EXP 	displayPicture: image = '.\\resources\\golfball.jpg'
47.2743 	EXP 	polygon_2: opacity = 0.0
47.2743 	EXP 	polygon_2: fillColor = '[1. 1. 1.] (rgb)'
47.2909 	EXP 	displayPicture: image = '.\\resources\\golfball.jpg'
47.2909 	EXP 	polygon_2: opacity = 0.0
47.2909 	EXP 	polygon_2: fillColor = '[1. 1. 1.] (rgb)'
47.3076 	EXP 	displayPicture: image = '.\\resources\\golfball.jpg'
47.3076 	EXP 	polygon_2: opacity = 1.0
47.3076 	EXP 	polygon_2: fillColor = '[1. 1. 1.] (rgb)'
47.3243 	EXP 	displayPicture: image = '.\\resources\\golfball.jpg'
47.3243 	EXP 	polygon_2: opacity = 1.0
47.3243 	EXP 	polygon_2: fillColor = '[1. 1. 1.] (rgb)'
47.3409 	EXP 	displayPicture: image = '.\\resources\\cupcake.jpg'
47.3409 	EXP 	polygon_2: opacity = 0.0
47.3409 	EXP 	polygon_2: fillColor = '[1. 1. 1.] (rgb)'
47.3576 	EXP 	displayPicture: image = '.\\resources\\cupcake.jpg'
47.3576 	EXP 	polygon_2: opacity = 0.0
47.3576 	EXP 	polygon_2: fillColor = '[1. 1. 1.] (rgb)'
47.3743 	EXP 	displayPicture: image = '.\\resources\\cupcake.jpg'
47.3743 	EXP 	polygon_2: opacity = 0.0
47.3743 	EXP 	polygon_2: fillColor = '[1. 1. 1.] (rgb)'
47.3909 	EXP 	displayPicture: image = '.\\resources\\cupcake.jpg'
47.3909 	EXP 	polygon_2: opacity = 0.0
47.3909 	EXP 	polygon_2: fillColor = '[1. 1. 1.] (rgb)'
47.4076 	EXP 	displayPicture: image = '.\\resources\\cupcake.jpg'
47.4076 	EXP 	polygon_2: opacity = 1.0
47.4076 	EXP 	polygon_2: fillColor = '[1. 1. 1.] (rgb)'
47.4243 	EXP 	displayPicture: image = '.\\resources\\chefshat.jpg'
47.4243 	EXP 	polygon_2: opacity = 0.0
47.4243 	EXP 	polygon_2: fillColor = '[1. 1. 1.] (rgb)'
47.4409 	EXP 	displayPicture: image = '.\\resources\\chefshat.jpg'
47.4409 	EXP 	polygon_2: opacity = 0.0
47.4409 	EXP 	polygon_2: fillColor = '[1. 1. 1.] (rgb)'
47.4576 	EXP 	displayPicture: image = '.\\resources\\chefshat.jpg'
47.4576 	EXP 	polygon_2: opacity = 0.0
47.4576 	EXP 	polygon_2: fillColor = '[1. 1. 1.] (rgb)'
47.4742 	EXP 	displayPicture: image = '.\\resources\\chefshat.jpg'
47.4742 	EXP 	polygon_2: opacity = 0.0
47.4742 	EXP 	polygon_2: fillColor = '[1. 1. 1.] (rgb)'
47.4909 	EXP 	displayPicture: image = '.\\resources\\chefshat.jpg'
47.4909 	EXP 	polygon_2: opacity = 1.0
47.4909 	EXP 	polygon_2: fillColor = '[1. 1. 1.] (rgb)'
47.5076 	EXP 	displayPicture: image = '.\\resources\\chefshat.jpg'
47.5076 	EXP 	polygon_2: opacity = 1.0
47.5076 	EXP 	polygon_2: fillColor = '[1. 1. 1.] (rgb)'
47.5242 	EXP 	displayPicture: image = '.\\resources\\lawnmower.jpg'
47.5242 	EXP 	polygon_2: opacity = 0.0
47.5242 	EXP 	polygon_2: fillColor = '[1. 1. 1.] (rgb)'
47.5409 	EXP 	displayPicture: image = '.\\resources\\lawnmower.jpg'
47.5409 	EXP 	polygon_2: opacity = 0.0
47.5409 	EXP 	polygon_2: fillColor = '[1. 1. 1.] (rgb)'
47.5576 	EXP 	displayPicture: image = '.\\resources\\lawnmower.jpg'
47.5576 	EXP 	polygon_2: opacity = 0.0
47.5576 	EXP 	polygon_2: fillColor = '[1. 1. 1.] (rgb)'
47.5742 	EXP 	displayPicture: image = '.\\resources\\lawnmower.jpg'
47.5742 	EXP 	polygon_2: opacity = 1.0
47.5742 	EXP 	polygon_2: fillColor = '[1. 1. 1.] (rgb)'
47.5909 	EXP 	displayPicture: image = '.\\resources\\lawnmower.jpg'
47.5909 	EXP 	polygon_2: opacity = 1.0
47.5909 	EXP 	polygon_2: fillColor = '[1. 1. 1.] (rgb)'
47.6076 	EXP 	displayPicture: image = '.\\resources\\doghouse.jpg'
47.6076 	EXP 	polygon_2: opacity = 0.0
47.6076 	EXP 	polygon_2: fillColor = '[1. 1. 1.] (rgb)'
47.6242 	EXP 	displayPicture: image = '.\\resources\\doghouse.jpg'
47.6242 	EXP 	polygon_2: opacity = 0.0
47.6242 	EXP 	polygon_2: fillColor = '[1. 1. 1.] (rgb)'
47.6409 	EXP 	displayPicture: image = '.\\resources\\doghouse.jpg'
47.6409 	EXP 	polygon_2: opacity = 0.0
47.6409 	EXP 	polygon_2: fillColor = '[1. 1. 1.] (rgb)'
47.6576 	EXP 	displayPicture: image = '.\\resources\\doghouse.jpg'
47.6576 	EXP 	polygon_2: opacity = 0.0
47.6576 	EXP 	polygon_2: fillColor = '[1. 1. 1.] (rgb)'
47.6742 	EXP 	displayPicture: image = '.\\resources\\doghouse.jpg'
47.6742 	EXP 	polygon_2: opacity = 1.0
47.6742 	EXP 	polygon_2: fillColor = '[1. 1. 1.] (rgb)'
47.6909 	EXP 	displayPicture: image = '.\\resources\\doghouse.jpg'
47.6909 	EXP 	polygon_2: opacity = 1.0
47.6909 	EXP 	polygon_2: fillColor = '[1. 1. 1.] (rgb)'
47.7076 	EXP 	displayPicture: image = '.\\resources\\urinal.jpg'
47.7076 	EXP 	polygon_2: opacity = 0.0
47.7076 	EXP 	polygon_2: fillColor = '[1. 1. 1.] (rgb)'
47.7242 	EXP 	displayPicture: image = '.\\resources\\urinal.jpg'
47.7242 	EXP 	polygon_2: opacity = 0.0
47.7242 	EXP 	polygon_2: fillColor = '[1. 1. 1.] (rgb)'
47.7409 	EXP 	displayPicture: image = '.\\resources\\urinal.jpg'
47.7409 	EXP 	polygon_2: opacity = 0.0
47.7409 	EXP 	polygon_2: fillColor = '[1. 1. 1.] (rgb)'
47.7576 	EXP 	displayPicture: image = '.\\resources\\urinal.jpg'
47.7576 	EXP 	polygon_2: opacity = 1.0
47.7576 	EXP 	polygon_2: fillColor = '[1. 1. 1.] (rgb)'
47.7742 	EXP 	displayPicture: image = '.\\resources\\urinal.jpg'
47.7742 	EXP 	polygon_2: opacity = 1.0
47.7742 	EXP 	polygon_2: fillColor = '[1. 1. 1.] (rgb)'
47.8076 	EXP 	displayPicture: image = '.\\resources\\urinal.jpg'
47.8076 	EXP 	polygon_2: opacity = 0.0
47.8076 	EXP 	polygon_2: fillColor = '[1. 1. 1.] (rgb)'
47.8076 	EXP 	displayPicture: autoDraw = False
47.8076 	EXP 	polygon_2: autoDraw = False
47.8076 	EXP 	option1_t1: image = '.\\resources\\jeans01.jpg'
47.8076 	EXP 	polygon_4: autoDraw = True
47.8076 	EXP 	option1_t1: autoDraw = True
48.4526 	DATA 	Keypress: right
48.4742 	EXP 	polygon_4: autoDraw = False
48.4742 	EXP 	option1_t1: autoDraw = False
48.4742 	EXP 	option1_t2: image = '.\\resources\\chefshat.jpg'
48.4742 	EXP 	polygon_5: autoDraw = True
48.4742 	EXP 	option1_t2: autoDraw = True
48.7662 	DATA 	Keypress: right
48.7742 	EXP 	polygon_5: autoDraw = False
48.7742 	EXP 	option1_t2: autoDraw = False
48.7742 	EXP 	feedbackText: text = '2/2 Correct'
48.7742 	EXP 	feedbackText: autoDraw = True
49.7626 	EXP 	New trial (rep=0, index=7): OrderedDict([('trialType', 'AB'), ('cndTyp', 'lag7'), ('lag', 7), ('T1_loc', 4), ('T2_loc', 11), ('stimLen', 0.06), ('isi', 0.03)])
49.7908 	EXP 	feedbackText: autoDraw = False
49.7908 	EXP 	feedbackText: autoDraw = False
49.7908 	EXP 	text: text = ''
49.7908 	EXP 	text: autoDraw = True
49.7908 	EXP 	text: autoDraw = False
49.7908 	EXP 	option1: image = '.\\resources\\dromedary.jpg'
49.7908 	EXP 	option2: image = '.\\resources\\slug.jpg'
49.7908 	EXP 	option1: autoDraw = True
49.7908 	EXP 	option2: autoDraw = True
51.4096 	DATA 	Keypress: escape
51.6113 	EXP 	window1: mouseVisible = True
