0.7920 	WARNING 	We strongly recommend you activate the PTB sound engine in PsychoPy prefs as the preferred audio engine. Its timing is vastly superior. Your prefs are currently set to use ['sounddevice', 'PTB', 'pyo', 'pygame'] (in that order).
3.8277 	WARNING 	User requested fullscreen with size [1024  768], but screen is actually [1920, 1080]. Using actual size
4.7144 	EXP 	Created window1 = Window(allowGUI=False, allowStencil=False, args=UNKNOWN, autoLog=True, bitsMode=UNKNOWN, blendMode='avg', bpc=(8, 8, 8), color=array([0., 0., 0.]), colorSpace='rgb', depthBits=8, fullscr=<method-wrapper '__getattribute__' of attributeSetter object at 0x0000017C1ED74470>, gamma=None, gammaErrorPolicy='raise', kwargs=UNKNOWN, lms=UNKNOWN, monitor=<psychopy.monitors.calibTools.Monitor object at 0x0000017C1EC40A90>, multiSample=False, name='window1', numSamples=2, pos=[0.0, 0.0], screen=0, size=array([1920, 1080]), stencilBits=0, stereo=False, units='height', useFBO=True, useRetina=False, viewOri=0.0, viewPos=None, viewScale=None, waitBlanking=True, winType='pyglet')
4.7151 	EXP 	window1: mouseVisible = True
4.7151 	EXP 	window1: recordFrameIntervals = False
4.8806 	EXP 	window1: recordFrameIntervals = True
5.0641 	EXP 	window1: recordFrameIntervals = False
5.1261 	EXP 	Created polygon = ShapeStim(__class__=<class 'psychopy.visual.shape.ShapeStim'>, autoDraw=False, autoLog=True, closeShape=True, contrast=1.0, depth=-6.0, fillColor=array([1., 0., 0.]), fillColorSpace='rgb', interpolate=True, lineColor=array([1., 1., 1.]), lineColorSpace='rgb', lineWidth=1, name='polygon', opacity=1.0, ori=array(0.), pos=array([0., 0.]), size=array([1., 1.]), units='height', vertices=ndarray(...), win=Window(...), windingRule=None)
5.1277 	EXP 	Created polygon_3 = ShapeStim(__class__=<class 'psychopy.visual.shape.ShapeStim'>, autoDraw=False, autoLog=True, closeShape=True, contrast=1.0, depth=-7.0, fillColor=array([0., 0., 1.]), fillColorSpace='rgb', interpolate=True, lineColor=array([1., 1., 1.]), lineColorSpace='rgb', lineWidth=1, name='polygon_3', opacity=1.0, ori=array(0.), pos=array([0., 0.]), size=array([0.7, 0.7]), units='height', vertices=ndarray(...), win=Window(...), windingRule=None)
5.1321 	EXP 	Created displayPicture = ImageStim(__class__=<class 'psychopy.visual.image.ImageStim'>, autoLog=True, color=array([1., 1., 1.]), colorSpace='rgb', contrast=1.0, depth=-8.0, flipHoriz=False, flipVert=False, image='sin', interpolate=True, mask=None, maskParams=None, name='displayPicture', opacity=1.0, ori=0.0, pos=array([0., 0.]), size=array([0.25, 0.25]), texRes=128, units='height', win=Window(...))
5.1333 	EXP 	Created polygon_2 = Rect(__class__=<class 'psychopy.visual.rect.Rect'>, autoDraw=False, autoLog=True, closeShape=True, color=method-wrapper(...), colorSpace=None, contrast=1.0, depth=-9.0, fillColor=array([1., 1., 1.]), fillColorSpace='rgb', fillRGB=array([1., 1., 1.]), interpolate=True, lineColor=array([1., 1., 1.]), lineColorSpace='rgb', lineRGB=array([1., 1., 1.]), lineWidth=0, name='polygon_2', opacity=1.0, ori=array(0.), pos=array([0., 0.]), size=array([0.25, 0.25]), units='height', vertices=ndarray(...), win=Window(...))
5.1360 	EXP 	Created option4_t1 = ImageStim(__class__=<class 'psychopy.visual.image.ImageStim'>, autoLog=True, color=array([1., 1., 1.]), colorSpace='rgb', contrast=1.0, depth=-1.0, flipHoriz=False, flipVert=False, image='sin', interpolate=True, mask=None, maskParams=None, name='option4_t1', opacity=1.0, ori=0.0, pos=array([ 0. , -0.3]), size=array([0.25, 0.25]), texRes=128, units='height', win=Window(...))
5.1386 	EXP 	Created option1_t1 = ImageStim(__class__=<class 'psychopy.visual.image.ImageStim'>, autoLog=True, color=array([1., 1., 1.]), colorSpace='rgb', contrast=1.0, depth=-2.0, flipHoriz=False, flipVert=False, image='sin', interpolate=True, mask=None, maskParams=None, name='option1_t1', opacity=1.0, ori=0.0, pos=array([-0.3,  0. ]), size=array([0.25, 0.25]), texRes=128, units='height', win=Window(...))
5.1411 	EXP 	Created option2_t1 = ImageStim(__class__=<class 'psychopy.visual.image.ImageStim'>, autoLog=True, color=array([1., 1., 1.]), colorSpace='rgb', contrast=1.0, depth=-3.0, flipHoriz=False, flipVert=False, image='sin', interpolate=True, mask=None, maskParams=None, name='option2_t1', opacity=1.0, ori=0.0, pos=array([0.3, 0. ]), size=array([0.25, 0.25]), texRes=128, units='height', win=Window(...))
5.1437 	EXP 	Created option3_t1 = ImageStim(__class__=<class 'psychopy.visual.image.ImageStim'>, autoLog=True, color=array([1., 1., 1.]), colorSpace='rgb', contrast=1.0, depth=-4.0, flipHoriz=False, flipVert=False, image='sin', interpolate=True, mask=None, maskParams=None, name='option3_t1', opacity=1.0, ori=0.0, pos=array([0. , 0.3]), size=array([0.25, 0.25]), texRes=128, units='height', win=Window(...))
5.1463 	EXP 	Created option1_t2 = ImageStim(__class__=<class 'psychopy.visual.image.ImageStim'>, autoLog=True, color=array([1., 1., 1.]), colorSpace='rgb', contrast=1.0, depth=-1.0, flipHoriz=False, flipVert=False, image='sin', interpolate=True, mask=None, maskParams=None, name='option1_t2', opacity=1.0, ori=0.0, pos=array([0.3, 0. ]), size=array([0.25, 0.25]), texRes=128, units='height', win=Window(...))
5.1488 	EXP 	Created option2_t2 = ImageStim(__class__=<class 'psychopy.visual.image.ImageStim'>, autoLog=True, color=array([1., 1., 1.]), colorSpace='rgb', contrast=1.0, depth=-2.0, flipHoriz=False, flipVert=False, image='sin', interpolate=True, mask=None, maskParams=None, name='option2_t2', opacity=1.0, ori=0.0, pos=array([-0.3,  0. ]), size=array([0.25, 0.25]), texRes=128, units='height', win=Window(...))
5.1961 	EXP 	Created text = TextStim(__class__=<class 'psychopy.visual.text.TextStim'>, alignHoriz=method-wrapper(...), alignText='center', alignVert=method-wrapper(...), anchorHoriz='center', anchorVert='center', antialias=True, autoLog=True, bold=False, color='white', colorSpace='named', contrast=1.0, depth=-3.0, flipHoriz=False, flipVert=False, font='Arial', fontFiles=[], height=0.1, italic=False, languageStyle='LTR', name='text', opacity=1.0, ori=0, pos=array([0., 0.]), rgb=array([255., 255., 255.]), text='default text', units='height', win=Window(...), wrapWidth=1)
5.2345 	EXP 	Imported conditionAB.xlsx as conditions, 160 conditions, 7 params
5.2350 	EXP 	Created sequence: random, trialTypes=160, nReps=1, seed=None
5.2353 	EXP 	New trial (rep=0, index=0): OrderedDict([('trialType', 'AB'), ('cndTyp', 'lag4'), ('lag', 4), ('T1_loc', 3), ('T2_loc', 7), ('stimLen', 0.2), ('isi', 0.05)])
5.3437 	EXP 	polygon: autoDraw = True
5.3437 	EXP 	polygon: opacity = 0.0
5.3437 	EXP 	polygon_3: autoDraw = True
5.3437 	EXP 	polygon_3: opacity = 0.0
5.3437 	EXP 	displayPicture: autoDraw = True
5.3437 	EXP 	displayPicture: image = 'C:\\Users\\Employee\\Google Drive\\UP\\MyResearch\\TaskProgramming\\AB_pic\\resources\\badmintonracket.jpg'
5.3437 	EXP 	polygon_2: autoDraw = True
5.3437 	EXP 	polygon_2: opacity = 0.0
5.3437 	EXP 	polygon_2: fillColor = '[1. 1. 1.] (rgb)'
5.3639 	EXP 	polygon: opacity = 0.0
5.3639 	EXP 	polygon_3: opacity = 0.0
5.3639 	EXP 	displayPicture: image = 'C:\\Users\\Employee\\Google Drive\\UP\\MyResearch\\TaskProgramming\\AB_pic\\resources\\badmintonracket.jpg'
5.3639 	EXP 	polygon_2: opacity = 0.0
5.3639 	EXP 	polygon_2: fillColor = '[1. 1. 1.] (rgb)'
5.3972 	EXP 	polygon: opacity = 0.0
5.3972 	EXP 	polygon_3: opacity = 0.0
5.3972 	EXP 	displayPicture: image = 'C:\\Users\\Employee\\Google Drive\\UP\\MyResearch\\TaskProgramming\\AB_pic\\resources\\badmintonracket.jpg'
5.3972 	EXP 	polygon_2: opacity = 0.0
5.3972 	EXP 	polygon_2: fillColor = '[1. 1. 1.] (rgb)'
5.4135 	EXP 	polygon: opacity = 0.0
5.4135 	EXP 	polygon_3: opacity = 0.0
5.4135 	EXP 	displayPicture: image = 'C:\\Users\\Employee\\Google Drive\\UP\\MyResearch\\TaskProgramming\\AB_pic\\resources\\badmintonracket.jpg'
5.4135 	EXP 	polygon_2: opacity = 0.0
5.4135 	EXP 	polygon_2: fillColor = '[1. 1. 1.] (rgb)'
5.4306 	EXP 	polygon: opacity = 0.0
5.4306 	EXP 	polygon_3: opacity = 0.0
5.4306 	EXP 	displayPicture: image = 'C:\\Users\\Employee\\Google Drive\\UP\\MyResearch\\TaskProgramming\\AB_pic\\resources\\badmintonracket.jpg'
5.4306 	EXP 	polygon_2: opacity = 0.0
5.4306 	EXP 	polygon_2: fillColor = '[1. 1. 1.] (rgb)'
5.4639 	EXP 	polygon: opacity = 0.0
5.4639 	EXP 	polygon_3: opacity = 0.0
5.4639 	EXP 	displayPicture: image = 'C:\\Users\\Employee\\Google Drive\\UP\\MyResearch\\TaskProgramming\\AB_pic\\resources\\badmintonracket.jpg'
5.4639 	EXP 	polygon_2: opacity = 1.0
5.4639 	EXP 	polygon_2: fillColor = '[1. 1. 1.] (rgb)'
5.4802 	EXP 	polygon: opacity = 0.0
5.4802 	EXP 	polygon_3: opacity = 0.0
5.4802 	EXP 	displayPicture: image = 'C:\\Users\\Employee\\Google Drive\\UP\\MyResearch\\TaskProgramming\\AB_pic\\resources\\badmintonracket.jpg'
5.4802 	EXP 	polygon_2: opacity = 1.0
5.4802 	EXP 	polygon_2: fillColor = '[1. 1. 1.] (rgb)'
5.5139 	EXP 	polygon: opacity = 0.0
5.5139 	EXP 	polygon_3: opacity = 0.0
5.5139 	EXP 	displayPicture: image = 'C:\\Users\\Employee\\Google Drive\\UP\\MyResearch\\TaskProgramming\\AB_pic\\resources\\stool01.jpg'
5.5139 	EXP 	polygon_2: opacity = 0.0
5.5139 	EXP 	polygon_2: fillColor = '[1. 1. 1.] (rgb)'
5.5302 	EXP 	polygon: opacity = 0.0
5.5302 	EXP 	polygon_3: opacity = 0.0
5.5302 	EXP 	displayPicture: image = 'C:\\Users\\Employee\\Google Drive\\UP\\MyResearch\\TaskProgramming\\AB_pic\\resources\\stool01.jpg'
5.5302 	EXP 	polygon_2: opacity = 0.0
5.5302 	EXP 	polygon_2: fillColor = '[1. 1. 1.] (rgb)'
5.5472 	EXP 	polygon: opacity = 0.0
5.5472 	EXP 	polygon_3: opacity = 0.0
5.5472 	EXP 	displayPicture: image = 'C:\\Users\\Employee\\Google Drive\\UP\\MyResearch\\TaskProgramming\\AB_pic\\resources\\stool01.jpg'
5.5472 	EXP 	polygon_2: opacity = 0.0
5.5472 	EXP 	polygon_2: fillColor = '[1. 1. 1.] (rgb)'
5.5639 	EXP 	polygon: opacity = 0.0
5.5639 	EXP 	polygon_3: opacity = 0.0
5.5639 	EXP 	displayPicture: image = 'C:\\Users\\Employee\\Google Drive\\UP\\MyResearch\\TaskProgramming\\AB_pic\\resources\\stool01.jpg'
5.5639 	EXP 	polygon_2: opacity = 0.0
5.5639 	EXP 	polygon_2: fillColor = '[1. 1. 1.] (rgb)'
5.5801 	EXP 	polygon: opacity = 0.0
5.5801 	EXP 	polygon_3: opacity = 0.0
5.5801 	EXP 	displayPicture: image = 'C:\\Users\\Employee\\Google Drive\\UP\\MyResearch\\TaskProgramming\\AB_pic\\resources\\stool01.jpg'
5.5801 	EXP 	polygon_2: opacity = 0.0
5.5801 	EXP 	polygon_2: fillColor = '[1. 1. 1.] (rgb)'
5.5971 	EXP 	polygon: opacity = 0.0
5.5971 	EXP 	polygon_3: opacity = 0.0
5.5971 	EXP 	displayPicture: image = 'C:\\Users\\Employee\\Google Drive\\UP\\MyResearch\\TaskProgramming\\AB_pic\\resources\\stool01.jpg'
5.5971 	EXP 	polygon_2: opacity = 0.0
5.5971 	EXP 	polygon_2: fillColor = '[1. 1. 1.] (rgb)'
5.6139 	EXP 	polygon: opacity = 0.0
5.6139 	EXP 	polygon_3: opacity = 0.0
5.6139 	EXP 	displayPicture: image = 'C:\\Users\\Employee\\Google Drive\\UP\\MyResearch\\TaskProgramming\\AB_pic\\resources\\stool01.jpg'
5.6139 	EXP 	polygon_2: opacity = 0.0
5.6139 	EXP 	polygon_2: fillColor = '[1. 1. 1.] (rgb)'
5.6308 	EXP 	polygon: opacity = 0.0
5.6308 	EXP 	polygon_3: opacity = 0.0
5.6308 	EXP 	displayPicture: image = 'C:\\Users\\Employee\\Google Drive\\UP\\MyResearch\\TaskProgramming\\AB_pic\\resources\\stool01.jpg'
5.6308 	EXP 	polygon_2: opacity = 0.0
5.6308 	EXP 	polygon_2: fillColor = '[1. 1. 1.] (rgb)'
5.6469 	EXP 	polygon: opacity = 0.0
5.6469 	EXP 	polygon_3: opacity = 0.0
5.6469 	EXP 	displayPicture: image = 'C:\\Users\\Employee\\Google Drive\\UP\\MyResearch\\TaskProgramming\\AB_pic\\resources\\stool01.jpg'
5.6469 	EXP 	polygon_2: opacity = 0.0
5.6469 	EXP 	polygon_2: fillColor = '[1. 1. 1.] (rgb)'
5.6639 	EXP 	polygon: opacity = 0.0
5.6639 	EXP 	polygon_3: opacity = 0.0
5.6639 	EXP 	displayPicture: image = 'C:\\Users\\Employee\\Google Drive\\UP\\MyResearch\\TaskProgramming\\AB_pic\\resources\\stool01.jpg'
5.6639 	EXP 	polygon_2: opacity = 0.0
5.6639 	EXP 	polygon_2: fillColor = '[1. 1. 1.] (rgb)'
5.6806 	EXP 	polygon: opacity = 0.0
5.6806 	EXP 	polygon_3: opacity = 0.0
5.6806 	EXP 	displayPicture: image = 'C:\\Users\\Employee\\Google Drive\\UP\\MyResearch\\TaskProgramming\\AB_pic\\resources\\stool01.jpg'
5.6806 	EXP 	polygon_2: opacity = 0.0
5.6806 	EXP 	polygon_2: fillColor = '[1. 1. 1.] (rgb)'
5.6968 	EXP 	polygon: opacity = 0.0
5.6968 	EXP 	polygon_3: opacity = 0.0
5.6968 	EXP 	displayPicture: image = 'C:\\Users\\Employee\\Google Drive\\UP\\MyResearch\\TaskProgramming\\AB_pic\\resources\\stool01.jpg'
5.6968 	EXP 	polygon_2: opacity = 1.0
5.6968 	EXP 	polygon_2: fillColor = '[1. 1. 1.] (rgb)'
5.7138 	EXP 	polygon: opacity = 0.0
5.7138 	EXP 	polygon_3: opacity = 0.0
5.7138 	EXP 	displayPicture: image = 'C:\\Users\\Employee\\Google Drive\\UP\\MyResearch\\TaskProgramming\\AB_pic\\resources\\stool01.jpg'
5.7138 	EXP 	polygon_2: opacity = 1.0
5.7138 	EXP 	polygon_2: fillColor = '[1. 1. 1.] (rgb)'
5.7305 	EXP 	polygon: opacity = 0.0
5.7305 	EXP 	polygon_3: opacity = 0.0
5.7305 	EXP 	displayPicture: image = 'C:\\Users\\Employee\\Google Drive\\UP\\MyResearch\\TaskProgramming\\AB_pic\\resources\\stool01.jpg'
5.7305 	EXP 	polygon_2: opacity = 1.0
5.7305 	EXP 	polygon_2: fillColor = '[1. 1. 1.] (rgb)'
5.7472 	EXP 	polygon: opacity = 1.0
5.7472 	EXP 	polygon_3: opacity = 0.0
5.7472 	EXP 	displayPicture: image = 'C:\\Users\\Employee\\Google Drive\\UP\\MyResearch\\TaskProgramming\\AB_pic\\resources\\squirrel.jpg'
5.7472 	EXP 	polygon_2: opacity = 0.0
5.7472 	EXP 	polygon_2: fillColor = '[1. 1. 1.] (rgb)'
5.7635 	EXP 	polygon: opacity = 1.0
5.7635 	EXP 	polygon_3: opacity = 0.0
5.7635 	EXP 	displayPicture: image = 'C:\\Users\\Employee\\Google Drive\\UP\\MyResearch\\TaskProgramming\\AB_pic\\resources\\squirrel.jpg'
5.7635 	EXP 	polygon_2: opacity = 0.0
5.7635 	EXP 	polygon_2: fillColor = '[1. 1. 1.] (rgb)'
5.7972 	EXP 	polygon: opacity = 1.0
5.7972 	EXP 	polygon_3: opacity = 0.0
5.7972 	EXP 	displayPicture: image = 'C:\\Users\\Employee\\Google Drive\\UP\\MyResearch\\TaskProgramming\\AB_pic\\resources\\squirrel.jpg'
5.7972 	EXP 	polygon_2: opacity = 0.0
5.7972 	EXP 	polygon_2: fillColor = '[1. 1. 1.] (rgb)'
5.8138 	EXP 	polygon: opacity = 1.0
5.8138 	EXP 	polygon_3: opacity = 0.0
5.8138 	EXP 	displayPicture: image = 'C:\\Users\\Employee\\Google Drive\\UP\\MyResearch\\TaskProgramming\\AB_pic\\resources\\squirrel.jpg'
5.8138 	EXP 	polygon_2: opacity = 0.0
5.8138 	EXP 	polygon_2: fillColor = '[1. 1. 1.] (rgb)'
5.8306 	EXP 	polygon: opacity = 1.0
5.8306 	EXP 	polygon_3: opacity = 0.0
5.8306 	EXP 	displayPicture: image = 'C:\\Users\\Employee\\Google Drive\\UP\\MyResearch\\TaskProgramming\\AB_pic\\resources\\squirrel.jpg'
5.8306 	EXP 	polygon_2: opacity = 0.0
5.8306 	EXP 	polygon_2: fillColor = '[1. 1. 1.] (rgb)'
5.8471 	EXP 	polygon: opacity = 1.0
5.8471 	EXP 	polygon_3: opacity = 0.0
5.8471 	EXP 	displayPicture: image = 'C:\\Users\\Employee\\Google Drive\\UP\\MyResearch\\TaskProgramming\\AB_pic\\resources\\squirrel.jpg'
5.8471 	EXP 	polygon_2: opacity = 0.0
5.8471 	EXP 	polygon_2: fillColor = '[1. 1. 1.] (rgb)'
5.8638 	EXP 	polygon: opacity = 1.0
5.8638 	EXP 	polygon_3: opacity = 0.0
5.8638 	EXP 	displayPicture: image = 'C:\\Users\\Employee\\Google Drive\\UP\\MyResearch\\TaskProgramming\\AB_pic\\resources\\squirrel.jpg'
5.8638 	EXP 	polygon_2: opacity = 0.0
5.8638 	EXP 	polygon_2: fillColor = '[1. 1. 1.] (rgb)'
5.8805 	EXP 	polygon: opacity = 1.0
5.8805 	EXP 	polygon_3: opacity = 0.0
5.8805 	EXP 	displayPicture: image = 'C:\\Users\\Employee\\Google Drive\\UP\\MyResearch\\TaskProgramming\\AB_pic\\resources\\squirrel.jpg'
5.8805 	EXP 	polygon_2: opacity = 0.0
5.8805 	EXP 	polygon_2: fillColor = '[1. 1. 1.] (rgb)'
5.8971 	EXP 	polygon: opacity = 1.0
5.8971 	EXP 	polygon_3: opacity = 0.0
5.8971 	EXP 	displayPicture: image = 'C:\\Users\\Employee\\Google Drive\\UP\\MyResearch\\TaskProgramming\\AB_pic\\resources\\squirrel.jpg'
5.8971 	EXP 	polygon_2: opacity = 0.0
5.8971 	EXP 	polygon_2: fillColor = '[1. 1. 1.] (rgb)'
5.9138 	EXP 	polygon: opacity = 1.0
5.9138 	EXP 	polygon_3: opacity = 0.0
5.9138 	EXP 	displayPicture: image = 'C:\\Users\\Employee\\Google Drive\\UP\\MyResearch\\TaskProgramming\\AB_pic\\resources\\squirrel.jpg'
5.9138 	EXP 	polygon_2: opacity = 0.0
5.9138 	EXP 	polygon_2: fillColor = '[1. 1. 1.] (rgb)'
5.9305 	EXP 	polygon: opacity = 1.0
5.9305 	EXP 	polygon_3: opacity = 0.0
5.9305 	EXP 	displayPicture: image = 'C:\\Users\\Employee\\Google Drive\\UP\\MyResearch\\TaskProgramming\\AB_pic\\resources\\squirrel.jpg'
5.9305 	EXP 	polygon_2: opacity = 0.0
5.9305 	EXP 	polygon_2: fillColor = '[1. 1. 1.] (rgb)'
5.9472 	EXP 	polygon: opacity = 1.0
5.9472 	EXP 	polygon_3: opacity = 0.0
5.9472 	EXP 	displayPicture: image = 'C:\\Users\\Employee\\Google Drive\\UP\\MyResearch\\TaskProgramming\\AB_pic\\resources\\squirrel.jpg'
5.9472 	EXP 	polygon_2: opacity = 1.0
5.9472 	EXP 	polygon_2: fillColor = '[1. 1. 1.] (rgb)'
5.9635 	EXP 	polygon: opacity = 1.0
5.9635 	EXP 	polygon_3: opacity = 0.0
5.9635 	EXP 	displayPicture: image = 'C:\\Users\\Employee\\Google Drive\\UP\\MyResearch\\TaskProgramming\\AB_pic\\resources\\squirrel.jpg'
5.9635 	EXP 	polygon_2: opacity = 1.0
5.9635 	EXP 	polygon_2: fillColor = '[1. 1. 1.] (rgb)'
5.9805 	EXP 	polygon: opacity = 1.0
5.9805 	EXP 	polygon_3: opacity = 0.0
5.9805 	EXP 	displayPicture: image = 'C:\\Users\\Employee\\Google Drive\\UP\\MyResearch\\TaskProgramming\\AB_pic\\resources\\squirrel.jpg'
5.9805 	EXP 	polygon_2: opacity = 1.0
5.9805 	EXP 	polygon_2: fillColor = '[1. 1. 1.] (rgb)'
5.9968 	EXP 	polygon: opacity = 0.0
5.9968 	EXP 	polygon_3: opacity = 0.0
5.9968 	EXP 	displayPicture: image = 'C:\\Users\\Employee\\Google Drive\\UP\\MyResearch\\TaskProgramming\\AB_pic\\resources\\locker.jpg'
5.9968 	EXP 	polygon_2: opacity = 0.0
5.9968 	EXP 	polygon_2: fillColor = '[1. 1. 1.] (rgb)'
6.0140 	EXP 	polygon: opacity = 0.0
6.0140 	EXP 	polygon_3: opacity = 0.0
6.0140 	EXP 	displayPicture: image = 'C:\\Users\\Employee\\Google Drive\\UP\\MyResearch\\TaskProgramming\\AB_pic\\resources\\locker.jpg'
6.0140 	EXP 	polygon_2: opacity = 0.0
6.0140 	EXP 	polygon_2: fillColor = '[1. 1. 1.] (rgb)'
6.0305 	EXP 	polygon: opacity = 0.0
6.0305 	EXP 	polygon_3: opacity = 0.0
6.0305 	EXP 	displayPicture: image = 'C:\\Users\\Employee\\Google Drive\\UP\\MyResearch\\TaskProgramming\\AB_pic\\resources\\locker.jpg'
6.0305 	EXP 	polygon_2: opacity = 0.0
6.0305 	EXP 	polygon_2: fillColor = '[1. 1. 1.] (rgb)'
6.0472 	EXP 	polygon: opacity = 0.0
6.0472 	EXP 	polygon_3: opacity = 0.0
6.0472 	EXP 	displayPicture: image = 'C:\\Users\\Employee\\Google Drive\\UP\\MyResearch\\TaskProgramming\\AB_pic\\resources\\locker.jpg'
6.0472 	EXP 	polygon_2: opacity = 0.0
6.0472 	EXP 	polygon_2: fillColor = '[1. 1. 1.] (rgb)'
6.0638 	EXP 	polygon: opacity = 0.0
6.0638 	EXP 	polygon_3: opacity = 0.0
6.0638 	EXP 	displayPicture: image = 'C:\\Users\\Employee\\Google Drive\\UP\\MyResearch\\TaskProgramming\\AB_pic\\resources\\locker.jpg'
6.0638 	EXP 	polygon_2: opacity = 0.0
6.0638 	EXP 	polygon_2: fillColor = '[1. 1. 1.] (rgb)'
6.0805 	EXP 	polygon: opacity = 0.0
6.0805 	EXP 	polygon_3: opacity = 0.0
6.0805 	EXP 	displayPicture: image = 'C:\\Users\\Employee\\Google Drive\\UP\\MyResearch\\TaskProgramming\\AB_pic\\resources\\locker.jpg'
6.0805 	EXP 	polygon_2: opacity = 0.0
6.0805 	EXP 	polygon_2: fillColor = '[1. 1. 1.] (rgb)'
6.0968 	EXP 	polygon: opacity = 0.0
6.0968 	EXP 	polygon_3: opacity = 0.0
6.0968 	EXP 	displayPicture: image = 'C:\\Users\\Employee\\Google Drive\\UP\\MyResearch\\TaskProgramming\\AB_pic\\resources\\locker.jpg'
6.0968 	EXP 	polygon_2: opacity = 0.0
6.0968 	EXP 	polygon_2: fillColor = '[1. 1. 1.] (rgb)'
6.1138 	EXP 	polygon: opacity = 0.0
6.1138 	EXP 	polygon_3: opacity = 0.0
6.1138 	EXP 	displayPicture: image = 'C:\\Users\\Employee\\Google Drive\\UP\\MyResearch\\TaskProgramming\\AB_pic\\resources\\locker.jpg'
6.1138 	EXP 	polygon_2: opacity = 0.0
6.1138 	EXP 	polygon_2: fillColor = '[1. 1. 1.] (rgb)'
6.1305 	EXP 	polygon: opacity = 0.0
6.1305 	EXP 	polygon_3: opacity = 0.0
6.1305 	EXP 	displayPicture: image = 'C:\\Users\\Employee\\Google Drive\\UP\\MyResearch\\TaskProgramming\\AB_pic\\resources\\locker.jpg'
6.1305 	EXP 	polygon_2: opacity = 0.0
6.1305 	EXP 	polygon_2: fillColor = '[1. 1. 1.] (rgb)'
6.1468 	EXP 	polygon: opacity = 0.0
6.1468 	EXP 	polygon_3: opacity = 0.0
6.1468 	EXP 	displayPicture: image = 'C:\\Users\\Employee\\Google Drive\\UP\\MyResearch\\TaskProgramming\\AB_pic\\resources\\locker.jpg'
6.1468 	EXP 	polygon_2: opacity = 0.0
6.1468 	EXP 	polygon_2: fillColor = '[1. 1. 1.] (rgb)'
6.1637 	EXP 	polygon: opacity = 0.0
6.1637 	EXP 	polygon_3: opacity = 0.0
6.1637 	EXP 	displayPicture: image = 'C:\\Users\\Employee\\Google Drive\\UP\\MyResearch\\TaskProgramming\\AB_pic\\resources\\locker.jpg'
6.1637 	EXP 	polygon_2: opacity = 0.0
6.1637 	EXP 	polygon_2: fillColor = '[1. 1. 1.] (rgb)'
6.1804 	EXP 	polygon: opacity = 0.0
6.1804 	EXP 	polygon_3: opacity = 0.0
6.1804 	EXP 	displayPicture: image = 'C:\\Users\\Employee\\Google Drive\\UP\\MyResearch\\TaskProgramming\\AB_pic\\resources\\locker.jpg'
6.1804 	EXP 	polygon_2: opacity = 0.0
6.1804 	EXP 	polygon_2: fillColor = '[1. 1. 1.] (rgb)'
6.1972 	EXP 	polygon: opacity = 0.0
6.1972 	EXP 	polygon_3: opacity = 0.0
6.1972 	EXP 	displayPicture: image = 'C:\\Users\\Employee\\Google Drive\\UP\\MyResearch\\TaskProgramming\\AB_pic\\resources\\locker.jpg'
6.1972 	EXP 	polygon_2: opacity = 1.0
6.1972 	EXP 	polygon_2: fillColor = '[1. 1. 1.] (rgb)'
6.2138 	EXP 	polygon: opacity = 0.0
6.2138 	EXP 	polygon_3: opacity = 0.0
6.2138 	EXP 	displayPicture: image = 'C:\\Users\\Employee\\Google Drive\\UP\\MyResearch\\TaskProgramming\\AB_pic\\resources\\locker.jpg'
6.2138 	EXP 	polygon_2: opacity = 1.0
6.2138 	EXP 	polygon_2: fillColor = '[1. 1. 1.] (rgb)'
6.2305 	EXP 	polygon: opacity = 0.0
6.2305 	EXP 	polygon_3: opacity = 0.0
6.2305 	EXP 	displayPicture: image = 'C:\\Users\\Employee\\Google Drive\\UP\\MyResearch\\TaskProgramming\\AB_pic\\resources\\locker.jpg'
6.2305 	EXP 	polygon_2: opacity = 1.0
6.2305 	EXP 	polygon_2: fillColor = '[1. 1. 1.] (rgb)'
6.2471 	EXP 	polygon: opacity = 0.0
6.2471 	EXP 	polygon_3: opacity = 0.0
6.2471 	EXP 	displayPicture: image = 'C:\\Users\\Employee\\Google Drive\\UP\\MyResearch\\TaskProgramming\\AB_pic\\resources\\knee.jpg'
6.2471 	EXP 	polygon_2: opacity = 0.0
6.2471 	EXP 	polygon_2: fillColor = '[1. 1. 1.] (rgb)'
6.2638 	EXP 	polygon: opacity = 0.0
6.2638 	EXP 	polygon_3: opacity = 0.0
6.2638 	EXP 	displayPicture: image = 'C:\\Users\\Employee\\Google Drive\\UP\\MyResearch\\TaskProgramming\\AB_pic\\resources\\knee.jpg'
6.2638 	EXP 	polygon_2: opacity = 0.0
6.2638 	EXP 	polygon_2: fillColor = '[1. 1. 1.] (rgb)'
6.2804 	EXP 	polygon: opacity = 0.0
6.2804 	EXP 	polygon_3: opacity = 0.0
6.2804 	EXP 	displayPicture: image = 'C:\\Users\\Employee\\Google Drive\\UP\\MyResearch\\TaskProgramming\\AB_pic\\resources\\knee.jpg'
6.2804 	EXP 	polygon_2: opacity = 0.0
6.2804 	EXP 	polygon_2: fillColor = '[1. 1. 1.] (rgb)'
6.2971 	EXP 	polygon: opacity = 0.0
6.2971 	EXP 	polygon_3: opacity = 0.0
6.2971 	EXP 	displayPicture: image = 'C:\\Users\\Employee\\Google Drive\\UP\\MyResearch\\TaskProgramming\\AB_pic\\resources\\knee.jpg'
6.2971 	EXP 	polygon_2: opacity = 0.0
6.2971 	EXP 	polygon_2: fillColor = '[1. 1. 1.] (rgb)'
6.3138 	EXP 	polygon: opacity = 0.0
6.3138 	EXP 	polygon_3: opacity = 0.0
6.3138 	EXP 	displayPicture: image = 'C:\\Users\\Employee\\Google Drive\\UP\\MyResearch\\TaskProgramming\\AB_pic\\resources\\knee.jpg'
6.3138 	EXP 	polygon_2: opacity = 0.0
6.3138 	EXP 	polygon_2: fillColor = '[1. 1. 1.] (rgb)'
6.3304 	EXP 	polygon: opacity = 0.0
6.3304 	EXP 	polygon_3: opacity = 0.0
6.3304 	EXP 	displayPicture: image = 'C:\\Users\\Employee\\Google Drive\\UP\\MyResearch\\TaskProgramming\\AB_pic\\resources\\knee.jpg'
6.3304 	EXP 	polygon_2: opacity = 0.0
6.3304 	EXP 	polygon_2: fillColor = '[1. 1. 1.] (rgb)'
6.3471 	EXP 	polygon: opacity = 0.0
6.3471 	EXP 	polygon_3: opacity = 0.0
6.3471 	EXP 	displayPicture: image = 'C:\\Users\\Employee\\Google Drive\\UP\\MyResearch\\TaskProgramming\\AB_pic\\resources\\knee.jpg'
6.3471 	EXP 	polygon_2: opacity = 0.0
6.3471 	EXP 	polygon_2: fillColor = '[1. 1. 1.] (rgb)'
6.3638 	EXP 	polygon: opacity = 0.0
6.3638 	EXP 	polygon_3: opacity = 0.0
6.3638 	EXP 	displayPicture: image = 'C:\\Users\\Employee\\Google Drive\\UP\\MyResearch\\TaskProgramming\\AB_pic\\resources\\knee.jpg'
6.3638 	EXP 	polygon_2: opacity = 0.0
6.3638 	EXP 	polygon_2: fillColor = '[1. 1. 1.] (rgb)'
6.3804 	EXP 	polygon: opacity = 0.0
6.3804 	EXP 	polygon_3: opacity = 0.0
6.3804 	EXP 	displayPicture: image = 'C:\\Users\\Employee\\Google Drive\\UP\\MyResearch\\TaskProgramming\\AB_pic\\resources\\knee.jpg'
6.3804 	EXP 	polygon_2: opacity = 0.0
6.3804 	EXP 	polygon_2: fillColor = '[1. 1. 1.] (rgb)'
6.3971 	EXP 	polygon: opacity = 0.0
6.3971 	EXP 	polygon_3: opacity = 0.0
6.3971 	EXP 	displayPicture: image = 'C:\\Users\\Employee\\Google Drive\\UP\\MyResearch\\TaskProgramming\\AB_pic\\resources\\knee.jpg'
6.3971 	EXP 	polygon_2: opacity = 0.0
6.3971 	EXP 	polygon_2: fillColor = '[1. 1. 1.] (rgb)'
6.4138 	EXP 	polygon: opacity = 0.0
6.4138 	EXP 	polygon_3: opacity = 0.0
6.4138 	EXP 	displayPicture: image = 'C:\\Users\\Employee\\Google Drive\\UP\\MyResearch\\TaskProgramming\\AB_pic\\resources\\knee.jpg'
6.4138 	EXP 	polygon_2: opacity = 0.0
6.4138 	EXP 	polygon_2: fillColor = '[1. 1. 1.] (rgb)'
6.4305 	EXP 	polygon: opacity = 0.0
6.4305 	EXP 	polygon_3: opacity = 0.0
6.4305 	EXP 	displayPicture: image = 'C:\\Users\\Employee\\Google Drive\\UP\\MyResearch\\TaskProgramming\\AB_pic\\resources\\knee.jpg'
6.4305 	EXP 	polygon_2: opacity = 0.0
6.4305 	EXP 	polygon_2: fillColor = '[1. 1. 1.] (rgb)'
6.4471 	EXP 	polygon: opacity = 0.0
6.4471 	EXP 	polygon_3: opacity = 0.0
6.4471 	EXP 	displayPicture: image = 'C:\\Users\\Employee\\Google Drive\\UP\\MyResearch\\TaskProgramming\\AB_pic\\resources\\knee.jpg'
6.4471 	EXP 	polygon_2: opacity = 1.0
6.4471 	EXP 	polygon_2: fillColor = '[1. 1. 1.] (rgb)'
6.4638 	EXP 	polygon: opacity = 0.0
6.4638 	EXP 	polygon_3: opacity = 0.0
6.4638 	EXP 	displayPicture: image = 'C:\\Users\\Employee\\Google Drive\\UP\\MyResearch\\TaskProgramming\\AB_pic\\resources\\knee.jpg'
6.4638 	EXP 	polygon_2: opacity = 1.0
6.4638 	EXP 	polygon_2: fillColor = '[1. 1. 1.] (rgb)'
6.4805 	EXP 	polygon: opacity = 0.0
6.4805 	EXP 	polygon_3: opacity = 0.0
6.4805 	EXP 	displayPicture: image = 'C:\\Users\\Employee\\Google Drive\\UP\\MyResearch\\TaskProgramming\\AB_pic\\resources\\knee.jpg'
6.4805 	EXP 	polygon_2: opacity = 1.0
6.4805 	EXP 	polygon_2: fillColor = '[1. 1. 1.] (rgb)'
6.4971 	EXP 	polygon: opacity = 0.0
6.4971 	EXP 	polygon_3: opacity = 0.0
6.4971 	EXP 	displayPicture: image = 'C:\\Users\\Employee\\Google Drive\\UP\\MyResearch\\TaskProgramming\\AB_pic\\resources\\boxingglove01.jpg'
6.4971 	EXP 	polygon_2: opacity = 0.0
6.4971 	EXP 	polygon_2: fillColor = '[1. 1. 1.] (rgb)'
6.5138 	EXP 	polygon: opacity = 0.0
6.5138 	EXP 	polygon_3: opacity = 0.0
6.5138 	EXP 	displayPicture: image = 'C:\\Users\\Employee\\Google Drive\\UP\\MyResearch\\TaskProgramming\\AB_pic\\resources\\boxingglove01.jpg'
6.5138 	EXP 	polygon_2: opacity = 0.0
6.5138 	EXP 	polygon_2: fillColor = '[1. 1. 1.] (rgb)'
6.5304 	EXP 	polygon: opacity = 0.0
6.5304 	EXP 	polygon_3: opacity = 0.0
6.5304 	EXP 	displayPicture: image = 'C:\\Users\\Employee\\Google Drive\\UP\\MyResearch\\TaskProgramming\\AB_pic\\resources\\boxingglove01.jpg'
6.5304 	EXP 	polygon_2: opacity = 0.0
6.5304 	EXP 	polygon_2: fillColor = '[1. 1. 1.] (rgb)'
6.5471 	EXP 	polygon: opacity = 0.0
6.5471 	EXP 	polygon_3: opacity = 0.0
6.5471 	EXP 	displayPicture: image = 'C:\\Users\\Employee\\Google Drive\\UP\\MyResearch\\TaskProgramming\\AB_pic\\resources\\boxingglove01.jpg'
6.5471 	EXP 	polygon_2: opacity = 0.0
6.5471 	EXP 	polygon_2: fillColor = '[1. 1. 1.] (rgb)'
6.5638 	EXP 	polygon: opacity = 0.0
6.5638 	EXP 	polygon_3: opacity = 0.0
6.5638 	EXP 	displayPicture: image = 'C:\\Users\\Employee\\Google Drive\\UP\\MyResearch\\TaskProgramming\\AB_pic\\resources\\boxingglove01.jpg'
6.5638 	EXP 	polygon_2: opacity = 0.0
6.5638 	EXP 	polygon_2: fillColor = '[1. 1. 1.] (rgb)'
6.5805 	EXP 	polygon: opacity = 0.0
6.5805 	EXP 	polygon_3: opacity = 0.0
6.5805 	EXP 	displayPicture: image = 'C:\\Users\\Employee\\Google Drive\\UP\\MyResearch\\TaskProgramming\\AB_pic\\resources\\boxingglove01.jpg'
6.5805 	EXP 	polygon_2: opacity = 0.0
6.5805 	EXP 	polygon_2: fillColor = '[1. 1. 1.] (rgb)'
6.5967 	EXP 	polygon: opacity = 0.0
6.5967 	EXP 	polygon_3: opacity = 0.0
6.5967 	EXP 	displayPicture: image = 'C:\\Users\\Employee\\Google Drive\\UP\\MyResearch\\TaskProgramming\\AB_pic\\resources\\boxingglove01.jpg'
6.5967 	EXP 	polygon_2: opacity = 0.0
6.5967 	EXP 	polygon_2: fillColor = '[1. 1. 1.] (rgb)'
6.6137 	EXP 	polygon: opacity = 0.0
6.6137 	EXP 	polygon_3: opacity = 0.0
6.6137 	EXP 	displayPicture: image = 'C:\\Users\\Employee\\Google Drive\\UP\\MyResearch\\TaskProgramming\\AB_pic\\resources\\boxingglove01.jpg'
6.6137 	EXP 	polygon_2: opacity = 0.0
6.6137 	EXP 	polygon_2: fillColor = '[1. 1. 1.] (rgb)'
6.6304 	EXP 	polygon: opacity = 0.0
6.6304 	EXP 	polygon_3: opacity = 0.0
6.6304 	EXP 	displayPicture: image = 'C:\\Users\\Employee\\Google Drive\\UP\\MyResearch\\TaskProgramming\\AB_pic\\resources\\boxingglove01.jpg'
6.6304 	EXP 	polygon_2: opacity = 0.0
6.6304 	EXP 	polygon_2: fillColor = '[1. 1. 1.] (rgb)'
6.6471 	EXP 	polygon: opacity = 0.0
6.6471 	EXP 	polygon_3: opacity = 0.0
6.6471 	EXP 	displayPicture: image = 'C:\\Users\\Employee\\Google Drive\\UP\\MyResearch\\TaskProgramming\\AB_pic\\resources\\boxingglove01.jpg'
6.6471 	EXP 	polygon_2: opacity = 0.0
6.6471 	EXP 	polygon_2: fillColor = '[1. 1. 1.] (rgb)'
6.6638 	EXP 	polygon: opacity = 0.0
6.6638 	EXP 	polygon_3: opacity = 0.0
6.6638 	EXP 	displayPicture: image = 'C:\\Users\\Employee\\Google Drive\\UP\\MyResearch\\TaskProgramming\\AB_pic\\resources\\boxingglove01.jpg'
6.6638 	EXP 	polygon_2: opacity = 0.0
6.6638 	EXP 	polygon_2: fillColor = '[1. 1. 1.] (rgb)'
6.6804 	EXP 	polygon: opacity = 0.0
6.6804 	EXP 	polygon_3: opacity = 0.0
6.6804 	EXP 	displayPicture: image = 'C:\\Users\\Employee\\Google Drive\\UP\\MyResearch\\TaskProgramming\\AB_pic\\resources\\boxingglove01.jpg'
6.6804 	EXP 	polygon_2: opacity = 0.0
6.6804 	EXP 	polygon_2: fillColor = '[1. 1. 1.] (rgb)'
6.6971 	EXP 	polygon: opacity = 0.0
6.6971 	EXP 	polygon_3: opacity = 0.0
6.6971 	EXP 	displayPicture: image = 'C:\\Users\\Employee\\Google Drive\\UP\\MyResearch\\TaskProgramming\\AB_pic\\resources\\boxingglove01.jpg'
6.6971 	EXP 	polygon_2: opacity = 1.0
6.6971 	EXP 	polygon_2: fillColor = '[1. 1. 1.] (rgb)'
6.7137 	EXP 	polygon: opacity = 0.0
6.7137 	EXP 	polygon_3: opacity = 0.0
6.7137 	EXP 	displayPicture: image = 'C:\\Users\\Employee\\Google Drive\\UP\\MyResearch\\TaskProgramming\\AB_pic\\resources\\boxingglove01.jpg'
6.7137 	EXP 	polygon_2: opacity = 1.0
6.7137 	EXP 	polygon_2: fillColor = '[1. 1. 1.] (rgb)'
6.7304 	EXP 	polygon: opacity = 0.0
6.7304 	EXP 	polygon_3: opacity = 0.0
6.7304 	EXP 	displayPicture: image = 'C:\\Users\\Employee\\Google Drive\\UP\\MyResearch\\TaskProgramming\\AB_pic\\resources\\boxingglove01.jpg'
6.7304 	EXP 	polygon_2: opacity = 1.0
6.7304 	EXP 	polygon_2: fillColor = '[1. 1. 1.] (rgb)'
6.7471 	EXP 	polygon: opacity = 0.0
6.7471 	EXP 	polygon_3: opacity = 1.0
6.7471 	EXP 	displayPicture: image = 'C:\\Users\\Employee\\Google Drive\\UP\\MyResearch\\TaskProgramming\\AB_pic\\resources\\jackrabbit.jpg'
6.7471 	EXP 	polygon_2: opacity = 0.0
6.7471 	EXP 	polygon_2: fillColor = '[1. 1. 1.] (rgb)'
6.7638 	EXP 	polygon: opacity = 0.0
6.7638 	EXP 	polygon_3: opacity = 1.0
6.7638 	EXP 	displayPicture: image = 'C:\\Users\\Employee\\Google Drive\\UP\\MyResearch\\TaskProgramming\\AB_pic\\resources\\jackrabbit.jpg'
6.7638 	EXP 	polygon_2: opacity = 0.0
6.7638 	EXP 	polygon_2: fillColor = '[1. 1. 1.] (rgb)'
6.7804 	EXP 	polygon: opacity = 0.0
6.7804 	EXP 	polygon_3: opacity = 1.0
6.7804 	EXP 	displayPicture: image = 'C:\\Users\\Employee\\Google Drive\\UP\\MyResearch\\TaskProgramming\\AB_pic\\resources\\jackrabbit.jpg'
6.7804 	EXP 	polygon_2: opacity = 0.0
6.7804 	EXP 	polygon_2: fillColor = '[1. 1. 1.] (rgb)'
6.7971 	EXP 	polygon: opacity = 0.0
6.7971 	EXP 	polygon_3: opacity = 1.0
6.7971 	EXP 	displayPicture: image = 'C:\\Users\\Employee\\Google Drive\\UP\\MyResearch\\TaskProgramming\\AB_pic\\resources\\jackrabbit.jpg'
6.7971 	EXP 	polygon_2: opacity = 0.0
6.7971 	EXP 	polygon_2: fillColor = '[1. 1. 1.] (rgb)'
6.8137 	EXP 	polygon: opacity = 0.0
6.8137 	EXP 	polygon_3: opacity = 1.0
6.8137 	EXP 	displayPicture: image = 'C:\\Users\\Employee\\Google Drive\\UP\\MyResearch\\TaskProgramming\\AB_pic\\resources\\jackrabbit.jpg'
6.8137 	EXP 	polygon_2: opacity = 0.0
6.8137 	EXP 	polygon_2: fillColor = '[1. 1. 1.] (rgb)'
6.8304 	EXP 	polygon: opacity = 0.0
6.8304 	EXP 	polygon_3: opacity = 1.0
6.8304 	EXP 	displayPicture: image = 'C:\\Users\\Employee\\Google Drive\\UP\\MyResearch\\TaskProgramming\\AB_pic\\resources\\jackrabbit.jpg'
6.8304 	EXP 	polygon_2: opacity = 0.0
6.8304 	EXP 	polygon_2: fillColor = '[1. 1. 1.] (rgb)'
6.8471 	EXP 	polygon: opacity = 0.0
6.8471 	EXP 	polygon_3: opacity = 1.0
6.8471 	EXP 	displayPicture: image = 'C:\\Users\\Employee\\Google Drive\\UP\\MyResearch\\TaskProgramming\\AB_pic\\resources\\jackrabbit.jpg'
6.8471 	EXP 	polygon_2: opacity = 0.0
6.8471 	EXP 	polygon_2: fillColor = '[1. 1. 1.] (rgb)'
6.8638 	EXP 	polygon: opacity = 0.0
6.8638 	EXP 	polygon_3: opacity = 1.0
6.8638 	EXP 	displayPicture: image = 'C:\\Users\\Employee\\Google Drive\\UP\\MyResearch\\TaskProgramming\\AB_pic\\resources\\jackrabbit.jpg'
6.8638 	EXP 	polygon_2: opacity = 0.0
6.8638 	EXP 	polygon_2: fillColor = '[1. 1. 1.] (rgb)'
6.8804 	EXP 	polygon: opacity = 0.0
6.8804 	EXP 	polygon_3: opacity = 1.0
6.8804 	EXP 	displayPicture: image = 'C:\\Users\\Employee\\Google Drive\\UP\\MyResearch\\TaskProgramming\\AB_pic\\resources\\jackrabbit.jpg'
6.8804 	EXP 	polygon_2: opacity = 0.0
6.8804 	EXP 	polygon_2: fillColor = '[1. 1. 1.] (rgb)'
6.8971 	EXP 	polygon: opacity = 0.0
6.8971 	EXP 	polygon_3: opacity = 1.0
6.8971 	EXP 	displayPicture: image = 'C:\\Users\\Employee\\Google Drive\\UP\\MyResearch\\TaskProgramming\\AB_pic\\resources\\jackrabbit.jpg'
6.8971 	EXP 	polygon_2: opacity = 0.0
6.8971 	EXP 	polygon_2: fillColor = '[1. 1. 1.] (rgb)'
6.9137 	EXP 	polygon: opacity = 0.0
6.9137 	EXP 	polygon_3: opacity = 1.0
6.9137 	EXP 	displayPicture: image = 'C:\\Users\\Employee\\Google Drive\\UP\\MyResearch\\TaskProgramming\\AB_pic\\resources\\jackrabbit.jpg'
6.9137 	EXP 	polygon_2: opacity = 0.0
6.9137 	EXP 	polygon_2: fillColor = '[1. 1. 1.] (rgb)'
6.9304 	EXP 	polygon: opacity = 0.0
6.9304 	EXP 	polygon_3: opacity = 1.0
6.9304 	EXP 	displayPicture: image = 'C:\\Users\\Employee\\Google Drive\\UP\\MyResearch\\TaskProgramming\\AB_pic\\resources\\jackrabbit.jpg'
6.9304 	EXP 	polygon_2: opacity = 0.0
6.9304 	EXP 	polygon_2: fillColor = '[1. 1. 1.] (rgb)'
6.9471 	EXP 	polygon: opacity = 0.0
6.9471 	EXP 	polygon_3: opacity = 1.0
6.9471 	EXP 	displayPicture: image = 'C:\\Users\\Employee\\Google Drive\\UP\\MyResearch\\TaskProgramming\\AB_pic\\resources\\jackrabbit.jpg'
6.9471 	EXP 	polygon_2: opacity = 1.0
6.9471 	EXP 	polygon_2: fillColor = '[1. 1. 1.] (rgb)'
6.9638 	EXP 	polygon: opacity = 0.0
6.9638 	EXP 	polygon_3: opacity = 1.0
6.9638 	EXP 	displayPicture: image = 'C:\\Users\\Employee\\Google Drive\\UP\\MyResearch\\TaskProgramming\\AB_pic\\resources\\jackrabbit.jpg'
6.9638 	EXP 	polygon_2: opacity = 1.0
6.9638 	EXP 	polygon_2: fillColor = '[1. 1. 1.] (rgb)'
6.9804 	EXP 	polygon: opacity = 0.0
6.9804 	EXP 	polygon_3: opacity = 1.0
6.9804 	EXP 	displayPicture: image = 'C:\\Users\\Employee\\Google Drive\\UP\\MyResearch\\TaskProgramming\\AB_pic\\resources\\jackrabbit.jpg'
6.9804 	EXP 	polygon_2: opacity = 1.0
6.9804 	EXP 	polygon_2: fillColor = '[1. 1. 1.] (rgb)'
6.9971 	EXP 	polygon: opacity = 0.0
6.9971 	EXP 	polygon_3: opacity = 0.0
6.9971 	EXP 	displayPicture: image = 'C:\\Users\\Employee\\Google Drive\\UP\\MyResearch\\TaskProgramming\\AB_pic\\resources\\honeybee.jpg'
6.9971 	EXP 	polygon_2: opacity = 0.0
6.9971 	EXP 	polygon_2: fillColor = '[1. 1. 1.] (rgb)'
7.0138 	EXP 	polygon: opacity = 0.0
7.0138 	EXP 	polygon_3: opacity = 0.0
7.0138 	EXP 	displayPicture: image = 'C:\\Users\\Employee\\Google Drive\\UP\\MyResearch\\TaskProgramming\\AB_pic\\resources\\honeybee.jpg'
7.0138 	EXP 	polygon_2: opacity = 0.0
7.0138 	EXP 	polygon_2: fillColor = '[1. 1. 1.] (rgb)'
7.0304 	EXP 	polygon: opacity = 0.0
7.0304 	EXP 	polygon_3: opacity = 0.0
7.0304 	EXP 	displayPicture: image = 'C:\\Users\\Employee\\Google Drive\\UP\\MyResearch\\TaskProgramming\\AB_pic\\resources\\honeybee.jpg'
7.0304 	EXP 	polygon_2: opacity = 0.0
7.0304 	EXP 	polygon_2: fillColor = '[1. 1. 1.] (rgb)'
7.0471 	EXP 	polygon: opacity = 0.0
7.0471 	EXP 	polygon_3: opacity = 0.0
7.0471 	EXP 	displayPicture: image = 'C:\\Users\\Employee\\Google Drive\\UP\\MyResearch\\TaskProgramming\\AB_pic\\resources\\honeybee.jpg'
7.0471 	EXP 	polygon_2: opacity = 0.0
7.0471 	EXP 	polygon_2: fillColor = '[1. 1. 1.] (rgb)'
7.0637 	EXP 	polygon: opacity = 0.0
7.0637 	EXP 	polygon_3: opacity = 0.0
7.0637 	EXP 	displayPicture: image = 'C:\\Users\\Employee\\Google Drive\\UP\\MyResearch\\TaskProgramming\\AB_pic\\resources\\honeybee.jpg'
7.0637 	EXP 	polygon_2: opacity = 0.0
7.0637 	EXP 	polygon_2: fillColor = '[1. 1. 1.] (rgb)'
7.0804 	EXP 	polygon: opacity = 0.0
7.0804 	EXP 	polygon_3: opacity = 0.0
7.0804 	EXP 	displayPicture: image = 'C:\\Users\\Employee\\Google Drive\\UP\\MyResearch\\TaskProgramming\\AB_pic\\resources\\honeybee.jpg'
7.0804 	EXP 	polygon_2: opacity = 0.0
7.0804 	EXP 	polygon_2: fillColor = '[1. 1. 1.] (rgb)'
7.0971 	EXP 	polygon: opacity = 0.0
7.0971 	EXP 	polygon_3: opacity = 0.0
7.0971 	EXP 	displayPicture: image = 'C:\\Users\\Employee\\Google Drive\\UP\\MyResearch\\TaskProgramming\\AB_pic\\resources\\honeybee.jpg'
7.0971 	EXP 	polygon_2: opacity = 0.0
7.0971 	EXP 	polygon_2: fillColor = '[1. 1. 1.] (rgb)'
7.1137 	EXP 	polygon: opacity = 0.0
7.1137 	EXP 	polygon_3: opacity = 0.0
7.1137 	EXP 	displayPicture: image = 'C:\\Users\\Employee\\Google Drive\\UP\\MyResearch\\TaskProgramming\\AB_pic\\resources\\honeybee.jpg'
7.1137 	EXP 	polygon_2: opacity = 0.0
7.1137 	EXP 	polygon_2: fillColor = '[1. 1. 1.] (rgb)'
7.1304 	EXP 	polygon: opacity = 0.0
7.1304 	EXP 	polygon_3: opacity = 0.0
7.1304 	EXP 	displayPicture: image = 'C:\\Users\\Employee\\Google Drive\\UP\\MyResearch\\TaskProgramming\\AB_pic\\resources\\honeybee.jpg'
7.1304 	EXP 	polygon_2: opacity = 0.0
7.1304 	EXP 	polygon_2: fillColor = '[1. 1. 1.] (rgb)'
7.1471 	EXP 	polygon: opacity = 0.0
7.1471 	EXP 	polygon_3: opacity = 0.0
7.1471 	EXP 	displayPicture: image = 'C:\\Users\\Employee\\Google Drive\\UP\\MyResearch\\TaskProgramming\\AB_pic\\resources\\honeybee.jpg'
7.1471 	EXP 	polygon_2: opacity = 0.0
7.1471 	EXP 	polygon_2: fillColor = '[1. 1. 1.] (rgb)'
7.1637 	EXP 	polygon: opacity = 0.0
7.1637 	EXP 	polygon_3: opacity = 0.0
7.1637 	EXP 	displayPicture: image = 'C:\\Users\\Employee\\Google Drive\\UP\\MyResearch\\TaskProgramming\\AB_pic\\resources\\honeybee.jpg'
7.1637 	EXP 	polygon_2: opacity = 0.0
7.1637 	EXP 	polygon_2: fillColor = '[1. 1. 1.] (rgb)'
7.1804 	EXP 	polygon: opacity = 0.0
7.1804 	EXP 	polygon_3: opacity = 0.0
7.1804 	EXP 	displayPicture: image = 'C:\\Users\\Employee\\Google Drive\\UP\\MyResearch\\TaskProgramming\\AB_pic\\resources\\honeybee.jpg'
7.1804 	EXP 	polygon_2: opacity = 0.0
7.1804 	EXP 	polygon_2: fillColor = '[1. 1. 1.] (rgb)'
7.1971 	EXP 	polygon: opacity = 0.0
7.1971 	EXP 	polygon_3: opacity = 0.0
7.1971 	EXP 	displayPicture: image = 'C:\\Users\\Employee\\Google Drive\\UP\\MyResearch\\TaskProgramming\\AB_pic\\resources\\honeybee.jpg'
7.1971 	EXP 	polygon_2: opacity = 1.0
7.1971 	EXP 	polygon_2: fillColor = '[1. 1. 1.] (rgb)'
7.2137 	EXP 	polygon: opacity = 0.0
7.2137 	EXP 	polygon_3: opacity = 0.0
7.2137 	EXP 	displayPicture: image = 'C:\\Users\\Employee\\Google Drive\\UP\\MyResearch\\TaskProgramming\\AB_pic\\resources\\honeybee.jpg'
7.2137 	EXP 	polygon_2: opacity = 1.0
7.2137 	EXP 	polygon_2: fillColor = '[1. 1. 1.] (rgb)'
7.2304 	EXP 	polygon: opacity = 0.0
7.2304 	EXP 	polygon_3: opacity = 0.0
7.2304 	EXP 	displayPicture: image = 'C:\\Users\\Employee\\Google Drive\\UP\\MyResearch\\TaskProgramming\\AB_pic\\resources\\honeybee.jpg'
7.2304 	EXP 	polygon_2: opacity = 1.0
7.2304 	EXP 	polygon_2: fillColor = '[1. 1. 1.] (rgb)'
7.2467 	EXP 	polygon: opacity = 0.0
7.2467 	EXP 	polygon_3: opacity = 0.0
7.2467 	EXP 	displayPicture: image = 'C:\\Users\\Employee\\Google Drive\\UP\\MyResearch\\TaskProgramming\\AB_pic\\resources\\tire.jpg'
7.2467 	EXP 	polygon_2: opacity = 0.0
7.2467 	EXP 	polygon_2: fillColor = '[1. 1. 1.] (rgb)'
7.2634 	EXP 	polygon: opacity = 0.0
7.2634 	EXP 	polygon_3: opacity = 0.0
7.2634 	EXP 	displayPicture: image = 'C:\\Users\\Employee\\Google Drive\\UP\\MyResearch\\TaskProgramming\\AB_pic\\resources\\tire.jpg'
7.2634 	EXP 	polygon_2: opacity = 0.0
7.2634 	EXP 	polygon_2: fillColor = '[1. 1. 1.] (rgb)'
7.2800 	EXP 	polygon: opacity = 0.0
7.2800 	EXP 	polygon_3: opacity = 0.0
7.2800 	EXP 	displayPicture: image = 'C:\\Users\\Employee\\Google Drive\\UP\\MyResearch\\TaskProgramming\\AB_pic\\resources\\tire.jpg'
7.2800 	EXP 	polygon_2: opacity = 0.0
7.2800 	EXP 	polygon_2: fillColor = '[1. 1. 1.] (rgb)'
7.2967 	EXP 	polygon: opacity = 0.0
7.2967 	EXP 	polygon_3: opacity = 0.0
7.2967 	EXP 	displayPicture: image = 'C:\\Users\\Employee\\Google Drive\\UP\\MyResearch\\TaskProgramming\\AB_pic\\resources\\tire.jpg'
7.2967 	EXP 	polygon_2: opacity = 0.0
7.2967 	EXP 	polygon_2: fillColor = '[1. 1. 1.] (rgb)'
7.3134 	EXP 	polygon: opacity = 0.0
7.3134 	EXP 	polygon_3: opacity = 0.0
7.3134 	EXP 	displayPicture: image = 'C:\\Users\\Employee\\Google Drive\\UP\\MyResearch\\TaskProgramming\\AB_pic\\resources\\tire.jpg'
7.3134 	EXP 	polygon_2: opacity = 0.0
7.3134 	EXP 	polygon_2: fillColor = '[1. 1. 1.] (rgb)'
7.3300 	EXP 	polygon: opacity = 0.0
7.3300 	EXP 	polygon_3: opacity = 0.0
7.3300 	EXP 	displayPicture: image = 'C:\\Users\\Employee\\Google Drive\\UP\\MyResearch\\TaskProgramming\\AB_pic\\resources\\tire.jpg'
7.3300 	EXP 	polygon_2: opacity = 0.0
7.3300 	EXP 	polygon_2: fillColor = '[1. 1. 1.] (rgb)'
7.3467 	EXP 	polygon: opacity = 0.0
7.3467 	EXP 	polygon_3: opacity = 0.0
7.3467 	EXP 	displayPicture: image = 'C:\\Users\\Employee\\Google Drive\\UP\\MyResearch\\TaskProgramming\\AB_pic\\resources\\tire.jpg'
7.3467 	EXP 	polygon_2: opacity = 0.0
7.3467 	EXP 	polygon_2: fillColor = '[1. 1. 1.] (rgb)'
7.3634 	EXP 	polygon: opacity = 0.0
7.3634 	EXP 	polygon_3: opacity = 0.0
7.3634 	EXP 	displayPicture: image = 'C:\\Users\\Employee\\Google Drive\\UP\\MyResearch\\TaskProgramming\\AB_pic\\resources\\tire.jpg'
7.3634 	EXP 	polygon_2: opacity = 0.0
7.3634 	EXP 	polygon_2: fillColor = '[1. 1. 1.] (rgb)'
7.3800 	EXP 	polygon: opacity = 0.0
7.3800 	EXP 	polygon_3: opacity = 0.0
7.3800 	EXP 	displayPicture: image = 'C:\\Users\\Employee\\Google Drive\\UP\\MyResearch\\TaskProgramming\\AB_pic\\resources\\tire.jpg'
7.3800 	EXP 	polygon_2: opacity = 0.0
7.3800 	EXP 	polygon_2: fillColor = '[1. 1. 1.] (rgb)'
7.3967 	EXP 	polygon: opacity = 0.0
7.3967 	EXP 	polygon_3: opacity = 0.0
7.3967 	EXP 	displayPicture: image = 'C:\\Users\\Employee\\Google Drive\\UP\\MyResearch\\TaskProgramming\\AB_pic\\resources\\tire.jpg'
7.3967 	EXP 	polygon_2: opacity = 0.0
7.3967 	EXP 	polygon_2: fillColor = '[1. 1. 1.] (rgb)'
7.4133 	EXP 	polygon: opacity = 0.0
7.4133 	EXP 	polygon_3: opacity = 0.0
7.4133 	EXP 	displayPicture: image = 'C:\\Users\\Employee\\Google Drive\\UP\\MyResearch\\TaskProgramming\\AB_pic\\resources\\tire.jpg'
7.4133 	EXP 	polygon_2: opacity = 0.0
7.4133 	EXP 	polygon_2: fillColor = '[1. 1. 1.] (rgb)'
7.4300 	EXP 	polygon: opacity = 0.0
7.4300 	EXP 	polygon_3: opacity = 0.0
7.4300 	EXP 	displayPicture: image = 'C:\\Users\\Employee\\Google Drive\\UP\\MyResearch\\TaskProgramming\\AB_pic\\resources\\tire.jpg'
7.4300 	EXP 	polygon_2: opacity = 0.0
7.4300 	EXP 	polygon_2: fillColor = '[1. 1. 1.] (rgb)'
7.4467 	EXP 	polygon: opacity = 0.0
7.4467 	EXP 	polygon_3: opacity = 0.0
7.4467 	EXP 	displayPicture: image = 'C:\\Users\\Employee\\Google Drive\\UP\\MyResearch\\TaskProgramming\\AB_pic\\resources\\tire.jpg'
7.4467 	EXP 	polygon_2: opacity = 1.0
7.4467 	EXP 	polygon_2: fillColor = '[1. 1. 1.] (rgb)'
7.4633 	EXP 	polygon: opacity = 0.0
7.4633 	EXP 	polygon_3: opacity = 0.0
7.4633 	EXP 	displayPicture: image = 'C:\\Users\\Employee\\Google Drive\\UP\\MyResearch\\TaskProgramming\\AB_pic\\resources\\tire.jpg'
7.4633 	EXP 	polygon_2: opacity = 1.0
7.4633 	EXP 	polygon_2: fillColor = '[1. 1. 1.] (rgb)'
7.4800 	EXP 	polygon: opacity = 0.0
7.4800 	EXP 	polygon_3: opacity = 0.0
7.4800 	EXP 	displayPicture: image = 'C:\\Users\\Employee\\Google Drive\\UP\\MyResearch\\TaskProgramming\\AB_pic\\resources\\tire.jpg'
7.4800 	EXP 	polygon_2: opacity = 1.0
7.4800 	EXP 	polygon_2: fillColor = '[1. 1. 1.] (rgb)'
7.4967 	EXP 	polygon: opacity = 0.0
7.4967 	EXP 	polygon_3: opacity = 0.0
7.4967 	EXP 	displayPicture: image = 'C:\\Users\\Employee\\Google Drive\\UP\\MyResearch\\TaskProgramming\\AB_pic\\resources\\kiwi03.jpg'
7.4967 	EXP 	polygon_2: opacity = 0.0
7.4967 	EXP 	polygon_2: fillColor = '[1. 1. 1.] (rgb)'
7.5133 	EXP 	polygon: opacity = 0.0
7.5133 	EXP 	polygon_3: opacity = 0.0
7.5133 	EXP 	displayPicture: image = 'C:\\Users\\Employee\\Google Drive\\UP\\MyResearch\\TaskProgramming\\AB_pic\\resources\\kiwi03.jpg'
7.5133 	EXP 	polygon_2: opacity = 0.0
7.5133 	EXP 	polygon_2: fillColor = '[1. 1. 1.] (rgb)'
7.5300 	EXP 	polygon: opacity = 0.0
7.5300 	EXP 	polygon_3: opacity = 0.0
7.5300 	EXP 	displayPicture: image = 'C:\\Users\\Employee\\Google Drive\\UP\\MyResearch\\TaskProgramming\\AB_pic\\resources\\kiwi03.jpg'
7.5300 	EXP 	polygon_2: opacity = 0.0
7.5300 	EXP 	polygon_2: fillColor = '[1. 1. 1.] (rgb)'
7.5467 	EXP 	polygon: opacity = 0.0
7.5467 	EXP 	polygon_3: opacity = 0.0
7.5467 	EXP 	displayPicture: image = 'C:\\Users\\Employee\\Google Drive\\UP\\MyResearch\\TaskProgramming\\AB_pic\\resources\\kiwi03.jpg'
7.5467 	EXP 	polygon_2: opacity = 0.0
7.5467 	EXP 	polygon_2: fillColor = '[1. 1. 1.] (rgb)'
7.5634 	EXP 	polygon: opacity = 0.0
7.5634 	EXP 	polygon_3: opacity = 0.0
7.5634 	EXP 	displayPicture: image = 'C:\\Users\\Employee\\Google Drive\\UP\\MyResearch\\TaskProgramming\\AB_pic\\resources\\kiwi03.jpg'
7.5634 	EXP 	polygon_2: opacity = 0.0
7.5634 	EXP 	polygon_2: fillColor = '[1. 1. 1.] (rgb)'
7.5800 	EXP 	polygon: opacity = 0.0
7.5800 	EXP 	polygon_3: opacity = 0.0
7.5800 	EXP 	displayPicture: image = 'C:\\Users\\Employee\\Google Drive\\UP\\MyResearch\\TaskProgramming\\AB_pic\\resources\\kiwi03.jpg'
7.5800 	EXP 	polygon_2: opacity = 0.0
7.5800 	EXP 	polygon_2: fillColor = '[1. 1. 1.] (rgb)'
7.5967 	EXP 	polygon: opacity = 0.0
7.5967 	EXP 	polygon_3: opacity = 0.0
7.5967 	EXP 	displayPicture: image = 'C:\\Users\\Employee\\Google Drive\\UP\\MyResearch\\TaskProgramming\\AB_pic\\resources\\kiwi03.jpg'
7.5967 	EXP 	polygon_2: opacity = 0.0
7.5967 	EXP 	polygon_2: fillColor = '[1. 1. 1.] (rgb)'
7.6134 	EXP 	polygon: opacity = 0.0
7.6134 	EXP 	polygon_3: opacity = 0.0
7.6134 	EXP 	displayPicture: image = 'C:\\Users\\Employee\\Google Drive\\UP\\MyResearch\\TaskProgramming\\AB_pic\\resources\\kiwi03.jpg'
7.6134 	EXP 	polygon_2: opacity = 0.0
7.6134 	EXP 	polygon_2: fillColor = '[1. 1. 1.] (rgb)'
7.6300 	EXP 	polygon: opacity = 0.0
7.6300 	EXP 	polygon_3: opacity = 0.0
7.6300 	EXP 	displayPicture: image = 'C:\\Users\\Employee\\Google Drive\\UP\\MyResearch\\TaskProgramming\\AB_pic\\resources\\kiwi03.jpg'
7.6300 	EXP 	polygon_2: opacity = 0.0
7.6300 	EXP 	polygon_2: fillColor = '[1. 1. 1.] (rgb)'
7.6467 	EXP 	polygon: opacity = 0.0
7.6467 	EXP 	polygon_3: opacity = 0.0
7.6467 	EXP 	displayPicture: image = 'C:\\Users\\Employee\\Google Drive\\UP\\MyResearch\\TaskProgramming\\AB_pic\\resources\\kiwi03.jpg'
7.6467 	EXP 	polygon_2: opacity = 0.0
7.6467 	EXP 	polygon_2: fillColor = '[1. 1. 1.] (rgb)'
7.6634 	EXP 	polygon: opacity = 0.0
7.6634 	EXP 	polygon_3: opacity = 0.0
7.6634 	EXP 	displayPicture: image = 'C:\\Users\\Employee\\Google Drive\\UP\\MyResearch\\TaskProgramming\\AB_pic\\resources\\kiwi03.jpg'
7.6634 	EXP 	polygon_2: opacity = 0.0
7.6634 	EXP 	polygon_2: fillColor = '[1. 1. 1.] (rgb)'
7.6800 	EXP 	polygon: opacity = 0.0
7.6800 	EXP 	polygon_3: opacity = 0.0
7.6800 	EXP 	displayPicture: image = 'C:\\Users\\Employee\\Google Drive\\UP\\MyResearch\\TaskProgramming\\AB_pic\\resources\\kiwi03.jpg'
7.6800 	EXP 	polygon_2: opacity = 0.0
7.6800 	EXP 	polygon_2: fillColor = '[1. 1. 1.] (rgb)'
7.6967 	EXP 	polygon: opacity = 0.0
7.6967 	EXP 	polygon_3: opacity = 0.0
7.6967 	EXP 	displayPicture: image = 'C:\\Users\\Employee\\Google Drive\\UP\\MyResearch\\TaskProgramming\\AB_pic\\resources\\kiwi03.jpg'
7.6967 	EXP 	polygon_2: opacity = 1.0
7.6967 	EXP 	polygon_2: fillColor = '[1. 1. 1.] (rgb)'
7.7133 	EXP 	polygon: opacity = 0.0
7.7133 	EXP 	polygon_3: opacity = 0.0
7.7133 	EXP 	displayPicture: image = 'C:\\Users\\Employee\\Google Drive\\UP\\MyResearch\\TaskProgramming\\AB_pic\\resources\\kiwi03.jpg'
7.7133 	EXP 	polygon_2: opacity = 1.0
7.7133 	EXP 	polygon_2: fillColor = '[1. 1. 1.] (rgb)'
7.7300 	EXP 	polygon: opacity = 0.0
7.7300 	EXP 	polygon_3: opacity = 0.0
7.7300 	EXP 	displayPicture: image = 'C:\\Users\\Employee\\Google Drive\\UP\\MyResearch\\TaskProgramming\\AB_pic\\resources\\kiwi03.jpg'
7.7300 	EXP 	polygon_2: opacity = 1.0
7.7300 	EXP 	polygon_2: fillColor = '[1. 1. 1.] (rgb)'
7.7800 	EXP 	polygon: opacity = 0.0
7.7800 	EXP 	polygon_3: opacity = 0.0
7.7800 	EXP 	displayPicture: image = 'C:\\Users\\Employee\\Google Drive\\UP\\MyResearch\\TaskProgramming\\AB_pic\\resources\\kiwi03.jpg'
7.7800 	EXP 	polygon_2: opacity = 0.0
7.7800 	EXP 	polygon_2: fillColor = '[1. 1. 1.] (rgb)'
7.7800 	EXP 	polygon: autoDraw = False
7.7800 	EXP 	polygon_3: autoDraw = False
7.7800 	EXP 	displayPicture: autoDraw = False
7.7800 	EXP 	polygon_2: autoDraw = False
7.7800 	EXP 	option4_t1: image = 'C:\\Users\\Employee\\Google Drive\\UP\\MyResearch\\TaskProgramming\\AB_pic\\resources\\parrot01.jpg'
7.7800 	EXP 	option1_t1: image = 'C:\\Users\\Employee\\Google Drive\\UP\\MyResearch\\TaskProgramming\\AB_pic\\resources\\jackrabbit.jpg'
7.7800 	EXP 	option2_t1: image = 'C:\\Users\\Employee\\Google Drive\\UP\\MyResearch\\TaskProgramming\\AB_pic\\resources\\parrot01.jpg'
7.7800 	EXP 	option3_t1: image = 'C:\\Users\\Employee\\Google Drive\\UP\\MyResearch\\TaskProgramming\\AB_pic\\resources\\jackrabbit.jpg'
7.7800 	EXP 	option4_t1: autoDraw = True
7.7800 	EXP 	option1_t1: autoDraw = True
7.7800 	EXP 	option2_t1: autoDraw = True
7.7800 	EXP 	option3_t1: autoDraw = True
12.5325 	DATA 	Keypress: left
12.5463 	EXP 	option4_t1: autoDraw = False
12.5463 	EXP 	option1_t1: autoDraw = False
12.5463 	EXP 	option2_t1: autoDraw = False
12.5463 	EXP 	option3_t1: autoDraw = False
12.5463 	EXP 	option1_t2: image = 'C:\\Users\\Employee\\Google Drive\\UP\\MyResearch\\TaskProgramming\\AB_pic\\resources\\humanskeleton.jpg'
12.5463 	EXP 	option2_t2: image = 'C:\\Users\\Employee\\Google Drive\\UP\\MyResearch\\TaskProgramming\\AB_pic\\resources\\squirrel.jpg'
12.5463 	EXP 	option1_t2: autoDraw = True
12.5463 	EXP 	option2_t2: autoDraw = True
14.8504 	DATA 	Keypress: left
14.8709 	EXP 	New trial (rep=0, index=1): OrderedDict([('trialType', 'AB'), ('cndTyp', 'lag5'), ('lag', 5), ('T1_loc', 3), ('T2_loc', 8), ('stimLen', 0.2), ('isi', 0.05)])
14.8962 	EXP 	option1_t2: autoDraw = False
14.8962 	EXP 	option2_t2: autoDraw = False
14.8962 	EXP 	text: text = ''
14.8962 	EXP 	text: autoDraw = True
14.8962 	EXP 	text: autoDraw = False
14.8962 	EXP 	polygon: autoDraw = True
14.8962 	EXP 	polygon: opacity = 0.0
14.8962 	EXP 	polygon_3: autoDraw = True
14.8962 	EXP 	polygon_3: opacity = 0.0
14.8962 	EXP 	displayPicture: autoDraw = True
14.8962 	EXP 	displayPicture: image = 'C:\\Users\\Employee\\Google Drive\\UP\\MyResearch\\TaskProgramming\\AB_pic\\resources\\chimney.jpg'
14.8962 	EXP 	polygon_2: autoDraw = True
14.8962 	EXP 	polygon_2: opacity = 0.0
14.8962 	EXP 	polygon_2: fillColor = '[1. 1. 1.] (rgb)'
14.9128 	EXP 	polygon: opacity = 0.0
14.9128 	EXP 	polygon_3: opacity = 0.0
14.9128 	EXP 	displayPicture: image = 'C:\\Users\\Employee\\Google Drive\\UP\\MyResearch\\TaskProgramming\\AB_pic\\resources\\chimney.jpg'
14.9128 	EXP 	polygon_2: opacity = 0.0
14.9128 	EXP 	polygon_2: fillColor = '[1. 1. 1.] (rgb)'
14.9295 	EXP 	polygon: opacity = 0.0
14.9295 	EXP 	polygon_3: opacity = 0.0
14.9295 	EXP 	displayPicture: image = 'C:\\Users\\Employee\\Google Drive\\UP\\MyResearch\\TaskProgramming\\AB_pic\\resources\\chimney.jpg'
14.9295 	EXP 	polygon_2: opacity = 0.0
14.9295 	EXP 	polygon_2: fillColor = '[1. 1. 1.] (rgb)'
14.9462 	EXP 	polygon: opacity = 0.0
14.9462 	EXP 	polygon_3: opacity = 0.0
14.9462 	EXP 	displayPicture: image = 'C:\\Users\\Employee\\Google Drive\\UP\\MyResearch\\TaskProgramming\\AB_pic\\resources\\chimney.jpg'
14.9462 	EXP 	polygon_2: opacity = 0.0
14.9462 	EXP 	polygon_2: fillColor = '[1. 1. 1.] (rgb)'
14.9628 	EXP 	polygon: opacity = 0.0
14.9628 	EXP 	polygon_3: opacity = 0.0
14.9628 	EXP 	displayPicture: image = 'C:\\Users\\Employee\\Google Drive\\UP\\MyResearch\\TaskProgramming\\AB_pic\\resources\\chimney.jpg'
14.9628 	EXP 	polygon_2: opacity = 0.0
14.9628 	EXP 	polygon_2: fillColor = '[1. 1. 1.] (rgb)'
14.9795 	EXP 	polygon: opacity = 0.0
14.9795 	EXP 	polygon_3: opacity = 0.0
14.9795 	EXP 	displayPicture: image = 'C:\\Users\\Employee\\Google Drive\\UP\\MyResearch\\TaskProgramming\\AB_pic\\resources\\chimney.jpg'
14.9795 	EXP 	polygon_2: opacity = 0.0
14.9795 	EXP 	polygon_2: fillColor = '[1. 1. 1.] (rgb)'
14.9962 	EXP 	polygon: opacity = 0.0
14.9962 	EXP 	polygon_3: opacity = 0.0
14.9962 	EXP 	displayPicture: image = 'C:\\Users\\Employee\\Google Drive\\UP\\MyResearch\\TaskProgramming\\AB_pic\\resources\\chimney.jpg'
14.9962 	EXP 	polygon_2: opacity = 0.0
14.9962 	EXP 	polygon_2: fillColor = '[1. 1. 1.] (rgb)'
15.0128 	EXP 	polygon: opacity = 0.0
15.0128 	EXP 	polygon_3: opacity = 0.0
15.0128 	EXP 	displayPicture: image = 'C:\\Users\\Employee\\Google Drive\\UP\\MyResearch\\TaskProgramming\\AB_pic\\resources\\chimney.jpg'
15.0128 	EXP 	polygon_2: opacity = 0.0
15.0128 	EXP 	polygon_2: fillColor = '[1. 1. 1.] (rgb)'
15.0295 	EXP 	polygon: opacity = 0.0
15.0295 	EXP 	polygon_3: opacity = 0.0
15.0295 	EXP 	displayPicture: image = 'C:\\Users\\Employee\\Google Drive\\UP\\MyResearch\\TaskProgramming\\AB_pic\\resources\\chimney.jpg'
15.0295 	EXP 	polygon_2: opacity = 0.0
15.0295 	EXP 	polygon_2: fillColor = '[1. 1. 1.] (rgb)'
15.0462 	EXP 	polygon: opacity = 0.0
15.0462 	EXP 	polygon_3: opacity = 0.0
15.0462 	EXP 	displayPicture: image = 'C:\\Users\\Employee\\Google Drive\\UP\\MyResearch\\TaskProgramming\\AB_pic\\resources\\chimney.jpg'
15.0462 	EXP 	polygon_2: opacity = 0.0
15.0462 	EXP 	polygon_2: fillColor = '[1. 1. 1.] (rgb)'
15.0628 	EXP 	polygon: opacity = 0.0
15.0628 	EXP 	polygon_3: opacity = 0.0
15.0628 	EXP 	displayPicture: image = 'C:\\Users\\Employee\\Google Drive\\UP\\MyResearch\\TaskProgramming\\AB_pic\\resources\\chimney.jpg'
15.0628 	EXP 	polygon_2: opacity = 0.0
15.0628 	EXP 	polygon_2: fillColor = '[1. 1. 1.] (rgb)'
15.0795 	EXP 	polygon: opacity = 0.0
15.0795 	EXP 	polygon_3: opacity = 0.0
15.0795 	EXP 	displayPicture: image = 'C:\\Users\\Employee\\Google Drive\\UP\\MyResearch\\TaskProgramming\\AB_pic\\resources\\chimney.jpg'
15.0795 	EXP 	polygon_2: opacity = 0.0
15.0795 	EXP 	polygon_2: fillColor = '[1. 1. 1.] (rgb)'
15.0962 	EXP 	polygon: opacity = 0.0
15.0962 	EXP 	polygon_3: opacity = 0.0
15.0962 	EXP 	displayPicture: image = 'C:\\Users\\Employee\\Google Drive\\UP\\MyResearch\\TaskProgramming\\AB_pic\\resources\\chimney.jpg'
15.0962 	EXP 	polygon_2: opacity = 1.0
15.0962 	EXP 	polygon_2: fillColor = '[1. 1. 1.] (rgb)'
15.1128 	EXP 	polygon: opacity = 0.0
15.1128 	EXP 	polygon_3: opacity = 0.0
15.1128 	EXP 	displayPicture: image = 'C:\\Users\\Employee\\Google Drive\\UP\\MyResearch\\TaskProgramming\\AB_pic\\resources\\chimney.jpg'
15.1128 	EXP 	polygon_2: opacity = 1.0
15.1128 	EXP 	polygon_2: fillColor = '[1. 1. 1.] (rgb)'
15.1295 	EXP 	polygon: opacity = 0.0
15.1295 	EXP 	polygon_3: opacity = 0.0
15.1295 	EXP 	displayPicture: image = 'C:\\Users\\Employee\\Google Drive\\UP\\MyResearch\\TaskProgramming\\AB_pic\\resources\\chimney.jpg'
15.1295 	EXP 	polygon_2: opacity = 1.0
15.1295 	EXP 	polygon_2: fillColor = '[1. 1. 1.] (rgb)'
15.1462 	EXP 	polygon: opacity = 0.0
15.1462 	EXP 	polygon_3: opacity = 0.0
15.1462 	EXP 	displayPicture: image = 'C:\\Users\\Employee\\Google Drive\\UP\\MyResearch\\TaskProgramming\\AB_pic\\resources\\cymbal.jpg'
15.1462 	EXP 	polygon_2: opacity = 0.0
15.1462 	EXP 	polygon_2: fillColor = '[1. 1. 1.] (rgb)'
15.1628 	EXP 	polygon: opacity = 0.0
15.1628 	EXP 	polygon_3: opacity = 0.0
15.1628 	EXP 	displayPicture: image = 'C:\\Users\\Employee\\Google Drive\\UP\\MyResearch\\TaskProgramming\\AB_pic\\resources\\cymbal.jpg'
15.1628 	EXP 	polygon_2: opacity = 0.0
15.1628 	EXP 	polygon_2: fillColor = '[1. 1. 1.] (rgb)'
15.1795 	EXP 	polygon: opacity = 0.0
15.1795 	EXP 	polygon_3: opacity = 0.0
15.1795 	EXP 	displayPicture: image = 'C:\\Users\\Employee\\Google Drive\\UP\\MyResearch\\TaskProgramming\\AB_pic\\resources\\cymbal.jpg'
15.1795 	EXP 	polygon_2: opacity = 0.0
15.1795 	EXP 	polygon_2: fillColor = '[1. 1. 1.] (rgb)'
15.1962 	EXP 	polygon: opacity = 0.0
15.1962 	EXP 	polygon_3: opacity = 0.0
15.1962 	EXP 	displayPicture: image = 'C:\\Users\\Employee\\Google Drive\\UP\\MyResearch\\TaskProgramming\\AB_pic\\resources\\cymbal.jpg'
15.1962 	EXP 	polygon_2: opacity = 0.0
15.1962 	EXP 	polygon_2: fillColor = '[1. 1. 1.] (rgb)'
15.2128 	EXP 	polygon: opacity = 0.0
15.2128 	EXP 	polygon_3: opacity = 0.0
15.2128 	EXP 	displayPicture: image = 'C:\\Users\\Employee\\Google Drive\\UP\\MyResearch\\TaskProgramming\\AB_pic\\resources\\cymbal.jpg'
15.2128 	EXP 	polygon_2: opacity = 0.0
15.2128 	EXP 	polygon_2: fillColor = '[1. 1. 1.] (rgb)'
15.2295 	EXP 	polygon: opacity = 0.0
15.2295 	EXP 	polygon_3: opacity = 0.0
15.2295 	EXP 	displayPicture: image = 'C:\\Users\\Employee\\Google Drive\\UP\\MyResearch\\TaskProgramming\\AB_pic\\resources\\cymbal.jpg'
15.2295 	EXP 	polygon_2: opacity = 0.0
15.2295 	EXP 	polygon_2: fillColor = '[1. 1. 1.] (rgb)'
15.2462 	EXP 	polygon: opacity = 0.0
15.2462 	EXP 	polygon_3: opacity = 0.0
15.2462 	EXP 	displayPicture: image = 'C:\\Users\\Employee\\Google Drive\\UP\\MyResearch\\TaskProgramming\\AB_pic\\resources\\cymbal.jpg'
15.2462 	EXP 	polygon_2: opacity = 0.0
15.2462 	EXP 	polygon_2: fillColor = '[1. 1. 1.] (rgb)'
15.2628 	EXP 	polygon: opacity = 0.0
15.2628 	EXP 	polygon_3: opacity = 0.0
15.2628 	EXP 	displayPicture: image = 'C:\\Users\\Employee\\Google Drive\\UP\\MyResearch\\TaskProgramming\\AB_pic\\resources\\cymbal.jpg'
15.2628 	EXP 	polygon_2: opacity = 0.0
15.2628 	EXP 	polygon_2: fillColor = '[1. 1. 1.] (rgb)'
15.2795 	EXP 	polygon: opacity = 0.0
15.2795 	EXP 	polygon_3: opacity = 0.0
15.2795 	EXP 	displayPicture: image = 'C:\\Users\\Employee\\Google Drive\\UP\\MyResearch\\TaskProgramming\\AB_pic\\resources\\cymbal.jpg'
15.2795 	EXP 	polygon_2: opacity = 0.0
15.2795 	EXP 	polygon_2: fillColor = '[1. 1. 1.] (rgb)'
15.2961 	EXP 	polygon: opacity = 0.0
15.2961 	EXP 	polygon_3: opacity = 0.0
15.2961 	EXP 	displayPicture: image = 'C:\\Users\\Employee\\Google Drive\\UP\\MyResearch\\TaskProgramming\\AB_pic\\resources\\cymbal.jpg'
15.2961 	EXP 	polygon_2: opacity = 0.0
15.2961 	EXP 	polygon_2: fillColor = '[1. 1. 1.] (rgb)'
15.3128 	EXP 	polygon: opacity = 0.0
15.3128 	EXP 	polygon_3: opacity = 0.0
15.3128 	EXP 	displayPicture: image = 'C:\\Users\\Employee\\Google Drive\\UP\\MyResearch\\TaskProgramming\\AB_pic\\resources\\cymbal.jpg'
15.3128 	EXP 	polygon_2: opacity = 0.0
15.3128 	EXP 	polygon_2: fillColor = '[1. 1. 1.] (rgb)'
15.3295 	EXP 	polygon: opacity = 0.0
15.3295 	EXP 	polygon_3: opacity = 0.0
15.3295 	EXP 	displayPicture: image = 'C:\\Users\\Employee\\Google Drive\\UP\\MyResearch\\TaskProgramming\\AB_pic\\resources\\cymbal.jpg'
15.3295 	EXP 	polygon_2: opacity = 0.0
15.3295 	EXP 	polygon_2: fillColor = '[1. 1. 1.] (rgb)'
15.3461 	EXP 	polygon: opacity = 0.0
15.3461 	EXP 	polygon_3: opacity = 0.0
15.3461 	EXP 	displayPicture: image = 'C:\\Users\\Employee\\Google Drive\\UP\\MyResearch\\TaskProgramming\\AB_pic\\resources\\cymbal.jpg'
15.3461 	EXP 	polygon_2: opacity = 1.0
15.3461 	EXP 	polygon_2: fillColor = '[1. 1. 1.] (rgb)'
15.3628 	EXP 	polygon: opacity = 0.0
15.3628 	EXP 	polygon_3: opacity = 0.0
15.3628 	EXP 	displayPicture: image = 'C:\\Users\\Employee\\Google Drive\\UP\\MyResearch\\TaskProgramming\\AB_pic\\resources\\cymbal.jpg'
15.3628 	EXP 	polygon_2: opacity = 1.0
15.3628 	EXP 	polygon_2: fillColor = '[1. 1. 1.] (rgb)'
15.3795 	EXP 	polygon: opacity = 0.0
15.3795 	EXP 	polygon_3: opacity = 0.0
15.3795 	EXP 	displayPicture: image = 'C:\\Users\\Employee\\Google Drive\\UP\\MyResearch\\TaskProgramming\\AB_pic\\resources\\cymbal.jpg'
15.3795 	EXP 	polygon_2: opacity = 1.0
15.3795 	EXP 	polygon_2: fillColor = '[1. 1. 1.] (rgb)'
15.3961 	EXP 	polygon: opacity = 1.0
15.3961 	EXP 	polygon_3: opacity = 0.0
15.3961 	EXP 	displayPicture: image = 'C:\\Users\\Employee\\Google Drive\\UP\\MyResearch\\TaskProgramming\\AB_pic\\resources\\cashregister01.jpg'
15.3961 	EXP 	polygon_2: opacity = 0.0
15.3961 	EXP 	polygon_2: fillColor = '[1. 1. 1.] (rgb)'
15.4128 	EXP 	polygon: opacity = 1.0
15.4128 	EXP 	polygon_3: opacity = 0.0
15.4128 	EXP 	displayPicture: image = 'C:\\Users\\Employee\\Google Drive\\UP\\MyResearch\\TaskProgramming\\AB_pic\\resources\\cashregister01.jpg'
15.4128 	EXP 	polygon_2: opacity = 0.0
15.4128 	EXP 	polygon_2: fillColor = '[1. 1. 1.] (rgb)'
15.4295 	EXP 	polygon: opacity = 1.0
15.4295 	EXP 	polygon_3: opacity = 0.0
15.4295 	EXP 	displayPicture: image = 'C:\\Users\\Employee\\Google Drive\\UP\\MyResearch\\TaskProgramming\\AB_pic\\resources\\cashregister01.jpg'
15.4295 	EXP 	polygon_2: opacity = 0.0
15.4295 	EXP 	polygon_2: fillColor = '[1. 1. 1.] (rgb)'
15.4461 	EXP 	polygon: opacity = 1.0
15.4461 	EXP 	polygon_3: opacity = 0.0
15.4461 	EXP 	displayPicture: image = 'C:\\Users\\Employee\\Google Drive\\UP\\MyResearch\\TaskProgramming\\AB_pic\\resources\\cashregister01.jpg'
15.4461 	EXP 	polygon_2: opacity = 0.0
15.4461 	EXP 	polygon_2: fillColor = '[1. 1. 1.] (rgb)'
15.4628 	EXP 	polygon: opacity = 1.0
15.4628 	EXP 	polygon_3: opacity = 0.0
15.4628 	EXP 	displayPicture: image = 'C:\\Users\\Employee\\Google Drive\\UP\\MyResearch\\TaskProgramming\\AB_pic\\resources\\cashregister01.jpg'
15.4628 	EXP 	polygon_2: opacity = 0.0
15.4628 	EXP 	polygon_2: fillColor = '[1. 1. 1.] (rgb)'
15.4669 	DATA 	Keypress: escape
15.4795 	EXP 	polygon: opacity = 1.0
15.4795 	EXP 	polygon_3: opacity = 0.0
15.4795 	EXP 	displayPicture: image = 'C:\\Users\\Employee\\Google Drive\\UP\\MyResearch\\TaskProgramming\\AB_pic\\resources\\cashregister01.jpg'
15.4795 	EXP 	polygon_2: opacity = 0.0
15.4795 	EXP 	polygon_2: fillColor = '[1. 1. 1.] (rgb)'
15.4962 	EXP 	polygon: opacity = 1.0
15.4962 	EXP 	polygon_3: opacity = 0.0
15.4962 	EXP 	displayPicture: image = 'C:\\Users\\Employee\\Google Drive\\UP\\MyResearch\\TaskProgramming\\AB_pic\\resources\\cashregister01.jpg'
15.4962 	EXP 	polygon_2: opacity = 0.0
15.4962 	EXP 	polygon_2: fillColor = '[1. 1. 1.] (rgb)'
15.5128 	EXP 	polygon: opacity = 1.0
15.5128 	EXP 	polygon_3: opacity = 0.0
15.5128 	EXP 	displayPicture: image = 'C:\\Users\\Employee\\Google Drive\\UP\\MyResearch\\TaskProgramming\\AB_pic\\resources\\cashregister01.jpg'
15.5128 	EXP 	polygon_2: opacity = 0.0
15.5128 	EXP 	polygon_2: fillColor = '[1. 1. 1.] (rgb)'
15.5295 	EXP 	polygon: opacity = 1.0
15.5295 	EXP 	polygon_3: opacity = 0.0
15.5295 	EXP 	displayPicture: image = 'C:\\Users\\Employee\\Google Drive\\UP\\MyResearch\\TaskProgramming\\AB_pic\\resources\\cashregister01.jpg'
15.5295 	EXP 	polygon_2: opacity = 0.0
15.5295 	EXP 	polygon_2: fillColor = '[1. 1. 1.] (rgb)'
15.5462 	EXP 	polygon: opacity = 1.0
15.5462 	EXP 	polygon_3: opacity = 0.0
15.5462 	EXP 	displayPicture: image = 'C:\\Users\\Employee\\Google Drive\\UP\\MyResearch\\TaskProgramming\\AB_pic\\resources\\cashregister01.jpg'
15.5462 	EXP 	polygon_2: opacity = 0.0
15.5462 	EXP 	polygon_2: fillColor = '[1. 1. 1.] (rgb)'
15.5628 	EXP 	polygon: opacity = 1.0
15.5628 	EXP 	polygon_3: opacity = 0.0
15.5628 	EXP 	displayPicture: image = 'C:\\Users\\Employee\\Google Drive\\UP\\MyResearch\\TaskProgramming\\AB_pic\\resources\\cashregister01.jpg'
15.5628 	EXP 	polygon_2: opacity = 0.0
15.5628 	EXP 	polygon_2: fillColor = '[1. 1. 1.] (rgb)'
15.6454 	EXP 	window1: mouseVisible = True
