0.8680 	WARNING 	We strongly recommend you activate the PTB sound engine in PsychoPy prefs as the preferred audio engine. Its timing is vastly superior. Your prefs are currently set to use ['sounddevice', 'PTB', 'pyo', 'pygame'] (in that order).
5.1333 	WARNING 	User requested fullscreen with size [1024  768], but screen is actually [1920, 1080]. Using actual size
6.0637 	EXP 	Created window1 = Window(allowGUI=False, allowStencil=False, args=UNKNOWN, autoLog=True, bitsMode=UNKNOWN, blendMode='avg', bpc=(8, 8, 8), color=array([0., 0., 0.]), colorSpace='rgb', depthBits=8, fullscr=<method-wrapper '__getattribute__' of attributeSetter object at 0x0000017059214F28>, gamma=None, gammaErrorPolicy='raise', kwargs=UNKNOWN, lms=UNKNOWN, monitor=<psychopy.monitors.calibTools.Monitor object at 0x0000017058F61588>, multiSample=False, name='window1', numSamples=2, pos=[0.0, 0.0], screen=0, size=array([1920, 1080]), stencilBits=0, stereo=False, units='height', useFBO=True, useRetina=False, viewOri=0.0, viewPos=None, viewScale=None, waitBlanking=True, winType='pyglet')
6.0641 	EXP 	window1: mouseVisible = True
6.0641 	EXP 	window1: recordFrameIntervals = False
6.2300 	EXP 	window1: recordFrameIntervals = True
6.4135 	EXP 	window1: recordFrameIntervals = False
6.5842 	EXP 	Created text_3 = TextStim(__class__=<class 'psychopy.visual.text.TextStim'>, alignHoriz=method-wrapper(...), alignText='center', alignVert=method-wrapper(...), anchorHoriz='center', anchorVert='center', antialias=True, autoLog=True, bold=False, color='white', colorSpace='named', contrast=1.0, depth=0.0, flipHoriz=False, flipVert=False, font='Arial', fontFiles=[], height=0.05, italic=False, languageStyle='LTR', name='text_3', opacity=1.0, ori=0, pos=array([0., 0.]), rgb=array([255., 255., 255.]), text=str(...), units='height', win=Window(...), wrapWidth=1.5)
6.5899 	EXP 	Created option1 = ImageStim(__class__=<class 'psychopy.visual.image.ImageStim'>, autoLog=True, color=array([1., 1., 1.]), colorSpace='rgb', contrast=1.0, depth=-1.0, flipHoriz=False, flipVert=False, image='sin', interpolate=True, mask=None, maskParams=None, name='option1', opacity=1.0, ori=0.0, pos=array([-0.3,  0. ]), size=array([0.25, 0.25]), texRes=128, units='height', win=Window(...))
6.5927 	EXP 	Created option2 = ImageStim(__class__=<class 'psychopy.visual.image.ImageStim'>, autoLog=True, color=array([1., 1., 1.]), colorSpace='rgb', contrast=1.0, depth=-2.0, flipHoriz=False, flipVert=False, image='sin', interpolate=True, mask=None, maskParams=None, name='option2', opacity=1.0, ori=0.0, pos=array([0.3, 0. ]), size=array([0.25, 0.25]), texRes=128, units='height', win=Window(...))
6.6012 	EXP 	Created text_2 = TextStim(__class__=<class 'psychopy.visual.text.TextStim'>, alignHoriz=method-wrapper(...), alignText='center', alignVert=method-wrapper(...), anchorHoriz='center', anchorVert='center', antialias=True, autoLog=True, bold=False, color='white', colorSpace='named', contrast=1.0, depth=-3.0, flipHoriz=False, flipVert=False, font='Arial', fontFiles=[], height=0.1, italic=False, languageStyle='LTR', name='text_2', opacity=1.0, ori=0, pos=array([0., 0.]), rgb=array([255., 255., 255.]), text='+', units='height', win=Window(...), wrapWidth=1)
6.6038 	EXP 	Created displayPicture = ImageStim(__class__=<class 'psychopy.visual.image.ImageStim'>, autoLog=True, color=array([1., 1., 1.]), colorSpace='rgb', contrast=1.0, depth=-6.0, flipHoriz=False, flipVert=False, image='sin', interpolate=True, mask=None, maskParams=None, name='displayPicture', opacity=1.0, ori=0.0, pos=array([0., 0.]), size=array([0.25, 0.25]), texRes=128, units='height', win=Window(...))
6.6051 	EXP 	Created polygon_2 = Rect(__class__=<class 'psychopy.visual.rect.Rect'>, autoDraw=False, autoLog=True, closeShape=True, color=method-wrapper(...), colorSpace=None, contrast=1.0, depth=-7.0, fillColor=array([1., 1., 1.]), fillColorSpace='rgb', fillRGB=array([1., 1., 1.]), interpolate=True, lineColor=array([1., 1., 1.]), lineColorSpace='rgb', lineRGB=array([1., 1., 1.]), lineWidth=0, name='polygon_2', opacity=1.0, ori=array(0.), pos=array([0., 0.]), size=array([0.25, 0.25]), units='height', vertices=ndarray(...), win=Window(...))
6.6065 	EXP 	Created polygon_4 = ShapeStim(__class__=<class 'psychopy.visual.shape.ShapeStim'>, autoDraw=False, autoLog=True, closeShape=True, contrast=1.0, depth=0.0, fillColor=array([1., 0., 0.]), fillColorSpace='rgb', interpolate=True, lineColor=array([1., 1., 1.]), lineColorSpace='rgb', lineWidth=1, name='polygon_4', opacity=1.0, ori=array(0.), pos=array([0., 0.]), size=array([1., 1.]), units='height', vertices=ndarray(...), win=Window(...), windingRule=None)
6.6092 	EXP 	Created option1_t1 = ImageStim(__class__=<class 'psychopy.visual.image.ImageStim'>, autoLog=True, color=array([1., 1., 1.]), colorSpace='rgb', contrast=1.0, depth=-2.0, flipHoriz=False, flipVert=False, image='sin', interpolate=True, mask=None, maskParams=None, name='option1_t1', opacity=1.0, ori=0.0, pos=array([0., 0.]), size=array([0.25, 0.25]), texRes=128, units='height', win=Window(...))
6.6108 	EXP 	Created polygon_5 = ShapeStim(__class__=<class 'psychopy.visual.shape.ShapeStim'>, autoDraw=False, autoLog=True, closeShape=True, contrast=1.0, depth=0.0, fillColor=array([0., 0., 1.]), fillColorSpace='rgb', interpolate=True, lineColor=array([1., 1., 1.]), lineColorSpace='rgb', lineWidth=1, name='polygon_5', opacity=1.0, ori=array(0.), pos=array([0., 0.]), size=array([0.7, 0.7]), units='height', vertices=ndarray(...), win=Window(...), windingRule=None)
6.6139 	EXP 	Created option1_t2 = ImageStim(__class__=<class 'psychopy.visual.image.ImageStim'>, autoLog=True, color=array([1., 1., 1.]), colorSpace='rgb', contrast=1.0, depth=-2.0, flipHoriz=False, flipVert=False, image='sin', interpolate=True, mask=None, maskParams=None, name='option1_t2', opacity=1.0, ori=0.0, pos=array([0., 0.]), size=array([0.25, 0.25]), texRes=128, units='height', win=Window(...))
6.6324 	EXP 	Created feedbackText = TextStim(__class__=<class 'psychopy.visual.text.TextStim'>, alignHoriz=method-wrapper(...), alignText='center', alignVert=method-wrapper(...), anchorHoriz='center', anchorVert='center', antialias=True, autoLog=True, bold=False, color='white', colorSpace='named', contrast=1.0, depth=-1.0, flipHoriz=False, flipVert=False, font='Arial', fontFiles=[], height=0.1, italic=False, languageStyle='LTR', name='feedbackText', opacity=1.0, ori=0, pos=array([0., 0.]), rgb=array([255., 255., 255.]), text='default text', units='height', win=Window(...), wrapWidth=1)
6.6360 	EXP 	Created text = TextStim(__class__=<class 'psychopy.visual.text.TextStim'>, alignHoriz=method-wrapper(...), alignText='center', alignVert=method-wrapper(...), anchorHoriz='center', anchorVert='center', antialias=True, autoLog=True, bold=False, color='white', colorSpace='named', contrast=1.0, depth=-3.0, flipHoriz=False, flipVert=False, font='Arial', fontFiles=[], height=0.1, italic=False, languageStyle='LTR', name='text', opacity=1.0, ori=0, pos=array([0., 0.]), rgb=array([255., 255., 255.]), text='default text', units='height', win=Window(...), wrapWidth=1)
6.6615 	EXP 	Created text_4 = TextStim(__class__=<class 'psychopy.visual.text.TextStim'>, alignHoriz=method-wrapper(...), alignText='center', alignVert=method-wrapper(...), anchorHoriz='center', anchorVert='center', antialias=True, autoLog=True, bold=False, color='white', colorSpace='named', contrast=1.0, depth=0.0, flipHoriz=False, flipVert=False, font='Arial', fontFiles=[], height=0.05, italic=False, languageStyle='LTR', name='text_4', opacity=1.0, ori=0, pos=array([0., 0.]), rgb=array([255., 255., 255.]), text=str(...), units='height', win=Window(...), wrapWidth=1.5)
6.6647 	EXP 	Created option1_2 = ImageStim(__class__=<class 'psychopy.visual.image.ImageStim'>, autoLog=True, color=array([1., 1., 1.]), colorSpace='rgb', contrast=1.0, depth=-1.0, flipHoriz=False, flipVert=False, image='sin', interpolate=True, mask=None, maskParams=None, name='option1_2', opacity=1.0, ori=0.0, pos=array([-0.3,  0. ]), size=array([0.25, 0.25]), texRes=128, units='height', win=Window(...))
6.6675 	EXP 	Created option2_2 = ImageStim(__class__=<class 'psychopy.visual.image.ImageStim'>, autoLog=True, color=array([1., 1., 1.]), colorSpace='rgb', contrast=1.0, depth=-2.0, flipHoriz=False, flipVert=False, image='sin', interpolate=True, mask=None, maskParams=None, name='option2_2', opacity=1.0, ori=0.0, pos=array([0.3, 0. ]), size=array([0.25, 0.25]), texRes=128, units='height', win=Window(...))
6.6690 	EXP 	Created text_5 = TextStim(__class__=<class 'psychopy.visual.text.TextStim'>, alignHoriz=method-wrapper(...), alignText='center', alignVert=method-wrapper(...), anchorHoriz='center', anchorVert='center', antialias=True, autoLog=True, bold=False, color='white', colorSpace='named', contrast=1.0, depth=-3.0, flipHoriz=False, flipVert=False, font='Arial', fontFiles=[], height=0.1, italic=False, languageStyle='LTR', name='text_5', opacity=1.0, ori=0, pos=array([0., 0.]), rgb=array([255., 255., 255.]), text='+', units='height', win=Window(...), wrapWidth=1)
6.6718 	EXP 	Created displayPicture_3 = ImageStim(__class__=<class 'psychopy.visual.image.ImageStim'>, autoLog=True, color=array([1., 1., 1.]), colorSpace='rgb', contrast=1.0, depth=-1.0, flipHoriz=False, flipVert=False, image='sin', interpolate=True, mask=None, maskParams=None, name='displayPicture_3', opacity=1.0, ori=0.0, pos=array([0., 0.]), size=array([0.25, 0.25]), texRes=128, units='height', win=Window(...))
6.6730 	EXP 	Created polygon_13 = Rect(__class__=<class 'psychopy.visual.rect.Rect'>, autoDraw=False, autoLog=True, closeShape=True, color=method-wrapper(...), colorSpace=None, contrast=1.0, depth=-2.0, fillColor=array([1., 1., 1.]), fillColorSpace='rgb', fillRGB=array([1., 1., 1.]), interpolate=True, lineColor=array([1., 1., 1.]), lineColorSpace='rgb', lineRGB=array([1., 1., 1.]), lineWidth=0, name='polygon_13', opacity=1.0, ori=array(0.), pos=array([0., 0.]), size=array([0.25, 0.25]), units='height', vertices=ndarray(...), win=Window(...))
6.6743 	EXP 	Created polygon_7 = ShapeStim(__class__=<class 'psychopy.visual.shape.ShapeStim'>, autoDraw=False, autoLog=True, closeShape=True, contrast=1.0, depth=0.0, fillColor=array([1., 0., 0.]), fillColorSpace='rgb', interpolate=True, lineColor=array([1., 1., 1.]), lineColorSpace='rgb', lineWidth=1, name='polygon_7', opacity=1.0, ori=array(0.), pos=array([0., 0.]), size=array([1., 1.]), units='height', vertices=ndarray(...), win=Window(...), windingRule=None)
6.6771 	EXP 	Created option1_t1_2 = ImageStim(__class__=<class 'psychopy.visual.image.ImageStim'>, autoLog=True, color=array([1., 1., 1.]), colorSpace='rgb', contrast=1.0, depth=-2.0, flipHoriz=False, flipVert=False, image='sin', interpolate=True, mask=None, maskParams=None, name='option1_t1_2', opacity=1.0, ori=0.0, pos=array([0., 0.]), size=array([0.25, 0.25]), texRes=128, units='height', win=Window(...))
6.6787 	EXP 	Created polygon_6 = ShapeStim(__class__=<class 'psychopy.visual.shape.ShapeStim'>, autoDraw=False, autoLog=True, closeShape=True, contrast=1.0, depth=0.0, fillColor=array([0., 0., 1.]), fillColorSpace='rgb', interpolate=True, lineColor=array([1., 1., 1.]), lineColorSpace='rgb', lineWidth=1, name='polygon_6', opacity=1.0, ori=array(0.), pos=array([0., 0.]), size=array([0.7, 0.7]), units='height', vertices=ndarray(...), win=Window(...), windingRule=None)
6.6813 	EXP 	Created option1_t2_2 = ImageStim(__class__=<class 'psychopy.visual.image.ImageStim'>, autoLog=True, color=array([1., 1., 1.]), colorSpace='rgb', contrast=1.0, depth=-2.0, flipHoriz=False, flipVert=False, image='sin', interpolate=True, mask=None, maskParams=None, name='option1_t2_2', opacity=1.0, ori=0.0, pos=array([0., 0.]), size=array([0.25, 0.25]), texRes=128, units='height', win=Window(...))
6.6844 	EXP 	Created text = TextStim(__class__=<class 'psychopy.visual.text.TextStim'>, alignHoriz=method-wrapper(...), alignText='center', alignVert=method-wrapper(...), anchorHoriz='center', anchorVert='center', antialias=True, autoLog=True, bold=False, color='white', colorSpace='named', contrast=1.0, depth=-3.0, flipHoriz=False, flipVert=False, font='Arial', fontFiles=[], height=0.1, italic=False, languageStyle='LTR', name='text', opacity=1.0, ori=0, pos=array([0., 0.]), rgb=array([255., 255., 255.]), text='default text', units='height', win=Window(...), wrapWidth=1)
6.7762 	EXP 	text_3: autoDraw = True
7.8759 	EXP 	Imported conditionAB.xlsx as conditions, 1 conditions, 8 params
7.8761 	EXP 	Created sequence: random, trialTypes=1, nReps=1, seed=None
7.8764 	EXP 	New trial (rep=0, index=0): OrderedDict([('trialType', 'AB'), ('cndTyp', 'lag6'), ('lag', 6), ('T1_loc', 5), ('T2_loc', 11), ('stimLen', 0.2), ('isi', 0.05), ('skipProb', 0.5)])
7.8928 	DATA 	Keypress: space
7.9132 	EXP 	text_3: autoDraw = False
7.9132 	EXP 	option1: image = '.\\resources\\cat.jpg'
7.9132 	EXP 	option2: image = '.\\resources\\recyclingbin.jpg'
7.9132 	EXP 	option1: autoDraw = True
7.9132 	EXP 	option2: autoDraw = True
10.3964 	EXP 	text_2: autoDraw = True
10.6630 	EXP 	option1: autoDraw = False
10.6630 	EXP 	option2: autoDraw = False
10.8964 	EXP 	option1: autoDraw = False
10.8964 	EXP 	option2: autoDraw = False
10.8964 	EXP 	text_2: autoDraw = False
10.8964 	EXP 	displayPicture: autoDraw = True
10.8964 	EXP 	displayPicture: image = '.\\resources\\marble.jpg'
10.8964 	EXP 	polygon_2: autoDraw = True
10.8964 	EXP 	polygon_2: opacity = 0.0
10.8964 	EXP 	polygon_2: fillColor = '[1. 1. 1.] (rgb)'
10.9132 	EXP 	displayPicture: image = '.\\resources\\marble.jpg'
10.9132 	EXP 	polygon_2: opacity = 0.0
10.9132 	EXP 	polygon_2: fillColor = '[1. 1. 1.] (rgb)'
10.9297 	EXP 	displayPicture: image = '.\\resources\\marble.jpg'
10.9297 	EXP 	polygon_2: opacity = 0.0
10.9297 	EXP 	polygon_2: fillColor = '[1. 1. 1.] (rgb)'
10.9463 	EXP 	displayPicture: image = '.\\resources\\marble.jpg'
10.9463 	EXP 	polygon_2: opacity = 0.0
10.9463 	EXP 	polygon_2: fillColor = '[1. 1. 1.] (rgb)'
10.9630 	EXP 	displayPicture: image = '.\\resources\\marble.jpg'
10.9630 	EXP 	polygon_2: opacity = 0.0
10.9630 	EXP 	polygon_2: fillColor = '[1. 1. 1.] (rgb)'
10.9797 	EXP 	displayPicture: image = '.\\resources\\marble.jpg'
10.9797 	EXP 	polygon_2: opacity = 0.0
10.9797 	EXP 	polygon_2: fillColor = '[1. 1. 1.] (rgb)'
10.9963 	EXP 	displayPicture: image = '.\\resources\\marble.jpg'
10.9963 	EXP 	polygon_2: opacity = 0.0
10.9963 	EXP 	polygon_2: fillColor = '[1. 1. 1.] (rgb)'
11.0130 	EXP 	displayPicture: image = '.\\resources\\marble.jpg'
11.0130 	EXP 	polygon_2: opacity = 0.0
11.0130 	EXP 	polygon_2: fillColor = '[1. 1. 1.] (rgb)'
11.0297 	EXP 	displayPicture: image = '.\\resources\\marble.jpg'
11.0297 	EXP 	polygon_2: opacity = 0.0
11.0297 	EXP 	polygon_2: fillColor = '[1. 1. 1.] (rgb)'
11.0463 	EXP 	displayPicture: image = '.\\resources\\marble.jpg'
11.0463 	EXP 	polygon_2: opacity = 0.0
11.0463 	EXP 	polygon_2: fillColor = '[1. 1. 1.] (rgb)'
11.0630 	EXP 	displayPicture: image = '.\\resources\\marble.jpg'
11.0630 	EXP 	polygon_2: opacity = 0.0
11.0630 	EXP 	polygon_2: fillColor = '[1. 1. 1.] (rgb)'
11.0797 	EXP 	displayPicture: image = '.\\resources\\marble.jpg'
11.0797 	EXP 	polygon_2: opacity = 1.0
11.0797 	EXP 	polygon_2: fillColor = '[1. 1. 1.] (rgb)'
11.0963 	EXP 	displayPicture: image = '.\\resources\\marble.jpg'
11.0963 	EXP 	polygon_2: opacity = 1.0
11.0963 	EXP 	polygon_2: fillColor = '[1. 1. 1.] (rgb)'
11.1130 	EXP 	displayPicture: image = '.\\resources\\marble.jpg'
11.1130 	EXP 	polygon_2: opacity = 1.0
11.1130 	EXP 	polygon_2: fillColor = '[1. 1. 1.] (rgb)'
11.1297 	EXP 	displayPicture: image = '.\\resources\\bathtub.jpg'
11.1297 	EXP 	polygon_2: opacity = 0.0
11.1297 	EXP 	polygon_2: fillColor = '[1. 1. 1.] (rgb)'
11.1463 	EXP 	displayPicture: image = '.\\resources\\bathtub.jpg'
11.1463 	EXP 	polygon_2: opacity = 0.0
11.1463 	EXP 	polygon_2: fillColor = '[1. 1. 1.] (rgb)'
11.1630 	EXP 	displayPicture: image = '.\\resources\\bathtub.jpg'
11.1630 	EXP 	polygon_2: opacity = 0.0
11.1630 	EXP 	polygon_2: fillColor = '[1. 1. 1.] (rgb)'
11.1797 	EXP 	displayPicture: image = '.\\resources\\bathtub.jpg'
11.1797 	EXP 	polygon_2: opacity = 0.0
11.1797 	EXP 	polygon_2: fillColor = '[1. 1. 1.] (rgb)'
11.1963 	EXP 	displayPicture: image = '.\\resources\\bathtub.jpg'
11.1963 	EXP 	polygon_2: opacity = 0.0
11.1963 	EXP 	polygon_2: fillColor = '[1. 1. 1.] (rgb)'
11.2130 	EXP 	displayPicture: image = '.\\resources\\bathtub.jpg'
11.2130 	EXP 	polygon_2: opacity = 0.0
11.2130 	EXP 	polygon_2: fillColor = '[1. 1. 1.] (rgb)'
11.2297 	EXP 	displayPicture: image = '.\\resources\\bathtub.jpg'
11.2297 	EXP 	polygon_2: opacity = 0.0
11.2297 	EXP 	polygon_2: fillColor = '[1. 1. 1.] (rgb)'
11.2463 	EXP 	displayPicture: image = '.\\resources\\bathtub.jpg'
11.2463 	EXP 	polygon_2: opacity = 0.0
11.2463 	EXP 	polygon_2: fillColor = '[1. 1. 1.] (rgb)'
11.2632 	EXP 	displayPicture: image = '.\\resources\\bathtub.jpg'
11.2632 	EXP 	polygon_2: opacity = 0.0
11.2632 	EXP 	polygon_2: fillColor = '[1. 1. 1.] (rgb)'
11.2797 	EXP 	displayPicture: image = '.\\resources\\bathtub.jpg'
11.2797 	EXP 	polygon_2: opacity = 0.0
11.2797 	EXP 	polygon_2: fillColor = '[1. 1. 1.] (rgb)'
11.2963 	EXP 	displayPicture: image = '.\\resources\\bathtub.jpg'
11.2963 	EXP 	polygon_2: opacity = 0.0
11.2963 	EXP 	polygon_2: fillColor = '[1. 1. 1.] (rgb)'
11.3130 	EXP 	displayPicture: image = '.\\resources\\bathtub.jpg'
11.3130 	EXP 	polygon_2: opacity = 0.0
11.3130 	EXP 	polygon_2: fillColor = '[1. 1. 1.] (rgb)'
11.3297 	EXP 	displayPicture: image = '.\\resources\\bathtub.jpg'
11.3297 	EXP 	polygon_2: opacity = 1.0
11.3297 	EXP 	polygon_2: fillColor = '[1. 1. 1.] (rgb)'
11.3463 	EXP 	displayPicture: image = '.\\resources\\bathtub.jpg'
11.3463 	EXP 	polygon_2: opacity = 1.0
11.3463 	EXP 	polygon_2: fillColor = '[1. 1. 1.] (rgb)'
11.3630 	EXP 	displayPicture: image = '.\\resources\\bathtub.jpg'
11.3630 	EXP 	polygon_2: opacity = 1.0
11.3630 	EXP 	polygon_2: fillColor = '[1. 1. 1.] (rgb)'
11.3796 	EXP 	displayPicture: image = '.\\resources\\mailbox02.jpg'
11.3796 	EXP 	polygon_2: opacity = 0.0
11.3796 	EXP 	polygon_2: fillColor = '[1. 1. 1.] (rgb)'
11.3963 	EXP 	displayPicture: image = '.\\resources\\mailbox02.jpg'
11.3963 	EXP 	polygon_2: opacity = 0.0
11.3963 	EXP 	polygon_2: fillColor = '[1. 1. 1.] (rgb)'
11.4130 	EXP 	displayPicture: image = '.\\resources\\mailbox02.jpg'
11.4130 	EXP 	polygon_2: opacity = 0.0
11.4130 	EXP 	polygon_2: fillColor = '[1. 1. 1.] (rgb)'
11.4296 	EXP 	displayPicture: image = '.\\resources\\mailbox02.jpg'
11.4296 	EXP 	polygon_2: opacity = 0.0
11.4296 	EXP 	polygon_2: fillColor = '[1. 1. 1.] (rgb)'
11.4463 	EXP 	displayPicture: image = '.\\resources\\mailbox02.jpg'
11.4463 	EXP 	polygon_2: opacity = 0.0
11.4463 	EXP 	polygon_2: fillColor = '[1. 1. 1.] (rgb)'
11.4630 	EXP 	displayPicture: image = '.\\resources\\mailbox02.jpg'
11.4630 	EXP 	polygon_2: opacity = 0.0
11.4630 	EXP 	polygon_2: fillColor = '[1. 1. 1.] (rgb)'
11.4796 	EXP 	displayPicture: image = '.\\resources\\mailbox02.jpg'
11.4796 	EXP 	polygon_2: opacity = 0.0
11.4796 	EXP 	polygon_2: fillColor = '[1. 1. 1.] (rgb)'
11.4963 	EXP 	displayPicture: image = '.\\resources\\mailbox02.jpg'
11.4963 	EXP 	polygon_2: opacity = 0.0
11.4963 	EXP 	polygon_2: fillColor = '[1. 1. 1.] (rgb)'
11.5130 	EXP 	displayPicture: image = '.\\resources\\mailbox02.jpg'
11.5130 	EXP 	polygon_2: opacity = 0.0
11.5130 	EXP 	polygon_2: fillColor = '[1. 1. 1.] (rgb)'
11.5297 	EXP 	displayPicture: image = '.\\resources\\mailbox02.jpg'
11.5297 	EXP 	polygon_2: opacity = 0.0
11.5297 	EXP 	polygon_2: fillColor = '[1. 1. 1.] (rgb)'
11.5463 	EXP 	displayPicture: image = '.\\resources\\mailbox02.jpg'
11.5463 	EXP 	polygon_2: opacity = 0.0
11.5463 	EXP 	polygon_2: fillColor = '[1. 1. 1.] (rgb)'
11.5630 	EXP 	displayPicture: image = '.\\resources\\mailbox02.jpg'
11.5630 	EXP 	polygon_2: opacity = 0.0
11.5630 	EXP 	polygon_2: fillColor = '[1. 1. 1.] (rgb)'
11.5796 	EXP 	displayPicture: image = '.\\resources\\mailbox02.jpg'
11.5796 	EXP 	polygon_2: opacity = 1.0
11.5796 	EXP 	polygon_2: fillColor = '[1. 1. 1.] (rgb)'
11.5963 	EXP 	displayPicture: image = '.\\resources\\mailbox02.jpg'
11.5963 	EXP 	polygon_2: opacity = 1.0
11.5963 	EXP 	polygon_2: fillColor = '[1. 1. 1.] (rgb)'
11.6130 	EXP 	displayPicture: image = '.\\resources\\mailbox02.jpg'
11.6130 	EXP 	polygon_2: opacity = 1.0
11.6130 	EXP 	polygon_2: fillColor = '[1. 1. 1.] (rgb)'
11.6296 	EXP 	displayPicture: image = '.\\resources\\whiteout.jpg'
11.6296 	EXP 	polygon_2: opacity = 0.0
11.6296 	EXP 	polygon_2: fillColor = '[1. 1. 1.] (rgb)'
11.6459 	EXP 	displayPicture: image = '.\\resources\\whiteout.jpg'
11.6459 	EXP 	polygon_2: opacity = 0.0
11.6459 	EXP 	polygon_2: fillColor = '[1. 1. 1.] (rgb)'
11.6626 	EXP 	displayPicture: image = '.\\resources\\whiteout.jpg'
11.6626 	EXP 	polygon_2: opacity = 0.0
11.6626 	EXP 	polygon_2: fillColor = '[1. 1. 1.] (rgb)'
11.6792 	EXP 	displayPicture: image = '.\\resources\\whiteout.jpg'
11.6792 	EXP 	polygon_2: opacity = 0.0
11.6792 	EXP 	polygon_2: fillColor = '[1. 1. 1.] (rgb)'
11.6959 	EXP 	displayPicture: image = '.\\resources\\whiteout.jpg'
11.6959 	EXP 	polygon_2: opacity = 0.0
11.6959 	EXP 	polygon_2: fillColor = '[1. 1. 1.] (rgb)'
11.7126 	EXP 	displayPicture: image = '.\\resources\\whiteout.jpg'
11.7126 	EXP 	polygon_2: opacity = 0.0
11.7126 	EXP 	polygon_2: fillColor = '[1. 1. 1.] (rgb)'
11.7292 	EXP 	displayPicture: image = '.\\resources\\whiteout.jpg'
11.7292 	EXP 	polygon_2: opacity = 0.0
11.7292 	EXP 	polygon_2: fillColor = '[1. 1. 1.] (rgb)'
11.7459 	EXP 	displayPicture: image = '.\\resources\\whiteout.jpg'
11.7459 	EXP 	polygon_2: opacity = 0.0
11.7459 	EXP 	polygon_2: fillColor = '[1. 1. 1.] (rgb)'
11.7625 	EXP 	displayPicture: image = '.\\resources\\whiteout.jpg'
11.7625 	EXP 	polygon_2: opacity = 0.0
11.7625 	EXP 	polygon_2: fillColor = '[1. 1. 1.] (rgb)'
11.7792 	EXP 	displayPicture: image = '.\\resources\\whiteout.jpg'
11.7792 	EXP 	polygon_2: opacity = 0.0
11.7792 	EXP 	polygon_2: fillColor = '[1. 1. 1.] (rgb)'
11.7959 	EXP 	displayPicture: image = '.\\resources\\whiteout.jpg'
11.7959 	EXP 	polygon_2: opacity = 0.0
11.7959 	EXP 	polygon_2: fillColor = '[1. 1. 1.] (rgb)'
11.8126 	EXP 	displayPicture: image = '.\\resources\\whiteout.jpg'
11.8126 	EXP 	polygon_2: opacity = 0.0
11.8126 	EXP 	polygon_2: fillColor = '[1. 1. 1.] (rgb)'
11.8292 	EXP 	displayPicture: image = '.\\resources\\whiteout.jpg'
11.8292 	EXP 	polygon_2: opacity = 1.0
11.8292 	EXP 	polygon_2: fillColor = '[1. 1. 1.] (rgb)'
11.8459 	EXP 	displayPicture: image = '.\\resources\\whiteout.jpg'
11.8459 	EXP 	polygon_2: opacity = 1.0
11.8459 	EXP 	polygon_2: fillColor = '[1. 1. 1.] (rgb)'
11.8626 	EXP 	displayPicture: image = '.\\resources\\whiteout.jpg'
11.8626 	EXP 	polygon_2: opacity = 1.0
11.8626 	EXP 	polygon_2: fillColor = '[1. 1. 1.] (rgb)'
11.8792 	EXP 	displayPicture: image = '.\\resources\\eyepatch.jpg'
11.8792 	EXP 	polygon_2: opacity = 0.0
11.8792 	EXP 	polygon_2: fillColor = '[1. 1. 1.] (rgb)'
11.8959 	EXP 	displayPicture: image = '.\\resources\\eyepatch.jpg'
11.8959 	EXP 	polygon_2: opacity = 0.0
11.8959 	EXP 	polygon_2: fillColor = '[1. 1. 1.] (rgb)'
11.9126 	EXP 	displayPicture: image = '.\\resources\\eyepatch.jpg'
11.9126 	EXP 	polygon_2: opacity = 0.0
11.9126 	EXP 	polygon_2: fillColor = '[1. 1. 1.] (rgb)'
11.9292 	EXP 	displayPicture: image = '.\\resources\\eyepatch.jpg'
11.9292 	EXP 	polygon_2: opacity = 0.0
11.9292 	EXP 	polygon_2: fillColor = '[1. 1. 1.] (rgb)'
11.9459 	EXP 	displayPicture: image = '.\\resources\\eyepatch.jpg'
11.9459 	EXP 	polygon_2: opacity = 0.0
11.9459 	EXP 	polygon_2: fillColor = '[1. 1. 1.] (rgb)'
11.9626 	EXP 	displayPicture: image = '.\\resources\\eyepatch.jpg'
11.9626 	EXP 	polygon_2: opacity = 0.0
11.9626 	EXP 	polygon_2: fillColor = '[1. 1. 1.] (rgb)'
11.9792 	EXP 	displayPicture: image = '.\\resources\\eyepatch.jpg'
11.9792 	EXP 	polygon_2: opacity = 0.0
11.9792 	EXP 	polygon_2: fillColor = '[1. 1. 1.] (rgb)'
11.9959 	EXP 	displayPicture: image = '.\\resources\\eyepatch.jpg'
11.9959 	EXP 	polygon_2: opacity = 0.0
11.9959 	EXP 	polygon_2: fillColor = '[1. 1. 1.] (rgb)'
12.0125 	EXP 	displayPicture: image = '.\\resources\\eyepatch.jpg'
12.0125 	EXP 	polygon_2: opacity = 0.0
12.0125 	EXP 	polygon_2: fillColor = '[1. 1. 1.] (rgb)'
12.0292 	EXP 	displayPicture: image = '.\\resources\\eyepatch.jpg'
12.0292 	EXP 	polygon_2: opacity = 0.0
12.0292 	EXP 	polygon_2: fillColor = '[1. 1. 1.] (rgb)'
12.0460 	EXP 	displayPicture: image = '.\\resources\\eyepatch.jpg'
12.0460 	EXP 	polygon_2: opacity = 0.0
12.0460 	EXP 	polygon_2: fillColor = '[1. 1. 1.] (rgb)'
12.0626 	EXP 	displayPicture: image = '.\\resources\\eyepatch.jpg'
12.0626 	EXP 	polygon_2: opacity = 0.0
12.0626 	EXP 	polygon_2: fillColor = '[1. 1. 1.] (rgb)'
12.0792 	EXP 	displayPicture: image = '.\\resources\\eyepatch.jpg'
12.0792 	EXP 	polygon_2: opacity = 1.0
12.0792 	EXP 	polygon_2: fillColor = '[1. 1. 1.] (rgb)'
12.0959 	EXP 	displayPicture: image = '.\\resources\\eyepatch.jpg'
12.0959 	EXP 	polygon_2: opacity = 1.0
12.0959 	EXP 	polygon_2: fillColor = '[1. 1. 1.] (rgb)'
12.1126 	EXP 	displayPicture: image = '.\\resources\\eyepatch.jpg'
12.1126 	EXP 	polygon_2: opacity = 1.0
12.1126 	EXP 	polygon_2: fillColor = '[1. 1. 1.] (rgb)'
12.1292 	EXP 	displayPicture: image = '.\\resources\\noparkingsign.jpg'
12.1292 	EXP 	polygon_2: opacity = 0.0
12.1292 	EXP 	polygon_2: fillColor = '[1. 1. 1.] (rgb)'
12.1459 	EXP 	displayPicture: image = '.\\resources\\noparkingsign.jpg'
12.1459 	EXP 	polygon_2: opacity = 0.0
12.1459 	EXP 	polygon_2: fillColor = '[1. 1. 1.] (rgb)'
12.1625 	EXP 	displayPicture: image = '.\\resources\\noparkingsign.jpg'
12.1625 	EXP 	polygon_2: opacity = 0.0
12.1625 	EXP 	polygon_2: fillColor = '[1. 1. 1.] (rgb)'
12.1792 	EXP 	displayPicture: image = '.\\resources\\noparkingsign.jpg'
12.1792 	EXP 	polygon_2: opacity = 0.0
12.1792 	EXP 	polygon_2: fillColor = '[1. 1. 1.] (rgb)'
12.1959 	EXP 	displayPicture: image = '.\\resources\\noparkingsign.jpg'
12.1959 	EXP 	polygon_2: opacity = 0.0
12.1959 	EXP 	polygon_2: fillColor = '[1. 1. 1.] (rgb)'
12.2125 	EXP 	displayPicture: image = '.\\resources\\noparkingsign.jpg'
12.2125 	EXP 	polygon_2: opacity = 0.0
12.2125 	EXP 	polygon_2: fillColor = '[1. 1. 1.] (rgb)'
12.2292 	EXP 	displayPicture: image = '.\\resources\\noparkingsign.jpg'
12.2292 	EXP 	polygon_2: opacity = 0.0
12.2292 	EXP 	polygon_2: fillColor = '[1. 1. 1.] (rgb)'
12.2459 	EXP 	displayPicture: image = '.\\resources\\noparkingsign.jpg'
12.2459 	EXP 	polygon_2: opacity = 0.0
12.2459 	EXP 	polygon_2: fillColor = '[1. 1. 1.] (rgb)'
12.2625 	EXP 	displayPicture: image = '.\\resources\\noparkingsign.jpg'
12.2625 	EXP 	polygon_2: opacity = 0.0
12.2625 	EXP 	polygon_2: fillColor = '[1. 1. 1.] (rgb)'
12.2792 	EXP 	displayPicture: image = '.\\resources\\noparkingsign.jpg'
12.2792 	EXP 	polygon_2: opacity = 0.0
12.2792 	EXP 	polygon_2: fillColor = '[1. 1. 1.] (rgb)'
12.2959 	EXP 	displayPicture: image = '.\\resources\\noparkingsign.jpg'
12.2959 	EXP 	polygon_2: opacity = 0.0
12.2959 	EXP 	polygon_2: fillColor = '[1. 1. 1.] (rgb)'
12.3125 	EXP 	displayPicture: image = '.\\resources\\noparkingsign.jpg'
12.3125 	EXP 	polygon_2: opacity = 0.0
12.3125 	EXP 	polygon_2: fillColor = '[1. 1. 1.] (rgb)'
12.3292 	EXP 	displayPicture: image = '.\\resources\\noparkingsign.jpg'
12.3292 	EXP 	polygon_2: opacity = 1.0
12.3292 	EXP 	polygon_2: fillColor = '[1. 1. 1.] (rgb)'
12.3458 	EXP 	displayPicture: image = '.\\resources\\noparkingsign.jpg'
12.3458 	EXP 	polygon_2: opacity = 1.0
12.3458 	EXP 	polygon_2: fillColor = '[1. 1. 1.] (rgb)'
12.3625 	EXP 	displayPicture: image = '.\\resources\\noparkingsign.jpg'
12.3625 	EXP 	polygon_2: opacity = 1.0
12.3625 	EXP 	polygon_2: fillColor = '[1. 1. 1.] (rgb)'
12.3792 	EXP 	displayPicture: image = '.\\resources\\donut.jpg'
12.3792 	EXP 	polygon_2: opacity = 0.0
12.3792 	EXP 	polygon_2: fillColor = '[1. 1. 1.] (rgb)'
12.3958 	EXP 	displayPicture: image = '.\\resources\\donut.jpg'
12.3958 	EXP 	polygon_2: opacity = 0.0
12.3958 	EXP 	polygon_2: fillColor = '[1. 1. 1.] (rgb)'
12.4125 	EXP 	displayPicture: image = '.\\resources\\donut.jpg'
12.4125 	EXP 	polygon_2: opacity = 0.0
12.4125 	EXP 	polygon_2: fillColor = '[1. 1. 1.] (rgb)'
12.4292 	EXP 	displayPicture: image = '.\\resources\\donut.jpg'
12.4292 	EXP 	polygon_2: opacity = 0.0
12.4292 	EXP 	polygon_2: fillColor = '[1. 1. 1.] (rgb)'
12.4459 	EXP 	displayPicture: image = '.\\resources\\donut.jpg'
12.4459 	EXP 	polygon_2: opacity = 0.0
12.4459 	EXP 	polygon_2: fillColor = '[1. 1. 1.] (rgb)'
12.4625 	EXP 	displayPicture: image = '.\\resources\\donut.jpg'
12.4625 	EXP 	polygon_2: opacity = 0.0
12.4625 	EXP 	polygon_2: fillColor = '[1. 1. 1.] (rgb)'
12.4792 	EXP 	displayPicture: image = '.\\resources\\donut.jpg'
12.4792 	EXP 	polygon_2: opacity = 0.0
12.4792 	EXP 	polygon_2: fillColor = '[1. 1. 1.] (rgb)'
12.4958 	EXP 	displayPicture: image = '.\\resources\\donut.jpg'
12.4958 	EXP 	polygon_2: opacity = 0.0
12.4958 	EXP 	polygon_2: fillColor = '[1. 1. 1.] (rgb)'
12.5125 	EXP 	displayPicture: image = '.\\resources\\donut.jpg'
12.5125 	EXP 	polygon_2: opacity = 0.0
12.5125 	EXP 	polygon_2: fillColor = '[1. 1. 1.] (rgb)'
12.5292 	EXP 	displayPicture: image = '.\\resources\\donut.jpg'
12.5292 	EXP 	polygon_2: opacity = 0.0
12.5292 	EXP 	polygon_2: fillColor = '[1. 1. 1.] (rgb)'
12.5458 	EXP 	displayPicture: image = '.\\resources\\donut.jpg'
12.5458 	EXP 	polygon_2: opacity = 0.0
12.5458 	EXP 	polygon_2: fillColor = '[1. 1. 1.] (rgb)'
12.5625 	EXP 	displayPicture: image = '.\\resources\\donut.jpg'
12.5625 	EXP 	polygon_2: opacity = 0.0
12.5625 	EXP 	polygon_2: fillColor = '[1. 1. 1.] (rgb)'
12.5792 	EXP 	displayPicture: image = '.\\resources\\donut.jpg'
12.5792 	EXP 	polygon_2: opacity = 1.0
12.5792 	EXP 	polygon_2: fillColor = '[1. 1. 1.] (rgb)'
12.5958 	EXP 	displayPicture: image = '.\\resources\\donut.jpg'
12.5958 	EXP 	polygon_2: opacity = 1.0
12.5958 	EXP 	polygon_2: fillColor = '[1. 1. 1.] (rgb)'
12.6125 	EXP 	displayPicture: image = '.\\resources\\donut.jpg'
12.6125 	EXP 	polygon_2: opacity = 1.0
12.6125 	EXP 	polygon_2: fillColor = '[1. 1. 1.] (rgb)'
12.6292 	EXP 	displayPicture: image = '.\\resources\\funnel.jpg'
12.6292 	EXP 	polygon_2: opacity = 0.0
12.6292 	EXP 	polygon_2: fillColor = '[1. 1. 1.] (rgb)'
12.6458 	EXP 	displayPicture: image = '.\\resources\\funnel.jpg'
12.6458 	EXP 	polygon_2: opacity = 0.0
12.6458 	EXP 	polygon_2: fillColor = '[1. 1. 1.] (rgb)'
12.6625 	EXP 	displayPicture: image = '.\\resources\\funnel.jpg'
12.6625 	EXP 	polygon_2: opacity = 0.0
12.6625 	EXP 	polygon_2: fillColor = '[1. 1. 1.] (rgb)'
12.6792 	EXP 	displayPicture: image = '.\\resources\\funnel.jpg'
12.6792 	EXP 	polygon_2: opacity = 0.0
12.6792 	EXP 	polygon_2: fillColor = '[1. 1. 1.] (rgb)'
12.6958 	EXP 	displayPicture: image = '.\\resources\\funnel.jpg'
12.6958 	EXP 	polygon_2: opacity = 0.0
12.6958 	EXP 	polygon_2: fillColor = '[1. 1. 1.] (rgb)'
12.7125 	EXP 	displayPicture: image = '.\\resources\\funnel.jpg'
12.7125 	EXP 	polygon_2: opacity = 0.0
12.7125 	EXP 	polygon_2: fillColor = '[1. 1. 1.] (rgb)'
12.7292 	EXP 	displayPicture: image = '.\\resources\\funnel.jpg'
12.7292 	EXP 	polygon_2: opacity = 0.0
12.7292 	EXP 	polygon_2: fillColor = '[1. 1. 1.] (rgb)'
12.7458 	EXP 	displayPicture: image = '.\\resources\\funnel.jpg'
12.7458 	EXP 	polygon_2: opacity = 0.0
12.7458 	EXP 	polygon_2: fillColor = '[1. 1. 1.] (rgb)'
12.7625 	EXP 	displayPicture: image = '.\\resources\\funnel.jpg'
12.7625 	EXP 	polygon_2: opacity = 0.0
12.7625 	EXP 	polygon_2: fillColor = '[1. 1. 1.] (rgb)'
12.7792 	EXP 	displayPicture: image = '.\\resources\\funnel.jpg'
12.7792 	EXP 	polygon_2: opacity = 0.0
12.7792 	EXP 	polygon_2: fillColor = '[1. 1. 1.] (rgb)'
12.7958 	EXP 	displayPicture: image = '.\\resources\\funnel.jpg'
12.7958 	EXP 	polygon_2: opacity = 0.0
12.7958 	EXP 	polygon_2: fillColor = '[1. 1. 1.] (rgb)'
12.8125 	EXP 	displayPicture: image = '.\\resources\\funnel.jpg'
12.8125 	EXP 	polygon_2: opacity = 0.0
12.8125 	EXP 	polygon_2: fillColor = '[1. 1. 1.] (rgb)'
12.8292 	EXP 	displayPicture: image = '.\\resources\\funnel.jpg'
12.8292 	EXP 	polygon_2: opacity = 1.0
12.8292 	EXP 	polygon_2: fillColor = '[1. 1. 1.] (rgb)'
12.8458 	EXP 	displayPicture: image = '.\\resources\\funnel.jpg'
12.8458 	EXP 	polygon_2: opacity = 1.0
12.8458 	EXP 	polygon_2: fillColor = '[1. 1. 1.] (rgb)'
12.8625 	EXP 	displayPicture: image = '.\\resources\\funnel.jpg'
12.8625 	EXP 	polygon_2: opacity = 1.0
12.8625 	EXP 	polygon_2: fillColor = '[1. 1. 1.] (rgb)'
12.8791 	EXP 	displayPicture: image = '.\\resources\\fortunecookie.jpg'
12.8791 	EXP 	polygon_2: opacity = 0.0
12.8791 	EXP 	polygon_2: fillColor = '[1. 1. 1.] (rgb)'
12.8958 	EXP 	displayPicture: image = '.\\resources\\fortunecookie.jpg'
12.8958 	EXP 	polygon_2: opacity = 0.0
12.8958 	EXP 	polygon_2: fillColor = '[1. 1. 1.] (rgb)'
12.9125 	EXP 	displayPicture: image = '.\\resources\\fortunecookie.jpg'
12.9125 	EXP 	polygon_2: opacity = 0.0
12.9125 	EXP 	polygon_2: fillColor = '[1. 1. 1.] (rgb)'
12.9291 	EXP 	displayPicture: image = '.\\resources\\fortunecookie.jpg'
12.9291 	EXP 	polygon_2: opacity = 0.0
12.9291 	EXP 	polygon_2: fillColor = '[1. 1. 1.] (rgb)'
12.9458 	EXP 	displayPicture: image = '.\\resources\\fortunecookie.jpg'
12.9458 	EXP 	polygon_2: opacity = 0.0
12.9458 	EXP 	polygon_2: fillColor = '[1. 1. 1.] (rgb)'
12.9625 	EXP 	displayPicture: image = '.\\resources\\fortunecookie.jpg'
12.9625 	EXP 	polygon_2: opacity = 0.0
12.9625 	EXP 	polygon_2: fillColor = '[1. 1. 1.] (rgb)'
12.9791 	EXP 	displayPicture: image = '.\\resources\\fortunecookie.jpg'
12.9791 	EXP 	polygon_2: opacity = 0.0
12.9791 	EXP 	polygon_2: fillColor = '[1. 1. 1.] (rgb)'
12.9958 	EXP 	displayPicture: image = '.\\resources\\fortunecookie.jpg'
12.9958 	EXP 	polygon_2: opacity = 0.0
12.9958 	EXP 	polygon_2: fillColor = '[1. 1. 1.] (rgb)'
13.0125 	EXP 	displayPicture: image = '.\\resources\\fortunecookie.jpg'
13.0125 	EXP 	polygon_2: opacity = 0.0
13.0125 	EXP 	polygon_2: fillColor = '[1. 1. 1.] (rgb)'
13.0291 	EXP 	displayPicture: image = '.\\resources\\fortunecookie.jpg'
13.0291 	EXP 	polygon_2: opacity = 0.0
13.0291 	EXP 	polygon_2: fillColor = '[1. 1. 1.] (rgb)'
13.0458 	EXP 	displayPicture: image = '.\\resources\\fortunecookie.jpg'
13.0458 	EXP 	polygon_2: opacity = 0.0
13.0458 	EXP 	polygon_2: fillColor = '[1. 1. 1.] (rgb)'
13.0625 	EXP 	displayPicture: image = '.\\resources\\fortunecookie.jpg'
13.0625 	EXP 	polygon_2: opacity = 0.0
13.0625 	EXP 	polygon_2: fillColor = '[1. 1. 1.] (rgb)'
13.0791 	EXP 	displayPicture: image = '.\\resources\\fortunecookie.jpg'
13.0791 	EXP 	polygon_2: opacity = 1.0
13.0791 	EXP 	polygon_2: fillColor = '[1. 1. 1.] (rgb)'
13.0958 	EXP 	displayPicture: image = '.\\resources\\fortunecookie.jpg'
13.0958 	EXP 	polygon_2: opacity = 1.0
13.0958 	EXP 	polygon_2: fillColor = '[1. 1. 1.] (rgb)'
13.1125 	EXP 	displayPicture: image = '.\\resources\\fortunecookie.jpg'
13.1125 	EXP 	polygon_2: opacity = 1.0
13.1125 	EXP 	polygon_2: fillColor = '[1. 1. 1.] (rgb)'
13.1291 	EXP 	displayPicture: image = '.\\resources\\greathornowl.jpg'
13.1291 	EXP 	polygon_2: opacity = 0.0
13.1291 	EXP 	polygon_2: fillColor = '[1. 1. 1.] (rgb)'
13.1458 	EXP 	displayPicture: image = '.\\resources\\greathornowl.jpg'
13.1458 	EXP 	polygon_2: opacity = 0.0
13.1458 	EXP 	polygon_2: fillColor = '[1. 1. 1.] (rgb)'
13.1625 	EXP 	displayPicture: image = '.\\resources\\greathornowl.jpg'
13.1625 	EXP 	polygon_2: opacity = 0.0
13.1625 	EXP 	polygon_2: fillColor = '[1. 1. 1.] (rgb)'
13.1791 	EXP 	displayPicture: image = '.\\resources\\greathornowl.jpg'
13.1791 	EXP 	polygon_2: opacity = 0.0
13.1791 	EXP 	polygon_2: fillColor = '[1. 1. 1.] (rgb)'
13.1958 	EXP 	displayPicture: image = '.\\resources\\greathornowl.jpg'
13.1958 	EXP 	polygon_2: opacity = 0.0
13.1958 	EXP 	polygon_2: fillColor = '[1. 1. 1.] (rgb)'
13.2125 	EXP 	displayPicture: image = '.\\resources\\greathornowl.jpg'
13.2125 	EXP 	polygon_2: opacity = 0.0
13.2125 	EXP 	polygon_2: fillColor = '[1. 1. 1.] (rgb)'
13.2293 	EXP 	displayPicture: image = '.\\resources\\greathornowl.jpg'
13.2293 	EXP 	polygon_2: opacity = 0.0
13.2293 	EXP 	polygon_2: fillColor = '[1. 1. 1.] (rgb)'
13.2458 	EXP 	displayPicture: image = '.\\resources\\greathornowl.jpg'
13.2458 	EXP 	polygon_2: opacity = 0.0
13.2458 	EXP 	polygon_2: fillColor = '[1. 1. 1.] (rgb)'
13.2624 	EXP 	displayPicture: image = '.\\resources\\greathornowl.jpg'
13.2624 	EXP 	polygon_2: opacity = 0.0
13.2624 	EXP 	polygon_2: fillColor = '[1. 1. 1.] (rgb)'
13.2791 	EXP 	displayPicture: image = '.\\resources\\greathornowl.jpg'
13.2791 	EXP 	polygon_2: opacity = 0.0
13.2791 	EXP 	polygon_2: fillColor = '[1. 1. 1.] (rgb)'
13.2958 	EXP 	displayPicture: image = '.\\resources\\greathornowl.jpg'
13.2958 	EXP 	polygon_2: opacity = 0.0
13.2958 	EXP 	polygon_2: fillColor = '[1. 1. 1.] (rgb)'
13.3125 	EXP 	displayPicture: image = '.\\resources\\greathornowl.jpg'
13.3125 	EXP 	polygon_2: opacity = 0.0
13.3125 	EXP 	polygon_2: fillColor = '[1. 1. 1.] (rgb)'
13.3291 	EXP 	displayPicture: image = '.\\resources\\greathornowl.jpg'
13.3291 	EXP 	polygon_2: opacity = 1.0
13.3291 	EXP 	polygon_2: fillColor = '[1. 1. 1.] (rgb)'
13.3458 	EXP 	displayPicture: image = '.\\resources\\greathornowl.jpg'
13.3458 	EXP 	polygon_2: opacity = 1.0
13.3458 	EXP 	polygon_2: fillColor = '[1. 1. 1.] (rgb)'
13.3625 	EXP 	displayPicture: image = '.\\resources\\greathornowl.jpg'
13.3625 	EXP 	polygon_2: opacity = 1.0
13.3625 	EXP 	polygon_2: fillColor = '[1. 1. 1.] (rgb)'
13.3791 	EXP 	displayPicture: image = '.\\resources\\recyclingbin.jpg'
13.3791 	EXP 	polygon_2: opacity = 0.0
13.3791 	EXP 	polygon_2: fillColor = '[1. 1. 1.] (rgb)'
13.3958 	EXP 	displayPicture: image = '.\\resources\\recyclingbin.jpg'
13.3958 	EXP 	polygon_2: opacity = 0.0
13.3958 	EXP 	polygon_2: fillColor = '[1. 1. 1.] (rgb)'
13.4125 	EXP 	displayPicture: image = '.\\resources\\recyclingbin.jpg'
13.4125 	EXP 	polygon_2: opacity = 0.0
13.4125 	EXP 	polygon_2: fillColor = '[1. 1. 1.] (rgb)'
13.4291 	EXP 	displayPicture: image = '.\\resources\\recyclingbin.jpg'
13.4291 	EXP 	polygon_2: opacity = 0.0
13.4291 	EXP 	polygon_2: fillColor = '[1. 1. 1.] (rgb)'
13.4458 	EXP 	displayPicture: image = '.\\resources\\recyclingbin.jpg'
13.4458 	EXP 	polygon_2: opacity = 0.0
13.4458 	EXP 	polygon_2: fillColor = '[1. 1. 1.] (rgb)'
13.4625 	EXP 	displayPicture: image = '.\\resources\\recyclingbin.jpg'
13.4625 	EXP 	polygon_2: opacity = 0.0
13.4625 	EXP 	polygon_2: fillColor = '[1. 1. 1.] (rgb)'
13.4791 	EXP 	displayPicture: image = '.\\resources\\recyclingbin.jpg'
13.4791 	EXP 	polygon_2: opacity = 0.0
13.4791 	EXP 	polygon_2: fillColor = '[1. 1. 1.] (rgb)'
13.4958 	EXP 	displayPicture: image = '.\\resources\\recyclingbin.jpg'
13.4958 	EXP 	polygon_2: opacity = 0.0
13.4958 	EXP 	polygon_2: fillColor = '[1. 1. 1.] (rgb)'
13.5125 	EXP 	displayPicture: image = '.\\resources\\recyclingbin.jpg'
13.5125 	EXP 	polygon_2: opacity = 0.0
13.5125 	EXP 	polygon_2: fillColor = '[1. 1. 1.] (rgb)'
13.5291 	EXP 	displayPicture: image = '.\\resources\\recyclingbin.jpg'
13.5291 	EXP 	polygon_2: opacity = 0.0
13.5291 	EXP 	polygon_2: fillColor = '[1. 1. 1.] (rgb)'
13.5457 	EXP 	displayPicture: image = '.\\resources\\recyclingbin.jpg'
13.5457 	EXP 	polygon_2: opacity = 0.0
13.5457 	EXP 	polygon_2: fillColor = '[1. 1. 1.] (rgb)'
13.5624 	EXP 	displayPicture: image = '.\\resources\\recyclingbin.jpg'
13.5624 	EXP 	polygon_2: opacity = 0.0
13.5624 	EXP 	polygon_2: fillColor = '[1. 1. 1.] (rgb)'
13.5791 	EXP 	displayPicture: image = '.\\resources\\recyclingbin.jpg'
13.5791 	EXP 	polygon_2: opacity = 1.0
13.5791 	EXP 	polygon_2: fillColor = '[1. 1. 1.] (rgb)'
13.5957 	EXP 	displayPicture: image = '.\\resources\\recyclingbin.jpg'
13.5957 	EXP 	polygon_2: opacity = 1.0
13.5957 	EXP 	polygon_2: fillColor = '[1. 1. 1.] (rgb)'
13.6124 	EXP 	displayPicture: image = '.\\resources\\recyclingbin.jpg'
13.6124 	EXP 	polygon_2: opacity = 1.0
13.6124 	EXP 	polygon_2: fillColor = '[1. 1. 1.] (rgb)'
13.6291 	EXP 	displayPicture: image = '.\\resources\\tie02.jpg'
13.6291 	EXP 	polygon_2: opacity = 0.0
13.6291 	EXP 	polygon_2: fillColor = '[1. 1. 1.] (rgb)'
13.6458 	EXP 	displayPicture: image = '.\\resources\\tie02.jpg'
13.6458 	EXP 	polygon_2: opacity = 0.0
13.6458 	EXP 	polygon_2: fillColor = '[1. 1. 1.] (rgb)'
13.6625 	EXP 	displayPicture: image = '.\\resources\\tie02.jpg'
13.6625 	EXP 	polygon_2: opacity = 0.0
13.6625 	EXP 	polygon_2: fillColor = '[1. 1. 1.] (rgb)'
13.6791 	EXP 	displayPicture: image = '.\\resources\\tie02.jpg'
13.6791 	EXP 	polygon_2: opacity = 0.0
13.6791 	EXP 	polygon_2: fillColor = '[1. 1. 1.] (rgb)'
13.6958 	EXP 	displayPicture: image = '.\\resources\\tie02.jpg'
13.6958 	EXP 	polygon_2: opacity = 0.0
13.6958 	EXP 	polygon_2: fillColor = '[1. 1. 1.] (rgb)'
13.7125 	EXP 	displayPicture: image = '.\\resources\\tie02.jpg'
13.7125 	EXP 	polygon_2: opacity = 0.0
13.7125 	EXP 	polygon_2: fillColor = '[1. 1. 1.] (rgb)'
13.7291 	EXP 	displayPicture: image = '.\\resources\\tie02.jpg'
13.7291 	EXP 	polygon_2: opacity = 0.0
13.7291 	EXP 	polygon_2: fillColor = '[1. 1. 1.] (rgb)'
13.7458 	EXP 	displayPicture: image = '.\\resources\\tie02.jpg'
13.7458 	EXP 	polygon_2: opacity = 0.0
13.7458 	EXP 	polygon_2: fillColor = '[1. 1. 1.] (rgb)'
13.7624 	EXP 	displayPicture: image = '.\\resources\\tie02.jpg'
13.7624 	EXP 	polygon_2: opacity = 0.0
13.7624 	EXP 	polygon_2: fillColor = '[1. 1. 1.] (rgb)'
13.7791 	EXP 	displayPicture: image = '.\\resources\\tie02.jpg'
13.7791 	EXP 	polygon_2: opacity = 0.0
13.7791 	EXP 	polygon_2: fillColor = '[1. 1. 1.] (rgb)'
13.7958 	EXP 	displayPicture: image = '.\\resources\\tie02.jpg'
13.7958 	EXP 	polygon_2: opacity = 0.0
13.7958 	EXP 	polygon_2: fillColor = '[1. 1. 1.] (rgb)'
13.8124 	EXP 	displayPicture: image = '.\\resources\\tie02.jpg'
13.8124 	EXP 	polygon_2: opacity = 0.0
13.8124 	EXP 	polygon_2: fillColor = '[1. 1. 1.] (rgb)'
13.8291 	EXP 	displayPicture: image = '.\\resources\\tie02.jpg'
13.8291 	EXP 	polygon_2: opacity = 1.0
13.8291 	EXP 	polygon_2: fillColor = '[1. 1. 1.] (rgb)'
13.8457 	EXP 	displayPicture: image = '.\\resources\\tie02.jpg'
13.8457 	EXP 	polygon_2: opacity = 1.0
13.8457 	EXP 	polygon_2: fillColor = '[1. 1. 1.] (rgb)'
13.8624 	EXP 	displayPicture: image = '.\\resources\\tie02.jpg'
13.8624 	EXP 	polygon_2: opacity = 1.0
13.8624 	EXP 	polygon_2: fillColor = '[1. 1. 1.] (rgb)'
13.8791 	EXP 	displayPicture: image = '.\\resources\\stubbywrench01a.jpg'
13.8791 	EXP 	polygon_2: opacity = 0.0
13.8791 	EXP 	polygon_2: fillColor = '[1. 1. 1.] (rgb)'
13.8958 	EXP 	displayPicture: image = '.\\resources\\stubbywrench01a.jpg'
13.8958 	EXP 	polygon_2: opacity = 0.0
13.8958 	EXP 	polygon_2: fillColor = '[1. 1. 1.] (rgb)'
13.9124 	EXP 	displayPicture: image = '.\\resources\\stubbywrench01a.jpg'
13.9124 	EXP 	polygon_2: opacity = 0.0
13.9124 	EXP 	polygon_2: fillColor = '[1. 1. 1.] (rgb)'
13.9291 	EXP 	displayPicture: image = '.\\resources\\stubbywrench01a.jpg'
13.9291 	EXP 	polygon_2: opacity = 0.0
13.9291 	EXP 	polygon_2: fillColor = '[1. 1. 1.] (rgb)'
13.9457 	EXP 	displayPicture: image = '.\\resources\\stubbywrench01a.jpg'
13.9457 	EXP 	polygon_2: opacity = 0.0
13.9457 	EXP 	polygon_2: fillColor = '[1. 1. 1.] (rgb)'
13.9624 	EXP 	displayPicture: image = '.\\resources\\stubbywrench01a.jpg'
13.9624 	EXP 	polygon_2: opacity = 0.0
13.9624 	EXP 	polygon_2: fillColor = '[1. 1. 1.] (rgb)'
13.9791 	EXP 	displayPicture: image = '.\\resources\\stubbywrench01a.jpg'
13.9791 	EXP 	polygon_2: opacity = 0.0
13.9791 	EXP 	polygon_2: fillColor = '[1. 1. 1.] (rgb)'
13.9957 	EXP 	displayPicture: image = '.\\resources\\stubbywrench01a.jpg'
13.9957 	EXP 	polygon_2: opacity = 0.0
13.9957 	EXP 	polygon_2: fillColor = '[1. 1. 1.] (rgb)'
14.0124 	EXP 	displayPicture: image = '.\\resources\\stubbywrench01a.jpg'
14.0124 	EXP 	polygon_2: opacity = 0.0
14.0124 	EXP 	polygon_2: fillColor = '[1. 1. 1.] (rgb)'
14.0291 	EXP 	displayPicture: image = '.\\resources\\stubbywrench01a.jpg'
14.0291 	EXP 	polygon_2: opacity = 0.0
14.0291 	EXP 	polygon_2: fillColor = '[1. 1. 1.] (rgb)'
14.0457 	EXP 	displayPicture: image = '.\\resources\\stubbywrench01a.jpg'
14.0457 	EXP 	polygon_2: opacity = 0.0
14.0457 	EXP 	polygon_2: fillColor = '[1. 1. 1.] (rgb)'
14.0624 	EXP 	displayPicture: image = '.\\resources\\stubbywrench01a.jpg'
14.0624 	EXP 	polygon_2: opacity = 0.0
14.0624 	EXP 	polygon_2: fillColor = '[1. 1. 1.] (rgb)'
14.0791 	EXP 	displayPicture: image = '.\\resources\\stubbywrench01a.jpg'
14.0791 	EXP 	polygon_2: opacity = 1.0
14.0791 	EXP 	polygon_2: fillColor = '[1. 1. 1.] (rgb)'
14.0957 	EXP 	displayPicture: image = '.\\resources\\stubbywrench01a.jpg'
14.0957 	EXP 	polygon_2: opacity = 1.0
14.0957 	EXP 	polygon_2: fillColor = '[1. 1. 1.] (rgb)'
14.1124 	EXP 	displayPicture: image = '.\\resources\\stubbywrench01a.jpg'
14.1124 	EXP 	polygon_2: opacity = 1.0
14.1124 	EXP 	polygon_2: fillColor = '[1. 1. 1.] (rgb)'
14.1290 	EXP 	displayPicture: image = '.\\resources\\skunk.jpg'
14.1290 	EXP 	polygon_2: opacity = 0.0
14.1290 	EXP 	polygon_2: fillColor = '[1. 1. 1.] (rgb)'
14.1457 	EXP 	displayPicture: image = '.\\resources\\skunk.jpg'
14.1457 	EXP 	polygon_2: opacity = 0.0
14.1457 	EXP 	polygon_2: fillColor = '[1. 1. 1.] (rgb)'
14.1624 	EXP 	displayPicture: image = '.\\resources\\skunk.jpg'
14.1624 	EXP 	polygon_2: opacity = 0.0
14.1624 	EXP 	polygon_2: fillColor = '[1. 1. 1.] (rgb)'
14.1790 	EXP 	displayPicture: image = '.\\resources\\skunk.jpg'
14.1790 	EXP 	polygon_2: opacity = 0.0
14.1790 	EXP 	polygon_2: fillColor = '[1. 1. 1.] (rgb)'
14.1957 	EXP 	displayPicture: image = '.\\resources\\skunk.jpg'
14.1957 	EXP 	polygon_2: opacity = 0.0
14.1957 	EXP 	polygon_2: fillColor = '[1. 1. 1.] (rgb)'
14.2124 	EXP 	displayPicture: image = '.\\resources\\skunk.jpg'
14.2124 	EXP 	polygon_2: opacity = 0.0
14.2124 	EXP 	polygon_2: fillColor = '[1. 1. 1.] (rgb)'
14.2291 	EXP 	displayPicture: image = '.\\resources\\skunk.jpg'
14.2291 	EXP 	polygon_2: opacity = 0.0
14.2291 	EXP 	polygon_2: fillColor = '[1. 1. 1.] (rgb)'
14.2457 	EXP 	displayPicture: image = '.\\resources\\skunk.jpg'
14.2457 	EXP 	polygon_2: opacity = 0.0
14.2457 	EXP 	polygon_2: fillColor = '[1. 1. 1.] (rgb)'
14.2624 	EXP 	displayPicture: image = '.\\resources\\skunk.jpg'
14.2624 	EXP 	polygon_2: opacity = 0.0
14.2624 	EXP 	polygon_2: fillColor = '[1. 1. 1.] (rgb)'
14.2790 	EXP 	displayPicture: image = '.\\resources\\skunk.jpg'
14.2790 	EXP 	polygon_2: opacity = 0.0
14.2790 	EXP 	polygon_2: fillColor = '[1. 1. 1.] (rgb)'
14.2957 	EXP 	displayPicture: image = '.\\resources\\skunk.jpg'
14.2957 	EXP 	polygon_2: opacity = 0.0
14.2957 	EXP 	polygon_2: fillColor = '[1. 1. 1.] (rgb)'
14.3124 	EXP 	displayPicture: image = '.\\resources\\skunk.jpg'
14.3124 	EXP 	polygon_2: opacity = 0.0
14.3124 	EXP 	polygon_2: fillColor = '[1. 1. 1.] (rgb)'
14.3290 	EXP 	displayPicture: image = '.\\resources\\skunk.jpg'
14.3290 	EXP 	polygon_2: opacity = 1.0
14.3290 	EXP 	polygon_2: fillColor = '[1. 1. 1.] (rgb)'
14.3457 	EXP 	displayPicture: image = '.\\resources\\skunk.jpg'
14.3457 	EXP 	polygon_2: opacity = 1.0
14.3457 	EXP 	polygon_2: fillColor = '[1. 1. 1.] (rgb)'
14.3624 	EXP 	displayPicture: image = '.\\resources\\skunk.jpg'
14.3624 	EXP 	polygon_2: opacity = 1.0
14.3624 	EXP 	polygon_2: fillColor = '[1. 1. 1.] (rgb)'
14.3959 	EXP 	displayPicture: image = '.\\resources\\skunk.jpg'
14.3959 	EXP 	polygon_2: opacity = 0.0
14.3959 	EXP 	polygon_2: fillColor = '[1. 1. 1.] (rgb)'
14.3959 	EXP 	displayPicture: autoDraw = False
14.3959 	EXP 	polygon_2: autoDraw = False
14.3959 	EXP 	option1_t1: image = '.\\resources\\cat.jpg'
14.3959 	EXP 	polygon_4: autoDraw = True
14.3959 	EXP 	option1_t1: autoDraw = True
14.8915 	DATA 	Keypress: left
14.9125 	EXP 	polygon_4: autoDraw = False
14.9125 	EXP 	option1_t1: autoDraw = False
14.9125 	EXP 	option1_t2: image = '.\\resources\\recyclingbin.jpg'
14.9125 	EXP 	polygon_5: autoDraw = True
14.9125 	EXP 	option1_t2: autoDraw = True
15.0802 	DATA 	Keypress: left
15.0957 	EXP 	polygon_5: autoDraw = False
15.0957 	EXP 	option1_t2: autoDraw = False
15.0957 	EXP 	feedbackText: text = '1/2 Correct'
15.0957 	EXP 	feedbackText: autoDraw = True
16.1123 	EXP 	feedbackText: autoDraw = False
16.1123 	EXP 	text: text = ''
16.1123 	EXP 	text: autoDraw = True
16.1123 	EXP 	text: autoDraw = False
16.1123 	EXP 	text_4: autoDraw = True
17.5108 	EXP 	Imported conditionAB_main.xlsx as conditions, 232 conditions, 9 params
17.5113 	EXP 	Created sequence: sequential, trialTypes=232, nReps=1, seed=None
17.5116 	EXP 	New trial (rep=0, index=0): OrderedDict([('trialType', 'AB'), ('cndTyp', 'lag6'), ('lag', 6), ('T1_loc', 5), ('T2_loc', 11), ('stimLen', 0.2), ('isi', 0.05), ('skipProb', 0.5), ('phase', 'ramp')])
17.5267 	DATA 	Keypress: space
17.5455 	EXP 	text_4: autoDraw = False
17.5455 	EXP 	option1_2: image = '.\\resources\\fortunecookie.jpg'
17.5455 	EXP 	option2_2: image = '.\\resources\\cashregister01.jpg'
17.5455 	EXP 	option1_2: autoDraw = True
17.5455 	EXP 	option2_2: autoDraw = True
20.0291 	EXP 	text_5: autoDraw = True
20.2957 	EXP 	option1_2: autoDraw = False
20.2957 	EXP 	option2_2: autoDraw = False
20.5120 	EXP 	option1_2: autoDraw = False
20.5120 	EXP 	option2_2: autoDraw = False
20.5120 	EXP 	text_5: autoDraw = False
20.5120 	EXP 	displayPicture_3: autoDraw = True
20.5120 	EXP 	displayPicture_3: image = '.\\resources\\skunk.jpg'
20.5120 	EXP 	polygon_13: autoDraw = True
20.5120 	EXP 	polygon_13: opacity = 1.0
20.5120 	EXP 	polygon_13: fillColor = '[1. 1. 1.] (rgb)'
20.5709 	EXP 	window1: mouseVisible = True
