0.8473 	WARNING 	We strongly recommend you activate the PTB sound engine in PsychoPy prefs as the preferred audio engine. Its timing is vastly superior. Your prefs are currently set to use ['sounddevice', 'PTB', 'pyo', 'pygame'] (in that order).
15.6811 	WARNING 	User requested fullscreen with size [1024  768], but screen is actually [1920, 1080]. Using actual size
16.9802 	EXP 	Created window1 = Window(allowGUI=False, allowStencil=False, args=UNKNOWN, autoLog=True, bitsMode=UNKNOWN, blendMode='avg', bpc=(8, 8, 8), color=array([0., 0., 0.]), colorSpace='rgb', depthBits=8, fullscr=<method-wrapper '__getattribute__' of attributeSetter object at 0x0000020D95E749E8>, gamma=None, gammaErrorPolicy='raise', kwargs=UNKNOWN, lms=UNKNOWN, monitor=<psychopy.monitors.calibTools.Monitor object at 0x0000020D95E70048>, multiSample=False, name='window1', numSamples=2, pos=[0.0, 0.0], screen=0, size=array([1920, 1080]), stencilBits=0, stereo=False, units='height', useFBO=True, useRetina=False, viewOri=0.0, viewPos=None, viewScale=None, waitBlanking=True, winType='pyglet')
16.9813 	EXP 	window1: mouseVisible = True
16.9813 	EXP 	window1: recordFrameIntervals = False
17.1430 	EXP 	window1: recordFrameIntervals = True
17.3265 	EXP 	window1: recordFrameIntervals = False
17.4265 	EXP 	Created option1 = ImageStim(__class__=<class 'psychopy.visual.image.ImageStim'>, autoLog=True, color=array([1., 1., 1.]), colorSpace='rgb', contrast=1.0, depth=-1.0, flipHoriz=False, flipVert=False, image='sin', interpolate=True, mask=None, maskParams=None, name='option1', opacity=1.0, ori=0.0, pos=array([-0.3,  0. ]), size=array([0.25, 0.25]), texRes=128, units='height', win=Window(...))
17.4294 	EXP 	Created option2 = ImageStim(__class__=<class 'psychopy.visual.image.ImageStim'>, autoLog=True, color=array([1., 1., 1.]), colorSpace='rgb', contrast=1.0, depth=-2.0, flipHoriz=False, flipVert=False, image='sin', interpolate=True, mask=None, maskParams=None, name='option2', opacity=1.0, ori=0.0, pos=array([0.3, 0. ]), size=array([0.25, 0.25]), texRes=128, units='height', win=Window(...))
17.4948 	EXP 	Created text_2 = TextStim(__class__=<class 'psychopy.visual.text.TextStim'>, alignHoriz=method-wrapper(...), alignText='center', alignVert=method-wrapper(...), anchorHoriz='center', anchorVert='center', antialias=True, autoLog=True, bold=False, color='white', colorSpace='named', contrast=1.0, depth=-3.0, flipHoriz=False, flipVert=False, font='Arial', fontFiles=[], height=0.1, italic=False, languageStyle='LTR', name='text_2', opacity=1.0, ori=0, pos=array([0., 0.]), rgb=array([255., 255., 255.]), text='+', units='height', win=Window(...), wrapWidth=1)
17.4977 	EXP 	Created displayPicture = ImageStim(__class__=<class 'psychopy.visual.image.ImageStim'>, autoLog=True, color=array([1., 1., 1.]), colorSpace='rgb', contrast=1.0, depth=-6.0, flipHoriz=False, flipVert=False, image='sin', interpolate=True, mask=None, maskParams=None, name='displayPicture', opacity=1.0, ori=0.0, pos=array([0., 0.]), size=array([0.25, 0.25]), texRes=128, units='height', win=Window(...))
17.4996 	EXP 	Created polygon_2 = Rect(__class__=<class 'psychopy.visual.rect.Rect'>, autoDraw=False, autoLog=True, closeShape=True, color=method-wrapper(...), colorSpace=None, contrast=1.0, depth=-7.0, fillColor=array([1., 1., 1.]), fillColorSpace='rgb', fillRGB=array([1., 1., 1.]), interpolate=True, lineColor=array([1., 1., 1.]), lineColorSpace='rgb', lineRGB=array([1., 1., 1.]), lineWidth=0, name='polygon_2', opacity=1.0, ori=array(0.), pos=array([0., 0.]), size=array([0.25, 0.25]), units='height', vertices=ndarray(...), win=Window(...))
17.5018 	EXP 	Created polygon_4 = ShapeStim(__class__=<class 'psychopy.visual.shape.ShapeStim'>, autoDraw=False, autoLog=True, closeShape=True, contrast=1.0, depth=0.0, fillColor=array([1., 0., 0.]), fillColorSpace='rgb', interpolate=True, lineColor=array([1., 1., 1.]), lineColorSpace='rgb', lineWidth=1, name='polygon_4', opacity=1.0, ori=array(0.), pos=array([0., 0.]), size=array([1., 1.]), units='height', vertices=ndarray(...), win=Window(...), windingRule=None)
17.5048 	EXP 	Created option1_t1 = ImageStim(__class__=<class 'psychopy.visual.image.ImageStim'>, autoLog=True, color=array([1., 1., 1.]), colorSpace='rgb', contrast=1.0, depth=-2.0, flipHoriz=False, flipVert=False, image='sin', interpolate=True, mask=None, maskParams=None, name='option1_t1', opacity=1.0, ori=0.0, pos=array([0., 0.]), size=array([0.25, 0.25]), texRes=128, units='height', win=Window(...))
17.5065 	EXP 	Created polygon_5 = ShapeStim(__class__=<class 'psychopy.visual.shape.ShapeStim'>, autoDraw=False, autoLog=True, closeShape=True, contrast=1.0, depth=0.0, fillColor=array([0., 0., 1.]), fillColorSpace='rgb', interpolate=True, lineColor=array([1., 1., 1.]), lineColorSpace='rgb', lineWidth=1, name='polygon_5', opacity=1.0, ori=array(0.), pos=array([0., 0.]), size=array([0.7, 0.7]), units='height', vertices=ndarray(...), win=Window(...), windingRule=None)
17.5092 	EXP 	Created option1_t2 = ImageStim(__class__=<class 'psychopy.visual.image.ImageStim'>, autoLog=True, color=array([1., 1., 1.]), colorSpace='rgb', contrast=1.0, depth=-2.0, flipHoriz=False, flipVert=False, image='sin', interpolate=True, mask=None, maskParams=None, name='option1_t2', opacity=1.0, ori=0.0, pos=array([0., 0.]), size=array([0.25, 0.25]), texRes=128, units='height', win=Window(...))
17.5289 	EXP 	Created feedbackText = TextStim(__class__=<class 'psychopy.visual.text.TextStim'>, alignHoriz=method-wrapper(...), alignText='center', alignVert=method-wrapper(...), anchorHoriz='center', anchorVert='center', antialias=True, autoLog=True, bold=False, color='white', colorSpace='named', contrast=1.0, depth=-1.0, flipHoriz=False, flipVert=False, font='Arial', fontFiles=[], height=0.1, italic=False, languageStyle='LTR', name='feedbackText', opacity=1.0, ori=0, pos=array([0., 0.]), rgb=array([255., 255., 255.]), text='default text', units='height', win=Window(...), wrapWidth=1)
17.5319 	EXP 	Created text = TextStim(__class__=<class 'psychopy.visual.text.TextStim'>, alignHoriz=method-wrapper(...), alignText='center', alignVert=method-wrapper(...), anchorHoriz='center', anchorVert='center', antialias=True, autoLog=True, bold=False, color='white', colorSpace='named', contrast=1.0, depth=-3.0, flipHoriz=False, flipVert=False, font='Arial', fontFiles=[], height=0.1, italic=False, languageStyle='LTR', name='text', opacity=1.0, ori=0, pos=array([0., 0.]), rgb=array([255., 255., 255.]), text='default text', units='height', win=Window(...), wrapWidth=1)
17.5731 	EXP 	Imported conditionAB.xlsx as conditions, 160 conditions, 7 params
17.5745 	EXP 	Created sequence: random, trialTypes=160, nReps=1, seed=None
17.5748 	EXP 	New trial (rep=0, index=0): OrderedDict([('trialType', 'AB'), ('cndTyp', 'lag4'), ('lag', 4), ('T1_loc', 4), ('T2_loc', 8), ('stimLen', 0.11), ('isi', 0.04)])
17.6855 	EXP 	option1: image = '.\\resources\\foosballtable.jpg'
17.6855 	EXP 	option2: image = '.\\resources\\ipad02.jpg'
17.6855 	EXP 	option1: autoDraw = True
17.6855 	EXP 	option2: autoDraw = True
20.0924 	EXP 	text_2: autoDraw = True
20.4424 	EXP 	option1: autoDraw = False
20.4424 	EXP 	option2: autoDraw = False
20.5757 	EXP 	option1: autoDraw = False
20.5757 	EXP 	option2: autoDraw = False
20.5757 	EXP 	text_2: autoDraw = False
20.5757 	EXP 	displayPicture: autoDraw = True
20.5757 	EXP 	displayPicture: image = '.\\resources\\marble.jpg'
20.5757 	EXP 	polygon_2: autoDraw = True
20.5757 	EXP 	polygon_2: opacity = 0.0
20.5757 	EXP 	polygon_2: fillColor = '[1. 1. 1.] (rgb)'
20.5923 	EXP 	displayPicture: image = '.\\resources\\marble.jpg'
20.5923 	EXP 	polygon_2: opacity = 0.0
20.5923 	EXP 	polygon_2: fillColor = '[1. 1. 1.] (rgb)'
20.6090 	EXP 	displayPicture: image = '.\\resources\\marble.jpg'
20.6090 	EXP 	polygon_2: opacity = 0.0
20.6090 	EXP 	polygon_2: fillColor = '[1. 1. 1.] (rgb)'
20.6257 	EXP 	displayPicture: image = '.\\resources\\marble.jpg'
20.6257 	EXP 	polygon_2: opacity = 0.0
20.6257 	EXP 	polygon_2: fillColor = '[1. 1. 1.] (rgb)'
20.6424 	EXP 	displayPicture: image = '.\\resources\\marble.jpg'
20.6424 	EXP 	polygon_2: opacity = 0.0
20.6424 	EXP 	polygon_2: fillColor = '[1. 1. 1.] (rgb)'
20.6590 	EXP 	displayPicture: image = '.\\resources\\marble.jpg'
20.6590 	EXP 	polygon_2: opacity = 1.0
20.6590 	EXP 	polygon_2: fillColor = '[1. 1. 1.] (rgb)'
20.6757 	EXP 	displayPicture: image = '.\\resources\\marble.jpg'
20.6757 	EXP 	polygon_2: opacity = 1.0
20.6757 	EXP 	polygon_2: fillColor = '[1. 1. 1.] (rgb)'
20.6923 	EXP 	displayPicture: image = '.\\resources\\marble.jpg'
20.6923 	EXP 	polygon_2: opacity = 1.0
20.6923 	EXP 	polygon_2: fillColor = '[1. 1. 1.] (rgb)'
20.7257 	EXP 	displayPicture: image = '.\\resources\\horse.jpg'
20.7257 	EXP 	polygon_2: opacity = 0.0
20.7257 	EXP 	polygon_2: fillColor = '[1. 1. 1.] (rgb)'
20.7424 	EXP 	displayPicture: image = '.\\resources\\horse.jpg'
20.7424 	EXP 	polygon_2: opacity = 0.0
20.7424 	EXP 	polygon_2: fillColor = '[1. 1. 1.] (rgb)'
20.7591 	EXP 	displayPicture: image = '.\\resources\\horse.jpg'
20.7591 	EXP 	polygon_2: opacity = 0.0
20.7591 	EXP 	polygon_2: fillColor = '[1. 1. 1.] (rgb)'
20.7757 	EXP 	displayPicture: image = '.\\resources\\horse.jpg'
20.7757 	EXP 	polygon_2: opacity = 0.0
20.7757 	EXP 	polygon_2: fillColor = '[1. 1. 1.] (rgb)'
20.7924 	EXP 	displayPicture: image = '.\\resources\\horse.jpg'
20.7924 	EXP 	polygon_2: opacity = 0.0
20.7924 	EXP 	polygon_2: fillColor = '[1. 1. 1.] (rgb)'
20.8090 	EXP 	displayPicture: image = '.\\resources\\horse.jpg'
20.8090 	EXP 	polygon_2: opacity = 1.0
20.8090 	EXP 	polygon_2: fillColor = '[1. 1. 1.] (rgb)'
20.8257 	EXP 	displayPicture: image = '.\\resources\\horse.jpg'
20.8257 	EXP 	polygon_2: opacity = 1.0
20.8257 	EXP 	polygon_2: fillColor = '[1. 1. 1.] (rgb)'
20.8425 	EXP 	displayPicture: image = '.\\resources\\horse.jpg'
20.8425 	EXP 	polygon_2: opacity = 1.0
20.8425 	EXP 	polygon_2: fillColor = '[1. 1. 1.] (rgb)'
20.8757 	EXP 	displayPicture: image = '.\\resources\\sink.jpg'
20.8757 	EXP 	polygon_2: opacity = 0.0
20.8757 	EXP 	polygon_2: fillColor = '[1. 1. 1.] (rgb)'
20.8923 	EXP 	displayPicture: image = '.\\resources\\sink.jpg'
20.8923 	EXP 	polygon_2: opacity = 0.0
20.8923 	EXP 	polygon_2: fillColor = '[1. 1. 1.] (rgb)'
20.9090 	EXP 	displayPicture: image = '.\\resources\\sink.jpg'
20.9090 	EXP 	polygon_2: opacity = 0.0
20.9090 	EXP 	polygon_2: fillColor = '[1. 1. 1.] (rgb)'
20.9257 	EXP 	displayPicture: image = '.\\resources\\sink.jpg'
20.9257 	EXP 	polygon_2: opacity = 0.0
20.9257 	EXP 	polygon_2: fillColor = '[1. 1. 1.] (rgb)'
20.9423 	EXP 	displayPicture: image = '.\\resources\\sink.jpg'
20.9423 	EXP 	polygon_2: opacity = 0.0
20.9423 	EXP 	polygon_2: fillColor = '[1. 1. 1.] (rgb)'
20.9590 	EXP 	displayPicture: image = '.\\resources\\sink.jpg'
20.9590 	EXP 	polygon_2: opacity = 1.0
20.9590 	EXP 	polygon_2: fillColor = '[1. 1. 1.] (rgb)'
20.9756 	EXP 	displayPicture: image = '.\\resources\\sink.jpg'
20.9756 	EXP 	polygon_2: opacity = 1.0
20.9756 	EXP 	polygon_2: fillColor = '[1. 1. 1.] (rgb)'
20.9923 	EXP 	displayPicture: image = '.\\resources\\sink.jpg'
20.9923 	EXP 	polygon_2: opacity = 1.0
20.9923 	EXP 	polygon_2: fillColor = '[1. 1. 1.] (rgb)'
21.0090 	EXP 	displayPicture: image = '.\\resources\\foosballtable.jpg'
21.0090 	EXP 	polygon_2: opacity = 0.0
21.0090 	EXP 	polygon_2: fillColor = '[1. 1. 1.] (rgb)'
21.0257 	EXP 	displayPicture: image = '.\\resources\\foosballtable.jpg'
21.0257 	EXP 	polygon_2: opacity = 0.0
21.0257 	EXP 	polygon_2: fillColor = '[1. 1. 1.] (rgb)'
21.0423 	EXP 	displayPicture: image = '.\\resources\\foosballtable.jpg'
21.0423 	EXP 	polygon_2: opacity = 0.0
21.0423 	EXP 	polygon_2: fillColor = '[1. 1. 1.] (rgb)'
21.0590 	EXP 	displayPicture: image = '.\\resources\\foosballtable.jpg'
21.0590 	EXP 	polygon_2: opacity = 0.0
21.0590 	EXP 	polygon_2: fillColor = '[1. 1. 1.] (rgb)'
21.0757 	EXP 	displayPicture: image = '.\\resources\\foosballtable.jpg'
21.0757 	EXP 	polygon_2: opacity = 0.0
21.0757 	EXP 	polygon_2: fillColor = '[1. 1. 1.] (rgb)'
21.0923 	EXP 	displayPicture: image = '.\\resources\\foosballtable.jpg'
21.0923 	EXP 	polygon_2: opacity = 0.0
21.0923 	EXP 	polygon_2: fillColor = '[1. 1. 1.] (rgb)'
21.1090 	EXP 	displayPicture: image = '.\\resources\\foosballtable.jpg'
21.1090 	EXP 	polygon_2: opacity = 1.0
21.1090 	EXP 	polygon_2: fillColor = '[1. 1. 1.] (rgb)'
21.1256 	EXP 	displayPicture: image = '.\\resources\\foosballtable.jpg'
21.1256 	EXP 	polygon_2: opacity = 1.0
21.1256 	EXP 	polygon_2: fillColor = '[1. 1. 1.] (rgb)'
21.1423 	EXP 	displayPicture: image = '.\\resources\\foosballtable.jpg'
21.1423 	EXP 	polygon_2: opacity = 1.0
21.1423 	EXP 	polygon_2: fillColor = '[1. 1. 1.] (rgb)'
21.1757 	EXP 	displayPicture: image = '.\\resources\\christmaslights.jpg'
21.1757 	EXP 	polygon_2: opacity = 0.0
21.1757 	EXP 	polygon_2: fillColor = '[1. 1. 1.] (rgb)'
21.1923 	EXP 	displayPicture: image = '.\\resources\\christmaslights.jpg'
21.1923 	EXP 	polygon_2: opacity = 0.0
21.1923 	EXP 	polygon_2: fillColor = '[1. 1. 1.] (rgb)'
21.2090 	EXP 	displayPicture: image = '.\\resources\\christmaslights.jpg'
21.2090 	EXP 	polygon_2: opacity = 0.0
21.2090 	EXP 	polygon_2: fillColor = '[1. 1. 1.] (rgb)'
21.2256 	EXP 	displayPicture: image = '.\\resources\\christmaslights.jpg'
21.2256 	EXP 	polygon_2: opacity = 0.0
21.2256 	EXP 	polygon_2: fillColor = '[1. 1. 1.] (rgb)'
21.2423 	EXP 	displayPicture: image = '.\\resources\\christmaslights.jpg'
21.2423 	EXP 	polygon_2: opacity = 0.0
21.2423 	EXP 	polygon_2: fillColor = '[1. 1. 1.] (rgb)'
21.2590 	EXP 	displayPicture: image = '.\\resources\\christmaslights.jpg'
21.2590 	EXP 	polygon_2: opacity = 1.0
21.2590 	EXP 	polygon_2: fillColor = '[1. 1. 1.] (rgb)'
21.2756 	EXP 	displayPicture: image = '.\\resources\\christmaslights.jpg'
21.2756 	EXP 	polygon_2: opacity = 1.0
21.2756 	EXP 	polygon_2: fillColor = '[1. 1. 1.] (rgb)'
21.2923 	EXP 	displayPicture: image = '.\\resources\\christmaslights.jpg'
21.2923 	EXP 	polygon_2: opacity = 1.0
21.2923 	EXP 	polygon_2: fillColor = '[1. 1. 1.] (rgb)'
21.3257 	EXP 	displayPicture: image = '.\\resources\\pingpongtable.jpg'
21.3257 	EXP 	polygon_2: opacity = 0.0
21.3257 	EXP 	polygon_2: fillColor = '[1. 1. 1.] (rgb)'
21.3423 	EXP 	displayPicture: image = '.\\resources\\pingpongtable.jpg'
21.3423 	EXP 	polygon_2: opacity = 0.0
21.3423 	EXP 	polygon_2: fillColor = '[1. 1. 1.] (rgb)'
21.3590 	EXP 	displayPicture: image = '.\\resources\\pingpongtable.jpg'
21.3590 	EXP 	polygon_2: opacity = 0.0
21.3590 	EXP 	polygon_2: fillColor = '[1. 1. 1.] (rgb)'
21.3756 	EXP 	displayPicture: image = '.\\resources\\pingpongtable.jpg'
21.3756 	EXP 	polygon_2: opacity = 0.0
21.3756 	EXP 	polygon_2: fillColor = '[1. 1. 1.] (rgb)'
21.3923 	EXP 	displayPicture: image = '.\\resources\\pingpongtable.jpg'
21.3923 	EXP 	polygon_2: opacity = 0.0
21.3923 	EXP 	polygon_2: fillColor = '[1. 1. 1.] (rgb)'
21.4090 	EXP 	displayPicture: image = '.\\resources\\pingpongtable.jpg'
21.4090 	EXP 	polygon_2: opacity = 1.0
21.4090 	EXP 	polygon_2: fillColor = '[1. 1. 1.] (rgb)'
21.4256 	EXP 	displayPicture: image = '.\\resources\\pingpongtable.jpg'
21.4256 	EXP 	polygon_2: opacity = 1.0
21.4256 	EXP 	polygon_2: fillColor = '[1. 1. 1.] (rgb)'
21.4423 	EXP 	displayPicture: image = '.\\resources\\pingpongtable.jpg'
21.4423 	EXP 	polygon_2: opacity = 1.0
21.4423 	EXP 	polygon_2: fillColor = '[1. 1. 1.] (rgb)'
21.4756 	EXP 	displayPicture: image = '.\\resources\\electricguitar01.jpg'
21.4756 	EXP 	polygon_2: opacity = 0.0
21.4756 	EXP 	polygon_2: fillColor = '[1. 1. 1.] (rgb)'
21.4923 	EXP 	displayPicture: image = '.\\resources\\electricguitar01.jpg'
21.4923 	EXP 	polygon_2: opacity = 0.0
21.4923 	EXP 	polygon_2: fillColor = '[1. 1. 1.] (rgb)'
21.5090 	EXP 	displayPicture: image = '.\\resources\\electricguitar01.jpg'
21.5090 	EXP 	polygon_2: opacity = 0.0
21.5090 	EXP 	polygon_2: fillColor = '[1. 1. 1.] (rgb)'
21.5256 	EXP 	displayPicture: image = '.\\resources\\electricguitar01.jpg'
21.5256 	EXP 	polygon_2: opacity = 0.0
21.5256 	EXP 	polygon_2: fillColor = '[1. 1. 1.] (rgb)'
21.5423 	EXP 	displayPicture: image = '.\\resources\\electricguitar01.jpg'
21.5423 	EXP 	polygon_2: opacity = 0.0
21.5423 	EXP 	polygon_2: fillColor = '[1. 1. 1.] (rgb)'
21.5590 	EXP 	displayPicture: image = '.\\resources\\electricguitar01.jpg'
21.5590 	EXP 	polygon_2: opacity = 1.0
21.5590 	EXP 	polygon_2: fillColor = '[1. 1. 1.] (rgb)'
21.5756 	EXP 	displayPicture: image = '.\\resources\\electricguitar01.jpg'
21.5756 	EXP 	polygon_2: opacity = 1.0
21.5756 	EXP 	polygon_2: fillColor = '[1. 1. 1.] (rgb)'
21.5923 	EXP 	displayPicture: image = '.\\resources\\electricguitar01.jpg'
21.5923 	EXP 	polygon_2: opacity = 1.0
21.5923 	EXP 	polygon_2: fillColor = '[1. 1. 1.] (rgb)'
21.6090 	EXP 	displayPicture: image = '.\\resources\\ipad02.jpg'
21.6090 	EXP 	polygon_2: opacity = 0.0
21.6090 	EXP 	polygon_2: fillColor = '[1. 1. 1.] (rgb)'
21.6256 	EXP 	displayPicture: image = '.\\resources\\ipad02.jpg'
21.6256 	EXP 	polygon_2: opacity = 0.0
21.6256 	EXP 	polygon_2: fillColor = '[1. 1. 1.] (rgb)'
21.6423 	EXP 	displayPicture: image = '.\\resources\\ipad02.jpg'
21.6423 	EXP 	polygon_2: opacity = 0.0
21.6423 	EXP 	polygon_2: fillColor = '[1. 1. 1.] (rgb)'
21.6590 	EXP 	displayPicture: image = '.\\resources\\ipad02.jpg'
21.6590 	EXP 	polygon_2: opacity = 0.0
21.6590 	EXP 	polygon_2: fillColor = '[1. 1. 1.] (rgb)'
21.6756 	EXP 	displayPicture: image = '.\\resources\\ipad02.jpg'
21.6756 	EXP 	polygon_2: opacity = 0.0
21.6756 	EXP 	polygon_2: fillColor = '[1. 1. 1.] (rgb)'
21.6923 	EXP 	displayPicture: image = '.\\resources\\ipad02.jpg'
21.6923 	EXP 	polygon_2: opacity = 0.0
21.6923 	EXP 	polygon_2: fillColor = '[1. 1. 1.] (rgb)'
21.7089 	EXP 	displayPicture: image = '.\\resources\\ipad02.jpg'
21.7089 	EXP 	polygon_2: opacity = 1.0
21.7089 	EXP 	polygon_2: fillColor = '[1. 1. 1.] (rgb)'
21.7256 	EXP 	displayPicture: image = '.\\resources\\ipad02.jpg'
21.7256 	EXP 	polygon_2: opacity = 1.0
21.7256 	EXP 	polygon_2: fillColor = '[1. 1. 1.] (rgb)'
21.7423 	EXP 	displayPicture: image = '.\\resources\\ipad02.jpg'
21.7423 	EXP 	polygon_2: opacity = 1.0
21.7423 	EXP 	polygon_2: fillColor = '[1. 1. 1.] (rgb)'
21.7756 	EXP 	displayPicture: image = '.\\resources\\tie02.jpg'
21.7756 	EXP 	polygon_2: opacity = 0.0
21.7756 	EXP 	polygon_2: fillColor = '[1. 1. 1.] (rgb)'
21.7923 	EXP 	displayPicture: image = '.\\resources\\tie02.jpg'
21.7923 	EXP 	polygon_2: opacity = 0.0
21.7923 	EXP 	polygon_2: fillColor = '[1. 1. 1.] (rgb)'
21.8090 	EXP 	displayPicture: image = '.\\resources\\tie02.jpg'
21.8090 	EXP 	polygon_2: opacity = 0.0
21.8090 	EXP 	polygon_2: fillColor = '[1. 1. 1.] (rgb)'
21.8256 	EXP 	displayPicture: image = '.\\resources\\tie02.jpg'
21.8256 	EXP 	polygon_2: opacity = 0.0
21.8256 	EXP 	polygon_2: fillColor = '[1. 1. 1.] (rgb)'
21.8423 	EXP 	displayPicture: image = '.\\resources\\tie02.jpg'
21.8423 	EXP 	polygon_2: opacity = 0.0
21.8423 	EXP 	polygon_2: fillColor = '[1. 1. 1.] (rgb)'
21.8590 	EXP 	displayPicture: image = '.\\resources\\tie02.jpg'
21.8590 	EXP 	polygon_2: opacity = 1.0
21.8590 	EXP 	polygon_2: fillColor = '[1. 1. 1.] (rgb)'
21.8756 	EXP 	displayPicture: image = '.\\resources\\tie02.jpg'
21.8756 	EXP 	polygon_2: opacity = 1.0
21.8756 	EXP 	polygon_2: fillColor = '[1. 1. 1.] (rgb)'
21.8923 	EXP 	displayPicture: image = '.\\resources\\tie02.jpg'
21.8923 	EXP 	polygon_2: opacity = 1.0
21.8923 	EXP 	polygon_2: fillColor = '[1. 1. 1.] (rgb)'
21.9256 	EXP 	displayPicture: image = '.\\resources\\seagull.jpg'
21.9256 	EXP 	polygon_2: opacity = 0.0
21.9256 	EXP 	polygon_2: fillColor = '[1. 1. 1.] (rgb)'
21.9423 	EXP 	displayPicture: image = '.\\resources\\seagull.jpg'
21.9423 	EXP 	polygon_2: opacity = 0.0
21.9423 	EXP 	polygon_2: fillColor = '[1. 1. 1.] (rgb)'
21.9590 	EXP 	displayPicture: image = '.\\resources\\seagull.jpg'
21.9590 	EXP 	polygon_2: opacity = 0.0
21.9590 	EXP 	polygon_2: fillColor = '[1. 1. 1.] (rgb)'
21.9756 	EXP 	displayPicture: image = '.\\resources\\seagull.jpg'
21.9756 	EXP 	polygon_2: opacity = 0.0
21.9756 	EXP 	polygon_2: fillColor = '[1. 1. 1.] (rgb)'
21.9923 	EXP 	displayPicture: image = '.\\resources\\seagull.jpg'
21.9923 	EXP 	polygon_2: opacity = 0.0
21.9923 	EXP 	polygon_2: fillColor = '[1. 1. 1.] (rgb)'
22.0090 	EXP 	displayPicture: image = '.\\resources\\seagull.jpg'
22.0090 	EXP 	polygon_2: opacity = 1.0
22.0090 	EXP 	polygon_2: fillColor = '[1. 1. 1.] (rgb)'
22.0256 	EXP 	displayPicture: image = '.\\resources\\seagull.jpg'
22.0256 	EXP 	polygon_2: opacity = 1.0
22.0256 	EXP 	polygon_2: fillColor = '[1. 1. 1.] (rgb)'
22.0423 	EXP 	displayPicture: image = '.\\resources\\seagull.jpg'
22.0423 	EXP 	polygon_2: opacity = 1.0
22.0423 	EXP 	polygon_2: fillColor = '[1. 1. 1.] (rgb)'
22.0756 	EXP 	displayPicture: image = '.\\resources\\eiffeltower.jpg'
22.0756 	EXP 	polygon_2: opacity = 0.0
22.0756 	EXP 	polygon_2: fillColor = '[1. 1. 1.] (rgb)'
22.0923 	EXP 	displayPicture: image = '.\\resources\\eiffeltower.jpg'
22.0923 	EXP 	polygon_2: opacity = 0.0
22.0923 	EXP 	polygon_2: fillColor = '[1. 1. 1.] (rgb)'
22.1090 	EXP 	displayPicture: image = '.\\resources\\eiffeltower.jpg'
22.1090 	EXP 	polygon_2: opacity = 0.0
22.1090 	EXP 	polygon_2: fillColor = '[1. 1. 1.] (rgb)'
22.1255 	EXP 	displayPicture: image = '.\\resources\\eiffeltower.jpg'
22.1255 	EXP 	polygon_2: opacity = 0.0
22.1255 	EXP 	polygon_2: fillColor = '[1. 1. 1.] (rgb)'
22.1422 	EXP 	displayPicture: image = '.\\resources\\eiffeltower.jpg'
22.1422 	EXP 	polygon_2: opacity = 0.0
22.1422 	EXP 	polygon_2: fillColor = '[1. 1. 1.] (rgb)'
22.1589 	EXP 	displayPicture: image = '.\\resources\\eiffeltower.jpg'
22.1589 	EXP 	polygon_2: opacity = 1.0
22.1589 	EXP 	polygon_2: fillColor = '[1. 1. 1.] (rgb)'
22.1756 	EXP 	displayPicture: image = '.\\resources\\eiffeltower.jpg'
22.1756 	EXP 	polygon_2: opacity = 1.0
22.1756 	EXP 	polygon_2: fillColor = '[1. 1. 1.] (rgb)'
22.1922 	EXP 	displayPicture: image = '.\\resources\\eiffeltower.jpg'
22.1922 	EXP 	polygon_2: opacity = 1.0
22.1922 	EXP 	polygon_2: fillColor = '[1. 1. 1.] (rgb)'
22.2256 	EXP 	displayPicture: image = '.\\resources\\eiffeltower.jpg'
22.2256 	EXP 	polygon_2: opacity = 0.0
22.2256 	EXP 	polygon_2: fillColor = '[1. 1. 1.] (rgb)'
22.2256 	EXP 	displayPicture: autoDraw = False
22.2256 	EXP 	polygon_2: autoDraw = False
22.2256 	EXP 	option1_t1: image = '.\\resources\\foosballtable.jpg'
22.2256 	EXP 	polygon_4: autoDraw = True
22.2256 	EXP 	option1_t1: autoDraw = True
22.8144 	DATA 	Keypress: right
22.8256 	EXP 	polygon_4: autoDraw = False
22.8256 	EXP 	option1_t1: autoDraw = False
22.8256 	EXP 	option1_t2: image = '.\\resources\\ipad02.jpg'
22.8256 	EXP 	polygon_5: autoDraw = True
22.8256 	EXP 	option1_t2: autoDraw = True
23.2456 	DATA 	Keypress: right
23.2588 	EXP 	polygon_5: autoDraw = False
23.2588 	EXP 	option1_t2: autoDraw = False
23.2588 	EXP 	feedbackText: text = '2/2 Correct'
23.2588 	EXP 	feedbackText: autoDraw = True
24.2458 	EXP 	New trial (rep=0, index=1): OrderedDict([('trialType', 'AB'), ('cndTyp', 'lag3'), ('lag', 3), ('T1_loc', 3), ('T2_loc', 6), ('stimLen', 0.11), ('isi', 0.04)])
24.2754 	EXP 	feedbackText: autoDraw = False
24.2754 	EXP 	text: text = ''
24.2754 	EXP 	text: autoDraw = True
24.2754 	EXP 	text: autoDraw = False
24.2754 	EXP 	option1: image = '.\\resources\\bow.jpg'
24.2754 	EXP 	option2: image = '.\\resources\\mouse.jpg'
24.2754 	EXP 	option1: autoDraw = True
24.2754 	EXP 	option2: autoDraw = True
26.7419 	EXP 	text_2: autoDraw = True
27.0253 	EXP 	option1: autoDraw = False
27.0253 	EXP 	option2: autoDraw = False
27.2586 	EXP 	text_2: autoDraw = False
27.2586 	EXP 	option1: autoDraw = False
27.2586 	EXP 	option2: autoDraw = False
27.2586 	EXP 	text_2: autoDraw = False
27.2586 	EXP 	displayPicture: autoDraw = True
27.2586 	EXP 	displayPicture: image = '.\\resources\\hammerheadshark.jpg'
27.2586 	EXP 	polygon_2: autoDraw = True
27.2586 	EXP 	polygon_2: opacity = 0.0
27.2586 	EXP 	polygon_2: fillColor = '[1. 1. 1.] (rgb)'
27.2752 	EXP 	displayPicture: image = '.\\resources\\hammerheadshark.jpg'
27.2752 	EXP 	polygon_2: opacity = 0.0
27.2752 	EXP 	polygon_2: fillColor = '[1. 1. 1.] (rgb)'
27.2919 	EXP 	displayPicture: image = '.\\resources\\hammerheadshark.jpg'
27.2919 	EXP 	polygon_2: opacity = 0.0
27.2919 	EXP 	polygon_2: fillColor = '[1. 1. 1.] (rgb)'
27.3086 	EXP 	displayPicture: image = '.\\resources\\hammerheadshark.jpg'
27.3086 	EXP 	polygon_2: opacity = 0.0
27.3086 	EXP 	polygon_2: fillColor = '[1. 1. 1.] (rgb)'
27.3253 	EXP 	displayPicture: image = '.\\resources\\hammerheadshark.jpg'
27.3253 	EXP 	polygon_2: opacity = 0.0
27.3253 	EXP 	polygon_2: fillColor = '[1. 1. 1.] (rgb)'
27.3419 	EXP 	displayPicture: image = '.\\resources\\hammerheadshark.jpg'
27.3419 	EXP 	polygon_2: opacity = 1.0
27.3419 	EXP 	polygon_2: fillColor = '[1. 1. 1.] (rgb)'
27.3586 	EXP 	displayPicture: image = '.\\resources\\hammerheadshark.jpg'
27.3586 	EXP 	polygon_2: opacity = 1.0
27.3586 	EXP 	polygon_2: fillColor = '[1. 1. 1.] (rgb)'
27.3752 	EXP 	displayPicture: image = '.\\resources\\hammerheadshark.jpg'
27.3752 	EXP 	polygon_2: opacity = 1.0
27.3752 	EXP 	polygon_2: fillColor = '[1. 1. 1.] (rgb)'
27.3919 	EXP 	displayPicture: image = '.\\resources\\christmaslights.jpg'
27.3919 	EXP 	polygon_2: opacity = 0.0
27.3919 	EXP 	polygon_2: fillColor = '[1. 1. 1.] (rgb)'
27.4086 	EXP 	displayPicture: image = '.\\resources\\christmaslights.jpg'
27.4086 	EXP 	polygon_2: opacity = 0.0
27.4086 	EXP 	polygon_2: fillColor = '[1. 1. 1.] (rgb)'
27.4252 	EXP 	displayPicture: image = '.\\resources\\christmaslights.jpg'
27.4252 	EXP 	polygon_2: opacity = 0.0
27.4252 	EXP 	polygon_2: fillColor = '[1. 1. 1.] (rgb)'
27.4419 	EXP 	displayPicture: image = '.\\resources\\christmaslights.jpg'
27.4419 	EXP 	polygon_2: opacity = 0.0
27.4419 	EXP 	polygon_2: fillColor = '[1. 1. 1.] (rgb)'
27.4586 	EXP 	displayPicture: image = '.\\resources\\christmaslights.jpg'
27.4586 	EXP 	polygon_2: opacity = 0.0
27.4586 	EXP 	polygon_2: fillColor = '[1. 1. 1.] (rgb)'
27.4752 	EXP 	displayPicture: image = '.\\resources\\christmaslights.jpg'
27.4752 	EXP 	polygon_2: opacity = 0.0
27.4752 	EXP 	polygon_2: fillColor = '[1. 1. 1.] (rgb)'
27.4919 	EXP 	displayPicture: image = '.\\resources\\christmaslights.jpg'
27.4919 	EXP 	polygon_2: opacity = 1.0
27.4919 	EXP 	polygon_2: fillColor = '[1. 1. 1.] (rgb)'
27.5086 	EXP 	displayPicture: image = '.\\resources\\christmaslights.jpg'
27.5086 	EXP 	polygon_2: opacity = 1.0
27.5086 	EXP 	polygon_2: fillColor = '[1. 1. 1.] (rgb)'
27.5252 	EXP 	displayPicture: image = '.\\resources\\christmaslights.jpg'
27.5252 	EXP 	polygon_2: opacity = 1.0
27.5252 	EXP 	polygon_2: fillColor = '[1. 1. 1.] (rgb)'
27.5419 	EXP 	displayPicture: image = '.\\resources\\mouse.jpg'
27.5419 	EXP 	polygon_2: opacity = 0.0
27.5419 	EXP 	polygon_2: fillColor = '[1. 1. 1.] (rgb)'
27.5586 	EXP 	displayPicture: image = '.\\resources\\mouse.jpg'
27.5586 	EXP 	polygon_2: opacity = 0.0
27.5586 	EXP 	polygon_2: fillColor = '[1. 1. 1.] (rgb)'
27.5752 	EXP 	displayPicture: image = '.\\resources\\mouse.jpg'
27.5752 	EXP 	polygon_2: opacity = 0.0
27.5752 	EXP 	polygon_2: fillColor = '[1. 1. 1.] (rgb)'
27.5919 	EXP 	displayPicture: image = '.\\resources\\mouse.jpg'
27.5919 	EXP 	polygon_2: opacity = 0.0
27.5919 	EXP 	polygon_2: fillColor = '[1. 1. 1.] (rgb)'
27.6085 	EXP 	displayPicture: image = '.\\resources\\mouse.jpg'
27.6085 	EXP 	polygon_2: opacity = 0.0
27.6085 	EXP 	polygon_2: fillColor = '[1. 1. 1.] (rgb)'
27.6252 	EXP 	displayPicture: image = '.\\resources\\mouse.jpg'
27.6252 	EXP 	polygon_2: opacity = 0.0
27.6252 	EXP 	polygon_2: fillColor = '[1. 1. 1.] (rgb)'
27.6419 	EXP 	displayPicture: image = '.\\resources\\mouse.jpg'
27.6419 	EXP 	polygon_2: opacity = 1.0
27.6419 	EXP 	polygon_2: fillColor = '[1. 1. 1.] (rgb)'
27.6586 	EXP 	displayPicture: image = '.\\resources\\mouse.jpg'
27.6586 	EXP 	polygon_2: opacity = 1.0
27.6586 	EXP 	polygon_2: fillColor = '[1. 1. 1.] (rgb)'
27.6752 	EXP 	displayPicture: image = '.\\resources\\mouse.jpg'
27.6752 	EXP 	polygon_2: opacity = 1.0
27.6752 	EXP 	polygon_2: fillColor = '[1. 1. 1.] (rgb)'
27.7085 	EXP 	displayPicture: image = '.\\resources\\treadmill.jpg'
27.7085 	EXP 	polygon_2: opacity = 0.0
27.7085 	EXP 	polygon_2: fillColor = '[1. 1. 1.] (rgb)'
27.7252 	EXP 	displayPicture: image = '.\\resources\\treadmill.jpg'
27.7252 	EXP 	polygon_2: opacity = 0.0
27.7252 	EXP 	polygon_2: fillColor = '[1. 1. 1.] (rgb)'
27.7419 	EXP 	displayPicture: image = '.\\resources\\treadmill.jpg'
27.7419 	EXP 	polygon_2: opacity = 0.0
27.7419 	EXP 	polygon_2: fillColor = '[1. 1. 1.] (rgb)'
27.7586 	EXP 	displayPicture: image = '.\\resources\\treadmill.jpg'
27.7586 	EXP 	polygon_2: opacity = 0.0
27.7586 	EXP 	polygon_2: fillColor = '[1. 1. 1.] (rgb)'
27.7752 	EXP 	displayPicture: image = '.\\resources\\treadmill.jpg'
27.7752 	EXP 	polygon_2: opacity = 0.0
27.7752 	EXP 	polygon_2: fillColor = '[1. 1. 1.] (rgb)'
27.7919 	EXP 	displayPicture: image = '.\\resources\\treadmill.jpg'
27.7919 	EXP 	polygon_2: opacity = 1.0
27.7919 	EXP 	polygon_2: fillColor = '[1. 1. 1.] (rgb)'
27.8085 	EXP 	displayPicture: image = '.\\resources\\treadmill.jpg'
27.8085 	EXP 	polygon_2: opacity = 1.0
27.8085 	EXP 	polygon_2: fillColor = '[1. 1. 1.] (rgb)'
27.8252 	EXP 	displayPicture: image = '.\\resources\\treadmill.jpg'
27.8252 	EXP 	polygon_2: opacity = 1.0
27.8252 	EXP 	polygon_2: fillColor = '[1. 1. 1.] (rgb)'
27.8419 	EXP 	displayPicture: image = '.\\resources\\seagull.jpg'
27.8419 	EXP 	polygon_2: opacity = 0.0
27.8419 	EXP 	polygon_2: fillColor = '[1. 1. 1.] (rgb)'
27.8585 	EXP 	displayPicture: image = '.\\resources\\seagull.jpg'
27.8585 	EXP 	polygon_2: opacity = 0.0
27.8585 	EXP 	polygon_2: fillColor = '[1. 1. 1.] (rgb)'
27.8752 	EXP 	displayPicture: image = '.\\resources\\seagull.jpg'
27.8752 	EXP 	polygon_2: opacity = 0.0
27.8752 	EXP 	polygon_2: fillColor = '[1. 1. 1.] (rgb)'
27.8919 	EXP 	displayPicture: image = '.\\resources\\seagull.jpg'
27.8919 	EXP 	polygon_2: opacity = 0.0
27.8919 	EXP 	polygon_2: fillColor = '[1. 1. 1.] (rgb)'
27.9085 	EXP 	displayPicture: image = '.\\resources\\seagull.jpg'
27.9085 	EXP 	polygon_2: opacity = 0.0
27.9085 	EXP 	polygon_2: fillColor = '[1. 1. 1.] (rgb)'
27.9252 	EXP 	displayPicture: image = '.\\resources\\seagull.jpg'
27.9252 	EXP 	polygon_2: opacity = 0.0
27.9252 	EXP 	polygon_2: fillColor = '[1. 1. 1.] (rgb)'
27.9419 	EXP 	displayPicture: image = '.\\resources\\seagull.jpg'
27.9419 	EXP 	polygon_2: opacity = 1.0
27.9419 	EXP 	polygon_2: fillColor = '[1. 1. 1.] (rgb)'
27.9585 	EXP 	displayPicture: image = '.\\resources\\seagull.jpg'
27.9585 	EXP 	polygon_2: opacity = 1.0
27.9585 	EXP 	polygon_2: fillColor = '[1. 1. 1.] (rgb)'
27.9752 	EXP 	displayPicture: image = '.\\resources\\seagull.jpg'
27.9752 	EXP 	polygon_2: opacity = 1.0
27.9752 	EXP 	polygon_2: fillColor = '[1. 1. 1.] (rgb)'
27.9919 	EXP 	displayPicture: image = '.\\resources\\bow.jpg'
27.9919 	EXP 	polygon_2: opacity = 0.0
27.9919 	EXP 	polygon_2: fillColor = '[1. 1. 1.] (rgb)'
28.0085 	EXP 	displayPicture: image = '.\\resources\\bow.jpg'
28.0085 	EXP 	polygon_2: opacity = 0.0
28.0085 	EXP 	polygon_2: fillColor = '[1. 1. 1.] (rgb)'
28.0252 	EXP 	displayPicture: image = '.\\resources\\bow.jpg'
28.0252 	EXP 	polygon_2: opacity = 0.0
28.0252 	EXP 	polygon_2: fillColor = '[1. 1. 1.] (rgb)'
28.0419 	EXP 	displayPicture: image = '.\\resources\\bow.jpg'
28.0419 	EXP 	polygon_2: opacity = 0.0
28.0419 	EXP 	polygon_2: fillColor = '[1. 1. 1.] (rgb)'
28.0585 	EXP 	displayPicture: image = '.\\resources\\bow.jpg'
28.0585 	EXP 	polygon_2: opacity = 0.0
28.0585 	EXP 	polygon_2: fillColor = '[1. 1. 1.] (rgb)'
28.0752 	EXP 	displayPicture: image = '.\\resources\\bow.jpg'
28.0752 	EXP 	polygon_2: opacity = 0.0
28.0752 	EXP 	polygon_2: fillColor = '[1. 1. 1.] (rgb)'
28.0919 	EXP 	displayPicture: image = '.\\resources\\bow.jpg'
28.0919 	EXP 	polygon_2: opacity = 1.0
28.0919 	EXP 	polygon_2: fillColor = '[1. 1. 1.] (rgb)'
28.1086 	EXP 	displayPicture: image = '.\\resources\\bow.jpg'
28.1086 	EXP 	polygon_2: opacity = 1.0
28.1086 	EXP 	polygon_2: fillColor = '[1. 1. 1.] (rgb)'
28.1252 	EXP 	displayPicture: image = '.\\resources\\bow.jpg'
28.1252 	EXP 	polygon_2: opacity = 1.0
28.1252 	EXP 	polygon_2: fillColor = '[1. 1. 1.] (rgb)'
28.1585 	EXP 	displayPicture: image = '.\\resources\\tortoise01.jpg'
28.1585 	EXP 	polygon_2: opacity = 0.0
28.1585 	EXP 	polygon_2: fillColor = '[1. 1. 1.] (rgb)'
28.1752 	EXP 	displayPicture: image = '.\\resources\\tortoise01.jpg'
28.1752 	EXP 	polygon_2: opacity = 0.0
28.1752 	EXP 	polygon_2: fillColor = '[1. 1. 1.] (rgb)'
28.1918 	EXP 	displayPicture: image = '.\\resources\\tortoise01.jpg'
28.1918 	EXP 	polygon_2: opacity = 0.0
28.1918 	EXP 	polygon_2: fillColor = '[1. 1. 1.] (rgb)'
28.2085 	EXP 	displayPicture: image = '.\\resources\\tortoise01.jpg'
28.2085 	EXP 	polygon_2: opacity = 0.0
28.2085 	EXP 	polygon_2: fillColor = '[1. 1. 1.] (rgb)'
28.2252 	EXP 	displayPicture: image = '.\\resources\\tortoise01.jpg'
28.2252 	EXP 	polygon_2: opacity = 0.0
28.2252 	EXP 	polygon_2: fillColor = '[1. 1. 1.] (rgb)'
28.2418 	EXP 	displayPicture: image = '.\\resources\\tortoise01.jpg'
28.2418 	EXP 	polygon_2: opacity = 1.0
28.2418 	EXP 	polygon_2: fillColor = '[1. 1. 1.] (rgb)'
28.2585 	EXP 	displayPicture: image = '.\\resources\\tortoise01.jpg'
28.2585 	EXP 	polygon_2: opacity = 1.0
28.2585 	EXP 	polygon_2: fillColor = '[1. 1. 1.] (rgb)'
28.2752 	EXP 	displayPicture: image = '.\\resources\\tortoise01.jpg'
28.2752 	EXP 	polygon_2: opacity = 1.0
28.2752 	EXP 	polygon_2: fillColor = '[1. 1. 1.] (rgb)'
28.3085 	EXP 	displayPicture: image = '.\\resources\\sandcastle.jpg'
28.3085 	EXP 	polygon_2: opacity = 0.0
28.3085 	EXP 	polygon_2: fillColor = '[1. 1. 1.] (rgb)'
28.3252 	EXP 	displayPicture: image = '.\\resources\\sandcastle.jpg'
28.3252 	EXP 	polygon_2: opacity = 0.0
28.3252 	EXP 	polygon_2: fillColor = '[1. 1. 1.] (rgb)'
28.3418 	EXP 	displayPicture: image = '.\\resources\\sandcastle.jpg'
28.3418 	EXP 	polygon_2: opacity = 0.0
28.3418 	EXP 	polygon_2: fillColor = '[1. 1. 1.] (rgb)'
28.3585 	EXP 	displayPicture: image = '.\\resources\\sandcastle.jpg'
28.3585 	EXP 	polygon_2: opacity = 0.0
28.3585 	EXP 	polygon_2: fillColor = '[1. 1. 1.] (rgb)'
28.3752 	EXP 	displayPicture: image = '.\\resources\\sandcastle.jpg'
28.3752 	EXP 	polygon_2: opacity = 0.0
28.3752 	EXP 	polygon_2: fillColor = '[1. 1. 1.] (rgb)'
28.3918 	EXP 	displayPicture: image = '.\\resources\\sandcastle.jpg'
28.3918 	EXP 	polygon_2: opacity = 1.0
28.3918 	EXP 	polygon_2: fillColor = '[1. 1. 1.] (rgb)'
28.4085 	EXP 	displayPicture: image = '.\\resources\\sandcastle.jpg'
28.4085 	EXP 	polygon_2: opacity = 1.0
28.4085 	EXP 	polygon_2: fillColor = '[1. 1. 1.] (rgb)'
28.4252 	EXP 	displayPicture: image = '.\\resources\\sandcastle.jpg'
28.4252 	EXP 	polygon_2: opacity = 1.0
28.4252 	EXP 	polygon_2: fillColor = '[1. 1. 1.] (rgb)'
28.4585 	EXP 	displayPicture: image = '.\\resources\\snowshoe.jpg'
28.4585 	EXP 	polygon_2: opacity = 0.0
28.4585 	EXP 	polygon_2: fillColor = '[1. 1. 1.] (rgb)'
28.4752 	EXP 	displayPicture: image = '.\\resources\\snowshoe.jpg'
28.4752 	EXP 	polygon_2: opacity = 0.0
28.4752 	EXP 	polygon_2: fillColor = '[1. 1. 1.] (rgb)'
28.4918 	EXP 	displayPicture: image = '.\\resources\\snowshoe.jpg'
28.4918 	EXP 	polygon_2: opacity = 0.0
28.4918 	EXP 	polygon_2: fillColor = '[1. 1. 1.] (rgb)'
28.5085 	EXP 	displayPicture: image = '.\\resources\\snowshoe.jpg'
28.5085 	EXP 	polygon_2: opacity = 0.0
28.5085 	EXP 	polygon_2: fillColor = '[1. 1. 1.] (rgb)'
28.5251 	EXP 	displayPicture: image = '.\\resources\\snowshoe.jpg'
28.5251 	EXP 	polygon_2: opacity = 0.0
28.5251 	EXP 	polygon_2: fillColor = '[1. 1. 1.] (rgb)'
28.5418 	EXP 	displayPicture: image = '.\\resources\\snowshoe.jpg'
28.5418 	EXP 	polygon_2: opacity = 1.0
28.5418 	EXP 	polygon_2: fillColor = '[1. 1. 1.] (rgb)'
28.5585 	EXP 	displayPicture: image = '.\\resources\\snowshoe.jpg'
28.5585 	EXP 	polygon_2: opacity = 1.0
28.5585 	EXP 	polygon_2: fillColor = '[1. 1. 1.] (rgb)'
28.5751 	EXP 	displayPicture: image = '.\\resources\\snowshoe.jpg'
28.5751 	EXP 	polygon_2: opacity = 1.0
28.5751 	EXP 	polygon_2: fillColor = '[1. 1. 1.] (rgb)'
28.6085 	EXP 	displayPicture: image = '.\\resources\\snowshoe.jpg'
28.6085 	EXP 	polygon_2: opacity = 0.0
28.6085 	EXP 	polygon_2: fillColor = '[1. 1. 1.] (rgb)'
28.6085 	EXP 	displayPicture: autoDraw = False
28.6085 	EXP 	polygon_2: autoDraw = False
28.6085 	EXP 	option1_t1: image = '.\\resources\\mouse.jpg'
28.6085 	EXP 	polygon_4: autoDraw = True
28.6085 	EXP 	option1_t1: autoDraw = True
29.6497 	DATA 	Keypress: left
29.6751 	EXP 	polygon_4: autoDraw = False
29.6751 	EXP 	option1_t1: autoDraw = False
29.6751 	EXP 	option1_t2: image = '.\\resources\\bow.jpg'
29.6751 	EXP 	polygon_5: autoDraw = True
29.6751 	EXP 	option1_t2: autoDraw = True
29.9961 	DATA 	Keypress: right
30.0084 	EXP 	polygon_5: autoDraw = False
30.0084 	EXP 	option1_t2: autoDraw = False
30.0084 	EXP 	feedbackText: text = 'BOTH WRONG'
30.0084 	EXP 	feedbackText: autoDraw = True
30.9944 	EXP 	New trial (rep=0, index=2): OrderedDict([('trialType', 'AB'), ('cndTyp', 'lag2'), ('lag', 2), ('T1_loc', 4), ('T2_loc', 6), ('stimLen', 0.11), ('isi', 0.04)])
31.0250 	EXP 	feedbackText: autoDraw = False
31.0250 	EXP 	text: text = ''
31.0250 	EXP 	text: autoDraw = True
31.0250 	EXP 	text: autoDraw = False
31.0250 	EXP 	option1: image = '.\\resources\\hotdogweiner.jpg'
31.0250 	EXP 	option2: image = '.\\resources\\sink.jpg'
31.0250 	EXP 	option1: autoDraw = True
31.0250 	EXP 	option2: autoDraw = True
33.5082 	EXP 	text_2: autoDraw = True
33.7748 	EXP 	option1: autoDraw = False
33.7748 	EXP 	option2: autoDraw = False
34.0081 	EXP 	text_2: autoDraw = False
34.0081 	EXP 	option1: autoDraw = False
34.0081 	EXP 	option2: autoDraw = False
34.0081 	EXP 	text_2: autoDraw = False
34.0081 	EXP 	displayPicture: autoDraw = True
34.0081 	EXP 	displayPicture: image = '.\\resources\\snowshoe.jpg'
34.0081 	EXP 	polygon_2: autoDraw = True
34.0081 	EXP 	polygon_2: opacity = 0.0
34.0081 	EXP 	polygon_2: fillColor = '[1. 1. 1.] (rgb)'
34.0248 	EXP 	displayPicture: image = '.\\resources\\snowshoe.jpg'
34.0248 	EXP 	polygon_2: opacity = 0.0
34.0248 	EXP 	polygon_2: fillColor = '[1. 1. 1.] (rgb)'
34.0415 	EXP 	displayPicture: image = '.\\resources\\snowshoe.jpg'
34.0415 	EXP 	polygon_2: opacity = 0.0
34.0415 	EXP 	polygon_2: fillColor = '[1. 1. 1.] (rgb)'
34.0581 	EXP 	displayPicture: image = '.\\resources\\snowshoe.jpg'
34.0581 	EXP 	polygon_2: opacity = 0.0
34.0581 	EXP 	polygon_2: fillColor = '[1. 1. 1.] (rgb)'
34.0748 	EXP 	displayPicture: image = '.\\resources\\snowshoe.jpg'
34.0748 	EXP 	polygon_2: opacity = 0.0
34.0748 	EXP 	polygon_2: fillColor = '[1. 1. 1.] (rgb)'
34.0915 	EXP 	displayPicture: image = '.\\resources\\snowshoe.jpg'
34.0915 	EXP 	polygon_2: opacity = 0.0
34.0915 	EXP 	polygon_2: fillColor = '[1. 1. 1.] (rgb)'
34.1081 	EXP 	displayPicture: image = '.\\resources\\snowshoe.jpg'
34.1081 	EXP 	polygon_2: opacity = 1.0
34.1081 	EXP 	polygon_2: fillColor = '[1. 1. 1.] (rgb)'
34.1248 	EXP 	displayPicture: image = '.\\resources\\snowshoe.jpg'
34.1248 	EXP 	polygon_2: opacity = 1.0
34.1248 	EXP 	polygon_2: fillColor = '[1. 1. 1.] (rgb)'
34.1414 	EXP 	displayPicture: image = '.\\resources\\snowshoe.jpg'
34.1414 	EXP 	polygon_2: opacity = 1.0
34.1414 	EXP 	polygon_2: fillColor = '[1. 1. 1.] (rgb)'
34.1748 	EXP 	displayPicture: image = '.\\resources\\banjo.jpg'
34.1748 	EXP 	polygon_2: opacity = 0.0
34.1748 	EXP 	polygon_2: fillColor = '[1. 1. 1.] (rgb)'
34.1914 	EXP 	displayPicture: image = '.\\resources\\banjo.jpg'
34.1914 	EXP 	polygon_2: opacity = 0.0
34.1914 	EXP 	polygon_2: fillColor = '[1. 1. 1.] (rgb)'
34.2081 	EXP 	displayPicture: image = '.\\resources\\banjo.jpg'
34.2081 	EXP 	polygon_2: opacity = 0.0
34.2081 	EXP 	polygon_2: fillColor = '[1. 1. 1.] (rgb)'
34.2248 	EXP 	displayPicture: image = '.\\resources\\banjo.jpg'
34.2248 	EXP 	polygon_2: opacity = 0.0
34.2248 	EXP 	polygon_2: fillColor = '[1. 1. 1.] (rgb)'
34.2414 	EXP 	displayPicture: image = '.\\resources\\banjo.jpg'
34.2414 	EXP 	polygon_2: opacity = 0.0
34.2414 	EXP 	polygon_2: fillColor = '[1. 1. 1.] (rgb)'
34.2581 	EXP 	displayPicture: image = '.\\resources\\banjo.jpg'
34.2581 	EXP 	polygon_2: opacity = 1.0
34.2581 	EXP 	polygon_2: fillColor = '[1. 1. 1.] (rgb)'
34.2748 	EXP 	displayPicture: image = '.\\resources\\banjo.jpg'
34.2748 	EXP 	polygon_2: opacity = 1.0
34.2748 	EXP 	polygon_2: fillColor = '[1. 1. 1.] (rgb)'
34.2914 	EXP 	displayPicture: image = '.\\resources\\banjo.jpg'
34.2914 	EXP 	polygon_2: opacity = 1.0
34.2914 	EXP 	polygon_2: fillColor = '[1. 1. 1.] (rgb)'
34.3248 	EXP 	displayPicture: image = '.\\resources\\tennisracket.jpg'
34.3248 	EXP 	polygon_2: opacity = 0.0
34.3248 	EXP 	polygon_2: fillColor = '[1. 1. 1.] (rgb)'
34.3414 	EXP 	displayPicture: image = '.\\resources\\tennisracket.jpg'
34.3414 	EXP 	polygon_2: opacity = 0.0
34.3414 	EXP 	polygon_2: fillColor = '[1. 1. 1.] (rgb)'
34.3581 	EXP 	displayPicture: image = '.\\resources\\tennisracket.jpg'
34.3581 	EXP 	polygon_2: opacity = 0.0
34.3581 	EXP 	polygon_2: fillColor = '[1. 1. 1.] (rgb)'
34.3748 	EXP 	displayPicture: image = '.\\resources\\tennisracket.jpg'
34.3748 	EXP 	polygon_2: opacity = 0.0
34.3748 	EXP 	polygon_2: fillColor = '[1. 1. 1.] (rgb)'
34.3914 	EXP 	displayPicture: image = '.\\resources\\tennisracket.jpg'
34.3914 	EXP 	polygon_2: opacity = 0.0
34.3914 	EXP 	polygon_2: fillColor = '[1. 1. 1.] (rgb)'
34.4081 	EXP 	displayPicture: image = '.\\resources\\tennisracket.jpg'
34.4081 	EXP 	polygon_2: opacity = 1.0
34.4081 	EXP 	polygon_2: fillColor = '[1. 1. 1.] (rgb)'
34.4248 	EXP 	displayPicture: image = '.\\resources\\tennisracket.jpg'
34.4248 	EXP 	polygon_2: opacity = 1.0
34.4248 	EXP 	polygon_2: fillColor = '[1. 1. 1.] (rgb)'
34.4414 	EXP 	displayPicture: image = '.\\resources\\tennisracket.jpg'
34.4414 	EXP 	polygon_2: opacity = 1.0
34.4414 	EXP 	polygon_2: fillColor = '[1. 1. 1.] (rgb)'
34.4748 	EXP 	displayPicture: image = '.\\resources\\accordion01.jpg'
34.4748 	EXP 	polygon_2: opacity = 0.0
34.4748 	EXP 	polygon_2: fillColor = '[1. 1. 1.] (rgb)'
34.4914 	EXP 	displayPicture: image = '.\\resources\\accordion01.jpg'
34.4914 	EXP 	polygon_2: opacity = 0.0
34.4914 	EXP 	polygon_2: fillColor = '[1. 1. 1.] (rgb)'
34.5081 	EXP 	displayPicture: image = '.\\resources\\accordion01.jpg'
34.5081 	EXP 	polygon_2: opacity = 0.0
34.5081 	EXP 	polygon_2: fillColor = '[1. 1. 1.] (rgb)'
34.5248 	EXP 	displayPicture: image = '.\\resources\\accordion01.jpg'
34.5248 	EXP 	polygon_2: opacity = 0.0
34.5248 	EXP 	polygon_2: fillColor = '[1. 1. 1.] (rgb)'
34.5414 	EXP 	displayPicture: image = '.\\resources\\accordion01.jpg'
34.5414 	EXP 	polygon_2: opacity = 0.0
34.5414 	EXP 	polygon_2: fillColor = '[1. 1. 1.] (rgb)'
34.5581 	EXP 	displayPicture: image = '.\\resources\\accordion01.jpg'
34.5581 	EXP 	polygon_2: opacity = 1.0
34.5581 	EXP 	polygon_2: fillColor = '[1. 1. 1.] (rgb)'
34.5748 	EXP 	displayPicture: image = '.\\resources\\accordion01.jpg'
34.5748 	EXP 	polygon_2: opacity = 1.0
34.5748 	EXP 	polygon_2: fillColor = '[1. 1. 1.] (rgb)'
34.5914 	EXP 	displayPicture: image = '.\\resources\\accordion01.jpg'
34.5914 	EXP 	polygon_2: opacity = 1.0
34.5914 	EXP 	polygon_2: fillColor = '[1. 1. 1.] (rgb)'
34.6081 	EXP 	displayPicture: image = '.\\resources\\seagull.jpg'
34.6081 	EXP 	polygon_2: opacity = 0.0
34.6081 	EXP 	polygon_2: fillColor = '[1. 1. 1.] (rgb)'
34.6248 	EXP 	displayPicture: image = '.\\resources\\seagull.jpg'
34.6248 	EXP 	polygon_2: opacity = 0.0
34.6248 	EXP 	polygon_2: fillColor = '[1. 1. 1.] (rgb)'
34.6414 	EXP 	displayPicture: image = '.\\resources\\seagull.jpg'
34.6414 	EXP 	polygon_2: opacity = 0.0
34.6414 	EXP 	polygon_2: fillColor = '[1. 1. 1.] (rgb)'
34.6581 	EXP 	displayPicture: image = '.\\resources\\seagull.jpg'
34.6581 	EXP 	polygon_2: opacity = 0.0
34.6581 	EXP 	polygon_2: fillColor = '[1. 1. 1.] (rgb)'
34.6747 	EXP 	displayPicture: image = '.\\resources\\seagull.jpg'
34.6747 	EXP 	polygon_2: opacity = 0.0
34.6747 	EXP 	polygon_2: fillColor = '[1. 1. 1.] (rgb)'
34.6914 	EXP 	displayPicture: image = '.\\resources\\seagull.jpg'
34.6914 	EXP 	polygon_2: opacity = 0.0
34.6914 	EXP 	polygon_2: fillColor = '[1. 1. 1.] (rgb)'
34.7081 	EXP 	displayPicture: image = '.\\resources\\seagull.jpg'
34.7081 	EXP 	polygon_2: opacity = 1.0
34.7081 	EXP 	polygon_2: fillColor = '[1. 1. 1.] (rgb)'
34.7247 	EXP 	displayPicture: image = '.\\resources\\seagull.jpg'
34.7247 	EXP 	polygon_2: opacity = 1.0
34.7247 	EXP 	polygon_2: fillColor = '[1. 1. 1.] (rgb)'
34.7414 	EXP 	displayPicture: image = '.\\resources\\seagull.jpg'
34.7414 	EXP 	polygon_2: opacity = 1.0
34.7414 	EXP 	polygon_2: fillColor = '[1. 1. 1.] (rgb)'
34.7581 	EXP 	displayPicture: image = '.\\resources\\sink.jpg'
34.7581 	EXP 	polygon_2: opacity = 0.0
34.7581 	EXP 	polygon_2: fillColor = '[1. 1. 1.] (rgb)'
34.7780 	EXP 	displayPicture: image = '.\\resources\\sink.jpg'
34.7780 	EXP 	polygon_2: opacity = 0.0
34.7780 	EXP 	polygon_2: fillColor = '[1. 1. 1.] (rgb)'
34.7920 	EXP 	displayPicture: image = '.\\resources\\sink.jpg'
34.7920 	EXP 	polygon_2: opacity = 0.0
34.7920 	EXP 	polygon_2: fillColor = '[1. 1. 1.] (rgb)'
34.8081 	EXP 	displayPicture: image = '.\\resources\\sink.jpg'
34.8081 	EXP 	polygon_2: opacity = 0.0
34.8081 	EXP 	polygon_2: fillColor = '[1. 1. 1.] (rgb)'
34.8248 	EXP 	displayPicture: image = '.\\resources\\sink.jpg'
34.8248 	EXP 	polygon_2: opacity = 0.0
34.8248 	EXP 	polygon_2: fillColor = '[1. 1. 1.] (rgb)'
34.8414 	EXP 	displayPicture: image = '.\\resources\\sink.jpg'
34.8414 	EXP 	polygon_2: opacity = 0.0
34.8414 	EXP 	polygon_2: fillColor = '[1. 1. 1.] (rgb)'
34.8581 	EXP 	displayPicture: image = '.\\resources\\sink.jpg'
34.8581 	EXP 	polygon_2: opacity = 1.0
34.8581 	EXP 	polygon_2: fillColor = '[1. 1. 1.] (rgb)'
34.8748 	EXP 	displayPicture: image = '.\\resources\\sink.jpg'
34.8748 	EXP 	polygon_2: opacity = 1.0
34.8748 	EXP 	polygon_2: fillColor = '[1. 1. 1.] (rgb)'
34.8914 	EXP 	displayPicture: image = '.\\resources\\sink.jpg'
34.8914 	EXP 	polygon_2: opacity = 1.0
34.8914 	EXP 	polygon_2: fillColor = '[1. 1. 1.] (rgb)'
34.9248 	EXP 	displayPicture: image = '.\\resources\\parachute.jpg'
34.9248 	EXP 	polygon_2: opacity = 0.0
34.9248 	EXP 	polygon_2: fillColor = '[1. 1. 1.] (rgb)'
34.9414 	EXP 	displayPicture: image = '.\\resources\\parachute.jpg'
34.9414 	EXP 	polygon_2: opacity = 0.0
34.9414 	EXP 	polygon_2: fillColor = '[1. 1. 1.] (rgb)'
34.9581 	EXP 	displayPicture: image = '.\\resources\\parachute.jpg'
34.9581 	EXP 	polygon_2: opacity = 0.0
34.9581 	EXP 	polygon_2: fillColor = '[1. 1. 1.] (rgb)'
34.9748 	EXP 	displayPicture: image = '.\\resources\\parachute.jpg'
34.9748 	EXP 	polygon_2: opacity = 0.0
34.9748 	EXP 	polygon_2: fillColor = '[1. 1. 1.] (rgb)'
34.9914 	EXP 	displayPicture: image = '.\\resources\\parachute.jpg'
34.9914 	EXP 	polygon_2: opacity = 0.0
34.9914 	EXP 	polygon_2: fillColor = '[1. 1. 1.] (rgb)'
35.0081 	EXP 	displayPicture: image = '.\\resources\\parachute.jpg'
35.0081 	EXP 	polygon_2: opacity = 1.0
35.0081 	EXP 	polygon_2: fillColor = '[1. 1. 1.] (rgb)'
35.0247 	EXP 	displayPicture: image = '.\\resources\\parachute.jpg'
35.0247 	EXP 	polygon_2: opacity = 1.0
35.0247 	EXP 	polygon_2: fillColor = '[1. 1. 1.] (rgb)'
35.0414 	EXP 	displayPicture: image = '.\\resources\\parachute.jpg'
35.0414 	EXP 	polygon_2: opacity = 1.0
35.0414 	EXP 	polygon_2: fillColor = '[1. 1. 1.] (rgb)'
35.0581 	EXP 	displayPicture: image = '.\\resources\\mouse.jpg'
35.0581 	EXP 	polygon_2: opacity = 0.0
35.0581 	EXP 	polygon_2: fillColor = '[1. 1. 1.] (rgb)'
35.0747 	EXP 	displayPicture: image = '.\\resources\\mouse.jpg'
35.0747 	EXP 	polygon_2: opacity = 0.0
35.0747 	EXP 	polygon_2: fillColor = '[1. 1. 1.] (rgb)'
35.0914 	EXP 	displayPicture: image = '.\\resources\\mouse.jpg'
35.0914 	EXP 	polygon_2: opacity = 0.0
35.0914 	EXP 	polygon_2: fillColor = '[1. 1. 1.] (rgb)'
35.1080 	EXP 	displayPicture: image = '.\\resources\\mouse.jpg'
35.1080 	EXP 	polygon_2: opacity = 0.0
35.1080 	EXP 	polygon_2: fillColor = '[1. 1. 1.] (rgb)'
35.1247 	EXP 	displayPicture: image = '.\\resources\\mouse.jpg'
35.1247 	EXP 	polygon_2: opacity = 0.0
35.1247 	EXP 	polygon_2: fillColor = '[1. 1. 1.] (rgb)'
35.1414 	EXP 	displayPicture: image = '.\\resources\\mouse.jpg'
35.1414 	EXP 	polygon_2: opacity = 0.0
35.1414 	EXP 	polygon_2: fillColor = '[1. 1. 1.] (rgb)'
35.1580 	EXP 	displayPicture: image = '.\\resources\\mouse.jpg'
35.1580 	EXP 	polygon_2: opacity = 1.0
35.1580 	EXP 	polygon_2: fillColor = '[1. 1. 1.] (rgb)'
35.1747 	EXP 	displayPicture: image = '.\\resources\\mouse.jpg'
35.1747 	EXP 	polygon_2: opacity = 1.0
35.1747 	EXP 	polygon_2: fillColor = '[1. 1. 1.] (rgb)'
35.1914 	EXP 	displayPicture: image = '.\\resources\\mouse.jpg'
35.1914 	EXP 	polygon_2: opacity = 1.0
35.1914 	EXP 	polygon_2: fillColor = '[1. 1. 1.] (rgb)'
35.2247 	EXP 	displayPicture: image = '.\\resources\\steeringwheel.jpg'
35.2247 	EXP 	polygon_2: opacity = 0.0
35.2247 	EXP 	polygon_2: fillColor = '[1. 1. 1.] (rgb)'
35.2414 	EXP 	displayPicture: image = '.\\resources\\steeringwheel.jpg'
35.2414 	EXP 	polygon_2: opacity = 0.0
35.2414 	EXP 	polygon_2: fillColor = '[1. 1. 1.] (rgb)'
35.2580 	EXP 	displayPicture: image = '.\\resources\\steeringwheel.jpg'
35.2580 	EXP 	polygon_2: opacity = 0.0
35.2580 	EXP 	polygon_2: fillColor = '[1. 1. 1.] (rgb)'
35.2747 	EXP 	displayPicture: image = '.\\resources\\steeringwheel.jpg'
35.2747 	EXP 	polygon_2: opacity = 0.0
35.2747 	EXP 	polygon_2: fillColor = '[1. 1. 1.] (rgb)'
35.2914 	EXP 	displayPicture: image = '.\\resources\\steeringwheel.jpg'
35.2914 	EXP 	polygon_2: opacity = 0.0
35.2914 	EXP 	polygon_2: fillColor = '[1. 1. 1.] (rgb)'
35.3081 	EXP 	displayPicture: image = '.\\resources\\steeringwheel.jpg'
35.3081 	EXP 	polygon_2: opacity = 1.0
35.3081 	EXP 	polygon_2: fillColor = '[1. 1. 1.] (rgb)'
35.3247 	EXP 	displayPicture: image = '.\\resources\\steeringwheel.jpg'
35.3247 	EXP 	polygon_2: opacity = 1.0
35.3247 	EXP 	polygon_2: fillColor = '[1. 1. 1.] (rgb)'
35.3414 	EXP 	displayPicture: image = '.\\resources\\steeringwheel.jpg'
35.3414 	EXP 	polygon_2: opacity = 1.0
35.3414 	EXP 	polygon_2: fillColor = '[1. 1. 1.] (rgb)'
35.3747 	EXP 	displayPicture: image = '.\\resources\\steeringwheel.jpg'
35.3747 	EXP 	polygon_2: opacity = 0.0
35.3747 	EXP 	polygon_2: fillColor = '[1. 1. 1.] (rgb)'
35.3747 	EXP 	displayPicture: autoDraw = False
35.3747 	EXP 	polygon_2: autoDraw = False
35.3747 	EXP 	option1_t1: image = '.\\resources\\hotdogweiner.jpg'
35.3747 	EXP 	polygon_4: autoDraw = True
35.3747 	EXP 	option1_t1: autoDraw = True
36.4952 	DATA 	Keypress: left
36.5413 	EXP 	polygon_4: autoDraw = False
36.5413 	EXP 	option1_t1: autoDraw = False
36.5413 	EXP 	option1_t2: image = '.\\resources\\sink.jpg'
36.5413 	EXP 	polygon_5: autoDraw = True
36.5413 	EXP 	option1_t2: autoDraw = True
36.8403 	DATA 	Keypress: right
36.8579 	EXP 	polygon_5: autoDraw = False
36.8579 	EXP 	option1_t2: autoDraw = False
36.8579 	EXP 	feedbackText: text = '1/2 Correct'
36.8579 	EXP 	feedbackText: autoDraw = True
37.8436 	EXP 	New trial (rep=0, index=3): OrderedDict([('trialType', 'AB'), ('cndTyp', 'lag7'), ('lag', 7), ('T1_loc', 3), ('T2_loc', 10), ('stimLen', 0.11), ('isi', 0.04)])
37.8746 	EXP 	feedbackText: autoDraw = False
37.8746 	EXP 	text: text = ''
37.8746 	EXP 	text: autoDraw = True
37.8746 	EXP 	text: autoDraw = False
37.8746 	EXP 	option1: image = '.\\resources\\wallclock.jpg'
37.8746 	EXP 	option2: image = '.\\resources\\pingpongtable.jpg'
37.8746 	EXP 	option1: autoDraw = True
37.8746 	EXP 	option2: autoDraw = True
40.3577 	EXP 	text_2: autoDraw = True
40.6244 	EXP 	option1: autoDraw = False
40.6244 	EXP 	option2: autoDraw = False
40.8577 	EXP 	text_2: autoDraw = False
40.8577 	EXP 	option1: autoDraw = False
40.8577 	EXP 	option2: autoDraw = False
40.8577 	EXP 	text_2: autoDraw = False
40.8577 	EXP 	displayPicture: autoDraw = True
40.8577 	EXP 	displayPicture: image = '.\\resources\\ipad02.jpg'
40.8577 	EXP 	polygon_2: autoDraw = True
40.8577 	EXP 	polygon_2: opacity = 0.0
40.8577 	EXP 	polygon_2: fillColor = '[1. 1. 1.] (rgb)'
40.8744 	EXP 	displayPicture: image = '.\\resources\\ipad02.jpg'
40.8744 	EXP 	polygon_2: opacity = 0.0
40.8744 	EXP 	polygon_2: fillColor = '[1. 1. 1.] (rgb)'
40.8910 	EXP 	displayPicture: image = '.\\resources\\ipad02.jpg'
40.8910 	EXP 	polygon_2: opacity = 0.0
40.8910 	EXP 	polygon_2: fillColor = '[1. 1. 1.] (rgb)'
40.9077 	EXP 	displayPicture: image = '.\\resources\\ipad02.jpg'
40.9077 	EXP 	polygon_2: opacity = 0.0
40.9077 	EXP 	polygon_2: fillColor = '[1. 1. 1.] (rgb)'
40.9244 	EXP 	displayPicture: image = '.\\resources\\ipad02.jpg'
40.9244 	EXP 	polygon_2: opacity = 0.0
40.9244 	EXP 	polygon_2: fillColor = '[1. 1. 1.] (rgb)'
40.9410 	EXP 	displayPicture: image = '.\\resources\\ipad02.jpg'
40.9410 	EXP 	polygon_2: opacity = 0.0
40.9410 	EXP 	polygon_2: fillColor = '[1. 1. 1.] (rgb)'
40.9577 	EXP 	displayPicture: image = '.\\resources\\ipad02.jpg'
40.9577 	EXP 	polygon_2: opacity = 1.0
40.9577 	EXP 	polygon_2: fillColor = '[1. 1. 1.] (rgb)'
40.9744 	EXP 	displayPicture: image = '.\\resources\\ipad02.jpg'
40.9744 	EXP 	polygon_2: opacity = 1.0
40.9744 	EXP 	polygon_2: fillColor = '[1. 1. 1.] (rgb)'
40.9910 	EXP 	displayPicture: image = '.\\resources\\ipad02.jpg'
40.9910 	EXP 	polygon_2: opacity = 1.0
40.9910 	EXP 	polygon_2: fillColor = '[1. 1. 1.] (rgb)'
41.0077 	EXP 	displayPicture: image = '.\\resources\\banjo.jpg'
41.0077 	EXP 	polygon_2: opacity = 0.0
41.0077 	EXP 	polygon_2: fillColor = '[1. 1. 1.] (rgb)'
41.0244 	EXP 	displayPicture: image = '.\\resources\\banjo.jpg'
41.0244 	EXP 	polygon_2: opacity = 0.0
41.0244 	EXP 	polygon_2: fillColor = '[1. 1. 1.] (rgb)'
41.0410 	EXP 	displayPicture: image = '.\\resources\\banjo.jpg'
41.0410 	EXP 	polygon_2: opacity = 0.0
41.0410 	EXP 	polygon_2: fillColor = '[1. 1. 1.] (rgb)'
41.0577 	EXP 	displayPicture: image = '.\\resources\\banjo.jpg'
41.0577 	EXP 	polygon_2: opacity = 0.0
41.0577 	EXP 	polygon_2: fillColor = '[1. 1. 1.] (rgb)'
41.0743 	EXP 	displayPicture: image = '.\\resources\\banjo.jpg'
41.0743 	EXP 	polygon_2: opacity = 0.0
41.0743 	EXP 	polygon_2: fillColor = '[1. 1. 1.] (rgb)'
41.0910 	EXP 	displayPicture: image = '.\\resources\\banjo.jpg'
41.0910 	EXP 	polygon_2: opacity = 0.0
41.0910 	EXP 	polygon_2: fillColor = '[1. 1. 1.] (rgb)'
41.1077 	EXP 	displayPicture: image = '.\\resources\\banjo.jpg'
41.1077 	EXP 	polygon_2: opacity = 1.0
41.1077 	EXP 	polygon_2: fillColor = '[1. 1. 1.] (rgb)'
41.1243 	EXP 	displayPicture: image = '.\\resources\\banjo.jpg'
41.1243 	EXP 	polygon_2: opacity = 1.0
41.1243 	EXP 	polygon_2: fillColor = '[1. 1. 1.] (rgb)'
41.1410 	EXP 	displayPicture: image = '.\\resources\\banjo.jpg'
41.1410 	EXP 	polygon_2: opacity = 1.0
41.1410 	EXP 	polygon_2: fillColor = '[1. 1. 1.] (rgb)'
41.1576 	EXP 	displayPicture: image = '.\\resources\\pingpongtable.jpg'
41.1576 	EXP 	polygon_2: opacity = 0.0
41.1576 	EXP 	polygon_2: fillColor = '[1. 1. 1.] (rgb)'
41.1743 	EXP 	displayPicture: image = '.\\resources\\pingpongtable.jpg'
41.1743 	EXP 	polygon_2: opacity = 0.0
41.1743 	EXP 	polygon_2: fillColor = '[1. 1. 1.] (rgb)'
41.1910 	EXP 	displayPicture: image = '.\\resources\\pingpongtable.jpg'
41.1910 	EXP 	polygon_2: opacity = 0.0
41.1910 	EXP 	polygon_2: fillColor = '[1. 1. 1.] (rgb)'
41.2076 	EXP 	displayPicture: image = '.\\resources\\pingpongtable.jpg'
41.2076 	EXP 	polygon_2: opacity = 0.0
41.2076 	EXP 	polygon_2: fillColor = '[1. 1. 1.] (rgb)'
41.2243 	EXP 	displayPicture: image = '.\\resources\\pingpongtable.jpg'
41.2243 	EXP 	polygon_2: opacity = 0.0
41.2243 	EXP 	polygon_2: fillColor = '[1. 1. 1.] (rgb)'
41.2410 	EXP 	displayPicture: image = '.\\resources\\pingpongtable.jpg'
41.2410 	EXP 	polygon_2: opacity = 0.0
41.2410 	EXP 	polygon_2: fillColor = '[1. 1. 1.] (rgb)'
41.2576 	EXP 	displayPicture: image = '.\\resources\\pingpongtable.jpg'
41.2576 	EXP 	polygon_2: opacity = 1.0
41.2576 	EXP 	polygon_2: fillColor = '[1. 1. 1.] (rgb)'
41.2743 	EXP 	displayPicture: image = '.\\resources\\pingpongtable.jpg'
41.2743 	EXP 	polygon_2: opacity = 1.0
41.2743 	EXP 	polygon_2: fillColor = '[1. 1. 1.] (rgb)'
41.2910 	EXP 	displayPicture: image = '.\\resources\\pingpongtable.jpg'
41.2910 	EXP 	polygon_2: opacity = 1.0
41.2910 	EXP 	polygon_2: fillColor = '[1. 1. 1.] (rgb)'
41.3076 	EXP 	displayPicture: image = '.\\resources\\mouse.jpg'
41.3076 	EXP 	polygon_2: opacity = 0.0
41.3076 	EXP 	polygon_2: fillColor = '[1. 1. 1.] (rgb)'
41.3243 	EXP 	displayPicture: image = '.\\resources\\mouse.jpg'
41.3243 	EXP 	polygon_2: opacity = 0.0
41.3243 	EXP 	polygon_2: fillColor = '[1. 1. 1.] (rgb)'
41.3410 	EXP 	displayPicture: image = '.\\resources\\mouse.jpg'
41.3410 	EXP 	polygon_2: opacity = 0.0
41.3410 	EXP 	polygon_2: fillColor = '[1. 1. 1.] (rgb)'
41.3577 	EXP 	displayPicture: image = '.\\resources\\mouse.jpg'
41.3577 	EXP 	polygon_2: opacity = 0.0
41.3577 	EXP 	polygon_2: fillColor = '[1. 1. 1.] (rgb)'
41.3743 	EXP 	displayPicture: image = '.\\resources\\mouse.jpg'
41.3743 	EXP 	polygon_2: opacity = 0.0
41.3743 	EXP 	polygon_2: fillColor = '[1. 1. 1.] (rgb)'
41.3910 	EXP 	displayPicture: image = '.\\resources\\mouse.jpg'
41.3910 	EXP 	polygon_2: opacity = 0.0
41.3910 	EXP 	polygon_2: fillColor = '[1. 1. 1.] (rgb)'
41.4076 	EXP 	displayPicture: image = '.\\resources\\mouse.jpg'
41.4076 	EXP 	polygon_2: opacity = 1.0
41.4076 	EXP 	polygon_2: fillColor = '[1. 1. 1.] (rgb)'
41.4243 	EXP 	displayPicture: image = '.\\resources\\mouse.jpg'
41.4243 	EXP 	polygon_2: opacity = 1.0
41.4243 	EXP 	polygon_2: fillColor = '[1. 1. 1.] (rgb)'
41.4410 	EXP 	displayPicture: image = '.\\resources\\mouse.jpg'
41.4410 	EXP 	polygon_2: opacity = 1.0
41.4410 	EXP 	polygon_2: fillColor = '[1. 1. 1.] (rgb)'
41.4576 	EXP 	displayPicture: image = '.\\resources\\foosballtable.jpg'
41.4576 	EXP 	polygon_2: opacity = 0.0
41.4576 	EXP 	polygon_2: fillColor = '[1. 1. 1.] (rgb)'
41.4743 	EXP 	displayPicture: image = '.\\resources\\foosballtable.jpg'
41.4743 	EXP 	polygon_2: opacity = 0.0
41.4743 	EXP 	polygon_2: fillColor = '[1. 1. 1.] (rgb)'
41.4910 	EXP 	displayPicture: image = '.\\resources\\foosballtable.jpg'
41.4910 	EXP 	polygon_2: opacity = 0.0
41.4910 	EXP 	polygon_2: fillColor = '[1. 1. 1.] (rgb)'
41.5076 	EXP 	displayPicture: image = '.\\resources\\foosballtable.jpg'
41.5076 	EXP 	polygon_2: opacity = 0.0
41.5076 	EXP 	polygon_2: fillColor = '[1. 1. 1.] (rgb)'
41.5243 	EXP 	displayPicture: image = '.\\resources\\foosballtable.jpg'
41.5243 	EXP 	polygon_2: opacity = 0.0
41.5243 	EXP 	polygon_2: fillColor = '[1. 1. 1.] (rgb)'
41.5410 	EXP 	displayPicture: image = '.\\resources\\foosballtable.jpg'
41.5410 	EXP 	polygon_2: opacity = 0.0
41.5410 	EXP 	polygon_2: fillColor = '[1. 1. 1.] (rgb)'
41.5576 	EXP 	displayPicture: image = '.\\resources\\foosballtable.jpg'
41.5576 	EXP 	polygon_2: opacity = 1.0
41.5576 	EXP 	polygon_2: fillColor = '[1. 1. 1.] (rgb)'
41.5743 	EXP 	displayPicture: image = '.\\resources\\foosballtable.jpg'
41.5743 	EXP 	polygon_2: opacity = 1.0
41.5743 	EXP 	polygon_2: fillColor = '[1. 1. 1.] (rgb)'
41.5909 	EXP 	displayPicture: image = '.\\resources\\foosballtable.jpg'
41.5909 	EXP 	polygon_2: opacity = 1.0
41.5909 	EXP 	polygon_2: fillColor = '[1. 1. 1.] (rgb)'
41.6243 	EXP 	displayPicture: image = '.\\resources\\barrel01.jpg'
41.6243 	EXP 	polygon_2: opacity = 0.0
41.6243 	EXP 	polygon_2: fillColor = '[1. 1. 1.] (rgb)'
41.6409 	EXP 	displayPicture: image = '.\\resources\\barrel01.jpg'
41.6409 	EXP 	polygon_2: opacity = 0.0
41.6409 	EXP 	polygon_2: fillColor = '[1. 1. 1.] (rgb)'
41.6576 	EXP 	displayPicture: image = '.\\resources\\barrel01.jpg'
41.6576 	EXP 	polygon_2: opacity = 0.0
41.6576 	EXP 	polygon_2: fillColor = '[1. 1. 1.] (rgb)'
41.6743 	EXP 	displayPicture: image = '.\\resources\\barrel01.jpg'
41.6743 	EXP 	polygon_2: opacity = 0.0
41.6743 	EXP 	polygon_2: fillColor = '[1. 1. 1.] (rgb)'
41.6909 	EXP 	displayPicture: image = '.\\resources\\barrel01.jpg'
41.6909 	EXP 	polygon_2: opacity = 0.0
41.6909 	EXP 	polygon_2: fillColor = '[1. 1. 1.] (rgb)'
41.7076 	EXP 	displayPicture: image = '.\\resources\\barrel01.jpg'
41.7076 	EXP 	polygon_2: opacity = 1.0
41.7076 	EXP 	polygon_2: fillColor = '[1. 1. 1.] (rgb)'
41.7243 	EXP 	displayPicture: image = '.\\resources\\barrel01.jpg'
41.7243 	EXP 	polygon_2: opacity = 1.0
41.7243 	EXP 	polygon_2: fillColor = '[1. 1. 1.] (rgb)'
41.7409 	EXP 	displayPicture: image = '.\\resources\\barrel01.jpg'
41.7409 	EXP 	polygon_2: opacity = 1.0
41.7409 	EXP 	polygon_2: fillColor = '[1. 1. 1.] (rgb)'
41.7576 	EXP 	displayPicture: image = '.\\resources\\sandcastle.jpg'
41.7576 	EXP 	polygon_2: opacity = 0.0
41.7576 	EXP 	polygon_2: fillColor = '[1. 1. 1.] (rgb)'
41.7743 	EXP 	displayPicture: image = '.\\resources\\sandcastle.jpg'
41.7743 	EXP 	polygon_2: opacity = 0.0
41.7743 	EXP 	polygon_2: fillColor = '[1. 1. 1.] (rgb)'
41.7909 	EXP 	displayPicture: image = '.\\resources\\sandcastle.jpg'
41.7909 	EXP 	polygon_2: opacity = 0.0
41.7909 	EXP 	polygon_2: fillColor = '[1. 1. 1.] (rgb)'
41.8076 	EXP 	displayPicture: image = '.\\resources\\sandcastle.jpg'
41.8076 	EXP 	polygon_2: opacity = 0.0
41.8076 	EXP 	polygon_2: fillColor = '[1. 1. 1.] (rgb)'
41.8243 	EXP 	displayPicture: image = '.\\resources\\sandcastle.jpg'
41.8243 	EXP 	polygon_2: opacity = 0.0
41.8243 	EXP 	polygon_2: fillColor = '[1. 1. 1.] (rgb)'
41.8409 	EXP 	displayPicture: image = '.\\resources\\sandcastle.jpg'
41.8409 	EXP 	polygon_2: opacity = 0.0
41.8409 	EXP 	polygon_2: fillColor = '[1. 1. 1.] (rgb)'
41.8576 	EXP 	displayPicture: image = '.\\resources\\sandcastle.jpg'
41.8576 	EXP 	polygon_2: opacity = 1.0
41.8576 	EXP 	polygon_2: fillColor = '[1. 1. 1.] (rgb)'
41.8743 	EXP 	displayPicture: image = '.\\resources\\sandcastle.jpg'
41.8743 	EXP 	polygon_2: opacity = 1.0
41.8743 	EXP 	polygon_2: fillColor = '[1. 1. 1.] (rgb)'
41.8909 	EXP 	displayPicture: image = '.\\resources\\sandcastle.jpg'
41.8909 	EXP 	polygon_2: opacity = 1.0
41.8909 	EXP 	polygon_2: fillColor = '[1. 1. 1.] (rgb)'
41.9076 	EXP 	displayPicture: image = '.\\resources\\electricguitar01.jpg'
41.9076 	EXP 	polygon_2: opacity = 0.0
41.9076 	EXP 	polygon_2: fillColor = '[1. 1. 1.] (rgb)'
41.9243 	EXP 	displayPicture: image = '.\\resources\\electricguitar01.jpg'
41.9243 	EXP 	polygon_2: opacity = 0.0
41.9243 	EXP 	polygon_2: fillColor = '[1. 1. 1.] (rgb)'
41.9409 	EXP 	displayPicture: image = '.\\resources\\electricguitar01.jpg'
41.9409 	EXP 	polygon_2: opacity = 0.0
41.9409 	EXP 	polygon_2: fillColor = '[1. 1. 1.] (rgb)'
41.9576 	EXP 	displayPicture: image = '.\\resources\\electricguitar01.jpg'
41.9576 	EXP 	polygon_2: opacity = 0.0
41.9576 	EXP 	polygon_2: fillColor = '[1. 1. 1.] (rgb)'
41.9743 	EXP 	displayPicture: image = '.\\resources\\electricguitar01.jpg'
41.9743 	EXP 	polygon_2: opacity = 0.0
41.9743 	EXP 	polygon_2: fillColor = '[1. 1. 1.] (rgb)'
41.9909 	EXP 	displayPicture: image = '.\\resources\\electricguitar01.jpg'
41.9909 	EXP 	polygon_2: opacity = 0.0
41.9909 	EXP 	polygon_2: fillColor = '[1. 1. 1.] (rgb)'
42.0076 	EXP 	displayPicture: image = '.\\resources\\electricguitar01.jpg'
42.0076 	EXP 	polygon_2: opacity = 1.0
42.0076 	EXP 	polygon_2: fillColor = '[1. 1. 1.] (rgb)'
42.0243 	EXP 	displayPicture: image = '.\\resources\\electricguitar01.jpg'
42.0243 	EXP 	polygon_2: opacity = 1.0
42.0243 	EXP 	polygon_2: fillColor = '[1. 1. 1.] (rgb)'
42.0409 	EXP 	displayPicture: image = '.\\resources\\electricguitar01.jpg'
42.0409 	EXP 	polygon_2: opacity = 1.0
42.0409 	EXP 	polygon_2: fillColor = '[1. 1. 1.] (rgb)'
42.0576 	EXP 	displayPicture: image = '.\\resources\\snowshoe.jpg'
42.0576 	EXP 	polygon_2: opacity = 0.0
42.0576 	EXP 	polygon_2: fillColor = '[1. 1. 1.] (rgb)'
42.0743 	EXP 	displayPicture: image = '.\\resources\\snowshoe.jpg'
42.0743 	EXP 	polygon_2: opacity = 0.0
42.0743 	EXP 	polygon_2: fillColor = '[1. 1. 1.] (rgb)'
42.0909 	EXP 	displayPicture: image = '.\\resources\\snowshoe.jpg'
42.0909 	EXP 	polygon_2: opacity = 0.0
42.0909 	EXP 	polygon_2: fillColor = '[1. 1. 1.] (rgb)'
42.1076 	EXP 	displayPicture: image = '.\\resources\\snowshoe.jpg'
42.1076 	EXP 	polygon_2: opacity = 0.0
42.1076 	EXP 	polygon_2: fillColor = '[1. 1. 1.] (rgb)'
42.1243 	EXP 	displayPicture: image = '.\\resources\\snowshoe.jpg'
42.1243 	EXP 	polygon_2: opacity = 0.0
42.1243 	EXP 	polygon_2: fillColor = '[1. 1. 1.] (rgb)'
42.1409 	EXP 	displayPicture: image = '.\\resources\\snowshoe.jpg'
42.1409 	EXP 	polygon_2: opacity = 0.0
42.1409 	EXP 	polygon_2: fillColor = '[1. 1. 1.] (rgb)'
42.1576 	EXP 	displayPicture: image = '.\\resources\\snowshoe.jpg'
42.1576 	EXP 	polygon_2: opacity = 1.0
42.1576 	EXP 	polygon_2: fillColor = '[1. 1. 1.] (rgb)'
42.1743 	EXP 	displayPicture: image = '.\\resources\\snowshoe.jpg'
42.1743 	EXP 	polygon_2: opacity = 1.0
42.1743 	EXP 	polygon_2: fillColor = '[1. 1. 1.] (rgb)'
42.1909 	EXP 	displayPicture: image = '.\\resources\\snowshoe.jpg'
42.1909 	EXP 	polygon_2: opacity = 1.0
42.1909 	EXP 	polygon_2: fillColor = '[1. 1. 1.] (rgb)'
42.2076 	EXP 	displayPicture: image = '.\\resources\\wallclock.jpg'
42.2076 	EXP 	polygon_2: opacity = 0.0
42.2076 	EXP 	polygon_2: fillColor = '[1. 1. 1.] (rgb)'
42.2243 	EXP 	displayPicture: image = '.\\resources\\wallclock.jpg'
42.2243 	EXP 	polygon_2: opacity = 0.0
42.2243 	EXP 	polygon_2: fillColor = '[1. 1. 1.] (rgb)'
42.2409 	EXP 	displayPicture: image = '.\\resources\\wallclock.jpg'
42.2409 	EXP 	polygon_2: opacity = 0.0
42.2409 	EXP 	polygon_2: fillColor = '[1. 1. 1.] (rgb)'
42.2576 	EXP 	displayPicture: image = '.\\resources\\wallclock.jpg'
42.2576 	EXP 	polygon_2: opacity = 0.0
42.2576 	EXP 	polygon_2: fillColor = '[1. 1. 1.] (rgb)'
42.2743 	EXP 	displayPicture: image = '.\\resources\\wallclock.jpg'
42.2743 	EXP 	polygon_2: opacity = 0.0
42.2743 	EXP 	polygon_2: fillColor = '[1. 1. 1.] (rgb)'
42.2909 	EXP 	displayPicture: image = '.\\resources\\wallclock.jpg'
42.2909 	EXP 	polygon_2: opacity = 0.0
42.2909 	EXP 	polygon_2: fillColor = '[1. 1. 1.] (rgb)'
42.3076 	EXP 	displayPicture: image = '.\\resources\\wallclock.jpg'
42.3076 	EXP 	polygon_2: opacity = 1.0
42.3076 	EXP 	polygon_2: fillColor = '[1. 1. 1.] (rgb)'
42.3243 	EXP 	displayPicture: image = '.\\resources\\wallclock.jpg'
42.3243 	EXP 	polygon_2: opacity = 1.0
42.3243 	EXP 	polygon_2: fillColor = '[1. 1. 1.] (rgb)'
42.3409 	EXP 	displayPicture: image = '.\\resources\\wallclock.jpg'
42.3409 	EXP 	polygon_2: opacity = 1.0
42.3409 	EXP 	polygon_2: fillColor = '[1. 1. 1.] (rgb)'
42.3742 	EXP 	displayPicture: image = '.\\resources\\cruiseship.jpg'
42.3742 	EXP 	polygon_2: opacity = 0.0
42.3742 	EXP 	polygon_2: fillColor = '[1. 1. 1.] (rgb)'
42.3909 	EXP 	displayPicture: image = '.\\resources\\cruiseship.jpg'
42.3909 	EXP 	polygon_2: opacity = 0.0
42.3909 	EXP 	polygon_2: fillColor = '[1. 1. 1.] (rgb)'
42.4076 	EXP 	displayPicture: image = '.\\resources\\cruiseship.jpg'
42.4076 	EXP 	polygon_2: opacity = 0.0
42.4076 	EXP 	polygon_2: fillColor = '[1. 1. 1.] (rgb)'
42.4243 	EXP 	displayPicture: image = '.\\resources\\cruiseship.jpg'
42.4243 	EXP 	polygon_2: opacity = 0.0
42.4243 	EXP 	polygon_2: fillColor = '[1. 1. 1.] (rgb)'
42.4409 	EXP 	displayPicture: image = '.\\resources\\cruiseship.jpg'
42.4409 	EXP 	polygon_2: opacity = 0.0
42.4409 	EXP 	polygon_2: fillColor = '[1. 1. 1.] (rgb)'
42.4576 	EXP 	displayPicture: image = '.\\resources\\cruiseship.jpg'
42.4576 	EXP 	polygon_2: opacity = 1.0
42.4576 	EXP 	polygon_2: fillColor = '[1. 1. 1.] (rgb)'
42.4743 	EXP 	displayPicture: image = '.\\resources\\cruiseship.jpg'
42.4743 	EXP 	polygon_2: opacity = 1.0
42.4743 	EXP 	polygon_2: fillColor = '[1. 1. 1.] (rgb)'
42.4909 	EXP 	displayPicture: image = '.\\resources\\cruiseship.jpg'
42.4909 	EXP 	polygon_2: opacity = 1.0
42.4909 	EXP 	polygon_2: fillColor = '[1. 1. 1.] (rgb)'
42.5076 	EXP 	displayPicture: image = '.\\resources\\accordion01.jpg'
42.5076 	EXP 	polygon_2: opacity = 0.0
42.5076 	EXP 	polygon_2: fillColor = '[1. 1. 1.] (rgb)'
42.5242 	EXP 	displayPicture: image = '.\\resources\\accordion01.jpg'
42.5242 	EXP 	polygon_2: opacity = 0.0
42.5242 	EXP 	polygon_2: fillColor = '[1. 1. 1.] (rgb)'
42.5409 	EXP 	displayPicture: image = '.\\resources\\accordion01.jpg'
42.5409 	EXP 	polygon_2: opacity = 0.0
42.5409 	EXP 	polygon_2: fillColor = '[1. 1. 1.] (rgb)'
42.5575 	EXP 	displayPicture: image = '.\\resources\\accordion01.jpg'
42.5575 	EXP 	polygon_2: opacity = 0.0
42.5575 	EXP 	polygon_2: fillColor = '[1. 1. 1.] (rgb)'
42.5742 	EXP 	displayPicture: image = '.\\resources\\accordion01.jpg'
42.5742 	EXP 	polygon_2: opacity = 0.0
42.5742 	EXP 	polygon_2: fillColor = '[1. 1. 1.] (rgb)'
42.5909 	EXP 	displayPicture: image = '.\\resources\\accordion01.jpg'
42.5909 	EXP 	polygon_2: opacity = 0.0
42.5909 	EXP 	polygon_2: fillColor = '[1. 1. 1.] (rgb)'
42.6075 	EXP 	displayPicture: image = '.\\resources\\accordion01.jpg'
42.6075 	EXP 	polygon_2: opacity = 1.0
42.6075 	EXP 	polygon_2: fillColor = '[1. 1. 1.] (rgb)'
42.6243 	EXP 	displayPicture: image = '.\\resources\\accordion01.jpg'
42.6243 	EXP 	polygon_2: opacity = 1.0
42.6243 	EXP 	polygon_2: fillColor = '[1. 1. 1.] (rgb)'
42.6409 	EXP 	displayPicture: image = '.\\resources\\accordion01.jpg'
42.6409 	EXP 	polygon_2: opacity = 1.0
42.6409 	EXP 	polygon_2: fillColor = '[1. 1. 1.] (rgb)'
42.6742 	EXP 	displayPicture: image = '.\\resources\\bathtub.jpg'
42.6742 	EXP 	polygon_2: opacity = 0.0
42.6742 	EXP 	polygon_2: fillColor = '[1. 1. 1.] (rgb)'
42.6909 	EXP 	displayPicture: image = '.\\resources\\bathtub.jpg'
42.6909 	EXP 	polygon_2: opacity = 0.0
42.6909 	EXP 	polygon_2: fillColor = '[1. 1. 1.] (rgb)'
42.7075 	EXP 	displayPicture: image = '.\\resources\\bathtub.jpg'
42.7075 	EXP 	polygon_2: opacity = 0.0
42.7075 	EXP 	polygon_2: fillColor = '[1. 1. 1.] (rgb)'
42.7243 	EXP 	displayPicture: image = '.\\resources\\bathtub.jpg'
42.7243 	EXP 	polygon_2: opacity = 0.0
42.7243 	EXP 	polygon_2: fillColor = '[1. 1. 1.] (rgb)'
42.7409 	EXP 	displayPicture: image = '.\\resources\\bathtub.jpg'
42.7409 	EXP 	polygon_2: opacity = 0.0
42.7409 	EXP 	polygon_2: fillColor = '[1. 1. 1.] (rgb)'
42.7575 	EXP 	displayPicture: image = '.\\resources\\bathtub.jpg'
42.7575 	EXP 	polygon_2: opacity = 1.0
42.7575 	EXP 	polygon_2: fillColor = '[1. 1. 1.] (rgb)'
42.7742 	EXP 	displayPicture: image = '.\\resources\\bathtub.jpg'
42.7742 	EXP 	polygon_2: opacity = 1.0
42.7742 	EXP 	polygon_2: fillColor = '[1. 1. 1.] (rgb)'
42.7909 	EXP 	displayPicture: image = '.\\resources\\bathtub.jpg'
42.7909 	EXP 	polygon_2: opacity = 1.0
42.7909 	EXP 	polygon_2: fillColor = '[1. 1. 1.] (rgb)'
42.8242 	EXP 	displayPicture: image = '.\\resources\\bathtub.jpg'
42.8242 	EXP 	polygon_2: opacity = 0.0
42.8242 	EXP 	polygon_2: fillColor = '[1. 1. 1.] (rgb)'
42.8242 	EXP 	displayPicture: autoDraw = False
42.8242 	EXP 	polygon_2: autoDraw = False
42.8242 	EXP 	option1_t1: image = '.\\resources\\pingpongtable.jpg'
42.8242 	EXP 	polygon_4: autoDraw = True
42.8242 	EXP 	option1_t1: autoDraw = True
43.2327 	DATA 	Keypress: right
43.2575 	EXP 	polygon_4: autoDraw = False
43.2575 	EXP 	option1_t1: autoDraw = False
43.2575 	EXP 	option1_t2: image = '.\\resources\\wallclock.jpg'
43.2575 	EXP 	polygon_5: autoDraw = True
43.2575 	EXP 	option1_t2: autoDraw = True
43.5501 	DATA 	Keypress: right
43.5742 	EXP 	polygon_5: autoDraw = False
43.5742 	EXP 	option1_t2: autoDraw = False
43.5742 	EXP 	feedbackText: text = '2/2 Correct'
43.5742 	EXP 	feedbackText: autoDraw = True
44.5598 	EXP 	New trial (rep=0, index=4): OrderedDict([('trialType', 'AB'), ('cndTyp', 'lag4'), ('lag', 4), ('T1_loc', 4), ('T2_loc', 8), ('stimLen', 0.11), ('isi', 0.04)])
44.5908 	EXP 	feedbackText: autoDraw = False
44.5908 	EXP 	text: text = ''
44.5908 	EXP 	text: autoDraw = True
44.5908 	EXP 	text: autoDraw = False
44.5908 	EXP 	option1: image = '.\\resources\\key07.jpg'
44.5908 	EXP 	option2: image = '.\\resources\\tennisracket.jpg'
44.5908 	EXP 	option1: autoDraw = True
44.5908 	EXP 	option2: autoDraw = True
47.0739 	EXP 	text_2: autoDraw = True
47.3406 	EXP 	option1: autoDraw = False
47.3406 	EXP 	option2: autoDraw = False
47.5906 	EXP 	text_2: autoDraw = False
47.5906 	EXP 	option1: autoDraw = False
47.5906 	EXP 	option2: autoDraw = False
47.5906 	EXP 	text_2: autoDraw = False
47.5906 	EXP 	displayPicture: autoDraw = True
47.5906 	EXP 	displayPicture: image = '.\\resources\\arrow02.jpg'
47.5906 	EXP 	polygon_2: autoDraw = True
47.5906 	EXP 	polygon_2: opacity = 0.0
47.5906 	EXP 	polygon_2: fillColor = '[1. 1. 1.] (rgb)'
47.6072 	EXP 	displayPicture: image = '.\\resources\\arrow02.jpg'
47.6072 	EXP 	polygon_2: opacity = 0.0
47.6072 	EXP 	polygon_2: fillColor = '[1. 1. 1.] (rgb)'
47.6239 	EXP 	displayPicture: image = '.\\resources\\arrow02.jpg'
47.6239 	EXP 	polygon_2: opacity = 0.0
47.6239 	EXP 	polygon_2: fillColor = '[1. 1. 1.] (rgb)'
47.6406 	EXP 	displayPicture: image = '.\\resources\\arrow02.jpg'
47.6406 	EXP 	polygon_2: opacity = 0.0
47.6406 	EXP 	polygon_2: fillColor = '[1. 1. 1.] (rgb)'
47.6572 	EXP 	displayPicture: image = '.\\resources\\arrow02.jpg'
47.6572 	EXP 	polygon_2: opacity = 0.0
47.6572 	EXP 	polygon_2: fillColor = '[1. 1. 1.] (rgb)'
47.6739 	EXP 	displayPicture: image = '.\\resources\\arrow02.jpg'
47.6739 	EXP 	polygon_2: opacity = 1.0
47.6739 	EXP 	polygon_2: fillColor = '[1. 1. 1.] (rgb)'
47.6905 	EXP 	displayPicture: image = '.\\resources\\arrow02.jpg'
47.6905 	EXP 	polygon_2: opacity = 1.0
47.6905 	EXP 	polygon_2: fillColor = '[1. 1. 1.] (rgb)'
47.7072 	EXP 	displayPicture: image = '.\\resources\\arrow02.jpg'
47.7072 	EXP 	polygon_2: opacity = 1.0
47.7072 	EXP 	polygon_2: fillColor = '[1. 1. 1.] (rgb)'
47.7406 	EXP 	displayPicture: image = '.\\resources\\cow.jpg'
47.7406 	EXP 	polygon_2: opacity = 0.0
47.7406 	EXP 	polygon_2: fillColor = '[1. 1. 1.] (rgb)'
47.7572 	EXP 	displayPicture: image = '.\\resources\\cow.jpg'
47.7572 	EXP 	polygon_2: opacity = 0.0
47.7572 	EXP 	polygon_2: fillColor = '[1. 1. 1.] (rgb)'
47.7739 	EXP 	displayPicture: image = '.\\resources\\cow.jpg'
47.7739 	EXP 	polygon_2: opacity = 0.0
47.7739 	EXP 	polygon_2: fillColor = '[1. 1. 1.] (rgb)'
47.7905 	EXP 	displayPicture: image = '.\\resources\\cow.jpg'
47.7905 	EXP 	polygon_2: opacity = 0.0
47.7905 	EXP 	polygon_2: fillColor = '[1. 1. 1.] (rgb)'
47.8072 	EXP 	displayPicture: image = '.\\resources\\cow.jpg'
47.8072 	EXP 	polygon_2: opacity = 0.0
47.8072 	EXP 	polygon_2: fillColor = '[1. 1. 1.] (rgb)'
47.8239 	EXP 	displayPicture: image = '.\\resources\\cow.jpg'
47.8239 	EXP 	polygon_2: opacity = 1.0
47.8239 	EXP 	polygon_2: fillColor = '[1. 1. 1.] (rgb)'
47.8405 	EXP 	displayPicture: image = '.\\resources\\cow.jpg'
47.8405 	EXP 	polygon_2: opacity = 1.0
47.8405 	EXP 	polygon_2: fillColor = '[1. 1. 1.] (rgb)'
47.8572 	EXP 	displayPicture: image = '.\\resources\\cow.jpg'
47.8572 	EXP 	polygon_2: opacity = 1.0
47.8572 	EXP 	polygon_2: fillColor = '[1. 1. 1.] (rgb)'
47.8905 	EXP 	displayPicture: image = '.\\resources\\ladybug03.jpg'
47.8905 	EXP 	polygon_2: opacity = 0.0
47.8905 	EXP 	polygon_2: fillColor = '[1. 1. 1.] (rgb)'
47.9072 	EXP 	displayPicture: image = '.\\resources\\ladybug03.jpg'
47.9072 	EXP 	polygon_2: opacity = 0.0
47.9072 	EXP 	polygon_2: fillColor = '[1. 1. 1.] (rgb)'
47.9239 	EXP 	displayPicture: image = '.\\resources\\ladybug03.jpg'
47.9239 	EXP 	polygon_2: opacity = 0.0
47.9239 	EXP 	polygon_2: fillColor = '[1. 1. 1.] (rgb)'
47.9405 	EXP 	displayPicture: image = '.\\resources\\ladybug03.jpg'
47.9405 	EXP 	polygon_2: opacity = 0.0
47.9405 	EXP 	polygon_2: fillColor = '[1. 1. 1.] (rgb)'
47.9572 	EXP 	displayPicture: image = '.\\resources\\ladybug03.jpg'
47.9572 	EXP 	polygon_2: opacity = 0.0
47.9572 	EXP 	polygon_2: fillColor = '[1. 1. 1.] (rgb)'
47.9739 	EXP 	displayPicture: image = '.\\resources\\ladybug03.jpg'
47.9739 	EXP 	polygon_2: opacity = 1.0
47.9739 	EXP 	polygon_2: fillColor = '[1. 1. 1.] (rgb)'
47.9905 	EXP 	displayPicture: image = '.\\resources\\ladybug03.jpg'
47.9905 	EXP 	polygon_2: opacity = 1.0
47.9905 	EXP 	polygon_2: fillColor = '[1. 1. 1.] (rgb)'
48.0072 	EXP 	displayPicture: image = '.\\resources\\ladybug03.jpg'
48.0072 	EXP 	polygon_2: opacity = 1.0
48.0072 	EXP 	polygon_2: fillColor = '[1. 1. 1.] (rgb)'
48.0239 	EXP 	displayPicture: image = '.\\resources\\key07.jpg'
48.0239 	EXP 	polygon_2: opacity = 0.0
48.0239 	EXP 	polygon_2: fillColor = '[1. 1. 1.] (rgb)'
48.0405 	EXP 	displayPicture: image = '.\\resources\\key07.jpg'
48.0405 	EXP 	polygon_2: opacity = 0.0
48.0405 	EXP 	polygon_2: fillColor = '[1. 1. 1.] (rgb)'
48.0572 	EXP 	displayPicture: image = '.\\resources\\key07.jpg'
48.0572 	EXP 	polygon_2: opacity = 0.0
48.0572 	EXP 	polygon_2: fillColor = '[1. 1. 1.] (rgb)'
48.0739 	EXP 	displayPicture: image = '.\\resources\\key07.jpg'
48.0739 	EXP 	polygon_2: opacity = 0.0
48.0739 	EXP 	polygon_2: fillColor = '[1. 1. 1.] (rgb)'
48.0905 	EXP 	displayPicture: image = '.\\resources\\key07.jpg'
48.0905 	EXP 	polygon_2: opacity = 0.0
48.0905 	EXP 	polygon_2: fillColor = '[1. 1. 1.] (rgb)'
48.1072 	EXP 	displayPicture: image = '.\\resources\\key07.jpg'
48.1072 	EXP 	polygon_2: opacity = 0.0
48.1072 	EXP 	polygon_2: fillColor = '[1. 1. 1.] (rgb)'
48.1239 	EXP 	displayPicture: image = '.\\resources\\key07.jpg'
48.1239 	EXP 	polygon_2: opacity = 1.0
48.1239 	EXP 	polygon_2: fillColor = '[1. 1. 1.] (rgb)'
48.1405 	EXP 	displayPicture: image = '.\\resources\\key07.jpg'
48.1405 	EXP 	polygon_2: opacity = 1.0
48.1405 	EXP 	polygon_2: fillColor = '[1. 1. 1.] (rgb)'
48.1572 	EXP 	displayPicture: image = '.\\resources\\key07.jpg'
48.1572 	EXP 	polygon_2: opacity = 1.0
48.1572 	EXP 	polygon_2: fillColor = '[1. 1. 1.] (rgb)'
48.1738 	EXP 	displayPicture: image = '.\\resources\\parachute.jpg'
48.1738 	EXP 	polygon_2: opacity = 0.0
48.1738 	EXP 	polygon_2: fillColor = '[1. 1. 1.] (rgb)'
48.1905 	EXP 	displayPicture: image = '.\\resources\\parachute.jpg'
48.1905 	EXP 	polygon_2: opacity = 0.0
48.1905 	EXP 	polygon_2: fillColor = '[1. 1. 1.] (rgb)'
48.2072 	EXP 	displayPicture: image = '.\\resources\\parachute.jpg'
48.2072 	EXP 	polygon_2: opacity = 0.0
48.2072 	EXP 	polygon_2: fillColor = '[1. 1. 1.] (rgb)'
48.2238 	EXP 	displayPicture: image = '.\\resources\\parachute.jpg'
48.2238 	EXP 	polygon_2: opacity = 0.0
48.2238 	EXP 	polygon_2: fillColor = '[1. 1. 1.] (rgb)'
48.2405 	EXP 	displayPicture: image = '.\\resources\\parachute.jpg'
48.2405 	EXP 	polygon_2: opacity = 0.0
48.2405 	EXP 	polygon_2: fillColor = '[1. 1. 1.] (rgb)'
48.2572 	EXP 	displayPicture: image = '.\\resources\\parachute.jpg'
48.2572 	EXP 	polygon_2: opacity = 0.0
48.2572 	EXP 	polygon_2: fillColor = '[1. 1. 1.] (rgb)'
48.2739 	EXP 	displayPicture: image = '.\\resources\\parachute.jpg'
48.2739 	EXP 	polygon_2: opacity = 1.0
48.2739 	EXP 	polygon_2: fillColor = '[1. 1. 1.] (rgb)'
48.2905 	EXP 	displayPicture: image = '.\\resources\\parachute.jpg'
48.2905 	EXP 	polygon_2: opacity = 1.0
48.2905 	EXP 	polygon_2: fillColor = '[1. 1. 1.] (rgb)'
48.3072 	EXP 	displayPicture: image = '.\\resources\\parachute.jpg'
48.3072 	EXP 	polygon_2: opacity = 1.0
48.3072 	EXP 	polygon_2: fillColor = '[1. 1. 1.] (rgb)'
48.3239 	EXP 	displayPicture: image = '.\\resources\\eiffeltower.jpg'
48.3239 	EXP 	polygon_2: opacity = 0.0
48.3239 	EXP 	polygon_2: fillColor = '[1. 1. 1.] (rgb)'
48.3405 	EXP 	displayPicture: image = '.\\resources\\eiffeltower.jpg'
48.3405 	EXP 	polygon_2: opacity = 0.0
48.3405 	EXP 	polygon_2: fillColor = '[1. 1. 1.] (rgb)'
48.3572 	EXP 	displayPicture: image = '.\\resources\\eiffeltower.jpg'
48.3572 	EXP 	polygon_2: opacity = 0.0
48.3572 	EXP 	polygon_2: fillColor = '[1. 1. 1.] (rgb)'
48.3739 	EXP 	displayPicture: image = '.\\resources\\eiffeltower.jpg'
48.3739 	EXP 	polygon_2: opacity = 0.0
48.3739 	EXP 	polygon_2: fillColor = '[1. 1. 1.] (rgb)'
48.3905 	EXP 	displayPicture: image = '.\\resources\\eiffeltower.jpg'
48.3905 	EXP 	polygon_2: opacity = 0.0
48.3905 	EXP 	polygon_2: fillColor = '[1. 1. 1.] (rgb)'
48.4072 	EXP 	displayPicture: image = '.\\resources\\eiffeltower.jpg'
48.4072 	EXP 	polygon_2: opacity = 0.0
48.4072 	EXP 	polygon_2: fillColor = '[1. 1. 1.] (rgb)'
48.4239 	EXP 	displayPicture: image = '.\\resources\\eiffeltower.jpg'
48.4239 	EXP 	polygon_2: opacity = 1.0
48.4239 	EXP 	polygon_2: fillColor = '[1. 1. 1.] (rgb)'
48.4405 	EXP 	displayPicture: image = '.\\resources\\eiffeltower.jpg'
48.4405 	EXP 	polygon_2: opacity = 1.0
48.4405 	EXP 	polygon_2: fillColor = '[1. 1. 1.] (rgb)'
48.4572 	EXP 	displayPicture: image = '.\\resources\\eiffeltower.jpg'
48.4572 	EXP 	polygon_2: opacity = 1.0
48.4572 	EXP 	polygon_2: fillColor = '[1. 1. 1.] (rgb)'
48.4905 	EXP 	displayPicture: image = '.\\resources\\candycane01a.jpg'
48.4905 	EXP 	polygon_2: opacity = 0.0
48.4905 	EXP 	polygon_2: fillColor = '[1. 1. 1.] (rgb)'
48.5072 	EXP 	displayPicture: image = '.\\resources\\candycane01a.jpg'
48.5072 	EXP 	polygon_2: opacity = 0.0
48.5072 	EXP 	polygon_2: fillColor = '[1. 1. 1.] (rgb)'
48.5239 	EXP 	displayPicture: image = '.\\resources\\candycane01a.jpg'
48.5239 	EXP 	polygon_2: opacity = 0.0
48.5239 	EXP 	polygon_2: fillColor = '[1. 1. 1.] (rgb)'
48.5405 	EXP 	displayPicture: image = '.\\resources\\candycane01a.jpg'
48.5405 	EXP 	polygon_2: opacity = 0.0
48.5405 	EXP 	polygon_2: fillColor = '[1. 1. 1.] (rgb)'
48.5572 	EXP 	displayPicture: image = '.\\resources\\candycane01a.jpg'
48.5572 	EXP 	polygon_2: opacity = 0.0
48.5572 	EXP 	polygon_2: fillColor = '[1. 1. 1.] (rgb)'
48.5739 	EXP 	displayPicture: image = '.\\resources\\candycane01a.jpg'
48.5739 	EXP 	polygon_2: opacity = 1.0
48.5739 	EXP 	polygon_2: fillColor = '[1. 1. 1.] (rgb)'
48.5905 	EXP 	displayPicture: image = '.\\resources\\candycane01a.jpg'
48.5905 	EXP 	polygon_2: opacity = 1.0
48.5905 	EXP 	polygon_2: fillColor = '[1. 1. 1.] (rgb)'
48.6072 	EXP 	displayPicture: image = '.\\resources\\candycane01a.jpg'
48.6072 	EXP 	polygon_2: opacity = 1.0
48.6072 	EXP 	polygon_2: fillColor = '[1. 1. 1.] (rgb)'
48.6238 	EXP 	displayPicture: image = '.\\resources\\tennisracket.jpg'
48.6238 	EXP 	polygon_2: opacity = 0.0
48.6238 	EXP 	polygon_2: fillColor = '[1. 1. 1.] (rgb)'
48.6405 	EXP 	displayPicture: image = '.\\resources\\tennisracket.jpg'
48.6405 	EXP 	polygon_2: opacity = 0.0
48.6405 	EXP 	polygon_2: fillColor = '[1. 1. 1.] (rgb)'
48.6571 	EXP 	displayPicture: image = '.\\resources\\tennisracket.jpg'
48.6571 	EXP 	polygon_2: opacity = 0.0
48.6571 	EXP 	polygon_2: fillColor = '[1. 1. 1.] (rgb)'
48.6738 	EXP 	displayPicture: image = '.\\resources\\tennisracket.jpg'
48.6738 	EXP 	polygon_2: opacity = 0.0
48.6738 	EXP 	polygon_2: fillColor = '[1. 1. 1.] (rgb)'
48.6905 	EXP 	displayPicture: image = '.\\resources\\tennisracket.jpg'
48.6905 	EXP 	polygon_2: opacity = 0.0
48.6905 	EXP 	polygon_2: fillColor = '[1. 1. 1.] (rgb)'
48.7071 	EXP 	displayPicture: image = '.\\resources\\tennisracket.jpg'
48.7071 	EXP 	polygon_2: opacity = 0.0
48.7071 	EXP 	polygon_2: fillColor = '[1. 1. 1.] (rgb)'
48.7238 	EXP 	displayPicture: image = '.\\resources\\tennisracket.jpg'
48.7238 	EXP 	polygon_2: opacity = 1.0
48.7238 	EXP 	polygon_2: fillColor = '[1. 1. 1.] (rgb)'
48.7405 	EXP 	displayPicture: image = '.\\resources\\tennisracket.jpg'
48.7405 	EXP 	polygon_2: opacity = 1.0
48.7405 	EXP 	polygon_2: fillColor = '[1. 1. 1.] (rgb)'
48.7571 	EXP 	displayPicture: image = '.\\resources\\tennisracket.jpg'
48.7571 	EXP 	polygon_2: opacity = 1.0
48.7571 	EXP 	polygon_2: fillColor = '[1. 1. 1.] (rgb)'
48.7905 	EXP 	displayPicture: image = '.\\resources\\punchingbag.jpg'
48.7905 	EXP 	polygon_2: opacity = 0.0
48.7905 	EXP 	polygon_2: fillColor = '[1. 1. 1.] (rgb)'
48.8071 	EXP 	displayPicture: image = '.\\resources\\punchingbag.jpg'
48.8071 	EXP 	polygon_2: opacity = 0.0
48.8071 	EXP 	polygon_2: fillColor = '[1. 1. 1.] (rgb)'
48.8238 	EXP 	displayPicture: image = '.\\resources\\punchingbag.jpg'
48.8238 	EXP 	polygon_2: opacity = 0.0
48.8238 	EXP 	polygon_2: fillColor = '[1. 1. 1.] (rgb)'
48.8405 	EXP 	displayPicture: image = '.\\resources\\punchingbag.jpg'
48.8405 	EXP 	polygon_2: opacity = 0.0
48.8405 	EXP 	polygon_2: fillColor = '[1. 1. 1.] (rgb)'
48.8571 	EXP 	displayPicture: image = '.\\resources\\punchingbag.jpg'
48.8571 	EXP 	polygon_2: opacity = 0.0
48.8571 	EXP 	polygon_2: fillColor = '[1. 1. 1.] (rgb)'
48.8738 	EXP 	displayPicture: image = '.\\resources\\punchingbag.jpg'
48.8738 	EXP 	polygon_2: opacity = 1.0
48.8738 	EXP 	polygon_2: fillColor = '[1. 1. 1.] (rgb)'
48.8905 	EXP 	displayPicture: image = '.\\resources\\punchingbag.jpg'
48.8905 	EXP 	polygon_2: opacity = 1.0
48.8905 	EXP 	polygon_2: fillColor = '[1. 1. 1.] (rgb)'
48.9071 	EXP 	displayPicture: image = '.\\resources\\punchingbag.jpg'
48.9071 	EXP 	polygon_2: opacity = 1.0
48.9071 	EXP 	polygon_2: fillColor = '[1. 1. 1.] (rgb)'
48.9238 	EXP 	displayPicture: image = '.\\resources\\mouse.jpg'
48.9238 	EXP 	polygon_2: opacity = 0.0
48.9238 	EXP 	polygon_2: fillColor = '[1. 1. 1.] (rgb)'
48.9405 	EXP 	displayPicture: image = '.\\resources\\mouse.jpg'
48.9405 	EXP 	polygon_2: opacity = 0.0
48.9405 	EXP 	polygon_2: fillColor = '[1. 1. 1.] (rgb)'
48.9571 	EXP 	displayPicture: image = '.\\resources\\mouse.jpg'
48.9571 	EXP 	polygon_2: opacity = 0.0
48.9571 	EXP 	polygon_2: fillColor = '[1. 1. 1.] (rgb)'
48.9738 	EXP 	displayPicture: image = '.\\resources\\mouse.jpg'
48.9738 	EXP 	polygon_2: opacity = 0.0
48.9738 	EXP 	polygon_2: fillColor = '[1. 1. 1.] (rgb)'
48.9904 	EXP 	displayPicture: image = '.\\resources\\mouse.jpg'
48.9904 	EXP 	polygon_2: opacity = 0.0
48.9904 	EXP 	polygon_2: fillColor = '[1. 1. 1.] (rgb)'
49.0071 	EXP 	displayPicture: image = '.\\resources\\mouse.jpg'
49.0071 	EXP 	polygon_2: opacity = 0.0
49.0071 	EXP 	polygon_2: fillColor = '[1. 1. 1.] (rgb)'
49.0238 	EXP 	displayPicture: image = '.\\resources\\mouse.jpg'
49.0238 	EXP 	polygon_2: opacity = 1.0
49.0238 	EXP 	polygon_2: fillColor = '[1. 1. 1.] (rgb)'
49.0405 	EXP 	displayPicture: image = '.\\resources\\mouse.jpg'
49.0405 	EXP 	polygon_2: opacity = 1.0
49.0405 	EXP 	polygon_2: fillColor = '[1. 1. 1.] (rgb)'
49.0571 	EXP 	displayPicture: image = '.\\resources\\mouse.jpg'
49.0571 	EXP 	polygon_2: opacity = 1.0
49.0571 	EXP 	polygon_2: fillColor = '[1. 1. 1.] (rgb)'
49.0738 	EXP 	displayPicture: image = '.\\resources\\sink.jpg'
49.0738 	EXP 	polygon_2: opacity = 0.0
49.0738 	EXP 	polygon_2: fillColor = '[1. 1. 1.] (rgb)'
49.0905 	EXP 	displayPicture: image = '.\\resources\\sink.jpg'
49.0905 	EXP 	polygon_2: opacity = 0.0
49.0905 	EXP 	polygon_2: fillColor = '[1. 1. 1.] (rgb)'
49.1071 	EXP 	displayPicture: image = '.\\resources\\sink.jpg'
49.1071 	EXP 	polygon_2: opacity = 0.0
49.1071 	EXP 	polygon_2: fillColor = '[1. 1. 1.] (rgb)'
49.1238 	EXP 	displayPicture: image = '.\\resources\\sink.jpg'
49.1238 	EXP 	polygon_2: opacity = 0.0
49.1238 	EXP 	polygon_2: fillColor = '[1. 1. 1.] (rgb)'
49.1405 	EXP 	displayPicture: image = '.\\resources\\sink.jpg'
49.1405 	EXP 	polygon_2: opacity = 0.0
49.1405 	EXP 	polygon_2: fillColor = '[1. 1. 1.] (rgb)'
49.1571 	EXP 	displayPicture: image = '.\\resources\\sink.jpg'
49.1571 	EXP 	polygon_2: opacity = 0.0
49.1571 	EXP 	polygon_2: fillColor = '[1. 1. 1.] (rgb)'
49.1738 	EXP 	displayPicture: image = '.\\resources\\sink.jpg'
49.1738 	EXP 	polygon_2: opacity = 1.0
49.1738 	EXP 	polygon_2: fillColor = '[1. 1. 1.] (rgb)'
49.1905 	EXP 	displayPicture: image = '.\\resources\\sink.jpg'
49.1905 	EXP 	polygon_2: opacity = 1.0
49.1905 	EXP 	polygon_2: fillColor = '[1. 1. 1.] (rgb)'
49.2071 	EXP 	displayPicture: image = '.\\resources\\sink.jpg'
49.2071 	EXP 	polygon_2: opacity = 1.0
49.2071 	EXP 	polygon_2: fillColor = '[1. 1. 1.] (rgb)'
49.2404 	EXP 	displayPicture: image = '.\\resources\\sink.jpg'
49.2404 	EXP 	polygon_2: opacity = 0.0
49.2404 	EXP 	polygon_2: fillColor = '[1. 1. 1.] (rgb)'
49.2404 	EXP 	displayPicture: autoDraw = False
49.2404 	EXP 	polygon_2: autoDraw = False
49.2404 	EXP 	option1_t1: image = '.\\resources\\key07.jpg'
49.2404 	EXP 	polygon_4: autoDraw = True
49.2404 	EXP 	option1_t1: autoDraw = True
49.6685 	DATA 	Keypress: right
49.6904 	EXP 	polygon_4: autoDraw = False
49.6904 	EXP 	option1_t1: autoDraw = False
49.6904 	EXP 	option1_t2: image = '.\\resources\\tennisracket.jpg'
49.6904 	EXP 	polygon_5: autoDraw = True
49.6904 	EXP 	option1_t2: autoDraw = True
49.9651 	DATA 	Keypress: right
49.9738 	EXP 	polygon_5: autoDraw = False
49.9738 	EXP 	option1_t2: autoDraw = False
49.9738 	EXP 	feedbackText: text = '2/2 Correct'
49.9738 	EXP 	feedbackText: autoDraw = True
50.9621 	EXP 	New trial (rep=0, index=5): OrderedDict([('trialType', 'AB'), ('cndTyp', 'lag5'), ('lag', 5), ('T1_loc', 3), ('T2_loc', 8), ('stimLen', 0.11), ('isi', 0.04)])
50.9903 	EXP 	feedbackText: autoDraw = False
50.9903 	EXP 	feedbackText: autoDraw = False
50.9903 	EXP 	text: text = ''
50.9903 	EXP 	text: autoDraw = True
50.9903 	EXP 	text: autoDraw = False
50.9903 	EXP 	option1: image = '.\\resources\\tie02.jpg'
50.9903 	EXP 	option2: image = '.\\resources\\candycane01a.jpg'
50.9903 	EXP 	option1: autoDraw = True
50.9903 	EXP 	option2: autoDraw = True
51.0430 	DATA 	Keypress: escape
51.2277 	EXP 	window1: mouseVisible = True
