0.7955 	WARNING 	We strongly recommend you activate the PTB sound engine in PsychoPy prefs as the preferred audio engine. Its timing is vastly superior. Your prefs are currently set to use ['sounddevice', 'PTB', 'pyo', 'pygame'] (in that order).
3.7996 	WARNING 	User requested fullscreen with size [1024  768], but screen is actually [1920, 1080]. Using actual size
4.6807 	EXP 	Created window1 = Window(allowGUI=False, allowStencil=False, args=UNKNOWN, autoLog=True, bitsMode=UNKNOWN, blendMode='avg', bpc=(8, 8, 8), color=array([0., 0., 0.]), colorSpace='rgb', depthBits=8, fullscr=<method-wrapper '__getattribute__' of attributeSetter object at 0x000002178B59FE80>, gamma=None, gammaErrorPolicy='raise', kwargs=UNKNOWN, lms=UNKNOWN, monitor=<psychopy.monitors.calibTools.Monitor object at 0x000002178B4F04E0>, multiSample=False, name='window1', numSamples=2, pos=[0.0, 0.0], screen=0, size=array([1920, 1080]), stencilBits=0, stereo=False, units='height', useFBO=True, useRetina=False, viewOri=0.0, viewPos=None, viewScale=None, waitBlanking=True, winType='pyglet')
4.6811 	EXP 	window1: mouseVisible = True
4.6811 	EXP 	window1: recordFrameIntervals = False
4.8469 	EXP 	window1: recordFrameIntervals = True
5.0304 	EXP 	window1: recordFrameIntervals = False
5.1020 	EXP 	Created polygon = Rect(__class__=<class 'psychopy.visual.rect.Rect'>, autoDraw=False, autoLog=True, closeShape=True, color=method-wrapper(...), colorSpace=None, contrast=1.0, depth=-4.0, fillColor=array([1., 0., 0.]), fillColorSpace='rgb', fillRGB=array([1., 0., 0.]), interpolate=True, lineColor=array([1., 1., 1.]), lineColorSpace='rgb', lineRGB=array([1., 1., 1.]), lineWidth=1, name='polygon', opacity=1.0, ori=array(0.), pos=array([0., 0.]), size=array([0.6, 0.6]), units='height', vertices=ndarray(...), win=Window(...))
5.1069 	EXP 	Created displayPicture = ImageStim(__class__=<class 'psychopy.visual.image.ImageStim'>, autoLog=True, color=array([1., 1., 1.]), colorSpace='rgb', contrast=1.0, depth=-5.0, flipHoriz=False, flipVert=False, image='sin', interpolate=True, mask=None, maskParams=None, name='displayPicture', opacity=1.0, ori=0.0, pos=array([0., 0.]), size=array([0.25, 0.25]), texRes=128, units='height', win=Window(...))
5.1082 	EXP 	Created polygon_2 = ShapeStim(__class__=<class 'psychopy.visual.shape.ShapeStim'>, autoDraw=False, autoLog=True, closeShape=True, contrast=1.0, depth=-6.0, fillColor=array([0., 0., 1.]), fillColorSpace='rgb', interpolate=True, lineColor=array([1., 1., 1.]), lineColorSpace='rgb', lineWidth=1, name='polygon_2', opacity=1.0, ori=array(0.), pos=array([0., 0.]), size=array([1., 1.]), units='height', vertices=ndarray(...), win=Window(...), windingRule=None)
5.1107 	EXP 	Created option1_t1 = ImageStim(__class__=<class 'psychopy.visual.image.ImageStim'>, autoLog=True, color=array([1., 1., 1.]), colorSpace='rgb', contrast=1.0, depth=-1.0, flipHoriz=False, flipVert=False, image='sin', interpolate=True, mask=None, maskParams=None, name='option1_t1', opacity=1.0, ori=0.0, pos=array([-0.3,  0. ]), size=array([0.25, 0.25]), texRes=128, units='height', win=Window(...))
5.1131 	EXP 	Created option2_t1 = ImageStim(__class__=<class 'psychopy.visual.image.ImageStim'>, autoLog=True, color=array([1., 1., 1.]), colorSpace='rgb', contrast=1.0, depth=-2.0, flipHoriz=False, flipVert=False, image='sin', interpolate=True, mask=None, maskParams=None, name='option2_t1', opacity=1.0, ori=0.0, pos=array([0.3, 0. ]), size=array([0.25, 0.25]), texRes=128, units='height', win=Window(...))
5.1156 	EXP 	Created option1_t2 = ImageStim(__class__=<class 'psychopy.visual.image.ImageStim'>, autoLog=True, color=array([1., 1., 1.]), colorSpace='rgb', contrast=1.0, depth=-1.0, flipHoriz=False, flipVert=False, image='sin', interpolate=True, mask=None, maskParams=None, name='option1_t2', opacity=1.0, ori=0.0, pos=array([0.3, 0. ]), size=array([0.25, 0.25]), texRes=128, units='height', win=Window(...))
5.1180 	EXP 	Created option2_t2 = ImageStim(__class__=<class 'psychopy.visual.image.ImageStim'>, autoLog=True, color=array([1., 1., 1.]), colorSpace='rgb', contrast=1.0, depth=-2.0, flipHoriz=False, flipVert=False, image='sin', interpolate=True, mask=None, maskParams=None, name='option2_t2', opacity=1.0, ori=0.0, pos=array([-0.3,  0. ]), size=array([0.25, 0.25]), texRes=128, units='height', win=Window(...))
5.1568 	EXP 	Imported conditionAB.xlsx as conditions, 140 conditions, 9 params
5.1573 	EXP 	Created sequence: random, trialTypes=140, nReps=1, seed=None
5.1576 	EXP 	New trial (rep=0, index=0): OrderedDict([('trialType', 'AB'), ('cndTyp', 'lag2'), ('lag', 2), ('T1_loc', 4), ('gap', 0), ('T2_loc', 6), ('primePos', 103), ('stimLen', 0.2), ('isi', 0.15)])
5.2497 	EXP 	polygon: autoDraw = True
5.2497 	EXP 	polygon: opacity = 0.0
5.2497 	EXP 	displayPicture: autoDraw = True
5.2497 	EXP 	displayPicture: image = 'C:\\Users\\Employee\\Google Drive\\UP\\MyResearch\\TaskProgramming\\AB_pic\\resources\\boxingglove01.jpg'
5.2497 	EXP 	polygon_2: autoDraw = True
5.2497 	EXP 	polygon_2: opacity = 0.0
5.2802 	EXP 	polygon: opacity = 0.0
5.2802 	EXP 	displayPicture: image = 'C:\\Users\\Employee\\Google Drive\\UP\\MyResearch\\TaskProgramming\\AB_pic\\resources\\boxingglove01.jpg'
5.2802 	EXP 	polygon_2: opacity = 0.0
5.3136 	EXP 	polygon: opacity = 0.0
5.3136 	EXP 	displayPicture: image = 'C:\\Users\\Employee\\Google Drive\\UP\\MyResearch\\TaskProgramming\\AB_pic\\resources\\boxingglove01.jpg'
5.3136 	EXP 	polygon_2: opacity = 0.0
5.3299 	EXP 	polygon: opacity = 0.0
5.3299 	EXP 	displayPicture: image = 'C:\\Users\\Employee\\Google Drive\\UP\\MyResearch\\TaskProgramming\\AB_pic\\resources\\boxingglove01.jpg'
5.3299 	EXP 	polygon_2: opacity = 0.0
5.3469 	EXP 	polygon: opacity = 0.0
5.3469 	EXP 	displayPicture: image = 'C:\\Users\\Employee\\Google Drive\\UP\\MyResearch\\TaskProgramming\\AB_pic\\resources\\boxingglove01.jpg'
5.3469 	EXP 	polygon_2: opacity = 0.0
5.3635 	EXP 	polygon: opacity = 0.0
5.3635 	EXP 	displayPicture: image = 'C:\\Users\\Employee\\Google Drive\\UP\\MyResearch\\TaskProgramming\\AB_pic\\resources\\boxingglove01.jpg'
5.3635 	EXP 	polygon_2: opacity = 0.0
5.3804 	EXP 	polygon: opacity = 0.0
5.3804 	EXP 	displayPicture: image = 'C:\\Users\\Employee\\Google Drive\\UP\\MyResearch\\TaskProgramming\\AB_pic\\resources\\boxingglove01.jpg'
5.3804 	EXP 	polygon_2: opacity = 1.0
5.3965 	EXP 	polygon: opacity = 0.0
5.3965 	EXP 	displayPicture: image = 'C:\\Users\\Employee\\Google Drive\\UP\\MyResearch\\TaskProgramming\\AB_pic\\resources\\boxingglove01.jpg'
5.3965 	EXP 	polygon_2: opacity = 1.0
5.4302 	EXP 	polygon: opacity = 0.0
5.4302 	EXP 	displayPicture: image = 'C:\\Users\\Employee\\Google Drive\\UP\\MyResearch\\TaskProgramming\\AB_pic\\resources\\boxingglove01.jpg'
5.4302 	EXP 	polygon_2: opacity = 1.0
5.4471 	EXP 	polygon: opacity = 0.0
5.4471 	EXP 	displayPicture: image = 'C:\\Users\\Employee\\Google Drive\\UP\\MyResearch\\TaskProgramming\\AB_pic\\resources\\boxingglove01.jpg'
5.4471 	EXP 	polygon_2: opacity = 1.0
5.4802 	EXP 	polygon: opacity = 0.0
5.4802 	EXP 	displayPicture: image = 'C:\\Users\\Employee\\Google Drive\\UP\\MyResearch\\TaskProgramming\\AB_pic\\resources\\boxingglove01.jpg'
5.4802 	EXP 	polygon_2: opacity = 1.0
5.4969 	EXP 	polygon: opacity = 0.0
5.4969 	EXP 	displayPicture: image = 'C:\\Users\\Employee\\Google Drive\\UP\\MyResearch\\TaskProgramming\\AB_pic\\resources\\boxingglove01.jpg'
5.4969 	EXP 	polygon_2: opacity = 1.0
5.5135 	EXP 	polygon: opacity = 0.0
5.5135 	EXP 	displayPicture: image = 'C:\\Users\\Employee\\Google Drive\\UP\\MyResearch\\TaskProgramming\\AB_pic\\resources\\boxingglove01.jpg'
5.5135 	EXP 	polygon_2: opacity = 1.0
5.5302 	EXP 	polygon: opacity = 0.0
5.5302 	EXP 	displayPicture: image = 'C:\\Users\\Employee\\Google Drive\\UP\\MyResearch\\TaskProgramming\\AB_pic\\resources\\acorn.jpg'
5.5302 	EXP 	polygon_2: opacity = 0.0
5.5469 	EXP 	polygon: opacity = 0.0
5.5469 	EXP 	displayPicture: image = 'C:\\Users\\Employee\\Google Drive\\UP\\MyResearch\\TaskProgramming\\AB_pic\\resources\\acorn.jpg'
5.5469 	EXP 	polygon_2: opacity = 0.0
5.5635 	EXP 	polygon: opacity = 0.0
5.5635 	EXP 	displayPicture: image = 'C:\\Users\\Employee\\Google Drive\\UP\\MyResearch\\TaskProgramming\\AB_pic\\resources\\acorn.jpg'
5.5635 	EXP 	polygon_2: opacity = 0.0
5.5802 	EXP 	polygon: opacity = 0.0
5.5802 	EXP 	displayPicture: image = 'C:\\Users\\Employee\\Google Drive\\UP\\MyResearch\\TaskProgramming\\AB_pic\\resources\\acorn.jpg'
5.5802 	EXP 	polygon_2: opacity = 0.0
5.5969 	EXP 	polygon: opacity = 0.0
5.5969 	EXP 	displayPicture: image = 'C:\\Users\\Employee\\Google Drive\\UP\\MyResearch\\TaskProgramming\\AB_pic\\resources\\acorn.jpg'
5.5969 	EXP 	polygon_2: opacity = 0.0
5.6135 	EXP 	polygon: opacity = 0.0
5.6135 	EXP 	displayPicture: image = 'C:\\Users\\Employee\\Google Drive\\UP\\MyResearch\\TaskProgramming\\AB_pic\\resources\\acorn.jpg'
5.6135 	EXP 	polygon_2: opacity = 0.0
5.6302 	EXP 	polygon: opacity = 0.0
5.6302 	EXP 	displayPicture: image = 'C:\\Users\\Employee\\Google Drive\\UP\\MyResearch\\TaskProgramming\\AB_pic\\resources\\acorn.jpg'
5.6302 	EXP 	polygon_2: opacity = 0.0
5.6468 	EXP 	polygon: opacity = 0.0
5.6468 	EXP 	displayPicture: image = 'C:\\Users\\Employee\\Google Drive\\UP\\MyResearch\\TaskProgramming\\AB_pic\\resources\\acorn.jpg'
5.6468 	EXP 	polygon_2: opacity = 0.0
5.6635 	EXP 	polygon: opacity = 0.0
5.6635 	EXP 	displayPicture: image = 'C:\\Users\\Employee\\Google Drive\\UP\\MyResearch\\TaskProgramming\\AB_pic\\resources\\acorn.jpg'
5.6635 	EXP 	polygon_2: opacity = 0.0
5.6802 	EXP 	polygon: opacity = 0.0
5.6802 	EXP 	displayPicture: image = 'C:\\Users\\Employee\\Google Drive\\UP\\MyResearch\\TaskProgramming\\AB_pic\\resources\\acorn.jpg'
5.6802 	EXP 	polygon_2: opacity = 0.0
5.6968 	EXP 	polygon: opacity = 0.0
5.6968 	EXP 	displayPicture: image = 'C:\\Users\\Employee\\Google Drive\\UP\\MyResearch\\TaskProgramming\\AB_pic\\resources\\acorn.jpg'
5.6968 	EXP 	polygon_2: opacity = 0.0
5.7135 	EXP 	polygon: opacity = 0.0
5.7135 	EXP 	displayPicture: image = 'C:\\Users\\Employee\\Google Drive\\UP\\MyResearch\\TaskProgramming\\AB_pic\\resources\\acorn.jpg'
5.7135 	EXP 	polygon_2: opacity = 0.0
5.7302 	EXP 	polygon: opacity = 0.0
5.7302 	EXP 	displayPicture: image = 'C:\\Users\\Employee\\Google Drive\\UP\\MyResearch\\TaskProgramming\\AB_pic\\resources\\acorn.jpg'
5.7302 	EXP 	polygon_2: opacity = 1.0
5.7635 	EXP 	polygon: opacity = 0.0
5.7635 	EXP 	displayPicture: image = 'C:\\Users\\Employee\\Google Drive\\UP\\MyResearch\\TaskProgramming\\AB_pic\\resources\\acorn.jpg'
5.7635 	EXP 	polygon_2: opacity = 1.0
5.7802 	EXP 	polygon: opacity = 0.0
5.7802 	EXP 	displayPicture: image = 'C:\\Users\\Employee\\Google Drive\\UP\\MyResearch\\TaskProgramming\\AB_pic\\resources\\acorn.jpg'
5.7802 	EXP 	polygon_2: opacity = 1.0
5.7968 	EXP 	polygon: opacity = 0.0
5.7968 	EXP 	displayPicture: image = 'C:\\Users\\Employee\\Google Drive\\UP\\MyResearch\\TaskProgramming\\AB_pic\\resources\\acorn.jpg'
5.7968 	EXP 	polygon_2: opacity = 1.0
5.8138 	EXP 	polygon: opacity = 0.0
5.8138 	EXP 	displayPicture: image = 'C:\\Users\\Employee\\Google Drive\\UP\\MyResearch\\TaskProgramming\\AB_pic\\resources\\acorn.jpg'
5.8138 	EXP 	polygon_2: opacity = 1.0
5.8302 	EXP 	polygon: opacity = 0.0
5.8302 	EXP 	displayPicture: image = 'C:\\Users\\Employee\\Google Drive\\UP\\MyResearch\\TaskProgramming\\AB_pic\\resources\\acorn.jpg'
5.8302 	EXP 	polygon_2: opacity = 1.0
5.8468 	EXP 	polygon: opacity = 0.0
5.8468 	EXP 	displayPicture: image = 'C:\\Users\\Employee\\Google Drive\\UP\\MyResearch\\TaskProgramming\\AB_pic\\resources\\acorn.jpg'
5.8468 	EXP 	polygon_2: opacity = 1.0
5.8635 	EXP 	polygon: opacity = 0.0
5.8635 	EXP 	displayPicture: image = 'C:\\Users\\Employee\\Google Drive\\UP\\MyResearch\\TaskProgramming\\AB_pic\\resources\\acorn.jpg'
5.8635 	EXP 	polygon_2: opacity = 1.0
5.8802 	EXP 	polygon: opacity = 0.0
5.8802 	EXP 	displayPicture: image = 'C:\\Users\\Employee\\Google Drive\\UP\\MyResearch\\TaskProgramming\\AB_pic\\resources\\stool01.jpg'
5.8802 	EXP 	polygon_2: opacity = 0.0
5.8968 	EXP 	polygon: opacity = 0.0
5.8968 	EXP 	displayPicture: image = 'C:\\Users\\Employee\\Google Drive\\UP\\MyResearch\\TaskProgramming\\AB_pic\\resources\\stool01.jpg'
5.8968 	EXP 	polygon_2: opacity = 0.0
5.9135 	EXP 	polygon: opacity = 0.0
5.9135 	EXP 	displayPicture: image = 'C:\\Users\\Employee\\Google Drive\\UP\\MyResearch\\TaskProgramming\\AB_pic\\resources\\stool01.jpg'
5.9135 	EXP 	polygon_2: opacity = 0.0
5.9302 	EXP 	polygon: opacity = 0.0
5.9302 	EXP 	displayPicture: image = 'C:\\Users\\Employee\\Google Drive\\UP\\MyResearch\\TaskProgramming\\AB_pic\\resources\\stool01.jpg'
5.9302 	EXP 	polygon_2: opacity = 0.0
5.9468 	EXP 	polygon: opacity = 0.0
5.9468 	EXP 	displayPicture: image = 'C:\\Users\\Employee\\Google Drive\\UP\\MyResearch\\TaskProgramming\\AB_pic\\resources\\stool01.jpg'
5.9468 	EXP 	polygon_2: opacity = 0.0
5.9636 	EXP 	polygon: opacity = 0.0
5.9636 	EXP 	displayPicture: image = 'C:\\Users\\Employee\\Google Drive\\UP\\MyResearch\\TaskProgramming\\AB_pic\\resources\\stool01.jpg'
5.9636 	EXP 	polygon_2: opacity = 0.0
5.9803 	EXP 	polygon: opacity = 0.0
5.9803 	EXP 	displayPicture: image = 'C:\\Users\\Employee\\Google Drive\\UP\\MyResearch\\TaskProgramming\\AB_pic\\resources\\stool01.jpg'
5.9803 	EXP 	polygon_2: opacity = 0.0
5.9968 	EXP 	polygon: opacity = 0.0
5.9968 	EXP 	displayPicture: image = 'C:\\Users\\Employee\\Google Drive\\UP\\MyResearch\\TaskProgramming\\AB_pic\\resources\\stool01.jpg'
5.9968 	EXP 	polygon_2: opacity = 0.0
6.0135 	EXP 	polygon: opacity = 0.0
6.0135 	EXP 	displayPicture: image = 'C:\\Users\\Employee\\Google Drive\\UP\\MyResearch\\TaskProgramming\\AB_pic\\resources\\stool01.jpg'
6.0135 	EXP 	polygon_2: opacity = 0.0
6.0302 	EXP 	polygon: opacity = 0.0
6.0302 	EXP 	displayPicture: image = 'C:\\Users\\Employee\\Google Drive\\UP\\MyResearch\\TaskProgramming\\AB_pic\\resources\\stool01.jpg'
6.0302 	EXP 	polygon_2: opacity = 0.0
6.0468 	EXP 	polygon: opacity = 0.0
6.0468 	EXP 	displayPicture: image = 'C:\\Users\\Employee\\Google Drive\\UP\\MyResearch\\TaskProgramming\\AB_pic\\resources\\stool01.jpg'
6.0468 	EXP 	polygon_2: opacity = 0.0
6.0635 	EXP 	polygon: opacity = 0.0
6.0635 	EXP 	displayPicture: image = 'C:\\Users\\Employee\\Google Drive\\UP\\MyResearch\\TaskProgramming\\AB_pic\\resources\\stool01.jpg'
6.0635 	EXP 	polygon_2: opacity = 0.0
6.0802 	EXP 	polygon: opacity = 0.0
6.0802 	EXP 	displayPicture: image = 'C:\\Users\\Employee\\Google Drive\\UP\\MyResearch\\TaskProgramming\\AB_pic\\resources\\stool01.jpg'
6.0802 	EXP 	polygon_2: opacity = 1.0
6.0968 	EXP 	polygon: opacity = 0.0
6.0968 	EXP 	displayPicture: image = 'C:\\Users\\Employee\\Google Drive\\UP\\MyResearch\\TaskProgramming\\AB_pic\\resources\\stool01.jpg'
6.0968 	EXP 	polygon_2: opacity = 1.0
6.1135 	EXP 	polygon: opacity = 0.0
6.1135 	EXP 	displayPicture: image = 'C:\\Users\\Employee\\Google Drive\\UP\\MyResearch\\TaskProgramming\\AB_pic\\resources\\stool01.jpg'
6.1135 	EXP 	polygon_2: opacity = 1.0
6.1302 	EXP 	polygon: opacity = 0.0
6.1302 	EXP 	displayPicture: image = 'C:\\Users\\Employee\\Google Drive\\UP\\MyResearch\\TaskProgramming\\AB_pic\\resources\\stool01.jpg'
6.1302 	EXP 	polygon_2: opacity = 1.0
6.1468 	EXP 	polygon: opacity = 0.0
6.1468 	EXP 	displayPicture: image = 'C:\\Users\\Employee\\Google Drive\\UP\\MyResearch\\TaskProgramming\\AB_pic\\resources\\stool01.jpg'
6.1468 	EXP 	polygon_2: opacity = 1.0
6.1635 	EXP 	polygon: opacity = 0.0
6.1635 	EXP 	displayPicture: image = 'C:\\Users\\Employee\\Google Drive\\UP\\MyResearch\\TaskProgramming\\AB_pic\\resources\\stool01.jpg'
6.1635 	EXP 	polygon_2: opacity = 1.0
6.1802 	EXP 	polygon: opacity = 0.0
6.1802 	EXP 	displayPicture: image = 'C:\\Users\\Employee\\Google Drive\\UP\\MyResearch\\TaskProgramming\\AB_pic\\resources\\stool01.jpg'
6.1802 	EXP 	polygon_2: opacity = 1.0
6.1968 	EXP 	polygon: opacity = 0.0
6.1968 	EXP 	displayPicture: image = 'C:\\Users\\Employee\\Google Drive\\UP\\MyResearch\\TaskProgramming\\AB_pic\\resources\\stool01.jpg'
6.1968 	EXP 	polygon_2: opacity = 1.0
6.2135 	EXP 	polygon: opacity = 0.0
6.2135 	EXP 	displayPicture: image = 'C:\\Users\\Employee\\Google Drive\\UP\\MyResearch\\TaskProgramming\\AB_pic\\resources\\stool01.jpg'
6.2135 	EXP 	polygon_2: opacity = 1.0
6.2301 	EXP 	polygon: opacity = 1.0
6.2301 	EXP 	displayPicture: image = 'C:\\Users\\Employee\\Google Drive\\UP\\MyResearch\\TaskProgramming\\AB_pic\\resources\\cocktailshrimp02.jpg'
6.2301 	EXP 	polygon_2: opacity = 0.0
6.2468 	EXP 	polygon: opacity = 1.0
6.2468 	EXP 	displayPicture: image = 'C:\\Users\\Employee\\Google Drive\\UP\\MyResearch\\TaskProgramming\\AB_pic\\resources\\cocktailshrimp02.jpg'
6.2468 	EXP 	polygon_2: opacity = 0.0
6.2635 	EXP 	polygon: opacity = 1.0
6.2635 	EXP 	displayPicture: image = 'C:\\Users\\Employee\\Google Drive\\UP\\MyResearch\\TaskProgramming\\AB_pic\\resources\\cocktailshrimp02.jpg'
6.2635 	EXP 	polygon_2: opacity = 0.0
6.2798 	EXP 	polygon: opacity = 1.0
6.2798 	EXP 	displayPicture: image = 'C:\\Users\\Employee\\Google Drive\\UP\\MyResearch\\TaskProgramming\\AB_pic\\resources\\cocktailshrimp02.jpg'
6.2798 	EXP 	polygon_2: opacity = 0.0
6.2964 	EXP 	polygon: opacity = 1.0
6.2964 	EXP 	displayPicture: image = 'C:\\Users\\Employee\\Google Drive\\UP\\MyResearch\\TaskProgramming\\AB_pic\\resources\\cocktailshrimp02.jpg'
6.2964 	EXP 	polygon_2: opacity = 0.0
6.3131 	EXP 	polygon: opacity = 1.0
6.3131 	EXP 	displayPicture: image = 'C:\\Users\\Employee\\Google Drive\\UP\\MyResearch\\TaskProgramming\\AB_pic\\resources\\cocktailshrimp02.jpg'
6.3131 	EXP 	polygon_2: opacity = 0.0
6.3298 	EXP 	polygon: opacity = 1.0
6.3298 	EXP 	displayPicture: image = 'C:\\Users\\Employee\\Google Drive\\UP\\MyResearch\\TaskProgramming\\AB_pic\\resources\\cocktailshrimp02.jpg'
6.3298 	EXP 	polygon_2: opacity = 0.0
6.3464 	EXP 	polygon: opacity = 1.0
6.3464 	EXP 	displayPicture: image = 'C:\\Users\\Employee\\Google Drive\\UP\\MyResearch\\TaskProgramming\\AB_pic\\resources\\cocktailshrimp02.jpg'
6.3464 	EXP 	polygon_2: opacity = 0.0
6.3631 	EXP 	polygon: opacity = 1.0
6.3631 	EXP 	displayPicture: image = 'C:\\Users\\Employee\\Google Drive\\UP\\MyResearch\\TaskProgramming\\AB_pic\\resources\\cocktailshrimp02.jpg'
6.3631 	EXP 	polygon_2: opacity = 0.0
6.3798 	EXP 	polygon: opacity = 1.0
6.3798 	EXP 	displayPicture: image = 'C:\\Users\\Employee\\Google Drive\\UP\\MyResearch\\TaskProgramming\\AB_pic\\resources\\cocktailshrimp02.jpg'
6.3798 	EXP 	polygon_2: opacity = 0.0
6.3964 	EXP 	polygon: opacity = 1.0
6.3964 	EXP 	displayPicture: image = 'C:\\Users\\Employee\\Google Drive\\UP\\MyResearch\\TaskProgramming\\AB_pic\\resources\\cocktailshrimp02.jpg'
6.3964 	EXP 	polygon_2: opacity = 0.0
6.4131 	EXP 	polygon: opacity = 1.0
6.4131 	EXP 	displayPicture: image = 'C:\\Users\\Employee\\Google Drive\\UP\\MyResearch\\TaskProgramming\\AB_pic\\resources\\cocktailshrimp02.jpg'
6.4131 	EXP 	polygon_2: opacity = 0.0
6.4297 	EXP 	polygon: opacity = 1.0
6.4297 	EXP 	displayPicture: image = 'C:\\Users\\Employee\\Google Drive\\UP\\MyResearch\\TaskProgramming\\AB_pic\\resources\\cocktailshrimp02.jpg'
6.4297 	EXP 	polygon_2: opacity = 1.0
6.4464 	EXP 	polygon: opacity = 1.0
6.4464 	EXP 	displayPicture: image = 'C:\\Users\\Employee\\Google Drive\\UP\\MyResearch\\TaskProgramming\\AB_pic\\resources\\cocktailshrimp02.jpg'
6.4464 	EXP 	polygon_2: opacity = 1.0
6.4631 	EXP 	polygon: opacity = 1.0
6.4631 	EXP 	displayPicture: image = 'C:\\Users\\Employee\\Google Drive\\UP\\MyResearch\\TaskProgramming\\AB_pic\\resources\\cocktailshrimp02.jpg'
6.4631 	EXP 	polygon_2: opacity = 1.0
6.4798 	EXP 	polygon: opacity = 1.0
6.4798 	EXP 	displayPicture: image = 'C:\\Users\\Employee\\Google Drive\\UP\\MyResearch\\TaskProgramming\\AB_pic\\resources\\cocktailshrimp02.jpg'
6.4798 	EXP 	polygon_2: opacity = 1.0
6.4964 	EXP 	polygon: opacity = 1.0
6.4964 	EXP 	displayPicture: image = 'C:\\Users\\Employee\\Google Drive\\UP\\MyResearch\\TaskProgramming\\AB_pic\\resources\\cocktailshrimp02.jpg'
6.4964 	EXP 	polygon_2: opacity = 1.0
6.5131 	EXP 	polygon: opacity = 1.0
6.5131 	EXP 	displayPicture: image = 'C:\\Users\\Employee\\Google Drive\\UP\\MyResearch\\TaskProgramming\\AB_pic\\resources\\cocktailshrimp02.jpg'
6.5131 	EXP 	polygon_2: opacity = 1.0
6.5298 	EXP 	polygon: opacity = 1.0
6.5298 	EXP 	displayPicture: image = 'C:\\Users\\Employee\\Google Drive\\UP\\MyResearch\\TaskProgramming\\AB_pic\\resources\\cocktailshrimp02.jpg'
6.5298 	EXP 	polygon_2: opacity = 1.0
6.5464 	EXP 	polygon: opacity = 1.0
6.5464 	EXP 	displayPicture: image = 'C:\\Users\\Employee\\Google Drive\\UP\\MyResearch\\TaskProgramming\\AB_pic\\resources\\cocktailshrimp02.jpg'
6.5464 	EXP 	polygon_2: opacity = 1.0
6.5631 	EXP 	polygon: opacity = 1.0
6.5631 	EXP 	displayPicture: image = 'C:\\Users\\Employee\\Google Drive\\UP\\MyResearch\\TaskProgramming\\AB_pic\\resources\\cocktailshrimp02.jpg'
6.5631 	EXP 	polygon_2: opacity = 1.0
6.5798 	EXP 	polygon: opacity = 0.0
6.5798 	EXP 	displayPicture: image = 'C:\\Users\\Employee\\Google Drive\\UP\\MyResearch\\TaskProgramming\\AB_pic\\resources\\blender.jpg'
6.5798 	EXP 	polygon_2: opacity = 0.0
6.5964 	EXP 	polygon: opacity = 0.0
6.5964 	EXP 	displayPicture: image = 'C:\\Users\\Employee\\Google Drive\\UP\\MyResearch\\TaskProgramming\\AB_pic\\resources\\blender.jpg'
6.5964 	EXP 	polygon_2: opacity = 0.0
6.6131 	EXP 	polygon: opacity = 0.0
6.6131 	EXP 	displayPicture: image = 'C:\\Users\\Employee\\Google Drive\\UP\\MyResearch\\TaskProgramming\\AB_pic\\resources\\blender.jpg'
6.6131 	EXP 	polygon_2: opacity = 0.0
6.6297 	EXP 	polygon: opacity = 0.0
6.6297 	EXP 	displayPicture: image = 'C:\\Users\\Employee\\Google Drive\\UP\\MyResearch\\TaskProgramming\\AB_pic\\resources\\blender.jpg'
6.6297 	EXP 	polygon_2: opacity = 0.0
6.6464 	EXP 	polygon: opacity = 0.0
6.6464 	EXP 	displayPicture: image = 'C:\\Users\\Employee\\Google Drive\\UP\\MyResearch\\TaskProgramming\\AB_pic\\resources\\blender.jpg'
6.6464 	EXP 	polygon_2: opacity = 0.0
6.6631 	EXP 	polygon: opacity = 0.0
6.6631 	EXP 	displayPicture: image = 'C:\\Users\\Employee\\Google Drive\\UP\\MyResearch\\TaskProgramming\\AB_pic\\resources\\blender.jpg'
6.6631 	EXP 	polygon_2: opacity = 0.0
6.6797 	EXP 	polygon: opacity = 0.0
6.6797 	EXP 	displayPicture: image = 'C:\\Users\\Employee\\Google Drive\\UP\\MyResearch\\TaskProgramming\\AB_pic\\resources\\blender.jpg'
6.6797 	EXP 	polygon_2: opacity = 0.0
6.6964 	EXP 	polygon: opacity = 0.0
6.6964 	EXP 	displayPicture: image = 'C:\\Users\\Employee\\Google Drive\\UP\\MyResearch\\TaskProgramming\\AB_pic\\resources\\blender.jpg'
6.6964 	EXP 	polygon_2: opacity = 0.0
6.7131 	EXP 	polygon: opacity = 0.0
6.7131 	EXP 	displayPicture: image = 'C:\\Users\\Employee\\Google Drive\\UP\\MyResearch\\TaskProgramming\\AB_pic\\resources\\blender.jpg'
6.7131 	EXP 	polygon_2: opacity = 0.0
6.7297 	EXP 	polygon: opacity = 0.0
6.7297 	EXP 	displayPicture: image = 'C:\\Users\\Employee\\Google Drive\\UP\\MyResearch\\TaskProgramming\\AB_pic\\resources\\blender.jpg'
6.7297 	EXP 	polygon_2: opacity = 0.0
6.7464 	EXP 	polygon: opacity = 0.0
6.7464 	EXP 	displayPicture: image = 'C:\\Users\\Employee\\Google Drive\\UP\\MyResearch\\TaskProgramming\\AB_pic\\resources\\blender.jpg'
6.7464 	EXP 	polygon_2: opacity = 0.0
6.7631 	EXP 	polygon: opacity = 0.0
6.7631 	EXP 	displayPicture: image = 'C:\\Users\\Employee\\Google Drive\\UP\\MyResearch\\TaskProgramming\\AB_pic\\resources\\blender.jpg'
6.7631 	EXP 	polygon_2: opacity = 0.0
6.7797 	EXP 	polygon: opacity = 0.0
6.7797 	EXP 	displayPicture: image = 'C:\\Users\\Employee\\Google Drive\\UP\\MyResearch\\TaskProgramming\\AB_pic\\resources\\blender.jpg'
6.7797 	EXP 	polygon_2: opacity = 1.0
6.7964 	EXP 	polygon: opacity = 0.0
6.7964 	EXP 	displayPicture: image = 'C:\\Users\\Employee\\Google Drive\\UP\\MyResearch\\TaskProgramming\\AB_pic\\resources\\blender.jpg'
6.7964 	EXP 	polygon_2: opacity = 1.0
6.8130 	EXP 	polygon: opacity = 0.0
6.8130 	EXP 	displayPicture: image = 'C:\\Users\\Employee\\Google Drive\\UP\\MyResearch\\TaskProgramming\\AB_pic\\resources\\blender.jpg'
6.8130 	EXP 	polygon_2: opacity = 1.0
6.8298 	EXP 	polygon: opacity = 0.0
6.8298 	EXP 	displayPicture: image = 'C:\\Users\\Employee\\Google Drive\\UP\\MyResearch\\TaskProgramming\\AB_pic\\resources\\blender.jpg'
6.8298 	EXP 	polygon_2: opacity = 1.0
6.8464 	EXP 	polygon: opacity = 0.0
6.8464 	EXP 	displayPicture: image = 'C:\\Users\\Employee\\Google Drive\\UP\\MyResearch\\TaskProgramming\\AB_pic\\resources\\blender.jpg'
6.8464 	EXP 	polygon_2: opacity = 1.0
6.8631 	EXP 	polygon: opacity = 0.0
6.8631 	EXP 	displayPicture: image = 'C:\\Users\\Employee\\Google Drive\\UP\\MyResearch\\TaskProgramming\\AB_pic\\resources\\blender.jpg'
6.8631 	EXP 	polygon_2: opacity = 1.0
6.8797 	EXP 	polygon: opacity = 0.0
6.8797 	EXP 	displayPicture: image = 'C:\\Users\\Employee\\Google Drive\\UP\\MyResearch\\TaskProgramming\\AB_pic\\resources\\blender.jpg'
6.8797 	EXP 	polygon_2: opacity = 1.0
6.8964 	EXP 	polygon: opacity = 0.0
6.8964 	EXP 	displayPicture: image = 'C:\\Users\\Employee\\Google Drive\\UP\\MyResearch\\TaskProgramming\\AB_pic\\resources\\blender.jpg'
6.8964 	EXP 	polygon_2: opacity = 1.0
6.9130 	EXP 	polygon: opacity = 0.0
6.9130 	EXP 	displayPicture: image = 'C:\\Users\\Employee\\Google Drive\\UP\\MyResearch\\TaskProgramming\\AB_pic\\resources\\blender.jpg'
6.9130 	EXP 	polygon_2: opacity = 1.0
6.9297 	EXP 	polygon: opacity = 1.0
6.9297 	EXP 	displayPicture: image = 'C:\\Users\\Employee\\Google Drive\\UP\\MyResearch\\TaskProgramming\\AB_pic\\resources\\bathtub.jpg'
6.9297 	EXP 	polygon_2: opacity = 0.0
6.9464 	EXP 	polygon: opacity = 1.0
6.9464 	EXP 	displayPicture: image = 'C:\\Users\\Employee\\Google Drive\\UP\\MyResearch\\TaskProgramming\\AB_pic\\resources\\bathtub.jpg'
6.9464 	EXP 	polygon_2: opacity = 0.0
6.9630 	EXP 	polygon: opacity = 1.0
6.9630 	EXP 	displayPicture: image = 'C:\\Users\\Employee\\Google Drive\\UP\\MyResearch\\TaskProgramming\\AB_pic\\resources\\bathtub.jpg'
6.9630 	EXP 	polygon_2: opacity = 0.0
6.9797 	EXP 	polygon: opacity = 1.0
6.9797 	EXP 	displayPicture: image = 'C:\\Users\\Employee\\Google Drive\\UP\\MyResearch\\TaskProgramming\\AB_pic\\resources\\bathtub.jpg'
6.9797 	EXP 	polygon_2: opacity = 0.0
6.9964 	EXP 	polygon: opacity = 1.0
6.9964 	EXP 	displayPicture: image = 'C:\\Users\\Employee\\Google Drive\\UP\\MyResearch\\TaskProgramming\\AB_pic\\resources\\bathtub.jpg'
6.9964 	EXP 	polygon_2: opacity = 0.0
7.0130 	EXP 	polygon: opacity = 1.0
7.0130 	EXP 	displayPicture: image = 'C:\\Users\\Employee\\Google Drive\\UP\\MyResearch\\TaskProgramming\\AB_pic\\resources\\bathtub.jpg'
7.0130 	EXP 	polygon_2: opacity = 0.0
7.0297 	EXP 	polygon: opacity = 1.0
7.0297 	EXP 	displayPicture: image = 'C:\\Users\\Employee\\Google Drive\\UP\\MyResearch\\TaskProgramming\\AB_pic\\resources\\bathtub.jpg'
7.0297 	EXP 	polygon_2: opacity = 0.0
7.0463 	EXP 	polygon: opacity = 1.0
7.0463 	EXP 	displayPicture: image = 'C:\\Users\\Employee\\Google Drive\\UP\\MyResearch\\TaskProgramming\\AB_pic\\resources\\bathtub.jpg'
7.0463 	EXP 	polygon_2: opacity = 0.0
7.0630 	EXP 	polygon: opacity = 1.0
7.0630 	EXP 	displayPicture: image = 'C:\\Users\\Employee\\Google Drive\\UP\\MyResearch\\TaskProgramming\\AB_pic\\resources\\bathtub.jpg'
7.0630 	EXP 	polygon_2: opacity = 0.0
7.0797 	EXP 	polygon: opacity = 1.0
7.0797 	EXP 	displayPicture: image = 'C:\\Users\\Employee\\Google Drive\\UP\\MyResearch\\TaskProgramming\\AB_pic\\resources\\bathtub.jpg'
7.0797 	EXP 	polygon_2: opacity = 0.0
7.0964 	EXP 	polygon: opacity = 1.0
7.0964 	EXP 	displayPicture: image = 'C:\\Users\\Employee\\Google Drive\\UP\\MyResearch\\TaskProgramming\\AB_pic\\resources\\bathtub.jpg'
7.0964 	EXP 	polygon_2: opacity = 0.0
7.1130 	EXP 	polygon: opacity = 1.0
7.1130 	EXP 	displayPicture: image = 'C:\\Users\\Employee\\Google Drive\\UP\\MyResearch\\TaskProgramming\\AB_pic\\resources\\bathtub.jpg'
7.1130 	EXP 	polygon_2: opacity = 0.0
7.1297 	EXP 	polygon: opacity = 1.0
7.1297 	EXP 	displayPicture: image = 'C:\\Users\\Employee\\Google Drive\\UP\\MyResearch\\TaskProgramming\\AB_pic\\resources\\bathtub.jpg'
7.1297 	EXP 	polygon_2: opacity = 1.0
7.1464 	EXP 	polygon: opacity = 1.0
7.1464 	EXP 	displayPicture: image = 'C:\\Users\\Employee\\Google Drive\\UP\\MyResearch\\TaskProgramming\\AB_pic\\resources\\bathtub.jpg'
7.1464 	EXP 	polygon_2: opacity = 1.0
7.1630 	EXP 	polygon: opacity = 1.0
7.1630 	EXP 	displayPicture: image = 'C:\\Users\\Employee\\Google Drive\\UP\\MyResearch\\TaskProgramming\\AB_pic\\resources\\bathtub.jpg'
7.1630 	EXP 	polygon_2: opacity = 1.0
7.1797 	EXP 	polygon: opacity = 1.0
7.1797 	EXP 	displayPicture: image = 'C:\\Users\\Employee\\Google Drive\\UP\\MyResearch\\TaskProgramming\\AB_pic\\resources\\bathtub.jpg'
7.1797 	EXP 	polygon_2: opacity = 1.0
7.1964 	EXP 	polygon: opacity = 1.0
7.1964 	EXP 	displayPicture: image = 'C:\\Users\\Employee\\Google Drive\\UP\\MyResearch\\TaskProgramming\\AB_pic\\resources\\bathtub.jpg'
7.1964 	EXP 	polygon_2: opacity = 1.0
7.2130 	EXP 	polygon: opacity = 1.0
7.2130 	EXP 	displayPicture: image = 'C:\\Users\\Employee\\Google Drive\\UP\\MyResearch\\TaskProgramming\\AB_pic\\resources\\bathtub.jpg'
7.2130 	EXP 	polygon_2: opacity = 1.0
7.2297 	EXP 	polygon: opacity = 1.0
7.2297 	EXP 	displayPicture: image = 'C:\\Users\\Employee\\Google Drive\\UP\\MyResearch\\TaskProgramming\\AB_pic\\resources\\bathtub.jpg'
7.2297 	EXP 	polygon_2: opacity = 1.0
7.2464 	EXP 	polygon: opacity = 1.0
7.2464 	EXP 	displayPicture: image = 'C:\\Users\\Employee\\Google Drive\\UP\\MyResearch\\TaskProgramming\\AB_pic\\resources\\bathtub.jpg'
7.2464 	EXP 	polygon_2: opacity = 1.0
7.2630 	EXP 	polygon: opacity = 1.0
7.2630 	EXP 	displayPicture: image = 'C:\\Users\\Employee\\Google Drive\\UP\\MyResearch\\TaskProgramming\\AB_pic\\resources\\bathtub.jpg'
7.2630 	EXP 	polygon_2: opacity = 1.0
7.2797 	EXP 	polygon: opacity = 0.0
7.2797 	EXP 	displayPicture: image = 'C:\\Users\\Employee\\Google Drive\\UP\\MyResearch\\TaskProgramming\\AB_pic\\resources\\crown.jpg'
7.2797 	EXP 	polygon_2: opacity = 0.0
7.2964 	EXP 	polygon: opacity = 0.0
7.2964 	EXP 	displayPicture: image = 'C:\\Users\\Employee\\Google Drive\\UP\\MyResearch\\TaskProgramming\\AB_pic\\resources\\crown.jpg'
7.2964 	EXP 	polygon_2: opacity = 0.0
7.3130 	EXP 	polygon: opacity = 0.0
7.3130 	EXP 	displayPicture: image = 'C:\\Users\\Employee\\Google Drive\\UP\\MyResearch\\TaskProgramming\\AB_pic\\resources\\crown.jpg'
7.3130 	EXP 	polygon_2: opacity = 0.0
7.3297 	EXP 	polygon: opacity = 0.0
7.3297 	EXP 	displayPicture: image = 'C:\\Users\\Employee\\Google Drive\\UP\\MyResearch\\TaskProgramming\\AB_pic\\resources\\crown.jpg'
7.3297 	EXP 	polygon_2: opacity = 0.0
7.3464 	EXP 	polygon: opacity = 0.0
7.3464 	EXP 	displayPicture: image = 'C:\\Users\\Employee\\Google Drive\\UP\\MyResearch\\TaskProgramming\\AB_pic\\resources\\crown.jpg'
7.3464 	EXP 	polygon_2: opacity = 0.0
7.3630 	EXP 	polygon: opacity = 0.0
7.3630 	EXP 	displayPicture: image = 'C:\\Users\\Employee\\Google Drive\\UP\\MyResearch\\TaskProgramming\\AB_pic\\resources\\crown.jpg'
7.3630 	EXP 	polygon_2: opacity = 0.0
7.3797 	EXP 	polygon: opacity = 0.0
7.3797 	EXP 	displayPicture: image = 'C:\\Users\\Employee\\Google Drive\\UP\\MyResearch\\TaskProgramming\\AB_pic\\resources\\crown.jpg'
7.3797 	EXP 	polygon_2: opacity = 0.0
7.3964 	EXP 	polygon: opacity = 0.0
7.3964 	EXP 	displayPicture: image = 'C:\\Users\\Employee\\Google Drive\\UP\\MyResearch\\TaskProgramming\\AB_pic\\resources\\crown.jpg'
7.3964 	EXP 	polygon_2: opacity = 0.0
7.4130 	EXP 	polygon: opacity = 0.0
7.4130 	EXP 	displayPicture: image = 'C:\\Users\\Employee\\Google Drive\\UP\\MyResearch\\TaskProgramming\\AB_pic\\resources\\crown.jpg'
7.4130 	EXP 	polygon_2: opacity = 0.0
7.4297 	EXP 	polygon: opacity = 0.0
7.4297 	EXP 	displayPicture: image = 'C:\\Users\\Employee\\Google Drive\\UP\\MyResearch\\TaskProgramming\\AB_pic\\resources\\crown.jpg'
7.4297 	EXP 	polygon_2: opacity = 0.0
7.4464 	EXP 	polygon: opacity = 0.0
7.4464 	EXP 	displayPicture: image = 'C:\\Users\\Employee\\Google Drive\\UP\\MyResearch\\TaskProgramming\\AB_pic\\resources\\crown.jpg'
7.4464 	EXP 	polygon_2: opacity = 0.0
7.4630 	EXP 	polygon: opacity = 0.0
7.4630 	EXP 	displayPicture: image = 'C:\\Users\\Employee\\Google Drive\\UP\\MyResearch\\TaskProgramming\\AB_pic\\resources\\crown.jpg'
7.4630 	EXP 	polygon_2: opacity = 0.0
7.4797 	EXP 	polygon: opacity = 0.0
7.4797 	EXP 	displayPicture: image = 'C:\\Users\\Employee\\Google Drive\\UP\\MyResearch\\TaskProgramming\\AB_pic\\resources\\crown.jpg'
7.4797 	EXP 	polygon_2: opacity = 1.0
7.4963 	EXP 	polygon: opacity = 0.0
7.4963 	EXP 	displayPicture: image = 'C:\\Users\\Employee\\Google Drive\\UP\\MyResearch\\TaskProgramming\\AB_pic\\resources\\crown.jpg'
7.4963 	EXP 	polygon_2: opacity = 1.0
7.5130 	EXP 	polygon: opacity = 0.0
7.5130 	EXP 	displayPicture: image = 'C:\\Users\\Employee\\Google Drive\\UP\\MyResearch\\TaskProgramming\\AB_pic\\resources\\crown.jpg'
7.5130 	EXP 	polygon_2: opacity = 1.0
7.5297 	EXP 	polygon: opacity = 0.0
7.5297 	EXP 	displayPicture: image = 'C:\\Users\\Employee\\Google Drive\\UP\\MyResearch\\TaskProgramming\\AB_pic\\resources\\crown.jpg'
7.5297 	EXP 	polygon_2: opacity = 1.0
7.5463 	EXP 	polygon: opacity = 0.0
7.5463 	EXP 	displayPicture: image = 'C:\\Users\\Employee\\Google Drive\\UP\\MyResearch\\TaskProgramming\\AB_pic\\resources\\crown.jpg'
7.5463 	EXP 	polygon_2: opacity = 1.0
7.5630 	EXP 	polygon: opacity = 0.0
7.5630 	EXP 	displayPicture: image = 'C:\\Users\\Employee\\Google Drive\\UP\\MyResearch\\TaskProgramming\\AB_pic\\resources\\crown.jpg'
7.5630 	EXP 	polygon_2: opacity = 1.0
7.5797 	EXP 	polygon: opacity = 0.0
7.5797 	EXP 	displayPicture: image = 'C:\\Users\\Employee\\Google Drive\\UP\\MyResearch\\TaskProgramming\\AB_pic\\resources\\crown.jpg'
7.5797 	EXP 	polygon_2: opacity = 1.0
7.5963 	EXP 	polygon: opacity = 0.0
7.5963 	EXP 	displayPicture: image = 'C:\\Users\\Employee\\Google Drive\\UP\\MyResearch\\TaskProgramming\\AB_pic\\resources\\crown.jpg'
7.5963 	EXP 	polygon_2: opacity = 1.0
7.6130 	EXP 	polygon: opacity = 0.0
7.6130 	EXP 	displayPicture: image = 'C:\\Users\\Employee\\Google Drive\\UP\\MyResearch\\TaskProgramming\\AB_pic\\resources\\crown.jpg'
7.6130 	EXP 	polygon_2: opacity = 1.0
7.6296 	EXP 	polygon: opacity = 0.0
7.6296 	EXP 	displayPicture: image = 'C:\\Users\\Employee\\Google Drive\\UP\\MyResearch\\TaskProgramming\\AB_pic\\resources\\treadmill.jpg'
7.6296 	EXP 	polygon_2: opacity = 0.0
7.6463 	EXP 	polygon: opacity = 0.0
7.6463 	EXP 	displayPicture: image = 'C:\\Users\\Employee\\Google Drive\\UP\\MyResearch\\TaskProgramming\\AB_pic\\resources\\treadmill.jpg'
7.6463 	EXP 	polygon_2: opacity = 0.0
7.6630 	EXP 	polygon: opacity = 0.0
7.6630 	EXP 	displayPicture: image = 'C:\\Users\\Employee\\Google Drive\\UP\\MyResearch\\TaskProgramming\\AB_pic\\resources\\treadmill.jpg'
7.6630 	EXP 	polygon_2: opacity = 0.0
7.6797 	EXP 	polygon: opacity = 0.0
7.6797 	EXP 	displayPicture: image = 'C:\\Users\\Employee\\Google Drive\\UP\\MyResearch\\TaskProgramming\\AB_pic\\resources\\treadmill.jpg'
7.6797 	EXP 	polygon_2: opacity = 0.0
7.6963 	EXP 	polygon: opacity = 0.0
7.6963 	EXP 	displayPicture: image = 'C:\\Users\\Employee\\Google Drive\\UP\\MyResearch\\TaskProgramming\\AB_pic\\resources\\treadmill.jpg'
7.6963 	EXP 	polygon_2: opacity = 0.0
7.7130 	EXP 	polygon: opacity = 0.0
7.7130 	EXP 	displayPicture: image = 'C:\\Users\\Employee\\Google Drive\\UP\\MyResearch\\TaskProgramming\\AB_pic\\resources\\treadmill.jpg'
7.7130 	EXP 	polygon_2: opacity = 0.0
7.7296 	EXP 	polygon: opacity = 0.0
7.7296 	EXP 	displayPicture: image = 'C:\\Users\\Employee\\Google Drive\\UP\\MyResearch\\TaskProgramming\\AB_pic\\resources\\treadmill.jpg'
7.7296 	EXP 	polygon_2: opacity = 0.0
7.7463 	EXP 	polygon: opacity = 0.0
7.7463 	EXP 	displayPicture: image = 'C:\\Users\\Employee\\Google Drive\\UP\\MyResearch\\TaskProgramming\\AB_pic\\resources\\treadmill.jpg'
7.7463 	EXP 	polygon_2: opacity = 0.0
7.7630 	EXP 	polygon: opacity = 0.0
7.7630 	EXP 	displayPicture: image = 'C:\\Users\\Employee\\Google Drive\\UP\\MyResearch\\TaskProgramming\\AB_pic\\resources\\treadmill.jpg'
7.7630 	EXP 	polygon_2: opacity = 0.0
7.7797 	EXP 	polygon: opacity = 0.0
7.7797 	EXP 	displayPicture: image = 'C:\\Users\\Employee\\Google Drive\\UP\\MyResearch\\TaskProgramming\\AB_pic\\resources\\treadmill.jpg'
7.7797 	EXP 	polygon_2: opacity = 0.0
7.7963 	EXP 	polygon: opacity = 0.0
7.7963 	EXP 	displayPicture: image = 'C:\\Users\\Employee\\Google Drive\\UP\\MyResearch\\TaskProgramming\\AB_pic\\resources\\treadmill.jpg'
7.7963 	EXP 	polygon_2: opacity = 0.0
7.8130 	EXP 	polygon: opacity = 0.0
7.8130 	EXP 	displayPicture: image = 'C:\\Users\\Employee\\Google Drive\\UP\\MyResearch\\TaskProgramming\\AB_pic\\resources\\treadmill.jpg'
7.8130 	EXP 	polygon_2: opacity = 0.0
7.8297 	EXP 	polygon: opacity = 0.0
7.8297 	EXP 	displayPicture: image = 'C:\\Users\\Employee\\Google Drive\\UP\\MyResearch\\TaskProgramming\\AB_pic\\resources\\treadmill.jpg'
7.8297 	EXP 	polygon_2: opacity = 1.0
7.8463 	EXP 	polygon: opacity = 0.0
7.8463 	EXP 	displayPicture: image = 'C:\\Users\\Employee\\Google Drive\\UP\\MyResearch\\TaskProgramming\\AB_pic\\resources\\treadmill.jpg'
7.8463 	EXP 	polygon_2: opacity = 1.0
7.8630 	EXP 	polygon: opacity = 0.0
7.8630 	EXP 	displayPicture: image = 'C:\\Users\\Employee\\Google Drive\\UP\\MyResearch\\TaskProgramming\\AB_pic\\resources\\treadmill.jpg'
7.8630 	EXP 	polygon_2: opacity = 1.0
7.8796 	EXP 	polygon: opacity = 0.0
7.8796 	EXP 	displayPicture: image = 'C:\\Users\\Employee\\Google Drive\\UP\\MyResearch\\TaskProgramming\\AB_pic\\resources\\treadmill.jpg'
7.8796 	EXP 	polygon_2: opacity = 1.0
7.8963 	EXP 	polygon: opacity = 0.0
7.8963 	EXP 	displayPicture: image = 'C:\\Users\\Employee\\Google Drive\\UP\\MyResearch\\TaskProgramming\\AB_pic\\resources\\treadmill.jpg'
7.8963 	EXP 	polygon_2: opacity = 1.0
7.9130 	EXP 	polygon: opacity = 0.0
7.9130 	EXP 	displayPicture: image = 'C:\\Users\\Employee\\Google Drive\\UP\\MyResearch\\TaskProgramming\\AB_pic\\resources\\treadmill.jpg'
7.9130 	EXP 	polygon_2: opacity = 1.0
7.9296 	EXP 	polygon: opacity = 0.0
7.9296 	EXP 	displayPicture: image = 'C:\\Users\\Employee\\Google Drive\\UP\\MyResearch\\TaskProgramming\\AB_pic\\resources\\treadmill.jpg'
7.9296 	EXP 	polygon_2: opacity = 1.0
7.9463 	EXP 	polygon: opacity = 0.0
7.9463 	EXP 	displayPicture: image = 'C:\\Users\\Employee\\Google Drive\\UP\\MyResearch\\TaskProgramming\\AB_pic\\resources\\treadmill.jpg'
7.9463 	EXP 	polygon_2: opacity = 1.0
7.9630 	EXP 	polygon: opacity = 0.0
7.9630 	EXP 	displayPicture: image = 'C:\\Users\\Employee\\Google Drive\\UP\\MyResearch\\TaskProgramming\\AB_pic\\resources\\treadmill.jpg'
7.9630 	EXP 	polygon_2: opacity = 1.0
7.9797 	EXP 	polygon: opacity = 0.0
7.9797 	EXP 	displayPicture: image = 'C:\\Users\\Employee\\Google Drive\\UP\\MyResearch\\TaskProgramming\\AB_pic\\resources\\nunchuk.jpg'
7.9797 	EXP 	polygon_2: opacity = 0.0
7.9963 	EXP 	polygon: opacity = 0.0
7.9963 	EXP 	displayPicture: image = 'C:\\Users\\Employee\\Google Drive\\UP\\MyResearch\\TaskProgramming\\AB_pic\\resources\\nunchuk.jpg'
7.9963 	EXP 	polygon_2: opacity = 0.0
8.0130 	EXP 	polygon: opacity = 0.0
8.0130 	EXP 	displayPicture: image = 'C:\\Users\\Employee\\Google Drive\\UP\\MyResearch\\TaskProgramming\\AB_pic\\resources\\nunchuk.jpg'
8.0130 	EXP 	polygon_2: opacity = 0.0
8.0296 	EXP 	polygon: opacity = 0.0
8.0296 	EXP 	displayPicture: image = 'C:\\Users\\Employee\\Google Drive\\UP\\MyResearch\\TaskProgramming\\AB_pic\\resources\\nunchuk.jpg'
8.0296 	EXP 	polygon_2: opacity = 0.0
8.0463 	EXP 	polygon: opacity = 0.0
8.0463 	EXP 	displayPicture: image = 'C:\\Users\\Employee\\Google Drive\\UP\\MyResearch\\TaskProgramming\\AB_pic\\resources\\nunchuk.jpg'
8.0463 	EXP 	polygon_2: opacity = 0.0
8.0630 	EXP 	polygon: opacity = 0.0
8.0630 	EXP 	displayPicture: image = 'C:\\Users\\Employee\\Google Drive\\UP\\MyResearch\\TaskProgramming\\AB_pic\\resources\\nunchuk.jpg'
8.0630 	EXP 	polygon_2: opacity = 0.0
8.0797 	EXP 	polygon: opacity = 0.0
8.0797 	EXP 	displayPicture: image = 'C:\\Users\\Employee\\Google Drive\\UP\\MyResearch\\TaskProgramming\\AB_pic\\resources\\nunchuk.jpg'
8.0797 	EXP 	polygon_2: opacity = 0.0
8.0963 	EXP 	polygon: opacity = 0.0
8.0963 	EXP 	displayPicture: image = 'C:\\Users\\Employee\\Google Drive\\UP\\MyResearch\\TaskProgramming\\AB_pic\\resources\\nunchuk.jpg'
8.0963 	EXP 	polygon_2: opacity = 0.0
8.1130 	EXP 	polygon: opacity = 0.0
8.1130 	EXP 	displayPicture: image = 'C:\\Users\\Employee\\Google Drive\\UP\\MyResearch\\TaskProgramming\\AB_pic\\resources\\nunchuk.jpg'
8.1130 	EXP 	polygon_2: opacity = 0.0
8.1297 	EXP 	polygon: opacity = 0.0
8.1297 	EXP 	displayPicture: image = 'C:\\Users\\Employee\\Google Drive\\UP\\MyResearch\\TaskProgramming\\AB_pic\\resources\\nunchuk.jpg'
8.1297 	EXP 	polygon_2: opacity = 0.0
8.1463 	EXP 	polygon: opacity = 0.0
8.1463 	EXP 	displayPicture: image = 'C:\\Users\\Employee\\Google Drive\\UP\\MyResearch\\TaskProgramming\\AB_pic\\resources\\nunchuk.jpg'
8.1463 	EXP 	polygon_2: opacity = 0.0
8.1630 	EXP 	polygon: opacity = 0.0
8.1630 	EXP 	displayPicture: image = 'C:\\Users\\Employee\\Google Drive\\UP\\MyResearch\\TaskProgramming\\AB_pic\\resources\\nunchuk.jpg'
8.1630 	EXP 	polygon_2: opacity = 0.0
8.1796 	EXP 	polygon: opacity = 0.0
8.1796 	EXP 	displayPicture: image = 'C:\\Users\\Employee\\Google Drive\\UP\\MyResearch\\TaskProgramming\\AB_pic\\resources\\nunchuk.jpg'
8.1796 	EXP 	polygon_2: opacity = 1.0
8.1963 	EXP 	polygon: opacity = 0.0
8.1963 	EXP 	displayPicture: image = 'C:\\Users\\Employee\\Google Drive\\UP\\MyResearch\\TaskProgramming\\AB_pic\\resources\\nunchuk.jpg'
8.1963 	EXP 	polygon_2: opacity = 1.0
8.2130 	EXP 	polygon: opacity = 0.0
8.2130 	EXP 	displayPicture: image = 'C:\\Users\\Employee\\Google Drive\\UP\\MyResearch\\TaskProgramming\\AB_pic\\resources\\nunchuk.jpg'
8.2130 	EXP 	polygon_2: opacity = 1.0
8.2296 	EXP 	polygon: opacity = 0.0
8.2296 	EXP 	displayPicture: image = 'C:\\Users\\Employee\\Google Drive\\UP\\MyResearch\\TaskProgramming\\AB_pic\\resources\\nunchuk.jpg'
8.2296 	EXP 	polygon_2: opacity = 1.0
8.2463 	EXP 	polygon: opacity = 0.0
8.2463 	EXP 	displayPicture: image = 'C:\\Users\\Employee\\Google Drive\\UP\\MyResearch\\TaskProgramming\\AB_pic\\resources\\nunchuk.jpg'
8.2463 	EXP 	polygon_2: opacity = 1.0
8.2629 	EXP 	polygon: opacity = 0.0
8.2629 	EXP 	displayPicture: image = 'C:\\Users\\Employee\\Google Drive\\UP\\MyResearch\\TaskProgramming\\AB_pic\\resources\\nunchuk.jpg'
8.2629 	EXP 	polygon_2: opacity = 1.0
8.2796 	EXP 	polygon: opacity = 0.0
8.2796 	EXP 	displayPicture: image = 'C:\\Users\\Employee\\Google Drive\\UP\\MyResearch\\TaskProgramming\\AB_pic\\resources\\nunchuk.jpg'
8.2796 	EXP 	polygon_2: opacity = 1.0
8.2963 	EXP 	polygon: opacity = 0.0
8.2963 	EXP 	displayPicture: image = 'C:\\Users\\Employee\\Google Drive\\UP\\MyResearch\\TaskProgramming\\AB_pic\\resources\\nunchuk.jpg'
8.2963 	EXP 	polygon_2: opacity = 1.0
8.3129 	EXP 	polygon: opacity = 0.0
8.3129 	EXP 	displayPicture: image = 'C:\\Users\\Employee\\Google Drive\\UP\\MyResearch\\TaskProgramming\\AB_pic\\resources\\nunchuk.jpg'
8.3129 	EXP 	polygon_2: opacity = 1.0
8.3296 	EXP 	polygon: opacity = 0.0
8.3296 	EXP 	displayPicture: image = 'C:\\Users\\Employee\\Google Drive\\UP\\MyResearch\\TaskProgramming\\AB_pic\\resources\\trampoline.jpg'
8.3296 	EXP 	polygon_2: opacity = 0.0
8.3463 	EXP 	polygon: opacity = 0.0
8.3463 	EXP 	displayPicture: image = 'C:\\Users\\Employee\\Google Drive\\UP\\MyResearch\\TaskProgramming\\AB_pic\\resources\\trampoline.jpg'
8.3463 	EXP 	polygon_2: opacity = 0.0
8.3630 	EXP 	polygon: opacity = 0.0
8.3630 	EXP 	displayPicture: image = 'C:\\Users\\Employee\\Google Drive\\UP\\MyResearch\\TaskProgramming\\AB_pic\\resources\\trampoline.jpg'
8.3630 	EXP 	polygon_2: opacity = 0.0
8.3796 	EXP 	polygon: opacity = 0.0
8.3796 	EXP 	displayPicture: image = 'C:\\Users\\Employee\\Google Drive\\UP\\MyResearch\\TaskProgramming\\AB_pic\\resources\\trampoline.jpg'
8.3796 	EXP 	polygon_2: opacity = 0.0
8.3963 	EXP 	polygon: opacity = 0.0
8.3963 	EXP 	displayPicture: image = 'C:\\Users\\Employee\\Google Drive\\UP\\MyResearch\\TaskProgramming\\AB_pic\\resources\\trampoline.jpg'
8.3963 	EXP 	polygon_2: opacity = 0.0
8.4130 	EXP 	polygon: opacity = 0.0
8.4130 	EXP 	displayPicture: image = 'C:\\Users\\Employee\\Google Drive\\UP\\MyResearch\\TaskProgramming\\AB_pic\\resources\\trampoline.jpg'
8.4130 	EXP 	polygon_2: opacity = 0.0
8.4296 	EXP 	polygon: opacity = 0.0
8.4296 	EXP 	displayPicture: image = 'C:\\Users\\Employee\\Google Drive\\UP\\MyResearch\\TaskProgramming\\AB_pic\\resources\\trampoline.jpg'
8.4296 	EXP 	polygon_2: opacity = 0.0
8.4463 	EXP 	polygon: opacity = 0.0
8.4463 	EXP 	displayPicture: image = 'C:\\Users\\Employee\\Google Drive\\UP\\MyResearch\\TaskProgramming\\AB_pic\\resources\\trampoline.jpg'
8.4463 	EXP 	polygon_2: opacity = 0.0
8.4629 	EXP 	polygon: opacity = 0.0
8.4629 	EXP 	displayPicture: image = 'C:\\Users\\Employee\\Google Drive\\UP\\MyResearch\\TaskProgramming\\AB_pic\\resources\\trampoline.jpg'
8.4629 	EXP 	polygon_2: opacity = 0.0
8.4796 	EXP 	polygon: opacity = 0.0
8.4796 	EXP 	displayPicture: image = 'C:\\Users\\Employee\\Google Drive\\UP\\MyResearch\\TaskProgramming\\AB_pic\\resources\\trampoline.jpg'
8.4796 	EXP 	polygon_2: opacity = 0.0
8.4963 	EXP 	polygon: opacity = 0.0
8.4963 	EXP 	displayPicture: image = 'C:\\Users\\Employee\\Google Drive\\UP\\MyResearch\\TaskProgramming\\AB_pic\\resources\\trampoline.jpg'
8.4963 	EXP 	polygon_2: opacity = 0.0
8.5130 	EXP 	polygon: opacity = 0.0
8.5130 	EXP 	displayPicture: image = 'C:\\Users\\Employee\\Google Drive\\UP\\MyResearch\\TaskProgramming\\AB_pic\\resources\\trampoline.jpg'
8.5130 	EXP 	polygon_2: opacity = 0.0
8.5296 	EXP 	polygon: opacity = 0.0
8.5296 	EXP 	displayPicture: image = 'C:\\Users\\Employee\\Google Drive\\UP\\MyResearch\\TaskProgramming\\AB_pic\\resources\\trampoline.jpg'
8.5296 	EXP 	polygon_2: opacity = 1.0
8.5463 	EXP 	polygon: opacity = 0.0
8.5463 	EXP 	displayPicture: image = 'C:\\Users\\Employee\\Google Drive\\UP\\MyResearch\\TaskProgramming\\AB_pic\\resources\\trampoline.jpg'
8.5463 	EXP 	polygon_2: opacity = 1.0
8.5629 	EXP 	polygon: opacity = 0.0
8.5629 	EXP 	displayPicture: image = 'C:\\Users\\Employee\\Google Drive\\UP\\MyResearch\\TaskProgramming\\AB_pic\\resources\\trampoline.jpg'
8.5629 	EXP 	polygon_2: opacity = 1.0
8.5796 	EXP 	polygon: opacity = 0.0
8.5796 	EXP 	displayPicture: image = 'C:\\Users\\Employee\\Google Drive\\UP\\MyResearch\\TaskProgramming\\AB_pic\\resources\\trampoline.jpg'
8.5796 	EXP 	polygon_2: opacity = 1.0
8.5963 	EXP 	polygon: opacity = 0.0
8.5963 	EXP 	displayPicture: image = 'C:\\Users\\Employee\\Google Drive\\UP\\MyResearch\\TaskProgramming\\AB_pic\\resources\\trampoline.jpg'
8.5963 	EXP 	polygon_2: opacity = 1.0
8.6130 	EXP 	polygon: opacity = 0.0
8.6130 	EXP 	displayPicture: image = 'C:\\Users\\Employee\\Google Drive\\UP\\MyResearch\\TaskProgramming\\AB_pic\\resources\\trampoline.jpg'
8.6130 	EXP 	polygon_2: opacity = 1.0
8.6296 	EXP 	polygon: opacity = 0.0
8.6296 	EXP 	displayPicture: image = 'C:\\Users\\Employee\\Google Drive\\UP\\MyResearch\\TaskProgramming\\AB_pic\\resources\\trampoline.jpg'
8.6296 	EXP 	polygon_2: opacity = 1.0
8.6463 	EXP 	polygon: opacity = 0.0
8.6463 	EXP 	displayPicture: image = 'C:\\Users\\Employee\\Google Drive\\UP\\MyResearch\\TaskProgramming\\AB_pic\\resources\\trampoline.jpg'
8.6463 	EXP 	polygon_2: opacity = 1.0
8.6630 	EXP 	polygon: opacity = 0.0
8.6630 	EXP 	displayPicture: image = 'C:\\Users\\Employee\\Google Drive\\UP\\MyResearch\\TaskProgramming\\AB_pic\\resources\\trampoline.jpg'
8.6630 	EXP 	polygon_2: opacity = 1.0
8.6796 	EXP 	polygon: opacity = 0.0
8.6796 	EXP 	displayPicture: image = 'C:\\Users\\Employee\\Google Drive\\UP\\MyResearch\\TaskProgramming\\AB_pic\\resources\\flamingo.jpg'
8.6796 	EXP 	polygon_2: opacity = 0.0
8.6962 	EXP 	polygon: opacity = 0.0
8.6962 	EXP 	displayPicture: image = 'C:\\Users\\Employee\\Google Drive\\UP\\MyResearch\\TaskProgramming\\AB_pic\\resources\\flamingo.jpg'
8.6962 	EXP 	polygon_2: opacity = 0.0
8.7129 	EXP 	polygon: opacity = 0.0
8.7129 	EXP 	displayPicture: image = 'C:\\Users\\Employee\\Google Drive\\UP\\MyResearch\\TaskProgramming\\AB_pic\\resources\\flamingo.jpg'
8.7129 	EXP 	polygon_2: opacity = 0.0
8.7296 	EXP 	polygon: opacity = 0.0
8.7296 	EXP 	displayPicture: image = 'C:\\Users\\Employee\\Google Drive\\UP\\MyResearch\\TaskProgramming\\AB_pic\\resources\\flamingo.jpg'
8.7296 	EXP 	polygon_2: opacity = 0.0
8.7462 	EXP 	polygon: opacity = 0.0
8.7462 	EXP 	displayPicture: image = 'C:\\Users\\Employee\\Google Drive\\UP\\MyResearch\\TaskProgramming\\AB_pic\\resources\\flamingo.jpg'
8.7462 	EXP 	polygon_2: opacity = 0.0
8.7629 	EXP 	polygon: opacity = 0.0
8.7629 	EXP 	displayPicture: image = 'C:\\Users\\Employee\\Google Drive\\UP\\MyResearch\\TaskProgramming\\AB_pic\\resources\\flamingo.jpg'
8.7629 	EXP 	polygon_2: opacity = 0.0
8.7796 	EXP 	polygon: opacity = 0.0
8.7796 	EXP 	displayPicture: image = 'C:\\Users\\Employee\\Google Drive\\UP\\MyResearch\\TaskProgramming\\AB_pic\\resources\\flamingo.jpg'
8.7796 	EXP 	polygon_2: opacity = 0.0
8.7962 	EXP 	polygon: opacity = 0.0
8.7962 	EXP 	displayPicture: image = 'C:\\Users\\Employee\\Google Drive\\UP\\MyResearch\\TaskProgramming\\AB_pic\\resources\\flamingo.jpg'
8.7962 	EXP 	polygon_2: opacity = 0.0
8.8129 	EXP 	polygon: opacity = 0.0
8.8129 	EXP 	displayPicture: image = 'C:\\Users\\Employee\\Google Drive\\UP\\MyResearch\\TaskProgramming\\AB_pic\\resources\\flamingo.jpg'
8.8129 	EXP 	polygon_2: opacity = 0.0
8.8296 	EXP 	polygon: opacity = 0.0
8.8296 	EXP 	displayPicture: image = 'C:\\Users\\Employee\\Google Drive\\UP\\MyResearch\\TaskProgramming\\AB_pic\\resources\\flamingo.jpg'
8.8296 	EXP 	polygon_2: opacity = 0.0
8.8462 	EXP 	polygon: opacity = 0.0
8.8462 	EXP 	displayPicture: image = 'C:\\Users\\Employee\\Google Drive\\UP\\MyResearch\\TaskProgramming\\AB_pic\\resources\\flamingo.jpg'
8.8462 	EXP 	polygon_2: opacity = 0.0
8.8629 	EXP 	polygon: opacity = 0.0
8.8629 	EXP 	displayPicture: image = 'C:\\Users\\Employee\\Google Drive\\UP\\MyResearch\\TaskProgramming\\AB_pic\\resources\\flamingo.jpg'
8.8629 	EXP 	polygon_2: opacity = 0.0
8.8796 	EXP 	polygon: opacity = 0.0
8.8796 	EXP 	displayPicture: image = 'C:\\Users\\Employee\\Google Drive\\UP\\MyResearch\\TaskProgramming\\AB_pic\\resources\\flamingo.jpg'
8.8796 	EXP 	polygon_2: opacity = 1.0
8.8963 	EXP 	polygon: opacity = 0.0
8.8963 	EXP 	displayPicture: image = 'C:\\Users\\Employee\\Google Drive\\UP\\MyResearch\\TaskProgramming\\AB_pic\\resources\\flamingo.jpg'
8.8963 	EXP 	polygon_2: opacity = 1.0
8.9129 	EXP 	polygon: opacity = 0.0
8.9129 	EXP 	displayPicture: image = 'C:\\Users\\Employee\\Google Drive\\UP\\MyResearch\\TaskProgramming\\AB_pic\\resources\\flamingo.jpg'
8.9129 	EXP 	polygon_2: opacity = 1.0
8.9296 	EXP 	polygon: opacity = 0.0
8.9296 	EXP 	displayPicture: image = 'C:\\Users\\Employee\\Google Drive\\UP\\MyResearch\\TaskProgramming\\AB_pic\\resources\\flamingo.jpg'
8.9296 	EXP 	polygon_2: opacity = 1.0
8.9462 	EXP 	polygon: opacity = 0.0
8.9462 	EXP 	displayPicture: image = 'C:\\Users\\Employee\\Google Drive\\UP\\MyResearch\\TaskProgramming\\AB_pic\\resources\\flamingo.jpg'
8.9462 	EXP 	polygon_2: opacity = 1.0
8.9629 	EXP 	polygon: opacity = 0.0
8.9629 	EXP 	displayPicture: image = 'C:\\Users\\Employee\\Google Drive\\UP\\MyResearch\\TaskProgramming\\AB_pic\\resources\\flamingo.jpg'
8.9629 	EXP 	polygon_2: opacity = 1.0
8.9796 	EXP 	polygon: opacity = 0.0
8.9796 	EXP 	displayPicture: image = 'C:\\Users\\Employee\\Google Drive\\UP\\MyResearch\\TaskProgramming\\AB_pic\\resources\\flamingo.jpg'
8.9796 	EXP 	polygon_2: opacity = 1.0
8.9962 	EXP 	polygon: opacity = 0.0
8.9962 	EXP 	displayPicture: image = 'C:\\Users\\Employee\\Google Drive\\UP\\MyResearch\\TaskProgramming\\AB_pic\\resources\\flamingo.jpg'
8.9962 	EXP 	polygon_2: opacity = 1.0
9.0129 	EXP 	polygon: opacity = 0.0
9.0129 	EXP 	displayPicture: image = 'C:\\Users\\Employee\\Google Drive\\UP\\MyResearch\\TaskProgramming\\AB_pic\\resources\\flamingo.jpg'
9.0129 	EXP 	polygon_2: opacity = 1.0
9.0296 	EXP 	polygon: opacity = 0.0
9.0296 	EXP 	displayPicture: image = 'C:\\Users\\Employee\\Google Drive\\UP\\MyResearch\\TaskProgramming\\AB_pic\\resources\\arrow02.jpg'
9.0296 	EXP 	polygon_2: opacity = 0.0
9.0463 	EXP 	polygon: opacity = 0.0
9.0463 	EXP 	displayPicture: image = 'C:\\Users\\Employee\\Google Drive\\UP\\MyResearch\\TaskProgramming\\AB_pic\\resources\\arrow02.jpg'
9.0463 	EXP 	polygon_2: opacity = 0.0
9.0629 	EXP 	polygon: opacity = 0.0
9.0629 	EXP 	displayPicture: image = 'C:\\Users\\Employee\\Google Drive\\UP\\MyResearch\\TaskProgramming\\AB_pic\\resources\\arrow02.jpg'
9.0629 	EXP 	polygon_2: opacity = 0.0
9.0796 	EXP 	polygon: opacity = 0.0
9.0796 	EXP 	displayPicture: image = 'C:\\Users\\Employee\\Google Drive\\UP\\MyResearch\\TaskProgramming\\AB_pic\\resources\\arrow02.jpg'
9.0796 	EXP 	polygon_2: opacity = 0.0
9.0962 	EXP 	polygon: opacity = 0.0
9.0962 	EXP 	displayPicture: image = 'C:\\Users\\Employee\\Google Drive\\UP\\MyResearch\\TaskProgramming\\AB_pic\\resources\\arrow02.jpg'
9.0962 	EXP 	polygon_2: opacity = 0.0
9.1129 	EXP 	polygon: opacity = 0.0
9.1129 	EXP 	displayPicture: image = 'C:\\Users\\Employee\\Google Drive\\UP\\MyResearch\\TaskProgramming\\AB_pic\\resources\\arrow02.jpg'
9.1129 	EXP 	polygon_2: opacity = 0.0
9.1296 	EXP 	polygon: opacity = 0.0
9.1296 	EXP 	displayPicture: image = 'C:\\Users\\Employee\\Google Drive\\UP\\MyResearch\\TaskProgramming\\AB_pic\\resources\\arrow02.jpg'
9.1296 	EXP 	polygon_2: opacity = 0.0
9.1462 	EXP 	polygon: opacity = 0.0
9.1462 	EXP 	displayPicture: image = 'C:\\Users\\Employee\\Google Drive\\UP\\MyResearch\\TaskProgramming\\AB_pic\\resources\\arrow02.jpg'
9.1462 	EXP 	polygon_2: opacity = 0.0
9.1629 	EXP 	polygon: opacity = 0.0
9.1629 	EXP 	displayPicture: image = 'C:\\Users\\Employee\\Google Drive\\UP\\MyResearch\\TaskProgramming\\AB_pic\\resources\\arrow02.jpg'
9.1629 	EXP 	polygon_2: opacity = 0.0
9.1796 	EXP 	polygon: opacity = 0.0
9.1796 	EXP 	displayPicture: image = 'C:\\Users\\Employee\\Google Drive\\UP\\MyResearch\\TaskProgramming\\AB_pic\\resources\\arrow02.jpg'
9.1796 	EXP 	polygon_2: opacity = 0.0
9.1963 	EXP 	polygon: opacity = 0.0
9.1963 	EXP 	displayPicture: image = 'C:\\Users\\Employee\\Google Drive\\UP\\MyResearch\\TaskProgramming\\AB_pic\\resources\\arrow02.jpg'
9.1963 	EXP 	polygon_2: opacity = 0.0
9.2129 	EXP 	polygon: opacity = 0.0
9.2129 	EXP 	displayPicture: image = 'C:\\Users\\Employee\\Google Drive\\UP\\MyResearch\\TaskProgramming\\AB_pic\\resources\\arrow02.jpg'
9.2129 	EXP 	polygon_2: opacity = 0.0
9.2296 	EXP 	polygon: opacity = 0.0
9.2296 	EXP 	displayPicture: image = 'C:\\Users\\Employee\\Google Drive\\UP\\MyResearch\\TaskProgramming\\AB_pic\\resources\\arrow02.jpg'
9.2296 	EXP 	polygon_2: opacity = 1.0
9.2462 	EXP 	polygon: opacity = 0.0
9.2462 	EXP 	displayPicture: image = 'C:\\Users\\Employee\\Google Drive\\UP\\MyResearch\\TaskProgramming\\AB_pic\\resources\\arrow02.jpg'
9.2462 	EXP 	polygon_2: opacity = 1.0
9.2629 	EXP 	polygon: opacity = 0.0
9.2629 	EXP 	displayPicture: image = 'C:\\Users\\Employee\\Google Drive\\UP\\MyResearch\\TaskProgramming\\AB_pic\\resources\\arrow02.jpg'
9.2629 	EXP 	polygon_2: opacity = 1.0
9.2796 	EXP 	polygon: opacity = 0.0
9.2796 	EXP 	displayPicture: image = 'C:\\Users\\Employee\\Google Drive\\UP\\MyResearch\\TaskProgramming\\AB_pic\\resources\\arrow02.jpg'
9.2796 	EXP 	polygon_2: opacity = 1.0
9.2962 	EXP 	polygon: opacity = 0.0
9.2962 	EXP 	displayPicture: image = 'C:\\Users\\Employee\\Google Drive\\UP\\MyResearch\\TaskProgramming\\AB_pic\\resources\\arrow02.jpg'
9.2962 	EXP 	polygon_2: opacity = 1.0
9.3129 	EXP 	polygon: opacity = 0.0
9.3129 	EXP 	displayPicture: image = 'C:\\Users\\Employee\\Google Drive\\UP\\MyResearch\\TaskProgramming\\AB_pic\\resources\\arrow02.jpg'
9.3129 	EXP 	polygon_2: opacity = 1.0
9.3296 	EXP 	polygon: opacity = 0.0
9.3296 	EXP 	displayPicture: image = 'C:\\Users\\Employee\\Google Drive\\UP\\MyResearch\\TaskProgramming\\AB_pic\\resources\\arrow02.jpg'
9.3296 	EXP 	polygon_2: opacity = 1.0
9.3462 	EXP 	polygon: opacity = 0.0
9.3462 	EXP 	displayPicture: image = 'C:\\Users\\Employee\\Google Drive\\UP\\MyResearch\\TaskProgramming\\AB_pic\\resources\\arrow02.jpg'
9.3462 	EXP 	polygon_2: opacity = 1.0
9.3629 	EXP 	polygon: opacity = 0.0
9.3629 	EXP 	displayPicture: image = 'C:\\Users\\Employee\\Google Drive\\UP\\MyResearch\\TaskProgramming\\AB_pic\\resources\\arrow02.jpg'
9.3629 	EXP 	polygon_2: opacity = 1.0
9.3796 	EXP 	polygon: opacity = 0.0
9.3796 	EXP 	displayPicture: image = 'C:\\Users\\Employee\\Google Drive\\UP\\MyResearch\\TaskProgramming\\AB_pic\\resources\\turnstile.jpg'
9.3796 	EXP 	polygon_2: opacity = 0.0
9.3962 	EXP 	polygon: opacity = 0.0
9.3962 	EXP 	displayPicture: image = 'C:\\Users\\Employee\\Google Drive\\UP\\MyResearch\\TaskProgramming\\AB_pic\\resources\\turnstile.jpg'
9.3962 	EXP 	polygon_2: opacity = 0.0
9.4129 	EXP 	polygon: opacity = 0.0
9.4129 	EXP 	displayPicture: image = 'C:\\Users\\Employee\\Google Drive\\UP\\MyResearch\\TaskProgramming\\AB_pic\\resources\\turnstile.jpg'
9.4129 	EXP 	polygon_2: opacity = 0.0
9.4295 	EXP 	polygon: opacity = 0.0
9.4295 	EXP 	displayPicture: image = 'C:\\Users\\Employee\\Google Drive\\UP\\MyResearch\\TaskProgramming\\AB_pic\\resources\\turnstile.jpg'
9.4295 	EXP 	polygon_2: opacity = 0.0
9.4462 	EXP 	polygon: opacity = 0.0
9.4462 	EXP 	displayPicture: image = 'C:\\Users\\Employee\\Google Drive\\UP\\MyResearch\\TaskProgramming\\AB_pic\\resources\\turnstile.jpg'
9.4462 	EXP 	polygon_2: opacity = 0.0
9.4629 	EXP 	polygon: opacity = 0.0
9.4629 	EXP 	displayPicture: image = 'C:\\Users\\Employee\\Google Drive\\UP\\MyResearch\\TaskProgramming\\AB_pic\\resources\\turnstile.jpg'
9.4629 	EXP 	polygon_2: opacity = 0.0
9.4796 	EXP 	polygon: opacity = 0.0
9.4796 	EXP 	displayPicture: image = 'C:\\Users\\Employee\\Google Drive\\UP\\MyResearch\\TaskProgramming\\AB_pic\\resources\\turnstile.jpg'
9.4796 	EXP 	polygon_2: opacity = 0.0
9.4962 	EXP 	polygon: opacity = 0.0
9.4962 	EXP 	displayPicture: image = 'C:\\Users\\Employee\\Google Drive\\UP\\MyResearch\\TaskProgramming\\AB_pic\\resources\\turnstile.jpg'
9.4962 	EXP 	polygon_2: opacity = 0.0
9.5129 	EXP 	polygon: opacity = 0.0
9.5129 	EXP 	displayPicture: image = 'C:\\Users\\Employee\\Google Drive\\UP\\MyResearch\\TaskProgramming\\AB_pic\\resources\\turnstile.jpg'
9.5129 	EXP 	polygon_2: opacity = 0.0
9.5296 	EXP 	polygon: opacity = 0.0
9.5296 	EXP 	displayPicture: image = 'C:\\Users\\Employee\\Google Drive\\UP\\MyResearch\\TaskProgramming\\AB_pic\\resources\\turnstile.jpg'
9.5296 	EXP 	polygon_2: opacity = 0.0
9.5462 	EXP 	polygon: opacity = 0.0
9.5462 	EXP 	displayPicture: image = 'C:\\Users\\Employee\\Google Drive\\UP\\MyResearch\\TaskProgramming\\AB_pic\\resources\\turnstile.jpg'
9.5462 	EXP 	polygon_2: opacity = 0.0
9.5629 	EXP 	polygon: opacity = 0.0
9.5629 	EXP 	displayPicture: image = 'C:\\Users\\Employee\\Google Drive\\UP\\MyResearch\\TaskProgramming\\AB_pic\\resources\\turnstile.jpg'
9.5629 	EXP 	polygon_2: opacity = 0.0
9.5796 	EXP 	polygon: opacity = 0.0
9.5796 	EXP 	displayPicture: image = 'C:\\Users\\Employee\\Google Drive\\UP\\MyResearch\\TaskProgramming\\AB_pic\\resources\\turnstile.jpg'
9.5796 	EXP 	polygon_2: opacity = 1.0
9.5962 	EXP 	polygon: opacity = 0.0
9.5962 	EXP 	displayPicture: image = 'C:\\Users\\Employee\\Google Drive\\UP\\MyResearch\\TaskProgramming\\AB_pic\\resources\\turnstile.jpg'
9.5962 	EXP 	polygon_2: opacity = 1.0
9.6129 	EXP 	polygon: opacity = 0.0
9.6129 	EXP 	displayPicture: image = 'C:\\Users\\Employee\\Google Drive\\UP\\MyResearch\\TaskProgramming\\AB_pic\\resources\\turnstile.jpg'
9.6129 	EXP 	polygon_2: opacity = 1.0
9.6296 	EXP 	polygon: opacity = 0.0
9.6296 	EXP 	displayPicture: image = 'C:\\Users\\Employee\\Google Drive\\UP\\MyResearch\\TaskProgramming\\AB_pic\\resources\\turnstile.jpg'
9.6296 	EXP 	polygon_2: opacity = 1.0
9.6462 	EXP 	polygon: opacity = 0.0
9.6462 	EXP 	displayPicture: image = 'C:\\Users\\Employee\\Google Drive\\UP\\MyResearch\\TaskProgramming\\AB_pic\\resources\\turnstile.jpg'
9.6462 	EXP 	polygon_2: opacity = 1.0
9.6629 	EXP 	polygon: opacity = 0.0
9.6629 	EXP 	displayPicture: image = 'C:\\Users\\Employee\\Google Drive\\UP\\MyResearch\\TaskProgramming\\AB_pic\\resources\\turnstile.jpg'
9.6629 	EXP 	polygon_2: opacity = 1.0
9.6796 	EXP 	polygon: opacity = 0.0
9.6796 	EXP 	displayPicture: image = 'C:\\Users\\Employee\\Google Drive\\UP\\MyResearch\\TaskProgramming\\AB_pic\\resources\\turnstile.jpg'
9.6796 	EXP 	polygon_2: opacity = 1.0
9.6962 	EXP 	polygon: opacity = 0.0
9.6962 	EXP 	displayPicture: image = 'C:\\Users\\Employee\\Google Drive\\UP\\MyResearch\\TaskProgramming\\AB_pic\\resources\\turnstile.jpg'
9.6962 	EXP 	polygon_2: opacity = 1.0
9.7129 	EXP 	polygon: opacity = 0.0
9.7129 	EXP 	displayPicture: image = 'C:\\Users\\Employee\\Google Drive\\UP\\MyResearch\\TaskProgramming\\AB_pic\\resources\\turnstile.jpg'
9.7129 	EXP 	polygon_2: opacity = 1.0
9.7296 	EXP 	polygon: opacity = 0.0
9.7296 	EXP 	displayPicture: image = 'C:\\Users\\Employee\\Google Drive\\UP\\MyResearch\\TaskProgramming\\AB_pic\\resources\\humanskeleton.jpg'
9.7296 	EXP 	polygon_2: opacity = 0.0
9.7462 	EXP 	polygon: opacity = 0.0
9.7462 	EXP 	displayPicture: image = 'C:\\Users\\Employee\\Google Drive\\UP\\MyResearch\\TaskProgramming\\AB_pic\\resources\\humanskeleton.jpg'
9.7462 	EXP 	polygon_2: opacity = 0.0
9.7629 	EXP 	polygon: opacity = 0.0
9.7629 	EXP 	displayPicture: image = 'C:\\Users\\Employee\\Google Drive\\UP\\MyResearch\\TaskProgramming\\AB_pic\\resources\\humanskeleton.jpg'
9.7629 	EXP 	polygon_2: opacity = 0.0
9.7795 	EXP 	polygon: opacity = 0.0
9.7795 	EXP 	displayPicture: image = 'C:\\Users\\Employee\\Google Drive\\UP\\MyResearch\\TaskProgramming\\AB_pic\\resources\\humanskeleton.jpg'
9.7795 	EXP 	polygon_2: opacity = 0.0
9.7962 	EXP 	polygon: opacity = 0.0
9.7962 	EXP 	displayPicture: image = 'C:\\Users\\Employee\\Google Drive\\UP\\MyResearch\\TaskProgramming\\AB_pic\\resources\\humanskeleton.jpg'
9.7962 	EXP 	polygon_2: opacity = 0.0
9.8129 	EXP 	polygon: opacity = 0.0
9.8129 	EXP 	displayPicture: image = 'C:\\Users\\Employee\\Google Drive\\UP\\MyResearch\\TaskProgramming\\AB_pic\\resources\\humanskeleton.jpg'
9.8129 	EXP 	polygon_2: opacity = 0.0
9.8295 	EXP 	polygon: opacity = 0.0
9.8295 	EXP 	displayPicture: image = 'C:\\Users\\Employee\\Google Drive\\UP\\MyResearch\\TaskProgramming\\AB_pic\\resources\\humanskeleton.jpg'
9.8295 	EXP 	polygon_2: opacity = 0.0
9.8462 	EXP 	polygon: opacity = 0.0
9.8462 	EXP 	displayPicture: image = 'C:\\Users\\Employee\\Google Drive\\UP\\MyResearch\\TaskProgramming\\AB_pic\\resources\\humanskeleton.jpg'
9.8462 	EXP 	polygon_2: opacity = 0.0
9.8628 	EXP 	polygon: opacity = 0.0
9.8628 	EXP 	displayPicture: image = 'C:\\Users\\Employee\\Google Drive\\UP\\MyResearch\\TaskProgramming\\AB_pic\\resources\\humanskeleton.jpg'
9.8628 	EXP 	polygon_2: opacity = 0.0
9.8795 	EXP 	polygon: opacity = 0.0
9.8795 	EXP 	displayPicture: image = 'C:\\Users\\Employee\\Google Drive\\UP\\MyResearch\\TaskProgramming\\AB_pic\\resources\\humanskeleton.jpg'
9.8795 	EXP 	polygon_2: opacity = 0.0
9.8962 	EXP 	polygon: opacity = 0.0
9.8962 	EXP 	displayPicture: image = 'C:\\Users\\Employee\\Google Drive\\UP\\MyResearch\\TaskProgramming\\AB_pic\\resources\\humanskeleton.jpg'
9.8962 	EXP 	polygon_2: opacity = 0.0
9.9128 	EXP 	polygon: opacity = 0.0
9.9128 	EXP 	displayPicture: image = 'C:\\Users\\Employee\\Google Drive\\UP\\MyResearch\\TaskProgramming\\AB_pic\\resources\\humanskeleton.jpg'
9.9128 	EXP 	polygon_2: opacity = 0.0
9.9295 	EXP 	polygon: opacity = 0.0
9.9295 	EXP 	displayPicture: image = 'C:\\Users\\Employee\\Google Drive\\UP\\MyResearch\\TaskProgramming\\AB_pic\\resources\\humanskeleton.jpg'
9.9295 	EXP 	polygon_2: opacity = 1.0
9.9462 	EXP 	polygon: opacity = 0.0
9.9462 	EXP 	displayPicture: image = 'C:\\Users\\Employee\\Google Drive\\UP\\MyResearch\\TaskProgramming\\AB_pic\\resources\\humanskeleton.jpg'
9.9462 	EXP 	polygon_2: opacity = 1.0
9.9628 	EXP 	polygon: opacity = 0.0
9.9628 	EXP 	displayPicture: image = 'C:\\Users\\Employee\\Google Drive\\UP\\MyResearch\\TaskProgramming\\AB_pic\\resources\\humanskeleton.jpg'
9.9628 	EXP 	polygon_2: opacity = 1.0
9.9795 	EXP 	polygon: opacity = 0.0
9.9795 	EXP 	displayPicture: image = 'C:\\Users\\Employee\\Google Drive\\UP\\MyResearch\\TaskProgramming\\AB_pic\\resources\\humanskeleton.jpg'
9.9795 	EXP 	polygon_2: opacity = 1.0
9.9962 	EXP 	polygon: opacity = 0.0
9.9962 	EXP 	displayPicture: image = 'C:\\Users\\Employee\\Google Drive\\UP\\MyResearch\\TaskProgramming\\AB_pic\\resources\\humanskeleton.jpg'
9.9962 	EXP 	polygon_2: opacity = 1.0
10.0128 	EXP 	polygon: opacity = 0.0
10.0128 	EXP 	displayPicture: image = 'C:\\Users\\Employee\\Google Drive\\UP\\MyResearch\\TaskProgramming\\AB_pic\\resources\\humanskeleton.jpg'
10.0128 	EXP 	polygon_2: opacity = 1.0
10.0295 	EXP 	polygon: opacity = 0.0
10.0295 	EXP 	displayPicture: image = 'C:\\Users\\Employee\\Google Drive\\UP\\MyResearch\\TaskProgramming\\AB_pic\\resources\\humanskeleton.jpg'
10.0295 	EXP 	polygon_2: opacity = 1.0
10.0462 	EXP 	polygon: opacity = 0.0
10.0462 	EXP 	displayPicture: image = 'C:\\Users\\Employee\\Google Drive\\UP\\MyResearch\\TaskProgramming\\AB_pic\\resources\\humanskeleton.jpg'
10.0462 	EXP 	polygon_2: opacity = 1.0
10.0628 	EXP 	polygon: opacity = 0.0
10.0628 	EXP 	displayPicture: image = 'C:\\Users\\Employee\\Google Drive\\UP\\MyResearch\\TaskProgramming\\AB_pic\\resources\\humanskeleton.jpg'
10.0628 	EXP 	polygon_2: opacity = 1.0
10.0795 	EXP 	polygon: opacity = 0.0
10.0795 	EXP 	displayPicture: image = 'C:\\Users\\Employee\\Google Drive\\UP\\MyResearch\\TaskProgramming\\AB_pic\\resources\\athleticsock.jpg'
10.0795 	EXP 	polygon_2: opacity = 0.0
10.0962 	EXP 	polygon: opacity = 0.0
10.0962 	EXP 	displayPicture: image = 'C:\\Users\\Employee\\Google Drive\\UP\\MyResearch\\TaskProgramming\\AB_pic\\resources\\athleticsock.jpg'
10.0962 	EXP 	polygon_2: opacity = 0.0
10.1129 	EXP 	polygon: opacity = 0.0
10.1129 	EXP 	displayPicture: image = 'C:\\Users\\Employee\\Google Drive\\UP\\MyResearch\\TaskProgramming\\AB_pic\\resources\\athleticsock.jpg'
10.1129 	EXP 	polygon_2: opacity = 0.0
10.1295 	EXP 	polygon: opacity = 0.0
10.1295 	EXP 	displayPicture: image = 'C:\\Users\\Employee\\Google Drive\\UP\\MyResearch\\TaskProgramming\\AB_pic\\resources\\athleticsock.jpg'
10.1295 	EXP 	polygon_2: opacity = 0.0
10.1462 	EXP 	polygon: opacity = 0.0
10.1462 	EXP 	displayPicture: image = 'C:\\Users\\Employee\\Google Drive\\UP\\MyResearch\\TaskProgramming\\AB_pic\\resources\\athleticsock.jpg'
10.1462 	EXP 	polygon_2: opacity = 0.0
10.1628 	EXP 	polygon: opacity = 0.0
10.1628 	EXP 	displayPicture: image = 'C:\\Users\\Employee\\Google Drive\\UP\\MyResearch\\TaskProgramming\\AB_pic\\resources\\athleticsock.jpg'
10.1628 	EXP 	polygon_2: opacity = 0.0
10.1795 	EXP 	polygon: opacity = 0.0
10.1795 	EXP 	displayPicture: image = 'C:\\Users\\Employee\\Google Drive\\UP\\MyResearch\\TaskProgramming\\AB_pic\\resources\\athleticsock.jpg'
10.1795 	EXP 	polygon_2: opacity = 0.0
10.1962 	EXP 	polygon: opacity = 0.0
10.1962 	EXP 	displayPicture: image = 'C:\\Users\\Employee\\Google Drive\\UP\\MyResearch\\TaskProgramming\\AB_pic\\resources\\athleticsock.jpg'
10.1962 	EXP 	polygon_2: opacity = 0.0
10.2128 	EXP 	polygon: opacity = 0.0
10.2128 	EXP 	displayPicture: image = 'C:\\Users\\Employee\\Google Drive\\UP\\MyResearch\\TaskProgramming\\AB_pic\\resources\\athleticsock.jpg'
10.2128 	EXP 	polygon_2: opacity = 0.0
10.2295 	EXP 	polygon: opacity = 0.0
10.2295 	EXP 	displayPicture: image = 'C:\\Users\\Employee\\Google Drive\\UP\\MyResearch\\TaskProgramming\\AB_pic\\resources\\athleticsock.jpg'
10.2295 	EXP 	polygon_2: opacity = 0.0
10.2462 	EXP 	polygon: opacity = 0.0
10.2462 	EXP 	displayPicture: image = 'C:\\Users\\Employee\\Google Drive\\UP\\MyResearch\\TaskProgramming\\AB_pic\\resources\\athleticsock.jpg'
10.2462 	EXP 	polygon_2: opacity = 0.0
10.2628 	EXP 	polygon: opacity = 0.0
10.2628 	EXP 	displayPicture: image = 'C:\\Users\\Employee\\Google Drive\\UP\\MyResearch\\TaskProgramming\\AB_pic\\resources\\athleticsock.jpg'
10.2628 	EXP 	polygon_2: opacity = 0.0
10.2795 	EXP 	polygon: opacity = 0.0
10.2795 	EXP 	displayPicture: image = 'C:\\Users\\Employee\\Google Drive\\UP\\MyResearch\\TaskProgramming\\AB_pic\\resources\\athleticsock.jpg'
10.2795 	EXP 	polygon_2: opacity = 1.0
10.2961 	EXP 	polygon: opacity = 0.0
10.2961 	EXP 	displayPicture: image = 'C:\\Users\\Employee\\Google Drive\\UP\\MyResearch\\TaskProgramming\\AB_pic\\resources\\athleticsock.jpg'
10.2961 	EXP 	polygon_2: opacity = 1.0
10.3128 	EXP 	polygon: opacity = 0.0
10.3128 	EXP 	displayPicture: image = 'C:\\Users\\Employee\\Google Drive\\UP\\MyResearch\\TaskProgramming\\AB_pic\\resources\\athleticsock.jpg'
10.3128 	EXP 	polygon_2: opacity = 1.0
10.3295 	EXP 	polygon: opacity = 0.0
10.3295 	EXP 	displayPicture: image = 'C:\\Users\\Employee\\Google Drive\\UP\\MyResearch\\TaskProgramming\\AB_pic\\resources\\athleticsock.jpg'
10.3295 	EXP 	polygon_2: opacity = 1.0
10.3461 	EXP 	polygon: opacity = 0.0
10.3461 	EXP 	displayPicture: image = 'C:\\Users\\Employee\\Google Drive\\UP\\MyResearch\\TaskProgramming\\AB_pic\\resources\\athleticsock.jpg'
10.3461 	EXP 	polygon_2: opacity = 1.0
10.3628 	EXP 	polygon: opacity = 0.0
10.3628 	EXP 	displayPicture: image = 'C:\\Users\\Employee\\Google Drive\\UP\\MyResearch\\TaskProgramming\\AB_pic\\resources\\athleticsock.jpg'
10.3628 	EXP 	polygon_2: opacity = 1.0
10.3795 	EXP 	polygon: opacity = 0.0
10.3795 	EXP 	displayPicture: image = 'C:\\Users\\Employee\\Google Drive\\UP\\MyResearch\\TaskProgramming\\AB_pic\\resources\\athleticsock.jpg'
10.3795 	EXP 	polygon_2: opacity = 1.0
10.3962 	EXP 	polygon: opacity = 0.0
10.3962 	EXP 	displayPicture: image = 'C:\\Users\\Employee\\Google Drive\\UP\\MyResearch\\TaskProgramming\\AB_pic\\resources\\athleticsock.jpg'
10.3962 	EXP 	polygon_2: opacity = 1.0
10.4128 	EXP 	polygon: opacity = 0.0
10.4128 	EXP 	displayPicture: image = 'C:\\Users\\Employee\\Google Drive\\UP\\MyResearch\\TaskProgramming\\AB_pic\\resources\\athleticsock.jpg'
10.4128 	EXP 	polygon_2: opacity = 1.0
10.4462 	EXP 	polygon: opacity = 0.0
10.4462 	EXP 	displayPicture: image = 'C:\\Users\\Employee\\Google Drive\\UP\\MyResearch\\TaskProgramming\\AB_pic\\resources\\athleticsock.jpg'
10.4462 	EXP 	polygon_2: opacity = 0.0
10.4462 	EXP 	polygon: autoDraw = False
10.4462 	EXP 	displayPicture: autoDraw = False
10.4462 	EXP 	polygon_2: autoDraw = False
10.4462 	EXP 	option1_t1: image = 'C:\\Users\\Employee\\Google Drive\\UP\\MyResearch\\TaskProgramming\\AB_pic\\resources\\cocktailshrimp02.jpg'
10.4462 	EXP 	option2_t1: image = 'C:\\Users\\Employee\\Google Drive\\UP\\MyResearch\\TaskProgramming\\AB_pic\\resources\\fishskeleton.jpg'
10.4462 	EXP 	option1_t1: autoDraw = True
10.4462 	EXP 	option2_t1: autoDraw = True
12.0843 	DATA 	Keypress: escape
12.2662 	EXP 	window1: mouseVisible = True
