0.8024 	WARNING 	We strongly recommend you activate the PTB sound engine in PsychoPy prefs as the preferred audio engine. Its timing is vastly superior. Your prefs are currently set to use ['sounddevice', 'PTB', 'pyo', 'pygame'] (in that order).
3.6502 	WARNING 	User requested fullscreen with size [1024  768], but screen is actually [1920, 1080]. Using actual size
4.5188 	EXP 	Created window1 = Window(allowGUI=False, allowStencil=False, args=UNKNOWN, autoLog=True, bitsMode=UNKNOWN, blendMode='avg', bpc=(8, 8, 8), color=array([0., 0., 0.]), colorSpace='rgb', depthBits=8, fullscr=<method-wrapper '__getattribute__' of attributeSetter object at 0x000002778E1A50F0>, gamma=None, gammaErrorPolicy='raise', kwargs=UNKNOWN, lms=UNKNOWN, monitor=<psychopy.monitors.calibTools.Monitor object at 0x000002778E132710>, multiSample=False, name='window1', numSamples=2, pos=[0.0, 0.0], screen=0, size=array([1920, 1080]), stencilBits=0, stereo=False, units='height', useFBO=True, useRetina=False, viewOri=0.0, viewPos=None, viewScale=None, waitBlanking=True, winType='pyglet')
4.5192 	EXP 	window1: mouseVisible = True
4.5192 	EXP 	window1: recordFrameIntervals = False
4.6851 	EXP 	window1: recordFrameIntervals = True
4.8685 	EXP 	window1: recordFrameIntervals = False
4.9361 	EXP 	Created polygon = Rect(__class__=<class 'psychopy.visual.rect.Rect'>, autoDraw=False, autoLog=True, closeShape=True, color=method-wrapper(...), colorSpace=None, contrast=1.0, depth=-4.0, fillColor=array([1., 0., 0.]), fillColorSpace='rgb', fillRGB=array([1., 0., 0.]), interpolate=True, lineColor=array([1., 1., 1.]), lineColorSpace='rgb', lineRGB=array([1., 1., 1.]), lineWidth=1, name='polygon', opacity=1.0, ori=array(0.), pos=array([0., 0.]), size=array([0.6, 0.6]), units='height', vertices=ndarray(...), win=Window(...))
4.9407 	EXP 	Created displayPicture = ImageStim(__class__=<class 'psychopy.visual.image.ImageStim'>, autoLog=True, color=array([1., 1., 1.]), colorSpace='rgb', contrast=1.0, depth=-5.0, flipHoriz=False, flipVert=False, image='sin', interpolate=True, mask=None, maskParams=None, name='displayPicture', opacity=1.0, ori=0.0, pos=array([0., 0.]), size=array([0.25, 0.25]), texRes=128, units='height', win=Window(...))
4.9418 	EXP 	Created polygon_2 = Rect(__class__=<class 'psychopy.visual.rect.Rect'>, autoDraw=False, autoLog=True, closeShape=True, color=method-wrapper(...), colorSpace=None, contrast=1.0, depth=-6.0, fillColor=array([0., 0., 0.]), fillColorSpace='rgb', fillRGB=array([0., 0., 0.]), interpolate=True, lineColor=array([1., 1., 1.]), lineColorSpace='rgb', lineRGB=array([1., 1., 1.]), lineWidth=0, name='polygon_2', opacity=1.0, ori=array(0.), pos=array([0., 0.]), size=array([0.8, 0.8]), units='height', vertices=ndarray(...), win=Window(...))
4.9445 	EXP 	Created option1_t1 = ImageStim(__class__=<class 'psychopy.visual.image.ImageStim'>, autoLog=True, color=array([1., 1., 1.]), colorSpace='rgb', contrast=1.0, depth=-1.0, flipHoriz=False, flipVert=False, image='sin', interpolate=True, mask=None, maskParams=None, name='option1_t1', opacity=1.0, ori=0.0, pos=array([-0.3,  0. ]), size=array([0.25, 0.25]), texRes=128, units='height', win=Window(...))
4.9471 	EXP 	Created option2_t1 = ImageStim(__class__=<class 'psychopy.visual.image.ImageStim'>, autoLog=True, color=array([1., 1., 1.]), colorSpace='rgb', contrast=1.0, depth=-2.0, flipHoriz=False, flipVert=False, image='sin', interpolate=True, mask=None, maskParams=None, name='option2_t1', opacity=1.0, ori=0.0, pos=array([0.3, 0. ]), size=array([0.25, 0.25]), texRes=128, units='height', win=Window(...))
4.9497 	EXP 	Created option1_t2 = ImageStim(__class__=<class 'psychopy.visual.image.ImageStim'>, autoLog=True, color=array([1., 1., 1.]), colorSpace='rgb', contrast=1.0, depth=-1.0, flipHoriz=False, flipVert=False, image='sin', interpolate=True, mask=None, maskParams=None, name='option1_t2', opacity=1.0, ori=0.0, pos=array([0.3, 0. ]), size=array([0.25, 0.25]), texRes=128, units='height', win=Window(...))
4.9525 	EXP 	Created option2_t2 = ImageStim(__class__=<class 'psychopy.visual.image.ImageStim'>, autoLog=True, color=array([1., 1., 1.]), colorSpace='rgb', contrast=1.0, depth=-2.0, flipHoriz=False, flipVert=False, image='sin', interpolate=True, mask=None, maskParams=None, name='option2_t2', opacity=1.0, ori=0.0, pos=array([-0.3,  0. ]), size=array([0.25, 0.25]), texRes=128, units='height', win=Window(...))
4.9912 	EXP 	Imported conditionAB.xlsx as conditions, 140 conditions, 9 params
4.9917 	EXP 	Created sequence: random, trialTypes=140, nReps=1, seed=None
4.9920 	EXP 	New trial (rep=0, index=0): OrderedDict([('trialType', 'AB'), ('cndTyp', 'lag2'), ('lag', 2), ('T1_loc', 5), ('gap', 0), ('T2_loc', 7), ('primePos', 104), ('stimLen', 0.2), ('isi', 0.15)])
5.0865 	EXP 	polygon: autoDraw = True
5.0865 	EXP 	polygon: opacity = 0.0
5.0865 	EXP 	displayPicture: autoDraw = True
5.0865 	EXP 	displayPicture: image = 'C:\\Users\\Employee\\Google Drive\\UP\\MyResearch\\TaskProgramming\\AB_pic\\resources\\hulahoop.jpg'
5.0865 	EXP 	polygon_2: autoDraw = True
5.0865 	EXP 	polygon_2: opacity = 0.0
5.1183 	EXP 	polygon: opacity = 0.0
5.1183 	EXP 	displayPicture: image = 'C:\\Users\\Employee\\Google Drive\\UP\\MyResearch\\TaskProgramming\\AB_pic\\resources\\hulahoop.jpg'
5.1183 	EXP 	polygon_2: opacity = 0.0
5.1516 	EXP 	polygon: opacity = 0.0
5.1516 	EXP 	displayPicture: image = 'C:\\Users\\Employee\\Google Drive\\UP\\MyResearch\\TaskProgramming\\AB_pic\\resources\\hulahoop.jpg'
5.1516 	EXP 	polygon_2: opacity = 0.0
5.1679 	EXP 	polygon: opacity = 0.0
5.1679 	EXP 	displayPicture: image = 'C:\\Users\\Employee\\Google Drive\\UP\\MyResearch\\TaskProgramming\\AB_pic\\resources\\hulahoop.jpg'
5.1679 	EXP 	polygon_2: opacity = 0.0
5.2016 	EXP 	polygon: opacity = 0.0
5.2016 	EXP 	displayPicture: image = 'C:\\Users\\Employee\\Google Drive\\UP\\MyResearch\\TaskProgramming\\AB_pic\\resources\\hulahoop.jpg'
5.2016 	EXP 	polygon_2: opacity = 0.0
5.2349 	EXP 	polygon: opacity = 0.0
5.2349 	EXP 	displayPicture: image = 'C:\\Users\\Employee\\Google Drive\\UP\\MyResearch\\TaskProgramming\\AB_pic\\resources\\hulahoop.jpg'
5.2349 	EXP 	polygon_2: opacity = 1.0
5.2683 	EXP 	polygon: opacity = 0.0
5.2683 	EXP 	displayPicture: image = 'C:\\Users\\Employee\\Google Drive\\UP\\MyResearch\\TaskProgramming\\AB_pic\\resources\\hulahoop.jpg'
5.2683 	EXP 	polygon_2: opacity = 1.0
5.3017 	EXP 	polygon: opacity = 0.0
5.3017 	EXP 	displayPicture: image = 'C:\\Users\\Employee\\Google Drive\\UP\\MyResearch\\TaskProgramming\\AB_pic\\resources\\hulahoop.jpg'
5.3017 	EXP 	polygon_2: opacity = 1.0
5.3349 	EXP 	polygon: opacity = 0.0
5.3349 	EXP 	displayPicture: image = 'C:\\Users\\Employee\\Google Drive\\UP\\MyResearch\\TaskProgramming\\AB_pic\\resources\\hulahoop.jpg'
5.3349 	EXP 	polygon_2: opacity = 1.0
5.3683 	EXP 	polygon: opacity = 0.0
5.3683 	EXP 	displayPicture: image = 'C:\\Users\\Employee\\Google Drive\\UP\\MyResearch\\TaskProgramming\\AB_pic\\resources\\hulahoop.jpg'
5.3683 	EXP 	polygon_2: opacity = 1.0
5.4016 	EXP 	polygon: opacity = 0.0
5.4016 	EXP 	displayPicture: image = 'C:\\Users\\Employee\\Google Drive\\UP\\MyResearch\\TaskProgramming\\AB_pic\\resources\\mouse.jpg'
5.4016 	EXP 	polygon_2: opacity = 0.0
5.4178 	EXP 	polygon: opacity = 0.0
5.4178 	EXP 	displayPicture: image = 'C:\\Users\\Employee\\Google Drive\\UP\\MyResearch\\TaskProgramming\\AB_pic\\resources\\mouse.jpg'
5.4178 	EXP 	polygon_2: opacity = 0.0
5.4349 	EXP 	polygon: opacity = 0.0
5.4349 	EXP 	displayPicture: image = 'C:\\Users\\Employee\\Google Drive\\UP\\MyResearch\\TaskProgramming\\AB_pic\\resources\\mouse.jpg'
5.4349 	EXP 	polygon_2: opacity = 0.0
5.4517 	EXP 	polygon: opacity = 0.0
5.4517 	EXP 	displayPicture: image = 'C:\\Users\\Employee\\Google Drive\\UP\\MyResearch\\TaskProgramming\\AB_pic\\resources\\mouse.jpg'
5.4517 	EXP 	polygon_2: opacity = 0.0
5.4679 	EXP 	polygon: opacity = 0.0
5.4679 	EXP 	displayPicture: image = 'C:\\Users\\Employee\\Google Drive\\UP\\MyResearch\\TaskProgramming\\AB_pic\\resources\\mouse.jpg'
5.4679 	EXP 	polygon_2: opacity = 0.0
5.4849 	EXP 	polygon: opacity = 0.0
5.4849 	EXP 	displayPicture: image = 'C:\\Users\\Employee\\Google Drive\\UP\\MyResearch\\TaskProgramming\\AB_pic\\resources\\mouse.jpg'
5.4849 	EXP 	polygon_2: opacity = 0.0
5.5012 	EXP 	polygon: opacity = 0.0
5.5012 	EXP 	displayPicture: image = 'C:\\Users\\Employee\\Google Drive\\UP\\MyResearch\\TaskProgramming\\AB_pic\\resources\\mouse.jpg'
5.5012 	EXP 	polygon_2: opacity = 0.0
5.5179 	EXP 	polygon: opacity = 0.0
5.5179 	EXP 	displayPicture: image = 'C:\\Users\\Employee\\Google Drive\\UP\\MyResearch\\TaskProgramming\\AB_pic\\resources\\mouse.jpg'
5.5179 	EXP 	polygon_2: opacity = 0.0
5.5348 	EXP 	polygon: opacity = 0.0
5.5348 	EXP 	displayPicture: image = 'C:\\Users\\Employee\\Google Drive\\UP\\MyResearch\\TaskProgramming\\AB_pic\\resources\\mouse.jpg'
5.5348 	EXP 	polygon_2: opacity = 0.0
5.5511 	EXP 	polygon: opacity = 0.0
5.5511 	EXP 	displayPicture: image = 'C:\\Users\\Employee\\Google Drive\\UP\\MyResearch\\TaskProgramming\\AB_pic\\resources\\mouse.jpg'
5.5511 	EXP 	polygon_2: opacity = 0.0
5.5682 	EXP 	polygon: opacity = 0.0
5.5682 	EXP 	displayPicture: image = 'C:\\Users\\Employee\\Google Drive\\UP\\MyResearch\\TaskProgramming\\AB_pic\\resources\\mouse.jpg'
5.5682 	EXP 	polygon_2: opacity = 1.0
5.6016 	EXP 	polygon: opacity = 0.0
5.6016 	EXP 	displayPicture: image = 'C:\\Users\\Employee\\Google Drive\\UP\\MyResearch\\TaskProgramming\\AB_pic\\resources\\mouse.jpg'
5.6016 	EXP 	polygon_2: opacity = 1.0
5.6178 	EXP 	polygon: opacity = 0.0
5.6178 	EXP 	displayPicture: image = 'C:\\Users\\Employee\\Google Drive\\UP\\MyResearch\\TaskProgramming\\AB_pic\\resources\\mouse.jpg'
5.6178 	EXP 	polygon_2: opacity = 1.0
5.6349 	EXP 	polygon: opacity = 0.0
5.6349 	EXP 	displayPicture: image = 'C:\\Users\\Employee\\Google Drive\\UP\\MyResearch\\TaskProgramming\\AB_pic\\resources\\mouse.jpg'
5.6349 	EXP 	polygon_2: opacity = 1.0
5.6516 	EXP 	polygon: opacity = 0.0
5.6516 	EXP 	displayPicture: image = 'C:\\Users\\Employee\\Google Drive\\UP\\MyResearch\\TaskProgramming\\AB_pic\\resources\\mouse.jpg'
5.6516 	EXP 	polygon_2: opacity = 1.0
5.6679 	EXP 	polygon: opacity = 0.0
5.6679 	EXP 	displayPicture: image = 'C:\\Users\\Employee\\Google Drive\\UP\\MyResearch\\TaskProgramming\\AB_pic\\resources\\mouse.jpg'
5.6679 	EXP 	polygon_2: opacity = 1.0
5.7016 	EXP 	polygon: opacity = 0.0
5.7016 	EXP 	displayPicture: image = 'C:\\Users\\Employee\\Google Drive\\UP\\MyResearch\\TaskProgramming\\AB_pic\\resources\\mouse.jpg'
5.7016 	EXP 	polygon_2: opacity = 1.0
5.7182 	EXP 	polygon: opacity = 0.0
5.7182 	EXP 	displayPicture: image = 'C:\\Users\\Employee\\Google Drive\\UP\\MyResearch\\TaskProgramming\\AB_pic\\resources\\brownsugar.jpg'
5.7182 	EXP 	polygon_2: opacity = 0.0
5.7349 	EXP 	polygon: opacity = 0.0
5.7349 	EXP 	displayPicture: image = 'C:\\Users\\Employee\\Google Drive\\UP\\MyResearch\\TaskProgramming\\AB_pic\\resources\\brownsugar.jpg'
5.7349 	EXP 	polygon_2: opacity = 0.0
5.7514 	EXP 	polygon: opacity = 0.0
5.7514 	EXP 	displayPicture: image = 'C:\\Users\\Employee\\Google Drive\\UP\\MyResearch\\TaskProgramming\\AB_pic\\resources\\brownsugar.jpg'
5.7514 	EXP 	polygon_2: opacity = 0.0
5.7682 	EXP 	polygon: opacity = 0.0
5.7682 	EXP 	displayPicture: image = 'C:\\Users\\Employee\\Google Drive\\UP\\MyResearch\\TaskProgramming\\AB_pic\\resources\\brownsugar.jpg'
5.7682 	EXP 	polygon_2: opacity = 0.0
5.7848 	EXP 	polygon: opacity = 0.0
5.7848 	EXP 	displayPicture: image = 'C:\\Users\\Employee\\Google Drive\\UP\\MyResearch\\TaskProgramming\\AB_pic\\resources\\brownsugar.jpg'
5.7848 	EXP 	polygon_2: opacity = 0.0
5.8015 	EXP 	polygon: opacity = 0.0
5.8015 	EXP 	displayPicture: image = 'C:\\Users\\Employee\\Google Drive\\UP\\MyResearch\\TaskProgramming\\AB_pic\\resources\\brownsugar.jpg'
5.8015 	EXP 	polygon_2: opacity = 0.0
5.8182 	EXP 	polygon: opacity = 0.0
5.8182 	EXP 	displayPicture: image = 'C:\\Users\\Employee\\Google Drive\\UP\\MyResearch\\TaskProgramming\\AB_pic\\resources\\brownsugar.jpg'
5.8182 	EXP 	polygon_2: opacity = 0.0
5.8348 	EXP 	polygon: opacity = 0.0
5.8348 	EXP 	displayPicture: image = 'C:\\Users\\Employee\\Google Drive\\UP\\MyResearch\\TaskProgramming\\AB_pic\\resources\\brownsugar.jpg'
5.8348 	EXP 	polygon_2: opacity = 0.0
5.8515 	EXP 	polygon: opacity = 0.0
5.8515 	EXP 	displayPicture: image = 'C:\\Users\\Employee\\Google Drive\\UP\\MyResearch\\TaskProgramming\\AB_pic\\resources\\brownsugar.jpg'
5.8515 	EXP 	polygon_2: opacity = 0.0
5.8682 	EXP 	polygon: opacity = 0.0
5.8682 	EXP 	displayPicture: image = 'C:\\Users\\Employee\\Google Drive\\UP\\MyResearch\\TaskProgramming\\AB_pic\\resources\\brownsugar.jpg'
5.8682 	EXP 	polygon_2: opacity = 0.0
5.8849 	EXP 	polygon: opacity = 0.0
5.8849 	EXP 	displayPicture: image = 'C:\\Users\\Employee\\Google Drive\\UP\\MyResearch\\TaskProgramming\\AB_pic\\resources\\brownsugar.jpg'
5.8849 	EXP 	polygon_2: opacity = 0.0
5.9015 	EXP 	polygon: opacity = 0.0
5.9015 	EXP 	displayPicture: image = 'C:\\Users\\Employee\\Google Drive\\UP\\MyResearch\\TaskProgramming\\AB_pic\\resources\\brownsugar.jpg'
5.9015 	EXP 	polygon_2: opacity = 0.0
5.9184 	EXP 	polygon: opacity = 0.0
5.9184 	EXP 	displayPicture: image = 'C:\\Users\\Employee\\Google Drive\\UP\\MyResearch\\TaskProgramming\\AB_pic\\resources\\brownsugar.jpg'
5.9184 	EXP 	polygon_2: opacity = 1.0
5.9348 	EXP 	polygon: opacity = 0.0
5.9348 	EXP 	displayPicture: image = 'C:\\Users\\Employee\\Google Drive\\UP\\MyResearch\\TaskProgramming\\AB_pic\\resources\\brownsugar.jpg'
5.9348 	EXP 	polygon_2: opacity = 1.0
5.9515 	EXP 	polygon: opacity = 0.0
5.9515 	EXP 	displayPicture: image = 'C:\\Users\\Employee\\Google Drive\\UP\\MyResearch\\TaskProgramming\\AB_pic\\resources\\brownsugar.jpg'
5.9515 	EXP 	polygon_2: opacity = 1.0
5.9682 	EXP 	polygon: opacity = 0.0
5.9682 	EXP 	displayPicture: image = 'C:\\Users\\Employee\\Google Drive\\UP\\MyResearch\\TaskProgramming\\AB_pic\\resources\\brownsugar.jpg'
5.9682 	EXP 	polygon_2: opacity = 1.0
5.9848 	EXP 	polygon: opacity = 0.0
5.9848 	EXP 	displayPicture: image = 'C:\\Users\\Employee\\Google Drive\\UP\\MyResearch\\TaskProgramming\\AB_pic\\resources\\brownsugar.jpg'
5.9848 	EXP 	polygon_2: opacity = 1.0
6.0015 	EXP 	polygon: opacity = 0.0
6.0015 	EXP 	displayPicture: image = 'C:\\Users\\Employee\\Google Drive\\UP\\MyResearch\\TaskProgramming\\AB_pic\\resources\\brownsugar.jpg'
6.0015 	EXP 	polygon_2: opacity = 1.0
6.0181 	EXP 	polygon: opacity = 0.0
6.0181 	EXP 	displayPicture: image = 'C:\\Users\\Employee\\Google Drive\\UP\\MyResearch\\TaskProgramming\\AB_pic\\resources\\brownsugar.jpg'
6.0181 	EXP 	polygon_2: opacity = 1.0
6.0349 	EXP 	polygon: opacity = 0.0
6.0349 	EXP 	displayPicture: image = 'C:\\Users\\Employee\\Google Drive\\UP\\MyResearch\\TaskProgramming\\AB_pic\\resources\\brownsugar.jpg'
6.0349 	EXP 	polygon_2: opacity = 1.0
6.0512 	EXP 	polygon: opacity = 0.0
6.0512 	EXP 	displayPicture: image = 'C:\\Users\\Employee\\Google Drive\\UP\\MyResearch\\TaskProgramming\\AB_pic\\resources\\brownsugar.jpg'
6.0512 	EXP 	polygon_2: opacity = 1.0
6.0681 	EXP 	polygon: opacity = 0.0
6.0681 	EXP 	displayPicture: image = 'C:\\Users\\Employee\\Google Drive\\UP\\MyResearch\\TaskProgramming\\AB_pic\\resources\\waterfall.jpg'
6.0681 	EXP 	polygon_2: opacity = 0.0
6.0848 	EXP 	polygon: opacity = 0.0
6.0848 	EXP 	displayPicture: image = 'C:\\Users\\Employee\\Google Drive\\UP\\MyResearch\\TaskProgramming\\AB_pic\\resources\\waterfall.jpg'
6.0848 	EXP 	polygon_2: opacity = 0.0
6.1015 	EXP 	polygon: opacity = 0.0
6.1015 	EXP 	displayPicture: image = 'C:\\Users\\Employee\\Google Drive\\UP\\MyResearch\\TaskProgramming\\AB_pic\\resources\\waterfall.jpg'
6.1015 	EXP 	polygon_2: opacity = 0.0
6.1181 	EXP 	polygon: opacity = 0.0
6.1181 	EXP 	displayPicture: image = 'C:\\Users\\Employee\\Google Drive\\UP\\MyResearch\\TaskProgramming\\AB_pic\\resources\\waterfall.jpg'
6.1181 	EXP 	polygon_2: opacity = 0.0
6.1348 	EXP 	polygon: opacity = 0.0
6.1348 	EXP 	displayPicture: image = 'C:\\Users\\Employee\\Google Drive\\UP\\MyResearch\\TaskProgramming\\AB_pic\\resources\\waterfall.jpg'
6.1348 	EXP 	polygon_2: opacity = 0.0
6.1515 	EXP 	polygon: opacity = 0.0
6.1515 	EXP 	displayPicture: image = 'C:\\Users\\Employee\\Google Drive\\UP\\MyResearch\\TaskProgramming\\AB_pic\\resources\\waterfall.jpg'
6.1515 	EXP 	polygon_2: opacity = 0.0
6.1682 	EXP 	polygon: opacity = 0.0
6.1682 	EXP 	displayPicture: image = 'C:\\Users\\Employee\\Google Drive\\UP\\MyResearch\\TaskProgramming\\AB_pic\\resources\\waterfall.jpg'
6.1682 	EXP 	polygon_2: opacity = 0.0
6.1848 	EXP 	polygon: opacity = 0.0
6.1848 	EXP 	displayPicture: image = 'C:\\Users\\Employee\\Google Drive\\UP\\MyResearch\\TaskProgramming\\AB_pic\\resources\\waterfall.jpg'
6.1848 	EXP 	polygon_2: opacity = 0.0
6.2012 	EXP 	polygon: opacity = 0.0
6.2012 	EXP 	displayPicture: image = 'C:\\Users\\Employee\\Google Drive\\UP\\MyResearch\\TaskProgramming\\AB_pic\\resources\\waterfall.jpg'
6.2012 	EXP 	polygon_2: opacity = 0.0
6.2181 	EXP 	polygon: opacity = 0.0
6.2181 	EXP 	displayPicture: image = 'C:\\Users\\Employee\\Google Drive\\UP\\MyResearch\\TaskProgramming\\AB_pic\\resources\\waterfall.jpg'
6.2181 	EXP 	polygon_2: opacity = 0.0
6.2348 	EXP 	polygon: opacity = 0.0
6.2348 	EXP 	displayPicture: image = 'C:\\Users\\Employee\\Google Drive\\UP\\MyResearch\\TaskProgramming\\AB_pic\\resources\\waterfall.jpg'
6.2348 	EXP 	polygon_2: opacity = 0.0
6.2511 	EXP 	polygon: opacity = 0.0
6.2511 	EXP 	displayPicture: image = 'C:\\Users\\Employee\\Google Drive\\UP\\MyResearch\\TaskProgramming\\AB_pic\\resources\\waterfall.jpg'
6.2511 	EXP 	polygon_2: opacity = 0.0
6.2681 	EXP 	polygon: opacity = 0.0
6.2681 	EXP 	displayPicture: image = 'C:\\Users\\Employee\\Google Drive\\UP\\MyResearch\\TaskProgramming\\AB_pic\\resources\\waterfall.jpg'
6.2681 	EXP 	polygon_2: opacity = 1.0
6.2845 	EXP 	polygon: opacity = 0.0
6.2845 	EXP 	displayPicture: image = 'C:\\Users\\Employee\\Google Drive\\UP\\MyResearch\\TaskProgramming\\AB_pic\\resources\\waterfall.jpg'
6.2845 	EXP 	polygon_2: opacity = 1.0
6.3181 	EXP 	polygon: opacity = 0.0
6.3181 	EXP 	displayPicture: image = 'C:\\Users\\Employee\\Google Drive\\UP\\MyResearch\\TaskProgramming\\AB_pic\\resources\\waterfall.jpg'
6.3181 	EXP 	polygon_2: opacity = 1.0
6.3348 	EXP 	polygon: opacity = 0.0
6.3348 	EXP 	displayPicture: image = 'C:\\Users\\Employee\\Google Drive\\UP\\MyResearch\\TaskProgramming\\AB_pic\\resources\\waterfall.jpg'
6.3348 	EXP 	polygon_2: opacity = 1.0
6.3515 	EXP 	polygon: opacity = 0.0
6.3515 	EXP 	displayPicture: image = 'C:\\Users\\Employee\\Google Drive\\UP\\MyResearch\\TaskProgramming\\AB_pic\\resources\\waterfall.jpg'
6.3515 	EXP 	polygon_2: opacity = 1.0
6.3678 	EXP 	polygon: opacity = 0.0
6.3678 	EXP 	displayPicture: image = 'C:\\Users\\Employee\\Google Drive\\UP\\MyResearch\\TaskProgramming\\AB_pic\\resources\\waterfall.jpg'
6.3678 	EXP 	polygon_2: opacity = 1.0
6.3848 	EXP 	polygon: opacity = 0.0
6.3848 	EXP 	displayPicture: image = 'C:\\Users\\Employee\\Google Drive\\UP\\MyResearch\\TaskProgramming\\AB_pic\\resources\\waterfall.jpg'
6.3848 	EXP 	polygon_2: opacity = 1.0
6.4014 	EXP 	polygon: opacity = 0.0
6.4014 	EXP 	displayPicture: image = 'C:\\Users\\Employee\\Google Drive\\UP\\MyResearch\\TaskProgramming\\AB_pic\\resources\\waterfall.jpg'
6.4014 	EXP 	polygon_2: opacity = 1.0
6.4181 	EXP 	polygon: opacity = 1.0
6.4181 	EXP 	displayPicture: image = 'C:\\Users\\Employee\\Google Drive\\UP\\MyResearch\\TaskProgramming\\AB_pic\\resources\\polarbear.jpg'
6.4181 	EXP 	polygon_2: opacity = 0.0
6.4348 	EXP 	polygon: opacity = 1.0
6.4348 	EXP 	displayPicture: image = 'C:\\Users\\Employee\\Google Drive\\UP\\MyResearch\\TaskProgramming\\AB_pic\\resources\\polarbear.jpg'
6.4348 	EXP 	polygon_2: opacity = 0.0
6.4511 	EXP 	polygon: opacity = 1.0
6.4511 	EXP 	displayPicture: image = 'C:\\Users\\Employee\\Google Drive\\UP\\MyResearch\\TaskProgramming\\AB_pic\\resources\\polarbear.jpg'
6.4511 	EXP 	polygon_2: opacity = 0.0
6.4681 	EXP 	polygon: opacity = 1.0
6.4681 	EXP 	displayPicture: image = 'C:\\Users\\Employee\\Google Drive\\UP\\MyResearch\\TaskProgramming\\AB_pic\\resources\\polarbear.jpg'
6.4681 	EXP 	polygon_2: opacity = 0.0
6.4848 	EXP 	polygon: opacity = 1.0
6.4848 	EXP 	displayPicture: image = 'C:\\Users\\Employee\\Google Drive\\UP\\MyResearch\\TaskProgramming\\AB_pic\\resources\\polarbear.jpg'
6.4848 	EXP 	polygon_2: opacity = 0.0
6.5011 	EXP 	polygon: opacity = 1.0
6.5011 	EXP 	displayPicture: image = 'C:\\Users\\Employee\\Google Drive\\UP\\MyResearch\\TaskProgramming\\AB_pic\\resources\\polarbear.jpg'
6.5011 	EXP 	polygon_2: opacity = 0.0
6.5181 	EXP 	polygon: opacity = 1.0
6.5181 	EXP 	displayPicture: image = 'C:\\Users\\Employee\\Google Drive\\UP\\MyResearch\\TaskProgramming\\AB_pic\\resources\\polarbear.jpg'
6.5181 	EXP 	polygon_2: opacity = 0.0
6.5348 	EXP 	polygon: opacity = 1.0
6.5348 	EXP 	displayPicture: image = 'C:\\Users\\Employee\\Google Drive\\UP\\MyResearch\\TaskProgramming\\AB_pic\\resources\\polarbear.jpg'
6.5348 	EXP 	polygon_2: opacity = 0.0
6.5515 	EXP 	polygon: opacity = 1.0
6.5515 	EXP 	displayPicture: image = 'C:\\Users\\Employee\\Google Drive\\UP\\MyResearch\\TaskProgramming\\AB_pic\\resources\\polarbear.jpg'
6.5515 	EXP 	polygon_2: opacity = 0.0
6.5681 	EXP 	polygon: opacity = 1.0
6.5681 	EXP 	displayPicture: image = 'C:\\Users\\Employee\\Google Drive\\UP\\MyResearch\\TaskProgramming\\AB_pic\\resources\\polarbear.jpg'
6.5681 	EXP 	polygon_2: opacity = 0.0
6.5848 	EXP 	polygon: opacity = 1.0
6.5848 	EXP 	displayPicture: image = 'C:\\Users\\Employee\\Google Drive\\UP\\MyResearch\\TaskProgramming\\AB_pic\\resources\\polarbear.jpg'
6.5848 	EXP 	polygon_2: opacity = 0.0
6.6014 	EXP 	polygon: opacity = 1.0
6.6014 	EXP 	displayPicture: image = 'C:\\Users\\Employee\\Google Drive\\UP\\MyResearch\\TaskProgramming\\AB_pic\\resources\\polarbear.jpg'
6.6014 	EXP 	polygon_2: opacity = 0.0
6.6181 	EXP 	polygon: opacity = 1.0
6.6181 	EXP 	displayPicture: image = 'C:\\Users\\Employee\\Google Drive\\UP\\MyResearch\\TaskProgramming\\AB_pic\\resources\\polarbear.jpg'
6.6181 	EXP 	polygon_2: opacity = 1.0
6.6344 	EXP 	polygon: opacity = 1.0
6.6344 	EXP 	displayPicture: image = 'C:\\Users\\Employee\\Google Drive\\UP\\MyResearch\\TaskProgramming\\AB_pic\\resources\\polarbear.jpg'
6.6344 	EXP 	polygon_2: opacity = 1.0
6.6514 	EXP 	polygon: opacity = 1.0
6.6514 	EXP 	displayPicture: image = 'C:\\Users\\Employee\\Google Drive\\UP\\MyResearch\\TaskProgramming\\AB_pic\\resources\\polarbear.jpg'
6.6514 	EXP 	polygon_2: opacity = 1.0
6.6680 	EXP 	polygon: opacity = 1.0
6.6680 	EXP 	displayPicture: image = 'C:\\Users\\Employee\\Google Drive\\UP\\MyResearch\\TaskProgramming\\AB_pic\\resources\\polarbear.jpg'
6.6680 	EXP 	polygon_2: opacity = 1.0
6.6847 	EXP 	polygon: opacity = 1.0
6.6847 	EXP 	displayPicture: image = 'C:\\Users\\Employee\\Google Drive\\UP\\MyResearch\\TaskProgramming\\AB_pic\\resources\\polarbear.jpg'
6.6847 	EXP 	polygon_2: opacity = 1.0
6.7014 	EXP 	polygon: opacity = 1.0
6.7014 	EXP 	displayPicture: image = 'C:\\Users\\Employee\\Google Drive\\UP\\MyResearch\\TaskProgramming\\AB_pic\\resources\\polarbear.jpg'
6.7014 	EXP 	polygon_2: opacity = 1.0
6.7181 	EXP 	polygon: opacity = 1.0
6.7181 	EXP 	displayPicture: image = 'C:\\Users\\Employee\\Google Drive\\UP\\MyResearch\\TaskProgramming\\AB_pic\\resources\\polarbear.jpg'
6.7181 	EXP 	polygon_2: opacity = 1.0
6.7347 	EXP 	polygon: opacity = 1.0
6.7347 	EXP 	displayPicture: image = 'C:\\Users\\Employee\\Google Drive\\UP\\MyResearch\\TaskProgramming\\AB_pic\\resources\\polarbear.jpg'
6.7347 	EXP 	polygon_2: opacity = 1.0
6.7514 	EXP 	polygon: opacity = 1.0
6.7514 	EXP 	displayPicture: image = 'C:\\Users\\Employee\\Google Drive\\UP\\MyResearch\\TaskProgramming\\AB_pic\\resources\\polarbear.jpg'
6.7514 	EXP 	polygon_2: opacity = 1.0
6.7681 	EXP 	polygon: opacity = 0.0
6.7681 	EXP 	displayPicture: image = 'C:\\Users\\Employee\\Google Drive\\UP\\MyResearch\\TaskProgramming\\AB_pic\\resources\\tire.jpg'
6.7681 	EXP 	polygon_2: opacity = 0.0
6.7847 	EXP 	polygon: opacity = 0.0
6.7847 	EXP 	displayPicture: image = 'C:\\Users\\Employee\\Google Drive\\UP\\MyResearch\\TaskProgramming\\AB_pic\\resources\\tire.jpg'
6.7847 	EXP 	polygon_2: opacity = 0.0
6.8014 	EXP 	polygon: opacity = 0.0
6.8014 	EXP 	displayPicture: image = 'C:\\Users\\Employee\\Google Drive\\UP\\MyResearch\\TaskProgramming\\AB_pic\\resources\\tire.jpg'
6.8014 	EXP 	polygon_2: opacity = 0.0
6.8181 	EXP 	polygon: opacity = 0.0
6.8181 	EXP 	displayPicture: image = 'C:\\Users\\Employee\\Google Drive\\UP\\MyResearch\\TaskProgramming\\AB_pic\\resources\\tire.jpg'
6.8181 	EXP 	polygon_2: opacity = 0.0
6.8348 	EXP 	polygon: opacity = 0.0
6.8348 	EXP 	displayPicture: image = 'C:\\Users\\Employee\\Google Drive\\UP\\MyResearch\\TaskProgramming\\AB_pic\\resources\\tire.jpg'
6.8348 	EXP 	polygon_2: opacity = 0.0
6.8514 	EXP 	polygon: opacity = 0.0
6.8514 	EXP 	displayPicture: image = 'C:\\Users\\Employee\\Google Drive\\UP\\MyResearch\\TaskProgramming\\AB_pic\\resources\\tire.jpg'
6.8514 	EXP 	polygon_2: opacity = 0.0
6.8680 	EXP 	polygon: opacity = 0.0
6.8680 	EXP 	displayPicture: image = 'C:\\Users\\Employee\\Google Drive\\UP\\MyResearch\\TaskProgramming\\AB_pic\\resources\\tire.jpg'
6.8680 	EXP 	polygon_2: opacity = 0.0
6.8848 	EXP 	polygon: opacity = 0.0
6.8848 	EXP 	displayPicture: image = 'C:\\Users\\Employee\\Google Drive\\UP\\MyResearch\\TaskProgramming\\AB_pic\\resources\\tire.jpg'
6.8848 	EXP 	polygon_2: opacity = 0.0
6.9014 	EXP 	polygon: opacity = 0.0
6.9014 	EXP 	displayPicture: image = 'C:\\Users\\Employee\\Google Drive\\UP\\MyResearch\\TaskProgramming\\AB_pic\\resources\\tire.jpg'
6.9014 	EXP 	polygon_2: opacity = 0.0
6.9181 	EXP 	polygon: opacity = 0.0
6.9181 	EXP 	displayPicture: image = 'C:\\Users\\Employee\\Google Drive\\UP\\MyResearch\\TaskProgramming\\AB_pic\\resources\\tire.jpg'
6.9181 	EXP 	polygon_2: opacity = 0.0
6.9347 	EXP 	polygon: opacity = 0.0
6.9347 	EXP 	displayPicture: image = 'C:\\Users\\Employee\\Google Drive\\UP\\MyResearch\\TaskProgramming\\AB_pic\\resources\\tire.jpg'
6.9347 	EXP 	polygon_2: opacity = 0.0
6.9514 	EXP 	polygon: opacity = 0.0
6.9514 	EXP 	displayPicture: image = 'C:\\Users\\Employee\\Google Drive\\UP\\MyResearch\\TaskProgramming\\AB_pic\\resources\\tire.jpg'
6.9514 	EXP 	polygon_2: opacity = 0.0
6.9681 	EXP 	polygon: opacity = 0.0
6.9681 	EXP 	displayPicture: image = 'C:\\Users\\Employee\\Google Drive\\UP\\MyResearch\\TaskProgramming\\AB_pic\\resources\\tire.jpg'
6.9681 	EXP 	polygon_2: opacity = 1.0
6.9847 	EXP 	polygon: opacity = 0.0
6.9847 	EXP 	displayPicture: image = 'C:\\Users\\Employee\\Google Drive\\UP\\MyResearch\\TaskProgramming\\AB_pic\\resources\\tire.jpg'
6.9847 	EXP 	polygon_2: opacity = 1.0
7.0014 	EXP 	polygon: opacity = 0.0
7.0014 	EXP 	displayPicture: image = 'C:\\Users\\Employee\\Google Drive\\UP\\MyResearch\\TaskProgramming\\AB_pic\\resources\\tire.jpg'
7.0014 	EXP 	polygon_2: opacity = 1.0
7.0180 	EXP 	polygon: opacity = 0.0
7.0180 	EXP 	displayPicture: image = 'C:\\Users\\Employee\\Google Drive\\UP\\MyResearch\\TaskProgramming\\AB_pic\\resources\\tire.jpg'
7.0180 	EXP 	polygon_2: opacity = 1.0
7.0347 	EXP 	polygon: opacity = 0.0
7.0347 	EXP 	displayPicture: image = 'C:\\Users\\Employee\\Google Drive\\UP\\MyResearch\\TaskProgramming\\AB_pic\\resources\\tire.jpg'
7.0347 	EXP 	polygon_2: opacity = 1.0
7.0514 	EXP 	polygon: opacity = 0.0
7.0514 	EXP 	displayPicture: image = 'C:\\Users\\Employee\\Google Drive\\UP\\MyResearch\\TaskProgramming\\AB_pic\\resources\\tire.jpg'
7.0514 	EXP 	polygon_2: opacity = 1.0
7.0680 	EXP 	polygon: opacity = 0.0
7.0680 	EXP 	displayPicture: image = 'C:\\Users\\Employee\\Google Drive\\UP\\MyResearch\\TaskProgramming\\AB_pic\\resources\\tire.jpg'
7.0680 	EXP 	polygon_2: opacity = 1.0
7.0847 	EXP 	polygon: opacity = 0.0
7.0847 	EXP 	displayPicture: image = 'C:\\Users\\Employee\\Google Drive\\UP\\MyResearch\\TaskProgramming\\AB_pic\\resources\\tire.jpg'
7.0847 	EXP 	polygon_2: opacity = 1.0
7.1014 	EXP 	polygon: opacity = 0.0
7.1014 	EXP 	displayPicture: image = 'C:\\Users\\Employee\\Google Drive\\UP\\MyResearch\\TaskProgramming\\AB_pic\\resources\\tire.jpg'
7.1014 	EXP 	polygon_2: opacity = 1.0
7.1181 	EXP 	polygon: opacity = 1.0
7.1181 	EXP 	displayPicture: image = 'C:\\Users\\Employee\\Google Drive\\UP\\MyResearch\\TaskProgramming\\AB_pic\\resources\\helicopter.jpg'
7.1181 	EXP 	polygon_2: opacity = 0.0
7.1347 	EXP 	polygon: opacity = 1.0
7.1347 	EXP 	displayPicture: image = 'C:\\Users\\Employee\\Google Drive\\UP\\MyResearch\\TaskProgramming\\AB_pic\\resources\\helicopter.jpg'
7.1347 	EXP 	polygon_2: opacity = 0.0
7.1514 	EXP 	polygon: opacity = 1.0
7.1514 	EXP 	displayPicture: image = 'C:\\Users\\Employee\\Google Drive\\UP\\MyResearch\\TaskProgramming\\AB_pic\\resources\\helicopter.jpg'
7.1514 	EXP 	polygon_2: opacity = 0.0
7.1677 	EXP 	polygon: opacity = 1.0
7.1677 	EXP 	displayPicture: image = 'C:\\Users\\Employee\\Google Drive\\UP\\MyResearch\\TaskProgramming\\AB_pic\\resources\\helicopter.jpg'
7.1677 	EXP 	polygon_2: opacity = 0.0
7.1844 	EXP 	polygon: opacity = 1.0
7.1844 	EXP 	displayPicture: image = 'C:\\Users\\Employee\\Google Drive\\UP\\MyResearch\\TaskProgramming\\AB_pic\\resources\\helicopter.jpg'
7.1844 	EXP 	polygon_2: opacity = 0.0
7.2011 	EXP 	polygon: opacity = 1.0
7.2011 	EXP 	displayPicture: image = 'C:\\Users\\Employee\\Google Drive\\UP\\MyResearch\\TaskProgramming\\AB_pic\\resources\\helicopter.jpg'
7.2011 	EXP 	polygon_2: opacity = 0.0
7.2177 	EXP 	polygon: opacity = 1.0
7.2177 	EXP 	displayPicture: image = 'C:\\Users\\Employee\\Google Drive\\UP\\MyResearch\\TaskProgramming\\AB_pic\\resources\\helicopter.jpg'
7.2177 	EXP 	polygon_2: opacity = 0.0
7.2344 	EXP 	polygon: opacity = 1.0
7.2344 	EXP 	displayPicture: image = 'C:\\Users\\Employee\\Google Drive\\UP\\MyResearch\\TaskProgramming\\AB_pic\\resources\\helicopter.jpg'
7.2344 	EXP 	polygon_2: opacity = 0.0
7.2511 	EXP 	polygon: opacity = 1.0
7.2511 	EXP 	displayPicture: image = 'C:\\Users\\Employee\\Google Drive\\UP\\MyResearch\\TaskProgramming\\AB_pic\\resources\\helicopter.jpg'
7.2511 	EXP 	polygon_2: opacity = 0.0
7.2677 	EXP 	polygon: opacity = 1.0
7.2677 	EXP 	displayPicture: image = 'C:\\Users\\Employee\\Google Drive\\UP\\MyResearch\\TaskProgramming\\AB_pic\\resources\\helicopter.jpg'
7.2677 	EXP 	polygon_2: opacity = 0.0
7.2844 	EXP 	polygon: opacity = 1.0
7.2844 	EXP 	displayPicture: image = 'C:\\Users\\Employee\\Google Drive\\UP\\MyResearch\\TaskProgramming\\AB_pic\\resources\\helicopter.jpg'
7.2844 	EXP 	polygon_2: opacity = 0.0
7.3011 	EXP 	polygon: opacity = 1.0
7.3011 	EXP 	displayPicture: image = 'C:\\Users\\Employee\\Google Drive\\UP\\MyResearch\\TaskProgramming\\AB_pic\\resources\\helicopter.jpg'
7.3011 	EXP 	polygon_2: opacity = 0.0
7.3177 	EXP 	polygon: opacity = 1.0
7.3177 	EXP 	displayPicture: image = 'C:\\Users\\Employee\\Google Drive\\UP\\MyResearch\\TaskProgramming\\AB_pic\\resources\\helicopter.jpg'
7.3177 	EXP 	polygon_2: opacity = 1.0
7.3344 	EXP 	polygon: opacity = 1.0
7.3344 	EXP 	displayPicture: image = 'C:\\Users\\Employee\\Google Drive\\UP\\MyResearch\\TaskProgramming\\AB_pic\\resources\\helicopter.jpg'
7.3344 	EXP 	polygon_2: opacity = 1.0
7.3510 	EXP 	polygon: opacity = 1.0
7.3510 	EXP 	displayPicture: image = 'C:\\Users\\Employee\\Google Drive\\UP\\MyResearch\\TaskProgramming\\AB_pic\\resources\\helicopter.jpg'
7.3510 	EXP 	polygon_2: opacity = 1.0
7.3677 	EXP 	polygon: opacity = 1.0
7.3677 	EXP 	displayPicture: image = 'C:\\Users\\Employee\\Google Drive\\UP\\MyResearch\\TaskProgramming\\AB_pic\\resources\\helicopter.jpg'
7.3677 	EXP 	polygon_2: opacity = 1.0
7.3844 	EXP 	polygon: opacity = 1.0
7.3844 	EXP 	displayPicture: image = 'C:\\Users\\Employee\\Google Drive\\UP\\MyResearch\\TaskProgramming\\AB_pic\\resources\\helicopter.jpg'
7.3844 	EXP 	polygon_2: opacity = 1.0
7.4010 	EXP 	polygon: opacity = 1.0
7.4010 	EXP 	displayPicture: image = 'C:\\Users\\Employee\\Google Drive\\UP\\MyResearch\\TaskProgramming\\AB_pic\\resources\\helicopter.jpg'
7.4010 	EXP 	polygon_2: opacity = 1.0
7.4177 	EXP 	polygon: opacity = 1.0
7.4177 	EXP 	displayPicture: image = 'C:\\Users\\Employee\\Google Drive\\UP\\MyResearch\\TaskProgramming\\AB_pic\\resources\\helicopter.jpg'
7.4177 	EXP 	polygon_2: opacity = 1.0
7.4344 	EXP 	polygon: opacity = 1.0
7.4344 	EXP 	displayPicture: image = 'C:\\Users\\Employee\\Google Drive\\UP\\MyResearch\\TaskProgramming\\AB_pic\\resources\\helicopter.jpg'
7.4344 	EXP 	polygon_2: opacity = 1.0
7.4510 	EXP 	polygon: opacity = 1.0
7.4510 	EXP 	displayPicture: image = 'C:\\Users\\Employee\\Google Drive\\UP\\MyResearch\\TaskProgramming\\AB_pic\\resources\\helicopter.jpg'
7.4510 	EXP 	polygon_2: opacity = 1.0
7.4677 	EXP 	polygon: opacity = 0.0
7.4677 	EXP 	displayPicture: image = 'C:\\Users\\Employee\\Google Drive\\UP\\MyResearch\\TaskProgramming\\AB_pic\\resources\\frenchfries.jpg'
7.4677 	EXP 	polygon_2: opacity = 0.0
7.4844 	EXP 	polygon: opacity = 0.0
7.4844 	EXP 	displayPicture: image = 'C:\\Users\\Employee\\Google Drive\\UP\\MyResearch\\TaskProgramming\\AB_pic\\resources\\frenchfries.jpg'
7.4844 	EXP 	polygon_2: opacity = 0.0
7.5010 	EXP 	polygon: opacity = 0.0
7.5010 	EXP 	displayPicture: image = 'C:\\Users\\Employee\\Google Drive\\UP\\MyResearch\\TaskProgramming\\AB_pic\\resources\\frenchfries.jpg'
7.5010 	EXP 	polygon_2: opacity = 0.0
7.5177 	EXP 	polygon: opacity = 0.0
7.5177 	EXP 	displayPicture: image = 'C:\\Users\\Employee\\Google Drive\\UP\\MyResearch\\TaskProgramming\\AB_pic\\resources\\frenchfries.jpg'
7.5177 	EXP 	polygon_2: opacity = 0.0
7.5344 	EXP 	polygon: opacity = 0.0
7.5344 	EXP 	displayPicture: image = 'C:\\Users\\Employee\\Google Drive\\UP\\MyResearch\\TaskProgramming\\AB_pic\\resources\\frenchfries.jpg'
7.5344 	EXP 	polygon_2: opacity = 0.0
7.5510 	EXP 	polygon: opacity = 0.0
7.5510 	EXP 	displayPicture: image = 'C:\\Users\\Employee\\Google Drive\\UP\\MyResearch\\TaskProgramming\\AB_pic\\resources\\frenchfries.jpg'
7.5510 	EXP 	polygon_2: opacity = 0.0
7.5677 	EXP 	polygon: opacity = 0.0
7.5677 	EXP 	displayPicture: image = 'C:\\Users\\Employee\\Google Drive\\UP\\MyResearch\\TaskProgramming\\AB_pic\\resources\\frenchfries.jpg'
7.5677 	EXP 	polygon_2: opacity = 0.0
7.5844 	EXP 	polygon: opacity = 0.0
7.5844 	EXP 	displayPicture: image = 'C:\\Users\\Employee\\Google Drive\\UP\\MyResearch\\TaskProgramming\\AB_pic\\resources\\frenchfries.jpg'
7.5844 	EXP 	polygon_2: opacity = 0.0
7.6010 	EXP 	polygon: opacity = 0.0
7.6010 	EXP 	displayPicture: image = 'C:\\Users\\Employee\\Google Drive\\UP\\MyResearch\\TaskProgramming\\AB_pic\\resources\\frenchfries.jpg'
7.6010 	EXP 	polygon_2: opacity = 0.0
7.6177 	EXP 	polygon: opacity = 0.0
7.6177 	EXP 	displayPicture: image = 'C:\\Users\\Employee\\Google Drive\\UP\\MyResearch\\TaskProgramming\\AB_pic\\resources\\frenchfries.jpg'
7.6177 	EXP 	polygon_2: opacity = 0.0
7.6344 	EXP 	polygon: opacity = 0.0
7.6344 	EXP 	displayPicture: image = 'C:\\Users\\Employee\\Google Drive\\UP\\MyResearch\\TaskProgramming\\AB_pic\\resources\\frenchfries.jpg'
7.6344 	EXP 	polygon_2: opacity = 0.0
7.6510 	EXP 	polygon: opacity = 0.0
7.6510 	EXP 	displayPicture: image = 'C:\\Users\\Employee\\Google Drive\\UP\\MyResearch\\TaskProgramming\\AB_pic\\resources\\frenchfries.jpg'
7.6510 	EXP 	polygon_2: opacity = 0.0
7.6677 	EXP 	polygon: opacity = 0.0
7.6677 	EXP 	displayPicture: image = 'C:\\Users\\Employee\\Google Drive\\UP\\MyResearch\\TaskProgramming\\AB_pic\\resources\\frenchfries.jpg'
7.6677 	EXP 	polygon_2: opacity = 1.0
7.6843 	EXP 	polygon: opacity = 0.0
7.6843 	EXP 	displayPicture: image = 'C:\\Users\\Employee\\Google Drive\\UP\\MyResearch\\TaskProgramming\\AB_pic\\resources\\frenchfries.jpg'
7.6843 	EXP 	polygon_2: opacity = 1.0
7.7010 	EXP 	polygon: opacity = 0.0
7.7010 	EXP 	displayPicture: image = 'C:\\Users\\Employee\\Google Drive\\UP\\MyResearch\\TaskProgramming\\AB_pic\\resources\\frenchfries.jpg'
7.7010 	EXP 	polygon_2: opacity = 1.0
7.7177 	EXP 	polygon: opacity = 0.0
7.7177 	EXP 	displayPicture: image = 'C:\\Users\\Employee\\Google Drive\\UP\\MyResearch\\TaskProgramming\\AB_pic\\resources\\frenchfries.jpg'
7.7177 	EXP 	polygon_2: opacity = 1.0
7.7344 	EXP 	polygon: opacity = 0.0
7.7344 	EXP 	displayPicture: image = 'C:\\Users\\Employee\\Google Drive\\UP\\MyResearch\\TaskProgramming\\AB_pic\\resources\\frenchfries.jpg'
7.7344 	EXP 	polygon_2: opacity = 1.0
7.7510 	EXP 	polygon: opacity = 0.0
7.7510 	EXP 	displayPicture: image = 'C:\\Users\\Employee\\Google Drive\\UP\\MyResearch\\TaskProgramming\\AB_pic\\resources\\frenchfries.jpg'
7.7510 	EXP 	polygon_2: opacity = 1.0
7.7677 	EXP 	polygon: opacity = 0.0
7.7677 	EXP 	displayPicture: image = 'C:\\Users\\Employee\\Google Drive\\UP\\MyResearch\\TaskProgramming\\AB_pic\\resources\\frenchfries.jpg'
7.7677 	EXP 	polygon_2: opacity = 1.0
7.7844 	EXP 	polygon: opacity = 0.0
7.7844 	EXP 	displayPicture: image = 'C:\\Users\\Employee\\Google Drive\\UP\\MyResearch\\TaskProgramming\\AB_pic\\resources\\frenchfries.jpg'
7.7844 	EXP 	polygon_2: opacity = 1.0
7.8010 	EXP 	polygon: opacity = 0.0
7.8010 	EXP 	displayPicture: image = 'C:\\Users\\Employee\\Google Drive\\UP\\MyResearch\\TaskProgramming\\AB_pic\\resources\\frenchfries.jpg'
7.8010 	EXP 	polygon_2: opacity = 1.0
7.8177 	EXP 	polygon: opacity = 0.0
7.8177 	EXP 	displayPicture: image = 'C:\\Users\\Employee\\Google Drive\\UP\\MyResearch\\TaskProgramming\\AB_pic\\resources\\statue.jpg'
7.8177 	EXP 	polygon_2: opacity = 0.0
7.8343 	EXP 	polygon: opacity = 0.0
7.8343 	EXP 	displayPicture: image = 'C:\\Users\\Employee\\Google Drive\\UP\\MyResearch\\TaskProgramming\\AB_pic\\resources\\statue.jpg'
7.8343 	EXP 	polygon_2: opacity = 0.0
7.8510 	EXP 	polygon: opacity = 0.0
7.8510 	EXP 	displayPicture: image = 'C:\\Users\\Employee\\Google Drive\\UP\\MyResearch\\TaskProgramming\\AB_pic\\resources\\statue.jpg'
7.8510 	EXP 	polygon_2: opacity = 0.0
7.8677 	EXP 	polygon: opacity = 0.0
7.8677 	EXP 	displayPicture: image = 'C:\\Users\\Employee\\Google Drive\\UP\\MyResearch\\TaskProgramming\\AB_pic\\resources\\statue.jpg'
7.8677 	EXP 	polygon_2: opacity = 0.0
7.8843 	EXP 	polygon: opacity = 0.0
7.8843 	EXP 	displayPicture: image = 'C:\\Users\\Employee\\Google Drive\\UP\\MyResearch\\TaskProgramming\\AB_pic\\resources\\statue.jpg'
7.8843 	EXP 	polygon_2: opacity = 0.0
7.9010 	EXP 	polygon: opacity = 0.0
7.9010 	EXP 	displayPicture: image = 'C:\\Users\\Employee\\Google Drive\\UP\\MyResearch\\TaskProgramming\\AB_pic\\resources\\statue.jpg'
7.9010 	EXP 	polygon_2: opacity = 0.0
7.9176 	EXP 	polygon: opacity = 0.0
7.9176 	EXP 	displayPicture: image = 'C:\\Users\\Employee\\Google Drive\\UP\\MyResearch\\TaskProgramming\\AB_pic\\resources\\statue.jpg'
7.9176 	EXP 	polygon_2: opacity = 0.0
7.9344 	EXP 	polygon: opacity = 0.0
7.9344 	EXP 	displayPicture: image = 'C:\\Users\\Employee\\Google Drive\\UP\\MyResearch\\TaskProgramming\\AB_pic\\resources\\statue.jpg'
7.9344 	EXP 	polygon_2: opacity = 0.0
7.9510 	EXP 	polygon: opacity = 0.0
7.9510 	EXP 	displayPicture: image = 'C:\\Users\\Employee\\Google Drive\\UP\\MyResearch\\TaskProgramming\\AB_pic\\resources\\statue.jpg'
7.9510 	EXP 	polygon_2: opacity = 0.0
7.9677 	EXP 	polygon: opacity = 0.0
7.9677 	EXP 	displayPicture: image = 'C:\\Users\\Employee\\Google Drive\\UP\\MyResearch\\TaskProgramming\\AB_pic\\resources\\statue.jpg'
7.9677 	EXP 	polygon_2: opacity = 0.0
7.9843 	EXP 	polygon: opacity = 0.0
7.9843 	EXP 	displayPicture: image = 'C:\\Users\\Employee\\Google Drive\\UP\\MyResearch\\TaskProgramming\\AB_pic\\resources\\statue.jpg'
7.9843 	EXP 	polygon_2: opacity = 0.0
8.0010 	EXP 	polygon: opacity = 0.0
8.0010 	EXP 	displayPicture: image = 'C:\\Users\\Employee\\Google Drive\\UP\\MyResearch\\TaskProgramming\\AB_pic\\resources\\statue.jpg'
8.0010 	EXP 	polygon_2: opacity = 0.0
8.0176 	EXP 	polygon: opacity = 0.0
8.0176 	EXP 	displayPicture: image = 'C:\\Users\\Employee\\Google Drive\\UP\\MyResearch\\TaskProgramming\\AB_pic\\resources\\statue.jpg'
8.0176 	EXP 	polygon_2: opacity = 1.0
8.0343 	EXP 	polygon: opacity = 0.0
8.0343 	EXP 	displayPicture: image = 'C:\\Users\\Employee\\Google Drive\\UP\\MyResearch\\TaskProgramming\\AB_pic\\resources\\statue.jpg'
8.0343 	EXP 	polygon_2: opacity = 1.0
8.0510 	EXP 	polygon: opacity = 0.0
8.0510 	EXP 	displayPicture: image = 'C:\\Users\\Employee\\Google Drive\\UP\\MyResearch\\TaskProgramming\\AB_pic\\resources\\statue.jpg'
8.0510 	EXP 	polygon_2: opacity = 1.0
8.0677 	EXP 	polygon: opacity = 0.0
8.0677 	EXP 	displayPicture: image = 'C:\\Users\\Employee\\Google Drive\\UP\\MyResearch\\TaskProgramming\\AB_pic\\resources\\statue.jpg'
8.0677 	EXP 	polygon_2: opacity = 1.0
8.0843 	EXP 	polygon: opacity = 0.0
8.0843 	EXP 	displayPicture: image = 'C:\\Users\\Employee\\Google Drive\\UP\\MyResearch\\TaskProgramming\\AB_pic\\resources\\statue.jpg'
8.0843 	EXP 	polygon_2: opacity = 1.0
8.1010 	EXP 	polygon: opacity = 0.0
8.1010 	EXP 	displayPicture: image = 'C:\\Users\\Employee\\Google Drive\\UP\\MyResearch\\TaskProgramming\\AB_pic\\resources\\statue.jpg'
8.1010 	EXP 	polygon_2: opacity = 1.0
8.1177 	EXP 	polygon: opacity = 0.0
8.1177 	EXP 	displayPicture: image = 'C:\\Users\\Employee\\Google Drive\\UP\\MyResearch\\TaskProgramming\\AB_pic\\resources\\statue.jpg'
8.1177 	EXP 	polygon_2: opacity = 1.0
8.1343 	EXP 	polygon: opacity = 0.0
8.1343 	EXP 	displayPicture: image = 'C:\\Users\\Employee\\Google Drive\\UP\\MyResearch\\TaskProgramming\\AB_pic\\resources\\statue.jpg'
8.1343 	EXP 	polygon_2: opacity = 1.0
8.1510 	EXP 	polygon: opacity = 0.0
8.1510 	EXP 	displayPicture: image = 'C:\\Users\\Employee\\Google Drive\\UP\\MyResearch\\TaskProgramming\\AB_pic\\resources\\statue.jpg'
8.1510 	EXP 	polygon_2: opacity = 1.0
8.1676 	EXP 	polygon: opacity = 0.0
8.1676 	EXP 	displayPicture: image = 'C:\\Users\\Employee\\Google Drive\\UP\\MyResearch\\TaskProgramming\\AB_pic\\resources\\wheelchair.jpg'
8.1676 	EXP 	polygon_2: opacity = 0.0
8.1843 	EXP 	polygon: opacity = 0.0
8.1843 	EXP 	displayPicture: image = 'C:\\Users\\Employee\\Google Drive\\UP\\MyResearch\\TaskProgramming\\AB_pic\\resources\\wheelchair.jpg'
8.1843 	EXP 	polygon_2: opacity = 0.0
8.2009 	EXP 	polygon: opacity = 0.0
8.2009 	EXP 	displayPicture: image = 'C:\\Users\\Employee\\Google Drive\\UP\\MyResearch\\TaskProgramming\\AB_pic\\resources\\wheelchair.jpg'
8.2009 	EXP 	polygon_2: opacity = 0.0
8.2176 	EXP 	polygon: opacity = 0.0
8.2176 	EXP 	displayPicture: image = 'C:\\Users\\Employee\\Google Drive\\UP\\MyResearch\\TaskProgramming\\AB_pic\\resources\\wheelchair.jpg'
8.2176 	EXP 	polygon_2: opacity = 0.0
8.2343 	EXP 	polygon: opacity = 0.0
8.2343 	EXP 	displayPicture: image = 'C:\\Users\\Employee\\Google Drive\\UP\\MyResearch\\TaskProgramming\\AB_pic\\resources\\wheelchair.jpg'
8.2343 	EXP 	polygon_2: opacity = 0.0
8.2510 	EXP 	polygon: opacity = 0.0
8.2510 	EXP 	displayPicture: image = 'C:\\Users\\Employee\\Google Drive\\UP\\MyResearch\\TaskProgramming\\AB_pic\\resources\\wheelchair.jpg'
8.2510 	EXP 	polygon_2: opacity = 0.0
8.2677 	EXP 	polygon: opacity = 0.0
8.2677 	EXP 	displayPicture: image = 'C:\\Users\\Employee\\Google Drive\\UP\\MyResearch\\TaskProgramming\\AB_pic\\resources\\wheelchair.jpg'
8.2677 	EXP 	polygon_2: opacity = 0.0
8.2843 	EXP 	polygon: opacity = 0.0
8.2843 	EXP 	displayPicture: image = 'C:\\Users\\Employee\\Google Drive\\UP\\MyResearch\\TaskProgramming\\AB_pic\\resources\\wheelchair.jpg'
8.2843 	EXP 	polygon_2: opacity = 0.0
8.3010 	EXP 	polygon: opacity = 0.0
8.3010 	EXP 	displayPicture: image = 'C:\\Users\\Employee\\Google Drive\\UP\\MyResearch\\TaskProgramming\\AB_pic\\resources\\wheelchair.jpg'
8.3010 	EXP 	polygon_2: opacity = 0.0
8.3177 	EXP 	polygon: opacity = 0.0
8.3177 	EXP 	displayPicture: image = 'C:\\Users\\Employee\\Google Drive\\UP\\MyResearch\\TaskProgramming\\AB_pic\\resources\\wheelchair.jpg'
8.3177 	EXP 	polygon_2: opacity = 0.0
8.3343 	EXP 	polygon: opacity = 0.0
8.3343 	EXP 	displayPicture: image = 'C:\\Users\\Employee\\Google Drive\\UP\\MyResearch\\TaskProgramming\\AB_pic\\resources\\wheelchair.jpg'
8.3343 	EXP 	polygon_2: opacity = 0.0
8.3510 	EXP 	polygon: opacity = 0.0
8.3510 	EXP 	displayPicture: image = 'C:\\Users\\Employee\\Google Drive\\UP\\MyResearch\\TaskProgramming\\AB_pic\\resources\\wheelchair.jpg'
8.3510 	EXP 	polygon_2: opacity = 0.0
8.3676 	EXP 	polygon: opacity = 0.0
8.3676 	EXP 	displayPicture: image = 'C:\\Users\\Employee\\Google Drive\\UP\\MyResearch\\TaskProgramming\\AB_pic\\resources\\wheelchair.jpg'
8.3676 	EXP 	polygon_2: opacity = 1.0
8.3843 	EXP 	polygon: opacity = 0.0
8.3843 	EXP 	displayPicture: image = 'C:\\Users\\Employee\\Google Drive\\UP\\MyResearch\\TaskProgramming\\AB_pic\\resources\\wheelchair.jpg'
8.3843 	EXP 	polygon_2: opacity = 1.0
8.4010 	EXP 	polygon: opacity = 0.0
8.4010 	EXP 	displayPicture: image = 'C:\\Users\\Employee\\Google Drive\\UP\\MyResearch\\TaskProgramming\\AB_pic\\resources\\wheelchair.jpg'
8.4010 	EXP 	polygon_2: opacity = 1.0
8.4176 	EXP 	polygon: opacity = 0.0
8.4176 	EXP 	displayPicture: image = 'C:\\Users\\Employee\\Google Drive\\UP\\MyResearch\\TaskProgramming\\AB_pic\\resources\\wheelchair.jpg'
8.4176 	EXP 	polygon_2: opacity = 1.0
8.4343 	EXP 	polygon: opacity = 0.0
8.4343 	EXP 	displayPicture: image = 'C:\\Users\\Employee\\Google Drive\\UP\\MyResearch\\TaskProgramming\\AB_pic\\resources\\wheelchair.jpg'
8.4343 	EXP 	polygon_2: opacity = 1.0
8.4509 	EXP 	polygon: opacity = 0.0
8.4509 	EXP 	displayPicture: image = 'C:\\Users\\Employee\\Google Drive\\UP\\MyResearch\\TaskProgramming\\AB_pic\\resources\\wheelchair.jpg'
8.4509 	EXP 	polygon_2: opacity = 1.0
8.4676 	EXP 	polygon: opacity = 0.0
8.4676 	EXP 	displayPicture: image = 'C:\\Users\\Employee\\Google Drive\\UP\\MyResearch\\TaskProgramming\\AB_pic\\resources\\wheelchair.jpg'
8.4676 	EXP 	polygon_2: opacity = 1.0
8.4843 	EXP 	polygon: opacity = 0.0
8.4843 	EXP 	displayPicture: image = 'C:\\Users\\Employee\\Google Drive\\UP\\MyResearch\\TaskProgramming\\AB_pic\\resources\\wheelchair.jpg'
8.4843 	EXP 	polygon_2: opacity = 1.0
8.5010 	EXP 	polygon: opacity = 0.0
8.5010 	EXP 	displayPicture: image = 'C:\\Users\\Employee\\Google Drive\\UP\\MyResearch\\TaskProgramming\\AB_pic\\resources\\wheelchair.jpg'
8.5010 	EXP 	polygon_2: opacity = 1.0
8.5176 	EXP 	polygon: opacity = 0.0
8.5176 	EXP 	displayPicture: image = 'C:\\Users\\Employee\\Google Drive\\UP\\MyResearch\\TaskProgramming\\AB_pic\\resources\\toucan.jpg'
8.5176 	EXP 	polygon_2: opacity = 0.0
8.5343 	EXP 	polygon: opacity = 0.0
8.5343 	EXP 	displayPicture: image = 'C:\\Users\\Employee\\Google Drive\\UP\\MyResearch\\TaskProgramming\\AB_pic\\resources\\toucan.jpg'
8.5343 	EXP 	polygon_2: opacity = 0.0
8.5510 	EXP 	polygon: opacity = 0.0
8.5510 	EXP 	displayPicture: image = 'C:\\Users\\Employee\\Google Drive\\UP\\MyResearch\\TaskProgramming\\AB_pic\\resources\\toucan.jpg'
8.5510 	EXP 	polygon_2: opacity = 0.0
8.5676 	EXP 	polygon: opacity = 0.0
8.5676 	EXP 	displayPicture: image = 'C:\\Users\\Employee\\Google Drive\\UP\\MyResearch\\TaskProgramming\\AB_pic\\resources\\toucan.jpg'
8.5676 	EXP 	polygon_2: opacity = 0.0
8.5843 	EXP 	polygon: opacity = 0.0
8.5843 	EXP 	displayPicture: image = 'C:\\Users\\Employee\\Google Drive\\UP\\MyResearch\\TaskProgramming\\AB_pic\\resources\\toucan.jpg'
8.5843 	EXP 	polygon_2: opacity = 0.0
8.6010 	EXP 	polygon: opacity = 0.0
8.6010 	EXP 	displayPicture: image = 'C:\\Users\\Employee\\Google Drive\\UP\\MyResearch\\TaskProgramming\\AB_pic\\resources\\toucan.jpg'
8.6010 	EXP 	polygon_2: opacity = 0.0
8.6176 	EXP 	polygon: opacity = 0.0
8.6176 	EXP 	displayPicture: image = 'C:\\Users\\Employee\\Google Drive\\UP\\MyResearch\\TaskProgramming\\AB_pic\\resources\\toucan.jpg'
8.6176 	EXP 	polygon_2: opacity = 0.0
8.6343 	EXP 	polygon: opacity = 0.0
8.6343 	EXP 	displayPicture: image = 'C:\\Users\\Employee\\Google Drive\\UP\\MyResearch\\TaskProgramming\\AB_pic\\resources\\toucan.jpg'
8.6343 	EXP 	polygon_2: opacity = 0.0
8.6510 	EXP 	polygon: opacity = 0.0
8.6510 	EXP 	displayPicture: image = 'C:\\Users\\Employee\\Google Drive\\UP\\MyResearch\\TaskProgramming\\AB_pic\\resources\\toucan.jpg'
8.6510 	EXP 	polygon_2: opacity = 0.0
8.6676 	EXP 	polygon: opacity = 0.0
8.6676 	EXP 	displayPicture: image = 'C:\\Users\\Employee\\Google Drive\\UP\\MyResearch\\TaskProgramming\\AB_pic\\resources\\toucan.jpg'
8.6676 	EXP 	polygon_2: opacity = 0.0
8.6843 	EXP 	polygon: opacity = 0.0
8.6843 	EXP 	displayPicture: image = 'C:\\Users\\Employee\\Google Drive\\UP\\MyResearch\\TaskProgramming\\AB_pic\\resources\\toucan.jpg'
8.6843 	EXP 	polygon_2: opacity = 0.0
8.7010 	EXP 	polygon: opacity = 0.0
8.7010 	EXP 	displayPicture: image = 'C:\\Users\\Employee\\Google Drive\\UP\\MyResearch\\TaskProgramming\\AB_pic\\resources\\toucan.jpg'
8.7010 	EXP 	polygon_2: opacity = 0.0
8.7176 	EXP 	polygon: opacity = 0.0
8.7176 	EXP 	displayPicture: image = 'C:\\Users\\Employee\\Google Drive\\UP\\MyResearch\\TaskProgramming\\AB_pic\\resources\\toucan.jpg'
8.7176 	EXP 	polygon_2: opacity = 1.0
8.7344 	EXP 	polygon: opacity = 0.0
8.7344 	EXP 	displayPicture: image = 'C:\\Users\\Employee\\Google Drive\\UP\\MyResearch\\TaskProgramming\\AB_pic\\resources\\toucan.jpg'
8.7344 	EXP 	polygon_2: opacity = 1.0
8.7510 	EXP 	polygon: opacity = 0.0
8.7510 	EXP 	displayPicture: image = 'C:\\Users\\Employee\\Google Drive\\UP\\MyResearch\\TaskProgramming\\AB_pic\\resources\\toucan.jpg'
8.7510 	EXP 	polygon_2: opacity = 1.0
8.7676 	EXP 	polygon: opacity = 0.0
8.7676 	EXP 	displayPicture: image = 'C:\\Users\\Employee\\Google Drive\\UP\\MyResearch\\TaskProgramming\\AB_pic\\resources\\toucan.jpg'
8.7676 	EXP 	polygon_2: opacity = 1.0
8.7843 	EXP 	polygon: opacity = 0.0
8.7843 	EXP 	displayPicture: image = 'C:\\Users\\Employee\\Google Drive\\UP\\MyResearch\\TaskProgramming\\AB_pic\\resources\\toucan.jpg'
8.7843 	EXP 	polygon_2: opacity = 1.0
8.8010 	EXP 	polygon: opacity = 0.0
8.8010 	EXP 	displayPicture: image = 'C:\\Users\\Employee\\Google Drive\\UP\\MyResearch\\TaskProgramming\\AB_pic\\resources\\toucan.jpg'
8.8010 	EXP 	polygon_2: opacity = 1.0
8.8176 	EXP 	polygon: opacity = 0.0
8.8176 	EXP 	displayPicture: image = 'C:\\Users\\Employee\\Google Drive\\UP\\MyResearch\\TaskProgramming\\AB_pic\\resources\\toucan.jpg'
8.8176 	EXP 	polygon_2: opacity = 1.0
8.8343 	EXP 	polygon: opacity = 0.0
8.8343 	EXP 	displayPicture: image = 'C:\\Users\\Employee\\Google Drive\\UP\\MyResearch\\TaskProgramming\\AB_pic\\resources\\toucan.jpg'
8.8343 	EXP 	polygon_2: opacity = 1.0
8.8509 	EXP 	polygon: opacity = 0.0
8.8509 	EXP 	displayPicture: image = 'C:\\Users\\Employee\\Google Drive\\UP\\MyResearch\\TaskProgramming\\AB_pic\\resources\\toucan.jpg'
8.8509 	EXP 	polygon_2: opacity = 1.0
8.8676 	EXP 	polygon: opacity = 0.0
8.8676 	EXP 	displayPicture: image = 'C:\\Users\\Employee\\Google Drive\\UP\\MyResearch\\TaskProgramming\\AB_pic\\resources\\tree.jpg'
8.8676 	EXP 	polygon_2: opacity = 0.0
8.8843 	EXP 	polygon: opacity = 0.0
8.8843 	EXP 	displayPicture: image = 'C:\\Users\\Employee\\Google Drive\\UP\\MyResearch\\TaskProgramming\\AB_pic\\resources\\tree.jpg'
8.8843 	EXP 	polygon_2: opacity = 0.0
8.9009 	EXP 	polygon: opacity = 0.0
8.9009 	EXP 	displayPicture: image = 'C:\\Users\\Employee\\Google Drive\\UP\\MyResearch\\TaskProgramming\\AB_pic\\resources\\tree.jpg'
8.9009 	EXP 	polygon_2: opacity = 0.0
8.9176 	EXP 	polygon: opacity = 0.0
8.9176 	EXP 	displayPicture: image = 'C:\\Users\\Employee\\Google Drive\\UP\\MyResearch\\TaskProgramming\\AB_pic\\resources\\tree.jpg'
8.9176 	EXP 	polygon_2: opacity = 0.0
8.9343 	EXP 	polygon: opacity = 0.0
8.9343 	EXP 	displayPicture: image = 'C:\\Users\\Employee\\Google Drive\\UP\\MyResearch\\TaskProgramming\\AB_pic\\resources\\tree.jpg'
8.9343 	EXP 	polygon_2: opacity = 0.0
8.9509 	EXP 	polygon: opacity = 0.0
8.9509 	EXP 	displayPicture: image = 'C:\\Users\\Employee\\Google Drive\\UP\\MyResearch\\TaskProgramming\\AB_pic\\resources\\tree.jpg'
8.9509 	EXP 	polygon_2: opacity = 0.0
8.9676 	EXP 	polygon: opacity = 0.0
8.9676 	EXP 	displayPicture: image = 'C:\\Users\\Employee\\Google Drive\\UP\\MyResearch\\TaskProgramming\\AB_pic\\resources\\tree.jpg'
8.9676 	EXP 	polygon_2: opacity = 0.0
8.9843 	EXP 	polygon: opacity = 0.0
8.9843 	EXP 	displayPicture: image = 'C:\\Users\\Employee\\Google Drive\\UP\\MyResearch\\TaskProgramming\\AB_pic\\resources\\tree.jpg'
8.9843 	EXP 	polygon_2: opacity = 0.0
9.0009 	EXP 	polygon: opacity = 0.0
9.0009 	EXP 	displayPicture: image = 'C:\\Users\\Employee\\Google Drive\\UP\\MyResearch\\TaskProgramming\\AB_pic\\resources\\tree.jpg'
9.0009 	EXP 	polygon_2: opacity = 0.0
9.0176 	EXP 	polygon: opacity = 0.0
9.0176 	EXP 	displayPicture: image = 'C:\\Users\\Employee\\Google Drive\\UP\\MyResearch\\TaskProgramming\\AB_pic\\resources\\tree.jpg'
9.0176 	EXP 	polygon_2: opacity = 0.0
9.0342 	EXP 	polygon: opacity = 0.0
9.0342 	EXP 	displayPicture: image = 'C:\\Users\\Employee\\Google Drive\\UP\\MyResearch\\TaskProgramming\\AB_pic\\resources\\tree.jpg'
9.0342 	EXP 	polygon_2: opacity = 0.0
9.0509 	EXP 	polygon: opacity = 0.0
9.0509 	EXP 	displayPicture: image = 'C:\\Users\\Employee\\Google Drive\\UP\\MyResearch\\TaskProgramming\\AB_pic\\resources\\tree.jpg'
9.0509 	EXP 	polygon_2: opacity = 0.0
9.0676 	EXP 	polygon: opacity = 0.0
9.0676 	EXP 	displayPicture: image = 'C:\\Users\\Employee\\Google Drive\\UP\\MyResearch\\TaskProgramming\\AB_pic\\resources\\tree.jpg'
9.0676 	EXP 	polygon_2: opacity = 1.0
9.0843 	EXP 	polygon: opacity = 0.0
9.0843 	EXP 	displayPicture: image = 'C:\\Users\\Employee\\Google Drive\\UP\\MyResearch\\TaskProgramming\\AB_pic\\resources\\tree.jpg'
9.0843 	EXP 	polygon_2: opacity = 1.0
9.1009 	EXP 	polygon: opacity = 0.0
9.1009 	EXP 	displayPicture: image = 'C:\\Users\\Employee\\Google Drive\\UP\\MyResearch\\TaskProgramming\\AB_pic\\resources\\tree.jpg'
9.1009 	EXP 	polygon_2: opacity = 1.0
9.1176 	EXP 	polygon: opacity = 0.0
9.1176 	EXP 	displayPicture: image = 'C:\\Users\\Employee\\Google Drive\\UP\\MyResearch\\TaskProgramming\\AB_pic\\resources\\tree.jpg'
9.1176 	EXP 	polygon_2: opacity = 1.0
9.1343 	EXP 	polygon: opacity = 0.0
9.1343 	EXP 	displayPicture: image = 'C:\\Users\\Employee\\Google Drive\\UP\\MyResearch\\TaskProgramming\\AB_pic\\resources\\tree.jpg'
9.1343 	EXP 	polygon_2: opacity = 1.0
9.1509 	EXP 	polygon: opacity = 0.0
9.1509 	EXP 	displayPicture: image = 'C:\\Users\\Employee\\Google Drive\\UP\\MyResearch\\TaskProgramming\\AB_pic\\resources\\tree.jpg'
9.1509 	EXP 	polygon_2: opacity = 1.0
9.1676 	EXP 	polygon: opacity = 0.0
9.1676 	EXP 	displayPicture: image = 'C:\\Users\\Employee\\Google Drive\\UP\\MyResearch\\TaskProgramming\\AB_pic\\resources\\tree.jpg'
9.1676 	EXP 	polygon_2: opacity = 1.0
9.1843 	EXP 	polygon: opacity = 0.0
9.1843 	EXP 	displayPicture: image = 'C:\\Users\\Employee\\Google Drive\\UP\\MyResearch\\TaskProgramming\\AB_pic\\resources\\tree.jpg'
9.1843 	EXP 	polygon_2: opacity = 1.0
9.2009 	EXP 	polygon: opacity = 0.0
9.2009 	EXP 	displayPicture: image = 'C:\\Users\\Employee\\Google Drive\\UP\\MyResearch\\TaskProgramming\\AB_pic\\resources\\tree.jpg'
9.2009 	EXP 	polygon_2: opacity = 1.0
9.2176 	EXP 	polygon: opacity = 0.0
9.2176 	EXP 	displayPicture: image = 'C:\\Users\\Employee\\Google Drive\\UP\\MyResearch\\TaskProgramming\\AB_pic\\resources\\trumpet.jpg'
9.2176 	EXP 	polygon_2: opacity = 0.0
9.2343 	EXP 	polygon: opacity = 0.0
9.2343 	EXP 	displayPicture: image = 'C:\\Users\\Employee\\Google Drive\\UP\\MyResearch\\TaskProgramming\\AB_pic\\resources\\trumpet.jpg'
9.2343 	EXP 	polygon_2: opacity = 0.0
9.2509 	EXP 	polygon: opacity = 0.0
9.2509 	EXP 	displayPicture: image = 'C:\\Users\\Employee\\Google Drive\\UP\\MyResearch\\TaskProgramming\\AB_pic\\resources\\trumpet.jpg'
9.2509 	EXP 	polygon_2: opacity = 0.0
9.2676 	EXP 	polygon: opacity = 0.0
9.2676 	EXP 	displayPicture: image = 'C:\\Users\\Employee\\Google Drive\\UP\\MyResearch\\TaskProgramming\\AB_pic\\resources\\trumpet.jpg'
9.2676 	EXP 	polygon_2: opacity = 0.0
9.2843 	EXP 	polygon: opacity = 0.0
9.2843 	EXP 	displayPicture: image = 'C:\\Users\\Employee\\Google Drive\\UP\\MyResearch\\TaskProgramming\\AB_pic\\resources\\trumpet.jpg'
9.2843 	EXP 	polygon_2: opacity = 0.0
9.3009 	EXP 	polygon: opacity = 0.0
9.3009 	EXP 	displayPicture: image = 'C:\\Users\\Employee\\Google Drive\\UP\\MyResearch\\TaskProgramming\\AB_pic\\resources\\trumpet.jpg'
9.3009 	EXP 	polygon_2: opacity = 0.0
9.3176 	EXP 	polygon: opacity = 0.0
9.3176 	EXP 	displayPicture: image = 'C:\\Users\\Employee\\Google Drive\\UP\\MyResearch\\TaskProgramming\\AB_pic\\resources\\trumpet.jpg'
9.3176 	EXP 	polygon_2: opacity = 0.0
9.3342 	EXP 	polygon: opacity = 0.0
9.3342 	EXP 	displayPicture: image = 'C:\\Users\\Employee\\Google Drive\\UP\\MyResearch\\TaskProgramming\\AB_pic\\resources\\trumpet.jpg'
9.3342 	EXP 	polygon_2: opacity = 0.0
9.3509 	EXP 	polygon: opacity = 0.0
9.3509 	EXP 	displayPicture: image = 'C:\\Users\\Employee\\Google Drive\\UP\\MyResearch\\TaskProgramming\\AB_pic\\resources\\trumpet.jpg'
9.3509 	EXP 	polygon_2: opacity = 0.0
9.3676 	EXP 	polygon: opacity = 0.0
9.3676 	EXP 	displayPicture: image = 'C:\\Users\\Employee\\Google Drive\\UP\\MyResearch\\TaskProgramming\\AB_pic\\resources\\trumpet.jpg'
9.3676 	EXP 	polygon_2: opacity = 0.0
9.3842 	EXP 	polygon: opacity = 0.0
9.3842 	EXP 	displayPicture: image = 'C:\\Users\\Employee\\Google Drive\\UP\\MyResearch\\TaskProgramming\\AB_pic\\resources\\trumpet.jpg'
9.3842 	EXP 	polygon_2: opacity = 0.0
9.4009 	EXP 	polygon: opacity = 0.0
9.4009 	EXP 	displayPicture: image = 'C:\\Users\\Employee\\Google Drive\\UP\\MyResearch\\TaskProgramming\\AB_pic\\resources\\trumpet.jpg'
9.4009 	EXP 	polygon_2: opacity = 0.0
9.4176 	EXP 	polygon: opacity = 0.0
9.4176 	EXP 	displayPicture: image = 'C:\\Users\\Employee\\Google Drive\\UP\\MyResearch\\TaskProgramming\\AB_pic\\resources\\trumpet.jpg'
9.4176 	EXP 	polygon_2: opacity = 1.0
9.4343 	EXP 	polygon: opacity = 0.0
9.4343 	EXP 	displayPicture: image = 'C:\\Users\\Employee\\Google Drive\\UP\\MyResearch\\TaskProgramming\\AB_pic\\resources\\trumpet.jpg'
9.4343 	EXP 	polygon_2: opacity = 1.0
9.4509 	EXP 	polygon: opacity = 0.0
9.4509 	EXP 	displayPicture: image = 'C:\\Users\\Employee\\Google Drive\\UP\\MyResearch\\TaskProgramming\\AB_pic\\resources\\trumpet.jpg'
9.4509 	EXP 	polygon_2: opacity = 1.0
9.4676 	EXP 	polygon: opacity = 0.0
9.4676 	EXP 	displayPicture: image = 'C:\\Users\\Employee\\Google Drive\\UP\\MyResearch\\TaskProgramming\\AB_pic\\resources\\trumpet.jpg'
9.4676 	EXP 	polygon_2: opacity = 1.0
9.4842 	EXP 	polygon: opacity = 0.0
9.4842 	EXP 	displayPicture: image = 'C:\\Users\\Employee\\Google Drive\\UP\\MyResearch\\TaskProgramming\\AB_pic\\resources\\trumpet.jpg'
9.4842 	EXP 	polygon_2: opacity = 1.0
9.5009 	EXP 	polygon: opacity = 0.0
9.5009 	EXP 	displayPicture: image = 'C:\\Users\\Employee\\Google Drive\\UP\\MyResearch\\TaskProgramming\\AB_pic\\resources\\trumpet.jpg'
9.5009 	EXP 	polygon_2: opacity = 1.0
9.5176 	EXP 	polygon: opacity = 0.0
9.5176 	EXP 	displayPicture: image = 'C:\\Users\\Employee\\Google Drive\\UP\\MyResearch\\TaskProgramming\\AB_pic\\resources\\trumpet.jpg'
9.5176 	EXP 	polygon_2: opacity = 1.0
9.5343 	EXP 	polygon: opacity = 0.0
9.5343 	EXP 	displayPicture: image = 'C:\\Users\\Employee\\Google Drive\\UP\\MyResearch\\TaskProgramming\\AB_pic\\resources\\trumpet.jpg'
9.5343 	EXP 	polygon_2: opacity = 1.0
9.5509 	EXP 	polygon: opacity = 0.0
9.5509 	EXP 	displayPicture: image = 'C:\\Users\\Employee\\Google Drive\\UP\\MyResearch\\TaskProgramming\\AB_pic\\resources\\trumpet.jpg'
9.5509 	EXP 	polygon_2: opacity = 1.0
9.5676 	EXP 	polygon: opacity = 0.0
9.5676 	EXP 	displayPicture: image = 'C:\\Users\\Employee\\Google Drive\\UP\\MyResearch\\TaskProgramming\\AB_pic\\resources\\pigeon.jpg'
9.5676 	EXP 	polygon_2: opacity = 0.0
9.5842 	EXP 	polygon: opacity = 0.0
9.5842 	EXP 	displayPicture: image = 'C:\\Users\\Employee\\Google Drive\\UP\\MyResearch\\TaskProgramming\\AB_pic\\resources\\pigeon.jpg'
9.5842 	EXP 	polygon_2: opacity = 0.0
9.6009 	EXP 	polygon: opacity = 0.0
9.6009 	EXP 	displayPicture: image = 'C:\\Users\\Employee\\Google Drive\\UP\\MyResearch\\TaskProgramming\\AB_pic\\resources\\pigeon.jpg'
9.6009 	EXP 	polygon_2: opacity = 0.0
9.6175 	EXP 	polygon: opacity = 0.0
9.6175 	EXP 	displayPicture: image = 'C:\\Users\\Employee\\Google Drive\\UP\\MyResearch\\TaskProgramming\\AB_pic\\resources\\pigeon.jpg'
9.6175 	EXP 	polygon_2: opacity = 0.0
9.6342 	EXP 	polygon: opacity = 0.0
9.6342 	EXP 	displayPicture: image = 'C:\\Users\\Employee\\Google Drive\\UP\\MyResearch\\TaskProgramming\\AB_pic\\resources\\pigeon.jpg'
9.6342 	EXP 	polygon_2: opacity = 0.0
9.6509 	EXP 	polygon: opacity = 0.0
9.6509 	EXP 	displayPicture: image = 'C:\\Users\\Employee\\Google Drive\\UP\\MyResearch\\TaskProgramming\\AB_pic\\resources\\pigeon.jpg'
9.6509 	EXP 	polygon_2: opacity = 0.0
9.6675 	EXP 	polygon: opacity = 0.0
9.6675 	EXP 	displayPicture: image = 'C:\\Users\\Employee\\Google Drive\\UP\\MyResearch\\TaskProgramming\\AB_pic\\resources\\pigeon.jpg'
9.6675 	EXP 	polygon_2: opacity = 0.0
9.6842 	EXP 	polygon: opacity = 0.0
9.6842 	EXP 	displayPicture: image = 'C:\\Users\\Employee\\Google Drive\\UP\\MyResearch\\TaskProgramming\\AB_pic\\resources\\pigeon.jpg'
9.6842 	EXP 	polygon_2: opacity = 0.0
9.7009 	EXP 	polygon: opacity = 0.0
9.7009 	EXP 	displayPicture: image = 'C:\\Users\\Employee\\Google Drive\\UP\\MyResearch\\TaskProgramming\\AB_pic\\resources\\pigeon.jpg'
9.7009 	EXP 	polygon_2: opacity = 0.0
9.7175 	EXP 	polygon: opacity = 0.0
9.7175 	EXP 	displayPicture: image = 'C:\\Users\\Employee\\Google Drive\\UP\\MyResearch\\TaskProgramming\\AB_pic\\resources\\pigeon.jpg'
9.7175 	EXP 	polygon_2: opacity = 0.0
9.7342 	EXP 	polygon: opacity = 0.0
9.7342 	EXP 	displayPicture: image = 'C:\\Users\\Employee\\Google Drive\\UP\\MyResearch\\TaskProgramming\\AB_pic\\resources\\pigeon.jpg'
9.7342 	EXP 	polygon_2: opacity = 0.0
9.7509 	EXP 	polygon: opacity = 0.0
9.7509 	EXP 	displayPicture: image = 'C:\\Users\\Employee\\Google Drive\\UP\\MyResearch\\TaskProgramming\\AB_pic\\resources\\pigeon.jpg'
9.7509 	EXP 	polygon_2: opacity = 0.0
9.7675 	EXP 	polygon: opacity = 0.0
9.7675 	EXP 	displayPicture: image = 'C:\\Users\\Employee\\Google Drive\\UP\\MyResearch\\TaskProgramming\\AB_pic\\resources\\pigeon.jpg'
9.7675 	EXP 	polygon_2: opacity = 1.0
9.7842 	EXP 	polygon: opacity = 0.0
9.7842 	EXP 	displayPicture: image = 'C:\\Users\\Employee\\Google Drive\\UP\\MyResearch\\TaskProgramming\\AB_pic\\resources\\pigeon.jpg'
9.7842 	EXP 	polygon_2: opacity = 1.0
9.8009 	EXP 	polygon: opacity = 0.0
9.8009 	EXP 	displayPicture: image = 'C:\\Users\\Employee\\Google Drive\\UP\\MyResearch\\TaskProgramming\\AB_pic\\resources\\pigeon.jpg'
9.8009 	EXP 	polygon_2: opacity = 1.0
9.8175 	EXP 	polygon: opacity = 0.0
9.8175 	EXP 	displayPicture: image = 'C:\\Users\\Employee\\Google Drive\\UP\\MyResearch\\TaskProgramming\\AB_pic\\resources\\pigeon.jpg'
9.8175 	EXP 	polygon_2: opacity = 1.0
9.8342 	EXP 	polygon: opacity = 0.0
9.8342 	EXP 	displayPicture: image = 'C:\\Users\\Employee\\Google Drive\\UP\\MyResearch\\TaskProgramming\\AB_pic\\resources\\pigeon.jpg'
9.8342 	EXP 	polygon_2: opacity = 1.0
9.8509 	EXP 	polygon: opacity = 0.0
9.8509 	EXP 	displayPicture: image = 'C:\\Users\\Employee\\Google Drive\\UP\\MyResearch\\TaskProgramming\\AB_pic\\resources\\pigeon.jpg'
9.8509 	EXP 	polygon_2: opacity = 1.0
9.8675 	EXP 	polygon: opacity = 0.0
9.8675 	EXP 	displayPicture: image = 'C:\\Users\\Employee\\Google Drive\\UP\\MyResearch\\TaskProgramming\\AB_pic\\resources\\pigeon.jpg'
9.8675 	EXP 	polygon_2: opacity = 1.0
9.8842 	EXP 	polygon: opacity = 0.0
9.8842 	EXP 	displayPicture: image = 'C:\\Users\\Employee\\Google Drive\\UP\\MyResearch\\TaskProgramming\\AB_pic\\resources\\pigeon.jpg'
9.8842 	EXP 	polygon_2: opacity = 1.0
9.9009 	EXP 	polygon: opacity = 0.0
9.9009 	EXP 	displayPicture: image = 'C:\\Users\\Employee\\Google Drive\\UP\\MyResearch\\TaskProgramming\\AB_pic\\resources\\pigeon.jpg'
9.9009 	EXP 	polygon_2: opacity = 1.0
9.9175 	EXP 	polygon: opacity = 0.0
9.9175 	EXP 	displayPicture: image = 'C:\\Users\\Employee\\Google Drive\\UP\\MyResearch\\TaskProgramming\\AB_pic\\resources\\granolabar01.jpg'
9.9175 	EXP 	polygon_2: opacity = 0.0
9.9342 	EXP 	polygon: opacity = 0.0
9.9342 	EXP 	displayPicture: image = 'C:\\Users\\Employee\\Google Drive\\UP\\MyResearch\\TaskProgramming\\AB_pic\\resources\\granolabar01.jpg'
9.9342 	EXP 	polygon_2: opacity = 0.0
9.9509 	EXP 	polygon: opacity = 0.0
9.9509 	EXP 	displayPicture: image = 'C:\\Users\\Employee\\Google Drive\\UP\\MyResearch\\TaskProgramming\\AB_pic\\resources\\granolabar01.jpg'
9.9509 	EXP 	polygon_2: opacity = 0.0
9.9675 	EXP 	polygon: opacity = 0.0
9.9675 	EXP 	displayPicture: image = 'C:\\Users\\Employee\\Google Drive\\UP\\MyResearch\\TaskProgramming\\AB_pic\\resources\\granolabar01.jpg'
9.9675 	EXP 	polygon_2: opacity = 0.0
9.9842 	EXP 	polygon: opacity = 0.0
9.9842 	EXP 	displayPicture: image = 'C:\\Users\\Employee\\Google Drive\\UP\\MyResearch\\TaskProgramming\\AB_pic\\resources\\granolabar01.jpg'
9.9842 	EXP 	polygon_2: opacity = 0.0
10.0009 	EXP 	polygon: opacity = 0.0
10.0009 	EXP 	displayPicture: image = 'C:\\Users\\Employee\\Google Drive\\UP\\MyResearch\\TaskProgramming\\AB_pic\\resources\\granolabar01.jpg'
10.0009 	EXP 	polygon_2: opacity = 0.0
10.0175 	EXP 	polygon: opacity = 0.0
10.0175 	EXP 	displayPicture: image = 'C:\\Users\\Employee\\Google Drive\\UP\\MyResearch\\TaskProgramming\\AB_pic\\resources\\granolabar01.jpg'
10.0175 	EXP 	polygon_2: opacity = 0.0
10.0342 	EXP 	polygon: opacity = 0.0
10.0342 	EXP 	displayPicture: image = 'C:\\Users\\Employee\\Google Drive\\UP\\MyResearch\\TaskProgramming\\AB_pic\\resources\\granolabar01.jpg'
10.0342 	EXP 	polygon_2: opacity = 0.0
10.0509 	EXP 	polygon: opacity = 0.0
10.0509 	EXP 	displayPicture: image = 'C:\\Users\\Employee\\Google Drive\\UP\\MyResearch\\TaskProgramming\\AB_pic\\resources\\granolabar01.jpg'
10.0509 	EXP 	polygon_2: opacity = 0.0
10.0675 	EXP 	polygon: opacity = 0.0
10.0675 	EXP 	displayPicture: image = 'C:\\Users\\Employee\\Google Drive\\UP\\MyResearch\\TaskProgramming\\AB_pic\\resources\\granolabar01.jpg'
10.0675 	EXP 	polygon_2: opacity = 0.0
10.0842 	EXP 	polygon: opacity = 0.0
10.0842 	EXP 	displayPicture: image = 'C:\\Users\\Employee\\Google Drive\\UP\\MyResearch\\TaskProgramming\\AB_pic\\resources\\granolabar01.jpg'
10.0842 	EXP 	polygon_2: opacity = 0.0
10.1008 	EXP 	polygon: opacity = 0.0
10.1008 	EXP 	displayPicture: image = 'C:\\Users\\Employee\\Google Drive\\UP\\MyResearch\\TaskProgramming\\AB_pic\\resources\\granolabar01.jpg'
10.1008 	EXP 	polygon_2: opacity = 0.0
10.1175 	EXP 	polygon: opacity = 0.0
10.1175 	EXP 	displayPicture: image = 'C:\\Users\\Employee\\Google Drive\\UP\\MyResearch\\TaskProgramming\\AB_pic\\resources\\granolabar01.jpg'
10.1175 	EXP 	polygon_2: opacity = 1.0
10.1342 	EXP 	polygon: opacity = 0.0
10.1342 	EXP 	displayPicture: image = 'C:\\Users\\Employee\\Google Drive\\UP\\MyResearch\\TaskProgramming\\AB_pic\\resources\\granolabar01.jpg'
10.1342 	EXP 	polygon_2: opacity = 1.0
10.1508 	EXP 	polygon: opacity = 0.0
10.1508 	EXP 	displayPicture: image = 'C:\\Users\\Employee\\Google Drive\\UP\\MyResearch\\TaskProgramming\\AB_pic\\resources\\granolabar01.jpg'
10.1508 	EXP 	polygon_2: opacity = 1.0
10.1675 	EXP 	polygon: opacity = 0.0
10.1675 	EXP 	displayPicture: image = 'C:\\Users\\Employee\\Google Drive\\UP\\MyResearch\\TaskProgramming\\AB_pic\\resources\\granolabar01.jpg'
10.1675 	EXP 	polygon_2: opacity = 1.0
10.1842 	EXP 	polygon: opacity = 0.0
10.1842 	EXP 	displayPicture: image = 'C:\\Users\\Employee\\Google Drive\\UP\\MyResearch\\TaskProgramming\\AB_pic\\resources\\granolabar01.jpg'
10.1842 	EXP 	polygon_2: opacity = 1.0
10.2008 	EXP 	polygon: opacity = 0.0
10.2008 	EXP 	displayPicture: image = 'C:\\Users\\Employee\\Google Drive\\UP\\MyResearch\\TaskProgramming\\AB_pic\\resources\\granolabar01.jpg'
10.2008 	EXP 	polygon_2: opacity = 1.0
10.2175 	EXP 	polygon: opacity = 0.0
10.2175 	EXP 	displayPicture: image = 'C:\\Users\\Employee\\Google Drive\\UP\\MyResearch\\TaskProgramming\\AB_pic\\resources\\granolabar01.jpg'
10.2175 	EXP 	polygon_2: opacity = 1.0
10.2342 	EXP 	polygon: opacity = 0.0
10.2342 	EXP 	displayPicture: image = 'C:\\Users\\Employee\\Google Drive\\UP\\MyResearch\\TaskProgramming\\AB_pic\\resources\\granolabar01.jpg'
10.2342 	EXP 	polygon_2: opacity = 1.0
10.2509 	EXP 	polygon: opacity = 0.0
10.2509 	EXP 	displayPicture: image = 'C:\\Users\\Employee\\Google Drive\\UP\\MyResearch\\TaskProgramming\\AB_pic\\resources\\granolabar01.jpg'
10.2509 	EXP 	polygon_2: opacity = 1.0
10.3218 	EXP 	window1: mouseVisible = True
