0.8741 	WARNING 	We strongly recommend you activate the PTB sound engine in PsychoPy prefs as the preferred audio engine. Its timing is vastly superior. Your prefs are currently set to use ['sounddevice', 'PTB', 'pyo', 'pygame'] (in that order).
5.6851 	WARNING 	User requested fullscreen with size [1024  768], but screen is actually [1920, 1080]. Using actual size
6.5513 	EXP 	Created window1 = Window(allowGUI=False, allowStencil=False, args=UNKNOWN, autoLog=True, bitsMode=UNKNOWN, blendMode='avg', bpc=(8, 8, 8), color=array([0., 0., 0.]), colorSpace='rgb', depthBits=8, fullscr=<method-wrapper '__getattribute__' of attributeSetter object at 0x000001B0F1CE4F28>, gamma=None, gammaErrorPolicy='raise', kwargs=UNKNOWN, lms=UNKNOWN, monitor=<psychopy.monitors.calibTools.Monitor object at 0x000001B0F1A33588>, multiSample=False, name='window1', numSamples=2, pos=[0.0, 0.0], screen=0, size=array([1920, 1080]), stencilBits=0, stereo=False, units='height', useFBO=True, useRetina=False, viewOri=0.0, viewPos=None, viewScale=None, waitBlanking=True, winType='pyglet')
6.5516 	EXP 	window1: mouseVisible = True
6.5517 	EXP 	window1: recordFrameIntervals = False
6.7176 	EXP 	window1: recordFrameIntervals = True
6.9011 	EXP 	window1: recordFrameIntervals = False
7.0737 	EXP 	Created text_3 = TextStim(__class__=<class 'psychopy.visual.text.TextStim'>, alignHoriz=method-wrapper(...), alignText='center', alignVert=method-wrapper(...), anchorHoriz='center', anchorVert='center', antialias=True, autoLog=True, bold=False, color='white', colorSpace='named', contrast=1.0, depth=0.0, flipHoriz=False, flipVert=False, font='Arial', fontFiles=[], height=0.05, italic=False, languageStyle='LTR', name='text_3', opacity=1.0, ori=0, pos=array([0., 0.]), rgb=array([255., 255., 255.]), text=str(...), units='height', win=Window(...), wrapWidth=1.5)
7.0782 	EXP 	Created option1 = ImageStim(__class__=<class 'psychopy.visual.image.ImageStim'>, autoLog=True, color=array([1., 1., 1.]), colorSpace='rgb', contrast=1.0, depth=-1.0, flipHoriz=False, flipVert=False, image='sin', interpolate=True, mask=None, maskParams=None, name='option1', opacity=1.0, ori=0.0, pos=array([-0.3,  0. ]), size=array([0.25, 0.25]), texRes=128, units='height', win=Window(...))
7.0809 	EXP 	Created option2 = ImageStim(__class__=<class 'psychopy.visual.image.ImageStim'>, autoLog=True, color=array([1., 1., 1.]), colorSpace='rgb', contrast=1.0, depth=-2.0, flipHoriz=False, flipVert=False, image='sin', interpolate=True, mask=None, maskParams=None, name='option2', opacity=1.0, ori=0.0, pos=array([0.3, 0. ]), size=array([0.25, 0.25]), texRes=128, units='height', win=Window(...))
7.0896 	EXP 	Created text_2 = TextStim(__class__=<class 'psychopy.visual.text.TextStim'>, alignHoriz=method-wrapper(...), alignText='center', alignVert=method-wrapper(...), anchorHoriz='center', anchorVert='center', antialias=True, autoLog=True, bold=False, color='white', colorSpace='named', contrast=1.0, depth=-3.0, flipHoriz=False, flipVert=False, font='Arial', fontFiles=[], height=0.1, italic=False, languageStyle='LTR', name='text_2', opacity=1.0, ori=0, pos=array([0., 0.]), rgb=array([255., 255., 255.]), text='+', units='height', win=Window(...), wrapWidth=1)
7.0919 	EXP 	Created displayPicture = ImageStim(__class__=<class 'psychopy.visual.image.ImageStim'>, autoLog=True, color=array([1., 1., 1.]), colorSpace='rgb', contrast=1.0, depth=-6.0, flipHoriz=False, flipVert=False, image='sin', interpolate=True, mask=None, maskParams=None, name='displayPicture', opacity=1.0, ori=0.0, pos=array([0., 0.]), size=array([0.25, 0.25]), texRes=128, units='height', win=Window(...))
7.0934 	EXP 	Created polygon_2 = Rect(__class__=<class 'psychopy.visual.rect.Rect'>, autoDraw=False, autoLog=True, closeShape=True, color=method-wrapper(...), colorSpace=None, contrast=1.0, depth=-7.0, fillColor=array([1., 1., 1.]), fillColorSpace='rgb', fillRGB=array([1., 1., 1.]), interpolate=True, lineColor=array([1., 1., 1.]), lineColorSpace='rgb', lineRGB=array([1., 1., 1.]), lineWidth=0, name='polygon_2', opacity=1.0, ori=array(0.), pos=array([0., 0.]), size=array([0.25, 0.25]), units='height', vertices=ndarray(...), win=Window(...))
7.0950 	EXP 	Created polygon_4 = ShapeStim(__class__=<class 'psychopy.visual.shape.ShapeStim'>, autoDraw=False, autoLog=True, closeShape=True, contrast=1.0, depth=0.0, fillColor=array([1., 0., 0.]), fillColorSpace='rgb', interpolate=True, lineColor=array([1., 1., 1.]), lineColorSpace='rgb', lineWidth=1, name='polygon_4', opacity=1.0, ori=array(0.), pos=array([0., 0.]), size=array([1., 1.]), units='height', vertices=ndarray(...), win=Window(...), windingRule=None)
7.0976 	EXP 	Created option1_t1 = ImageStim(__class__=<class 'psychopy.visual.image.ImageStim'>, autoLog=True, color=array([1., 1., 1.]), colorSpace='rgb', contrast=1.0, depth=-2.0, flipHoriz=False, flipVert=False, image='sin', interpolate=True, mask=None, maskParams=None, name='option1_t1', opacity=1.0, ori=0.0, pos=array([0., 0.]), size=array([0.25, 0.25]), texRes=128, units='height', win=Window(...))
7.0994 	EXP 	Created polygon_5 = ShapeStim(__class__=<class 'psychopy.visual.shape.ShapeStim'>, autoDraw=False, autoLog=True, closeShape=True, contrast=1.0, depth=0.0, fillColor=array([0., 0., 1.]), fillColorSpace='rgb', interpolate=True, lineColor=array([1., 1., 1.]), lineColorSpace='rgb', lineWidth=1, name='polygon_5', opacity=1.0, ori=array(0.), pos=array([0., 0.]), size=array([0.7, 0.7]), units='height', vertices=ndarray(...), win=Window(...), windingRule=None)
7.1020 	EXP 	Created option1_t2 = ImageStim(__class__=<class 'psychopy.visual.image.ImageStim'>, autoLog=True, color=array([1., 1., 1.]), colorSpace='rgb', contrast=1.0, depth=-2.0, flipHoriz=False, flipVert=False, image='sin', interpolate=True, mask=None, maskParams=None, name='option1_t2', opacity=1.0, ori=0.0, pos=array([0., 0.]), size=array([0.25, 0.25]), texRes=128, units='height', win=Window(...))
7.1166 	EXP 	Created feedbackText = TextStim(__class__=<class 'psychopy.visual.text.TextStim'>, alignHoriz=method-wrapper(...), alignText='center', alignVert=method-wrapper(...), anchorHoriz='center', anchorVert='center', antialias=True, autoLog=True, bold=False, color='white', colorSpace='named', contrast=1.0, depth=-1.0, flipHoriz=False, flipVert=False, font='Arial', fontFiles=[], height=0.1, italic=False, languageStyle='LTR', name='feedbackText', opacity=1.0, ori=0, pos=array([0., 0.]), rgb=array([255., 255., 255.]), text='default text', units='height', win=Window(...), wrapWidth=1)
7.1193 	EXP 	Created text = TextStim(__class__=<class 'psychopy.visual.text.TextStim'>, alignHoriz=method-wrapper(...), alignText='center', alignVert=method-wrapper(...), anchorHoriz='center', anchorVert='center', antialias=True, autoLog=True, bold=False, color='white', colorSpace='named', contrast=1.0, depth=-3.0, flipHoriz=False, flipVert=False, font='Arial', fontFiles=[], height=0.1, italic=False, languageStyle='LTR', name='text', opacity=1.0, ori=0, pos=array([0., 0.]), rgb=array([255., 255., 255.]), text='default text', units='height', win=Window(...), wrapWidth=1)
7.1428 	EXP 	Created text_4 = TextStim(__class__=<class 'psychopy.visual.text.TextStim'>, alignHoriz=method-wrapper(...), alignText='center', alignVert=method-wrapper(...), anchorHoriz='center', anchorVert='center', antialias=True, autoLog=True, bold=False, color='white', colorSpace='named', contrast=1.0, depth=0.0, flipHoriz=False, flipVert=False, font='Arial', fontFiles=[], height=0.05, italic=False, languageStyle='LTR', name='text_4', opacity=1.0, ori=0, pos=array([0., 0.]), rgb=array([255., 255., 255.]), text=str(...), units='height', win=Window(...), wrapWidth=1.5)
7.1452 	EXP 	Created option1_2 = ImageStim(__class__=<class 'psychopy.visual.image.ImageStim'>, autoLog=True, color=array([1., 1., 1.]), colorSpace='rgb', contrast=1.0, depth=-1.0, flipHoriz=False, flipVert=False, image='sin', interpolate=True, mask=None, maskParams=None, name='option1_2', opacity=1.0, ori=0.0, pos=array([-0.3,  0. ]), size=array([0.25, 0.25]), texRes=128, units='height', win=Window(...))
7.1476 	EXP 	Created option2_2 = ImageStim(__class__=<class 'psychopy.visual.image.ImageStim'>, autoLog=True, color=array([1., 1., 1.]), colorSpace='rgb', contrast=1.0, depth=-2.0, flipHoriz=False, flipVert=False, image='sin', interpolate=True, mask=None, maskParams=None, name='option2_2', opacity=1.0, ori=0.0, pos=array([0.3, 0. ]), size=array([0.25, 0.25]), texRes=128, units='height', win=Window(...))
7.1494 	EXP 	Created text_5 = TextStim(__class__=<class 'psychopy.visual.text.TextStim'>, alignHoriz=method-wrapper(...), alignText='center', alignVert=method-wrapper(...), anchorHoriz='center', anchorVert='center', antialias=True, autoLog=True, bold=False, color='white', colorSpace='named', contrast=1.0, depth=-3.0, flipHoriz=False, flipVert=False, font='Arial', fontFiles=[], height=0.1, italic=False, languageStyle='LTR', name='text_5', opacity=1.0, ori=0, pos=array([0., 0.]), rgb=array([255., 255., 255.]), text='+', units='height', win=Window(...), wrapWidth=1)
7.1524 	EXP 	Created displayPicture_2 = ImageStim(__class__=<class 'psychopy.visual.image.ImageStim'>, autoLog=True, color=array([1., 1., 1.]), colorSpace='rgb', contrast=1.0, depth=-6.0, flipHoriz=False, flipVert=False, image='sin', interpolate=True, mask=None, maskParams=None, name='displayPicture_2', opacity=1.0, ori=0.0, pos=array([0., 0.]), size=array([0.25, 0.25]), texRes=128, units='height', win=Window(...))
7.1540 	EXP 	Created polygon_10 = Rect(__class__=<class 'psychopy.visual.rect.Rect'>, autoDraw=False, autoLog=True, closeShape=True, color=method-wrapper(...), colorSpace=None, contrast=1.0, depth=-7.0, fillColor=array([1., 1., 1.]), fillColorSpace='rgb', fillRGB=array([1., 1., 1.]), interpolate=True, lineColor=array([1., 1., 1.]), lineColorSpace='rgb', lineRGB=array([1., 1., 1.]), lineWidth=0, name='polygon_10', opacity=1.0, ori=array(0.), pos=array([0., 0.]), size=array([0.25, 0.25]), units='height', vertices=ndarray(...), win=Window(...))
7.1555 	EXP 	Created polygon_7 = ShapeStim(__class__=<class 'psychopy.visual.shape.ShapeStim'>, autoDraw=False, autoLog=True, closeShape=True, contrast=1.0, depth=0.0, fillColor=array([1., 0., 0.]), fillColorSpace='rgb', interpolate=True, lineColor=array([1., 1., 1.]), lineColorSpace='rgb', lineWidth=1, name='polygon_7', opacity=1.0, ori=array(0.), pos=array([0., 0.]), size=array([1., 1.]), units='height', vertices=ndarray(...), win=Window(...), windingRule=None)
7.1582 	EXP 	Created option1_t1_2 = ImageStim(__class__=<class 'psychopy.visual.image.ImageStim'>, autoLog=True, color=array([1., 1., 1.]), colorSpace='rgb', contrast=1.0, depth=-2.0, flipHoriz=False, flipVert=False, image='sin', interpolate=True, mask=None, maskParams=None, name='option1_t1_2', opacity=1.0, ori=0.0, pos=array([0., 0.]), size=array([0.25, 0.25]), texRes=128, units='height', win=Window(...))
7.1599 	EXP 	Created polygon_6 = ShapeStim(__class__=<class 'psychopy.visual.shape.ShapeStim'>, autoDraw=False, autoLog=True, closeShape=True, contrast=1.0, depth=0.0, fillColor=array([0., 0., 1.]), fillColorSpace='rgb', interpolate=True, lineColor=array([1., 1., 1.]), lineColorSpace='rgb', lineWidth=1, name='polygon_6', opacity=1.0, ori=array(0.), pos=array([0., 0.]), size=array([0.7, 0.7]), units='height', vertices=ndarray(...), win=Window(...), windingRule=None)
7.1625 	EXP 	Created option1_t2_2 = ImageStim(__class__=<class 'psychopy.visual.image.ImageStim'>, autoLog=True, color=array([1., 1., 1.]), colorSpace='rgb', contrast=1.0, depth=-2.0, flipHoriz=False, flipVert=False, image='sin', interpolate=True, mask=None, maskParams=None, name='option1_t2_2', opacity=1.0, ori=0.0, pos=array([0., 0.]), size=array([0.25, 0.25]), texRes=128, units='height', win=Window(...))
7.1655 	EXP 	Created text = TextStim(__class__=<class 'psychopy.visual.text.TextStim'>, alignHoriz=method-wrapper(...), alignText='center', alignVert=method-wrapper(...), anchorHoriz='center', anchorVert='center', antialias=True, autoLog=True, bold=False, color='white', colorSpace='named', contrast=1.0, depth=-3.0, flipHoriz=False, flipVert=False, font='Arial', fontFiles=[], height=0.1, italic=False, languageStyle='LTR', name='text', opacity=1.0, ori=0, pos=array([0., 0.]), rgb=array([255., 255., 255.]), text='default text', units='height', win=Window(...), wrapWidth=1)
7.2571 	EXP 	text_3: autoDraw = True
8.1793 	EXP 	Imported conditionAB.xlsx as conditions, 1 conditions, 8 params
8.1795 	EXP 	Created sequence: random, trialTypes=1, nReps=1, seed=None
8.1798 	EXP 	New trial (rep=0, index=0): OrderedDict([('trialType', 'AB'), ('cndTyp', 'lag6'), ('lag', 6), ('T1_loc', 5), ('T2_loc', 11), ('stimLen', 0.2), ('isi', 0.05), ('skipProb', 0.5)])
8.2025 	DATA 	Keypress: space
8.2174 	EXP 	text_3: autoDraw = False
8.2174 	EXP 	option1: image = '.\\resources\\electricguitar01.jpg'
8.2174 	EXP 	option2: image = '.\\resources\\kite.jpg'
8.2174 	EXP 	option1: autoDraw = True
8.2174 	EXP 	option2: autoDraw = True
10.7006 	EXP 	text_2: autoDraw = True
10.9673 	EXP 	option1: autoDraw = False
10.9673 	EXP 	option2: autoDraw = False
11.1839 	EXP 	option1: autoDraw = False
11.1839 	EXP 	option2: autoDraw = False
11.1839 	EXP 	text_2: autoDraw = False
11.1839 	EXP 	displayPicture: autoDraw = True
11.1839 	EXP 	displayPicture: image = '.\\resources\\ear.jpg'
11.1839 	EXP 	polygon_2: autoDraw = True
11.1839 	EXP 	polygon_2: opacity = 0.0
11.1839 	EXP 	polygon_2: fillColor = '[1. 1. 1.] (rgb)'
11.2006 	EXP 	displayPicture: image = '.\\resources\\ear.jpg'
11.2006 	EXP 	polygon_2: opacity = 0.0
11.2006 	EXP 	polygon_2: fillColor = '[1. 1. 1.] (rgb)'
11.2172 	EXP 	displayPicture: image = '.\\resources\\ear.jpg'
11.2172 	EXP 	polygon_2: opacity = 0.0
11.2172 	EXP 	polygon_2: fillColor = '[1. 1. 1.] (rgb)'
11.2339 	EXP 	displayPicture: image = '.\\resources\\ear.jpg'
11.2339 	EXP 	polygon_2: opacity = 0.0
11.2339 	EXP 	polygon_2: fillColor = '[1. 1. 1.] (rgb)'
11.2506 	EXP 	displayPicture: image = '.\\resources\\ear.jpg'
11.2506 	EXP 	polygon_2: opacity = 0.0
11.2506 	EXP 	polygon_2: fillColor = '[1. 1. 1.] (rgb)'
11.2672 	EXP 	displayPicture: image = '.\\resources\\ear.jpg'
11.2672 	EXP 	polygon_2: opacity = 0.0
11.2672 	EXP 	polygon_2: fillColor = '[1. 1. 1.] (rgb)'
11.2839 	EXP 	displayPicture: image = '.\\resources\\ear.jpg'
11.2839 	EXP 	polygon_2: opacity = 0.0
11.2839 	EXP 	polygon_2: fillColor = '[1. 1. 1.] (rgb)'
11.3006 	EXP 	displayPicture: image = '.\\resources\\ear.jpg'
11.3006 	EXP 	polygon_2: opacity = 0.0
11.3006 	EXP 	polygon_2: fillColor = '[1. 1. 1.] (rgb)'
11.3172 	EXP 	displayPicture: image = '.\\resources\\ear.jpg'
11.3172 	EXP 	polygon_2: opacity = 0.0
11.3172 	EXP 	polygon_2: fillColor = '[1. 1. 1.] (rgb)'
11.3339 	EXP 	displayPicture: image = '.\\resources\\ear.jpg'
11.3339 	EXP 	polygon_2: opacity = 0.0
11.3339 	EXP 	polygon_2: fillColor = '[1. 1. 1.] (rgb)'
11.3506 	EXP 	displayPicture: image = '.\\resources\\ear.jpg'
11.3506 	EXP 	polygon_2: opacity = 0.0
11.3506 	EXP 	polygon_2: fillColor = '[1. 1. 1.] (rgb)'
11.3674 	EXP 	displayPicture: image = '.\\resources\\ear.jpg'
11.3674 	EXP 	polygon_2: opacity = 0.0
11.3674 	EXP 	polygon_2: fillColor = '[1. 1. 1.] (rgb)'
11.3839 	EXP 	displayPicture: image = '.\\resources\\ear.jpg'
11.3839 	EXP 	polygon_2: opacity = 1.0
11.3839 	EXP 	polygon_2: fillColor = '[1. 1. 1.] (rgb)'
11.4006 	EXP 	displayPicture: image = '.\\resources\\ear.jpg'
11.4006 	EXP 	polygon_2: opacity = 1.0
11.4006 	EXP 	polygon_2: fillColor = '[1. 1. 1.] (rgb)'
11.4172 	EXP 	displayPicture: image = '.\\resources\\ear.jpg'
11.4172 	EXP 	polygon_2: opacity = 1.0
11.4172 	EXP 	polygon_2: fillColor = '[1. 1. 1.] (rgb)'
11.4338 	EXP 	displayPicture: image = '.\\resources\\butterfly.jpg'
11.4338 	EXP 	polygon_2: opacity = 0.0
11.4338 	EXP 	polygon_2: fillColor = '[1. 1. 1.] (rgb)'
11.4508 	EXP 	displayPicture: image = '.\\resources\\butterfly.jpg'
11.4508 	EXP 	polygon_2: opacity = 0.0
11.4508 	EXP 	polygon_2: fillColor = '[1. 1. 1.] (rgb)'
11.4674 	EXP 	displayPicture: image = '.\\resources\\butterfly.jpg'
11.4674 	EXP 	polygon_2: opacity = 0.0
11.4674 	EXP 	polygon_2: fillColor = '[1. 1. 1.] (rgb)'
11.4841 	EXP 	displayPicture: image = '.\\resources\\butterfly.jpg'
11.4841 	EXP 	polygon_2: opacity = 0.0
11.4841 	EXP 	polygon_2: fillColor = '[1. 1. 1.] (rgb)'
11.5008 	EXP 	displayPicture: image = '.\\resources\\butterfly.jpg'
11.5008 	EXP 	polygon_2: opacity = 0.0
11.5008 	EXP 	polygon_2: fillColor = '[1. 1. 1.] (rgb)'
11.5174 	EXP 	displayPicture: image = '.\\resources\\butterfly.jpg'
11.5174 	EXP 	polygon_2: opacity = 0.0
11.5174 	EXP 	polygon_2: fillColor = '[1. 1. 1.] (rgb)'
11.5341 	EXP 	displayPicture: image = '.\\resources\\butterfly.jpg'
11.5341 	EXP 	polygon_2: opacity = 0.0
11.5341 	EXP 	polygon_2: fillColor = '[1. 1. 1.] (rgb)'
11.5508 	EXP 	displayPicture: image = '.\\resources\\butterfly.jpg'
11.5508 	EXP 	polygon_2: opacity = 0.0
11.5508 	EXP 	polygon_2: fillColor = '[1. 1. 1.] (rgb)'
11.5675 	EXP 	displayPicture: image = '.\\resources\\butterfly.jpg'
11.5675 	EXP 	polygon_2: opacity = 0.0
11.5675 	EXP 	polygon_2: fillColor = '[1. 1. 1.] (rgb)'
11.5841 	EXP 	displayPicture: image = '.\\resources\\butterfly.jpg'
11.5841 	EXP 	polygon_2: opacity = 0.0
11.5841 	EXP 	polygon_2: fillColor = '[1. 1. 1.] (rgb)'
11.6008 	EXP 	displayPicture: image = '.\\resources\\butterfly.jpg'
11.6008 	EXP 	polygon_2: opacity = 0.0
11.6008 	EXP 	polygon_2: fillColor = '[1. 1. 1.] (rgb)'
11.6175 	EXP 	displayPicture: image = '.\\resources\\butterfly.jpg'
11.6175 	EXP 	polygon_2: opacity = 0.0
11.6175 	EXP 	polygon_2: fillColor = '[1. 1. 1.] (rgb)'
11.6341 	EXP 	displayPicture: image = '.\\resources\\butterfly.jpg'
11.6341 	EXP 	polygon_2: opacity = 1.0
11.6341 	EXP 	polygon_2: fillColor = '[1. 1. 1.] (rgb)'
11.6508 	EXP 	displayPicture: image = '.\\resources\\butterfly.jpg'
11.6508 	EXP 	polygon_2: opacity = 1.0
11.6508 	EXP 	polygon_2: fillColor = '[1. 1. 1.] (rgb)'
11.6674 	EXP 	displayPicture: image = '.\\resources\\butterfly.jpg'
11.6674 	EXP 	polygon_2: opacity = 1.0
11.6674 	EXP 	polygon_2: fillColor = '[1. 1. 1.] (rgb)'
11.6841 	EXP 	displayPicture: image = '.\\resources\\pig.jpg'
11.6841 	EXP 	polygon_2: opacity = 0.0
11.6841 	EXP 	polygon_2: fillColor = '[1. 1. 1.] (rgb)'
11.7008 	EXP 	displayPicture: image = '.\\resources\\pig.jpg'
11.7008 	EXP 	polygon_2: opacity = 0.0
11.7008 	EXP 	polygon_2: fillColor = '[1. 1. 1.] (rgb)'
11.7175 	EXP 	displayPicture: image = '.\\resources\\pig.jpg'
11.7175 	EXP 	polygon_2: opacity = 0.0
11.7175 	EXP 	polygon_2: fillColor = '[1. 1. 1.] (rgb)'
11.7341 	EXP 	displayPicture: image = '.\\resources\\pig.jpg'
11.7341 	EXP 	polygon_2: opacity = 0.0
11.7341 	EXP 	polygon_2: fillColor = '[1. 1. 1.] (rgb)'
11.7508 	EXP 	displayPicture: image = '.\\resources\\pig.jpg'
11.7508 	EXP 	polygon_2: opacity = 0.0
11.7508 	EXP 	polygon_2: fillColor = '[1. 1. 1.] (rgb)'
11.7675 	EXP 	displayPicture: image = '.\\resources\\pig.jpg'
11.7675 	EXP 	polygon_2: opacity = 0.0
11.7675 	EXP 	polygon_2: fillColor = '[1. 1. 1.] (rgb)'
11.7842 	EXP 	displayPicture: image = '.\\resources\\pig.jpg'
11.7842 	EXP 	polygon_2: opacity = 0.0
11.7842 	EXP 	polygon_2: fillColor = '[1. 1. 1.] (rgb)'
11.8008 	EXP 	displayPicture: image = '.\\resources\\pig.jpg'
11.8008 	EXP 	polygon_2: opacity = 0.0
11.8008 	EXP 	polygon_2: fillColor = '[1. 1. 1.] (rgb)'
11.8174 	EXP 	displayPicture: image = '.\\resources\\pig.jpg'
11.8174 	EXP 	polygon_2: opacity = 0.0
11.8174 	EXP 	polygon_2: fillColor = '[1. 1. 1.] (rgb)'
11.8341 	EXP 	displayPicture: image = '.\\resources\\pig.jpg'
11.8341 	EXP 	polygon_2: opacity = 0.0
11.8341 	EXP 	polygon_2: fillColor = '[1. 1. 1.] (rgb)'
11.8508 	EXP 	displayPicture: image = '.\\resources\\pig.jpg'
11.8508 	EXP 	polygon_2: opacity = 0.0
11.8508 	EXP 	polygon_2: fillColor = '[1. 1. 1.] (rgb)'
11.8674 	EXP 	displayPicture: image = '.\\resources\\pig.jpg'
11.8674 	EXP 	polygon_2: opacity = 0.0
11.8674 	EXP 	polygon_2: fillColor = '[1. 1. 1.] (rgb)'
11.8841 	EXP 	displayPicture: image = '.\\resources\\pig.jpg'
11.8841 	EXP 	polygon_2: opacity = 1.0
11.8841 	EXP 	polygon_2: fillColor = '[1. 1. 1.] (rgb)'
11.9008 	EXP 	displayPicture: image = '.\\resources\\pig.jpg'
11.9008 	EXP 	polygon_2: opacity = 1.0
11.9008 	EXP 	polygon_2: fillColor = '[1. 1. 1.] (rgb)'
11.9175 	EXP 	displayPicture: image = '.\\resources\\pig.jpg'
11.9175 	EXP 	polygon_2: opacity = 1.0
11.9175 	EXP 	polygon_2: fillColor = '[1. 1. 1.] (rgb)'
11.9341 	EXP 	displayPicture: image = '.\\resources\\armadillo.jpg'
11.9341 	EXP 	polygon_2: opacity = 0.0
11.9341 	EXP 	polygon_2: fillColor = '[1. 1. 1.] (rgb)'
11.9508 	EXP 	displayPicture: image = '.\\resources\\armadillo.jpg'
11.9508 	EXP 	polygon_2: opacity = 0.0
11.9508 	EXP 	polygon_2: fillColor = '[1. 1. 1.] (rgb)'
11.9674 	EXP 	displayPicture: image = '.\\resources\\armadillo.jpg'
11.9674 	EXP 	polygon_2: opacity = 0.0
11.9674 	EXP 	polygon_2: fillColor = '[1. 1. 1.] (rgb)'
11.9841 	EXP 	displayPicture: image = '.\\resources\\armadillo.jpg'
11.9841 	EXP 	polygon_2: opacity = 0.0
11.9841 	EXP 	polygon_2: fillColor = '[1. 1. 1.] (rgb)'
12.0008 	EXP 	displayPicture: image = '.\\resources\\armadillo.jpg'
12.0008 	EXP 	polygon_2: opacity = 0.0
12.0008 	EXP 	polygon_2: fillColor = '[1. 1. 1.] (rgb)'
12.0175 	EXP 	displayPicture: image = '.\\resources\\armadillo.jpg'
12.0175 	EXP 	polygon_2: opacity = 0.0
12.0175 	EXP 	polygon_2: fillColor = '[1. 1. 1.] (rgb)'
12.0341 	EXP 	displayPicture: image = '.\\resources\\armadillo.jpg'
12.0341 	EXP 	polygon_2: opacity = 0.0
12.0341 	EXP 	polygon_2: fillColor = '[1. 1. 1.] (rgb)'
12.0508 	EXP 	displayPicture: image = '.\\resources\\armadillo.jpg'
12.0508 	EXP 	polygon_2: opacity = 0.0
12.0508 	EXP 	polygon_2: fillColor = '[1. 1. 1.] (rgb)'
12.0674 	EXP 	displayPicture: image = '.\\resources\\armadillo.jpg'
12.0674 	EXP 	polygon_2: opacity = 0.0
12.0674 	EXP 	polygon_2: fillColor = '[1. 1. 1.] (rgb)'
12.0841 	EXP 	displayPicture: image = '.\\resources\\armadillo.jpg'
12.0841 	EXP 	polygon_2: opacity = 0.0
12.0841 	EXP 	polygon_2: fillColor = '[1. 1. 1.] (rgb)'
12.1007 	EXP 	displayPicture: image = '.\\resources\\armadillo.jpg'
12.1007 	EXP 	polygon_2: opacity = 0.0
12.1007 	EXP 	polygon_2: fillColor = '[1. 1. 1.] (rgb)'
12.1174 	EXP 	displayPicture: image = '.\\resources\\armadillo.jpg'
12.1174 	EXP 	polygon_2: opacity = 0.0
12.1174 	EXP 	polygon_2: fillColor = '[1. 1. 1.] (rgb)'
12.1340 	EXP 	displayPicture: image = '.\\resources\\armadillo.jpg'
12.1340 	EXP 	polygon_2: opacity = 1.0
12.1340 	EXP 	polygon_2: fillColor = '[1. 1. 1.] (rgb)'
12.1507 	EXP 	displayPicture: image = '.\\resources\\armadillo.jpg'
12.1507 	EXP 	polygon_2: opacity = 1.0
12.1507 	EXP 	polygon_2: fillColor = '[1. 1. 1.] (rgb)'
12.1674 	EXP 	displayPicture: image = '.\\resources\\armadillo.jpg'
12.1674 	EXP 	polygon_2: opacity = 1.0
12.1674 	EXP 	polygon_2: fillColor = '[1. 1. 1.] (rgb)'
12.1840 	EXP 	displayPicture: image = '.\\resources\\cow.jpg'
12.1840 	EXP 	polygon_2: opacity = 0.0
12.1840 	EXP 	polygon_2: fillColor = '[1. 1. 1.] (rgb)'
12.2007 	EXP 	displayPicture: image = '.\\resources\\cow.jpg'
12.2007 	EXP 	polygon_2: opacity = 0.0
12.2007 	EXP 	polygon_2: fillColor = '[1. 1. 1.] (rgb)'
12.2174 	EXP 	displayPicture: image = '.\\resources\\cow.jpg'
12.2174 	EXP 	polygon_2: opacity = 0.0
12.2174 	EXP 	polygon_2: fillColor = '[1. 1. 1.] (rgb)'
12.2341 	EXP 	displayPicture: image = '.\\resources\\cow.jpg'
12.2341 	EXP 	polygon_2: opacity = 0.0
12.2341 	EXP 	polygon_2: fillColor = '[1. 1. 1.] (rgb)'
12.2507 	EXP 	displayPicture: image = '.\\resources\\cow.jpg'
12.2507 	EXP 	polygon_2: opacity = 0.0
12.2507 	EXP 	polygon_2: fillColor = '[1. 1. 1.] (rgb)'
12.2674 	EXP 	displayPicture: image = '.\\resources\\cow.jpg'
12.2674 	EXP 	polygon_2: opacity = 0.0
12.2674 	EXP 	polygon_2: fillColor = '[1. 1. 1.] (rgb)'
12.2841 	EXP 	displayPicture: image = '.\\resources\\cow.jpg'
12.2841 	EXP 	polygon_2: opacity = 0.0
12.2841 	EXP 	polygon_2: fillColor = '[1. 1. 1.] (rgb)'
12.3007 	EXP 	displayPicture: image = '.\\resources\\cow.jpg'
12.3007 	EXP 	polygon_2: opacity = 0.0
12.3007 	EXP 	polygon_2: fillColor = '[1. 1. 1.] (rgb)'
12.3174 	EXP 	displayPicture: image = '.\\resources\\cow.jpg'
12.3174 	EXP 	polygon_2: opacity = 0.0
12.3174 	EXP 	polygon_2: fillColor = '[1. 1. 1.] (rgb)'
12.3340 	EXP 	displayPicture: image = '.\\resources\\cow.jpg'
12.3340 	EXP 	polygon_2: opacity = 0.0
12.3340 	EXP 	polygon_2: fillColor = '[1. 1. 1.] (rgb)'
12.3504 	EXP 	displayPicture: image = '.\\resources\\cow.jpg'
12.3504 	EXP 	polygon_2: opacity = 0.0
12.3504 	EXP 	polygon_2: fillColor = '[1. 1. 1.] (rgb)'
12.3670 	EXP 	displayPicture: image = '.\\resources\\cow.jpg'
12.3670 	EXP 	polygon_2: opacity = 0.0
12.3670 	EXP 	polygon_2: fillColor = '[1. 1. 1.] (rgb)'
12.3837 	EXP 	displayPicture: image = '.\\resources\\cow.jpg'
12.3837 	EXP 	polygon_2: opacity = 1.0
12.3837 	EXP 	polygon_2: fillColor = '[1. 1. 1.] (rgb)'
12.4004 	EXP 	displayPicture: image = '.\\resources\\cow.jpg'
12.4004 	EXP 	polygon_2: opacity = 1.0
12.4004 	EXP 	polygon_2: fillColor = '[1. 1. 1.] (rgb)'
12.4171 	EXP 	displayPicture: image = '.\\resources\\cow.jpg'
12.4171 	EXP 	polygon_2: opacity = 1.0
12.4171 	EXP 	polygon_2: fillColor = '[1. 1. 1.] (rgb)'
12.4337 	EXP 	displayPicture: image = '.\\resources\\trampoline.jpg'
12.4337 	EXP 	polygon_2: opacity = 0.0
12.4337 	EXP 	polygon_2: fillColor = '[1. 1. 1.] (rgb)'
12.4503 	EXP 	displayPicture: image = '.\\resources\\trampoline.jpg'
12.4503 	EXP 	polygon_2: opacity = 0.0
12.4503 	EXP 	polygon_2: fillColor = '[1. 1. 1.] (rgb)'
12.4670 	EXP 	displayPicture: image = '.\\resources\\trampoline.jpg'
12.4670 	EXP 	polygon_2: opacity = 0.0
12.4670 	EXP 	polygon_2: fillColor = '[1. 1. 1.] (rgb)'
12.4837 	EXP 	displayPicture: image = '.\\resources\\trampoline.jpg'
12.4837 	EXP 	polygon_2: opacity = 0.0
12.4837 	EXP 	polygon_2: fillColor = '[1. 1. 1.] (rgb)'
12.5004 	EXP 	displayPicture: image = '.\\resources\\trampoline.jpg'
12.5004 	EXP 	polygon_2: opacity = 0.0
12.5004 	EXP 	polygon_2: fillColor = '[1. 1. 1.] (rgb)'
12.5170 	EXP 	displayPicture: image = '.\\resources\\trampoline.jpg'
12.5170 	EXP 	polygon_2: opacity = 0.0
12.5170 	EXP 	polygon_2: fillColor = '[1. 1. 1.] (rgb)'
12.5337 	EXP 	displayPicture: image = '.\\resources\\trampoline.jpg'
12.5337 	EXP 	polygon_2: opacity = 0.0
12.5337 	EXP 	polygon_2: fillColor = '[1. 1. 1.] (rgb)'
12.5504 	EXP 	displayPicture: image = '.\\resources\\trampoline.jpg'
12.5504 	EXP 	polygon_2: opacity = 0.0
12.5504 	EXP 	polygon_2: fillColor = '[1. 1. 1.] (rgb)'
12.5670 	EXP 	displayPicture: image = '.\\resources\\trampoline.jpg'
12.5670 	EXP 	polygon_2: opacity = 0.0
12.5670 	EXP 	polygon_2: fillColor = '[1. 1. 1.] (rgb)'
12.5837 	EXP 	displayPicture: image = '.\\resources\\trampoline.jpg'
12.5837 	EXP 	polygon_2: opacity = 0.0
12.5837 	EXP 	polygon_2: fillColor = '[1. 1. 1.] (rgb)'
12.6004 	EXP 	displayPicture: image = '.\\resources\\trampoline.jpg'
12.6004 	EXP 	polygon_2: opacity = 0.0
12.6004 	EXP 	polygon_2: fillColor = '[1. 1. 1.] (rgb)'
12.6170 	EXP 	displayPicture: image = '.\\resources\\trampoline.jpg'
12.6170 	EXP 	polygon_2: opacity = 0.0
12.6170 	EXP 	polygon_2: fillColor = '[1. 1. 1.] (rgb)'
12.6337 	EXP 	displayPicture: image = '.\\resources\\trampoline.jpg'
12.6337 	EXP 	polygon_2: opacity = 1.0
12.6337 	EXP 	polygon_2: fillColor = '[1. 1. 1.] (rgb)'
12.6504 	EXP 	displayPicture: image = '.\\resources\\trampoline.jpg'
12.6504 	EXP 	polygon_2: opacity = 1.0
12.6504 	EXP 	polygon_2: fillColor = '[1. 1. 1.] (rgb)'
12.6670 	EXP 	displayPicture: image = '.\\resources\\trampoline.jpg'
12.6670 	EXP 	polygon_2: opacity = 1.0
12.6670 	EXP 	polygon_2: fillColor = '[1. 1. 1.] (rgb)'
12.7004 	EXP 	displayPicture: image = '.\\resources\\spiderweb.jpg'
12.7004 	EXP 	polygon_2: opacity = 0.0
12.7004 	EXP 	polygon_2: fillColor = '[1. 1. 1.] (rgb)'
12.7170 	EXP 	displayPicture: image = '.\\resources\\spiderweb.jpg'
12.7170 	EXP 	polygon_2: opacity = 0.0
12.7170 	EXP 	polygon_2: fillColor = '[1. 1. 1.] (rgb)'
12.7337 	EXP 	displayPicture: image = '.\\resources\\spiderweb.jpg'
12.7337 	EXP 	polygon_2: opacity = 0.0
12.7337 	EXP 	polygon_2: fillColor = '[1. 1. 1.] (rgb)'
12.7504 	EXP 	displayPicture: image = '.\\resources\\spiderweb.jpg'
12.7504 	EXP 	polygon_2: opacity = 0.0
12.7504 	EXP 	polygon_2: fillColor = '[1. 1. 1.] (rgb)'
12.7670 	EXP 	displayPicture: image = '.\\resources\\spiderweb.jpg'
12.7670 	EXP 	polygon_2: opacity = 0.0
12.7670 	EXP 	polygon_2: fillColor = '[1. 1. 1.] (rgb)'
12.7837 	EXP 	displayPicture: image = '.\\resources\\spiderweb.jpg'
12.7837 	EXP 	polygon_2: opacity = 0.0
12.7837 	EXP 	polygon_2: fillColor = '[1. 1. 1.] (rgb)'
12.8003 	EXP 	displayPicture: image = '.\\resources\\spiderweb.jpg'
12.8003 	EXP 	polygon_2: opacity = 0.0
12.8003 	EXP 	polygon_2: fillColor = '[1. 1. 1.] (rgb)'
12.8170 	EXP 	displayPicture: image = '.\\resources\\spiderweb.jpg'
12.8170 	EXP 	polygon_2: opacity = 0.0
12.8170 	EXP 	polygon_2: fillColor = '[1. 1. 1.] (rgb)'
12.8337 	EXP 	displayPicture: image = '.\\resources\\spiderweb.jpg'
12.8337 	EXP 	polygon_2: opacity = 0.0
12.8337 	EXP 	polygon_2: fillColor = '[1. 1. 1.] (rgb)'
12.8503 	EXP 	displayPicture: image = '.\\resources\\spiderweb.jpg'
12.8503 	EXP 	polygon_2: opacity = 0.0
12.8503 	EXP 	polygon_2: fillColor = '[1. 1. 1.] (rgb)'
12.8670 	EXP 	displayPicture: image = '.\\resources\\spiderweb.jpg'
12.8670 	EXP 	polygon_2: opacity = 0.0
12.8670 	EXP 	polygon_2: fillColor = '[1. 1. 1.] (rgb)'
12.8837 	EXP 	displayPicture: image = '.\\resources\\spiderweb.jpg'
12.8837 	EXP 	polygon_2: opacity = 1.0
12.8837 	EXP 	polygon_2: fillColor = '[1. 1. 1.] (rgb)'
12.9003 	EXP 	displayPicture: image = '.\\resources\\spiderweb.jpg'
12.9003 	EXP 	polygon_2: opacity = 1.0
12.9003 	EXP 	polygon_2: fillColor = '[1. 1. 1.] (rgb)'
12.9170 	EXP 	displayPicture: image = '.\\resources\\spiderweb.jpg'
12.9170 	EXP 	polygon_2: opacity = 1.0
12.9170 	EXP 	polygon_2: fillColor = '[1. 1. 1.] (rgb)'
12.9337 	EXP 	displayPicture: image = '.\\resources\\cheetah.jpg'
12.9337 	EXP 	polygon_2: opacity = 0.0
12.9337 	EXP 	polygon_2: fillColor = '[1. 1. 1.] (rgb)'
12.9504 	EXP 	displayPicture: image = '.\\resources\\cheetah.jpg'
12.9504 	EXP 	polygon_2: opacity = 0.0
12.9504 	EXP 	polygon_2: fillColor = '[1. 1. 1.] (rgb)'
12.9671 	EXP 	displayPicture: image = '.\\resources\\cheetah.jpg'
12.9671 	EXP 	polygon_2: opacity = 0.0
12.9671 	EXP 	polygon_2: fillColor = '[1. 1. 1.] (rgb)'
12.9837 	EXP 	displayPicture: image = '.\\resources\\cheetah.jpg'
12.9837 	EXP 	polygon_2: opacity = 0.0
12.9837 	EXP 	polygon_2: fillColor = '[1. 1. 1.] (rgb)'
13.0004 	EXP 	displayPicture: image = '.\\resources\\cheetah.jpg'
13.0004 	EXP 	polygon_2: opacity = 0.0
13.0004 	EXP 	polygon_2: fillColor = '[1. 1. 1.] (rgb)'
13.0170 	EXP 	displayPicture: image = '.\\resources\\cheetah.jpg'
13.0170 	EXP 	polygon_2: opacity = 0.0
13.0170 	EXP 	polygon_2: fillColor = '[1. 1. 1.] (rgb)'
13.0336 	EXP 	displayPicture: image = '.\\resources\\cheetah.jpg'
13.0336 	EXP 	polygon_2: opacity = 0.0
13.0336 	EXP 	polygon_2: fillColor = '[1. 1. 1.] (rgb)'
13.0504 	EXP 	displayPicture: image = '.\\resources\\cheetah.jpg'
13.0504 	EXP 	polygon_2: opacity = 0.0
13.0504 	EXP 	polygon_2: fillColor = '[1. 1. 1.] (rgb)'
13.0670 	EXP 	displayPicture: image = '.\\resources\\cheetah.jpg'
13.0670 	EXP 	polygon_2: opacity = 0.0
13.0670 	EXP 	polygon_2: fillColor = '[1. 1. 1.] (rgb)'
13.0837 	EXP 	displayPicture: image = '.\\resources\\cheetah.jpg'
13.0837 	EXP 	polygon_2: opacity = 0.0
13.0837 	EXP 	polygon_2: fillColor = '[1. 1. 1.] (rgb)'
13.1003 	EXP 	displayPicture: image = '.\\resources\\cheetah.jpg'
13.1003 	EXP 	polygon_2: opacity = 0.0
13.1003 	EXP 	polygon_2: fillColor = '[1. 1. 1.] (rgb)'
13.1170 	EXP 	displayPicture: image = '.\\resources\\cheetah.jpg'
13.1170 	EXP 	polygon_2: opacity = 0.0
13.1170 	EXP 	polygon_2: fillColor = '[1. 1. 1.] (rgb)'
13.1337 	EXP 	displayPicture: image = '.\\resources\\cheetah.jpg'
13.1337 	EXP 	polygon_2: opacity = 1.0
13.1337 	EXP 	polygon_2: fillColor = '[1. 1. 1.] (rgb)'
13.1503 	EXP 	displayPicture: image = '.\\resources\\cheetah.jpg'
13.1503 	EXP 	polygon_2: opacity = 1.0
13.1503 	EXP 	polygon_2: fillColor = '[1. 1. 1.] (rgb)'
13.1670 	EXP 	displayPicture: image = '.\\resources\\cheetah.jpg'
13.1670 	EXP 	polygon_2: opacity = 1.0
13.1670 	EXP 	polygon_2: fillColor = '[1. 1. 1.] (rgb)'
13.1837 	EXP 	displayPicture: image = '.\\resources\\xylophone.jpg'
13.1837 	EXP 	polygon_2: opacity = 0.0
13.1837 	EXP 	polygon_2: fillColor = '[1. 1. 1.] (rgb)'
13.2003 	EXP 	displayPicture: image = '.\\resources\\xylophone.jpg'
13.2003 	EXP 	polygon_2: opacity = 0.0
13.2003 	EXP 	polygon_2: fillColor = '[1. 1. 1.] (rgb)'
13.2170 	EXP 	displayPicture: image = '.\\resources\\xylophone.jpg'
13.2170 	EXP 	polygon_2: opacity = 0.0
13.2170 	EXP 	polygon_2: fillColor = '[1. 1. 1.] (rgb)'
13.2337 	EXP 	displayPicture: image = '.\\resources\\xylophone.jpg'
13.2337 	EXP 	polygon_2: opacity = 0.0
13.2337 	EXP 	polygon_2: fillColor = '[1. 1. 1.] (rgb)'
13.2503 	EXP 	displayPicture: image = '.\\resources\\xylophone.jpg'
13.2503 	EXP 	polygon_2: opacity = 0.0
13.2503 	EXP 	polygon_2: fillColor = '[1. 1. 1.] (rgb)'
13.2670 	EXP 	displayPicture: image = '.\\resources\\xylophone.jpg'
13.2670 	EXP 	polygon_2: opacity = 0.0
13.2670 	EXP 	polygon_2: fillColor = '[1. 1. 1.] (rgb)'
13.2836 	EXP 	displayPicture: image = '.\\resources\\xylophone.jpg'
13.2836 	EXP 	polygon_2: opacity = 0.0
13.2836 	EXP 	polygon_2: fillColor = '[1. 1. 1.] (rgb)'
13.3003 	EXP 	displayPicture: image = '.\\resources\\xylophone.jpg'
13.3003 	EXP 	polygon_2: opacity = 0.0
13.3003 	EXP 	polygon_2: fillColor = '[1. 1. 1.] (rgb)'
13.3170 	EXP 	displayPicture: image = '.\\resources\\xylophone.jpg'
13.3170 	EXP 	polygon_2: opacity = 0.0
13.3170 	EXP 	polygon_2: fillColor = '[1. 1. 1.] (rgb)'
13.3336 	EXP 	displayPicture: image = '.\\resources\\xylophone.jpg'
13.3336 	EXP 	polygon_2: opacity = 0.0
13.3336 	EXP 	polygon_2: fillColor = '[1. 1. 1.] (rgb)'
13.3503 	EXP 	displayPicture: image = '.\\resources\\xylophone.jpg'
13.3503 	EXP 	polygon_2: opacity = 0.0
13.3503 	EXP 	polygon_2: fillColor = '[1. 1. 1.] (rgb)'
13.3670 	EXP 	displayPicture: image = '.\\resources\\xylophone.jpg'
13.3670 	EXP 	polygon_2: opacity = 0.0
13.3670 	EXP 	polygon_2: fillColor = '[1. 1. 1.] (rgb)'
13.3836 	EXP 	displayPicture: image = '.\\resources\\xylophone.jpg'
13.3836 	EXP 	polygon_2: opacity = 1.0
13.3836 	EXP 	polygon_2: fillColor = '[1. 1. 1.] (rgb)'
13.4003 	EXP 	displayPicture: image = '.\\resources\\xylophone.jpg'
13.4003 	EXP 	polygon_2: opacity = 1.0
13.4003 	EXP 	polygon_2: fillColor = '[1. 1. 1.] (rgb)'
13.4170 	EXP 	displayPicture: image = '.\\resources\\xylophone.jpg'
13.4170 	EXP 	polygon_2: opacity = 1.0
13.4170 	EXP 	polygon_2: fillColor = '[1. 1. 1.] (rgb)'
13.4336 	EXP 	displayPicture: image = '.\\resources\\jeans01.jpg'
13.4336 	EXP 	polygon_2: opacity = 0.0
13.4336 	EXP 	polygon_2: fillColor = '[1. 1. 1.] (rgb)'
13.4503 	EXP 	displayPicture: image = '.\\resources\\jeans01.jpg'
13.4503 	EXP 	polygon_2: opacity = 0.0
13.4503 	EXP 	polygon_2: fillColor = '[1. 1. 1.] (rgb)'
13.4670 	EXP 	displayPicture: image = '.\\resources\\jeans01.jpg'
13.4670 	EXP 	polygon_2: opacity = 0.0
13.4670 	EXP 	polygon_2: fillColor = '[1. 1. 1.] (rgb)'
13.4836 	EXP 	displayPicture: image = '.\\resources\\jeans01.jpg'
13.4836 	EXP 	polygon_2: opacity = 0.0
13.4836 	EXP 	polygon_2: fillColor = '[1. 1. 1.] (rgb)'
13.5003 	EXP 	displayPicture: image = '.\\resources\\jeans01.jpg'
13.5003 	EXP 	polygon_2: opacity = 0.0
13.5003 	EXP 	polygon_2: fillColor = '[1. 1. 1.] (rgb)'
13.5170 	EXP 	displayPicture: image = '.\\resources\\jeans01.jpg'
13.5170 	EXP 	polygon_2: opacity = 0.0
13.5170 	EXP 	polygon_2: fillColor = '[1. 1. 1.] (rgb)'
13.5336 	EXP 	displayPicture: image = '.\\resources\\jeans01.jpg'
13.5336 	EXP 	polygon_2: opacity = 0.0
13.5336 	EXP 	polygon_2: fillColor = '[1. 1. 1.] (rgb)'
13.5503 	EXP 	displayPicture: image = '.\\resources\\jeans01.jpg'
13.5503 	EXP 	polygon_2: opacity = 0.0
13.5503 	EXP 	polygon_2: fillColor = '[1. 1. 1.] (rgb)'
13.5670 	EXP 	displayPicture: image = '.\\resources\\jeans01.jpg'
13.5670 	EXP 	polygon_2: opacity = 0.0
13.5670 	EXP 	polygon_2: fillColor = '[1. 1. 1.] (rgb)'
13.5836 	EXP 	displayPicture: image = '.\\resources\\jeans01.jpg'
13.5836 	EXP 	polygon_2: opacity = 0.0
13.5836 	EXP 	polygon_2: fillColor = '[1. 1. 1.] (rgb)'
13.6003 	EXP 	displayPicture: image = '.\\resources\\jeans01.jpg'
13.6003 	EXP 	polygon_2: opacity = 0.0
13.6003 	EXP 	polygon_2: fillColor = '[1. 1. 1.] (rgb)'
13.6170 	EXP 	displayPicture: image = '.\\resources\\jeans01.jpg'
13.6170 	EXP 	polygon_2: opacity = 0.0
13.6170 	EXP 	polygon_2: fillColor = '[1. 1. 1.] (rgb)'
13.6336 	EXP 	displayPicture: image = '.\\resources\\jeans01.jpg'
13.6336 	EXP 	polygon_2: opacity = 1.0
13.6336 	EXP 	polygon_2: fillColor = '[1. 1. 1.] (rgb)'
13.6503 	EXP 	displayPicture: image = '.\\resources\\jeans01.jpg'
13.6503 	EXP 	polygon_2: opacity = 1.0
13.6503 	EXP 	polygon_2: fillColor = '[1. 1. 1.] (rgb)'
13.6670 	EXP 	displayPicture: image = '.\\resources\\jeans01.jpg'
13.6670 	EXP 	polygon_2: opacity = 1.0
13.6670 	EXP 	polygon_2: fillColor = '[1. 1. 1.] (rgb)'
13.6836 	EXP 	displayPicture: image = '.\\resources\\electricguitar01.jpg'
13.6836 	EXP 	polygon_2: opacity = 0.0
13.6836 	EXP 	polygon_2: fillColor = '[1. 1. 1.] (rgb)'
13.7003 	EXP 	displayPicture: image = '.\\resources\\electricguitar01.jpg'
13.7003 	EXP 	polygon_2: opacity = 0.0
13.7003 	EXP 	polygon_2: fillColor = '[1. 1. 1.] (rgb)'
13.7170 	EXP 	displayPicture: image = '.\\resources\\electricguitar01.jpg'
13.7170 	EXP 	polygon_2: opacity = 0.0
13.7170 	EXP 	polygon_2: fillColor = '[1. 1. 1.] (rgb)'
13.7336 	EXP 	displayPicture: image = '.\\resources\\electricguitar01.jpg'
13.7336 	EXP 	polygon_2: opacity = 0.0
13.7336 	EXP 	polygon_2: fillColor = '[1. 1. 1.] (rgb)'
13.7503 	EXP 	displayPicture: image = '.\\resources\\electricguitar01.jpg'
13.7503 	EXP 	polygon_2: opacity = 0.0
13.7503 	EXP 	polygon_2: fillColor = '[1. 1. 1.] (rgb)'
13.7670 	EXP 	displayPicture: image = '.\\resources\\electricguitar01.jpg'
13.7670 	EXP 	polygon_2: opacity = 0.0
13.7670 	EXP 	polygon_2: fillColor = '[1. 1. 1.] (rgb)'
13.7836 	EXP 	displayPicture: image = '.\\resources\\electricguitar01.jpg'
13.7836 	EXP 	polygon_2: opacity = 0.0
13.7836 	EXP 	polygon_2: fillColor = '[1. 1. 1.] (rgb)'
13.8003 	EXP 	displayPicture: image = '.\\resources\\electricguitar01.jpg'
13.8003 	EXP 	polygon_2: opacity = 0.0
13.8003 	EXP 	polygon_2: fillColor = '[1. 1. 1.] (rgb)'
13.8170 	EXP 	displayPicture: image = '.\\resources\\electricguitar01.jpg'
13.8170 	EXP 	polygon_2: opacity = 0.0
13.8170 	EXP 	polygon_2: fillColor = '[1. 1. 1.] (rgb)'
13.8336 	EXP 	displayPicture: image = '.\\resources\\electricguitar01.jpg'
13.8336 	EXP 	polygon_2: opacity = 0.0
13.8336 	EXP 	polygon_2: fillColor = '[1. 1. 1.] (rgb)'
13.8503 	EXP 	displayPicture: image = '.\\resources\\electricguitar01.jpg'
13.8503 	EXP 	polygon_2: opacity = 0.0
13.8503 	EXP 	polygon_2: fillColor = '[1. 1. 1.] (rgb)'
13.8669 	EXP 	displayPicture: image = '.\\resources\\electricguitar01.jpg'
13.8669 	EXP 	polygon_2: opacity = 0.0
13.8669 	EXP 	polygon_2: fillColor = '[1. 1. 1.] (rgb)'
13.8836 	EXP 	displayPicture: image = '.\\resources\\electricguitar01.jpg'
13.8836 	EXP 	polygon_2: opacity = 1.0
13.8836 	EXP 	polygon_2: fillColor = '[1. 1. 1.] (rgb)'
13.9003 	EXP 	displayPicture: image = '.\\resources\\electricguitar01.jpg'
13.9003 	EXP 	polygon_2: opacity = 1.0
13.9003 	EXP 	polygon_2: fillColor = '[1. 1. 1.] (rgb)'
13.9169 	EXP 	displayPicture: image = '.\\resources\\electricguitar01.jpg'
13.9169 	EXP 	polygon_2: opacity = 1.0
13.9169 	EXP 	polygon_2: fillColor = '[1. 1. 1.] (rgb)'
13.9336 	EXP 	displayPicture: image = '.\\resources\\rose.jpg'
13.9336 	EXP 	polygon_2: opacity = 0.0
13.9336 	EXP 	polygon_2: fillColor = '[1. 1. 1.] (rgb)'
13.9503 	EXP 	displayPicture: image = '.\\resources\\rose.jpg'
13.9503 	EXP 	polygon_2: opacity = 0.0
13.9503 	EXP 	polygon_2: fillColor = '[1. 1. 1.] (rgb)'
13.9669 	EXP 	displayPicture: image = '.\\resources\\rose.jpg'
13.9669 	EXP 	polygon_2: opacity = 0.0
13.9669 	EXP 	polygon_2: fillColor = '[1. 1. 1.] (rgb)'
13.9836 	EXP 	displayPicture: image = '.\\resources\\rose.jpg'
13.9836 	EXP 	polygon_2: opacity = 0.0
13.9836 	EXP 	polygon_2: fillColor = '[1. 1. 1.] (rgb)'
14.0003 	EXP 	displayPicture: image = '.\\resources\\rose.jpg'
14.0003 	EXP 	polygon_2: opacity = 0.0
14.0003 	EXP 	polygon_2: fillColor = '[1. 1. 1.] (rgb)'
14.0169 	EXP 	displayPicture: image = '.\\resources\\rose.jpg'
14.0169 	EXP 	polygon_2: opacity = 0.0
14.0169 	EXP 	polygon_2: fillColor = '[1. 1. 1.] (rgb)'
14.0336 	EXP 	displayPicture: image = '.\\resources\\rose.jpg'
14.0336 	EXP 	polygon_2: opacity = 0.0
14.0336 	EXP 	polygon_2: fillColor = '[1. 1. 1.] (rgb)'
14.0503 	EXP 	displayPicture: image = '.\\resources\\rose.jpg'
14.0503 	EXP 	polygon_2: opacity = 0.0
14.0503 	EXP 	polygon_2: fillColor = '[1. 1. 1.] (rgb)'
14.0669 	EXP 	displayPicture: image = '.\\resources\\rose.jpg'
14.0669 	EXP 	polygon_2: opacity = 0.0
14.0669 	EXP 	polygon_2: fillColor = '[1. 1. 1.] (rgb)'
14.0836 	EXP 	displayPicture: image = '.\\resources\\rose.jpg'
14.0836 	EXP 	polygon_2: opacity = 0.0
14.0836 	EXP 	polygon_2: fillColor = '[1. 1. 1.] (rgb)'
14.1003 	EXP 	displayPicture: image = '.\\resources\\rose.jpg'
14.1003 	EXP 	polygon_2: opacity = 0.0
14.1003 	EXP 	polygon_2: fillColor = '[1. 1. 1.] (rgb)'
14.1170 	EXP 	displayPicture: image = '.\\resources\\rose.jpg'
14.1170 	EXP 	polygon_2: opacity = 0.0
14.1170 	EXP 	polygon_2: fillColor = '[1. 1. 1.] (rgb)'
14.1337 	EXP 	displayPicture: image = '.\\resources\\rose.jpg'
14.1337 	EXP 	polygon_2: opacity = 1.0
14.1337 	EXP 	polygon_2: fillColor = '[1. 1. 1.] (rgb)'
14.1503 	EXP 	displayPicture: image = '.\\resources\\rose.jpg'
14.1503 	EXP 	polygon_2: opacity = 1.0
14.1503 	EXP 	polygon_2: fillColor = '[1. 1. 1.] (rgb)'
14.1670 	EXP 	displayPicture: image = '.\\resources\\rose.jpg'
14.1670 	EXP 	polygon_2: opacity = 1.0
14.1670 	EXP 	polygon_2: fillColor = '[1. 1. 1.] (rgb)'
14.1837 	EXP 	displayPicture: image = '.\\resources\\key07.jpg'
14.1837 	EXP 	polygon_2: opacity = 0.0
14.1837 	EXP 	polygon_2: fillColor = '[1. 1. 1.] (rgb)'
14.2003 	EXP 	displayPicture: image = '.\\resources\\key07.jpg'
14.2003 	EXP 	polygon_2: opacity = 0.0
14.2003 	EXP 	polygon_2: fillColor = '[1. 1. 1.] (rgb)'
14.2170 	EXP 	displayPicture: image = '.\\resources\\key07.jpg'
14.2170 	EXP 	polygon_2: opacity = 0.0
14.2170 	EXP 	polygon_2: fillColor = '[1. 1. 1.] (rgb)'
14.2336 	EXP 	displayPicture: image = '.\\resources\\key07.jpg'
14.2336 	EXP 	polygon_2: opacity = 0.0
14.2336 	EXP 	polygon_2: fillColor = '[1. 1. 1.] (rgb)'
14.2503 	EXP 	displayPicture: image = '.\\resources\\key07.jpg'
14.2503 	EXP 	polygon_2: opacity = 0.0
14.2503 	EXP 	polygon_2: fillColor = '[1. 1. 1.] (rgb)'
14.2670 	EXP 	displayPicture: image = '.\\resources\\key07.jpg'
14.2670 	EXP 	polygon_2: opacity = 0.0
14.2670 	EXP 	polygon_2: fillColor = '[1. 1. 1.] (rgb)'
14.2837 	EXP 	displayPicture: image = '.\\resources\\key07.jpg'
14.2837 	EXP 	polygon_2: opacity = 0.0
14.2837 	EXP 	polygon_2: fillColor = '[1. 1. 1.] (rgb)'
14.3003 	EXP 	displayPicture: image = '.\\resources\\key07.jpg'
14.3003 	EXP 	polygon_2: opacity = 0.0
14.3003 	EXP 	polygon_2: fillColor = '[1. 1. 1.] (rgb)'
14.3170 	EXP 	displayPicture: image = '.\\resources\\key07.jpg'
14.3170 	EXP 	polygon_2: opacity = 0.0
14.3170 	EXP 	polygon_2: fillColor = '[1. 1. 1.] (rgb)'
14.3337 	EXP 	displayPicture: image = '.\\resources\\key07.jpg'
14.3337 	EXP 	polygon_2: opacity = 0.0
14.3337 	EXP 	polygon_2: fillColor = '[1. 1. 1.] (rgb)'
14.3503 	EXP 	displayPicture: image = '.\\resources\\key07.jpg'
14.3503 	EXP 	polygon_2: opacity = 0.0
14.3503 	EXP 	polygon_2: fillColor = '[1. 1. 1.] (rgb)'
14.3670 	EXP 	displayPicture: image = '.\\resources\\key07.jpg'
14.3670 	EXP 	polygon_2: opacity = 0.0
14.3670 	EXP 	polygon_2: fillColor = '[1. 1. 1.] (rgb)'
14.3837 	EXP 	displayPicture: image = '.\\resources\\key07.jpg'
14.3837 	EXP 	polygon_2: opacity = 1.0
14.3837 	EXP 	polygon_2: fillColor = '[1. 1. 1.] (rgb)'
14.4003 	EXP 	displayPicture: image = '.\\resources\\key07.jpg'
14.4003 	EXP 	polygon_2: opacity = 1.0
14.4003 	EXP 	polygon_2: fillColor = '[1. 1. 1.] (rgb)'
14.4170 	EXP 	displayPicture: image = '.\\resources\\key07.jpg'
14.4170 	EXP 	polygon_2: opacity = 1.0
14.4170 	EXP 	polygon_2: fillColor = '[1. 1. 1.] (rgb)'
14.4337 	EXP 	displayPicture: image = '.\\resources\\totempole.jpg'
14.4337 	EXP 	polygon_2: opacity = 0.0
14.4337 	EXP 	polygon_2: fillColor = '[1. 1. 1.] (rgb)'
14.4503 	EXP 	displayPicture: image = '.\\resources\\totempole.jpg'
14.4503 	EXP 	polygon_2: opacity = 0.0
14.4503 	EXP 	polygon_2: fillColor = '[1. 1. 1.] (rgb)'
14.4670 	EXP 	displayPicture: image = '.\\resources\\totempole.jpg'
14.4670 	EXP 	polygon_2: opacity = 0.0
14.4670 	EXP 	polygon_2: fillColor = '[1. 1. 1.] (rgb)'
14.4836 	EXP 	displayPicture: image = '.\\resources\\totempole.jpg'
14.4836 	EXP 	polygon_2: opacity = 0.0
14.4836 	EXP 	polygon_2: fillColor = '[1. 1. 1.] (rgb)'
14.5003 	EXP 	displayPicture: image = '.\\resources\\totempole.jpg'
14.5003 	EXP 	polygon_2: opacity = 0.0
14.5003 	EXP 	polygon_2: fillColor = '[1. 1. 1.] (rgb)'
14.5170 	EXP 	displayPicture: image = '.\\resources\\totempole.jpg'
14.5170 	EXP 	polygon_2: opacity = 0.0
14.5170 	EXP 	polygon_2: fillColor = '[1. 1. 1.] (rgb)'
14.5336 	EXP 	displayPicture: image = '.\\resources\\totempole.jpg'
14.5336 	EXP 	polygon_2: opacity = 0.0
14.5336 	EXP 	polygon_2: fillColor = '[1. 1. 1.] (rgb)'
14.5503 	EXP 	displayPicture: image = '.\\resources\\totempole.jpg'
14.5503 	EXP 	polygon_2: opacity = 0.0
14.5503 	EXP 	polygon_2: fillColor = '[1. 1. 1.] (rgb)'
14.5669 	EXP 	displayPicture: image = '.\\resources\\totempole.jpg'
14.5669 	EXP 	polygon_2: opacity = 0.0
14.5669 	EXP 	polygon_2: fillColor = '[1. 1. 1.] (rgb)'
14.5836 	EXP 	displayPicture: image = '.\\resources\\totempole.jpg'
14.5836 	EXP 	polygon_2: opacity = 0.0
14.5836 	EXP 	polygon_2: fillColor = '[1. 1. 1.] (rgb)'
14.6003 	EXP 	displayPicture: image = '.\\resources\\totempole.jpg'
14.6003 	EXP 	polygon_2: opacity = 0.0
14.6003 	EXP 	polygon_2: fillColor = '[1. 1. 1.] (rgb)'
14.6170 	EXP 	displayPicture: image = '.\\resources\\totempole.jpg'
14.6170 	EXP 	polygon_2: opacity = 0.0
14.6170 	EXP 	polygon_2: fillColor = '[1. 1. 1.] (rgb)'
14.6336 	EXP 	displayPicture: image = '.\\resources\\totempole.jpg'
14.6336 	EXP 	polygon_2: opacity = 1.0
14.6336 	EXP 	polygon_2: fillColor = '[1. 1. 1.] (rgb)'
14.6503 	EXP 	displayPicture: image = '.\\resources\\totempole.jpg'
14.6503 	EXP 	polygon_2: opacity = 1.0
14.6503 	EXP 	polygon_2: fillColor = '[1. 1. 1.] (rgb)'
14.6670 	EXP 	displayPicture: image = '.\\resources\\totempole.jpg'
14.6670 	EXP 	polygon_2: opacity = 1.0
14.6670 	EXP 	polygon_2: fillColor = '[1. 1. 1.] (rgb)'
14.7003 	EXP 	displayPicture: image = '.\\resources\\totempole.jpg'
14.7003 	EXP 	polygon_2: opacity = 0.0
14.7003 	EXP 	polygon_2: fillColor = '[1. 1. 1.] (rgb)'
14.7003 	EXP 	displayPicture: autoDraw = False
14.7003 	EXP 	polygon_2: autoDraw = False
14.7003 	EXP 	option1_t1: image = '.\\resources\\kite.jpg'
14.7003 	EXP 	polygon_4: autoDraw = True
14.7003 	EXP 	option1_t1: autoDraw = True
15.6458 	DATA 	Keypress: left
15.6669 	EXP 	polygon_4: autoDraw = False
15.6669 	EXP 	option1_t1: autoDraw = False
15.6669 	EXP 	option1_t2: image = '.\\resources\\electricguitar01.jpg'
15.6669 	EXP 	polygon_5: autoDraw = True
15.6669 	EXP 	option1_t2: autoDraw = True
15.9551 	DATA 	Keypress: right
16.0002 	EXP 	polygon_5: autoDraw = False
16.0002 	EXP 	option1_t2: autoDraw = False
16.0002 	EXP 	feedbackText: text = '2/2 Correct'
16.0002 	EXP 	feedbackText: autoDraw = True
17.0002 	EXP 	feedbackText: autoDraw = False
17.0002 	EXP 	text: text = ''
17.0002 	EXP 	text: autoDraw = True
17.0002 	EXP 	text: autoDraw = False
17.0002 	EXP 	text_4: autoDraw = True
18.1998 	EXP 	Imported conditionAB_main.xlsx as conditions, 232 conditions, 9 params
18.2004 	EXP 	Created sequence: sequential, trialTypes=232, nReps=1, seed=None
18.2007 	EXP 	New trial (rep=0, index=0): OrderedDict([('trialType', 'AB'), ('cndTyp', 'lag6'), ('lag', 6), ('T1_loc', 5), ('T2_loc', 11), ('stimLen', 0.2), ('isi', 0.05), ('skipProb', 0.5), ('phase', 'ramp')])
18.2168 	DATA 	Keypress: space
18.2334 	EXP 	text_4: autoDraw = False
18.2334 	EXP 	option1_2: image = '.\\resources\\kite.jpg'
18.2334 	EXP 	option2_2: image = '.\\resources\\ear.jpg'
18.2334 	EXP 	option1_2: autoDraw = True
18.2334 	EXP 	option2_2: autoDraw = True
20.7169 	EXP 	text_5: autoDraw = True
20.9836 	EXP 	option1_2: autoDraw = False
20.9836 	EXP 	option2_2: autoDraw = False
21.1998 	EXP 	option1_2: autoDraw = False
21.1998 	EXP 	option2_2: autoDraw = False
21.1998 	EXP 	text_5: autoDraw = False
21.1998 	EXP 	displayPicture_2: autoDraw = True
21.1998 	EXP 	displayPicture_2: image = '.\\resources\\nosmokingsign.jpg'
21.1998 	EXP 	polygon_10: autoDraw = True
21.1998 	EXP 	polygon_10: opacity = 1.0
21.1998 	EXP 	polygon_10: fillColor = '[1. 1. 1.] (rgb)'
21.2169 	EXP 	displayPicture_2: image = '.\\resources\\xylophone.jpg'
21.2169 	EXP 	polygon_10: opacity = 0.0
21.2169 	EXP 	polygon_10: fillColor = '[1. 1. 1.] (rgb)'
21.2335 	EXP 	displayPicture_2: image = '.\\resources\\xylophone.jpg'
21.2335 	EXP 	polygon_10: opacity = 1.0
21.2335 	EXP 	polygon_10: fillColor = '[1. 1. 1.] (rgb)'
21.2502 	EXP 	displayPicture_2: image = '.\\resources\\drumstick.jpg'
21.2502 	EXP 	polygon_10: opacity = 0.0
21.2502 	EXP 	polygon_10: fillColor = '[1. 1. 1.] (rgb)'
21.2669 	EXP 	displayPicture_2: image = '.\\resources\\drumstick.jpg'
21.2669 	EXP 	polygon_10: opacity = 1.0
21.2669 	EXP 	polygon_10: fillColor = '[1. 1. 1.] (rgb)'
21.2836 	EXP 	displayPicture_2: image = '.\\resources\\nunchuk.jpg'
21.2836 	EXP 	polygon_10: opacity = 0.0
21.2836 	EXP 	polygon_10: fillColor = '[1. 1. 1.] (rgb)'
21.3002 	EXP 	displayPicture_2: image = '.\\resources\\nunchuk.jpg'
21.3002 	EXP 	polygon_10: opacity = 1.0
21.3002 	EXP 	polygon_10: fillColor = '[1. 1. 1.] (rgb)'
21.3169 	EXP 	displayPicture_2: image = '.\\resources\\kite.jpg'
21.3169 	EXP 	polygon_10: opacity = 0.0
21.3169 	EXP 	polygon_10: fillColor = '[1. 1. 1.] (rgb)'
21.3336 	EXP 	displayPicture_2: image = '.\\resources\\kite.jpg'
21.3336 	EXP 	polygon_10: opacity = 1.0
21.3336 	EXP 	polygon_10: fillColor = '[1. 1. 1.] (rgb)'
21.3502 	EXP 	displayPicture_2: image = '.\\resources\\dalmatian.jpg'
21.3502 	EXP 	polygon_10: opacity = 0.0
21.3502 	EXP 	polygon_10: fillColor = '[1. 1. 1.] (rgb)'
21.3669 	EXP 	displayPicture_2: image = '.\\resources\\dalmatian.jpg'
21.3669 	EXP 	polygon_10: opacity = 1.0
21.3669 	EXP 	polygon_10: fillColor = '[1. 1. 1.] (rgb)'
21.3836 	EXP 	displayPicture_2: image = '.\\resources\\rollerblade.jpg'
21.3836 	EXP 	polygon_10: opacity = 0.0
21.3836 	EXP 	polygon_10: fillColor = '[1. 1. 1.] (rgb)'
21.4002 	EXP 	displayPicture_2: image = '.\\resources\\rollerblade.jpg'
21.4002 	EXP 	polygon_10: opacity = 1.0
21.4002 	EXP 	polygon_10: fillColor = '[1. 1. 1.] (rgb)'
21.4169 	EXP 	displayPicture_2: image = '.\\resources\\rose.jpg'
21.4169 	EXP 	polygon_10: opacity = 0.0
21.4169 	EXP 	polygon_10: fillColor = '[1. 1. 1.] (rgb)'
21.4336 	EXP 	displayPicture_2: image = '.\\resources\\rose.jpg'
21.4336 	EXP 	polygon_10: opacity = 1.0
21.4336 	EXP 	polygon_10: fillColor = '[1. 1. 1.] (rgb)'
21.4502 	EXP 	displayPicture_2: image = '.\\resources\\candycane01a.jpg'
21.4502 	EXP 	polygon_10: opacity = 0.0
21.4502 	EXP 	polygon_10: fillColor = '[1. 1. 1.] (rgb)'
21.4669 	EXP 	displayPicture_2: image = '.\\resources\\candycane01a.jpg'
21.4669 	EXP 	polygon_10: opacity = 1.0
21.4669 	EXP 	polygon_10: fillColor = '[1. 1. 1.] (rgb)'
21.4835 	EXP 	displayPicture_2: image = '.\\resources\\polarbear.jpg'
21.4835 	EXP 	polygon_10: opacity = 0.0
21.4835 	EXP 	polygon_10: fillColor = '[1. 1. 1.] (rgb)'
21.5002 	EXP 	displayPicture_2: image = '.\\resources\\polarbear.jpg'
21.5002 	EXP 	polygon_10: opacity = 1.0
21.5002 	EXP 	polygon_10: fillColor = '[1. 1. 1.] (rgb)'
21.5169 	EXP 	displayPicture_2: image = '.\\resources\\ear.jpg'
21.5169 	EXP 	polygon_10: opacity = 0.0
21.5169 	EXP 	polygon_10: fillColor = '[1. 1. 1.] (rgb)'
21.5336 	EXP 	displayPicture_2: image = '.\\resources\\ear.jpg'
21.5336 	EXP 	polygon_10: opacity = 1.0
21.5336 	EXP 	polygon_10: fillColor = '[1. 1. 1.] (rgb)'
21.5502 	EXP 	displayPicture_2: image = '.\\resources\\witchhat.jpg'
21.5502 	EXP 	polygon_10: opacity = 0.0
21.5502 	EXP 	polygon_10: fillColor = '[1. 1. 1.] (rgb)'
21.5669 	EXP 	displayPicture_2: image = '.\\resources\\witchhat.jpg'
21.5669 	EXP 	polygon_10: opacity = 1.0
21.5669 	EXP 	polygon_10: fillColor = '[1. 1. 1.] (rgb)'
21.6003 	EXP 	displayPicture_2: image = '.\\resources\\jellyfish.jpg'
21.6003 	EXP 	polygon_10: opacity = 0.0
21.6003 	EXP 	polygon_10: fillColor = '[1. 1. 1.] (rgb)'
21.6169 	EXP 	displayPicture_2: image = '.\\resources\\jellyfish.jpg'
21.6169 	EXP 	polygon_10: opacity = 1.0
21.6169 	EXP 	polygon_10: fillColor = '[1. 1. 1.] (rgb)'
21.6336 	EXP 	displayPicture_2: image = '.\\resources\\pig.jpg'
21.6336 	EXP 	polygon_10: opacity = 0.0
21.6336 	EXP 	polygon_10: fillColor = '[1. 1. 1.] (rgb)'
21.6502 	EXP 	displayPicture_2: image = '.\\resources\\pig.jpg'
21.6502 	EXP 	polygon_10: opacity = 1.0
21.6502 	EXP 	polygon_10: fillColor = '[1. 1. 1.] (rgb)'
21.6836 	EXP 	displayPicture_2: image = '.\\resources\\pig.jpg'
21.6836 	EXP 	polygon_10: opacity = 0.0
21.6836 	EXP 	polygon_10: fillColor = '[1. 1. 1.] (rgb)'
21.6836 	EXP 	displayPicture_2: autoDraw = False
21.6836 	EXP 	polygon_10: autoDraw = False
21.6836 	EXP 	option1_t1_2: image = '.\\resources\\kite.jpg'
21.6836 	EXP 	polygon_7: autoDraw = True
21.6836 	EXP 	option1_t1_2: autoDraw = True
22.7628 	DATA 	Keypress: right
22.7831 	EXP 	polygon_7: autoDraw = False
22.7831 	EXP 	option1_t1_2: autoDraw = False
22.7831 	EXP 	option1_t2_2: image = '.\\resources\\ear.jpg'
22.7831 	EXP 	polygon_6: autoDraw = True
22.7831 	EXP 	option1_t2_2: autoDraw = True
23.0039 	DATA 	Keypress: left
23.0246 	EXP 	New trial (rep=0, index=1): OrderedDict([('trialType', 'AB'), ('cndTyp', 'lag4'), ('lag', 4), ('T1_loc', 4), ('T2_loc', 8), ('stimLen', 0.193334), ('isi', 0.046666667), ('skipProb', 0.48), ('phase', 'ramp')])
23.0497 	EXP 	polygon_6: autoDraw = False
23.0497 	EXP 	option1_t2_2: autoDraw = False
23.0497 	EXP 	text: text = ''
23.0497 	EXP 	text: autoDraw = True
23.0497 	EXP 	text: autoDraw = False
23.0497 	EXP 	option1_2: image = '.\\resources\\pig.jpg'
23.0497 	EXP 	option2_2: image = '.\\resources\\jeans01.jpg'
23.0497 	EXP 	option1_2: autoDraw = True
23.0497 	EXP 	option2_2: autoDraw = True
25.5333 	EXP 	text_5: autoDraw = True
25.7999 	EXP 	option1_2: autoDraw = False
25.7999 	EXP 	option2_2: autoDraw = False
26.0329 	EXP 	text_5: autoDraw = False
26.0329 	EXP 	option1_2: autoDraw = False
26.0329 	EXP 	option2_2: autoDraw = False
26.0329 	EXP 	text_5: autoDraw = False
26.0329 	EXP 	displayPicture_2: autoDraw = True
26.0329 	EXP 	displayPicture_2: image = '.\\resources\\electricguitar01.jpg'
26.0329 	EXP 	polygon_10: autoDraw = True
26.0329 	EXP 	polygon_10: opacity = 1.0
26.0329 	EXP 	polygon_10: fillColor = '[1. 1. 1.] (rgb)'
26.0499 	EXP 	displayPicture_2: image = '.\\resources\\witchhat.jpg'
26.0499 	EXP 	polygon_10: opacity = 0.0
26.0499 	EXP 	polygon_10: fillColor = '[1. 1. 1.] (rgb)'
26.0666 	EXP 	displayPicture_2: image = '.\\resources\\witchhat.jpg'
26.0666 	EXP 	polygon_10: opacity = 1.0
26.0666 	EXP 	polygon_10: fillColor = '[1. 1. 1.] (rgb)'
26.0832 	EXP 	displayPicture_2: image = '.\\resources\\armadillo.jpg'
26.0832 	EXP 	polygon_10: opacity = 0.0
26.0832 	EXP 	polygon_10: fillColor = '[1. 1. 1.] (rgb)'
26.0999 	EXP 	displayPicture_2: image = '.\\resources\\armadillo.jpg'
26.0999 	EXP 	polygon_10: opacity = 1.0
26.0999 	EXP 	polygon_10: fillColor = '[1. 1. 1.] (rgb)'
26.1166 	EXP 	displayPicture_2: image = '.\\resources\\pig.jpg'
26.1166 	EXP 	polygon_10: opacity = 0.0
26.1166 	EXP 	polygon_10: fillColor = '[1. 1. 1.] (rgb)'
26.1332 	EXP 	displayPicture_2: image = '.\\resources\\pig.jpg'
26.1332 	EXP 	polygon_10: opacity = 1.0
26.1332 	EXP 	polygon_10: fillColor = '[1. 1. 1.] (rgb)'
26.1499 	EXP 	displayPicture_2: image = '.\\resources\\candycane01a.jpg'
26.1499 	EXP 	polygon_10: opacity = 0.0
26.1499 	EXP 	polygon_10: fillColor = '[1. 1. 1.] (rgb)'
26.1666 	EXP 	displayPicture_2: image = '.\\resources\\candycane01a.jpg'
26.1666 	EXP 	polygon_10: opacity = 1.0
26.1666 	EXP 	polygon_10: fillColor = '[1. 1. 1.] (rgb)'
26.1832 	EXP 	displayPicture_2: image = '.\\resources\\xylophone.jpg'
26.1832 	EXP 	polygon_10: opacity = 0.0
26.1832 	EXP 	polygon_10: fillColor = '[1. 1. 1.] (rgb)'
26.1999 	EXP 	displayPicture_2: image = '.\\resources\\xylophone.jpg'
26.1999 	EXP 	polygon_10: opacity = 1.0
26.1999 	EXP 	polygon_10: fillColor = '[1. 1. 1.] (rgb)'
26.2166 	EXP 	displayPicture_2: image = '.\\resources\\recyclingbin.jpg'
26.2166 	EXP 	polygon_10: opacity = 0.0
26.2166 	EXP 	polygon_10: fillColor = '[1. 1. 1.] (rgb)'
26.2332 	EXP 	displayPicture_2: image = '.\\resources\\recyclingbin.jpg'
26.2332 	EXP 	polygon_10: opacity = 1.0
26.2332 	EXP 	polygon_10: fillColor = '[1. 1. 1.] (rgb)'
26.2499 	EXP 	displayPicture_2: image = '.\\resources\\kite.jpg'
26.2499 	EXP 	polygon_10: opacity = 0.0
26.2499 	EXP 	polygon_10: fillColor = '[1. 1. 1.] (rgb)'
26.2666 	EXP 	displayPicture_2: image = '.\\resources\\kite.jpg'
26.2666 	EXP 	polygon_10: opacity = 1.0
26.2666 	EXP 	polygon_10: fillColor = '[1. 1. 1.] (rgb)'
26.2833 	EXP 	displayPicture_2: image = '.\\resources\\cow.jpg'
26.2833 	EXP 	polygon_10: opacity = 0.0
26.2833 	EXP 	polygon_10: fillColor = '[1. 1. 1.] (rgb)'
26.2999 	EXP 	displayPicture_2: image = '.\\resources\\cow.jpg'
26.2999 	EXP 	polygon_10: opacity = 1.0
26.2999 	EXP 	polygon_10: fillColor = '[1. 1. 1.] (rgb)'
26.3165 	EXP 	displayPicture_2: image = '.\\resources\\nunchuk.jpg'
26.3165 	EXP 	polygon_10: opacity = 0.0
26.3165 	EXP 	polygon_10: fillColor = '[1. 1. 1.] (rgb)'
26.3332 	EXP 	displayPicture_2: image = '.\\resources\\nunchuk.jpg'
26.3332 	EXP 	polygon_10: opacity = 1.0
26.3332 	EXP 	polygon_10: fillColor = '[1. 1. 1.] (rgb)'
26.3495 	EXP 	displayPicture_2: image = '.\\resources\\jellyfish.jpg'
26.3495 	EXP 	polygon_10: opacity = 0.0
26.3495 	EXP 	polygon_10: fillColor = '[1. 1. 1.] (rgb)'
26.3662 	EXP 	displayPicture_2: image = '.\\resources\\jellyfish.jpg'
26.3662 	EXP 	polygon_10: opacity = 1.0
26.3662 	EXP 	polygon_10: fillColor = '[1. 1. 1.] (rgb)'
26.3828 	EXP 	displayPicture_2: image = '.\\resources\\jellyfish.jpg'
26.3828 	EXP 	polygon_10: opacity = 0.0
26.3828 	EXP 	polygon_10: fillColor = '[1. 1. 1.] (rgb)'
26.3828 	EXP 	displayPicture_2: autoDraw = False
26.3828 	EXP 	polygon_10: autoDraw = False
26.3828 	EXP 	option1_t1_2: image = '.\\resources\\pig.jpg'
26.3828 	EXP 	polygon_7: autoDraw = True
26.3828 	EXP 	option1_t1_2: autoDraw = True
27.3080 	DATA 	Keypress: left
27.3161 	EXP 	polygon_7: autoDraw = False
27.3161 	EXP 	option1_t1_2: autoDraw = False
27.3161 	EXP 	option1_t2_2: image = '.\\resources\\jeans01.jpg'
27.3161 	EXP 	polygon_6: autoDraw = True
27.3161 	EXP 	option1_t2_2: autoDraw = True
27.4885 	EXP 	New trial (rep=0, index=2): OrderedDict([('trialType', 'AB'), ('cndTyp', 'lag7'), ('lag', 7), ('T1_loc', 4), ('T2_loc', 11), ('stimLen', 0.186668), ('isi', 0.043333334), ('skipProb', 0.45999999999999996), ('phase', 'ramp')])
27.4944 	DATA 	Keypress: right
27.5162 	EXP 	polygon_6: autoDraw = False
27.5162 	EXP 	option1_t2_2: autoDraw = False
27.5162 	EXP 	text: text = ''
27.5162 	EXP 	text: autoDraw = True
27.5162 	EXP 	text: autoDraw = False
27.5162 	EXP 	option1_2: image = '.\\resources\\ear.jpg'
27.5162 	EXP 	option2_2: image = '.\\resources\\nunchuk.jpg'
27.5162 	EXP 	option1_2: autoDraw = True
27.5162 	EXP 	option2_2: autoDraw = True
27.7019 	DATA 	Keypress: escape
27.8598 	EXP 	window1: mouseVisible = True
