0.8015 	WARNING 	We strongly recommend you activate the PTB sound engine in PsychoPy prefs as the preferred audio engine. Its timing is vastly superior. Your prefs are currently set to use ['sounddevice', 'PTB', 'pyo', 'pygame'] (in that order).
3.8540 	WARNING 	User requested fullscreen with size [1024  768], but screen is actually [1920, 1080]. Using actual size
4.7406 	EXP 	Created window1 = Window(allowGUI=False, allowStencil=False, args=UNKNOWN, autoLog=True, bitsMode=UNKNOWN, blendMode='avg', bpc=(8, 8, 8), color=array([0., 0., 0.]), colorSpace='rgb', depthBits=8, fullscr=<method-wrapper '__getattribute__' of attributeSetter object at 0x0000012C07AEFB38>, gamma=None, gammaErrorPolicy='raise', kwargs=UNKNOWN, lms=UNKNOWN, monitor=<psychopy.monitors.calibTools.Monitor object at 0x0000012C0787F198>, multiSample=False, name='window1', numSamples=2, pos=[0.0, 0.0], screen=0, size=array([1920, 1080]), stencilBits=0, stereo=False, units='height', useFBO=True, useRetina=False, viewOri=0.0, viewPos=None, viewScale=None, waitBlanking=True, winType='pyglet')
4.7410 	EXP 	window1: mouseVisible = True
4.7411 	EXP 	window1: recordFrameIntervals = False
4.9069 	EXP 	window1: recordFrameIntervals = True
5.0904 	EXP 	window1: recordFrameIntervals = False
5.1672 	EXP 	Created polygon = Rect(__class__=<class 'psychopy.visual.rect.Rect'>, autoDraw=False, autoLog=True, closeShape=True, color=method-wrapper(...), colorSpace=None, contrast=1.0, depth=-3.0, fillColor=array([1., 0., 0.]), fillColorSpace='rgb', fillRGB=array([1., 0., 0.]), interpolate=True, lineColor=array([1., 1., 1.]), lineColorSpace='rgb', lineRGB=array([1., 1., 1.]), lineWidth=1, name='polygon', opacity=1.0, ori=array(0.), pos=array([0., 0.]), size=array([0.6, 0.6]), units='height', vertices=ndarray(...), win=Window(...))
5.1720 	EXP 	Created displayPicture = ImageStim(__class__=<class 'psychopy.visual.image.ImageStim'>, autoLog=True, color=array([1., 1., 1.]), colorSpace='rgb', contrast=1.0, depth=-4.0, flipHoriz=False, flipVert=False, image='sin', interpolate=True, mask=None, maskParams=None, name='displayPicture', opacity=1.0, ori=0.0, pos=array([0., 0.]), size=array([0.25, 0.25]), texRes=128, units='height', win=Window(...))
5.2242 	EXP 	Created text = TextStim(__class__=<class 'psychopy.visual.text.TextStim'>, alignHoriz=method-wrapper(...), alignText='center', alignVert=method-wrapper(...), anchorHoriz='center', anchorVert='center', antialias=True, autoLog=True, bold=False, color='white', colorSpace='named', contrast=1.0, depth=0.0, flipHoriz=False, flipVert=False, font='Arial', fontFiles=[], height=0.1, italic=False, languageStyle='LTR', name='text', opacity=1.0, ori=0, pos=array([0., 0.]), rgb=array([255., 255., 255.]), text='here we are between trials! ', units='height', win=Window(...), wrapWidth=1)
5.2268 	EXP 	Created option1_t1 = ImageStim(__class__=<class 'psychopy.visual.image.ImageStim'>, autoLog=True, color=array([1., 1., 1.]), colorSpace='rgb', contrast=1.0, depth=-2.0, flipHoriz=False, flipVert=False, image='sin', interpolate=True, mask=None, maskParams=None, name='option1_t1', opacity=1.0, ori=0.0, pos=array([-0.3,  0. ]), size=array([0.25, 0.25]), texRes=128, units='height', win=Window(...))
5.2293 	EXP 	Created option2_t1 = ImageStim(__class__=<class 'psychopy.visual.image.ImageStim'>, autoLog=True, color=array([1., 1., 1.]), colorSpace='rgb', contrast=1.0, depth=-3.0, flipHoriz=False, flipVert=False, image='sin', interpolate=True, mask=None, maskParams=None, name='option2_t1', opacity=1.0, ori=0.0, pos=array([0.3, 0. ]), size=array([0.25, 0.25]), texRes=128, units='height', win=Window(...))
5.2948 	EXP 	Imported conditionAB.xlsx as conditions, 360 conditions, 9 params
5.2957 	EXP 	Created sequence: random, trialTypes=360, nReps=1, seed=None
5.2961 	EXP 	New trial (rep=0, index=0): OrderedDict([('trialType', 'AB'), ('cndTyp', 'gap120'), ('lag', 2), ('T1_loc', 4), ('gap', 0.12), ('T2_loc', 6), ('primePos', 103), ('stimLen', 0.4), ('isi', 0.04)])
5.3876 	EXP 	polygon: autoDraw = True
5.3876 	EXP 	polygon: opacity = 0.0
5.3876 	EXP 	displayPicture: autoDraw = True
5.3876 	EXP 	displayPicture: image = 'C:\\Users\\Employee\\Google Drive\\UP\\MyResearch\\TaskProgramming\\AB_pic\\resources\\turnstile.jpg'
5.4070 	EXP 	polygon: opacity = 0.0
5.4070 	EXP 	displayPicture: image = 'C:\\Users\\Employee\\Google Drive\\UP\\MyResearch\\TaskProgramming\\AB_pic\\resources\\turnstile.jpg'
5.4235 	EXP 	polygon: opacity = 0.0
5.4235 	EXP 	displayPicture: image = 'C:\\Users\\Employee\\Google Drive\\UP\\MyResearch\\TaskProgramming\\AB_pic\\resources\\turnstile.jpg'
5.4402 	EXP 	polygon: opacity = 0.0
5.4402 	EXP 	displayPicture: image = 'C:\\Users\\Employee\\Google Drive\\UP\\MyResearch\\TaskProgramming\\AB_pic\\resources\\turnstile.jpg'
5.4568 	EXP 	polygon: opacity = 0.0
5.4568 	EXP 	displayPicture: image = 'C:\\Users\\Employee\\Google Drive\\UP\\MyResearch\\TaskProgramming\\AB_pic\\resources\\turnstile.jpg'
5.4735 	EXP 	polygon: opacity = 0.0
5.4735 	EXP 	displayPicture: image = 'C:\\Users\\Employee\\Google Drive\\UP\\MyResearch\\TaskProgramming\\AB_pic\\resources\\turnstile.jpg'
5.4902 	EXP 	polygon: opacity = 0.0
5.4902 	EXP 	displayPicture: image = 'C:\\Users\\Employee\\Google Drive\\UP\\MyResearch\\TaskProgramming\\AB_pic\\resources\\turnstile.jpg'
5.5068 	EXP 	polygon: opacity = 0.0
5.5068 	EXP 	displayPicture: image = 'C:\\Users\\Employee\\Google Drive\\UP\\MyResearch\\TaskProgramming\\AB_pic\\resources\\turnstile.jpg'
5.5235 	EXP 	polygon: opacity = 0.0
5.5235 	EXP 	displayPicture: image = 'C:\\Users\\Employee\\Google Drive\\UP\\MyResearch\\TaskProgramming\\AB_pic\\resources\\turnstile.jpg'
5.5571 	EXP 	polygon: opacity = 0.0
5.5571 	EXP 	displayPicture: image = 'C:\\Users\\Employee\\Google Drive\\UP\\MyResearch\\TaskProgramming\\AB_pic\\resources\\turnstile.jpg'
5.5735 	EXP 	polygon: opacity = 0.0
5.5735 	EXP 	displayPicture: image = 'C:\\Users\\Employee\\Google Drive\\UP\\MyResearch\\TaskProgramming\\AB_pic\\resources\\turnstile.jpg'
5.5902 	EXP 	polygon: opacity = 0.0
5.5902 	EXP 	displayPicture: image = 'C:\\Users\\Employee\\Google Drive\\UP\\MyResearch\\TaskProgramming\\AB_pic\\resources\\turnstile.jpg'
5.6068 	EXP 	polygon: opacity = 0.0
5.6068 	EXP 	displayPicture: image = 'C:\\Users\\Employee\\Google Drive\\UP\\MyResearch\\TaskProgramming\\AB_pic\\resources\\turnstile.jpg'
5.6235 	EXP 	polygon: opacity = 0.0
5.6235 	EXP 	displayPicture: image = 'C:\\Users\\Employee\\Google Drive\\UP\\MyResearch\\TaskProgramming\\AB_pic\\resources\\turnstile.jpg'
5.6401 	EXP 	polygon: opacity = 0.0
5.6401 	EXP 	displayPicture: image = 'C:\\Users\\Employee\\Google Drive\\UP\\MyResearch\\TaskProgramming\\AB_pic\\resources\\turnstile.jpg'
5.6568 	EXP 	polygon: opacity = 0.0
5.6568 	EXP 	displayPicture: image = 'C:\\Users\\Employee\\Google Drive\\UP\\MyResearch\\TaskProgramming\\AB_pic\\resources\\turnstile.jpg'
5.6735 	EXP 	polygon: opacity = 0.0
5.6735 	EXP 	displayPicture: image = 'C:\\Users\\Employee\\Google Drive\\UP\\MyResearch\\TaskProgramming\\AB_pic\\resources\\turnstile.jpg'
5.6904 	EXP 	polygon: opacity = 0.0
5.6904 	EXP 	displayPicture: image = 'C:\\Users\\Employee\\Google Drive\\UP\\MyResearch\\TaskProgramming\\AB_pic\\resources\\turnstile.jpg'
5.7068 	EXP 	polygon: opacity = 0.0
5.7068 	EXP 	displayPicture: image = 'C:\\Users\\Employee\\Google Drive\\UP\\MyResearch\\TaskProgramming\\AB_pic\\resources\\discoball.jpg'
5.7235 	EXP 	polygon: opacity = 0.0
5.7235 	EXP 	displayPicture: image = 'C:\\Users\\Employee\\Google Drive\\UP\\MyResearch\\TaskProgramming\\AB_pic\\resources\\discoball.jpg'
5.7402 	EXP 	polygon: opacity = 0.0
5.7402 	EXP 	displayPicture: image = 'C:\\Users\\Employee\\Google Drive\\UP\\MyResearch\\TaskProgramming\\AB_pic\\resources\\discoball.jpg'
5.7568 	EXP 	polygon: opacity = 0.0
5.7568 	EXP 	displayPicture: image = 'C:\\Users\\Employee\\Google Drive\\UP\\MyResearch\\TaskProgramming\\AB_pic\\resources\\discoball.jpg'
5.7735 	EXP 	polygon: opacity = 0.0
5.7735 	EXP 	displayPicture: image = 'C:\\Users\\Employee\\Google Drive\\UP\\MyResearch\\TaskProgramming\\AB_pic\\resources\\discoball.jpg'
5.7901 	EXP 	polygon: opacity = 0.0
5.7901 	EXP 	displayPicture: image = 'C:\\Users\\Employee\\Google Drive\\UP\\MyResearch\\TaskProgramming\\AB_pic\\resources\\discoball.jpg'
5.8069 	EXP 	polygon: opacity = 0.0
5.8069 	EXP 	displayPicture: image = 'C:\\Users\\Employee\\Google Drive\\UP\\MyResearch\\TaskProgramming\\AB_pic\\resources\\discoball.jpg'
5.8402 	EXP 	polygon: opacity = 0.0
5.8402 	EXP 	displayPicture: image = 'C:\\Users\\Employee\\Google Drive\\UP\\MyResearch\\TaskProgramming\\AB_pic\\resources\\discoball.jpg'
5.8568 	EXP 	polygon: opacity = 0.0
5.8568 	EXP 	displayPicture: image = 'C:\\Users\\Employee\\Google Drive\\UP\\MyResearch\\TaskProgramming\\AB_pic\\resources\\discoball.jpg'
5.8735 	EXP 	polygon: opacity = 0.0
5.8735 	EXP 	displayPicture: image = 'C:\\Users\\Employee\\Google Drive\\UP\\MyResearch\\TaskProgramming\\AB_pic\\resources\\discoball.jpg'
5.8901 	EXP 	polygon: opacity = 0.0
5.8901 	EXP 	displayPicture: image = 'C:\\Users\\Employee\\Google Drive\\UP\\MyResearch\\TaskProgramming\\AB_pic\\resources\\discoball.jpg'
5.9068 	EXP 	polygon: opacity = 0.0
5.9068 	EXP 	displayPicture: image = 'C:\\Users\\Employee\\Google Drive\\UP\\MyResearch\\TaskProgramming\\AB_pic\\resources\\discoball.jpg'
5.9234 	EXP 	polygon: opacity = 0.0
5.9234 	EXP 	displayPicture: image = 'C:\\Users\\Employee\\Google Drive\\UP\\MyResearch\\TaskProgramming\\AB_pic\\resources\\discoball.jpg'
5.9401 	EXP 	polygon: opacity = 0.0
5.9401 	EXP 	displayPicture: image = 'C:\\Users\\Employee\\Google Drive\\UP\\MyResearch\\TaskProgramming\\AB_pic\\resources\\discoball.jpg'
5.9567 	EXP 	polygon: opacity = 0.0
5.9567 	EXP 	displayPicture: image = 'C:\\Users\\Employee\\Google Drive\\UP\\MyResearch\\TaskProgramming\\AB_pic\\resources\\discoball.jpg'
5.9734 	EXP 	polygon: opacity = 0.0
5.9734 	EXP 	displayPicture: image = 'C:\\Users\\Employee\\Google Drive\\UP\\MyResearch\\TaskProgramming\\AB_pic\\resources\\discoball.jpg'
5.9901 	EXP 	polygon: opacity = 0.0
5.9901 	EXP 	displayPicture: image = 'C:\\Users\\Employee\\Google Drive\\UP\\MyResearch\\TaskProgramming\\AB_pic\\resources\\discoball.jpg'
6.0068 	EXP 	polygon: opacity = 0.0
6.0068 	EXP 	displayPicture: image = 'C:\\Users\\Employee\\Google Drive\\UP\\MyResearch\\TaskProgramming\\AB_pic\\resources\\discoball.jpg'
6.0235 	EXP 	polygon: opacity = 0.0
6.0235 	EXP 	displayPicture: image = 'C:\\Users\\Employee\\Google Drive\\UP\\MyResearch\\TaskProgramming\\AB_pic\\resources\\discoball.jpg'
6.0401 	EXP 	polygon: opacity = 0.0
6.0401 	EXP 	displayPicture: image = 'C:\\Users\\Employee\\Google Drive\\UP\\MyResearch\\TaskProgramming\\AB_pic\\resources\\discoball.jpg'
6.0568 	EXP 	polygon: opacity = 0.0
6.0568 	EXP 	displayPicture: image = 'C:\\Users\\Employee\\Google Drive\\UP\\MyResearch\\TaskProgramming\\AB_pic\\resources\\discoball.jpg'
6.0735 	EXP 	polygon: opacity = 0.0
6.0735 	EXP 	displayPicture: image = 'C:\\Users\\Employee\\Google Drive\\UP\\MyResearch\\TaskProgramming\\AB_pic\\resources\\discoball.jpg'
6.0901 	EXP 	polygon: opacity = 0.0
6.0901 	EXP 	displayPicture: image = 'C:\\Users\\Employee\\Google Drive\\UP\\MyResearch\\TaskProgramming\\AB_pic\\resources\\discoball.jpg'
6.1068 	EXP 	polygon: opacity = 0.0
6.1068 	EXP 	displayPicture: image = 'C:\\Users\\Employee\\Google Drive\\UP\\MyResearch\\TaskProgramming\\AB_pic\\resources\\cobra.jpg'
6.1235 	EXP 	polygon: opacity = 0.0
6.1235 	EXP 	displayPicture: image = 'C:\\Users\\Employee\\Google Drive\\UP\\MyResearch\\TaskProgramming\\AB_pic\\resources\\cobra.jpg'
6.1401 	EXP 	polygon: opacity = 0.0
6.1401 	EXP 	displayPicture: image = 'C:\\Users\\Employee\\Google Drive\\UP\\MyResearch\\TaskProgramming\\AB_pic\\resources\\cobra.jpg'
6.1568 	EXP 	polygon: opacity = 0.0
6.1568 	EXP 	displayPicture: image = 'C:\\Users\\Employee\\Google Drive\\UP\\MyResearch\\TaskProgramming\\AB_pic\\resources\\cobra.jpg'
6.1734 	EXP 	polygon: opacity = 0.0
6.1734 	EXP 	displayPicture: image = 'C:\\Users\\Employee\\Google Drive\\UP\\MyResearch\\TaskProgramming\\AB_pic\\resources\\cobra.jpg'
6.1901 	EXP 	polygon: opacity = 0.0
6.1901 	EXP 	displayPicture: image = 'C:\\Users\\Employee\\Google Drive\\UP\\MyResearch\\TaskProgramming\\AB_pic\\resources\\cobra.jpg'
6.2068 	EXP 	polygon: opacity = 0.0
6.2068 	EXP 	displayPicture: image = 'C:\\Users\\Employee\\Google Drive\\UP\\MyResearch\\TaskProgramming\\AB_pic\\resources\\cobra.jpg'
6.2235 	EXP 	polygon: opacity = 0.0
6.2235 	EXP 	displayPicture: image = 'C:\\Users\\Employee\\Google Drive\\UP\\MyResearch\\TaskProgramming\\AB_pic\\resources\\cobra.jpg'
6.2401 	EXP 	polygon: opacity = 0.0
6.2401 	EXP 	displayPicture: image = 'C:\\Users\\Employee\\Google Drive\\UP\\MyResearch\\TaskProgramming\\AB_pic\\resources\\cobra.jpg'
6.2568 	EXP 	polygon: opacity = 0.0
6.2568 	EXP 	displayPicture: image = 'C:\\Users\\Employee\\Google Drive\\UP\\MyResearch\\TaskProgramming\\AB_pic\\resources\\cobra.jpg'
6.2735 	EXP 	polygon: opacity = 0.0
6.2735 	EXP 	displayPicture: image = 'C:\\Users\\Employee\\Google Drive\\UP\\MyResearch\\TaskProgramming\\AB_pic\\resources\\cobra.jpg'
6.2901 	EXP 	polygon: opacity = 0.0
6.2901 	EXP 	displayPicture: image = 'C:\\Users\\Employee\\Google Drive\\UP\\MyResearch\\TaskProgramming\\AB_pic\\resources\\cobra.jpg'
6.3068 	EXP 	polygon: opacity = 0.0
6.3068 	EXP 	displayPicture: image = 'C:\\Users\\Employee\\Google Drive\\UP\\MyResearch\\TaskProgramming\\AB_pic\\resources\\cobra.jpg'
6.3235 	EXP 	polygon: opacity = 0.0
6.3235 	EXP 	displayPicture: image = 'C:\\Users\\Employee\\Google Drive\\UP\\MyResearch\\TaskProgramming\\AB_pic\\resources\\cobra.jpg'
6.3401 	EXP 	polygon: opacity = 0.0
6.3401 	EXP 	displayPicture: image = 'C:\\Users\\Employee\\Google Drive\\UP\\MyResearch\\TaskProgramming\\AB_pic\\resources\\cobra.jpg'
6.3568 	EXP 	polygon: opacity = 0.0
6.3568 	EXP 	displayPicture: image = 'C:\\Users\\Employee\\Google Drive\\UP\\MyResearch\\TaskProgramming\\AB_pic\\resources\\cobra.jpg'
6.3734 	EXP 	polygon: opacity = 0.0
6.3734 	EXP 	displayPicture: image = 'C:\\Users\\Employee\\Google Drive\\UP\\MyResearch\\TaskProgramming\\AB_pic\\resources\\cobra.jpg'
6.3901 	EXP 	polygon: opacity = 0.0
6.3901 	EXP 	displayPicture: image = 'C:\\Users\\Employee\\Google Drive\\UP\\MyResearch\\TaskProgramming\\AB_pic\\resources\\cobra.jpg'
6.4068 	EXP 	polygon: opacity = 0.0
6.4068 	EXP 	displayPicture: image = 'C:\\Users\\Employee\\Google Drive\\UP\\MyResearch\\TaskProgramming\\AB_pic\\resources\\cobra.jpg'
6.4234 	EXP 	polygon: opacity = 0.0
6.4234 	EXP 	displayPicture: image = 'C:\\Users\\Employee\\Google Drive\\UP\\MyResearch\\TaskProgramming\\AB_pic\\resources\\cobra.jpg'
6.4401 	EXP 	polygon: opacity = 0.0
6.4401 	EXP 	displayPicture: image = 'C:\\Users\\Employee\\Google Drive\\UP\\MyResearch\\TaskProgramming\\AB_pic\\resources\\cobra.jpg'
6.4568 	EXP 	polygon: opacity = 0.0
6.4568 	EXP 	displayPicture: image = 'C:\\Users\\Employee\\Google Drive\\UP\\MyResearch\\TaskProgramming\\AB_pic\\resources\\cobra.jpg'
6.4735 	EXP 	polygon: opacity = 0.0
6.4735 	EXP 	displayPicture: image = 'C:\\Users\\Employee\\Google Drive\\UP\\MyResearch\\TaskProgramming\\AB_pic\\resources\\cobra.jpg'
6.4901 	EXP 	polygon: opacity = 0.0
6.4901 	EXP 	displayPicture: image = 'C:\\Users\\Employee\\Google Drive\\UP\\MyResearch\\TaskProgramming\\AB_pic\\resources\\cobra.jpg'
6.5068 	EXP 	polygon: opacity = 1.0
6.5068 	EXP 	displayPicture: image = 'C:\\Users\\Employee\\Google Drive\\UP\\MyResearch\\TaskProgramming\\AB_pic\\resources\\mummy.jpg'
6.5235 	EXP 	polygon: opacity = 1.0
6.5235 	EXP 	displayPicture: image = 'C:\\Users\\Employee\\Google Drive\\UP\\MyResearch\\TaskProgramming\\AB_pic\\resources\\mummy.jpg'
6.5401 	EXP 	polygon: opacity = 1.0
6.5401 	EXP 	displayPicture: image = 'C:\\Users\\Employee\\Google Drive\\UP\\MyResearch\\TaskProgramming\\AB_pic\\resources\\mummy.jpg'
6.5568 	EXP 	polygon: opacity = 1.0
6.5568 	EXP 	displayPicture: image = 'C:\\Users\\Employee\\Google Drive\\UP\\MyResearch\\TaskProgramming\\AB_pic\\resources\\mummy.jpg'
6.5734 	EXP 	polygon: opacity = 1.0
6.5734 	EXP 	displayPicture: image = 'C:\\Users\\Employee\\Google Drive\\UP\\MyResearch\\TaskProgramming\\AB_pic\\resources\\mummy.jpg'
6.5901 	EXP 	polygon: opacity = 1.0
6.5901 	EXP 	displayPicture: image = 'C:\\Users\\Employee\\Google Drive\\UP\\MyResearch\\TaskProgramming\\AB_pic\\resources\\mummy.jpg'
6.6068 	EXP 	polygon: opacity = 1.0
6.6068 	EXP 	displayPicture: image = 'C:\\Users\\Employee\\Google Drive\\UP\\MyResearch\\TaskProgramming\\AB_pic\\resources\\mummy.jpg'
6.6234 	EXP 	polygon: opacity = 1.0
6.6234 	EXP 	displayPicture: image = 'C:\\Users\\Employee\\Google Drive\\UP\\MyResearch\\TaskProgramming\\AB_pic\\resources\\mummy.jpg'
6.6401 	EXP 	polygon: opacity = 1.0
6.6401 	EXP 	displayPicture: image = 'C:\\Users\\Employee\\Google Drive\\UP\\MyResearch\\TaskProgramming\\AB_pic\\resources\\mummy.jpg'
6.6568 	EXP 	polygon: opacity = 1.0
6.6568 	EXP 	displayPicture: image = 'C:\\Users\\Employee\\Google Drive\\UP\\MyResearch\\TaskProgramming\\AB_pic\\resources\\mummy.jpg'
6.6734 	EXP 	polygon: opacity = 1.0
6.6734 	EXP 	displayPicture: image = 'C:\\Users\\Employee\\Google Drive\\UP\\MyResearch\\TaskProgramming\\AB_pic\\resources\\mummy.jpg'
6.6901 	EXP 	polygon: opacity = 1.0
6.6901 	EXP 	displayPicture: image = 'C:\\Users\\Employee\\Google Drive\\UP\\MyResearch\\TaskProgramming\\AB_pic\\resources\\mummy.jpg'
6.7068 	EXP 	polygon: opacity = 1.0
6.7068 	EXP 	displayPicture: image = 'C:\\Users\\Employee\\Google Drive\\UP\\MyResearch\\TaskProgramming\\AB_pic\\resources\\mummy.jpg'
6.7234 	EXP 	polygon: opacity = 1.0
6.7234 	EXP 	displayPicture: image = 'C:\\Users\\Employee\\Google Drive\\UP\\MyResearch\\TaskProgramming\\AB_pic\\resources\\mummy.jpg'
6.7397 	EXP 	polygon: opacity = 1.0
6.7397 	EXP 	displayPicture: image = 'C:\\Users\\Employee\\Google Drive\\UP\\MyResearch\\TaskProgramming\\AB_pic\\resources\\mummy.jpg'
6.7564 	EXP 	polygon: opacity = 1.0
6.7564 	EXP 	displayPicture: image = 'C:\\Users\\Employee\\Google Drive\\UP\\MyResearch\\TaskProgramming\\AB_pic\\resources\\mummy.jpg'
6.7731 	EXP 	polygon: opacity = 1.0
6.7731 	EXP 	displayPicture: image = 'C:\\Users\\Employee\\Google Drive\\UP\\MyResearch\\TaskProgramming\\AB_pic\\resources\\mummy.jpg'
6.7897 	EXP 	polygon: opacity = 1.0
6.7897 	EXP 	displayPicture: image = 'C:\\Users\\Employee\\Google Drive\\UP\\MyResearch\\TaskProgramming\\AB_pic\\resources\\mummy.jpg'
6.8064 	EXP 	polygon: opacity = 1.0
6.8064 	EXP 	displayPicture: image = 'C:\\Users\\Employee\\Google Drive\\UP\\MyResearch\\TaskProgramming\\AB_pic\\resources\\mummy.jpg'
6.8231 	EXP 	polygon: opacity = 1.0
6.8231 	EXP 	displayPicture: image = 'C:\\Users\\Employee\\Google Drive\\UP\\MyResearch\\TaskProgramming\\AB_pic\\resources\\mummy.jpg'
6.8397 	EXP 	polygon: opacity = 1.0
6.8397 	EXP 	displayPicture: image = 'C:\\Users\\Employee\\Google Drive\\UP\\MyResearch\\TaskProgramming\\AB_pic\\resources\\mummy.jpg'
6.8564 	EXP 	polygon: opacity = 1.0
6.8564 	EXP 	displayPicture: image = 'C:\\Users\\Employee\\Google Drive\\UP\\MyResearch\\TaskProgramming\\AB_pic\\resources\\mummy.jpg'
6.8731 	EXP 	polygon: opacity = 1.0
6.8731 	EXP 	displayPicture: image = 'C:\\Users\\Employee\\Google Drive\\UP\\MyResearch\\TaskProgramming\\AB_pic\\resources\\mummy.jpg'
6.8897 	EXP 	polygon: opacity = 1.0
6.8897 	EXP 	displayPicture: image = 'C:\\Users\\Employee\\Google Drive\\UP\\MyResearch\\TaskProgramming\\AB_pic\\resources\\mummy.jpg'
6.9066 	EXP 	polygon: opacity = 0.0
6.9066 	EXP 	displayPicture: image = 'C:\\Users\\Employee\\Google Drive\\UP\\MyResearch\\TaskProgramming\\AB_pic\\resources\\well.jpg'
6.9231 	EXP 	polygon: opacity = 0.0
6.9231 	EXP 	displayPicture: image = 'C:\\Users\\Employee\\Google Drive\\UP\\MyResearch\\TaskProgramming\\AB_pic\\resources\\well.jpg'
6.9397 	EXP 	polygon: opacity = 0.0
6.9397 	EXP 	displayPicture: image = 'C:\\Users\\Employee\\Google Drive\\UP\\MyResearch\\TaskProgramming\\AB_pic\\resources\\well.jpg'
6.9564 	EXP 	polygon: opacity = 0.0
6.9564 	EXP 	displayPicture: image = 'C:\\Users\\Employee\\Google Drive\\UP\\MyResearch\\TaskProgramming\\AB_pic\\resources\\well.jpg'
6.9730 	EXP 	polygon: opacity = 0.0
6.9730 	EXP 	displayPicture: image = 'C:\\Users\\Employee\\Google Drive\\UP\\MyResearch\\TaskProgramming\\AB_pic\\resources\\well.jpg'
6.9897 	EXP 	polygon: opacity = 0.0
6.9897 	EXP 	displayPicture: image = 'C:\\Users\\Employee\\Google Drive\\UP\\MyResearch\\TaskProgramming\\AB_pic\\resources\\well.jpg'
7.0064 	EXP 	polygon: opacity = 0.0
7.0064 	EXP 	displayPicture: image = 'C:\\Users\\Employee\\Google Drive\\UP\\MyResearch\\TaskProgramming\\AB_pic\\resources\\well.jpg'
7.0230 	EXP 	polygon: opacity = 0.0
7.0230 	EXP 	displayPicture: image = 'C:\\Users\\Employee\\Google Drive\\UP\\MyResearch\\TaskProgramming\\AB_pic\\resources\\well.jpg'
7.0397 	EXP 	polygon: opacity = 0.0
7.0397 	EXP 	displayPicture: image = 'C:\\Users\\Employee\\Google Drive\\UP\\MyResearch\\TaskProgramming\\AB_pic\\resources\\well.jpg'
7.0564 	EXP 	polygon: opacity = 0.0
7.0564 	EXP 	displayPicture: image = 'C:\\Users\\Employee\\Google Drive\\UP\\MyResearch\\TaskProgramming\\AB_pic\\resources\\well.jpg'
7.0730 	EXP 	polygon: opacity = 0.0
7.0730 	EXP 	displayPicture: image = 'C:\\Users\\Employee\\Google Drive\\UP\\MyResearch\\TaskProgramming\\AB_pic\\resources\\well.jpg'
7.0897 	EXP 	polygon: opacity = 0.0
7.0897 	EXP 	displayPicture: image = 'C:\\Users\\Employee\\Google Drive\\UP\\MyResearch\\TaskProgramming\\AB_pic\\resources\\well.jpg'
7.1064 	EXP 	polygon: opacity = 0.0
7.1064 	EXP 	displayPicture: image = 'C:\\Users\\Employee\\Google Drive\\UP\\MyResearch\\TaskProgramming\\AB_pic\\resources\\well.jpg'
7.1230 	EXP 	polygon: opacity = 0.0
7.1230 	EXP 	displayPicture: image = 'C:\\Users\\Employee\\Google Drive\\UP\\MyResearch\\TaskProgramming\\AB_pic\\resources\\well.jpg'
7.1397 	EXP 	polygon: opacity = 0.0
7.1397 	EXP 	displayPicture: image = 'C:\\Users\\Employee\\Google Drive\\UP\\MyResearch\\TaskProgramming\\AB_pic\\resources\\well.jpg'
7.1564 	EXP 	polygon: opacity = 0.0
7.1564 	EXP 	displayPicture: image = 'C:\\Users\\Employee\\Google Drive\\UP\\MyResearch\\TaskProgramming\\AB_pic\\resources\\well.jpg'
7.1730 	EXP 	polygon: opacity = 0.0
7.1730 	EXP 	displayPicture: image = 'C:\\Users\\Employee\\Google Drive\\UP\\MyResearch\\TaskProgramming\\AB_pic\\resources\\well.jpg'
7.1897 	EXP 	polygon: opacity = 0.0
7.1897 	EXP 	displayPicture: image = 'C:\\Users\\Employee\\Google Drive\\UP\\MyResearch\\TaskProgramming\\AB_pic\\resources\\well.jpg'
7.2064 	EXP 	polygon: opacity = 0.0
7.2064 	EXP 	displayPicture: image = 'C:\\Users\\Employee\\Google Drive\\UP\\MyResearch\\TaskProgramming\\AB_pic\\resources\\well.jpg'
7.2230 	EXP 	polygon: opacity = 0.0
7.2230 	EXP 	displayPicture: image = 'C:\\Users\\Employee\\Google Drive\\UP\\MyResearch\\TaskProgramming\\AB_pic\\resources\\well.jpg'
7.2397 	EXP 	polygon: opacity = 0.0
7.2397 	EXP 	displayPicture: image = 'C:\\Users\\Employee\\Google Drive\\UP\\MyResearch\\TaskProgramming\\AB_pic\\resources\\well.jpg'
7.2564 	EXP 	polygon: opacity = 0.0
7.2564 	EXP 	displayPicture: image = 'C:\\Users\\Employee\\Google Drive\\UP\\MyResearch\\TaskProgramming\\AB_pic\\resources\\well.jpg'
7.2730 	EXP 	polygon: opacity = 0.0
7.2730 	EXP 	displayPicture: image = 'C:\\Users\\Employee\\Google Drive\\UP\\MyResearch\\TaskProgramming\\AB_pic\\resources\\well.jpg'
7.2897 	EXP 	polygon: opacity = 0.0
7.2897 	EXP 	displayPicture: image = 'C:\\Users\\Employee\\Google Drive\\UP\\MyResearch\\TaskProgramming\\AB_pic\\resources\\well.jpg'
7.3064 	EXP 	polygon: opacity = 0.0
7.3064 	EXP 	displayPicture: image = 'C:\\Users\\Employee\\Google Drive\\UP\\MyResearch\\TaskProgramming\\AB_pic\\resources\\tarantula.jpg'
7.3230 	EXP 	polygon: opacity = 0.0
7.3230 	EXP 	displayPicture: image = 'C:\\Users\\Employee\\Google Drive\\UP\\MyResearch\\TaskProgramming\\AB_pic\\resources\\tarantula.jpg'
7.3397 	EXP 	polygon: opacity = 0.0
7.3397 	EXP 	displayPicture: image = 'C:\\Users\\Employee\\Google Drive\\UP\\MyResearch\\TaskProgramming\\AB_pic\\resources\\tarantula.jpg'
7.3564 	EXP 	polygon: opacity = 0.0
7.3564 	EXP 	displayPicture: image = 'C:\\Users\\Employee\\Google Drive\\UP\\MyResearch\\TaskProgramming\\AB_pic\\resources\\tarantula.jpg'
7.3730 	EXP 	polygon: opacity = 0.0
7.3730 	EXP 	displayPicture: image = 'C:\\Users\\Employee\\Google Drive\\UP\\MyResearch\\TaskProgramming\\AB_pic\\resources\\tarantula.jpg'
7.3897 	EXP 	polygon: opacity = 0.0
7.3897 	EXP 	displayPicture: image = 'C:\\Users\\Employee\\Google Drive\\UP\\MyResearch\\TaskProgramming\\AB_pic\\resources\\tarantula.jpg'
7.4064 	EXP 	polygon: opacity = 0.0
7.4064 	EXP 	displayPicture: image = 'C:\\Users\\Employee\\Google Drive\\UP\\MyResearch\\TaskProgramming\\AB_pic\\resources\\tarantula.jpg'
7.4230 	EXP 	polygon: opacity = 0.0
7.4230 	EXP 	displayPicture: image = 'C:\\Users\\Employee\\Google Drive\\UP\\MyResearch\\TaskProgramming\\AB_pic\\resources\\tarantula.jpg'
7.4397 	EXP 	polygon: opacity = 0.0
7.4397 	EXP 	displayPicture: image = 'C:\\Users\\Employee\\Google Drive\\UP\\MyResearch\\TaskProgramming\\AB_pic\\resources\\tarantula.jpg'
7.4564 	EXP 	polygon: opacity = 0.0
7.4564 	EXP 	displayPicture: image = 'C:\\Users\\Employee\\Google Drive\\UP\\MyResearch\\TaskProgramming\\AB_pic\\resources\\tarantula.jpg'
7.4730 	EXP 	polygon: opacity = 0.0
7.4730 	EXP 	displayPicture: image = 'C:\\Users\\Employee\\Google Drive\\UP\\MyResearch\\TaskProgramming\\AB_pic\\resources\\tarantula.jpg'
7.4897 	EXP 	polygon: opacity = 0.0
7.4897 	EXP 	displayPicture: image = 'C:\\Users\\Employee\\Google Drive\\UP\\MyResearch\\TaskProgramming\\AB_pic\\resources\\tarantula.jpg'
7.5063 	EXP 	polygon: opacity = 0.0
7.5063 	EXP 	displayPicture: image = 'C:\\Users\\Employee\\Google Drive\\UP\\MyResearch\\TaskProgramming\\AB_pic\\resources\\tarantula.jpg'
7.5230 	EXP 	polygon: opacity = 0.0
7.5230 	EXP 	displayPicture: image = 'C:\\Users\\Employee\\Google Drive\\UP\\MyResearch\\TaskProgramming\\AB_pic\\resources\\tarantula.jpg'
7.5397 	EXP 	polygon: opacity = 0.0
7.5397 	EXP 	displayPicture: image = 'C:\\Users\\Employee\\Google Drive\\UP\\MyResearch\\TaskProgramming\\AB_pic\\resources\\tarantula.jpg'
7.5564 	EXP 	polygon: opacity = 0.0
7.5564 	EXP 	displayPicture: image = 'C:\\Users\\Employee\\Google Drive\\UP\\MyResearch\\TaskProgramming\\AB_pic\\resources\\tarantula.jpg'
7.5730 	EXP 	polygon: opacity = 0.0
7.5730 	EXP 	displayPicture: image = 'C:\\Users\\Employee\\Google Drive\\UP\\MyResearch\\TaskProgramming\\AB_pic\\resources\\tarantula.jpg'
7.5897 	EXP 	polygon: opacity = 0.0
7.5897 	EXP 	displayPicture: image = 'C:\\Users\\Employee\\Google Drive\\UP\\MyResearch\\TaskProgramming\\AB_pic\\resources\\tarantula.jpg'
7.6063 	EXP 	polygon: opacity = 0.0
7.6063 	EXP 	displayPicture: image = 'C:\\Users\\Employee\\Google Drive\\UP\\MyResearch\\TaskProgramming\\AB_pic\\resources\\tarantula.jpg'
7.6230 	EXP 	polygon: opacity = 0.0
7.6230 	EXP 	displayPicture: image = 'C:\\Users\\Employee\\Google Drive\\UP\\MyResearch\\TaskProgramming\\AB_pic\\resources\\tarantula.jpg'
7.6396 	EXP 	polygon: opacity = 0.0
7.6396 	EXP 	displayPicture: image = 'C:\\Users\\Employee\\Google Drive\\UP\\MyResearch\\TaskProgramming\\AB_pic\\resources\\tarantula.jpg'
7.6563 	EXP 	polygon: opacity = 0.0
7.6563 	EXP 	displayPicture: image = 'C:\\Users\\Employee\\Google Drive\\UP\\MyResearch\\TaskProgramming\\AB_pic\\resources\\tarantula.jpg'
7.6730 	EXP 	polygon: opacity = 0.0
7.6730 	EXP 	displayPicture: image = 'C:\\Users\\Employee\\Google Drive\\UP\\MyResearch\\TaskProgramming\\AB_pic\\resources\\tarantula.jpg'
7.6896 	EXP 	polygon: opacity = 0.0
7.6896 	EXP 	displayPicture: image = 'C:\\Users\\Employee\\Google Drive\\UP\\MyResearch\\TaskProgramming\\AB_pic\\resources\\tarantula.jpg'
7.7063 	EXP 	polygon: opacity = 0.0
7.7063 	EXP 	displayPicture: image = 'C:\\Users\\Employee\\Google Drive\\UP\\MyResearch\\TaskProgramming\\AB_pic\\resources\\cocktailshrimp02.jpg'
7.7230 	EXP 	polygon: opacity = 0.0
7.7230 	EXP 	displayPicture: image = 'C:\\Users\\Employee\\Google Drive\\UP\\MyResearch\\TaskProgramming\\AB_pic\\resources\\cocktailshrimp02.jpg'
7.7396 	EXP 	polygon: opacity = 0.0
7.7396 	EXP 	displayPicture: image = 'C:\\Users\\Employee\\Google Drive\\UP\\MyResearch\\TaskProgramming\\AB_pic\\resources\\cocktailshrimp02.jpg'
7.7564 	EXP 	polygon: opacity = 0.0
7.7564 	EXP 	displayPicture: image = 'C:\\Users\\Employee\\Google Drive\\UP\\MyResearch\\TaskProgramming\\AB_pic\\resources\\cocktailshrimp02.jpg'
7.7730 	EXP 	polygon: opacity = 0.0
7.7730 	EXP 	displayPicture: image = 'C:\\Users\\Employee\\Google Drive\\UP\\MyResearch\\TaskProgramming\\AB_pic\\resources\\cocktailshrimp02.jpg'
7.7896 	EXP 	polygon: opacity = 0.0
7.7896 	EXP 	displayPicture: image = 'C:\\Users\\Employee\\Google Drive\\UP\\MyResearch\\TaskProgramming\\AB_pic\\resources\\cocktailshrimp02.jpg'
7.8064 	EXP 	polygon: opacity = 0.0
7.8064 	EXP 	displayPicture: image = 'C:\\Users\\Employee\\Google Drive\\UP\\MyResearch\\TaskProgramming\\AB_pic\\resources\\cocktailshrimp02.jpg'
7.8230 	EXP 	polygon: opacity = 0.0
7.8230 	EXP 	displayPicture: image = 'C:\\Users\\Employee\\Google Drive\\UP\\MyResearch\\TaskProgramming\\AB_pic\\resources\\cocktailshrimp02.jpg'
7.8396 	EXP 	polygon: opacity = 0.0
7.8396 	EXP 	displayPicture: image = 'C:\\Users\\Employee\\Google Drive\\UP\\MyResearch\\TaskProgramming\\AB_pic\\resources\\cocktailshrimp02.jpg'
7.8563 	EXP 	polygon: opacity = 0.0
7.8563 	EXP 	displayPicture: image = 'C:\\Users\\Employee\\Google Drive\\UP\\MyResearch\\TaskProgramming\\AB_pic\\resources\\cocktailshrimp02.jpg'
7.8730 	EXP 	polygon: opacity = 0.0
7.8730 	EXP 	displayPicture: image = 'C:\\Users\\Employee\\Google Drive\\UP\\MyResearch\\TaskProgramming\\AB_pic\\resources\\cocktailshrimp02.jpg'
7.8897 	EXP 	polygon: opacity = 0.0
7.8897 	EXP 	displayPicture: image = 'C:\\Users\\Employee\\Google Drive\\UP\\MyResearch\\TaskProgramming\\AB_pic\\resources\\cocktailshrimp02.jpg'
7.9063 	EXP 	polygon: opacity = 0.0
7.9063 	EXP 	displayPicture: image = 'C:\\Users\\Employee\\Google Drive\\UP\\MyResearch\\TaskProgramming\\AB_pic\\resources\\cocktailshrimp02.jpg'
7.9230 	EXP 	polygon: opacity = 0.0
7.9230 	EXP 	displayPicture: image = 'C:\\Users\\Employee\\Google Drive\\UP\\MyResearch\\TaskProgramming\\AB_pic\\resources\\cocktailshrimp02.jpg'
7.9396 	EXP 	polygon: opacity = 0.0
7.9396 	EXP 	displayPicture: image = 'C:\\Users\\Employee\\Google Drive\\UP\\MyResearch\\TaskProgramming\\AB_pic\\resources\\cocktailshrimp02.jpg'
7.9563 	EXP 	polygon: opacity = 0.0
7.9563 	EXP 	displayPicture: image = 'C:\\Users\\Employee\\Google Drive\\UP\\MyResearch\\TaskProgramming\\AB_pic\\resources\\cocktailshrimp02.jpg'
7.9730 	EXP 	polygon: opacity = 0.0
7.9730 	EXP 	displayPicture: image = 'C:\\Users\\Employee\\Google Drive\\UP\\MyResearch\\TaskProgramming\\AB_pic\\resources\\cocktailshrimp02.jpg'
7.9897 	EXP 	polygon: opacity = 0.0
7.9897 	EXP 	displayPicture: image = 'C:\\Users\\Employee\\Google Drive\\UP\\MyResearch\\TaskProgramming\\AB_pic\\resources\\cocktailshrimp02.jpg'
8.0063 	EXP 	polygon: opacity = 0.0
8.0063 	EXP 	displayPicture: image = 'C:\\Users\\Employee\\Google Drive\\UP\\MyResearch\\TaskProgramming\\AB_pic\\resources\\cocktailshrimp02.jpg'
8.0230 	EXP 	polygon: opacity = 0.0
8.0230 	EXP 	displayPicture: image = 'C:\\Users\\Employee\\Google Drive\\UP\\MyResearch\\TaskProgramming\\AB_pic\\resources\\cocktailshrimp02.jpg'
8.0396 	EXP 	polygon: opacity = 0.0
8.0396 	EXP 	displayPicture: image = 'C:\\Users\\Employee\\Google Drive\\UP\\MyResearch\\TaskProgramming\\AB_pic\\resources\\cocktailshrimp02.jpg'
8.0563 	EXP 	polygon: opacity = 0.0
8.0563 	EXP 	displayPicture: image = 'C:\\Users\\Employee\\Google Drive\\UP\\MyResearch\\TaskProgramming\\AB_pic\\resources\\cocktailshrimp02.jpg'
8.0730 	EXP 	polygon: opacity = 0.0
8.0730 	EXP 	displayPicture: image = 'C:\\Users\\Employee\\Google Drive\\UP\\MyResearch\\TaskProgramming\\AB_pic\\resources\\cocktailshrimp02.jpg'
8.0896 	EXP 	polygon: opacity = 0.0
8.0896 	EXP 	displayPicture: image = 'C:\\Users\\Employee\\Google Drive\\UP\\MyResearch\\TaskProgramming\\AB_pic\\resources\\cocktailshrimp02.jpg'
8.1063 	EXP 	polygon: opacity = 0.0
8.1063 	EXP 	displayPicture: image = 'C:\\Users\\Employee\\Google Drive\\UP\\MyResearch\\TaskProgramming\\AB_pic\\resources\\acorn.jpg'
8.1230 	EXP 	polygon: opacity = 0.0
8.1230 	EXP 	displayPicture: image = 'C:\\Users\\Employee\\Google Drive\\UP\\MyResearch\\TaskProgramming\\AB_pic\\resources\\acorn.jpg'
8.1397 	EXP 	polygon: opacity = 0.0
8.1397 	EXP 	displayPicture: image = 'C:\\Users\\Employee\\Google Drive\\UP\\MyResearch\\TaskProgramming\\AB_pic\\resources\\acorn.jpg'
8.1563 	EXP 	polygon: opacity = 0.0
8.1563 	EXP 	displayPicture: image = 'C:\\Users\\Employee\\Google Drive\\UP\\MyResearch\\TaskProgramming\\AB_pic\\resources\\acorn.jpg'
8.1730 	EXP 	polygon: opacity = 0.0
8.1730 	EXP 	displayPicture: image = 'C:\\Users\\Employee\\Google Drive\\UP\\MyResearch\\TaskProgramming\\AB_pic\\resources\\acorn.jpg'
8.1896 	EXP 	polygon: opacity = 0.0
8.1896 	EXP 	displayPicture: image = 'C:\\Users\\Employee\\Google Drive\\UP\\MyResearch\\TaskProgramming\\AB_pic\\resources\\acorn.jpg'
8.2063 	EXP 	polygon: opacity = 0.0
8.2063 	EXP 	displayPicture: image = 'C:\\Users\\Employee\\Google Drive\\UP\\MyResearch\\TaskProgramming\\AB_pic\\resources\\acorn.jpg'
8.2229 	EXP 	polygon: opacity = 0.0
8.2229 	EXP 	displayPicture: image = 'C:\\Users\\Employee\\Google Drive\\UP\\MyResearch\\TaskProgramming\\AB_pic\\resources\\acorn.jpg'
8.2396 	EXP 	polygon: opacity = 0.0
8.2396 	EXP 	displayPicture: image = 'C:\\Users\\Employee\\Google Drive\\UP\\MyResearch\\TaskProgramming\\AB_pic\\resources\\acorn.jpg'
8.2563 	EXP 	polygon: opacity = 0.0
8.2563 	EXP 	displayPicture: image = 'C:\\Users\\Employee\\Google Drive\\UP\\MyResearch\\TaskProgramming\\AB_pic\\resources\\acorn.jpg'
8.2730 	EXP 	polygon: opacity = 0.0
8.2730 	EXP 	displayPicture: image = 'C:\\Users\\Employee\\Google Drive\\UP\\MyResearch\\TaskProgramming\\AB_pic\\resources\\acorn.jpg'
8.2896 	EXP 	polygon: opacity = 0.0
8.2896 	EXP 	displayPicture: image = 'C:\\Users\\Employee\\Google Drive\\UP\\MyResearch\\TaskProgramming\\AB_pic\\resources\\acorn.jpg'
8.3063 	EXP 	polygon: opacity = 0.0
8.3063 	EXP 	displayPicture: image = 'C:\\Users\\Employee\\Google Drive\\UP\\MyResearch\\TaskProgramming\\AB_pic\\resources\\acorn.jpg'
8.3229 	EXP 	polygon: opacity = 0.0
8.3229 	EXP 	displayPicture: image = 'C:\\Users\\Employee\\Google Drive\\UP\\MyResearch\\TaskProgramming\\AB_pic\\resources\\acorn.jpg'
8.3396 	EXP 	polygon: opacity = 0.0
8.3396 	EXP 	displayPicture: image = 'C:\\Users\\Employee\\Google Drive\\UP\\MyResearch\\TaskProgramming\\AB_pic\\resources\\acorn.jpg'
8.3563 	EXP 	polygon: opacity = 0.0
8.3563 	EXP 	displayPicture: image = 'C:\\Users\\Employee\\Google Drive\\UP\\MyResearch\\TaskProgramming\\AB_pic\\resources\\acorn.jpg'
8.3729 	EXP 	polygon: opacity = 0.0
8.3729 	EXP 	displayPicture: image = 'C:\\Users\\Employee\\Google Drive\\UP\\MyResearch\\TaskProgramming\\AB_pic\\resources\\acorn.jpg'
8.3896 	EXP 	polygon: opacity = 0.0
8.3896 	EXP 	displayPicture: image = 'C:\\Users\\Employee\\Google Drive\\UP\\MyResearch\\TaskProgramming\\AB_pic\\resources\\acorn.jpg'
8.4063 	EXP 	polygon: opacity = 0.0
8.4063 	EXP 	displayPicture: image = 'C:\\Users\\Employee\\Google Drive\\UP\\MyResearch\\TaskProgramming\\AB_pic\\resources\\acorn.jpg'
8.4229 	EXP 	polygon: opacity = 0.0
8.4229 	EXP 	displayPicture: image = 'C:\\Users\\Employee\\Google Drive\\UP\\MyResearch\\TaskProgramming\\AB_pic\\resources\\acorn.jpg'
8.4396 	EXP 	polygon: opacity = 0.0
8.4396 	EXP 	displayPicture: image = 'C:\\Users\\Employee\\Google Drive\\UP\\MyResearch\\TaskProgramming\\AB_pic\\resources\\acorn.jpg'
8.4563 	EXP 	polygon: opacity = 0.0
8.4563 	EXP 	displayPicture: image = 'C:\\Users\\Employee\\Google Drive\\UP\\MyResearch\\TaskProgramming\\AB_pic\\resources\\acorn.jpg'
8.4729 	EXP 	polygon: opacity = 0.0
8.4729 	EXP 	displayPicture: image = 'C:\\Users\\Employee\\Google Drive\\UP\\MyResearch\\TaskProgramming\\AB_pic\\resources\\acorn.jpg'
8.4896 	EXP 	polygon: opacity = 0.0
8.4896 	EXP 	displayPicture: image = 'C:\\Users\\Employee\\Google Drive\\UP\\MyResearch\\TaskProgramming\\AB_pic\\resources\\acorn.jpg'
8.5063 	EXP 	polygon: opacity = 0.0
8.5063 	EXP 	displayPicture: image = 'C:\\Users\\Employee\\Google Drive\\UP\\MyResearch\\TaskProgramming\\AB_pic\\resources\\mrpotatohead.jpg'
8.5229 	EXP 	polygon: opacity = 0.0
8.5229 	EXP 	displayPicture: image = 'C:\\Users\\Employee\\Google Drive\\UP\\MyResearch\\TaskProgramming\\AB_pic\\resources\\mrpotatohead.jpg'
8.5396 	EXP 	polygon: opacity = 0.0
8.5396 	EXP 	displayPicture: image = 'C:\\Users\\Employee\\Google Drive\\UP\\MyResearch\\TaskProgramming\\AB_pic\\resources\\mrpotatohead.jpg'
8.5563 	EXP 	polygon: opacity = 0.0
8.5563 	EXP 	displayPicture: image = 'C:\\Users\\Employee\\Google Drive\\UP\\MyResearch\\TaskProgramming\\AB_pic\\resources\\mrpotatohead.jpg'
8.5729 	EXP 	polygon: opacity = 0.0
8.5729 	EXP 	displayPicture: image = 'C:\\Users\\Employee\\Google Drive\\UP\\MyResearch\\TaskProgramming\\AB_pic\\resources\\mrpotatohead.jpg'
8.5896 	EXP 	polygon: opacity = 0.0
8.5896 	EXP 	displayPicture: image = 'C:\\Users\\Employee\\Google Drive\\UP\\MyResearch\\TaskProgramming\\AB_pic\\resources\\mrpotatohead.jpg'
8.6063 	EXP 	polygon: opacity = 0.0
8.6063 	EXP 	displayPicture: image = 'C:\\Users\\Employee\\Google Drive\\UP\\MyResearch\\TaskProgramming\\AB_pic\\resources\\mrpotatohead.jpg'
8.6229 	EXP 	polygon: opacity = 0.0
8.6229 	EXP 	displayPicture: image = 'C:\\Users\\Employee\\Google Drive\\UP\\MyResearch\\TaskProgramming\\AB_pic\\resources\\mrpotatohead.jpg'
8.6396 	EXP 	polygon: opacity = 0.0
8.6396 	EXP 	displayPicture: image = 'C:\\Users\\Employee\\Google Drive\\UP\\MyResearch\\TaskProgramming\\AB_pic\\resources\\mrpotatohead.jpg'
8.6562 	EXP 	polygon: opacity = 0.0
8.6562 	EXP 	displayPicture: image = 'C:\\Users\\Employee\\Google Drive\\UP\\MyResearch\\TaskProgramming\\AB_pic\\resources\\mrpotatohead.jpg'
8.6729 	EXP 	polygon: opacity = 0.0
8.6729 	EXP 	displayPicture: image = 'C:\\Users\\Employee\\Google Drive\\UP\\MyResearch\\TaskProgramming\\AB_pic\\resources\\mrpotatohead.jpg'
8.6896 	EXP 	polygon: opacity = 0.0
8.6896 	EXP 	displayPicture: image = 'C:\\Users\\Employee\\Google Drive\\UP\\MyResearch\\TaskProgramming\\AB_pic\\resources\\mrpotatohead.jpg'
8.7063 	EXP 	polygon: opacity = 0.0
8.7063 	EXP 	displayPicture: image = 'C:\\Users\\Employee\\Google Drive\\UP\\MyResearch\\TaskProgramming\\AB_pic\\resources\\mrpotatohead.jpg'
8.7229 	EXP 	polygon: opacity = 0.0
8.7229 	EXP 	displayPicture: image = 'C:\\Users\\Employee\\Google Drive\\UP\\MyResearch\\TaskProgramming\\AB_pic\\resources\\mrpotatohead.jpg'
8.7396 	EXP 	polygon: opacity = 0.0
8.7396 	EXP 	displayPicture: image = 'C:\\Users\\Employee\\Google Drive\\UP\\MyResearch\\TaskProgramming\\AB_pic\\resources\\mrpotatohead.jpg'
8.7562 	EXP 	polygon: opacity = 0.0
8.7562 	EXP 	displayPicture: image = 'C:\\Users\\Employee\\Google Drive\\UP\\MyResearch\\TaskProgramming\\AB_pic\\resources\\mrpotatohead.jpg'
8.7729 	EXP 	polygon: opacity = 0.0
8.7729 	EXP 	displayPicture: image = 'C:\\Users\\Employee\\Google Drive\\UP\\MyResearch\\TaskProgramming\\AB_pic\\resources\\mrpotatohead.jpg'
8.7896 	EXP 	polygon: opacity = 0.0
8.7896 	EXP 	displayPicture: image = 'C:\\Users\\Employee\\Google Drive\\UP\\MyResearch\\TaskProgramming\\AB_pic\\resources\\mrpotatohead.jpg'
8.8062 	EXP 	polygon: opacity = 0.0
8.8062 	EXP 	displayPicture: image = 'C:\\Users\\Employee\\Google Drive\\UP\\MyResearch\\TaskProgramming\\AB_pic\\resources\\mrpotatohead.jpg'
8.8229 	EXP 	polygon: opacity = 0.0
8.8229 	EXP 	displayPicture: image = 'C:\\Users\\Employee\\Google Drive\\UP\\MyResearch\\TaskProgramming\\AB_pic\\resources\\mrpotatohead.jpg'
8.8396 	EXP 	polygon: opacity = 0.0
8.8396 	EXP 	displayPicture: image = 'C:\\Users\\Employee\\Google Drive\\UP\\MyResearch\\TaskProgramming\\AB_pic\\resources\\mrpotatohead.jpg'
8.8563 	EXP 	polygon: opacity = 0.0
8.8563 	EXP 	displayPicture: image = 'C:\\Users\\Employee\\Google Drive\\UP\\MyResearch\\TaskProgramming\\AB_pic\\resources\\mrpotatohead.jpg'
8.8729 	EXP 	polygon: opacity = 0.0
8.8729 	EXP 	displayPicture: image = 'C:\\Users\\Employee\\Google Drive\\UP\\MyResearch\\TaskProgramming\\AB_pic\\resources\\mrpotatohead.jpg'
8.8896 	EXP 	polygon: opacity = 0.0
8.8896 	EXP 	displayPicture: image = 'C:\\Users\\Employee\\Google Drive\\UP\\MyResearch\\TaskProgramming\\AB_pic\\resources\\mrpotatohead.jpg'
8.9062 	EXP 	polygon: opacity = 0.0
8.9062 	EXP 	displayPicture: image = 'C:\\Users\\Employee\\Google Drive\\UP\\MyResearch\\TaskProgramming\\AB_pic\\resources\\hand01b.jpg'
8.9229 	EXP 	polygon: opacity = 0.0
8.9229 	EXP 	displayPicture: image = 'C:\\Users\\Employee\\Google Drive\\UP\\MyResearch\\TaskProgramming\\AB_pic\\resources\\hand01b.jpg'
8.9396 	EXP 	polygon: opacity = 0.0
8.9396 	EXP 	displayPicture: image = 'C:\\Users\\Employee\\Google Drive\\UP\\MyResearch\\TaskProgramming\\AB_pic\\resources\\hand01b.jpg'
8.9562 	EXP 	polygon: opacity = 0.0
8.9562 	EXP 	displayPicture: image = 'C:\\Users\\Employee\\Google Drive\\UP\\MyResearch\\TaskProgramming\\AB_pic\\resources\\hand01b.jpg'
8.9729 	EXP 	polygon: opacity = 0.0
8.9729 	EXP 	displayPicture: image = 'C:\\Users\\Employee\\Google Drive\\UP\\MyResearch\\TaskProgramming\\AB_pic\\resources\\hand01b.jpg'
8.9896 	EXP 	polygon: opacity = 0.0
8.9896 	EXP 	displayPicture: image = 'C:\\Users\\Employee\\Google Drive\\UP\\MyResearch\\TaskProgramming\\AB_pic\\resources\\hand01b.jpg'
9.0063 	EXP 	polygon: opacity = 0.0
9.0063 	EXP 	displayPicture: image = 'C:\\Users\\Employee\\Google Drive\\UP\\MyResearch\\TaskProgramming\\AB_pic\\resources\\hand01b.jpg'
9.0229 	EXP 	polygon: opacity = 0.0
9.0229 	EXP 	displayPicture: image = 'C:\\Users\\Employee\\Google Drive\\UP\\MyResearch\\TaskProgramming\\AB_pic\\resources\\hand01b.jpg'
9.0396 	EXP 	polygon: opacity = 0.0
9.0396 	EXP 	displayPicture: image = 'C:\\Users\\Employee\\Google Drive\\UP\\MyResearch\\TaskProgramming\\AB_pic\\resources\\hand01b.jpg'
9.0563 	EXP 	polygon: opacity = 0.0
9.0563 	EXP 	displayPicture: image = 'C:\\Users\\Employee\\Google Drive\\UP\\MyResearch\\TaskProgramming\\AB_pic\\resources\\hand01b.jpg'
9.0729 	EXP 	polygon: opacity = 0.0
9.0729 	EXP 	displayPicture: image = 'C:\\Users\\Employee\\Google Drive\\UP\\MyResearch\\TaskProgramming\\AB_pic\\resources\\hand01b.jpg'
9.0895 	EXP 	polygon: opacity = 0.0
9.0895 	EXP 	displayPicture: image = 'C:\\Users\\Employee\\Google Drive\\UP\\MyResearch\\TaskProgramming\\AB_pic\\resources\\hand01b.jpg'
9.1063 	EXP 	polygon: opacity = 0.0
9.1063 	EXP 	displayPicture: image = 'C:\\Users\\Employee\\Google Drive\\UP\\MyResearch\\TaskProgramming\\AB_pic\\resources\\hand01b.jpg'
9.1229 	EXP 	polygon: opacity = 0.0
9.1229 	EXP 	displayPicture: image = 'C:\\Users\\Employee\\Google Drive\\UP\\MyResearch\\TaskProgramming\\AB_pic\\resources\\hand01b.jpg'
9.1395 	EXP 	polygon: opacity = 0.0
9.1395 	EXP 	displayPicture: image = 'C:\\Users\\Employee\\Google Drive\\UP\\MyResearch\\TaskProgramming\\AB_pic\\resources\\hand01b.jpg'
9.1562 	EXP 	polygon: opacity = 0.0
9.1562 	EXP 	displayPicture: image = 'C:\\Users\\Employee\\Google Drive\\UP\\MyResearch\\TaskProgramming\\AB_pic\\resources\\hand01b.jpg'
9.1729 	EXP 	polygon: opacity = 0.0
9.1729 	EXP 	displayPicture: image = 'C:\\Users\\Employee\\Google Drive\\UP\\MyResearch\\TaskProgramming\\AB_pic\\resources\\hand01b.jpg'
9.1895 	EXP 	polygon: opacity = 0.0
9.1895 	EXP 	displayPicture: image = 'C:\\Users\\Employee\\Google Drive\\UP\\MyResearch\\TaskProgramming\\AB_pic\\resources\\hand01b.jpg'
9.2062 	EXP 	polygon: opacity = 0.0
9.2062 	EXP 	displayPicture: image = 'C:\\Users\\Employee\\Google Drive\\UP\\MyResearch\\TaskProgramming\\AB_pic\\resources\\hand01b.jpg'
9.2229 	EXP 	polygon: opacity = 0.0
9.2229 	EXP 	displayPicture: image = 'C:\\Users\\Employee\\Google Drive\\UP\\MyResearch\\TaskProgramming\\AB_pic\\resources\\hand01b.jpg'
9.2396 	EXP 	polygon: opacity = 0.0
9.2396 	EXP 	displayPicture: image = 'C:\\Users\\Employee\\Google Drive\\UP\\MyResearch\\TaskProgramming\\AB_pic\\resources\\hand01b.jpg'
9.2562 	EXP 	polygon: opacity = 0.0
9.2562 	EXP 	displayPicture: image = 'C:\\Users\\Employee\\Google Drive\\UP\\MyResearch\\TaskProgramming\\AB_pic\\resources\\hand01b.jpg'
9.2729 	EXP 	polygon: opacity = 0.0
9.2729 	EXP 	displayPicture: image = 'C:\\Users\\Employee\\Google Drive\\UP\\MyResearch\\TaskProgramming\\AB_pic\\resources\\hand01b.jpg'
9.2895 	EXP 	polygon: opacity = 0.0
9.2895 	EXP 	displayPicture: image = 'C:\\Users\\Employee\\Google Drive\\UP\\MyResearch\\TaskProgramming\\AB_pic\\resources\\hand01b.jpg'
9.3062 	EXP 	polygon: opacity = 0.0
9.3062 	EXP 	displayPicture: image = 'C:\\Users\\Employee\\Google Drive\\UP\\MyResearch\\TaskProgramming\\AB_pic\\resources\\crown.jpg'
9.3229 	EXP 	polygon: opacity = 0.0
9.3229 	EXP 	displayPicture: image = 'C:\\Users\\Employee\\Google Drive\\UP\\MyResearch\\TaskProgramming\\AB_pic\\resources\\crown.jpg'
9.3395 	EXP 	polygon: opacity = 0.0
9.3395 	EXP 	displayPicture: image = 'C:\\Users\\Employee\\Google Drive\\UP\\MyResearch\\TaskProgramming\\AB_pic\\resources\\crown.jpg'
9.3562 	EXP 	polygon: opacity = 0.0
9.3562 	EXP 	displayPicture: image = 'C:\\Users\\Employee\\Google Drive\\UP\\MyResearch\\TaskProgramming\\AB_pic\\resources\\crown.jpg'
9.3729 	EXP 	polygon: opacity = 0.0
9.3729 	EXP 	displayPicture: image = 'C:\\Users\\Employee\\Google Drive\\UP\\MyResearch\\TaskProgramming\\AB_pic\\resources\\crown.jpg'
9.3895 	EXP 	polygon: opacity = 0.0
9.3895 	EXP 	displayPicture: image = 'C:\\Users\\Employee\\Google Drive\\UP\\MyResearch\\TaskProgramming\\AB_pic\\resources\\crown.jpg'
9.4062 	EXP 	polygon: opacity = 0.0
9.4062 	EXP 	displayPicture: image = 'C:\\Users\\Employee\\Google Drive\\UP\\MyResearch\\TaskProgramming\\AB_pic\\resources\\crown.jpg'
9.4229 	EXP 	polygon: opacity = 0.0
9.4229 	EXP 	displayPicture: image = 'C:\\Users\\Employee\\Google Drive\\UP\\MyResearch\\TaskProgramming\\AB_pic\\resources\\crown.jpg'
9.4395 	EXP 	polygon: opacity = 0.0
9.4395 	EXP 	displayPicture: image = 'C:\\Users\\Employee\\Google Drive\\UP\\MyResearch\\TaskProgramming\\AB_pic\\resources\\crown.jpg'
9.4562 	EXP 	polygon: opacity = 0.0
9.4562 	EXP 	displayPicture: image = 'C:\\Users\\Employee\\Google Drive\\UP\\MyResearch\\TaskProgramming\\AB_pic\\resources\\crown.jpg'
9.4729 	EXP 	polygon: opacity = 0.0
9.4729 	EXP 	displayPicture: image = 'C:\\Users\\Employee\\Google Drive\\UP\\MyResearch\\TaskProgramming\\AB_pic\\resources\\crown.jpg'
9.4895 	EXP 	polygon: opacity = 0.0
9.4895 	EXP 	displayPicture: image = 'C:\\Users\\Employee\\Google Drive\\UP\\MyResearch\\TaskProgramming\\AB_pic\\resources\\crown.jpg'
9.5062 	EXP 	polygon: opacity = 0.0
9.5062 	EXP 	displayPicture: image = 'C:\\Users\\Employee\\Google Drive\\UP\\MyResearch\\TaskProgramming\\AB_pic\\resources\\crown.jpg'
9.5229 	EXP 	polygon: opacity = 0.0
9.5229 	EXP 	displayPicture: image = 'C:\\Users\\Employee\\Google Drive\\UP\\MyResearch\\TaskProgramming\\AB_pic\\resources\\crown.jpg'
9.5395 	EXP 	polygon: opacity = 0.0
9.5395 	EXP 	displayPicture: image = 'C:\\Users\\Employee\\Google Drive\\UP\\MyResearch\\TaskProgramming\\AB_pic\\resources\\crown.jpg'
9.5562 	EXP 	polygon: opacity = 0.0
9.5562 	EXP 	displayPicture: image = 'C:\\Users\\Employee\\Google Drive\\UP\\MyResearch\\TaskProgramming\\AB_pic\\resources\\crown.jpg'
9.5729 	EXP 	polygon: opacity = 0.0
9.5729 	EXP 	displayPicture: image = 'C:\\Users\\Employee\\Google Drive\\UP\\MyResearch\\TaskProgramming\\AB_pic\\resources\\crown.jpg'
9.5895 	EXP 	polygon: opacity = 0.0
9.5895 	EXP 	displayPicture: image = 'C:\\Users\\Employee\\Google Drive\\UP\\MyResearch\\TaskProgramming\\AB_pic\\resources\\crown.jpg'
9.6062 	EXP 	polygon: opacity = 0.0
9.6062 	EXP 	displayPicture: image = 'C:\\Users\\Employee\\Google Drive\\UP\\MyResearch\\TaskProgramming\\AB_pic\\resources\\crown.jpg'
9.6229 	EXP 	polygon: opacity = 0.0
9.6229 	EXP 	displayPicture: image = 'C:\\Users\\Employee\\Google Drive\\UP\\MyResearch\\TaskProgramming\\AB_pic\\resources\\crown.jpg'
9.6395 	EXP 	polygon: opacity = 0.0
9.6395 	EXP 	displayPicture: image = 'C:\\Users\\Employee\\Google Drive\\UP\\MyResearch\\TaskProgramming\\AB_pic\\resources\\crown.jpg'
9.6562 	EXP 	polygon: opacity = 0.0
9.6562 	EXP 	displayPicture: image = 'C:\\Users\\Employee\\Google Drive\\UP\\MyResearch\\TaskProgramming\\AB_pic\\resources\\crown.jpg'
9.6729 	EXP 	polygon: opacity = 0.0
9.6729 	EXP 	displayPicture: image = 'C:\\Users\\Employee\\Google Drive\\UP\\MyResearch\\TaskProgramming\\AB_pic\\resources\\crown.jpg'
9.6895 	EXP 	polygon: opacity = 0.0
9.6895 	EXP 	displayPicture: image = 'C:\\Users\\Employee\\Google Drive\\UP\\MyResearch\\TaskProgramming\\AB_pic\\resources\\crown.jpg'
9.7062 	EXP 	polygon: opacity = 0.0
9.7062 	EXP 	displayPicture: image = 'C:\\Users\\Employee\\Google Drive\\UP\\MyResearch\\TaskProgramming\\AB_pic\\resources\\redfox.jpg'
9.7229 	EXP 	polygon: opacity = 0.0
9.7229 	EXP 	displayPicture: image = 'C:\\Users\\Employee\\Google Drive\\UP\\MyResearch\\TaskProgramming\\AB_pic\\resources\\redfox.jpg'
9.7396 	EXP 	polygon: opacity = 0.0
9.7396 	EXP 	displayPicture: image = 'C:\\Users\\Employee\\Google Drive\\UP\\MyResearch\\TaskProgramming\\AB_pic\\resources\\redfox.jpg'
9.7562 	EXP 	polygon: opacity = 0.0
9.7562 	EXP 	displayPicture: image = 'C:\\Users\\Employee\\Google Drive\\UP\\MyResearch\\TaskProgramming\\AB_pic\\resources\\redfox.jpg'
9.7729 	EXP 	polygon: opacity = 0.0
9.7729 	EXP 	displayPicture: image = 'C:\\Users\\Employee\\Google Drive\\UP\\MyResearch\\TaskProgramming\\AB_pic\\resources\\redfox.jpg'
9.7895 	EXP 	polygon: opacity = 0.0
9.7895 	EXP 	displayPicture: image = 'C:\\Users\\Employee\\Google Drive\\UP\\MyResearch\\TaskProgramming\\AB_pic\\resources\\redfox.jpg'
9.8062 	EXP 	polygon: opacity = 0.0
9.8062 	EXP 	displayPicture: image = 'C:\\Users\\Employee\\Google Drive\\UP\\MyResearch\\TaskProgramming\\AB_pic\\resources\\redfox.jpg'
9.8229 	EXP 	polygon: opacity = 0.0
9.8229 	EXP 	displayPicture: image = 'C:\\Users\\Employee\\Google Drive\\UP\\MyResearch\\TaskProgramming\\AB_pic\\resources\\redfox.jpg'
9.8395 	EXP 	polygon: opacity = 0.0
9.8395 	EXP 	displayPicture: image = 'C:\\Users\\Employee\\Google Drive\\UP\\MyResearch\\TaskProgramming\\AB_pic\\resources\\redfox.jpg'
9.8562 	EXP 	polygon: opacity = 0.0
9.8562 	EXP 	displayPicture: image = 'C:\\Users\\Employee\\Google Drive\\UP\\MyResearch\\TaskProgramming\\AB_pic\\resources\\redfox.jpg'
9.8729 	EXP 	polygon: opacity = 0.0
9.8729 	EXP 	displayPicture: image = 'C:\\Users\\Employee\\Google Drive\\UP\\MyResearch\\TaskProgramming\\AB_pic\\resources\\redfox.jpg'
9.8895 	EXP 	polygon: opacity = 0.0
9.8895 	EXP 	displayPicture: image = 'C:\\Users\\Employee\\Google Drive\\UP\\MyResearch\\TaskProgramming\\AB_pic\\resources\\redfox.jpg'
9.9062 	EXP 	polygon: opacity = 0.0
9.9062 	EXP 	displayPicture: image = 'C:\\Users\\Employee\\Google Drive\\UP\\MyResearch\\TaskProgramming\\AB_pic\\resources\\redfox.jpg'
9.9229 	EXP 	polygon: opacity = 0.0
9.9229 	EXP 	displayPicture: image = 'C:\\Users\\Employee\\Google Drive\\UP\\MyResearch\\TaskProgramming\\AB_pic\\resources\\redfox.jpg'
9.9395 	EXP 	polygon: opacity = 0.0
9.9395 	EXP 	displayPicture: image = 'C:\\Users\\Employee\\Google Drive\\UP\\MyResearch\\TaskProgramming\\AB_pic\\resources\\redfox.jpg'
9.9562 	EXP 	polygon: opacity = 0.0
9.9562 	EXP 	displayPicture: image = 'C:\\Users\\Employee\\Google Drive\\UP\\MyResearch\\TaskProgramming\\AB_pic\\resources\\redfox.jpg'
9.9729 	EXP 	polygon: opacity = 0.0
9.9729 	EXP 	displayPicture: image = 'C:\\Users\\Employee\\Google Drive\\UP\\MyResearch\\TaskProgramming\\AB_pic\\resources\\redfox.jpg'
9.9895 	EXP 	polygon: opacity = 0.0
9.9895 	EXP 	displayPicture: image = 'C:\\Users\\Employee\\Google Drive\\UP\\MyResearch\\TaskProgramming\\AB_pic\\resources\\redfox.jpg'
10.0062 	EXP 	polygon: opacity = 0.0
10.0062 	EXP 	displayPicture: image = 'C:\\Users\\Employee\\Google Drive\\UP\\MyResearch\\TaskProgramming\\AB_pic\\resources\\redfox.jpg'
10.0229 	EXP 	polygon: opacity = 0.0
10.0229 	EXP 	displayPicture: image = 'C:\\Users\\Employee\\Google Drive\\UP\\MyResearch\\TaskProgramming\\AB_pic\\resources\\redfox.jpg'
10.0395 	EXP 	polygon: opacity = 0.0
10.0395 	EXP 	displayPicture: image = 'C:\\Users\\Employee\\Google Drive\\UP\\MyResearch\\TaskProgramming\\AB_pic\\resources\\redfox.jpg'
10.0562 	EXP 	polygon: opacity = 0.0
10.0562 	EXP 	displayPicture: image = 'C:\\Users\\Employee\\Google Drive\\UP\\MyResearch\\TaskProgramming\\AB_pic\\resources\\redfox.jpg'
10.0729 	EXP 	polygon: opacity = 0.0
10.0729 	EXP 	displayPicture: image = 'C:\\Users\\Employee\\Google Drive\\UP\\MyResearch\\TaskProgramming\\AB_pic\\resources\\redfox.jpg'
10.0895 	EXP 	polygon: opacity = 0.0
10.0895 	EXP 	displayPicture: image = 'C:\\Users\\Employee\\Google Drive\\UP\\MyResearch\\TaskProgramming\\AB_pic\\resources\\redfox.jpg'
10.1062 	EXP 	polygon: opacity = 0.0
10.1062 	EXP 	displayPicture: image = 'C:\\Users\\Employee\\Google Drive\\UP\\MyResearch\\TaskProgramming\\AB_pic\\resources\\horseshoe.jpg'
10.1228 	EXP 	polygon: opacity = 0.0
10.1228 	EXP 	displayPicture: image = 'C:\\Users\\Employee\\Google Drive\\UP\\MyResearch\\TaskProgramming\\AB_pic\\resources\\horseshoe.jpg'
10.1395 	EXP 	polygon: opacity = 0.0
10.1395 	EXP 	displayPicture: image = 'C:\\Users\\Employee\\Google Drive\\UP\\MyResearch\\TaskProgramming\\AB_pic\\resources\\horseshoe.jpg'
10.1562 	EXP 	polygon: opacity = 0.0
10.1562 	EXP 	displayPicture: image = 'C:\\Users\\Employee\\Google Drive\\UP\\MyResearch\\TaskProgramming\\AB_pic\\resources\\horseshoe.jpg'
10.1728 	EXP 	polygon: opacity = 0.0
10.1728 	EXP 	displayPicture: image = 'C:\\Users\\Employee\\Google Drive\\UP\\MyResearch\\TaskProgramming\\AB_pic\\resources\\horseshoe.jpg'
10.1895 	EXP 	polygon: opacity = 0.0
10.1895 	EXP 	displayPicture: image = 'C:\\Users\\Employee\\Google Drive\\UP\\MyResearch\\TaskProgramming\\AB_pic\\resources\\horseshoe.jpg'
10.2062 	EXP 	polygon: opacity = 0.0
10.2062 	EXP 	displayPicture: image = 'C:\\Users\\Employee\\Google Drive\\UP\\MyResearch\\TaskProgramming\\AB_pic\\resources\\horseshoe.jpg'
10.2228 	EXP 	polygon: opacity = 0.0
10.2228 	EXP 	displayPicture: image = 'C:\\Users\\Employee\\Google Drive\\UP\\MyResearch\\TaskProgramming\\AB_pic\\resources\\horseshoe.jpg'
10.2395 	EXP 	polygon: opacity = 0.0
10.2395 	EXP 	displayPicture: image = 'C:\\Users\\Employee\\Google Drive\\UP\\MyResearch\\TaskProgramming\\AB_pic\\resources\\horseshoe.jpg'
10.2562 	EXP 	polygon: opacity = 0.0
10.2562 	EXP 	displayPicture: image = 'C:\\Users\\Employee\\Google Drive\\UP\\MyResearch\\TaskProgramming\\AB_pic\\resources\\horseshoe.jpg'
10.2728 	EXP 	polygon: opacity = 0.0
10.2728 	EXP 	displayPicture: image = 'C:\\Users\\Employee\\Google Drive\\UP\\MyResearch\\TaskProgramming\\AB_pic\\resources\\horseshoe.jpg'
10.2896 	EXP 	polygon: opacity = 0.0
10.2896 	EXP 	displayPicture: image = 'C:\\Users\\Employee\\Google Drive\\UP\\MyResearch\\TaskProgramming\\AB_pic\\resources\\horseshoe.jpg'
10.3062 	EXP 	polygon: opacity = 0.0
10.3062 	EXP 	displayPicture: image = 'C:\\Users\\Employee\\Google Drive\\UP\\MyResearch\\TaskProgramming\\AB_pic\\resources\\horseshoe.jpg'
10.3229 	EXP 	polygon: opacity = 0.0
10.3229 	EXP 	displayPicture: image = 'C:\\Users\\Employee\\Google Drive\\UP\\MyResearch\\TaskProgramming\\AB_pic\\resources\\horseshoe.jpg'
10.3395 	EXP 	polygon: opacity = 0.0
10.3395 	EXP 	displayPicture: image = 'C:\\Users\\Employee\\Google Drive\\UP\\MyResearch\\TaskProgramming\\AB_pic\\resources\\horseshoe.jpg'
10.3562 	EXP 	polygon: opacity = 0.0
10.3562 	EXP 	displayPicture: image = 'C:\\Users\\Employee\\Google Drive\\UP\\MyResearch\\TaskProgramming\\AB_pic\\resources\\horseshoe.jpg'
10.3729 	EXP 	polygon: opacity = 0.0
10.3729 	EXP 	displayPicture: image = 'C:\\Users\\Employee\\Google Drive\\UP\\MyResearch\\TaskProgramming\\AB_pic\\resources\\horseshoe.jpg'
10.3895 	EXP 	polygon: opacity = 0.0
10.3895 	EXP 	displayPicture: image = 'C:\\Users\\Employee\\Google Drive\\UP\\MyResearch\\TaskProgramming\\AB_pic\\resources\\horseshoe.jpg'
10.4062 	EXP 	polygon: opacity = 0.0
10.4062 	EXP 	displayPicture: image = 'C:\\Users\\Employee\\Google Drive\\UP\\MyResearch\\TaskProgramming\\AB_pic\\resources\\horseshoe.jpg'
10.4228 	EXP 	polygon: opacity = 0.0
10.4228 	EXP 	displayPicture: image = 'C:\\Users\\Employee\\Google Drive\\UP\\MyResearch\\TaskProgramming\\AB_pic\\resources\\horseshoe.jpg'
10.4395 	EXP 	polygon: opacity = 0.0
10.4395 	EXP 	displayPicture: image = 'C:\\Users\\Employee\\Google Drive\\UP\\MyResearch\\TaskProgramming\\AB_pic\\resources\\horseshoe.jpg'
10.4562 	EXP 	polygon: opacity = 0.0
10.4562 	EXP 	displayPicture: image = 'C:\\Users\\Employee\\Google Drive\\UP\\MyResearch\\TaskProgramming\\AB_pic\\resources\\horseshoe.jpg'
10.4728 	EXP 	polygon: opacity = 0.0
10.4728 	EXP 	displayPicture: image = 'C:\\Users\\Employee\\Google Drive\\UP\\MyResearch\\TaskProgramming\\AB_pic\\resources\\horseshoe.jpg'
10.4895 	EXP 	polygon: opacity = 0.0
10.4895 	EXP 	displayPicture: image = 'C:\\Users\\Employee\\Google Drive\\UP\\MyResearch\\TaskProgramming\\AB_pic\\resources\\horseshoe.jpg'
10.5061 	EXP 	polygon: opacity = 0.0
10.5061 	EXP 	displayPicture: image = 'C:\\Users\\Employee\\Google Drive\\UP\\MyResearch\\TaskProgramming\\AB_pic\\resources\\jeans01.jpg'
10.5228 	EXP 	polygon: opacity = 0.0
10.5228 	EXP 	displayPicture: image = 'C:\\Users\\Employee\\Google Drive\\UP\\MyResearch\\TaskProgramming\\AB_pic\\resources\\jeans01.jpg'
10.5395 	EXP 	polygon: opacity = 0.0
10.5395 	EXP 	displayPicture: image = 'C:\\Users\\Employee\\Google Drive\\UP\\MyResearch\\TaskProgramming\\AB_pic\\resources\\jeans01.jpg'
10.5562 	EXP 	polygon: opacity = 0.0
10.5562 	EXP 	displayPicture: image = 'C:\\Users\\Employee\\Google Drive\\UP\\MyResearch\\TaskProgramming\\AB_pic\\resources\\jeans01.jpg'
10.5728 	EXP 	polygon: opacity = 0.0
10.5728 	EXP 	displayPicture: image = 'C:\\Users\\Employee\\Google Drive\\UP\\MyResearch\\TaskProgramming\\AB_pic\\resources\\jeans01.jpg'
10.5895 	EXP 	polygon: opacity = 0.0
10.5895 	EXP 	displayPicture: image = 'C:\\Users\\Employee\\Google Drive\\UP\\MyResearch\\TaskProgramming\\AB_pic\\resources\\jeans01.jpg'
10.6062 	EXP 	polygon: opacity = 0.0
10.6062 	EXP 	displayPicture: image = 'C:\\Users\\Employee\\Google Drive\\UP\\MyResearch\\TaskProgramming\\AB_pic\\resources\\jeans01.jpg'
10.6228 	EXP 	polygon: opacity = 0.0
10.6228 	EXP 	displayPicture: image = 'C:\\Users\\Employee\\Google Drive\\UP\\MyResearch\\TaskProgramming\\AB_pic\\resources\\jeans01.jpg'
10.6395 	EXP 	polygon: opacity = 0.0
10.6395 	EXP 	displayPicture: image = 'C:\\Users\\Employee\\Google Drive\\UP\\MyResearch\\TaskProgramming\\AB_pic\\resources\\jeans01.jpg'
10.6561 	EXP 	polygon: opacity = 0.0
10.6561 	EXP 	displayPicture: image = 'C:\\Users\\Employee\\Google Drive\\UP\\MyResearch\\TaskProgramming\\AB_pic\\resources\\jeans01.jpg'
10.6728 	EXP 	polygon: opacity = 0.0
10.6728 	EXP 	displayPicture: image = 'C:\\Users\\Employee\\Google Drive\\UP\\MyResearch\\TaskProgramming\\AB_pic\\resources\\jeans01.jpg'
10.6895 	EXP 	polygon: opacity = 0.0
10.6895 	EXP 	displayPicture: image = 'C:\\Users\\Employee\\Google Drive\\UP\\MyResearch\\TaskProgramming\\AB_pic\\resources\\jeans01.jpg'
10.7061 	EXP 	polygon: opacity = 0.0
10.7061 	EXP 	displayPicture: image = 'C:\\Users\\Employee\\Google Drive\\UP\\MyResearch\\TaskProgramming\\AB_pic\\resources\\jeans01.jpg'
10.7228 	EXP 	polygon: opacity = 0.0
10.7228 	EXP 	displayPicture: image = 'C:\\Users\\Employee\\Google Drive\\UP\\MyResearch\\TaskProgramming\\AB_pic\\resources\\jeans01.jpg'
10.7395 	EXP 	polygon: opacity = 0.0
10.7395 	EXP 	displayPicture: image = 'C:\\Users\\Employee\\Google Drive\\UP\\MyResearch\\TaskProgramming\\AB_pic\\resources\\jeans01.jpg'
10.7562 	EXP 	polygon: opacity = 0.0
10.7562 	EXP 	displayPicture: image = 'C:\\Users\\Employee\\Google Drive\\UP\\MyResearch\\TaskProgramming\\AB_pic\\resources\\jeans01.jpg'
10.7728 	EXP 	polygon: opacity = 0.0
10.7728 	EXP 	displayPicture: image = 'C:\\Users\\Employee\\Google Drive\\UP\\MyResearch\\TaskProgramming\\AB_pic\\resources\\jeans01.jpg'
10.7895 	EXP 	polygon: opacity = 0.0
10.7895 	EXP 	displayPicture: image = 'C:\\Users\\Employee\\Google Drive\\UP\\MyResearch\\TaskProgramming\\AB_pic\\resources\\jeans01.jpg'
10.8062 	EXP 	polygon: opacity = 0.0
10.8062 	EXP 	displayPicture: image = 'C:\\Users\\Employee\\Google Drive\\UP\\MyResearch\\TaskProgramming\\AB_pic\\resources\\jeans01.jpg'
10.8228 	EXP 	polygon: opacity = 0.0
10.8228 	EXP 	displayPicture: image = 'C:\\Users\\Employee\\Google Drive\\UP\\MyResearch\\TaskProgramming\\AB_pic\\resources\\jeans01.jpg'
10.8395 	EXP 	polygon: opacity = 0.0
10.8395 	EXP 	displayPicture: image = 'C:\\Users\\Employee\\Google Drive\\UP\\MyResearch\\TaskProgramming\\AB_pic\\resources\\jeans01.jpg'
10.8562 	EXP 	polygon: opacity = 0.0
10.8562 	EXP 	displayPicture: image = 'C:\\Users\\Employee\\Google Drive\\UP\\MyResearch\\TaskProgramming\\AB_pic\\resources\\jeans01.jpg'
10.8728 	EXP 	polygon: opacity = 0.0
10.8728 	EXP 	displayPicture: image = 'C:\\Users\\Employee\\Google Drive\\UP\\MyResearch\\TaskProgramming\\AB_pic\\resources\\jeans01.jpg'
10.8895 	EXP 	polygon: opacity = 0.0
10.8895 	EXP 	displayPicture: image = 'C:\\Users\\Employee\\Google Drive\\UP\\MyResearch\\TaskProgramming\\AB_pic\\resources\\jeans01.jpg'
10.9062 	EXP 	polygon: opacity = 0.0
10.9062 	EXP 	displayPicture: image = 'C:\\Users\\Employee\\Google Drive\\UP\\MyResearch\\TaskProgramming\\AB_pic\\resources\\spiderweb.jpg'
10.9228 	EXP 	polygon: opacity = 0.0
10.9228 	EXP 	displayPicture: image = 'C:\\Users\\Employee\\Google Drive\\UP\\MyResearch\\TaskProgramming\\AB_pic\\resources\\spiderweb.jpg'
10.9395 	EXP 	polygon: opacity = 0.0
10.9395 	EXP 	displayPicture: image = 'C:\\Users\\Employee\\Google Drive\\UP\\MyResearch\\TaskProgramming\\AB_pic\\resources\\spiderweb.jpg'
10.9562 	EXP 	polygon: opacity = 0.0
10.9562 	EXP 	displayPicture: image = 'C:\\Users\\Employee\\Google Drive\\UP\\MyResearch\\TaskProgramming\\AB_pic\\resources\\spiderweb.jpg'
10.9728 	EXP 	polygon: opacity = 0.0
10.9728 	EXP 	displayPicture: image = 'C:\\Users\\Employee\\Google Drive\\UP\\MyResearch\\TaskProgramming\\AB_pic\\resources\\spiderweb.jpg'
10.9895 	EXP 	polygon: opacity = 0.0
10.9895 	EXP 	displayPicture: image = 'C:\\Users\\Employee\\Google Drive\\UP\\MyResearch\\TaskProgramming\\AB_pic\\resources\\spiderweb.jpg'
11.0062 	EXP 	polygon: opacity = 0.0
11.0062 	EXP 	displayPicture: image = 'C:\\Users\\Employee\\Google Drive\\UP\\MyResearch\\TaskProgramming\\AB_pic\\resources\\spiderweb.jpg'
11.0228 	EXP 	polygon: opacity = 0.0
11.0228 	EXP 	displayPicture: image = 'C:\\Users\\Employee\\Google Drive\\UP\\MyResearch\\TaskProgramming\\AB_pic\\resources\\spiderweb.jpg'
11.0395 	EXP 	polygon: opacity = 0.0
11.0395 	EXP 	displayPicture: image = 'C:\\Users\\Employee\\Google Drive\\UP\\MyResearch\\TaskProgramming\\AB_pic\\resources\\spiderweb.jpg'
11.0561 	EXP 	polygon: opacity = 0.0
11.0561 	EXP 	displayPicture: image = 'C:\\Users\\Employee\\Google Drive\\UP\\MyResearch\\TaskProgramming\\AB_pic\\resources\\spiderweb.jpg'
11.0728 	EXP 	polygon: opacity = 0.0
11.0728 	EXP 	displayPicture: image = 'C:\\Users\\Employee\\Google Drive\\UP\\MyResearch\\TaskProgramming\\AB_pic\\resources\\spiderweb.jpg'
11.0894 	EXP 	polygon: opacity = 0.0
11.0894 	EXP 	displayPicture: image = 'C:\\Users\\Employee\\Google Drive\\UP\\MyResearch\\TaskProgramming\\AB_pic\\resources\\spiderweb.jpg'
11.1061 	EXP 	polygon: opacity = 0.0
11.1061 	EXP 	displayPicture: image = 'C:\\Users\\Employee\\Google Drive\\UP\\MyResearch\\TaskProgramming\\AB_pic\\resources\\spiderweb.jpg'
11.1228 	EXP 	polygon: opacity = 0.0
11.1228 	EXP 	displayPicture: image = 'C:\\Users\\Employee\\Google Drive\\UP\\MyResearch\\TaskProgramming\\AB_pic\\resources\\spiderweb.jpg'
11.1394 	EXP 	polygon: opacity = 0.0
11.1394 	EXP 	displayPicture: image = 'C:\\Users\\Employee\\Google Drive\\UP\\MyResearch\\TaskProgramming\\AB_pic\\resources\\spiderweb.jpg'
11.1561 	EXP 	polygon: opacity = 0.0
11.1561 	EXP 	displayPicture: image = 'C:\\Users\\Employee\\Google Drive\\UP\\MyResearch\\TaskProgramming\\AB_pic\\resources\\spiderweb.jpg'
11.1728 	EXP 	polygon: opacity = 0.0
11.1728 	EXP 	displayPicture: image = 'C:\\Users\\Employee\\Google Drive\\UP\\MyResearch\\TaskProgramming\\AB_pic\\resources\\spiderweb.jpg'
11.1894 	EXP 	polygon: opacity = 0.0
11.1894 	EXP 	displayPicture: image = 'C:\\Users\\Employee\\Google Drive\\UP\\MyResearch\\TaskProgramming\\AB_pic\\resources\\spiderweb.jpg'
11.2061 	EXP 	polygon: opacity = 0.0
11.2061 	EXP 	displayPicture: image = 'C:\\Users\\Employee\\Google Drive\\UP\\MyResearch\\TaskProgramming\\AB_pic\\resources\\spiderweb.jpg'
11.2228 	EXP 	polygon: opacity = 0.0
11.2228 	EXP 	displayPicture: image = 'C:\\Users\\Employee\\Google Drive\\UP\\MyResearch\\TaskProgramming\\AB_pic\\resources\\spiderweb.jpg'
11.2394 	EXP 	polygon: opacity = 0.0
11.2394 	EXP 	displayPicture: image = 'C:\\Users\\Employee\\Google Drive\\UP\\MyResearch\\TaskProgramming\\AB_pic\\resources\\spiderweb.jpg'
11.2561 	EXP 	polygon: opacity = 0.0
11.2561 	EXP 	displayPicture: image = 'C:\\Users\\Employee\\Google Drive\\UP\\MyResearch\\TaskProgramming\\AB_pic\\resources\\spiderweb.jpg'
11.2728 	EXP 	polygon: opacity = 0.0
11.2728 	EXP 	displayPicture: image = 'C:\\Users\\Employee\\Google Drive\\UP\\MyResearch\\TaskProgramming\\AB_pic\\resources\\spiderweb.jpg'
11.2895 	EXP 	polygon: opacity = 0.0
11.2895 	EXP 	displayPicture: image = 'C:\\Users\\Employee\\Google Drive\\UP\\MyResearch\\TaskProgramming\\AB_pic\\resources\\spiderweb.jpg'
11.3394 	EXP 	polygon: opacity = 0.0
11.3394 	EXP 	displayPicture: image = 'C:\\Users\\Employee\\Google Drive\\UP\\MyResearch\\TaskProgramming\\AB_pic\\resources\\spiderweb.jpg'
11.3394 	EXP 	polygon: autoDraw = False
11.3394 	EXP 	displayPicture: autoDraw = False
11.3394 	EXP 	option1_t1: image = 'C:\\Users\\Employee\\Google Drive\\UP\\MyResearch\\TaskProgramming\\AB_pic\\resources\\mummy.jpg'
11.3394 	EXP 	option2_t1: image = 'C:\\Users\\Employee\\Google Drive\\UP\\MyResearch\\TaskProgramming\\AB_pic\\resources\\scooter.jpg'
11.3394 	EXP 	text: autoDraw = True
11.3394 	EXP 	option1_t1: autoDraw = True
11.3394 	EXP 	option2_t1: autoDraw = True
12.3394 	EXP 	text: autoDraw = False
14.9754 	DATA 	Keypress: escape
15.1239 	EXP 	window1: mouseVisible = True
