0.8132 	WARNING 	We strongly recommend you activate the PTB sound engine in PsychoPy prefs as the preferred audio engine. Its timing is vastly superior. Your prefs are currently set to use ['sounddevice', 'PTB', 'pyo', 'pygame'] (in that order).
3.5030 	WARNING 	User requested fullscreen with size [1024  768], but screen is actually [1920, 1080]. Using actual size
4.3937 	EXP 	Created window1 = Window(allowGUI=False, allowStencil=False, args=UNKNOWN, autoLog=True, bitsMode=UNKNOWN, blendMode='avg', bpc=(8, 8, 8), color=array([0., 0., 0.]), colorSpace='rgb', depthBits=8, fullscr=<method-wrapper '__getattribute__' of attributeSetter object at 0x00000288F0B3EE80>, gamma=None, gammaErrorPolicy='raise', kwargs=UNKNOWN, lms=UNKNOWN, monitor=<psychopy.monitors.calibTools.Monitor object at 0x00000288F0A904E0>, multiSample=False, name='window1', numSamples=2, pos=[0.0, 0.0], screen=0, size=array([1920, 1080]), stencilBits=0, stereo=False, units='height', useFBO=True, useRetina=False, viewOri=0.0, viewPos=None, viewScale=None, waitBlanking=True, winType='pyglet')
4.3941 	EXP 	window1: mouseVisible = True
4.3941 	EXP 	window1: recordFrameIntervals = False
4.5600 	EXP 	window1: recordFrameIntervals = True
4.7434 	EXP 	window1: recordFrameIntervals = False
4.8230 	EXP 	Created polygon = Rect(__class__=<class 'psychopy.visual.rect.Rect'>, autoDraw=False, autoLog=True, closeShape=True, color=method-wrapper(...), colorSpace=None, contrast=1.0, depth=-3.0, fillColor=array([1., 0., 0.]), fillColorSpace='rgb', fillRGB=array([1., 0., 0.]), interpolate=True, lineColor=array([1., 1., 1.]), lineColorSpace='rgb', lineRGB=array([1., 1., 1.]), lineWidth=1, name='polygon', opacity=1.0, ori=array(0.), pos=array([0., 0.]), size=array([0.6, 0.6]), units='height', vertices=ndarray(...), win=Window(...))
4.8310 	EXP 	Created displayPicture = ImageStim(__class__=<class 'psychopy.visual.image.ImageStim'>, autoLog=True, color=array([1., 1., 1.]), colorSpace='rgb', contrast=1.0, depth=-4.0, flipHoriz=False, flipVert=False, image='sin', interpolate=True, mask=None, maskParams=None, name='displayPicture', opacity=1.0, ori=0.0, pos=array([0., 0.]), size=array([0.25, 0.25]), texRes=128, units='height', win=Window(...))
4.8337 	EXP 	Created polygon_2 = ShapeStim(__class__=<class 'psychopy.visual.shape.ShapeStim'>, autoDraw=False, autoLog=True, closeShape=True, contrast=1.0, depth=-5.0, fillColor=array([1., 1., 1.]), fillColorSpace='rgb', interpolate=True, lineColor=array([1., 1., 1.]), lineColorSpace='rgb', lineWidth=1, name='polygon_2', opacity=0.0, ori=array(0.), pos=array([0., 0.]), size=array([1., 1.]), units='height', vertices=ndarray(...), win=Window(...), windingRule=None)
4.8368 	EXP 	Created option1_t1 = ImageStim(__class__=<class 'psychopy.visual.image.ImageStim'>, autoLog=True, color=array([1., 1., 1.]), colorSpace='rgb', contrast=1.0, depth=-1.0, flipHoriz=False, flipVert=False, image='sin', interpolate=True, mask=None, maskParams=None, name='option1_t1', opacity=1.0, ori=0.0, pos=array([-0.3,  0. ]), size=array([0.25, 0.25]), texRes=128, units='height', win=Window(...))
4.8391 	EXP 	Created option2_t1 = ImageStim(__class__=<class 'psychopy.visual.image.ImageStim'>, autoLog=True, color=array([1., 1., 1.]), colorSpace='rgb', contrast=1.0, depth=-2.0, flipHoriz=False, flipVert=False, image='sin', interpolate=True, mask=None, maskParams=None, name='option2_t1', opacity=1.0, ori=0.0, pos=array([0.3, 0. ]), size=array([0.25, 0.25]), texRes=128, units='height', win=Window(...))
4.8414 	EXP 	Created option1_t2 = ImageStim(__class__=<class 'psychopy.visual.image.ImageStim'>, autoLog=True, color=array([1., 1., 1.]), colorSpace='rgb', contrast=1.0, depth=-1.0, flipHoriz=False, flipVert=False, image='sin', interpolate=True, mask=None, maskParams=None, name='option1_t2', opacity=1.0, ori=0.0, pos=array([0.3, 0. ]), size=array([0.25, 0.25]), texRes=128, units='height', win=Window(...))
4.8436 	EXP 	Created option2_t2 = ImageStim(__class__=<class 'psychopy.visual.image.ImageStim'>, autoLog=True, color=array([1., 1., 1.]), colorSpace='rgb', contrast=1.0, depth=-2.0, flipHoriz=False, flipVert=False, image='sin', interpolate=True, mask=None, maskParams=None, name='option2_t2', opacity=1.0, ori=0.0, pos=array([-0.3,  0. ]), size=array([0.25, 0.25]), texRes=128, units='height', win=Window(...))
4.8822 	EXP 	Imported conditionAB.xlsx as conditions, 140 conditions, 9 params
4.8827 	EXP 	Created sequence: random, trialTypes=140, nReps=1, seed=None
4.8830 	EXP 	New trial (rep=0, index=0): OrderedDict([('trialType', 'AB'), ('cndTyp', 'lag7'), ('lag', 7), ('T1_loc', 3), ('gap', 0), ('T2_loc', 10), ('primePos', 102), ('stimLen', 0.2), ('isi', 0.05)])
4.9728 	EXP 	polygon: autoDraw = True
4.9728 	EXP 	polygon: opacity = 0.0
4.9728 	EXP 	displayPicture: autoDraw = True
4.9728 	EXP 	displayPicture: image = 'C:\\Users\\Employee\\Google Drive\\UP\\MyResearch\\TaskProgramming\\AB_pic\\resources\\kiwi03.jpg'
4.9728 	EXP 	polygon_2: autoDraw = True
4.9932 	EXP 	polygon: opacity = 0.0
4.9932 	EXP 	displayPicture: image = 'C:\\Users\\Employee\\Google Drive\\UP\\MyResearch\\TaskProgramming\\AB_pic\\resources\\kiwi03.jpg'
5.0099 	EXP 	polygon: opacity = 0.0
5.0099 	EXP 	displayPicture: image = 'C:\\Users\\Employee\\Google Drive\\UP\\MyResearch\\TaskProgramming\\AB_pic\\resources\\kiwi03.jpg'
5.0266 	EXP 	polygon: opacity = 0.0
5.0266 	EXP 	displayPicture: image = 'C:\\Users\\Employee\\Google Drive\\UP\\MyResearch\\TaskProgramming\\AB_pic\\resources\\kiwi03.jpg'
5.0434 	EXP 	polygon: opacity = 0.0
5.0434 	EXP 	displayPicture: image = 'C:\\Users\\Employee\\Google Drive\\UP\\MyResearch\\TaskProgramming\\AB_pic\\resources\\kiwi03.jpg'
5.0599 	EXP 	polygon: opacity = 0.0
5.0599 	EXP 	displayPicture: image = 'C:\\Users\\Employee\\Google Drive\\UP\\MyResearch\\TaskProgramming\\AB_pic\\resources\\kiwi03.jpg'
5.0766 	EXP 	polygon: opacity = 0.0
5.0766 	EXP 	displayPicture: image = 'C:\\Users\\Employee\\Google Drive\\UP\\MyResearch\\TaskProgramming\\AB_pic\\resources\\kiwi03.jpg'
5.0932 	EXP 	polygon: opacity = 0.0
5.0932 	EXP 	displayPicture: image = 'C:\\Users\\Employee\\Google Drive\\UP\\MyResearch\\TaskProgramming\\AB_pic\\resources\\kiwi03.jpg'
5.1099 	EXP 	polygon: opacity = 0.0
5.1099 	EXP 	displayPicture: image = 'C:\\Users\\Employee\\Google Drive\\UP\\MyResearch\\TaskProgramming\\AB_pic\\resources\\kiwi03.jpg'
5.1266 	EXP 	polygon: opacity = 0.0
5.1266 	EXP 	displayPicture: image = 'C:\\Users\\Employee\\Google Drive\\UP\\MyResearch\\TaskProgramming\\AB_pic\\resources\\kiwi03.jpg'
5.1432 	EXP 	polygon: opacity = 0.0
5.1432 	EXP 	displayPicture: image = 'C:\\Users\\Employee\\Google Drive\\UP\\MyResearch\\TaskProgramming\\AB_pic\\resources\\well.jpg'
5.1599 	EXP 	polygon: opacity = 0.0
5.1599 	EXP 	displayPicture: image = 'C:\\Users\\Employee\\Google Drive\\UP\\MyResearch\\TaskProgramming\\AB_pic\\resources\\well.jpg'
5.1766 	EXP 	polygon: opacity = 0.0
5.1766 	EXP 	displayPicture: image = 'C:\\Users\\Employee\\Google Drive\\UP\\MyResearch\\TaskProgramming\\AB_pic\\resources\\well.jpg'
5.1933 	EXP 	polygon: opacity = 0.0
5.1933 	EXP 	displayPicture: image = 'C:\\Users\\Employee\\Google Drive\\UP\\MyResearch\\TaskProgramming\\AB_pic\\resources\\well.jpg'
5.2099 	EXP 	polygon: opacity = 0.0
5.2099 	EXP 	displayPicture: image = 'C:\\Users\\Employee\\Google Drive\\UP\\MyResearch\\TaskProgramming\\AB_pic\\resources\\well.jpg'
5.2265 	EXP 	polygon: opacity = 0.0
5.2265 	EXP 	displayPicture: image = 'C:\\Users\\Employee\\Google Drive\\UP\\MyResearch\\TaskProgramming\\AB_pic\\resources\\well.jpg'
5.2432 	EXP 	polygon: opacity = 0.0
5.2432 	EXP 	displayPicture: image = 'C:\\Users\\Employee\\Google Drive\\UP\\MyResearch\\TaskProgramming\\AB_pic\\resources\\well.jpg'
5.2599 	EXP 	polygon: opacity = 0.0
5.2599 	EXP 	displayPicture: image = 'C:\\Users\\Employee\\Google Drive\\UP\\MyResearch\\TaskProgramming\\AB_pic\\resources\\well.jpg'
5.2765 	EXP 	polygon: opacity = 0.0
5.2765 	EXP 	displayPicture: image = 'C:\\Users\\Employee\\Google Drive\\UP\\MyResearch\\TaskProgramming\\AB_pic\\resources\\well.jpg'
5.2932 	EXP 	polygon: opacity = 0.0
5.2932 	EXP 	displayPicture: image = 'C:\\Users\\Employee\\Google Drive\\UP\\MyResearch\\TaskProgramming\\AB_pic\\resources\\well.jpg'
5.3098 	EXP 	polygon: opacity = 0.0
5.3098 	EXP 	displayPicture: image = 'C:\\Users\\Employee\\Google Drive\\UP\\MyResearch\\TaskProgramming\\AB_pic\\resources\\well.jpg'
5.3265 	EXP 	polygon: opacity = 0.0
5.3265 	EXP 	displayPicture: image = 'C:\\Users\\Employee\\Google Drive\\UP\\MyResearch\\TaskProgramming\\AB_pic\\resources\\well.jpg'
5.3432 	EXP 	polygon: opacity = 0.0
5.3432 	EXP 	displayPicture: image = 'C:\\Users\\Employee\\Google Drive\\UP\\MyResearch\\TaskProgramming\\AB_pic\\resources\\well.jpg'
5.3599 	EXP 	polygon: opacity = 0.0
5.3599 	EXP 	displayPicture: image = 'C:\\Users\\Employee\\Google Drive\\UP\\MyResearch\\TaskProgramming\\AB_pic\\resources\\well.jpg'
5.3766 	EXP 	polygon: opacity = 0.0
5.3766 	EXP 	displayPicture: image = 'C:\\Users\\Employee\\Google Drive\\UP\\MyResearch\\TaskProgramming\\AB_pic\\resources\\well.jpg'
5.3932 	EXP 	polygon: opacity = 1.0
5.3932 	EXP 	displayPicture: image = 'C:\\Users\\Employee\\Google Drive\\UP\\MyResearch\\TaskProgramming\\AB_pic\\resources\\parkfountain.jpg'
5.4266 	EXP 	polygon: opacity = 1.0
5.4266 	EXP 	displayPicture: image = 'C:\\Users\\Employee\\Google Drive\\UP\\MyResearch\\TaskProgramming\\AB_pic\\resources\\parkfountain.jpg'
5.4432 	EXP 	polygon: opacity = 1.0
5.4432 	EXP 	displayPicture: image = 'C:\\Users\\Employee\\Google Drive\\UP\\MyResearch\\TaskProgramming\\AB_pic\\resources\\parkfountain.jpg'
5.4599 	EXP 	polygon: opacity = 1.0
5.4599 	EXP 	displayPicture: image = 'C:\\Users\\Employee\\Google Drive\\UP\\MyResearch\\TaskProgramming\\AB_pic\\resources\\parkfountain.jpg'
5.4768 	EXP 	polygon: opacity = 1.0
5.4768 	EXP 	displayPicture: image = 'C:\\Users\\Employee\\Google Drive\\UP\\MyResearch\\TaskProgramming\\AB_pic\\resources\\parkfountain.jpg'
5.4932 	EXP 	polygon: opacity = 1.0
5.4932 	EXP 	displayPicture: image = 'C:\\Users\\Employee\\Google Drive\\UP\\MyResearch\\TaskProgramming\\AB_pic\\resources\\parkfountain.jpg'
5.5099 	EXP 	polygon: opacity = 1.0
5.5099 	EXP 	displayPicture: image = 'C:\\Users\\Employee\\Google Drive\\UP\\MyResearch\\TaskProgramming\\AB_pic\\resources\\parkfountain.jpg'
5.5265 	EXP 	polygon: opacity = 1.0
5.5265 	EXP 	displayPicture: image = 'C:\\Users\\Employee\\Google Drive\\UP\\MyResearch\\TaskProgramming\\AB_pic\\resources\\parkfountain.jpg'
5.5432 	EXP 	polygon: opacity = 1.0
5.5432 	EXP 	displayPicture: image = 'C:\\Users\\Employee\\Google Drive\\UP\\MyResearch\\TaskProgramming\\AB_pic\\resources\\parkfountain.jpg'
5.5599 	EXP 	polygon: opacity = 1.0
5.5599 	EXP 	displayPicture: image = 'C:\\Users\\Employee\\Google Drive\\UP\\MyResearch\\TaskProgramming\\AB_pic\\resources\\parkfountain.jpg'
5.5765 	EXP 	polygon: opacity = 1.0
5.5765 	EXP 	displayPicture: image = 'C:\\Users\\Employee\\Google Drive\\UP\\MyResearch\\TaskProgramming\\AB_pic\\resources\\parkfountain.jpg'
5.5932 	EXP 	polygon: opacity = 1.0
5.5932 	EXP 	displayPicture: image = 'C:\\Users\\Employee\\Google Drive\\UP\\MyResearch\\TaskProgramming\\AB_pic\\resources\\parkfountain.jpg'
5.6099 	EXP 	polygon: opacity = 1.0
5.6099 	EXP 	displayPicture: image = 'C:\\Users\\Employee\\Google Drive\\UP\\MyResearch\\TaskProgramming\\AB_pic\\resources\\parkfountain.jpg'
5.6265 	EXP 	polygon: opacity = 1.0
5.6265 	EXP 	displayPicture: image = 'C:\\Users\\Employee\\Google Drive\\UP\\MyResearch\\TaskProgramming\\AB_pic\\resources\\parkfountain.jpg'
5.6434 	EXP 	polygon: opacity = 0.0
5.6434 	EXP 	displayPicture: image = 'C:\\Users\\Employee\\Google Drive\\UP\\MyResearch\\TaskProgramming\\AB_pic\\resources\\recyclingbin.jpg'
5.6598 	EXP 	polygon: opacity = 0.0
5.6598 	EXP 	displayPicture: image = 'C:\\Users\\Employee\\Google Drive\\UP\\MyResearch\\TaskProgramming\\AB_pic\\resources\\recyclingbin.jpg'
5.6765 	EXP 	polygon: opacity = 0.0
5.6765 	EXP 	displayPicture: image = 'C:\\Users\\Employee\\Google Drive\\UP\\MyResearch\\TaskProgramming\\AB_pic\\resources\\recyclingbin.jpg'
5.6931 	EXP 	polygon: opacity = 0.0
5.6931 	EXP 	displayPicture: image = 'C:\\Users\\Employee\\Google Drive\\UP\\MyResearch\\TaskProgramming\\AB_pic\\resources\\recyclingbin.jpg'
5.7098 	EXP 	polygon: opacity = 0.0
5.7098 	EXP 	displayPicture: image = 'C:\\Users\\Employee\\Google Drive\\UP\\MyResearch\\TaskProgramming\\AB_pic\\resources\\recyclingbin.jpg'
5.7265 	EXP 	polygon: opacity = 0.0
5.7265 	EXP 	displayPicture: image = 'C:\\Users\\Employee\\Google Drive\\UP\\MyResearch\\TaskProgramming\\AB_pic\\resources\\recyclingbin.jpg'
5.7432 	EXP 	polygon: opacity = 0.0
5.7432 	EXP 	displayPicture: image = 'C:\\Users\\Employee\\Google Drive\\UP\\MyResearch\\TaskProgramming\\AB_pic\\resources\\recyclingbin.jpg'
5.7598 	EXP 	polygon: opacity = 0.0
5.7598 	EXP 	displayPicture: image = 'C:\\Users\\Employee\\Google Drive\\UP\\MyResearch\\TaskProgramming\\AB_pic\\resources\\recyclingbin.jpg'
5.7765 	EXP 	polygon: opacity = 0.0
5.7765 	EXP 	displayPicture: image = 'C:\\Users\\Employee\\Google Drive\\UP\\MyResearch\\TaskProgramming\\AB_pic\\resources\\recyclingbin.jpg'
5.7932 	EXP 	polygon: opacity = 0.0
5.7932 	EXP 	displayPicture: image = 'C:\\Users\\Employee\\Google Drive\\UP\\MyResearch\\TaskProgramming\\AB_pic\\resources\\recyclingbin.jpg'
5.8099 	EXP 	polygon: opacity = 0.0
5.8099 	EXP 	displayPicture: image = 'C:\\Users\\Employee\\Google Drive\\UP\\MyResearch\\TaskProgramming\\AB_pic\\resources\\recyclingbin.jpg'
5.8265 	EXP 	polygon: opacity = 0.0
5.8265 	EXP 	displayPicture: image = 'C:\\Users\\Employee\\Google Drive\\UP\\MyResearch\\TaskProgramming\\AB_pic\\resources\\recyclingbin.jpg'
5.8432 	EXP 	polygon: opacity = 0.0
5.8432 	EXP 	displayPicture: image = 'C:\\Users\\Employee\\Google Drive\\UP\\MyResearch\\TaskProgramming\\AB_pic\\resources\\recyclingbin.jpg'
5.8598 	EXP 	polygon: opacity = 0.0
5.8598 	EXP 	displayPicture: image = 'C:\\Users\\Employee\\Google Drive\\UP\\MyResearch\\TaskProgramming\\AB_pic\\resources\\recyclingbin.jpg'
5.8765 	EXP 	polygon: opacity = 0.0
5.8765 	EXP 	displayPicture: image = 'C:\\Users\\Employee\\Google Drive\\UP\\MyResearch\\TaskProgramming\\AB_pic\\resources\\recyclingbin.jpg'
5.8932 	EXP 	polygon: opacity = 0.0
5.8932 	EXP 	displayPicture: image = 'C:\\Users\\Employee\\Google Drive\\UP\\MyResearch\\TaskProgramming\\AB_pic\\resources\\sausage.jpg'
5.9098 	EXP 	polygon: opacity = 0.0
5.9098 	EXP 	displayPicture: image = 'C:\\Users\\Employee\\Google Drive\\UP\\MyResearch\\TaskProgramming\\AB_pic\\resources\\sausage.jpg'
5.9265 	EXP 	polygon: opacity = 0.0
5.9265 	EXP 	displayPicture: image = 'C:\\Users\\Employee\\Google Drive\\UP\\MyResearch\\TaskProgramming\\AB_pic\\resources\\sausage.jpg'
5.9432 	EXP 	polygon: opacity = 0.0
5.9432 	EXP 	displayPicture: image = 'C:\\Users\\Employee\\Google Drive\\UP\\MyResearch\\TaskProgramming\\AB_pic\\resources\\sausage.jpg'
5.9598 	EXP 	polygon: opacity = 0.0
5.9598 	EXP 	displayPicture: image = 'C:\\Users\\Employee\\Google Drive\\UP\\MyResearch\\TaskProgramming\\AB_pic\\resources\\sausage.jpg'
5.9765 	EXP 	polygon: opacity = 0.0
5.9765 	EXP 	displayPicture: image = 'C:\\Users\\Employee\\Google Drive\\UP\\MyResearch\\TaskProgramming\\AB_pic\\resources\\sausage.jpg'
5.9932 	EXP 	polygon: opacity = 0.0
5.9932 	EXP 	displayPicture: image = 'C:\\Users\\Employee\\Google Drive\\UP\\MyResearch\\TaskProgramming\\AB_pic\\resources\\sausage.jpg'
6.0098 	EXP 	polygon: opacity = 0.0
6.0098 	EXP 	displayPicture: image = 'C:\\Users\\Employee\\Google Drive\\UP\\MyResearch\\TaskProgramming\\AB_pic\\resources\\sausage.jpg'
6.0265 	EXP 	polygon: opacity = 0.0
6.0265 	EXP 	displayPicture: image = 'C:\\Users\\Employee\\Google Drive\\UP\\MyResearch\\TaskProgramming\\AB_pic\\resources\\sausage.jpg'
6.0432 	EXP 	polygon: opacity = 0.0
6.0432 	EXP 	displayPicture: image = 'C:\\Users\\Employee\\Google Drive\\UP\\MyResearch\\TaskProgramming\\AB_pic\\resources\\sausage.jpg'
6.0598 	EXP 	polygon: opacity = 0.0
6.0598 	EXP 	displayPicture: image = 'C:\\Users\\Employee\\Google Drive\\UP\\MyResearch\\TaskProgramming\\AB_pic\\resources\\sausage.jpg'
6.0765 	EXP 	polygon: opacity = 0.0
6.0765 	EXP 	displayPicture: image = 'C:\\Users\\Employee\\Google Drive\\UP\\MyResearch\\TaskProgramming\\AB_pic\\resources\\sausage.jpg'
6.0932 	EXP 	polygon: opacity = 0.0
6.0932 	EXP 	displayPicture: image = 'C:\\Users\\Employee\\Google Drive\\UP\\MyResearch\\TaskProgramming\\AB_pic\\resources\\sausage.jpg'
6.1098 	EXP 	polygon: opacity = 0.0
6.1098 	EXP 	displayPicture: image = 'C:\\Users\\Employee\\Google Drive\\UP\\MyResearch\\TaskProgramming\\AB_pic\\resources\\sausage.jpg'
6.1265 	EXP 	polygon: opacity = 0.0
6.1265 	EXP 	displayPicture: image = 'C:\\Users\\Employee\\Google Drive\\UP\\MyResearch\\TaskProgramming\\AB_pic\\resources\\sausage.jpg'
6.1429 	EXP 	polygon: opacity = 0.0
6.1429 	EXP 	displayPicture: image = 'C:\\Users\\Employee\\Google Drive\\UP\\MyResearch\\TaskProgramming\\AB_pic\\resources\\cigar.jpg'
6.1595 	EXP 	polygon: opacity = 0.0
6.1595 	EXP 	displayPicture: image = 'C:\\Users\\Employee\\Google Drive\\UP\\MyResearch\\TaskProgramming\\AB_pic\\resources\\cigar.jpg'
6.1762 	EXP 	polygon: opacity = 0.0
6.1762 	EXP 	displayPicture: image = 'C:\\Users\\Employee\\Google Drive\\UP\\MyResearch\\TaskProgramming\\AB_pic\\resources\\cigar.jpg'
6.1929 	EXP 	polygon: opacity = 0.0
6.1929 	EXP 	displayPicture: image = 'C:\\Users\\Employee\\Google Drive\\UP\\MyResearch\\TaskProgramming\\AB_pic\\resources\\cigar.jpg'
6.2095 	EXP 	polygon: opacity = 0.0
6.2095 	EXP 	displayPicture: image = 'C:\\Users\\Employee\\Google Drive\\UP\\MyResearch\\TaskProgramming\\AB_pic\\resources\\cigar.jpg'
6.2262 	EXP 	polygon: opacity = 0.0
6.2262 	EXP 	displayPicture: image = 'C:\\Users\\Employee\\Google Drive\\UP\\MyResearch\\TaskProgramming\\AB_pic\\resources\\cigar.jpg'
6.2428 	EXP 	polygon: opacity = 0.0
6.2428 	EXP 	displayPicture: image = 'C:\\Users\\Employee\\Google Drive\\UP\\MyResearch\\TaskProgramming\\AB_pic\\resources\\cigar.jpg'
6.2595 	EXP 	polygon: opacity = 0.0
6.2595 	EXP 	displayPicture: image = 'C:\\Users\\Employee\\Google Drive\\UP\\MyResearch\\TaskProgramming\\AB_pic\\resources\\cigar.jpg'
6.2762 	EXP 	polygon: opacity = 0.0
6.2762 	EXP 	displayPicture: image = 'C:\\Users\\Employee\\Google Drive\\UP\\MyResearch\\TaskProgramming\\AB_pic\\resources\\cigar.jpg'
6.2929 	EXP 	polygon: opacity = 0.0
6.2929 	EXP 	displayPicture: image = 'C:\\Users\\Employee\\Google Drive\\UP\\MyResearch\\TaskProgramming\\AB_pic\\resources\\cigar.jpg'
6.3095 	EXP 	polygon: opacity = 0.0
6.3095 	EXP 	displayPicture: image = 'C:\\Users\\Employee\\Google Drive\\UP\\MyResearch\\TaskProgramming\\AB_pic\\resources\\cigar.jpg'
6.3262 	EXP 	polygon: opacity = 0.0
6.3262 	EXP 	displayPicture: image = 'C:\\Users\\Employee\\Google Drive\\UP\\MyResearch\\TaskProgramming\\AB_pic\\resources\\cigar.jpg'
6.3429 	EXP 	polygon: opacity = 0.0
6.3429 	EXP 	displayPicture: image = 'C:\\Users\\Employee\\Google Drive\\UP\\MyResearch\\TaskProgramming\\AB_pic\\resources\\cigar.jpg'
6.3595 	EXP 	polygon: opacity = 0.0
6.3595 	EXP 	displayPicture: image = 'C:\\Users\\Employee\\Google Drive\\UP\\MyResearch\\TaskProgramming\\AB_pic\\resources\\cigar.jpg'
6.3762 	EXP 	polygon: opacity = 0.0
6.3762 	EXP 	displayPicture: image = 'C:\\Users\\Employee\\Google Drive\\UP\\MyResearch\\TaskProgramming\\AB_pic\\resources\\cigar.jpg'
6.3929 	EXP 	polygon: opacity = 0.0
6.3929 	EXP 	displayPicture: image = 'C:\\Users\\Employee\\Google Drive\\UP\\MyResearch\\TaskProgramming\\AB_pic\\resources\\jellybean.jpg'
6.4095 	EXP 	polygon: opacity = 0.0
6.4095 	EXP 	displayPicture: image = 'C:\\Users\\Employee\\Google Drive\\UP\\MyResearch\\TaskProgramming\\AB_pic\\resources\\jellybean.jpg'
6.4262 	EXP 	polygon: opacity = 0.0
6.4262 	EXP 	displayPicture: image = 'C:\\Users\\Employee\\Google Drive\\UP\\MyResearch\\TaskProgramming\\AB_pic\\resources\\jellybean.jpg'
6.4429 	EXP 	polygon: opacity = 0.0
6.4429 	EXP 	displayPicture: image = 'C:\\Users\\Employee\\Google Drive\\UP\\MyResearch\\TaskProgramming\\AB_pic\\resources\\jellybean.jpg'
6.4595 	EXP 	polygon: opacity = 0.0
6.4595 	EXP 	displayPicture: image = 'C:\\Users\\Employee\\Google Drive\\UP\\MyResearch\\TaskProgramming\\AB_pic\\resources\\jellybean.jpg'
6.4762 	EXP 	polygon: opacity = 0.0
6.4762 	EXP 	displayPicture: image = 'C:\\Users\\Employee\\Google Drive\\UP\\MyResearch\\TaskProgramming\\AB_pic\\resources\\jellybean.jpg'
6.4929 	EXP 	polygon: opacity = 0.0
6.4929 	EXP 	displayPicture: image = 'C:\\Users\\Employee\\Google Drive\\UP\\MyResearch\\TaskProgramming\\AB_pic\\resources\\jellybean.jpg'
6.5095 	EXP 	polygon: opacity = 0.0
6.5095 	EXP 	displayPicture: image = 'C:\\Users\\Employee\\Google Drive\\UP\\MyResearch\\TaskProgramming\\AB_pic\\resources\\jellybean.jpg'
6.5262 	EXP 	polygon: opacity = 0.0
6.5262 	EXP 	displayPicture: image = 'C:\\Users\\Employee\\Google Drive\\UP\\MyResearch\\TaskProgramming\\AB_pic\\resources\\jellybean.jpg'
6.5429 	EXP 	polygon: opacity = 0.0
6.5429 	EXP 	displayPicture: image = 'C:\\Users\\Employee\\Google Drive\\UP\\MyResearch\\TaskProgramming\\AB_pic\\resources\\jellybean.jpg'
6.5595 	EXP 	polygon: opacity = 0.0
6.5595 	EXP 	displayPicture: image = 'C:\\Users\\Employee\\Google Drive\\UP\\MyResearch\\TaskProgramming\\AB_pic\\resources\\jellybean.jpg'
6.5762 	EXP 	polygon: opacity = 0.0
6.5762 	EXP 	displayPicture: image = 'C:\\Users\\Employee\\Google Drive\\UP\\MyResearch\\TaskProgramming\\AB_pic\\resources\\jellybean.jpg'
6.5928 	EXP 	polygon: opacity = 0.0
6.5928 	EXP 	displayPicture: image = 'C:\\Users\\Employee\\Google Drive\\UP\\MyResearch\\TaskProgramming\\AB_pic\\resources\\jellybean.jpg'
6.6095 	EXP 	polygon: opacity = 0.0
6.6095 	EXP 	displayPicture: image = 'C:\\Users\\Employee\\Google Drive\\UP\\MyResearch\\TaskProgramming\\AB_pic\\resources\\jellybean.jpg'
6.6262 	EXP 	polygon: opacity = 0.0
6.6262 	EXP 	displayPicture: image = 'C:\\Users\\Employee\\Google Drive\\UP\\MyResearch\\TaskProgramming\\AB_pic\\resources\\jellybean.jpg'
6.6429 	EXP 	polygon: opacity = 0.0
6.6429 	EXP 	displayPicture: image = 'C:\\Users\\Employee\\Google Drive\\UP\\MyResearch\\TaskProgramming\\AB_pic\\resources\\tarantula.jpg'
6.6595 	EXP 	polygon: opacity = 0.0
6.6595 	EXP 	displayPicture: image = 'C:\\Users\\Employee\\Google Drive\\UP\\MyResearch\\TaskProgramming\\AB_pic\\resources\\tarantula.jpg'
6.6762 	EXP 	polygon: opacity = 0.0
6.6762 	EXP 	displayPicture: image = 'C:\\Users\\Employee\\Google Drive\\UP\\MyResearch\\TaskProgramming\\AB_pic\\resources\\tarantula.jpg'
6.6929 	EXP 	polygon: opacity = 0.0
6.6929 	EXP 	displayPicture: image = 'C:\\Users\\Employee\\Google Drive\\UP\\MyResearch\\TaskProgramming\\AB_pic\\resources\\tarantula.jpg'
6.7095 	EXP 	polygon: opacity = 0.0
6.7095 	EXP 	displayPicture: image = 'C:\\Users\\Employee\\Google Drive\\UP\\MyResearch\\TaskProgramming\\AB_pic\\resources\\tarantula.jpg'
6.7262 	EXP 	polygon: opacity = 0.0
6.7262 	EXP 	displayPicture: image = 'C:\\Users\\Employee\\Google Drive\\UP\\MyResearch\\TaskProgramming\\AB_pic\\resources\\tarantula.jpg'
6.7429 	EXP 	polygon: opacity = 0.0
6.7429 	EXP 	displayPicture: image = 'C:\\Users\\Employee\\Google Drive\\UP\\MyResearch\\TaskProgramming\\AB_pic\\resources\\tarantula.jpg'
6.7595 	EXP 	polygon: opacity = 0.0
6.7595 	EXP 	displayPicture: image = 'C:\\Users\\Employee\\Google Drive\\UP\\MyResearch\\TaskProgramming\\AB_pic\\resources\\tarantula.jpg'
6.7762 	EXP 	polygon: opacity = 0.0
6.7762 	EXP 	displayPicture: image = 'C:\\Users\\Employee\\Google Drive\\UP\\MyResearch\\TaskProgramming\\AB_pic\\resources\\tarantula.jpg'
6.7928 	EXP 	polygon: opacity = 0.0
6.7928 	EXP 	displayPicture: image = 'C:\\Users\\Employee\\Google Drive\\UP\\MyResearch\\TaskProgramming\\AB_pic\\resources\\tarantula.jpg'
6.8095 	EXP 	polygon: opacity = 0.0
6.8095 	EXP 	displayPicture: image = 'C:\\Users\\Employee\\Google Drive\\UP\\MyResearch\\TaskProgramming\\AB_pic\\resources\\tarantula.jpg'
6.8261 	EXP 	polygon: opacity = 0.0
6.8261 	EXP 	displayPicture: image = 'C:\\Users\\Employee\\Google Drive\\UP\\MyResearch\\TaskProgramming\\AB_pic\\resources\\tarantula.jpg'
6.8428 	EXP 	polygon: opacity = 0.0
6.8428 	EXP 	displayPicture: image = 'C:\\Users\\Employee\\Google Drive\\UP\\MyResearch\\TaskProgramming\\AB_pic\\resources\\tarantula.jpg'
6.8595 	EXP 	polygon: opacity = 0.0
6.8595 	EXP 	displayPicture: image = 'C:\\Users\\Employee\\Google Drive\\UP\\MyResearch\\TaskProgramming\\AB_pic\\resources\\tarantula.jpg'
6.8762 	EXP 	polygon: opacity = 0.0
6.8762 	EXP 	displayPicture: image = 'C:\\Users\\Employee\\Google Drive\\UP\\MyResearch\\TaskProgramming\\AB_pic\\resources\\tarantula.jpg'
6.8928 	EXP 	polygon: opacity = 0.0
6.8928 	EXP 	displayPicture: image = 'C:\\Users\\Employee\\Google Drive\\UP\\MyResearch\\TaskProgramming\\AB_pic\\resources\\bowlingpin.jpg'
6.9095 	EXP 	polygon: opacity = 0.0
6.9095 	EXP 	displayPicture: image = 'C:\\Users\\Employee\\Google Drive\\UP\\MyResearch\\TaskProgramming\\AB_pic\\resources\\bowlingpin.jpg'
6.9262 	EXP 	polygon: opacity = 0.0
6.9262 	EXP 	displayPicture: image = 'C:\\Users\\Employee\\Google Drive\\UP\\MyResearch\\TaskProgramming\\AB_pic\\resources\\bowlingpin.jpg'
6.9428 	EXP 	polygon: opacity = 0.0
6.9428 	EXP 	displayPicture: image = 'C:\\Users\\Employee\\Google Drive\\UP\\MyResearch\\TaskProgramming\\AB_pic\\resources\\bowlingpin.jpg'
6.9595 	EXP 	polygon: opacity = 0.0
6.9595 	EXP 	displayPicture: image = 'C:\\Users\\Employee\\Google Drive\\UP\\MyResearch\\TaskProgramming\\AB_pic\\resources\\bowlingpin.jpg'
6.9761 	EXP 	polygon: opacity = 0.0
6.9761 	EXP 	displayPicture: image = 'C:\\Users\\Employee\\Google Drive\\UP\\MyResearch\\TaskProgramming\\AB_pic\\resources\\bowlingpin.jpg'
6.9928 	EXP 	polygon: opacity = 0.0
6.9928 	EXP 	displayPicture: image = 'C:\\Users\\Employee\\Google Drive\\UP\\MyResearch\\TaskProgramming\\AB_pic\\resources\\bowlingpin.jpg'
7.0095 	EXP 	polygon: opacity = 0.0
7.0095 	EXP 	displayPicture: image = 'C:\\Users\\Employee\\Google Drive\\UP\\MyResearch\\TaskProgramming\\AB_pic\\resources\\bowlingpin.jpg'
7.0262 	EXP 	polygon: opacity = 0.0
7.0262 	EXP 	displayPicture: image = 'C:\\Users\\Employee\\Google Drive\\UP\\MyResearch\\TaskProgramming\\AB_pic\\resources\\bowlingpin.jpg'
7.0428 	EXP 	polygon: opacity = 0.0
7.0428 	EXP 	displayPicture: image = 'C:\\Users\\Employee\\Google Drive\\UP\\MyResearch\\TaskProgramming\\AB_pic\\resources\\bowlingpin.jpg'
7.0595 	EXP 	polygon: opacity = 0.0
7.0595 	EXP 	displayPicture: image = 'C:\\Users\\Employee\\Google Drive\\UP\\MyResearch\\TaskProgramming\\AB_pic\\resources\\bowlingpin.jpg'
7.0762 	EXP 	polygon: opacity = 0.0
7.0762 	EXP 	displayPicture: image = 'C:\\Users\\Employee\\Google Drive\\UP\\MyResearch\\TaskProgramming\\AB_pic\\resources\\bowlingpin.jpg'
7.0928 	EXP 	polygon: opacity = 0.0
7.0928 	EXP 	displayPicture: image = 'C:\\Users\\Employee\\Google Drive\\UP\\MyResearch\\TaskProgramming\\AB_pic\\resources\\bowlingpin.jpg'
7.1095 	EXP 	polygon: opacity = 0.0
7.1095 	EXP 	displayPicture: image = 'C:\\Users\\Employee\\Google Drive\\UP\\MyResearch\\TaskProgramming\\AB_pic\\resources\\bowlingpin.jpg'
7.1261 	EXP 	polygon: opacity = 0.0
7.1261 	EXP 	displayPicture: image = 'C:\\Users\\Employee\\Google Drive\\UP\\MyResearch\\TaskProgramming\\AB_pic\\resources\\bowlingpin.jpg'
7.1428 	EXP 	polygon: opacity = 1.0
7.1428 	EXP 	displayPicture: image = 'C:\\Users\\Employee\\Google Drive\\UP\\MyResearch\\TaskProgramming\\AB_pic\\resources\\grizzly.jpg'
7.1595 	EXP 	polygon: opacity = 1.0
7.1595 	EXP 	displayPicture: image = 'C:\\Users\\Employee\\Google Drive\\UP\\MyResearch\\TaskProgramming\\AB_pic\\resources\\grizzly.jpg'
7.1761 	EXP 	polygon: opacity = 1.0
7.1761 	EXP 	displayPicture: image = 'C:\\Users\\Employee\\Google Drive\\UP\\MyResearch\\TaskProgramming\\AB_pic\\resources\\grizzly.jpg'
7.1928 	EXP 	polygon: opacity = 1.0
7.1928 	EXP 	displayPicture: image = 'C:\\Users\\Employee\\Google Drive\\UP\\MyResearch\\TaskProgramming\\AB_pic\\resources\\grizzly.jpg'
7.2095 	EXP 	polygon: opacity = 1.0
7.2095 	EXP 	displayPicture: image = 'C:\\Users\\Employee\\Google Drive\\UP\\MyResearch\\TaskProgramming\\AB_pic\\resources\\grizzly.jpg'
7.2262 	EXP 	polygon: opacity = 1.0
7.2262 	EXP 	displayPicture: image = 'C:\\Users\\Employee\\Google Drive\\UP\\MyResearch\\TaskProgramming\\AB_pic\\resources\\grizzly.jpg'
7.2428 	EXP 	polygon: opacity = 1.0
7.2428 	EXP 	displayPicture: image = 'C:\\Users\\Employee\\Google Drive\\UP\\MyResearch\\TaskProgramming\\AB_pic\\resources\\grizzly.jpg'
7.2595 	EXP 	polygon: opacity = 1.0
7.2595 	EXP 	displayPicture: image = 'C:\\Users\\Employee\\Google Drive\\UP\\MyResearch\\TaskProgramming\\AB_pic\\resources\\grizzly.jpg'
7.2762 	EXP 	polygon: opacity = 1.0
7.2762 	EXP 	displayPicture: image = 'C:\\Users\\Employee\\Google Drive\\UP\\MyResearch\\TaskProgramming\\AB_pic\\resources\\grizzly.jpg'
7.2928 	EXP 	polygon: opacity = 1.0
7.2928 	EXP 	displayPicture: image = 'C:\\Users\\Employee\\Google Drive\\UP\\MyResearch\\TaskProgramming\\AB_pic\\resources\\grizzly.jpg'
7.3095 	EXP 	polygon: opacity = 1.0
7.3095 	EXP 	displayPicture: image = 'C:\\Users\\Employee\\Google Drive\\UP\\MyResearch\\TaskProgramming\\AB_pic\\resources\\grizzly.jpg'
7.3261 	EXP 	polygon: opacity = 1.0
7.3261 	EXP 	displayPicture: image = 'C:\\Users\\Employee\\Google Drive\\UP\\MyResearch\\TaskProgramming\\AB_pic\\resources\\grizzly.jpg'
7.3428 	EXP 	polygon: opacity = 1.0
7.3428 	EXP 	displayPicture: image = 'C:\\Users\\Employee\\Google Drive\\UP\\MyResearch\\TaskProgramming\\AB_pic\\resources\\grizzly.jpg'
7.3594 	EXP 	polygon: opacity = 1.0
7.3594 	EXP 	displayPicture: image = 'C:\\Users\\Employee\\Google Drive\\UP\\MyResearch\\TaskProgramming\\AB_pic\\resources\\grizzly.jpg'
7.3762 	EXP 	polygon: opacity = 1.0
7.3762 	EXP 	displayPicture: image = 'C:\\Users\\Employee\\Google Drive\\UP\\MyResearch\\TaskProgramming\\AB_pic\\resources\\grizzly.jpg'
7.3928 	EXP 	polygon: opacity = 0.0
7.3928 	EXP 	displayPicture: image = 'C:\\Users\\Employee\\Google Drive\\UP\\MyResearch\\TaskProgramming\\AB_pic\\resources\\ladder.jpg'
7.4094 	EXP 	polygon: opacity = 0.0
7.4094 	EXP 	displayPicture: image = 'C:\\Users\\Employee\\Google Drive\\UP\\MyResearch\\TaskProgramming\\AB_pic\\resources\\ladder.jpg'
7.4261 	EXP 	polygon: opacity = 0.0
7.4261 	EXP 	displayPicture: image = 'C:\\Users\\Employee\\Google Drive\\UP\\MyResearch\\TaskProgramming\\AB_pic\\resources\\ladder.jpg'
7.4428 	EXP 	polygon: opacity = 0.0
7.4428 	EXP 	displayPicture: image = 'C:\\Users\\Employee\\Google Drive\\UP\\MyResearch\\TaskProgramming\\AB_pic\\resources\\ladder.jpg'
7.4594 	EXP 	polygon: opacity = 0.0
7.4594 	EXP 	displayPicture: image = 'C:\\Users\\Employee\\Google Drive\\UP\\MyResearch\\TaskProgramming\\AB_pic\\resources\\ladder.jpg'
7.4761 	EXP 	polygon: opacity = 0.0
7.4761 	EXP 	displayPicture: image = 'C:\\Users\\Employee\\Google Drive\\UP\\MyResearch\\TaskProgramming\\AB_pic\\resources\\ladder.jpg'
7.4928 	EXP 	polygon: opacity = 0.0
7.4928 	EXP 	displayPicture: image = 'C:\\Users\\Employee\\Google Drive\\UP\\MyResearch\\TaskProgramming\\AB_pic\\resources\\ladder.jpg'
7.5095 	EXP 	polygon: opacity = 0.0
7.5095 	EXP 	displayPicture: image = 'C:\\Users\\Employee\\Google Drive\\UP\\MyResearch\\TaskProgramming\\AB_pic\\resources\\ladder.jpg'
7.5261 	EXP 	polygon: opacity = 0.0
7.5261 	EXP 	displayPicture: image = 'C:\\Users\\Employee\\Google Drive\\UP\\MyResearch\\TaskProgramming\\AB_pic\\resources\\ladder.jpg'
7.5428 	EXP 	polygon: opacity = 0.0
7.5428 	EXP 	displayPicture: image = 'C:\\Users\\Employee\\Google Drive\\UP\\MyResearch\\TaskProgramming\\AB_pic\\resources\\ladder.jpg'
7.5594 	EXP 	polygon: opacity = 0.0
7.5594 	EXP 	displayPicture: image = 'C:\\Users\\Employee\\Google Drive\\UP\\MyResearch\\TaskProgramming\\AB_pic\\resources\\ladder.jpg'
7.5761 	EXP 	polygon: opacity = 0.0
7.5761 	EXP 	displayPicture: image = 'C:\\Users\\Employee\\Google Drive\\UP\\MyResearch\\TaskProgramming\\AB_pic\\resources\\ladder.jpg'
7.5928 	EXP 	polygon: opacity = 0.0
7.5928 	EXP 	displayPicture: image = 'C:\\Users\\Employee\\Google Drive\\UP\\MyResearch\\TaskProgramming\\AB_pic\\resources\\ladder.jpg'
7.6094 	EXP 	polygon: opacity = 0.0
7.6094 	EXP 	displayPicture: image = 'C:\\Users\\Employee\\Google Drive\\UP\\MyResearch\\TaskProgramming\\AB_pic\\resources\\ladder.jpg'
7.6261 	EXP 	polygon: opacity = 0.0
7.6261 	EXP 	displayPicture: image = 'C:\\Users\\Employee\\Google Drive\\UP\\MyResearch\\TaskProgramming\\AB_pic\\resources\\ladder.jpg'
7.6428 	EXP 	polygon: opacity = 0.0
7.6428 	EXP 	displayPicture: image = 'C:\\Users\\Employee\\Google Drive\\UP\\MyResearch\\TaskProgramming\\AB_pic\\resources\\toyanimal05.jpg'
7.6594 	EXP 	polygon: opacity = 0.0
7.6594 	EXP 	displayPicture: image = 'C:\\Users\\Employee\\Google Drive\\UP\\MyResearch\\TaskProgramming\\AB_pic\\resources\\toyanimal05.jpg'
7.6761 	EXP 	polygon: opacity = 0.0
7.6761 	EXP 	displayPicture: image = 'C:\\Users\\Employee\\Google Drive\\UP\\MyResearch\\TaskProgramming\\AB_pic\\resources\\toyanimal05.jpg'
7.6929 	EXP 	polygon: opacity = 0.0
7.6929 	EXP 	displayPicture: image = 'C:\\Users\\Employee\\Google Drive\\UP\\MyResearch\\TaskProgramming\\AB_pic\\resources\\toyanimal05.jpg'
7.7094 	EXP 	polygon: opacity = 0.0
7.7094 	EXP 	displayPicture: image = 'C:\\Users\\Employee\\Google Drive\\UP\\MyResearch\\TaskProgramming\\AB_pic\\resources\\toyanimal05.jpg'
7.7261 	EXP 	polygon: opacity = 0.0
7.7261 	EXP 	displayPicture: image = 'C:\\Users\\Employee\\Google Drive\\UP\\MyResearch\\TaskProgramming\\AB_pic\\resources\\toyanimal05.jpg'
7.7428 	EXP 	polygon: opacity = 0.0
7.7428 	EXP 	displayPicture: image = 'C:\\Users\\Employee\\Google Drive\\UP\\MyResearch\\TaskProgramming\\AB_pic\\resources\\toyanimal05.jpg'
7.7594 	EXP 	polygon: opacity = 0.0
7.7594 	EXP 	displayPicture: image = 'C:\\Users\\Employee\\Google Drive\\UP\\MyResearch\\TaskProgramming\\AB_pic\\resources\\toyanimal05.jpg'
7.7761 	EXP 	polygon: opacity = 0.0
7.7761 	EXP 	displayPicture: image = 'C:\\Users\\Employee\\Google Drive\\UP\\MyResearch\\TaskProgramming\\AB_pic\\resources\\toyanimal05.jpg'
7.7928 	EXP 	polygon: opacity = 0.0
7.7928 	EXP 	displayPicture: image = 'C:\\Users\\Employee\\Google Drive\\UP\\MyResearch\\TaskProgramming\\AB_pic\\resources\\toyanimal05.jpg'
7.8094 	EXP 	polygon: opacity = 0.0
7.8094 	EXP 	displayPicture: image = 'C:\\Users\\Employee\\Google Drive\\UP\\MyResearch\\TaskProgramming\\AB_pic\\resources\\toyanimal05.jpg'
7.8261 	EXP 	polygon: opacity = 0.0
7.8261 	EXP 	displayPicture: image = 'C:\\Users\\Employee\\Google Drive\\UP\\MyResearch\\TaskProgramming\\AB_pic\\resources\\toyanimal05.jpg'
7.8428 	EXP 	polygon: opacity = 0.0
7.8428 	EXP 	displayPicture: image = 'C:\\Users\\Employee\\Google Drive\\UP\\MyResearch\\TaskProgramming\\AB_pic\\resources\\toyanimal05.jpg'
7.8594 	EXP 	polygon: opacity = 0.0
7.8594 	EXP 	displayPicture: image = 'C:\\Users\\Employee\\Google Drive\\UP\\MyResearch\\TaskProgramming\\AB_pic\\resources\\toyanimal05.jpg'
7.8761 	EXP 	polygon: opacity = 0.0
7.8761 	EXP 	displayPicture: image = 'C:\\Users\\Employee\\Google Drive\\UP\\MyResearch\\TaskProgramming\\AB_pic\\resources\\toyanimal05.jpg'
7.8928 	EXP 	polygon: opacity = 0.0
7.8928 	EXP 	displayPicture: image = 'C:\\Users\\Employee\\Google Drive\\UP\\MyResearch\\TaskProgramming\\AB_pic\\resources\\platypus.jpg'
7.9094 	EXP 	polygon: opacity = 0.0
7.9094 	EXP 	displayPicture: image = 'C:\\Users\\Employee\\Google Drive\\UP\\MyResearch\\TaskProgramming\\AB_pic\\resources\\platypus.jpg'
7.9261 	EXP 	polygon: opacity = 0.0
7.9261 	EXP 	displayPicture: image = 'C:\\Users\\Employee\\Google Drive\\UP\\MyResearch\\TaskProgramming\\AB_pic\\resources\\platypus.jpg'
7.9428 	EXP 	polygon: opacity = 0.0
7.9428 	EXP 	displayPicture: image = 'C:\\Users\\Employee\\Google Drive\\UP\\MyResearch\\TaskProgramming\\AB_pic\\resources\\platypus.jpg'
7.9594 	EXP 	polygon: opacity = 0.0
7.9594 	EXP 	displayPicture: image = 'C:\\Users\\Employee\\Google Drive\\UP\\MyResearch\\TaskProgramming\\AB_pic\\resources\\platypus.jpg'
7.9761 	EXP 	polygon: opacity = 0.0
7.9761 	EXP 	displayPicture: image = 'C:\\Users\\Employee\\Google Drive\\UP\\MyResearch\\TaskProgramming\\AB_pic\\resources\\platypus.jpg'
7.9927 	EXP 	polygon: opacity = 0.0
7.9927 	EXP 	displayPicture: image = 'C:\\Users\\Employee\\Google Drive\\UP\\MyResearch\\TaskProgramming\\AB_pic\\resources\\platypus.jpg'
8.0094 	EXP 	polygon: opacity = 0.0
8.0094 	EXP 	displayPicture: image = 'C:\\Users\\Employee\\Google Drive\\UP\\MyResearch\\TaskProgramming\\AB_pic\\resources\\platypus.jpg'
8.0261 	EXP 	polygon: opacity = 0.0
8.0261 	EXP 	displayPicture: image = 'C:\\Users\\Employee\\Google Drive\\UP\\MyResearch\\TaskProgramming\\AB_pic\\resources\\platypus.jpg'
8.0428 	EXP 	polygon: opacity = 0.0
8.0428 	EXP 	displayPicture: image = 'C:\\Users\\Employee\\Google Drive\\UP\\MyResearch\\TaskProgramming\\AB_pic\\resources\\platypus.jpg'
8.0594 	EXP 	polygon: opacity = 0.0
8.0594 	EXP 	displayPicture: image = 'C:\\Users\\Employee\\Google Drive\\UP\\MyResearch\\TaskProgramming\\AB_pic\\resources\\platypus.jpg'
8.0761 	EXP 	polygon: opacity = 0.0
8.0761 	EXP 	displayPicture: image = 'C:\\Users\\Employee\\Google Drive\\UP\\MyResearch\\TaskProgramming\\AB_pic\\resources\\platypus.jpg'
8.0928 	EXP 	polygon: opacity = 0.0
8.0928 	EXP 	displayPicture: image = 'C:\\Users\\Employee\\Google Drive\\UP\\MyResearch\\TaskProgramming\\AB_pic\\resources\\platypus.jpg'
8.1094 	EXP 	polygon: opacity = 0.0
8.1094 	EXP 	displayPicture: image = 'C:\\Users\\Employee\\Google Drive\\UP\\MyResearch\\TaskProgramming\\AB_pic\\resources\\platypus.jpg'
8.1261 	EXP 	polygon: opacity = 0.0
8.1261 	EXP 	displayPicture: image = 'C:\\Users\\Employee\\Google Drive\\UP\\MyResearch\\TaskProgramming\\AB_pic\\resources\\platypus.jpg'
8.1428 	EXP 	polygon: opacity = 0.0
8.1428 	EXP 	displayPicture: image = 'C:\\Users\\Employee\\Google Drive\\UP\\MyResearch\\TaskProgramming\\AB_pic\\resources\\lighthouse.jpg'
8.1594 	EXP 	polygon: opacity = 0.0
8.1594 	EXP 	displayPicture: image = 'C:\\Users\\Employee\\Google Drive\\UP\\MyResearch\\TaskProgramming\\AB_pic\\resources\\lighthouse.jpg'
8.1761 	EXP 	polygon: opacity = 0.0
8.1761 	EXP 	displayPicture: image = 'C:\\Users\\Employee\\Google Drive\\UP\\MyResearch\\TaskProgramming\\AB_pic\\resources\\lighthouse.jpg'
8.1928 	EXP 	polygon: opacity = 0.0
8.1928 	EXP 	displayPicture: image = 'C:\\Users\\Employee\\Google Drive\\UP\\MyResearch\\TaskProgramming\\AB_pic\\resources\\lighthouse.jpg'
8.2094 	EXP 	polygon: opacity = 0.0
8.2094 	EXP 	displayPicture: image = 'C:\\Users\\Employee\\Google Drive\\UP\\MyResearch\\TaskProgramming\\AB_pic\\resources\\lighthouse.jpg'
8.2261 	EXP 	polygon: opacity = 0.0
8.2261 	EXP 	displayPicture: image = 'C:\\Users\\Employee\\Google Drive\\UP\\MyResearch\\TaskProgramming\\AB_pic\\resources\\lighthouse.jpg'
8.2427 	EXP 	polygon: opacity = 0.0
8.2427 	EXP 	displayPicture: image = 'C:\\Users\\Employee\\Google Drive\\UP\\MyResearch\\TaskProgramming\\AB_pic\\resources\\lighthouse.jpg'
8.2594 	EXP 	polygon: opacity = 0.0
8.2594 	EXP 	displayPicture: image = 'C:\\Users\\Employee\\Google Drive\\UP\\MyResearch\\TaskProgramming\\AB_pic\\resources\\lighthouse.jpg'
8.2761 	EXP 	polygon: opacity = 0.0
8.2761 	EXP 	displayPicture: image = 'C:\\Users\\Employee\\Google Drive\\UP\\MyResearch\\TaskProgramming\\AB_pic\\resources\\lighthouse.jpg'
8.2927 	EXP 	polygon: opacity = 0.0
8.2927 	EXP 	displayPicture: image = 'C:\\Users\\Employee\\Google Drive\\UP\\MyResearch\\TaskProgramming\\AB_pic\\resources\\lighthouse.jpg'
8.3094 	EXP 	polygon: opacity = 0.0
8.3094 	EXP 	displayPicture: image = 'C:\\Users\\Employee\\Google Drive\\UP\\MyResearch\\TaskProgramming\\AB_pic\\resources\\lighthouse.jpg'
8.3261 	EXP 	polygon: opacity = 0.0
8.3261 	EXP 	displayPicture: image = 'C:\\Users\\Employee\\Google Drive\\UP\\MyResearch\\TaskProgramming\\AB_pic\\resources\\lighthouse.jpg'
8.3427 	EXP 	polygon: opacity = 0.0
8.3427 	EXP 	displayPicture: image = 'C:\\Users\\Employee\\Google Drive\\UP\\MyResearch\\TaskProgramming\\AB_pic\\resources\\lighthouse.jpg'
8.3594 	EXP 	polygon: opacity = 0.0
8.3594 	EXP 	displayPicture: image = 'C:\\Users\\Employee\\Google Drive\\UP\\MyResearch\\TaskProgramming\\AB_pic\\resources\\lighthouse.jpg'
8.3761 	EXP 	polygon: opacity = 0.0
8.3761 	EXP 	displayPicture: image = 'C:\\Users\\Employee\\Google Drive\\UP\\MyResearch\\TaskProgramming\\AB_pic\\resources\\lighthouse.jpg'
8.3927 	EXP 	polygon: opacity = 0.0
8.3927 	EXP 	displayPicture: image = 'C:\\Users\\Employee\\Google Drive\\UP\\MyResearch\\TaskProgramming\\AB_pic\\resources\\parrot01.jpg'
8.4094 	EXP 	polygon: opacity = 0.0
8.4094 	EXP 	displayPicture: image = 'C:\\Users\\Employee\\Google Drive\\UP\\MyResearch\\TaskProgramming\\AB_pic\\resources\\parrot01.jpg'
8.4260 	EXP 	polygon: opacity = 0.0
8.4260 	EXP 	displayPicture: image = 'C:\\Users\\Employee\\Google Drive\\UP\\MyResearch\\TaskProgramming\\AB_pic\\resources\\parrot01.jpg'
8.4427 	EXP 	polygon: opacity = 0.0
8.4427 	EXP 	displayPicture: image = 'C:\\Users\\Employee\\Google Drive\\UP\\MyResearch\\TaskProgramming\\AB_pic\\resources\\parrot01.jpg'
8.4594 	EXP 	polygon: opacity = 0.0
8.4594 	EXP 	displayPicture: image = 'C:\\Users\\Employee\\Google Drive\\UP\\MyResearch\\TaskProgramming\\AB_pic\\resources\\parrot01.jpg'
8.4760 	EXP 	polygon: opacity = 0.0
8.4760 	EXP 	displayPicture: image = 'C:\\Users\\Employee\\Google Drive\\UP\\MyResearch\\TaskProgramming\\AB_pic\\resources\\parrot01.jpg'
8.4927 	EXP 	polygon: opacity = 0.0
8.4927 	EXP 	displayPicture: image = 'C:\\Users\\Employee\\Google Drive\\UP\\MyResearch\\TaskProgramming\\AB_pic\\resources\\parrot01.jpg'
8.5094 	EXP 	polygon: opacity = 0.0
8.5094 	EXP 	displayPicture: image = 'C:\\Users\\Employee\\Google Drive\\UP\\MyResearch\\TaskProgramming\\AB_pic\\resources\\parrot01.jpg'
8.5261 	EXP 	polygon: opacity = 0.0
8.5261 	EXP 	displayPicture: image = 'C:\\Users\\Employee\\Google Drive\\UP\\MyResearch\\TaskProgramming\\AB_pic\\resources\\parrot01.jpg'
8.5427 	EXP 	polygon: opacity = 0.0
8.5427 	EXP 	displayPicture: image = 'C:\\Users\\Employee\\Google Drive\\UP\\MyResearch\\TaskProgramming\\AB_pic\\resources\\parrot01.jpg'
8.5594 	EXP 	polygon: opacity = 0.0
8.5594 	EXP 	displayPicture: image = 'C:\\Users\\Employee\\Google Drive\\UP\\MyResearch\\TaskProgramming\\AB_pic\\resources\\parrot01.jpg'
8.5761 	EXP 	polygon: opacity = 0.0
8.5761 	EXP 	displayPicture: image = 'C:\\Users\\Employee\\Google Drive\\UP\\MyResearch\\TaskProgramming\\AB_pic\\resources\\parrot01.jpg'
8.5927 	EXP 	polygon: opacity = 0.0
8.5927 	EXP 	displayPicture: image = 'C:\\Users\\Employee\\Google Drive\\UP\\MyResearch\\TaskProgramming\\AB_pic\\resources\\parrot01.jpg'
8.6094 	EXP 	polygon: opacity = 0.0
8.6094 	EXP 	displayPicture: image = 'C:\\Users\\Employee\\Google Drive\\UP\\MyResearch\\TaskProgramming\\AB_pic\\resources\\parrot01.jpg'
8.6261 	EXP 	polygon: opacity = 0.0
8.6261 	EXP 	displayPicture: image = 'C:\\Users\\Employee\\Google Drive\\UP\\MyResearch\\TaskProgramming\\AB_pic\\resources\\parrot01.jpg'
8.6594 	EXP 	polygon: opacity = 0.0
8.6594 	EXP 	displayPicture: image = 'C:\\Users\\Employee\\Google Drive\\UP\\MyResearch\\TaskProgramming\\AB_pic\\resources\\parrot01.jpg'
8.6594 	EXP 	polygon: autoDraw = False
8.6594 	EXP 	displayPicture: autoDraw = False
8.6594 	EXP 	polygon_2: autoDraw = False
8.6594 	EXP 	option1_t1: image = 'C:\\Users\\Employee\\Google Drive\\UP\\MyResearch\\TaskProgramming\\AB_pic\\resources\\parkfountain.jpg'
8.6594 	EXP 	option2_t1: image = 'C:\\Users\\Employee\\Google Drive\\UP\\MyResearch\\TaskProgramming\\AB_pic\\resources\\foldingchair.jpg'
8.6594 	EXP 	option1_t1: autoDraw = True
8.6594 	EXP 	option2_t1: autoDraw = True
9.6965 	DATA 	Keypress: escape
9.8583 	EXP 	window1: mouseVisible = True
