0.8064 	WARNING 	We strongly recommend you activate the PTB sound engine in PsychoPy prefs as the preferred audio engine. Its timing is vastly superior. Your prefs are currently set to use ['sounddevice', 'PTB', 'pyo', 'pygame'] (in that order).
3.7838 	WARNING 	User requested fullscreen with size [1024  768], but screen is actually [1920, 1080]. Using actual size
4.6819 	EXP 	Created window1 = Window(allowGUI=False, allowStencil=False, args=UNKNOWN, autoLog=True, bitsMode=UNKNOWN, blendMode='avg', bpc=(8, 8, 8), color=array([0., 0., 0.]), colorSpace='rgb', depthBits=8, fullscr=<method-wrapper '__getattribute__' of attributeSetter object at 0x0000023326936240>, gamma=None, gammaErrorPolicy='raise', kwargs=UNKNOWN, lms=UNKNOWN, monitor=<psychopy.monitors.calibTools.Monitor object at 0x00000233268C3860>, multiSample=False, name='window1', numSamples=2, pos=[0.0, 0.0], screen=0, size=array([1920, 1080]), stencilBits=0, stereo=False, units='height', useFBO=True, useRetina=False, viewOri=0.0, viewPos=None, viewScale=None, waitBlanking=True, winType='pyglet')
4.6823 	EXP 	window1: mouseVisible = True
4.6823 	EXP 	window1: recordFrameIntervals = False
4.8481 	EXP 	window1: recordFrameIntervals = True
5.0316 	EXP 	window1: recordFrameIntervals = False
5.0981 	EXP 	Created polygon = Rect(__class__=<class 'psychopy.visual.rect.Rect'>, autoDraw=False, autoLog=True, closeShape=True, color=method-wrapper(...), colorSpace=None, contrast=1.0, depth=-4.0, fillColor=array([1., 0., 0.]), fillColorSpace='rgb', fillRGB=array([1., 0., 0.]), interpolate=True, lineColor=array([1., 1., 1.]), lineColorSpace='rgb', lineRGB=array([1., 1., 1.]), lineWidth=1, name='polygon', opacity=1.0, ori=array(0.), pos=array([0., 0.]), size=array([0.6, 0.6]), units='height', vertices=ndarray(...), win=Window(...))
5.1018 	EXP 	Created displayPicture = ImageStim(__class__=<class 'psychopy.visual.image.ImageStim'>, autoLog=True, color=array([1., 1., 1.]), colorSpace='rgb', contrast=1.0, depth=-5.0, flipHoriz=False, flipVert=False, image='sin', interpolate=True, mask=None, maskParams=None, name='displayPicture', opacity=1.0, ori=0.0, pos=array([0., 0.]), size=array([0.25, 0.25]), texRes=128, units='height', win=Window(...))
5.1030 	EXP 	Created polygon_2 = Rect(__class__=<class 'psychopy.visual.rect.Rect'>, autoDraw=False, autoLog=True, closeShape=True, color=method-wrapper(...), colorSpace=None, contrast=1.0, depth=-6.0, fillColor=array([0., 0., 0.]), fillColorSpace='rgb', fillRGB=array([0., 0., 0.]), interpolate=True, lineColor=array([1., 1., 1.]), lineColorSpace='rgb', lineRGB=array([1., 1., 1.]), lineWidth=0, name='polygon_2', opacity=1.0, ori=array(0.), pos=array([0., 0.]), size=array([0.8, 0.8]), units='height', vertices=ndarray(...), win=Window(...))
5.1053 	EXP 	Created option1_t1 = ImageStim(__class__=<class 'psychopy.visual.image.ImageStim'>, autoLog=True, color=array([1., 1., 1.]), colorSpace='rgb', contrast=1.0, depth=-1.0, flipHoriz=False, flipVert=False, image='sin', interpolate=True, mask=None, maskParams=None, name='option1_t1', opacity=1.0, ori=0.0, pos=array([-0.3,  0. ]), size=array([0.25, 0.25]), texRes=128, units='height', win=Window(...))
5.1075 	EXP 	Created option2_t1 = ImageStim(__class__=<class 'psychopy.visual.image.ImageStim'>, autoLog=True, color=array([1., 1., 1.]), colorSpace='rgb', contrast=1.0, depth=-2.0, flipHoriz=False, flipVert=False, image='sin', interpolate=True, mask=None, maskParams=None, name='option2_t1', opacity=1.0, ori=0.0, pos=array([0.3, 0. ]), size=array([0.25, 0.25]), texRes=128, units='height', win=Window(...))
5.1099 	EXP 	Created option1_t2 = ImageStim(__class__=<class 'psychopy.visual.image.ImageStim'>, autoLog=True, color=array([1., 1., 1.]), colorSpace='rgb', contrast=1.0, depth=-1.0, flipHoriz=False, flipVert=False, image='sin', interpolate=True, mask=None, maskParams=None, name='option1_t2', opacity=1.0, ori=0.0, pos=array([0.3, 0. ]), size=array([0.25, 0.25]), texRes=128, units='height', win=Window(...))
5.1121 	EXP 	Created option2_t2 = ImageStim(__class__=<class 'psychopy.visual.image.ImageStim'>, autoLog=True, color=array([1., 1., 1.]), colorSpace='rgb', contrast=1.0, depth=-2.0, flipHoriz=False, flipVert=False, image='sin', interpolate=True, mask=None, maskParams=None, name='option2_t2', opacity=1.0, ori=0.0, pos=array([-0.3,  0. ]), size=array([0.25, 0.25]), texRes=128, units='height', win=Window(...))
5.1618 	EXP 	Created text = TextStim(__class__=<class 'psychopy.visual.text.TextStim'>, alignHoriz=method-wrapper(...), alignText='center', alignVert=method-wrapper(...), anchorHoriz='center', anchorVert='center', antialias=True, autoLog=True, bold=False, color='white', colorSpace='named', contrast=1.0, depth=-3.0, flipHoriz=False, flipVert=False, font='Arial', fontFiles=[], height=0.1, italic=False, languageStyle='LTR', name='text', opacity=1.0, ori=0, pos=array([0., 0.]), rgb=array([255., 255., 255.]), text='default text', units='height', win=Window(...), wrapWidth=1)
5.2024 	EXP 	Imported conditionAB.xlsx as conditions, 160 conditions, 7 params
5.2030 	EXP 	Created sequence: random, trialTypes=160, nReps=1, seed=None
5.2033 	EXP 	New trial (rep=0, index=0): OrderedDict([('trialType', 'AB'), ('cndTyp', 'lag3'), ('lag', 3), ('T1_loc', 4), ('T2_loc', 7), ('stimLen', 0.05), ('isi', 0.2)])
5.2964 	EXP 	polygon: autoDraw = True
5.2964 	EXP 	polygon: opacity = 0.0
5.2964 	EXP 	displayPicture: autoDraw = True
5.2964 	EXP 	displayPicture: image = 'C:\\Users\\Employee\\Google Drive\\UP\\MyResearch\\TaskProgramming\\AB_pic\\resources\\cannon.jpg'
5.2964 	EXP 	polygon_2: autoDraw = True
5.2964 	EXP 	polygon_2: opacity = 0.0
5.3146 	EXP 	polygon: opacity = 0.0
5.3146 	EXP 	displayPicture: image = 'C:\\Users\\Employee\\Google Drive\\UP\\MyResearch\\TaskProgramming\\AB_pic\\resources\\cannon.jpg'
5.3146 	EXP 	polygon_2: opacity = 1.0
5.3311 	EXP 	polygon: opacity = 0.0
5.3311 	EXP 	displayPicture: image = 'C:\\Users\\Employee\\Google Drive\\UP\\MyResearch\\TaskProgramming\\AB_pic\\resources\\cannon.jpg'
5.3311 	EXP 	polygon_2: opacity = 1.0
5.3477 	EXP 	polygon: opacity = 0.0
5.3477 	EXP 	displayPicture: image = 'C:\\Users\\Employee\\Google Drive\\UP\\MyResearch\\TaskProgramming\\AB_pic\\resources\\cannon.jpg'
5.3477 	EXP 	polygon_2: opacity = 1.0
5.3644 	EXP 	polygon: opacity = 0.0
5.3644 	EXP 	displayPicture: image = 'C:\\Users\\Employee\\Google Drive\\UP\\MyResearch\\TaskProgramming\\AB_pic\\resources\\cannon.jpg'
5.3644 	EXP 	polygon_2: opacity = 1.0
5.3812 	EXP 	polygon: opacity = 0.0
5.3812 	EXP 	displayPicture: image = 'C:\\Users\\Employee\\Google Drive\\UP\\MyResearch\\TaskProgramming\\AB_pic\\resources\\cannon.jpg'
5.3812 	EXP 	polygon_2: opacity = 1.0
5.3977 	EXP 	polygon: opacity = 0.0
5.3977 	EXP 	displayPicture: image = 'C:\\Users\\Employee\\Google Drive\\UP\\MyResearch\\TaskProgramming\\AB_pic\\resources\\cannon.jpg'
5.3977 	EXP 	polygon_2: opacity = 1.0
5.4144 	EXP 	polygon: opacity = 0.0
5.4144 	EXP 	displayPicture: image = 'C:\\Users\\Employee\\Google Drive\\UP\\MyResearch\\TaskProgramming\\AB_pic\\resources\\cannon.jpg'
5.4144 	EXP 	polygon_2: opacity = 1.0
5.4310 	EXP 	polygon: opacity = 0.0
5.4310 	EXP 	displayPicture: image = 'C:\\Users\\Employee\\Google Drive\\UP\\MyResearch\\TaskProgramming\\AB_pic\\resources\\cannon.jpg'
5.4310 	EXP 	polygon_2: opacity = 1.0
5.4479 	EXP 	polygon: opacity = 0.0
5.4479 	EXP 	displayPicture: image = 'C:\\Users\\Employee\\Google Drive\\UP\\MyResearch\\TaskProgramming\\AB_pic\\resources\\cannon.jpg'
5.4479 	EXP 	polygon_2: opacity = 1.0
5.4645 	EXP 	polygon: opacity = 0.0
5.4645 	EXP 	displayPicture: image = 'C:\\Users\\Employee\\Google Drive\\UP\\MyResearch\\TaskProgramming\\AB_pic\\resources\\recyclingbin.jpg'
5.4645 	EXP 	polygon_2: opacity = 0.0
5.4811 	EXP 	polygon: opacity = 0.0
5.4811 	EXP 	displayPicture: image = 'C:\\Users\\Employee\\Google Drive\\UP\\MyResearch\\TaskProgramming\\AB_pic\\resources\\recyclingbin.jpg'
5.4811 	EXP 	polygon_2: opacity = 0.0
5.4978 	EXP 	polygon: opacity = 0.0
5.4978 	EXP 	displayPicture: image = 'C:\\Users\\Employee\\Google Drive\\UP\\MyResearch\\TaskProgramming\\AB_pic\\resources\\recyclingbin.jpg'
5.4978 	EXP 	polygon_2: opacity = 0.0
5.5143 	EXP 	polygon: opacity = 0.0
5.5143 	EXP 	displayPicture: image = 'C:\\Users\\Employee\\Google Drive\\UP\\MyResearch\\TaskProgramming\\AB_pic\\resources\\recyclingbin.jpg'
5.5143 	EXP 	polygon_2: opacity = 1.0
5.5310 	EXP 	polygon: opacity = 0.0
5.5310 	EXP 	displayPicture: image = 'C:\\Users\\Employee\\Google Drive\\UP\\MyResearch\\TaskProgramming\\AB_pic\\resources\\recyclingbin.jpg'
5.5310 	EXP 	polygon_2: opacity = 1.0
5.5477 	EXP 	polygon: opacity = 0.0
5.5477 	EXP 	displayPicture: image = 'C:\\Users\\Employee\\Google Drive\\UP\\MyResearch\\TaskProgramming\\AB_pic\\resources\\recyclingbin.jpg'
5.5477 	EXP 	polygon_2: opacity = 1.0
5.5644 	EXP 	polygon: opacity = 0.0
5.5644 	EXP 	displayPicture: image = 'C:\\Users\\Employee\\Google Drive\\UP\\MyResearch\\TaskProgramming\\AB_pic\\resources\\recyclingbin.jpg'
5.5644 	EXP 	polygon_2: opacity = 1.0
5.5811 	EXP 	polygon: opacity = 0.0
5.5811 	EXP 	displayPicture: image = 'C:\\Users\\Employee\\Google Drive\\UP\\MyResearch\\TaskProgramming\\AB_pic\\resources\\recyclingbin.jpg'
5.5811 	EXP 	polygon_2: opacity = 1.0
5.5977 	EXP 	polygon: opacity = 0.0
5.5977 	EXP 	displayPicture: image = 'C:\\Users\\Employee\\Google Drive\\UP\\MyResearch\\TaskProgramming\\AB_pic\\resources\\recyclingbin.jpg'
5.5977 	EXP 	polygon_2: opacity = 1.0
5.6144 	EXP 	polygon: opacity = 0.0
5.6144 	EXP 	displayPicture: image = 'C:\\Users\\Employee\\Google Drive\\UP\\MyResearch\\TaskProgramming\\AB_pic\\resources\\recyclingbin.jpg'
5.6144 	EXP 	polygon_2: opacity = 1.0
5.6310 	EXP 	polygon: opacity = 0.0
5.6310 	EXP 	displayPicture: image = 'C:\\Users\\Employee\\Google Drive\\UP\\MyResearch\\TaskProgramming\\AB_pic\\resources\\recyclingbin.jpg'
5.6310 	EXP 	polygon_2: opacity = 1.0
5.6477 	EXP 	polygon: opacity = 0.0
5.6477 	EXP 	displayPicture: image = 'C:\\Users\\Employee\\Google Drive\\UP\\MyResearch\\TaskProgramming\\AB_pic\\resources\\recyclingbin.jpg'
5.6477 	EXP 	polygon_2: opacity = 1.0
5.6644 	EXP 	polygon: opacity = 0.0
5.6644 	EXP 	displayPicture: image = 'C:\\Users\\Employee\\Google Drive\\UP\\MyResearch\\TaskProgramming\\AB_pic\\resources\\recyclingbin.jpg'
5.6644 	EXP 	polygon_2: opacity = 1.0
5.6811 	EXP 	polygon: opacity = 0.0
5.6811 	EXP 	displayPicture: image = 'C:\\Users\\Employee\\Google Drive\\UP\\MyResearch\\TaskProgramming\\AB_pic\\resources\\recyclingbin.jpg'
5.6811 	EXP 	polygon_2: opacity = 1.0
5.6978 	EXP 	polygon: opacity = 0.0
5.6978 	EXP 	displayPicture: image = 'C:\\Users\\Employee\\Google Drive\\UP\\MyResearch\\TaskProgramming\\AB_pic\\resources\\recyclingbin.jpg'
5.6978 	EXP 	polygon_2: opacity = 1.0
5.7143 	EXP 	polygon: opacity = 0.0
5.7143 	EXP 	displayPicture: image = 'C:\\Users\\Employee\\Google Drive\\UP\\MyResearch\\TaskProgramming\\AB_pic\\resources\\pingpongtable.jpg'
5.7143 	EXP 	polygon_2: opacity = 0.0
5.7310 	EXP 	polygon: opacity = 0.0
5.7310 	EXP 	displayPicture: image = 'C:\\Users\\Employee\\Google Drive\\UP\\MyResearch\\TaskProgramming\\AB_pic\\resources\\pingpongtable.jpg'
5.7310 	EXP 	polygon_2: opacity = 0.0
5.7477 	EXP 	polygon: opacity = 0.0
5.7477 	EXP 	displayPicture: image = 'C:\\Users\\Employee\\Google Drive\\UP\\MyResearch\\TaskProgramming\\AB_pic\\resources\\pingpongtable.jpg'
5.7477 	EXP 	polygon_2: opacity = 0.0
5.7643 	EXP 	polygon: opacity = 0.0
5.7643 	EXP 	displayPicture: image = 'C:\\Users\\Employee\\Google Drive\\UP\\MyResearch\\TaskProgramming\\AB_pic\\resources\\pingpongtable.jpg'
5.7643 	EXP 	polygon_2: opacity = 1.0
5.7810 	EXP 	polygon: opacity = 0.0
5.7810 	EXP 	displayPicture: image = 'C:\\Users\\Employee\\Google Drive\\UP\\MyResearch\\TaskProgramming\\AB_pic\\resources\\pingpongtable.jpg'
5.7810 	EXP 	polygon_2: opacity = 1.0
5.7977 	EXP 	polygon: opacity = 0.0
5.7977 	EXP 	displayPicture: image = 'C:\\Users\\Employee\\Google Drive\\UP\\MyResearch\\TaskProgramming\\AB_pic\\resources\\pingpongtable.jpg'
5.7977 	EXP 	polygon_2: opacity = 1.0
5.8143 	EXP 	polygon: opacity = 0.0
5.8143 	EXP 	displayPicture: image = 'C:\\Users\\Employee\\Google Drive\\UP\\MyResearch\\TaskProgramming\\AB_pic\\resources\\pingpongtable.jpg'
5.8143 	EXP 	polygon_2: opacity = 1.0
5.8310 	EXP 	polygon: opacity = 0.0
5.8310 	EXP 	displayPicture: image = 'C:\\Users\\Employee\\Google Drive\\UP\\MyResearch\\TaskProgramming\\AB_pic\\resources\\pingpongtable.jpg'
5.8310 	EXP 	polygon_2: opacity = 1.0
5.8477 	EXP 	polygon: opacity = 0.0
5.8477 	EXP 	displayPicture: image = 'C:\\Users\\Employee\\Google Drive\\UP\\MyResearch\\TaskProgramming\\AB_pic\\resources\\pingpongtable.jpg'
5.8477 	EXP 	polygon_2: opacity = 1.0
5.8644 	EXP 	polygon: opacity = 0.0
5.8644 	EXP 	displayPicture: image = 'C:\\Users\\Employee\\Google Drive\\UP\\MyResearch\\TaskProgramming\\AB_pic\\resources\\pingpongtable.jpg'
5.8644 	EXP 	polygon_2: opacity = 1.0
5.8810 	EXP 	polygon: opacity = 0.0
5.8810 	EXP 	displayPicture: image = 'C:\\Users\\Employee\\Google Drive\\UP\\MyResearch\\TaskProgramming\\AB_pic\\resources\\pingpongtable.jpg'
5.8810 	EXP 	polygon_2: opacity = 1.0
5.8977 	EXP 	polygon: opacity = 0.0
5.8977 	EXP 	displayPicture: image = 'C:\\Users\\Employee\\Google Drive\\UP\\MyResearch\\TaskProgramming\\AB_pic\\resources\\pingpongtable.jpg'
5.8977 	EXP 	polygon_2: opacity = 1.0
5.9143 	EXP 	polygon: opacity = 0.0
5.9143 	EXP 	displayPicture: image = 'C:\\Users\\Employee\\Google Drive\\UP\\MyResearch\\TaskProgramming\\AB_pic\\resources\\pingpongtable.jpg'
5.9143 	EXP 	polygon_2: opacity = 1.0
5.9310 	EXP 	polygon: opacity = 0.0
5.9310 	EXP 	displayPicture: image = 'C:\\Users\\Employee\\Google Drive\\UP\\MyResearch\\TaskProgramming\\AB_pic\\resources\\pingpongtable.jpg'
5.9310 	EXP 	polygon_2: opacity = 1.0
5.9477 	EXP 	polygon: opacity = 0.0
5.9477 	EXP 	displayPicture: image = 'C:\\Users\\Employee\\Google Drive\\UP\\MyResearch\\TaskProgramming\\AB_pic\\resources\\pingpongtable.jpg'
5.9477 	EXP 	polygon_2: opacity = 1.0
5.9643 	EXP 	polygon: opacity = 1.0
5.9643 	EXP 	displayPicture: image = 'C:\\Users\\Employee\\Google Drive\\UP\\MyResearch\\TaskProgramming\\AB_pic\\resources\\mummy.jpg'
5.9643 	EXP 	polygon_2: opacity = 0.0
5.9810 	EXP 	polygon: opacity = 1.0
5.9810 	EXP 	displayPicture: image = 'C:\\Users\\Employee\\Google Drive\\UP\\MyResearch\\TaskProgramming\\AB_pic\\resources\\mummy.jpg'
5.9810 	EXP 	polygon_2: opacity = 0.0
5.9977 	EXP 	polygon: opacity = 1.0
5.9977 	EXP 	displayPicture: image = 'C:\\Users\\Employee\\Google Drive\\UP\\MyResearch\\TaskProgramming\\AB_pic\\resources\\mummy.jpg'
5.9977 	EXP 	polygon_2: opacity = 0.0
6.0143 	EXP 	polygon: opacity = 1.0
6.0143 	EXP 	displayPicture: image = 'C:\\Users\\Employee\\Google Drive\\UP\\MyResearch\\TaskProgramming\\AB_pic\\resources\\mummy.jpg'
6.0143 	EXP 	polygon_2: opacity = 1.0
6.0310 	EXP 	polygon: opacity = 1.0
6.0310 	EXP 	displayPicture: image = 'C:\\Users\\Employee\\Google Drive\\UP\\MyResearch\\TaskProgramming\\AB_pic\\resources\\mummy.jpg'
6.0310 	EXP 	polygon_2: opacity = 1.0
6.0477 	EXP 	polygon: opacity = 1.0
6.0477 	EXP 	displayPicture: image = 'C:\\Users\\Employee\\Google Drive\\UP\\MyResearch\\TaskProgramming\\AB_pic\\resources\\mummy.jpg'
6.0477 	EXP 	polygon_2: opacity = 1.0
6.0643 	EXP 	polygon: opacity = 1.0
6.0643 	EXP 	displayPicture: image = 'C:\\Users\\Employee\\Google Drive\\UP\\MyResearch\\TaskProgramming\\AB_pic\\resources\\mummy.jpg'
6.0643 	EXP 	polygon_2: opacity = 1.0
6.0810 	EXP 	polygon: opacity = 1.0
6.0810 	EXP 	displayPicture: image = 'C:\\Users\\Employee\\Google Drive\\UP\\MyResearch\\TaskProgramming\\AB_pic\\resources\\mummy.jpg'
6.0810 	EXP 	polygon_2: opacity = 1.0
6.0977 	EXP 	polygon: opacity = 1.0
6.0977 	EXP 	displayPicture: image = 'C:\\Users\\Employee\\Google Drive\\UP\\MyResearch\\TaskProgramming\\AB_pic\\resources\\mummy.jpg'
6.0977 	EXP 	polygon_2: opacity = 1.0
6.1143 	EXP 	polygon: opacity = 1.0
6.1143 	EXP 	displayPicture: image = 'C:\\Users\\Employee\\Google Drive\\UP\\MyResearch\\TaskProgramming\\AB_pic\\resources\\mummy.jpg'
6.1143 	EXP 	polygon_2: opacity = 1.0
6.1310 	EXP 	polygon: opacity = 1.0
6.1310 	EXP 	displayPicture: image = 'C:\\Users\\Employee\\Google Drive\\UP\\MyResearch\\TaskProgramming\\AB_pic\\resources\\mummy.jpg'
6.1310 	EXP 	polygon_2: opacity = 1.0
6.1477 	EXP 	polygon: opacity = 1.0
6.1477 	EXP 	displayPicture: image = 'C:\\Users\\Employee\\Google Drive\\UP\\MyResearch\\TaskProgramming\\AB_pic\\resources\\mummy.jpg'
6.1477 	EXP 	polygon_2: opacity = 1.0
6.1643 	EXP 	polygon: opacity = 1.0
6.1643 	EXP 	displayPicture: image = 'C:\\Users\\Employee\\Google Drive\\UP\\MyResearch\\TaskProgramming\\AB_pic\\resources\\mummy.jpg'
6.1643 	EXP 	polygon_2: opacity = 1.0
6.1810 	EXP 	polygon: opacity = 1.0
6.1810 	EXP 	displayPicture: image = 'C:\\Users\\Employee\\Google Drive\\UP\\MyResearch\\TaskProgramming\\AB_pic\\resources\\mummy.jpg'
6.1810 	EXP 	polygon_2: opacity = 1.0
6.1977 	EXP 	polygon: opacity = 1.0
6.1977 	EXP 	displayPicture: image = 'C:\\Users\\Employee\\Google Drive\\UP\\MyResearch\\TaskProgramming\\AB_pic\\resources\\mummy.jpg'
6.1977 	EXP 	polygon_2: opacity = 1.0
6.2143 	EXP 	polygon: opacity = 0.0
6.2143 	EXP 	displayPicture: image = 'C:\\Users\\Employee\\Google Drive\\UP\\MyResearch\\TaskProgramming\\AB_pic\\resources\\bacon.jpg'
6.2143 	EXP 	polygon_2: opacity = 0.0
6.2310 	EXP 	polygon: opacity = 0.0
6.2310 	EXP 	displayPicture: image = 'C:\\Users\\Employee\\Google Drive\\UP\\MyResearch\\TaskProgramming\\AB_pic\\resources\\bacon.jpg'
6.2310 	EXP 	polygon_2: opacity = 0.0
6.2477 	EXP 	polygon: opacity = 0.0
6.2477 	EXP 	displayPicture: image = 'C:\\Users\\Employee\\Google Drive\\UP\\MyResearch\\TaskProgramming\\AB_pic\\resources\\bacon.jpg'
6.2477 	EXP 	polygon_2: opacity = 0.0
6.2643 	EXP 	polygon: opacity = 0.0
6.2643 	EXP 	displayPicture: image = 'C:\\Users\\Employee\\Google Drive\\UP\\MyResearch\\TaskProgramming\\AB_pic\\resources\\bacon.jpg'
6.2643 	EXP 	polygon_2: opacity = 1.0
6.2810 	EXP 	polygon: opacity = 0.0
6.2810 	EXP 	displayPicture: image = 'C:\\Users\\Employee\\Google Drive\\UP\\MyResearch\\TaskProgramming\\AB_pic\\resources\\bacon.jpg'
6.2810 	EXP 	polygon_2: opacity = 1.0
6.2977 	EXP 	polygon: opacity = 0.0
6.2977 	EXP 	displayPicture: image = 'C:\\Users\\Employee\\Google Drive\\UP\\MyResearch\\TaskProgramming\\AB_pic\\resources\\bacon.jpg'
6.2977 	EXP 	polygon_2: opacity = 1.0
6.3143 	EXP 	polygon: opacity = 0.0
6.3143 	EXP 	displayPicture: image = 'C:\\Users\\Employee\\Google Drive\\UP\\MyResearch\\TaskProgramming\\AB_pic\\resources\\bacon.jpg'
6.3143 	EXP 	polygon_2: opacity = 1.0
6.3310 	EXP 	polygon: opacity = 0.0
6.3310 	EXP 	displayPicture: image = 'C:\\Users\\Employee\\Google Drive\\UP\\MyResearch\\TaskProgramming\\AB_pic\\resources\\bacon.jpg'
6.3310 	EXP 	polygon_2: opacity = 1.0
6.3477 	EXP 	polygon: opacity = 0.0
6.3477 	EXP 	displayPicture: image = 'C:\\Users\\Employee\\Google Drive\\UP\\MyResearch\\TaskProgramming\\AB_pic\\resources\\bacon.jpg'
6.3477 	EXP 	polygon_2: opacity = 1.0
6.3643 	EXP 	polygon: opacity = 0.0
6.3643 	EXP 	displayPicture: image = 'C:\\Users\\Employee\\Google Drive\\UP\\MyResearch\\TaskProgramming\\AB_pic\\resources\\bacon.jpg'
6.3643 	EXP 	polygon_2: opacity = 1.0
6.3810 	EXP 	polygon: opacity = 0.0
6.3810 	EXP 	displayPicture: image = 'C:\\Users\\Employee\\Google Drive\\UP\\MyResearch\\TaskProgramming\\AB_pic\\resources\\bacon.jpg'
6.3810 	EXP 	polygon_2: opacity = 1.0
6.3977 	EXP 	polygon: opacity = 0.0
6.3977 	EXP 	displayPicture: image = 'C:\\Users\\Employee\\Google Drive\\UP\\MyResearch\\TaskProgramming\\AB_pic\\resources\\bacon.jpg'
6.3977 	EXP 	polygon_2: opacity = 1.0
6.4143 	EXP 	polygon: opacity = 0.0
6.4143 	EXP 	displayPicture: image = 'C:\\Users\\Employee\\Google Drive\\UP\\MyResearch\\TaskProgramming\\AB_pic\\resources\\bacon.jpg'
6.4143 	EXP 	polygon_2: opacity = 1.0
6.4310 	EXP 	polygon: opacity = 0.0
6.4310 	EXP 	displayPicture: image = 'C:\\Users\\Employee\\Google Drive\\UP\\MyResearch\\TaskProgramming\\AB_pic\\resources\\bacon.jpg'
6.4310 	EXP 	polygon_2: opacity = 1.0
6.4477 	EXP 	polygon: opacity = 0.0
6.4477 	EXP 	displayPicture: image = 'C:\\Users\\Employee\\Google Drive\\UP\\MyResearch\\TaskProgramming\\AB_pic\\resources\\bacon.jpg'
6.4477 	EXP 	polygon_2: opacity = 1.0
6.4643 	EXP 	polygon: opacity = 0.0
6.4643 	EXP 	displayPicture: image = 'C:\\Users\\Employee\\Google Drive\\UP\\MyResearch\\TaskProgramming\\AB_pic\\resources\\athleticsock.jpg'
6.4643 	EXP 	polygon_2: opacity = 0.0
6.4810 	EXP 	polygon: opacity = 0.0
6.4810 	EXP 	displayPicture: image = 'C:\\Users\\Employee\\Google Drive\\UP\\MyResearch\\TaskProgramming\\AB_pic\\resources\\athleticsock.jpg'
6.4810 	EXP 	polygon_2: opacity = 0.0
6.4977 	EXP 	polygon: opacity = 0.0
6.4977 	EXP 	displayPicture: image = 'C:\\Users\\Employee\\Google Drive\\UP\\MyResearch\\TaskProgramming\\AB_pic\\resources\\athleticsock.jpg'
6.4977 	EXP 	polygon_2: opacity = 0.0
6.5143 	EXP 	polygon: opacity = 0.0
6.5143 	EXP 	displayPicture: image = 'C:\\Users\\Employee\\Google Drive\\UP\\MyResearch\\TaskProgramming\\AB_pic\\resources\\athleticsock.jpg'
6.5143 	EXP 	polygon_2: opacity = 1.0
6.5310 	EXP 	polygon: opacity = 0.0
6.5310 	EXP 	displayPicture: image = 'C:\\Users\\Employee\\Google Drive\\UP\\MyResearch\\TaskProgramming\\AB_pic\\resources\\athleticsock.jpg'
6.5310 	EXP 	polygon_2: opacity = 1.0
6.5477 	EXP 	polygon: opacity = 0.0
6.5477 	EXP 	displayPicture: image = 'C:\\Users\\Employee\\Google Drive\\UP\\MyResearch\\TaskProgramming\\AB_pic\\resources\\athleticsock.jpg'
6.5477 	EXP 	polygon_2: opacity = 1.0
6.5643 	EXP 	polygon: opacity = 0.0
6.5643 	EXP 	displayPicture: image = 'C:\\Users\\Employee\\Google Drive\\UP\\MyResearch\\TaskProgramming\\AB_pic\\resources\\athleticsock.jpg'
6.5643 	EXP 	polygon_2: opacity = 1.0
6.5810 	EXP 	polygon: opacity = 0.0
6.5810 	EXP 	displayPicture: image = 'C:\\Users\\Employee\\Google Drive\\UP\\MyResearch\\TaskProgramming\\AB_pic\\resources\\athleticsock.jpg'
6.5810 	EXP 	polygon_2: opacity = 1.0
6.5976 	EXP 	polygon: opacity = 0.0
6.5976 	EXP 	displayPicture: image = 'C:\\Users\\Employee\\Google Drive\\UP\\MyResearch\\TaskProgramming\\AB_pic\\resources\\athleticsock.jpg'
6.5976 	EXP 	polygon_2: opacity = 1.0
6.6143 	EXP 	polygon: opacity = 0.0
6.6143 	EXP 	displayPicture: image = 'C:\\Users\\Employee\\Google Drive\\UP\\MyResearch\\TaskProgramming\\AB_pic\\resources\\athleticsock.jpg'
6.6143 	EXP 	polygon_2: opacity = 1.0
6.6309 	EXP 	polygon: opacity = 0.0
6.6309 	EXP 	displayPicture: image = 'C:\\Users\\Employee\\Google Drive\\UP\\MyResearch\\TaskProgramming\\AB_pic\\resources\\athleticsock.jpg'
6.6309 	EXP 	polygon_2: opacity = 1.0
6.6475 	EXP 	polygon: opacity = 0.0
6.6475 	EXP 	displayPicture: image = 'C:\\Users\\Employee\\Google Drive\\UP\\MyResearch\\TaskProgramming\\AB_pic\\resources\\athleticsock.jpg'
6.6475 	EXP 	polygon_2: opacity = 1.0
6.6641 	EXP 	polygon: opacity = 0.0
6.6641 	EXP 	displayPicture: image = 'C:\\Users\\Employee\\Google Drive\\UP\\MyResearch\\TaskProgramming\\AB_pic\\resources\\athleticsock.jpg'
6.6641 	EXP 	polygon_2: opacity = 1.0
6.6807 	EXP 	polygon: opacity = 0.0
6.6807 	EXP 	displayPicture: image = 'C:\\Users\\Employee\\Google Drive\\UP\\MyResearch\\TaskProgramming\\AB_pic\\resources\\athleticsock.jpg'
6.6807 	EXP 	polygon_2: opacity = 1.0
6.6974 	EXP 	polygon: opacity = 0.0
6.6974 	EXP 	displayPicture: image = 'C:\\Users\\Employee\\Google Drive\\UP\\MyResearch\\TaskProgramming\\AB_pic\\resources\\athleticsock.jpg'
6.6974 	EXP 	polygon_2: opacity = 1.0
6.7141 	EXP 	polygon: opacity = 1.0
6.7141 	EXP 	displayPicture: image = 'C:\\Users\\Employee\\Google Drive\\UP\\MyResearch\\TaskProgramming\\AB_pic\\resources\\scooter.jpg'
6.7141 	EXP 	polygon_2: opacity = 0.0
6.7308 	EXP 	polygon: opacity = 1.0
6.7308 	EXP 	displayPicture: image = 'C:\\Users\\Employee\\Google Drive\\UP\\MyResearch\\TaskProgramming\\AB_pic\\resources\\scooter.jpg'
6.7308 	EXP 	polygon_2: opacity = 0.0
6.7474 	EXP 	polygon: opacity = 1.0
6.7474 	EXP 	displayPicture: image = 'C:\\Users\\Employee\\Google Drive\\UP\\MyResearch\\TaskProgramming\\AB_pic\\resources\\scooter.jpg'
6.7474 	EXP 	polygon_2: opacity = 0.0
6.7641 	EXP 	polygon: opacity = 1.0
6.7641 	EXP 	displayPicture: image = 'C:\\Users\\Employee\\Google Drive\\UP\\MyResearch\\TaskProgramming\\AB_pic\\resources\\scooter.jpg'
6.7641 	EXP 	polygon_2: opacity = 1.0
6.7807 	EXP 	polygon: opacity = 1.0
6.7807 	EXP 	displayPicture: image = 'C:\\Users\\Employee\\Google Drive\\UP\\MyResearch\\TaskProgramming\\AB_pic\\resources\\scooter.jpg'
6.7807 	EXP 	polygon_2: opacity = 1.0
6.7974 	EXP 	polygon: opacity = 1.0
6.7974 	EXP 	displayPicture: image = 'C:\\Users\\Employee\\Google Drive\\UP\\MyResearch\\TaskProgramming\\AB_pic\\resources\\scooter.jpg'
6.7974 	EXP 	polygon_2: opacity = 1.0
6.8141 	EXP 	polygon: opacity = 1.0
6.8141 	EXP 	displayPicture: image = 'C:\\Users\\Employee\\Google Drive\\UP\\MyResearch\\TaskProgramming\\AB_pic\\resources\\scooter.jpg'
6.8141 	EXP 	polygon_2: opacity = 1.0
6.8307 	EXP 	polygon: opacity = 1.0
6.8307 	EXP 	displayPicture: image = 'C:\\Users\\Employee\\Google Drive\\UP\\MyResearch\\TaskProgramming\\AB_pic\\resources\\scooter.jpg'
6.8307 	EXP 	polygon_2: opacity = 1.0
6.8474 	EXP 	polygon: opacity = 1.0
6.8474 	EXP 	displayPicture: image = 'C:\\Users\\Employee\\Google Drive\\UP\\MyResearch\\TaskProgramming\\AB_pic\\resources\\scooter.jpg'
6.8474 	EXP 	polygon_2: opacity = 1.0
6.8640 	EXP 	polygon: opacity = 1.0
6.8640 	EXP 	displayPicture: image = 'C:\\Users\\Employee\\Google Drive\\UP\\MyResearch\\TaskProgramming\\AB_pic\\resources\\scooter.jpg'
6.8640 	EXP 	polygon_2: opacity = 1.0
6.8808 	EXP 	polygon: opacity = 1.0
6.8808 	EXP 	displayPicture: image = 'C:\\Users\\Employee\\Google Drive\\UP\\MyResearch\\TaskProgramming\\AB_pic\\resources\\scooter.jpg'
6.8808 	EXP 	polygon_2: opacity = 1.0
6.8974 	EXP 	polygon: opacity = 1.0
6.8974 	EXP 	displayPicture: image = 'C:\\Users\\Employee\\Google Drive\\UP\\MyResearch\\TaskProgramming\\AB_pic\\resources\\scooter.jpg'
6.8974 	EXP 	polygon_2: opacity = 1.0
6.9140 	EXP 	polygon: opacity = 1.0
6.9140 	EXP 	displayPicture: image = 'C:\\Users\\Employee\\Google Drive\\UP\\MyResearch\\TaskProgramming\\AB_pic\\resources\\scooter.jpg'
6.9140 	EXP 	polygon_2: opacity = 1.0
6.9307 	EXP 	polygon: opacity = 1.0
6.9307 	EXP 	displayPicture: image = 'C:\\Users\\Employee\\Google Drive\\UP\\MyResearch\\TaskProgramming\\AB_pic\\resources\\scooter.jpg'
6.9307 	EXP 	polygon_2: opacity = 1.0
6.9474 	EXP 	polygon: opacity = 1.0
6.9474 	EXP 	displayPicture: image = 'C:\\Users\\Employee\\Google Drive\\UP\\MyResearch\\TaskProgramming\\AB_pic\\resources\\scooter.jpg'
6.9474 	EXP 	polygon_2: opacity = 1.0
6.9641 	EXP 	polygon: opacity = 0.0
6.9641 	EXP 	displayPicture: image = 'C:\\Users\\Employee\\Google Drive\\UP\\MyResearch\\TaskProgramming\\AB_pic\\resources\\saltshaker03a.jpg'
6.9641 	EXP 	polygon_2: opacity = 0.0
6.9807 	EXP 	polygon: opacity = 0.0
6.9807 	EXP 	displayPicture: image = 'C:\\Users\\Employee\\Google Drive\\UP\\MyResearch\\TaskProgramming\\AB_pic\\resources\\saltshaker03a.jpg'
6.9807 	EXP 	polygon_2: opacity = 0.0
6.9974 	EXP 	polygon: opacity = 0.0
6.9974 	EXP 	displayPicture: image = 'C:\\Users\\Employee\\Google Drive\\UP\\MyResearch\\TaskProgramming\\AB_pic\\resources\\saltshaker03a.jpg'
6.9974 	EXP 	polygon_2: opacity = 0.0
7.0141 	EXP 	polygon: opacity = 0.0
7.0141 	EXP 	displayPicture: image = 'C:\\Users\\Employee\\Google Drive\\UP\\MyResearch\\TaskProgramming\\AB_pic\\resources\\saltshaker03a.jpg'
7.0141 	EXP 	polygon_2: opacity = 1.0
7.0307 	EXP 	polygon: opacity = 0.0
7.0307 	EXP 	displayPicture: image = 'C:\\Users\\Employee\\Google Drive\\UP\\MyResearch\\TaskProgramming\\AB_pic\\resources\\saltshaker03a.jpg'
7.0307 	EXP 	polygon_2: opacity = 1.0
7.0474 	EXP 	polygon: opacity = 0.0
7.0474 	EXP 	displayPicture: image = 'C:\\Users\\Employee\\Google Drive\\UP\\MyResearch\\TaskProgramming\\AB_pic\\resources\\saltshaker03a.jpg'
7.0474 	EXP 	polygon_2: opacity = 1.0
7.0641 	EXP 	polygon: opacity = 0.0
7.0641 	EXP 	displayPicture: image = 'C:\\Users\\Employee\\Google Drive\\UP\\MyResearch\\TaskProgramming\\AB_pic\\resources\\saltshaker03a.jpg'
7.0641 	EXP 	polygon_2: opacity = 1.0
7.0807 	EXP 	polygon: opacity = 0.0
7.0807 	EXP 	displayPicture: image = 'C:\\Users\\Employee\\Google Drive\\UP\\MyResearch\\TaskProgramming\\AB_pic\\resources\\saltshaker03a.jpg'
7.0807 	EXP 	polygon_2: opacity = 1.0
7.0974 	EXP 	polygon: opacity = 0.0
7.0974 	EXP 	displayPicture: image = 'C:\\Users\\Employee\\Google Drive\\UP\\MyResearch\\TaskProgramming\\AB_pic\\resources\\saltshaker03a.jpg'
7.0974 	EXP 	polygon_2: opacity = 1.0
7.1141 	EXP 	polygon: opacity = 0.0
7.1141 	EXP 	displayPicture: image = 'C:\\Users\\Employee\\Google Drive\\UP\\MyResearch\\TaskProgramming\\AB_pic\\resources\\saltshaker03a.jpg'
7.1141 	EXP 	polygon_2: opacity = 1.0
7.1307 	EXP 	polygon: opacity = 0.0
7.1307 	EXP 	displayPicture: image = 'C:\\Users\\Employee\\Google Drive\\UP\\MyResearch\\TaskProgramming\\AB_pic\\resources\\saltshaker03a.jpg'
7.1307 	EXP 	polygon_2: opacity = 1.0
7.1474 	EXP 	polygon: opacity = 0.0
7.1474 	EXP 	displayPicture: image = 'C:\\Users\\Employee\\Google Drive\\UP\\MyResearch\\TaskProgramming\\AB_pic\\resources\\saltshaker03a.jpg'
7.1474 	EXP 	polygon_2: opacity = 1.0
7.1641 	EXP 	polygon: opacity = 0.0
7.1641 	EXP 	displayPicture: image = 'C:\\Users\\Employee\\Google Drive\\UP\\MyResearch\\TaskProgramming\\AB_pic\\resources\\saltshaker03a.jpg'
7.1641 	EXP 	polygon_2: opacity = 1.0
7.1807 	EXP 	polygon: opacity = 0.0
7.1807 	EXP 	displayPicture: image = 'C:\\Users\\Employee\\Google Drive\\UP\\MyResearch\\TaskProgramming\\AB_pic\\resources\\saltshaker03a.jpg'
7.1807 	EXP 	polygon_2: opacity = 1.0
7.1974 	EXP 	polygon: opacity = 0.0
7.1974 	EXP 	displayPicture: image = 'C:\\Users\\Employee\\Google Drive\\UP\\MyResearch\\TaskProgramming\\AB_pic\\resources\\saltshaker03a.jpg'
7.1974 	EXP 	polygon_2: opacity = 1.0
7.2141 	EXP 	polygon: opacity = 0.0
7.2141 	EXP 	displayPicture: image = 'C:\\Users\\Employee\\Google Drive\\UP\\MyResearch\\TaskProgramming\\AB_pic\\resources\\bed.jpg'
7.2141 	EXP 	polygon_2: opacity = 0.0
7.2307 	EXP 	polygon: opacity = 0.0
7.2307 	EXP 	displayPicture: image = 'C:\\Users\\Employee\\Google Drive\\UP\\MyResearch\\TaskProgramming\\AB_pic\\resources\\bed.jpg'
7.2307 	EXP 	polygon_2: opacity = 0.0
7.2474 	EXP 	polygon: opacity = 0.0
7.2474 	EXP 	displayPicture: image = 'C:\\Users\\Employee\\Google Drive\\UP\\MyResearch\\TaskProgramming\\AB_pic\\resources\\bed.jpg'
7.2474 	EXP 	polygon_2: opacity = 0.0
7.2640 	EXP 	polygon: opacity = 0.0
7.2640 	EXP 	displayPicture: image = 'C:\\Users\\Employee\\Google Drive\\UP\\MyResearch\\TaskProgramming\\AB_pic\\resources\\bed.jpg'
7.2640 	EXP 	polygon_2: opacity = 1.0
7.2807 	EXP 	polygon: opacity = 0.0
7.2807 	EXP 	displayPicture: image = 'C:\\Users\\Employee\\Google Drive\\UP\\MyResearch\\TaskProgramming\\AB_pic\\resources\\bed.jpg'
7.2807 	EXP 	polygon_2: opacity = 1.0
7.2974 	EXP 	polygon: opacity = 0.0
7.2974 	EXP 	displayPicture: image = 'C:\\Users\\Employee\\Google Drive\\UP\\MyResearch\\TaskProgramming\\AB_pic\\resources\\bed.jpg'
7.2974 	EXP 	polygon_2: opacity = 1.0
7.3140 	EXP 	polygon: opacity = 0.0
7.3140 	EXP 	displayPicture: image = 'C:\\Users\\Employee\\Google Drive\\UP\\MyResearch\\TaskProgramming\\AB_pic\\resources\\bed.jpg'
7.3140 	EXP 	polygon_2: opacity = 1.0
7.3307 	EXP 	polygon: opacity = 0.0
7.3307 	EXP 	displayPicture: image = 'C:\\Users\\Employee\\Google Drive\\UP\\MyResearch\\TaskProgramming\\AB_pic\\resources\\bed.jpg'
7.3307 	EXP 	polygon_2: opacity = 1.0
7.3474 	EXP 	polygon: opacity = 0.0
7.3474 	EXP 	displayPicture: image = 'C:\\Users\\Employee\\Google Drive\\UP\\MyResearch\\TaskProgramming\\AB_pic\\resources\\bed.jpg'
7.3474 	EXP 	polygon_2: opacity = 1.0
7.3640 	EXP 	polygon: opacity = 0.0
7.3640 	EXP 	displayPicture: image = 'C:\\Users\\Employee\\Google Drive\\UP\\MyResearch\\TaskProgramming\\AB_pic\\resources\\bed.jpg'
7.3640 	EXP 	polygon_2: opacity = 1.0
7.3807 	EXP 	polygon: opacity = 0.0
7.3807 	EXP 	displayPicture: image = 'C:\\Users\\Employee\\Google Drive\\UP\\MyResearch\\TaskProgramming\\AB_pic\\resources\\bed.jpg'
7.3807 	EXP 	polygon_2: opacity = 1.0
7.3974 	EXP 	polygon: opacity = 0.0
7.3974 	EXP 	displayPicture: image = 'C:\\Users\\Employee\\Google Drive\\UP\\MyResearch\\TaskProgramming\\AB_pic\\resources\\bed.jpg'
7.3974 	EXP 	polygon_2: opacity = 1.0
7.4140 	EXP 	polygon: opacity = 0.0
7.4140 	EXP 	displayPicture: image = 'C:\\Users\\Employee\\Google Drive\\UP\\MyResearch\\TaskProgramming\\AB_pic\\resources\\bed.jpg'
7.4140 	EXP 	polygon_2: opacity = 1.0
7.4307 	EXP 	polygon: opacity = 0.0
7.4307 	EXP 	displayPicture: image = 'C:\\Users\\Employee\\Google Drive\\UP\\MyResearch\\TaskProgramming\\AB_pic\\resources\\bed.jpg'
7.4307 	EXP 	polygon_2: opacity = 1.0
7.4474 	EXP 	polygon: opacity = 0.0
7.4474 	EXP 	displayPicture: image = 'C:\\Users\\Employee\\Google Drive\\UP\\MyResearch\\TaskProgramming\\AB_pic\\resources\\bed.jpg'
7.4474 	EXP 	polygon_2: opacity = 1.0
7.4640 	EXP 	polygon: opacity = 0.0
7.4640 	EXP 	displayPicture: image = 'C:\\Users\\Employee\\Google Drive\\UP\\MyResearch\\TaskProgramming\\AB_pic\\resources\\noparkingsign.jpg'
7.4640 	EXP 	polygon_2: opacity = 0.0
7.4807 	EXP 	polygon: opacity = 0.0
7.4807 	EXP 	displayPicture: image = 'C:\\Users\\Employee\\Google Drive\\UP\\MyResearch\\TaskProgramming\\AB_pic\\resources\\noparkingsign.jpg'
7.4807 	EXP 	polygon_2: opacity = 0.0
7.4974 	EXP 	polygon: opacity = 0.0
7.4974 	EXP 	displayPicture: image = 'C:\\Users\\Employee\\Google Drive\\UP\\MyResearch\\TaskProgramming\\AB_pic\\resources\\noparkingsign.jpg'
7.4974 	EXP 	polygon_2: opacity = 0.0
7.5140 	EXP 	polygon: opacity = 0.0
7.5140 	EXP 	displayPicture: image = 'C:\\Users\\Employee\\Google Drive\\UP\\MyResearch\\TaskProgramming\\AB_pic\\resources\\noparkingsign.jpg'
7.5140 	EXP 	polygon_2: opacity = 1.0
7.5307 	EXP 	polygon: opacity = 0.0
7.5307 	EXP 	displayPicture: image = 'C:\\Users\\Employee\\Google Drive\\UP\\MyResearch\\TaskProgramming\\AB_pic\\resources\\noparkingsign.jpg'
7.5307 	EXP 	polygon_2: opacity = 1.0
7.5474 	EXP 	polygon: opacity = 0.0
7.5474 	EXP 	displayPicture: image = 'C:\\Users\\Employee\\Google Drive\\UP\\MyResearch\\TaskProgramming\\AB_pic\\resources\\noparkingsign.jpg'
7.5474 	EXP 	polygon_2: opacity = 1.0
7.5640 	EXP 	polygon: opacity = 0.0
7.5640 	EXP 	displayPicture: image = 'C:\\Users\\Employee\\Google Drive\\UP\\MyResearch\\TaskProgramming\\AB_pic\\resources\\noparkingsign.jpg'
7.5640 	EXP 	polygon_2: opacity = 1.0
7.5807 	EXP 	polygon: opacity = 0.0
7.5807 	EXP 	displayPicture: image = 'C:\\Users\\Employee\\Google Drive\\UP\\MyResearch\\TaskProgramming\\AB_pic\\resources\\noparkingsign.jpg'
7.5807 	EXP 	polygon_2: opacity = 1.0
7.5974 	EXP 	polygon: opacity = 0.0
7.5974 	EXP 	displayPicture: image = 'C:\\Users\\Employee\\Google Drive\\UP\\MyResearch\\TaskProgramming\\AB_pic\\resources\\noparkingsign.jpg'
7.5974 	EXP 	polygon_2: opacity = 1.0
7.6140 	EXP 	polygon: opacity = 0.0
7.6140 	EXP 	displayPicture: image = 'C:\\Users\\Employee\\Google Drive\\UP\\MyResearch\\TaskProgramming\\AB_pic\\resources\\noparkingsign.jpg'
7.6140 	EXP 	polygon_2: opacity = 1.0
7.6307 	EXP 	polygon: opacity = 0.0
7.6307 	EXP 	displayPicture: image = 'C:\\Users\\Employee\\Google Drive\\UP\\MyResearch\\TaskProgramming\\AB_pic\\resources\\noparkingsign.jpg'
7.6307 	EXP 	polygon_2: opacity = 1.0
7.6473 	EXP 	polygon: opacity = 0.0
7.6473 	EXP 	displayPicture: image = 'C:\\Users\\Employee\\Google Drive\\UP\\MyResearch\\TaskProgramming\\AB_pic\\resources\\noparkingsign.jpg'
7.6473 	EXP 	polygon_2: opacity = 1.0
7.6640 	EXP 	polygon: opacity = 0.0
7.6640 	EXP 	displayPicture: image = 'C:\\Users\\Employee\\Google Drive\\UP\\MyResearch\\TaskProgramming\\AB_pic\\resources\\noparkingsign.jpg'
7.6640 	EXP 	polygon_2: opacity = 1.0
7.6807 	EXP 	polygon: opacity = 0.0
7.6807 	EXP 	displayPicture: image = 'C:\\Users\\Employee\\Google Drive\\UP\\MyResearch\\TaskProgramming\\AB_pic\\resources\\noparkingsign.jpg'
7.6807 	EXP 	polygon_2: opacity = 1.0
7.6974 	EXP 	polygon: opacity = 0.0
7.6974 	EXP 	displayPicture: image = 'C:\\Users\\Employee\\Google Drive\\UP\\MyResearch\\TaskProgramming\\AB_pic\\resources\\noparkingsign.jpg'
7.6974 	EXP 	polygon_2: opacity = 1.0
7.7307 	EXP 	polygon: opacity = 0.0
7.7307 	EXP 	displayPicture: image = 'C:\\Users\\Employee\\Google Drive\\UP\\MyResearch\\TaskProgramming\\AB_pic\\resources\\noparkingsign.jpg'
7.7307 	EXP 	polygon_2: opacity = 0.0
7.7307 	EXP 	polygon: autoDraw = False
7.7307 	EXP 	displayPicture: autoDraw = False
7.7307 	EXP 	polygon_2: autoDraw = False
7.7307 	EXP 	option1_t1: image = 'C:\\Users\\Employee\\Google Drive\\UP\\MyResearch\\TaskProgramming\\AB_pic\\resources\\football.jpg'
7.7307 	EXP 	option2_t1: image = 'C:\\Users\\Employee\\Google Drive\\UP\\MyResearch\\TaskProgramming\\AB_pic\\resources\\mummy.jpg'
7.7307 	EXP 	option1_t1: autoDraw = True
7.7307 	EXP 	option2_t1: autoDraw = True
9.1186 	DATA 	Keypress: escape
9.2677 	EXP 	window1: mouseVisible = True
