0.8011 	WARNING 	We strongly recommend you activate the PTB sound engine in PsychoPy prefs as the preferred audio engine. Its timing is vastly superior. Your prefs are currently set to use ['sounddevice', 'PTB', 'pyo', 'pygame'] (in that order).
3.6576 	WARNING 	User requested fullscreen with size [1024  768], but screen is actually [1920, 1080]. Using actual size
4.5422 	EXP 	Created window1 = Window(allowGUI=False, allowStencil=False, args=UNKNOWN, autoLog=True, bitsMode=UNKNOWN, blendMode='avg', bpc=(8, 8, 8), color=array([0., 0., 0.]), colorSpace='rgb', depthBits=8, fullscr=<method-wrapper '__getattribute__' of attributeSetter object at 0x0000020D8527FB38>, gamma=None, gammaErrorPolicy='raise', kwargs=UNKNOWN, lms=UNKNOWN, monitor=<psychopy.monitors.calibTools.Monitor object at 0x0000020D8504F198>, multiSample=False, name='window1', numSamples=2, pos=[0.0, 0.0], screen=0, size=array([1920, 1080]), stencilBits=0, stereo=False, units='height', useFBO=True, useRetina=False, viewOri=0.0, viewPos=None, viewScale=None, waitBlanking=True, winType='pyglet')
4.5426 	EXP 	window1: mouseVisible = True
4.5426 	EXP 	window1: recordFrameIntervals = False
4.7085 	EXP 	window1: recordFrameIntervals = True
4.8919 	EXP 	window1: recordFrameIntervals = False
4.9583 	EXP 	Created displayPicture = ImageStim(__class__=<class 'psychopy.visual.image.ImageStim'>, autoLog=True, color=array([1., 1., 1.]), colorSpace='rgb', contrast=1.0, depth=-3.0, flipHoriz=False, flipVert=False, image='sin', interpolate=True, mask=None, maskParams=None, name='displayPicture', opacity=1.0, ori=0.0, pos=array([0., 0.]), size=array([0.25, 0.25]), texRes=128, units='height', win=Window(...))
4.9595 	EXP 	Created polygon = Rect(__class__=<class 'psychopy.visual.rect.Rect'>, autoDraw=False, autoLog=True, closeShape=True, color=method-wrapper(...), colorSpace=None, contrast=1.0, depth=-4.0, fillColor=array([1., 0., 0.]), fillColorSpace='rgb', fillRGB=array([1., 0., 0.]), interpolate=True, lineColor=array([1., 1., 1.]), lineColorSpace='rgb', lineRGB=array([1., 1., 1.]), lineWidth=1, name='polygon', opacity=1.0, ori=array(0.), pos=array([0., 0.]), size=array([0.6, 0.6]), units='height', vertices=ndarray(...), win=Window(...))
5.0113 	EXP 	Created text = TextStim(__class__=<class 'psychopy.visual.text.TextStim'>, alignHoriz=method-wrapper(...), alignText='center', alignVert=method-wrapper(...), anchorHoriz='center', anchorVert='center', antialias=True, autoLog=True, bold=False, color='white', colorSpace='named', contrast=1.0, depth=0.0, flipHoriz=False, flipVert=False, font='Arial', fontFiles=[], height=0.1, italic=False, languageStyle='LTR', name='text', opacity=1.0, ori=0, pos=array([0., 0.]), rgb=array([255., 255., 255.]), text='here we are between trials! ', units='height', win=Window(...), wrapWidth=1)
5.0145 	EXP 	Created option1_t1 = ImageStim(__class__=<class 'psychopy.visual.image.ImageStim'>, autoLog=True, color=array([1., 1., 1.]), colorSpace='rgb', contrast=1.0, depth=-2.0, flipHoriz=False, flipVert=False, image='sin', interpolate=True, mask=None, maskParams=None, name='option1_t1', opacity=1.0, ori=0.0, pos=array([-0.3,  0. ]), size=array([0.25, 0.25]), texRes=128, units='height', win=Window(...))
5.0170 	EXP 	Created option2_t1 = ImageStim(__class__=<class 'psychopy.visual.image.ImageStim'>, autoLog=True, color=array([1., 1., 1.]), colorSpace='rgb', contrast=1.0, depth=-3.0, flipHoriz=False, flipVert=False, image='sin', interpolate=True, mask=None, maskParams=None, name='option2_t1', opacity=1.0, ori=0.0, pos=array([0.3, 0. ]), size=array([0.25, 0.25]), texRes=128, units='height', win=Window(...))
5.0811 	EXP 	Imported conditionAB.xlsx as conditions, 360 conditions, 9 params
5.0820 	EXP 	Created sequence: random, trialTypes=360, nReps=1, seed=None
5.0823 	EXP 	New trial (rep=0, index=0): OrderedDict([('trialType', 'AB'), ('cndTyp', 'lag4'), ('lag', 4), ('T1_loc', 3), ('gap', 0.0), ('T2_loc', 7), ('primePos', 102), ('stimLen', 0.1), ('isi', 0.04)])
5.1773 	EXP 	displayPicture: autoDraw = True
5.1773 	EXP 	displayPicture: image = 'C:\\Users\\Employee\\Google Drive\\UP\\MyResearch\\TaskProgramming\\AB_pic\\resources\\cobra.jpg'
5.1773 	EXP 	polygon: autoDraw = True
5.1773 	EXP 	polygon: opacity = 0.5
5.2085 	EXP 	displayPicture: image = 'C:\\Users\\Employee\\Google Drive\\UP\\MyResearch\\TaskProgramming\\AB_pic\\resources\\musicsheet.jpg'
5.2085 	EXP 	polygon: opacity = 0.0
5.2250 	EXP 	displayPicture: image = 'C:\\Users\\Employee\\Google Drive\\UP\\MyResearch\\TaskProgramming\\AB_pic\\resources\\musicsheet.jpg'
5.2250 	EXP 	polygon: opacity = 0.0
5.2417 	EXP 	displayPicture: image = 'C:\\Users\\Employee\\Google Drive\\UP\\MyResearch\\TaskProgramming\\AB_pic\\resources\\musicsheet.jpg'
5.2417 	EXP 	polygon: opacity = 0.0
5.2584 	EXP 	displayPicture: image = 'C:\\Users\\Employee\\Google Drive\\UP\\MyResearch\\TaskProgramming\\AB_pic\\resources\\musicsheet.jpg'
5.2584 	EXP 	polygon: opacity = 0.0
5.2750 	EXP 	displayPicture: image = 'C:\\Users\\Employee\\Google Drive\\UP\\MyResearch\\TaskProgramming\\AB_pic\\resources\\musicsheet.jpg'
5.2750 	EXP 	polygon: opacity = 0.0
5.2917 	EXP 	displayPicture: image = 'C:\\Users\\Employee\\Google Drive\\UP\\MyResearch\\TaskProgramming\\AB_pic\\resources\\waterfall.jpg'
5.2917 	EXP 	polygon: opacity = 1.0
5.3084 	EXP 	displayPicture: image = 'C:\\Users\\Employee\\Google Drive\\UP\\MyResearch\\TaskProgramming\\AB_pic\\resources\\waterfall.jpg'
5.3084 	EXP 	polygon: opacity = 1.0
5.3251 	EXP 	displayPicture: image = 'C:\\Users\\Employee\\Google Drive\\UP\\MyResearch\\TaskProgramming\\AB_pic\\resources\\waterfall.jpg'
5.3251 	EXP 	polygon: opacity = 1.0
5.3586 	EXP 	displayPicture: image = 'C:\\Users\\Employee\\Google Drive\\UP\\MyResearch\\TaskProgramming\\AB_pic\\resources\\waterfall.jpg'
5.3586 	EXP 	polygon: opacity = 1.0
5.3750 	EXP 	displayPicture: image = 'C:\\Users\\Employee\\Google Drive\\UP\\MyResearch\\TaskProgramming\\AB_pic\\resources\\waterfall.jpg'
5.3750 	EXP 	polygon: opacity = 1.0
5.3917 	EXP 	displayPicture: image = 'C:\\Users\\Employee\\Google Drive\\UP\\MyResearch\\TaskProgramming\\AB_pic\\resources\\snowshoe.jpg'
5.3917 	EXP 	polygon: opacity = 0.0
5.4084 	EXP 	displayPicture: image = 'C:\\Users\\Employee\\Google Drive\\UP\\MyResearch\\TaskProgramming\\AB_pic\\resources\\snowshoe.jpg'
5.4084 	EXP 	polygon: opacity = 0.0
5.4250 	EXP 	displayPicture: image = 'C:\\Users\\Employee\\Google Drive\\UP\\MyResearch\\TaskProgramming\\AB_pic\\resources\\snowshoe.jpg'
5.4250 	EXP 	polygon: opacity = 0.0
5.4417 	EXP 	displayPicture: image = 'C:\\Users\\Employee\\Google Drive\\UP\\MyResearch\\TaskProgramming\\AB_pic\\resources\\snowshoe.jpg'
5.4417 	EXP 	polygon: opacity = 0.0
5.4584 	EXP 	displayPicture: image = 'C:\\Users\\Employee\\Google Drive\\UP\\MyResearch\\TaskProgramming\\AB_pic\\resources\\snowshoe.jpg'
5.4584 	EXP 	polygon: opacity = 0.0
5.4751 	EXP 	displayPicture: image = 'C:\\Users\\Employee\\Google Drive\\UP\\MyResearch\\TaskProgramming\\AB_pic\\resources\\snowshoe.jpg'
5.4751 	EXP 	polygon: opacity = 0.0
5.4919 	EXP 	displayPicture: image = 'C:\\Users\\Employee\\Google Drive\\UP\\MyResearch\\TaskProgramming\\AB_pic\\resources\\peacock.jpg'
5.4919 	EXP 	polygon: opacity = 0.0
5.5084 	EXP 	displayPicture: image = 'C:\\Users\\Employee\\Google Drive\\UP\\MyResearch\\TaskProgramming\\AB_pic\\resources\\peacock.jpg'
5.5084 	EXP 	polygon: opacity = 0.0
5.5250 	EXP 	displayPicture: image = 'C:\\Users\\Employee\\Google Drive\\UP\\MyResearch\\TaskProgramming\\AB_pic\\resources\\peacock.jpg'
5.5250 	EXP 	polygon: opacity = 0.0
5.5417 	EXP 	displayPicture: image = 'C:\\Users\\Employee\\Google Drive\\UP\\MyResearch\\TaskProgramming\\AB_pic\\resources\\peacock.jpg'
5.5417 	EXP 	polygon: opacity = 0.0
5.5584 	EXP 	displayPicture: image = 'C:\\Users\\Employee\\Google Drive\\UP\\MyResearch\\TaskProgramming\\AB_pic\\resources\\peacock.jpg'
5.5584 	EXP 	polygon: opacity = 0.0
5.5750 	EXP 	displayPicture: image = 'C:\\Users\\Employee\\Google Drive\\UP\\MyResearch\\TaskProgramming\\AB_pic\\resources\\peacock.jpg'
5.5750 	EXP 	polygon: opacity = 0.0
5.5917 	EXP 	displayPicture: image = 'C:\\Users\\Employee\\Google Drive\\UP\\MyResearch\\TaskProgramming\\AB_pic\\resources\\porcupine.jpg'
5.5917 	EXP 	polygon: opacity = 0.0
5.6084 	EXP 	displayPicture: image = 'C:\\Users\\Employee\\Google Drive\\UP\\MyResearch\\TaskProgramming\\AB_pic\\resources\\porcupine.jpg'
5.6084 	EXP 	polygon: opacity = 0.0
5.6417 	EXP 	displayPicture: image = 'C:\\Users\\Employee\\Google Drive\\UP\\MyResearch\\TaskProgramming\\AB_pic\\resources\\porcupine.jpg'
5.6417 	EXP 	polygon: opacity = 0.0
5.6584 	EXP 	displayPicture: image = 'C:\\Users\\Employee\\Google Drive\\UP\\MyResearch\\TaskProgramming\\AB_pic\\resources\\porcupine.jpg'
5.6584 	EXP 	polygon: opacity = 0.0
5.6750 	EXP 	displayPicture: image = 'C:\\Users\\Employee\\Google Drive\\UP\\MyResearch\\TaskProgramming\\AB_pic\\resources\\porcupine.jpg'
5.6750 	EXP 	polygon: opacity = 0.0
5.6917 	EXP 	displayPicture: image = 'C:\\Users\\Employee\\Google Drive\\UP\\MyResearch\\TaskProgramming\\AB_pic\\resources\\athleticsock.jpg'
5.6917 	EXP 	polygon: opacity = 0.0
5.7083 	EXP 	displayPicture: image = 'C:\\Users\\Employee\\Google Drive\\UP\\MyResearch\\TaskProgramming\\AB_pic\\resources\\athleticsock.jpg'
5.7083 	EXP 	polygon: opacity = 0.0
5.7250 	EXP 	displayPicture: image = 'C:\\Users\\Employee\\Google Drive\\UP\\MyResearch\\TaskProgramming\\AB_pic\\resources\\athleticsock.jpg'
5.7250 	EXP 	polygon: opacity = 0.0
5.7417 	EXP 	displayPicture: image = 'C:\\Users\\Employee\\Google Drive\\UP\\MyResearch\\TaskProgramming\\AB_pic\\resources\\athleticsock.jpg'
5.7417 	EXP 	polygon: opacity = 0.0
5.7583 	EXP 	displayPicture: image = 'C:\\Users\\Employee\\Google Drive\\UP\\MyResearch\\TaskProgramming\\AB_pic\\resources\\athleticsock.jpg'
5.7583 	EXP 	polygon: opacity = 0.0
5.7750 	EXP 	displayPicture: image = 'C:\\Users\\Employee\\Google Drive\\UP\\MyResearch\\TaskProgramming\\AB_pic\\resources\\athleticsock.jpg'
5.7750 	EXP 	polygon: opacity = 0.0
5.7916 	EXP 	displayPicture: image = 'C:\\Users\\Employee\\Google Drive\\UP\\MyResearch\\TaskProgramming\\AB_pic\\resources\\cat.jpg'
5.7916 	EXP 	polygon: opacity = 0.0
5.8084 	EXP 	displayPicture: image = 'C:\\Users\\Employee\\Google Drive\\UP\\MyResearch\\TaskProgramming\\AB_pic\\resources\\cat.jpg'
5.8084 	EXP 	polygon: opacity = 0.0
5.8250 	EXP 	displayPicture: image = 'C:\\Users\\Employee\\Google Drive\\UP\\MyResearch\\TaskProgramming\\AB_pic\\resources\\cat.jpg'
5.8250 	EXP 	polygon: opacity = 0.0
5.8417 	EXP 	displayPicture: image = 'C:\\Users\\Employee\\Google Drive\\UP\\MyResearch\\TaskProgramming\\AB_pic\\resources\\cat.jpg'
5.8417 	EXP 	polygon: opacity = 0.0
5.8583 	EXP 	displayPicture: image = 'C:\\Users\\Employee\\Google Drive\\UP\\MyResearch\\TaskProgramming\\AB_pic\\resources\\cat.jpg'
5.8583 	EXP 	polygon: opacity = 0.0
5.8750 	EXP 	displayPicture: image = 'C:\\Users\\Employee\\Google Drive\\UP\\MyResearch\\TaskProgramming\\AB_pic\\resources\\cat.jpg'
5.8750 	EXP 	polygon: opacity = 0.0
5.8917 	EXP 	displayPicture: image = 'C:\\Users\\Employee\\Google Drive\\UP\\MyResearch\\TaskProgramming\\AB_pic\\resources\\greatwhiteshark.jpg'
5.8917 	EXP 	polygon: opacity = 0.0
5.9083 	EXP 	displayPicture: image = 'C:\\Users\\Employee\\Google Drive\\UP\\MyResearch\\TaskProgramming\\AB_pic\\resources\\greatwhiteshark.jpg'
5.9083 	EXP 	polygon: opacity = 0.0
5.9250 	EXP 	displayPicture: image = 'C:\\Users\\Employee\\Google Drive\\UP\\MyResearch\\TaskProgramming\\AB_pic\\resources\\greatwhiteshark.jpg'
5.9250 	EXP 	polygon: opacity = 0.0
5.9417 	EXP 	displayPicture: image = 'C:\\Users\\Employee\\Google Drive\\UP\\MyResearch\\TaskProgramming\\AB_pic\\resources\\greatwhiteshark.jpg'
5.9417 	EXP 	polygon: opacity = 0.0
5.9583 	EXP 	displayPicture: image = 'C:\\Users\\Employee\\Google Drive\\UP\\MyResearch\\TaskProgramming\\AB_pic\\resources\\greatwhiteshark.jpg'
5.9583 	EXP 	polygon: opacity = 0.0
5.9750 	EXP 	displayPicture: image = 'C:\\Users\\Employee\\Google Drive\\UP\\MyResearch\\TaskProgramming\\AB_pic\\resources\\greatwhiteshark.jpg'
5.9750 	EXP 	polygon: opacity = 0.0
5.9917 	EXP 	displayPicture: image = 'C:\\Users\\Employee\\Google Drive\\UP\\MyResearch\\TaskProgramming\\AB_pic\\resources\\ipad02.jpg'
5.9917 	EXP 	polygon: opacity = 0.0
6.0083 	EXP 	displayPicture: image = 'C:\\Users\\Employee\\Google Drive\\UP\\MyResearch\\TaskProgramming\\AB_pic\\resources\\ipad02.jpg'
6.0083 	EXP 	polygon: opacity = 0.0
6.0250 	EXP 	displayPicture: image = 'C:\\Users\\Employee\\Google Drive\\UP\\MyResearch\\TaskProgramming\\AB_pic\\resources\\ipad02.jpg'
6.0250 	EXP 	polygon: opacity = 0.0
6.0417 	EXP 	displayPicture: image = 'C:\\Users\\Employee\\Google Drive\\UP\\MyResearch\\TaskProgramming\\AB_pic\\resources\\ipad02.jpg'
6.0417 	EXP 	polygon: opacity = 0.0
6.0583 	EXP 	displayPicture: image = 'C:\\Users\\Employee\\Google Drive\\UP\\MyResearch\\TaskProgramming\\AB_pic\\resources\\ipad02.jpg'
6.0583 	EXP 	polygon: opacity = 0.0
6.0750 	EXP 	displayPicture: image = 'C:\\Users\\Employee\\Google Drive\\UP\\MyResearch\\TaskProgramming\\AB_pic\\resources\\ipad02.jpg'
6.0750 	EXP 	polygon: opacity = 0.0
6.0917 	EXP 	displayPicture: image = 'C:\\Users\\Employee\\Google Drive\\UP\\MyResearch\\TaskProgramming\\AB_pic\\resources\\birthdaycandle.jpg'
6.0917 	EXP 	polygon: opacity = 0.0
6.1083 	EXP 	displayPicture: image = 'C:\\Users\\Employee\\Google Drive\\UP\\MyResearch\\TaskProgramming\\AB_pic\\resources\\birthdaycandle.jpg'
6.1083 	EXP 	polygon: opacity = 0.0
6.1250 	EXP 	displayPicture: image = 'C:\\Users\\Employee\\Google Drive\\UP\\MyResearch\\TaskProgramming\\AB_pic\\resources\\birthdaycandle.jpg'
6.1250 	EXP 	polygon: opacity = 0.0
6.1417 	EXP 	displayPicture: image = 'C:\\Users\\Employee\\Google Drive\\UP\\MyResearch\\TaskProgramming\\AB_pic\\resources\\birthdaycandle.jpg'
6.1417 	EXP 	polygon: opacity = 0.0
6.1583 	EXP 	displayPicture: image = 'C:\\Users\\Employee\\Google Drive\\UP\\MyResearch\\TaskProgramming\\AB_pic\\resources\\birthdaycandle.jpg'
6.1583 	EXP 	polygon: opacity = 0.0
6.1750 	EXP 	displayPicture: image = 'C:\\Users\\Employee\\Google Drive\\UP\\MyResearch\\TaskProgramming\\AB_pic\\resources\\birthdaycandle.jpg'
6.1750 	EXP 	polygon: opacity = 0.0
6.1916 	EXP 	displayPicture: image = 'C:\\Users\\Employee\\Google Drive\\UP\\MyResearch\\TaskProgramming\\AB_pic\\resources\\volleyball.jpg'
6.1916 	EXP 	polygon: opacity = 0.0
6.2083 	EXP 	displayPicture: image = 'C:\\Users\\Employee\\Google Drive\\UP\\MyResearch\\TaskProgramming\\AB_pic\\resources\\volleyball.jpg'
6.2083 	EXP 	polygon: opacity = 0.0
6.2246 	EXP 	displayPicture: image = 'C:\\Users\\Employee\\Google Drive\\UP\\MyResearch\\TaskProgramming\\AB_pic\\resources\\volleyball.jpg'
6.2246 	EXP 	polygon: opacity = 0.0
6.2413 	EXP 	displayPicture: image = 'C:\\Users\\Employee\\Google Drive\\UP\\MyResearch\\TaskProgramming\\AB_pic\\resources\\volleyball.jpg'
6.2413 	EXP 	polygon: opacity = 0.0
6.2580 	EXP 	displayPicture: image = 'C:\\Users\\Employee\\Google Drive\\UP\\MyResearch\\TaskProgramming\\AB_pic\\resources\\volleyball.jpg'
6.2580 	EXP 	polygon: opacity = 0.0
6.2746 	EXP 	displayPicture: image = 'C:\\Users\\Employee\\Google Drive\\UP\\MyResearch\\TaskProgramming\\AB_pic\\resources\\volleyball.jpg'
6.2746 	EXP 	polygon: opacity = 0.0
6.2913 	EXP 	displayPicture: image = 'C:\\Users\\Employee\\Google Drive\\UP\\MyResearch\\TaskProgramming\\AB_pic\\resources\\anchor.jpg'
6.2913 	EXP 	polygon: opacity = 0.0
6.3080 	EXP 	displayPicture: image = 'C:\\Users\\Employee\\Google Drive\\UP\\MyResearch\\TaskProgramming\\AB_pic\\resources\\anchor.jpg'
6.3080 	EXP 	polygon: opacity = 0.0
6.3247 	EXP 	displayPicture: image = 'C:\\Users\\Employee\\Google Drive\\UP\\MyResearch\\TaskProgramming\\AB_pic\\resources\\anchor.jpg'
6.3247 	EXP 	polygon: opacity = 0.0
6.3413 	EXP 	displayPicture: image = 'C:\\Users\\Employee\\Google Drive\\UP\\MyResearch\\TaskProgramming\\AB_pic\\resources\\anchor.jpg'
6.3413 	EXP 	polygon: opacity = 0.0
6.3580 	EXP 	displayPicture: image = 'C:\\Users\\Employee\\Google Drive\\UP\\MyResearch\\TaskProgramming\\AB_pic\\resources\\anchor.jpg'
6.3580 	EXP 	polygon: opacity = 0.0
6.3746 	EXP 	displayPicture: image = 'C:\\Users\\Employee\\Google Drive\\UP\\MyResearch\\TaskProgramming\\AB_pic\\resources\\anchor.jpg'
6.3746 	EXP 	polygon: opacity = 0.0
6.3913 	EXP 	displayPicture: image = 'C:\\Users\\Employee\\Google Drive\\UP\\MyResearch\\TaskProgramming\\AB_pic\\resources\\pirateflag.jpg'
6.3913 	EXP 	polygon: opacity = 0.0
6.4080 	EXP 	displayPicture: image = 'C:\\Users\\Employee\\Google Drive\\UP\\MyResearch\\TaskProgramming\\AB_pic\\resources\\pirateflag.jpg'
6.4080 	EXP 	polygon: opacity = 0.0
6.4246 	EXP 	displayPicture: image = 'C:\\Users\\Employee\\Google Drive\\UP\\MyResearch\\TaskProgramming\\AB_pic\\resources\\pirateflag.jpg'
6.4246 	EXP 	polygon: opacity = 0.0
6.4413 	EXP 	displayPicture: image = 'C:\\Users\\Employee\\Google Drive\\UP\\MyResearch\\TaskProgramming\\AB_pic\\resources\\pirateflag.jpg'
6.4413 	EXP 	polygon: opacity = 0.0
6.4580 	EXP 	displayPicture: image = 'C:\\Users\\Employee\\Google Drive\\UP\\MyResearch\\TaskProgramming\\AB_pic\\resources\\pirateflag.jpg'
6.4580 	EXP 	polygon: opacity = 0.0
6.4746 	EXP 	displayPicture: image = 'C:\\Users\\Employee\\Google Drive\\UP\\MyResearch\\TaskProgramming\\AB_pic\\resources\\pirateflag.jpg'
6.4746 	EXP 	polygon: opacity = 0.0
6.4913 	EXP 	displayPicture: image = 'C:\\Users\\Employee\\Google Drive\\UP\\MyResearch\\TaskProgramming\\AB_pic\\resources\\handcuffs.jpg'
6.4913 	EXP 	polygon: opacity = 0.0
6.5080 	EXP 	displayPicture: image = 'C:\\Users\\Employee\\Google Drive\\UP\\MyResearch\\TaskProgramming\\AB_pic\\resources\\handcuffs.jpg'
6.5080 	EXP 	polygon: opacity = 0.0
6.5246 	EXP 	displayPicture: image = 'C:\\Users\\Employee\\Google Drive\\UP\\MyResearch\\TaskProgramming\\AB_pic\\resources\\handcuffs.jpg'
6.5246 	EXP 	polygon: opacity = 0.0
6.5413 	EXP 	displayPicture: image = 'C:\\Users\\Employee\\Google Drive\\UP\\MyResearch\\TaskProgramming\\AB_pic\\resources\\handcuffs.jpg'
6.5413 	EXP 	polygon: opacity = 0.0
6.5580 	EXP 	displayPicture: image = 'C:\\Users\\Employee\\Google Drive\\UP\\MyResearch\\TaskProgramming\\AB_pic\\resources\\handcuffs.jpg'
6.5580 	EXP 	polygon: opacity = 0.0
6.5747 	EXP 	displayPicture: image = 'C:\\Users\\Employee\\Google Drive\\UP\\MyResearch\\TaskProgramming\\AB_pic\\resources\\handcuffs.jpg'
6.5747 	EXP 	polygon: opacity = 0.0
6.6080 	EXP 	displayPicture: image = 'C:\\Users\\Employee\\Google Drive\\UP\\MyResearch\\TaskProgramming\\AB_pic\\resources\\handcuffs.jpg'
6.6080 	EXP 	polygon: opacity = 0.0
6.6080 	EXP 	displayPicture: autoDraw = False
6.6080 	EXP 	polygon: autoDraw = False
6.6080 	EXP 	option1_t1: image = 'C:\\Users\\Employee\\Google Drive\\UP\\MyResearch\\TaskProgramming\\AB_pic\\resources\\waterfall.jpg'
6.6080 	EXP 	option2_t1: image = 'C:\\Users\\Employee\\Google Drive\\UP\\MyResearch\\TaskProgramming\\AB_pic\\resources\\lizard.jpg'
6.6080 	EXP 	text: autoDraw = True
6.6080 	EXP 	option1_t1: autoDraw = True
6.6080 	EXP 	option2_t1: autoDraw = True
7.6079 	EXP 	text: autoDraw = False
8.7933 	DATA 	Keypress: escape
8.9494 	EXP 	window1: mouseVisible = True
0.7984 	WARNING 	We strongly recommend you activate the PTB sound engine in PsychoPy prefs as the preferred audio engine. Its timing is vastly superior. Your prefs are currently set to use ['sounddevice', 'PTB', 'pyo', 'pygame'] (in that order).
3.9621 	WARNING 	User requested fullscreen with size [1024  768], but screen is actually [1920, 1080]. Using actual size
4.8442 	EXP 	Created window1 = Window(allowGUI=False, allowStencil=False, args=UNKNOWN, autoLog=True, bitsMode=UNKNOWN, blendMode='avg', bpc=(8, 8, 8), color=array([0., 0., 0.]), colorSpace='rgb', depthBits=8, fullscr=<method-wrapper '__getattribute__' of attributeSetter object at 0x000001E1F70CFB38>, gamma=None, gammaErrorPolicy='raise', kwargs=UNKNOWN, lms=UNKNOWN, monitor=<psychopy.monitors.calibTools.Monitor object at 0x000001E1F6E5F198>, multiSample=False, name='window1', numSamples=2, pos=[0.0, 0.0], screen=0, size=array([1920, 1080]), stencilBits=0, stereo=False, units='height', useFBO=True, useRetina=False, viewOri=0.0, viewPos=None, viewScale=None, waitBlanking=True, winType='pyglet')
4.8446 	EXP 	window1: mouseVisible = True
4.8447 	EXP 	window1: recordFrameIntervals = False
5.0106 	EXP 	window1: recordFrameIntervals = True
5.1939 	EXP 	window1: recordFrameIntervals = False
5.2627 	EXP 	Created displayPicture = ImageStim(__class__=<class 'psychopy.visual.image.ImageStim'>, autoLog=True, color=array([1., 1., 1.]), colorSpace='rgb', contrast=1.0, depth=-3.0, flipHoriz=False, flipVert=False, image='sin', interpolate=True, mask=None, maskParams=None, name='displayPicture', opacity=1.0, ori=0.0, pos=array([0., 0.]), size=array([0.25, 0.25]), texRes=128, units='height', win=Window(...))
5.2639 	EXP 	Created polygon = Rect(__class__=<class 'psychopy.visual.rect.Rect'>, autoDraw=False, autoLog=True, closeShape=True, color=method-wrapper(...), colorSpace=None, contrast=1.0, depth=-4.0, fillColor=array([1., 0., 0.]), fillColorSpace='rgb', fillRGB=array([1., 0., 0.]), interpolate=True, lineColor=array([1., 1., 1.]), lineColorSpace='rgb', lineRGB=array([1., 1., 1.]), lineWidth=1, name='polygon', opacity=1.0, ori=array(0.), pos=array([0., 0.]), size=array([0.6, 0.6]), units='height', vertices=ndarray(...), win=Window(...))
5.3178 	EXP 	Created text = TextStim(__class__=<class 'psychopy.visual.text.TextStim'>, alignHoriz=method-wrapper(...), alignText='center', alignVert=method-wrapper(...), anchorHoriz='center', anchorVert='center', antialias=True, autoLog=True, bold=False, color='white', colorSpace='named', contrast=1.0, depth=0.0, flipHoriz=False, flipVert=False, font='Arial', fontFiles=[], height=0.1, italic=False, languageStyle='LTR', name='text', opacity=1.0, ori=0, pos=array([0., 0.]), rgb=array([255., 255., 255.]), text='here we are between trials! ', units='height', win=Window(...), wrapWidth=1)
5.3206 	EXP 	Created option1_t1 = ImageStim(__class__=<class 'psychopy.visual.image.ImageStim'>, autoLog=True, color=array([1., 1., 1.]), colorSpace='rgb', contrast=1.0, depth=-2.0, flipHoriz=False, flipVert=False, image='sin', interpolate=True, mask=None, maskParams=None, name='option1_t1', opacity=1.0, ori=0.0, pos=array([-0.3,  0. ]), size=array([0.25, 0.25]), texRes=128, units='height', win=Window(...))
5.3231 	EXP 	Created option2_t1 = ImageStim(__class__=<class 'psychopy.visual.image.ImageStim'>, autoLog=True, color=array([1., 1., 1.]), colorSpace='rgb', contrast=1.0, depth=-3.0, flipHoriz=False, flipVert=False, image='sin', interpolate=True, mask=None, maskParams=None, name='option2_t1', opacity=1.0, ori=0.0, pos=array([0.3, 0. ]), size=array([0.25, 0.25]), texRes=128, units='height', win=Window(...))
5.3867 	EXP 	Imported conditionAB.xlsx as conditions, 360 conditions, 9 params
5.3875 	EXP 	Created sequence: random, trialTypes=360, nReps=1, seed=None
5.3879 	EXP 	New trial (rep=0, index=0): OrderedDict([('trialType', 'AB'), ('cndTyp', 'gap90'), ('lag', 2), ('T1_loc', 4), ('gap', 0.09), ('T2_loc', 6), ('primePos', 103), ('stimLen', 0.4), ('isi', 0.04)])
5.4784 	EXP 	displayPicture: autoDraw = True
5.4784 	EXP 	displayPicture: image = 'C:\\Users\\Employee\\Google Drive\\UP\\MyResearch\\TaskProgramming\\AB_pic\\resources\\golfball.jpg'
5.4784 	EXP 	polygon: autoDraw = True
5.4784 	EXP 	polygon: opacity = 0.5
5.5108 	EXP 	displayPicture: image = 'C:\\Users\\Employee\\Google Drive\\UP\\MyResearch\\TaskProgramming\\AB_pic\\resources\\golfball.jpg'
5.5108 	EXP 	polygon: opacity = 0.5
5.5272 	EXP 	displayPicture: image = 'C:\\Users\\Employee\\Google Drive\\UP\\MyResearch\\TaskProgramming\\AB_pic\\resources\\golfball.jpg'
5.5272 	EXP 	polygon: opacity = 0.5
5.5438 	EXP 	displayPicture: image = 'C:\\Users\\Employee\\Google Drive\\UP\\MyResearch\\TaskProgramming\\AB_pic\\resources\\golfball.jpg'
5.5438 	EXP 	polygon: opacity = 0.5
5.5605 	EXP 	displayPicture: image = 'C:\\Users\\Employee\\Google Drive\\UP\\MyResearch\\TaskProgramming\\AB_pic\\resources\\golfball.jpg'
5.5605 	EXP 	polygon: opacity = 0.5
5.5772 	EXP 	displayPicture: image = 'C:\\Users\\Employee\\Google Drive\\UP\\MyResearch\\TaskProgramming\\AB_pic\\resources\\golfball.jpg'
5.5772 	EXP 	polygon: opacity = 0.5
5.5938 	EXP 	displayPicture: image = 'C:\\Users\\Employee\\Google Drive\\UP\\MyResearch\\TaskProgramming\\AB_pic\\resources\\golfball.jpg'
5.5938 	EXP 	polygon: opacity = 0.5
5.6105 	EXP 	displayPicture: image = 'C:\\Users\\Employee\\Google Drive\\UP\\MyResearch\\TaskProgramming\\AB_pic\\resources\\golfball.jpg'
5.6105 	EXP 	polygon: opacity = 0.5
5.6271 	EXP 	displayPicture: image = 'C:\\Users\\Employee\\Google Drive\\UP\\MyResearch\\TaskProgramming\\AB_pic\\resources\\golfball.jpg'
5.6271 	EXP 	polygon: opacity = 0.5
5.6607 	EXP 	displayPicture: image = 'C:\\Users\\Employee\\Google Drive\\UP\\MyResearch\\TaskProgramming\\AB_pic\\resources\\golfball.jpg'
5.6607 	EXP 	polygon: opacity = 0.5
5.6772 	EXP 	displayPicture: image = 'C:\\Users\\Employee\\Google Drive\\UP\\MyResearch\\TaskProgramming\\AB_pic\\resources\\golfball.jpg'
5.6772 	EXP 	polygon: opacity = 0.5
5.6938 	EXP 	displayPicture: image = 'C:\\Users\\Employee\\Google Drive\\UP\\MyResearch\\TaskProgramming\\AB_pic\\resources\\golfball.jpg'
5.6938 	EXP 	polygon: opacity = 0.5
5.7104 	EXP 	displayPicture: image = 'C:\\Users\\Employee\\Google Drive\\UP\\MyResearch\\TaskProgramming\\AB_pic\\resources\\golfball.jpg'
5.7104 	EXP 	polygon: opacity = 0.5
5.7271 	EXP 	displayPicture: image = 'C:\\Users\\Employee\\Google Drive\\UP\\MyResearch\\TaskProgramming\\AB_pic\\resources\\golfball.jpg'
5.7271 	EXP 	polygon: opacity = 0.5
5.7438 	EXP 	displayPicture: image = 'C:\\Users\\Employee\\Google Drive\\UP\\MyResearch\\TaskProgramming\\AB_pic\\resources\\golfball.jpg'
5.7438 	EXP 	polygon: opacity = 0.5
5.7605 	EXP 	displayPicture: image = 'C:\\Users\\Employee\\Google Drive\\UP\\MyResearch\\TaskProgramming\\AB_pic\\resources\\golfball.jpg'
5.7605 	EXP 	polygon: opacity = 0.5
5.7771 	EXP 	displayPicture: image = 'C:\\Users\\Employee\\Google Drive\\UP\\MyResearch\\TaskProgramming\\AB_pic\\resources\\golfball.jpg'
5.7771 	EXP 	polygon: opacity = 0.5
5.7940 	EXP 	displayPicture: image = 'C:\\Users\\Employee\\Google Drive\\UP\\MyResearch\\TaskProgramming\\AB_pic\\resources\\golfball.jpg'
5.7940 	EXP 	polygon: opacity = 0.5
5.8105 	EXP 	displayPicture: image = 'C:\\Users\\Employee\\Google Drive\\UP\\MyResearch\\TaskProgramming\\AB_pic\\resources\\anchor.jpg'
5.8105 	EXP 	polygon: opacity = 0.0
5.8271 	EXP 	displayPicture: image = 'C:\\Users\\Employee\\Google Drive\\UP\\MyResearch\\TaskProgramming\\AB_pic\\resources\\anchor.jpg'
5.8271 	EXP 	polygon: opacity = 0.0
5.8438 	EXP 	displayPicture: image = 'C:\\Users\\Employee\\Google Drive\\UP\\MyResearch\\TaskProgramming\\AB_pic\\resources\\anchor.jpg'
5.8438 	EXP 	polygon: opacity = 0.0
5.8605 	EXP 	displayPicture: image = 'C:\\Users\\Employee\\Google Drive\\UP\\MyResearch\\TaskProgramming\\AB_pic\\resources\\anchor.jpg'
5.8605 	EXP 	polygon: opacity = 0.0
5.8771 	EXP 	displayPicture: image = 'C:\\Users\\Employee\\Google Drive\\UP\\MyResearch\\TaskProgramming\\AB_pic\\resources\\anchor.jpg'
5.8771 	EXP 	polygon: opacity = 0.0
5.8938 	EXP 	displayPicture: image = 'C:\\Users\\Employee\\Google Drive\\UP\\MyResearch\\TaskProgramming\\AB_pic\\resources\\anchor.jpg'
5.8938 	EXP 	polygon: opacity = 0.0
5.9105 	EXP 	displayPicture: image = 'C:\\Users\\Employee\\Google Drive\\UP\\MyResearch\\TaskProgramming\\AB_pic\\resources\\anchor.jpg'
5.9105 	EXP 	polygon: opacity = 0.0
5.9438 	EXP 	displayPicture: image = 'C:\\Users\\Employee\\Google Drive\\UP\\MyResearch\\TaskProgramming\\AB_pic\\resources\\anchor.jpg'
5.9438 	EXP 	polygon: opacity = 0.0
5.9605 	EXP 	displayPicture: image = 'C:\\Users\\Employee\\Google Drive\\UP\\MyResearch\\TaskProgramming\\AB_pic\\resources\\anchor.jpg'
5.9605 	EXP 	polygon: opacity = 0.0
5.9771 	EXP 	displayPicture: image = 'C:\\Users\\Employee\\Google Drive\\UP\\MyResearch\\TaskProgramming\\AB_pic\\resources\\anchor.jpg'
5.9771 	EXP 	polygon: opacity = 0.0
5.9938 	EXP 	displayPicture: image = 'C:\\Users\\Employee\\Google Drive\\UP\\MyResearch\\TaskProgramming\\AB_pic\\resources\\anchor.jpg'
5.9938 	EXP 	polygon: opacity = 0.0
6.0105 	EXP 	displayPicture: image = 'C:\\Users\\Employee\\Google Drive\\UP\\MyResearch\\TaskProgramming\\AB_pic\\resources\\anchor.jpg'
6.0105 	EXP 	polygon: opacity = 0.0
6.0271 	EXP 	displayPicture: image = 'C:\\Users\\Employee\\Google Drive\\UP\\MyResearch\\TaskProgramming\\AB_pic\\resources\\anchor.jpg'
6.0271 	EXP 	polygon: opacity = 0.0
6.0438 	EXP 	displayPicture: image = 'C:\\Users\\Employee\\Google Drive\\UP\\MyResearch\\TaskProgramming\\AB_pic\\resources\\anchor.jpg'
6.0438 	EXP 	polygon: opacity = 0.0
6.0604 	EXP 	displayPicture: image = 'C:\\Users\\Employee\\Google Drive\\UP\\MyResearch\\TaskProgramming\\AB_pic\\resources\\anchor.jpg'
6.0604 	EXP 	polygon: opacity = 0.0
6.0771 	EXP 	displayPicture: image = 'C:\\Users\\Employee\\Google Drive\\UP\\MyResearch\\TaskProgramming\\AB_pic\\resources\\anchor.jpg'
6.0771 	EXP 	polygon: opacity = 0.0
6.0938 	EXP 	displayPicture: image = 'C:\\Users\\Employee\\Google Drive\\UP\\MyResearch\\TaskProgramming\\AB_pic\\resources\\anchor.jpg'
6.0938 	EXP 	polygon: opacity = 0.0
6.1105 	EXP 	displayPicture: image = 'C:\\Users\\Employee\\Google Drive\\UP\\MyResearch\\TaskProgramming\\AB_pic\\resources\\anchor.jpg'
6.1105 	EXP 	polygon: opacity = 0.0
6.1271 	EXP 	displayPicture: image = 'C:\\Users\\Employee\\Google Drive\\UP\\MyResearch\\TaskProgramming\\AB_pic\\resources\\anchor.jpg'
6.1271 	EXP 	polygon: opacity = 0.0
6.1437 	EXP 	displayPicture: image = 'C:\\Users\\Employee\\Google Drive\\UP\\MyResearch\\TaskProgramming\\AB_pic\\resources\\anchor.jpg'
6.1437 	EXP 	polygon: opacity = 0.0
6.1604 	EXP 	displayPicture: image = 'C:\\Users\\Employee\\Google Drive\\UP\\MyResearch\\TaskProgramming\\AB_pic\\resources\\anchor.jpg'
6.1604 	EXP 	polygon: opacity = 0.0
6.1771 	EXP 	displayPicture: image = 'C:\\Users\\Employee\\Google Drive\\UP\\MyResearch\\TaskProgramming\\AB_pic\\resources\\anchor.jpg'
6.1771 	EXP 	polygon: opacity = 0.0
6.1938 	EXP 	displayPicture: image = 'C:\\Users\\Employee\\Google Drive\\UP\\MyResearch\\TaskProgramming\\AB_pic\\resources\\anchor.jpg'
6.1938 	EXP 	polygon: opacity = 0.0
6.2104 	EXP 	displayPicture: image = 'C:\\Users\\Employee\\Google Drive\\UP\\MyResearch\\TaskProgramming\\AB_pic\\resources\\curtain.jpg'
6.2104 	EXP 	polygon: opacity = 0.0
6.2271 	EXP 	displayPicture: image = 'C:\\Users\\Employee\\Google Drive\\UP\\MyResearch\\TaskProgramming\\AB_pic\\resources\\curtain.jpg'
6.2271 	EXP 	polygon: opacity = 0.0
6.2438 	EXP 	displayPicture: image = 'C:\\Users\\Employee\\Google Drive\\UP\\MyResearch\\TaskProgramming\\AB_pic\\resources\\curtain.jpg'
6.2438 	EXP 	polygon: opacity = 0.0
6.2604 	EXP 	displayPicture: image = 'C:\\Users\\Employee\\Google Drive\\UP\\MyResearch\\TaskProgramming\\AB_pic\\resources\\curtain.jpg'
6.2604 	EXP 	polygon: opacity = 0.0
6.2771 	EXP 	displayPicture: image = 'C:\\Users\\Employee\\Google Drive\\UP\\MyResearch\\TaskProgramming\\AB_pic\\resources\\curtain.jpg'
6.2771 	EXP 	polygon: opacity = 0.0
6.2937 	EXP 	displayPicture: image = 'C:\\Users\\Employee\\Google Drive\\UP\\MyResearch\\TaskProgramming\\AB_pic\\resources\\curtain.jpg'
6.2937 	EXP 	polygon: opacity = 0.0
6.3104 	EXP 	displayPicture: image = 'C:\\Users\\Employee\\Google Drive\\UP\\MyResearch\\TaskProgramming\\AB_pic\\resources\\curtain.jpg'
6.3104 	EXP 	polygon: opacity = 0.0
6.3271 	EXP 	displayPicture: image = 'C:\\Users\\Employee\\Google Drive\\UP\\MyResearch\\TaskProgramming\\AB_pic\\resources\\curtain.jpg'
6.3271 	EXP 	polygon: opacity = 0.0
6.3437 	EXP 	displayPicture: image = 'C:\\Users\\Employee\\Google Drive\\UP\\MyResearch\\TaskProgramming\\AB_pic\\resources\\curtain.jpg'
6.3437 	EXP 	polygon: opacity = 0.0
6.3604 	EXP 	displayPicture: image = 'C:\\Users\\Employee\\Google Drive\\UP\\MyResearch\\TaskProgramming\\AB_pic\\resources\\curtain.jpg'
6.3604 	EXP 	polygon: opacity = 0.0
6.3771 	EXP 	displayPicture: image = 'C:\\Users\\Employee\\Google Drive\\UP\\MyResearch\\TaskProgramming\\AB_pic\\resources\\curtain.jpg'
6.3771 	EXP 	polygon: opacity = 0.0
6.3938 	EXP 	displayPicture: image = 'C:\\Users\\Employee\\Google Drive\\UP\\MyResearch\\TaskProgramming\\AB_pic\\resources\\curtain.jpg'
6.3938 	EXP 	polygon: opacity = 0.0
6.4104 	EXP 	displayPicture: image = 'C:\\Users\\Employee\\Google Drive\\UP\\MyResearch\\TaskProgramming\\AB_pic\\resources\\curtain.jpg'
6.4104 	EXP 	polygon: opacity = 0.0
6.4271 	EXP 	displayPicture: image = 'C:\\Users\\Employee\\Google Drive\\UP\\MyResearch\\TaskProgramming\\AB_pic\\resources\\curtain.jpg'
6.4271 	EXP 	polygon: opacity = 0.0
6.4437 	EXP 	displayPicture: image = 'C:\\Users\\Employee\\Google Drive\\UP\\MyResearch\\TaskProgramming\\AB_pic\\resources\\curtain.jpg'
6.4437 	EXP 	polygon: opacity = 0.0
6.4604 	EXP 	displayPicture: image = 'C:\\Users\\Employee\\Google Drive\\UP\\MyResearch\\TaskProgramming\\AB_pic\\resources\\curtain.jpg'
6.4604 	EXP 	polygon: opacity = 0.0
6.4771 	EXP 	displayPicture: image = 'C:\\Users\\Employee\\Google Drive\\UP\\MyResearch\\TaskProgramming\\AB_pic\\resources\\curtain.jpg'
6.4771 	EXP 	polygon: opacity = 0.0
6.4937 	EXP 	displayPicture: image = 'C:\\Users\\Employee\\Google Drive\\UP\\MyResearch\\TaskProgramming\\AB_pic\\resources\\curtain.jpg'
6.4937 	EXP 	polygon: opacity = 0.0
6.5104 	EXP 	displayPicture: image = 'C:\\Users\\Employee\\Google Drive\\UP\\MyResearch\\TaskProgramming\\AB_pic\\resources\\curtain.jpg'
6.5104 	EXP 	polygon: opacity = 0.0
6.5271 	EXP 	displayPicture: image = 'C:\\Users\\Employee\\Google Drive\\UP\\MyResearch\\TaskProgramming\\AB_pic\\resources\\curtain.jpg'
6.5271 	EXP 	polygon: opacity = 0.0
6.5437 	EXP 	displayPicture: image = 'C:\\Users\\Employee\\Google Drive\\UP\\MyResearch\\TaskProgramming\\AB_pic\\resources\\curtain.jpg'
6.5437 	EXP 	polygon: opacity = 0.0
6.5605 	EXP 	displayPicture: image = 'C:\\Users\\Employee\\Google Drive\\UP\\MyResearch\\TaskProgramming\\AB_pic\\resources\\curtain.jpg'
6.5605 	EXP 	polygon: opacity = 0.0
6.5771 	EXP 	displayPicture: image = 'C:\\Users\\Employee\\Google Drive\\UP\\MyResearch\\TaskProgramming\\AB_pic\\resources\\curtain.jpg'
6.5771 	EXP 	polygon: opacity = 0.0
6.5937 	EXP 	displayPicture: image = 'C:\\Users\\Employee\\Google Drive\\UP\\MyResearch\\TaskProgramming\\AB_pic\\resources\\curtain.jpg'
6.5937 	EXP 	polygon: opacity = 0.0
6.6105 	EXP 	displayPicture: image = 'C:\\Users\\Employee\\Google Drive\\UP\\MyResearch\\TaskProgramming\\AB_pic\\resources\\hand01b.jpg'
6.6105 	EXP 	polygon: opacity = 1.0
6.6271 	EXP 	displayPicture: image = 'C:\\Users\\Employee\\Google Drive\\UP\\MyResearch\\TaskProgramming\\AB_pic\\resources\\hand01b.jpg'
6.6271 	EXP 	polygon: opacity = 1.0
6.6437 	EXP 	displayPicture: image = 'C:\\Users\\Employee\\Google Drive\\UP\\MyResearch\\TaskProgramming\\AB_pic\\resources\\hand01b.jpg'
6.6437 	EXP 	polygon: opacity = 1.0
6.6604 	EXP 	displayPicture: image = 'C:\\Users\\Employee\\Google Drive\\UP\\MyResearch\\TaskProgramming\\AB_pic\\resources\\hand01b.jpg'
6.6604 	EXP 	polygon: opacity = 1.0
6.6771 	EXP 	displayPicture: image = 'C:\\Users\\Employee\\Google Drive\\UP\\MyResearch\\TaskProgramming\\AB_pic\\resources\\hand01b.jpg'
6.6771 	EXP 	polygon: opacity = 1.0
6.6937 	EXP 	displayPicture: image = 'C:\\Users\\Employee\\Google Drive\\UP\\MyResearch\\TaskProgramming\\AB_pic\\resources\\hand01b.jpg'
6.6937 	EXP 	polygon: opacity = 1.0
6.7104 	EXP 	displayPicture: image = 'C:\\Users\\Employee\\Google Drive\\UP\\MyResearch\\TaskProgramming\\AB_pic\\resources\\hand01b.jpg'
6.7104 	EXP 	polygon: opacity = 1.0
6.7271 	EXP 	displayPicture: image = 'C:\\Users\\Employee\\Google Drive\\UP\\MyResearch\\TaskProgramming\\AB_pic\\resources\\hand01b.jpg'
6.7271 	EXP 	polygon: opacity = 1.0
6.7437 	EXP 	displayPicture: image = 'C:\\Users\\Employee\\Google Drive\\UP\\MyResearch\\TaskProgramming\\AB_pic\\resources\\hand01b.jpg'
6.7437 	EXP 	polygon: opacity = 1.0
6.7600 	EXP 	displayPicture: image = 'C:\\Users\\Employee\\Google Drive\\UP\\MyResearch\\TaskProgramming\\AB_pic\\resources\\hand01b.jpg'
6.7600 	EXP 	polygon: opacity = 1.0
6.7767 	EXP 	displayPicture: image = 'C:\\Users\\Employee\\Google Drive\\UP\\MyResearch\\TaskProgramming\\AB_pic\\resources\\hand01b.jpg'
6.7767 	EXP 	polygon: opacity = 1.0
6.7933 	EXP 	displayPicture: image = 'C:\\Users\\Employee\\Google Drive\\UP\\MyResearch\\TaskProgramming\\AB_pic\\resources\\hand01b.jpg'
6.7933 	EXP 	polygon: opacity = 1.0
6.8100 	EXP 	displayPicture: image = 'C:\\Users\\Employee\\Google Drive\\UP\\MyResearch\\TaskProgramming\\AB_pic\\resources\\hand01b.jpg'
6.8100 	EXP 	polygon: opacity = 1.0
6.8267 	EXP 	displayPicture: image = 'C:\\Users\\Employee\\Google Drive\\UP\\MyResearch\\TaskProgramming\\AB_pic\\resources\\hand01b.jpg'
6.8267 	EXP 	polygon: opacity = 1.0
6.8434 	EXP 	displayPicture: image = 'C:\\Users\\Employee\\Google Drive\\UP\\MyResearch\\TaskProgramming\\AB_pic\\resources\\hand01b.jpg'
6.8434 	EXP 	polygon: opacity = 1.0
6.8600 	EXP 	displayPicture: image = 'C:\\Users\\Employee\\Google Drive\\UP\\MyResearch\\TaskProgramming\\AB_pic\\resources\\hand01b.jpg'
6.8600 	EXP 	polygon: opacity = 1.0
6.8767 	EXP 	displayPicture: image = 'C:\\Users\\Employee\\Google Drive\\UP\\MyResearch\\TaskProgramming\\AB_pic\\resources\\hand01b.jpg'
6.8767 	EXP 	polygon: opacity = 1.0
6.8933 	EXP 	displayPicture: image = 'C:\\Users\\Employee\\Google Drive\\UP\\MyResearch\\TaskProgramming\\AB_pic\\resources\\hand01b.jpg'
6.8933 	EXP 	polygon: opacity = 1.0
6.9100 	EXP 	displayPicture: image = 'C:\\Users\\Employee\\Google Drive\\UP\\MyResearch\\TaskProgramming\\AB_pic\\resources\\hand01b.jpg'
6.9100 	EXP 	polygon: opacity = 1.0
6.9267 	EXP 	displayPicture: image = 'C:\\Users\\Employee\\Google Drive\\UP\\MyResearch\\TaskProgramming\\AB_pic\\resources\\hand01b.jpg'
6.9267 	EXP 	polygon: opacity = 1.0
6.9433 	EXP 	displayPicture: image = 'C:\\Users\\Employee\\Google Drive\\UP\\MyResearch\\TaskProgramming\\AB_pic\\resources\\hand01b.jpg'
6.9433 	EXP 	polygon: opacity = 1.0
6.9601 	EXP 	displayPicture: image = 'C:\\Users\\Employee\\Google Drive\\UP\\MyResearch\\TaskProgramming\\AB_pic\\resources\\hand01b.jpg'
6.9601 	EXP 	polygon: opacity = 1.0
6.9767 	EXP 	displayPicture: image = 'C:\\Users\\Employee\\Google Drive\\UP\\MyResearch\\TaskProgramming\\AB_pic\\resources\\hand01b.jpg'
6.9767 	EXP 	polygon: opacity = 1.0
6.9933 	EXP 	displayPicture: image = 'C:\\Users\\Employee\\Google Drive\\UP\\MyResearch\\TaskProgramming\\AB_pic\\resources\\hand01b.jpg'
6.9933 	EXP 	polygon: opacity = 1.0
7.0100 	EXP 	displayPicture: image = 'C:\\Users\\Employee\\Google Drive\\UP\\MyResearch\\TaskProgramming\\AB_pic\\resources\\christmastree.jpg'
7.0100 	EXP 	polygon: opacity = 0.0
7.0267 	EXP 	displayPicture: image = 'C:\\Users\\Employee\\Google Drive\\UP\\MyResearch\\TaskProgramming\\AB_pic\\resources\\christmastree.jpg'
7.0267 	EXP 	polygon: opacity = 0.0
7.0433 	EXP 	displayPicture: image = 'C:\\Users\\Employee\\Google Drive\\UP\\MyResearch\\TaskProgramming\\AB_pic\\resources\\christmastree.jpg'
7.0433 	EXP 	polygon: opacity = 0.0
7.0600 	EXP 	displayPicture: image = 'C:\\Users\\Employee\\Google Drive\\UP\\MyResearch\\TaskProgramming\\AB_pic\\resources\\christmastree.jpg'
7.0600 	EXP 	polygon: opacity = 0.0
7.0767 	EXP 	displayPicture: image = 'C:\\Users\\Employee\\Google Drive\\UP\\MyResearch\\TaskProgramming\\AB_pic\\resources\\christmastree.jpg'
7.0767 	EXP 	polygon: opacity = 0.0
7.0933 	EXP 	displayPicture: image = 'C:\\Users\\Employee\\Google Drive\\UP\\MyResearch\\TaskProgramming\\AB_pic\\resources\\christmastree.jpg'
7.0933 	EXP 	polygon: opacity = 0.0
7.1100 	EXP 	displayPicture: image = 'C:\\Users\\Employee\\Google Drive\\UP\\MyResearch\\TaskProgramming\\AB_pic\\resources\\christmastree.jpg'
7.1100 	EXP 	polygon: opacity = 0.0
7.1267 	EXP 	displayPicture: image = 'C:\\Users\\Employee\\Google Drive\\UP\\MyResearch\\TaskProgramming\\AB_pic\\resources\\christmastree.jpg'
7.1267 	EXP 	polygon: opacity = 0.0
7.1433 	EXP 	displayPicture: image = 'C:\\Users\\Employee\\Google Drive\\UP\\MyResearch\\TaskProgramming\\AB_pic\\resources\\christmastree.jpg'
7.1433 	EXP 	polygon: opacity = 0.0
7.1600 	EXP 	displayPicture: image = 'C:\\Users\\Employee\\Google Drive\\UP\\MyResearch\\TaskProgramming\\AB_pic\\resources\\christmastree.jpg'
7.1600 	EXP 	polygon: opacity = 0.0
7.1766 	EXP 	displayPicture: image = 'C:\\Users\\Employee\\Google Drive\\UP\\MyResearch\\TaskProgramming\\AB_pic\\resources\\christmastree.jpg'
7.1766 	EXP 	polygon: opacity = 0.0
7.1933 	EXP 	displayPicture: image = 'C:\\Users\\Employee\\Google Drive\\UP\\MyResearch\\TaskProgramming\\AB_pic\\resources\\christmastree.jpg'
7.1933 	EXP 	polygon: opacity = 0.0
7.2100 	EXP 	displayPicture: image = 'C:\\Users\\Employee\\Google Drive\\UP\\MyResearch\\TaskProgramming\\AB_pic\\resources\\christmastree.jpg'
7.2100 	EXP 	polygon: opacity = 0.0
7.2267 	EXP 	displayPicture: image = 'C:\\Users\\Employee\\Google Drive\\UP\\MyResearch\\TaskProgramming\\AB_pic\\resources\\christmastree.jpg'
7.2267 	EXP 	polygon: opacity = 0.0
7.2433 	EXP 	displayPicture: image = 'C:\\Users\\Employee\\Google Drive\\UP\\MyResearch\\TaskProgramming\\AB_pic\\resources\\christmastree.jpg'
7.2433 	EXP 	polygon: opacity = 0.0
7.2600 	EXP 	displayPicture: image = 'C:\\Users\\Employee\\Google Drive\\UP\\MyResearch\\TaskProgramming\\AB_pic\\resources\\christmastree.jpg'
7.2600 	EXP 	polygon: opacity = 0.0
7.2766 	EXP 	displayPicture: image = 'C:\\Users\\Employee\\Google Drive\\UP\\MyResearch\\TaskProgramming\\AB_pic\\resources\\christmastree.jpg'
7.2766 	EXP 	polygon: opacity = 0.0
7.2933 	EXP 	displayPicture: image = 'C:\\Users\\Employee\\Google Drive\\UP\\MyResearch\\TaskProgramming\\AB_pic\\resources\\christmastree.jpg'
7.2933 	EXP 	polygon: opacity = 0.0
7.3100 	EXP 	displayPicture: image = 'C:\\Users\\Employee\\Google Drive\\UP\\MyResearch\\TaskProgramming\\AB_pic\\resources\\christmastree.jpg'
7.3100 	EXP 	polygon: opacity = 0.0
7.3266 	EXP 	displayPicture: image = 'C:\\Users\\Employee\\Google Drive\\UP\\MyResearch\\TaskProgramming\\AB_pic\\resources\\christmastree.jpg'
7.3266 	EXP 	polygon: opacity = 0.0
7.3433 	EXP 	displayPicture: image = 'C:\\Users\\Employee\\Google Drive\\UP\\MyResearch\\TaskProgramming\\AB_pic\\resources\\christmastree.jpg'
7.3433 	EXP 	polygon: opacity = 0.0
7.3600 	EXP 	displayPicture: image = 'C:\\Users\\Employee\\Google Drive\\UP\\MyResearch\\TaskProgramming\\AB_pic\\resources\\christmastree.jpg'
7.3600 	EXP 	polygon: opacity = 0.0
7.3766 	EXP 	displayPicture: image = 'C:\\Users\\Employee\\Google Drive\\UP\\MyResearch\\TaskProgramming\\AB_pic\\resources\\christmastree.jpg'
7.3766 	EXP 	polygon: opacity = 0.0
7.3933 	EXP 	displayPicture: image = 'C:\\Users\\Employee\\Google Drive\\UP\\MyResearch\\TaskProgramming\\AB_pic\\resources\\christmastree.jpg'
7.3933 	EXP 	polygon: opacity = 0.0
7.4100 	EXP 	displayPicture: image = 'C:\\Users\\Employee\\Google Drive\\UP\\MyResearch\\TaskProgramming\\AB_pic\\resources\\snowman.jpg'
7.4100 	EXP 	polygon: opacity = 0.0
7.4266 	EXP 	displayPicture: image = 'C:\\Users\\Employee\\Google Drive\\UP\\MyResearch\\TaskProgramming\\AB_pic\\resources\\snowman.jpg'
7.4266 	EXP 	polygon: opacity = 0.0
7.4433 	EXP 	displayPicture: image = 'C:\\Users\\Employee\\Google Drive\\UP\\MyResearch\\TaskProgramming\\AB_pic\\resources\\snowman.jpg'
7.4433 	EXP 	polygon: opacity = 0.0
7.4600 	EXP 	displayPicture: image = 'C:\\Users\\Employee\\Google Drive\\UP\\MyResearch\\TaskProgramming\\AB_pic\\resources\\snowman.jpg'
7.4600 	EXP 	polygon: opacity = 0.0
7.4766 	EXP 	displayPicture: image = 'C:\\Users\\Employee\\Google Drive\\UP\\MyResearch\\TaskProgramming\\AB_pic\\resources\\snowman.jpg'
7.4766 	EXP 	polygon: opacity = 0.0
7.4933 	EXP 	displayPicture: image = 'C:\\Users\\Employee\\Google Drive\\UP\\MyResearch\\TaskProgramming\\AB_pic\\resources\\snowman.jpg'
7.4933 	EXP 	polygon: opacity = 0.0
7.5100 	EXP 	displayPicture: image = 'C:\\Users\\Employee\\Google Drive\\UP\\MyResearch\\TaskProgramming\\AB_pic\\resources\\snowman.jpg'
7.5100 	EXP 	polygon: opacity = 0.0
7.5266 	EXP 	displayPicture: image = 'C:\\Users\\Employee\\Google Drive\\UP\\MyResearch\\TaskProgramming\\AB_pic\\resources\\snowman.jpg'
7.5266 	EXP 	polygon: opacity = 0.0
7.5433 	EXP 	displayPicture: image = 'C:\\Users\\Employee\\Google Drive\\UP\\MyResearch\\TaskProgramming\\AB_pic\\resources\\snowman.jpg'
7.5433 	EXP 	polygon: opacity = 0.0
7.5600 	EXP 	displayPicture: image = 'C:\\Users\\Employee\\Google Drive\\UP\\MyResearch\\TaskProgramming\\AB_pic\\resources\\snowman.jpg'
7.5600 	EXP 	polygon: opacity = 0.0
7.5766 	EXP 	displayPicture: image = 'C:\\Users\\Employee\\Google Drive\\UP\\MyResearch\\TaskProgramming\\AB_pic\\resources\\snowman.jpg'
7.5766 	EXP 	polygon: opacity = 0.0
7.5933 	EXP 	displayPicture: image = 'C:\\Users\\Employee\\Google Drive\\UP\\MyResearch\\TaskProgramming\\AB_pic\\resources\\snowman.jpg'
7.5933 	EXP 	polygon: opacity = 0.0
7.6100 	EXP 	displayPicture: image = 'C:\\Users\\Employee\\Google Drive\\UP\\MyResearch\\TaskProgramming\\AB_pic\\resources\\snowman.jpg'
7.6100 	EXP 	polygon: opacity = 0.0
7.6266 	EXP 	displayPicture: image = 'C:\\Users\\Employee\\Google Drive\\UP\\MyResearch\\TaskProgramming\\AB_pic\\resources\\snowman.jpg'
7.6266 	EXP 	polygon: opacity = 0.0
7.6433 	EXP 	displayPicture: image = 'C:\\Users\\Employee\\Google Drive\\UP\\MyResearch\\TaskProgramming\\AB_pic\\resources\\snowman.jpg'
7.6433 	EXP 	polygon: opacity = 0.0
7.6599 	EXP 	displayPicture: image = 'C:\\Users\\Employee\\Google Drive\\UP\\MyResearch\\TaskProgramming\\AB_pic\\resources\\snowman.jpg'
7.6599 	EXP 	polygon: opacity = 0.0
7.6766 	EXP 	displayPicture: image = 'C:\\Users\\Employee\\Google Drive\\UP\\MyResearch\\TaskProgramming\\AB_pic\\resources\\snowman.jpg'
7.6766 	EXP 	polygon: opacity = 0.0
7.6933 	EXP 	displayPicture: image = 'C:\\Users\\Employee\\Google Drive\\UP\\MyResearch\\TaskProgramming\\AB_pic\\resources\\snowman.jpg'
7.6933 	EXP 	polygon: opacity = 0.0
7.7100 	EXP 	displayPicture: image = 'C:\\Users\\Employee\\Google Drive\\UP\\MyResearch\\TaskProgramming\\AB_pic\\resources\\snowman.jpg'
7.7100 	EXP 	polygon: opacity = 0.0
7.7266 	EXP 	displayPicture: image = 'C:\\Users\\Employee\\Google Drive\\UP\\MyResearch\\TaskProgramming\\AB_pic\\resources\\snowman.jpg'
7.7266 	EXP 	polygon: opacity = 0.0
7.7433 	EXP 	displayPicture: image = 'C:\\Users\\Employee\\Google Drive\\UP\\MyResearch\\TaskProgramming\\AB_pic\\resources\\snowman.jpg'
7.7433 	EXP 	polygon: opacity = 0.0
7.7600 	EXP 	displayPicture: image = 'C:\\Users\\Employee\\Google Drive\\UP\\MyResearch\\TaskProgramming\\AB_pic\\resources\\snowman.jpg'
7.7600 	EXP 	polygon: opacity = 0.0
7.7766 	EXP 	displayPicture: image = 'C:\\Users\\Employee\\Google Drive\\UP\\MyResearch\\TaskProgramming\\AB_pic\\resources\\snowman.jpg'
7.7766 	EXP 	polygon: opacity = 0.0
7.7933 	EXP 	displayPicture: image = 'C:\\Users\\Employee\\Google Drive\\UP\\MyResearch\\TaskProgramming\\AB_pic\\resources\\snowman.jpg'
7.7933 	EXP 	polygon: opacity = 0.0
7.8100 	EXP 	displayPicture: image = 'C:\\Users\\Employee\\Google Drive\\UP\\MyResearch\\TaskProgramming\\AB_pic\\resources\\pingpongtable.jpg'
7.8100 	EXP 	polygon: opacity = 0.0
7.8266 	EXP 	displayPicture: image = 'C:\\Users\\Employee\\Google Drive\\UP\\MyResearch\\TaskProgramming\\AB_pic\\resources\\pingpongtable.jpg'
7.8266 	EXP 	polygon: opacity = 0.0
7.8433 	EXP 	displayPicture: image = 'C:\\Users\\Employee\\Google Drive\\UP\\MyResearch\\TaskProgramming\\AB_pic\\resources\\pingpongtable.jpg'
7.8433 	EXP 	polygon: opacity = 0.0
7.8600 	EXP 	displayPicture: image = 'C:\\Users\\Employee\\Google Drive\\UP\\MyResearch\\TaskProgramming\\AB_pic\\resources\\pingpongtable.jpg'
7.8600 	EXP 	polygon: opacity = 0.0
7.8766 	EXP 	displayPicture: image = 'C:\\Users\\Employee\\Google Drive\\UP\\MyResearch\\TaskProgramming\\AB_pic\\resources\\pingpongtable.jpg'
7.8766 	EXP 	polygon: opacity = 0.0
7.8933 	EXP 	displayPicture: image = 'C:\\Users\\Employee\\Google Drive\\UP\\MyResearch\\TaskProgramming\\AB_pic\\resources\\pingpongtable.jpg'
7.8933 	EXP 	polygon: opacity = 0.0
7.9100 	EXP 	displayPicture: image = 'C:\\Users\\Employee\\Google Drive\\UP\\MyResearch\\TaskProgramming\\AB_pic\\resources\\pingpongtable.jpg'
7.9100 	EXP 	polygon: opacity = 0.0
7.9266 	EXP 	displayPicture: image = 'C:\\Users\\Employee\\Google Drive\\UP\\MyResearch\\TaskProgramming\\AB_pic\\resources\\pingpongtable.jpg'
7.9266 	EXP 	polygon: opacity = 0.0
7.9433 	EXP 	displayPicture: image = 'C:\\Users\\Employee\\Google Drive\\UP\\MyResearch\\TaskProgramming\\AB_pic\\resources\\pingpongtable.jpg'
7.9433 	EXP 	polygon: opacity = 0.0
7.9599 	EXP 	displayPicture: image = 'C:\\Users\\Employee\\Google Drive\\UP\\MyResearch\\TaskProgramming\\AB_pic\\resources\\pingpongtable.jpg'
7.9599 	EXP 	polygon: opacity = 0.0
7.9766 	EXP 	displayPicture: image = 'C:\\Users\\Employee\\Google Drive\\UP\\MyResearch\\TaskProgramming\\AB_pic\\resources\\pingpongtable.jpg'
7.9766 	EXP 	polygon: opacity = 0.0
7.9933 	EXP 	displayPicture: image = 'C:\\Users\\Employee\\Google Drive\\UP\\MyResearch\\TaskProgramming\\AB_pic\\resources\\pingpongtable.jpg'
7.9933 	EXP 	polygon: opacity = 0.0
8.0099 	EXP 	displayPicture: image = 'C:\\Users\\Employee\\Google Drive\\UP\\MyResearch\\TaskProgramming\\AB_pic\\resources\\pingpongtable.jpg'
8.0099 	EXP 	polygon: opacity = 0.0
8.0266 	EXP 	displayPicture: image = 'C:\\Users\\Employee\\Google Drive\\UP\\MyResearch\\TaskProgramming\\AB_pic\\resources\\pingpongtable.jpg'
8.0266 	EXP 	polygon: opacity = 0.0
8.0433 	EXP 	displayPicture: image = 'C:\\Users\\Employee\\Google Drive\\UP\\MyResearch\\TaskProgramming\\AB_pic\\resources\\pingpongtable.jpg'
8.0433 	EXP 	polygon: opacity = 0.0
8.0599 	EXP 	displayPicture: image = 'C:\\Users\\Employee\\Google Drive\\UP\\MyResearch\\TaskProgramming\\AB_pic\\resources\\pingpongtable.jpg'
8.0599 	EXP 	polygon: opacity = 0.0
8.0766 	EXP 	displayPicture: image = 'C:\\Users\\Employee\\Google Drive\\UP\\MyResearch\\TaskProgramming\\AB_pic\\resources\\pingpongtable.jpg'
8.0766 	EXP 	polygon: opacity = 0.0
8.0933 	EXP 	displayPicture: image = 'C:\\Users\\Employee\\Google Drive\\UP\\MyResearch\\TaskProgramming\\AB_pic\\resources\\pingpongtable.jpg'
8.0933 	EXP 	polygon: opacity = 0.0
8.1100 	EXP 	displayPicture: image = 'C:\\Users\\Employee\\Google Drive\\UP\\MyResearch\\TaskProgramming\\AB_pic\\resources\\pingpongtable.jpg'
8.1100 	EXP 	polygon: opacity = 0.0
8.1266 	EXP 	displayPicture: image = 'C:\\Users\\Employee\\Google Drive\\UP\\MyResearch\\TaskProgramming\\AB_pic\\resources\\pingpongtable.jpg'
8.1266 	EXP 	polygon: opacity = 0.0
8.1433 	EXP 	displayPicture: image = 'C:\\Users\\Employee\\Google Drive\\UP\\MyResearch\\TaskProgramming\\AB_pic\\resources\\pingpongtable.jpg'
8.1433 	EXP 	polygon: opacity = 0.0
8.1599 	EXP 	displayPicture: image = 'C:\\Users\\Employee\\Google Drive\\UP\\MyResearch\\TaskProgramming\\AB_pic\\resources\\pingpongtable.jpg'
8.1599 	EXP 	polygon: opacity = 0.0
8.1766 	EXP 	displayPicture: image = 'C:\\Users\\Employee\\Google Drive\\UP\\MyResearch\\TaskProgramming\\AB_pic\\resources\\pingpongtable.jpg'
8.1766 	EXP 	polygon: opacity = 0.0
8.1932 	EXP 	displayPicture: image = 'C:\\Users\\Employee\\Google Drive\\UP\\MyResearch\\TaskProgramming\\AB_pic\\resources\\pingpongtable.jpg'
8.1932 	EXP 	polygon: opacity = 0.0
8.2100 	EXP 	displayPicture: image = 'C:\\Users\\Employee\\Google Drive\\UP\\MyResearch\\TaskProgramming\\AB_pic\\resources\\cheetah.jpg'
8.2100 	EXP 	polygon: opacity = 0.0
8.2266 	EXP 	displayPicture: image = 'C:\\Users\\Employee\\Google Drive\\UP\\MyResearch\\TaskProgramming\\AB_pic\\resources\\cheetah.jpg'
8.2266 	EXP 	polygon: opacity = 0.0
8.2432 	EXP 	displayPicture: image = 'C:\\Users\\Employee\\Google Drive\\UP\\MyResearch\\TaskProgramming\\AB_pic\\resources\\cheetah.jpg'
8.2432 	EXP 	polygon: opacity = 0.0
8.2600 	EXP 	displayPicture: image = 'C:\\Users\\Employee\\Google Drive\\UP\\MyResearch\\TaskProgramming\\AB_pic\\resources\\cheetah.jpg'
8.2600 	EXP 	polygon: opacity = 0.0
8.2766 	EXP 	displayPicture: image = 'C:\\Users\\Employee\\Google Drive\\UP\\MyResearch\\TaskProgramming\\AB_pic\\resources\\cheetah.jpg'
8.2766 	EXP 	polygon: opacity = 0.0
8.2932 	EXP 	displayPicture: image = 'C:\\Users\\Employee\\Google Drive\\UP\\MyResearch\\TaskProgramming\\AB_pic\\resources\\cheetah.jpg'
8.2932 	EXP 	polygon: opacity = 0.0
8.3099 	EXP 	displayPicture: image = 'C:\\Users\\Employee\\Google Drive\\UP\\MyResearch\\TaskProgramming\\AB_pic\\resources\\cheetah.jpg'
8.3099 	EXP 	polygon: opacity = 0.0
8.3266 	EXP 	displayPicture: image = 'C:\\Users\\Employee\\Google Drive\\UP\\MyResearch\\TaskProgramming\\AB_pic\\resources\\cheetah.jpg'
8.3266 	EXP 	polygon: opacity = 0.0
8.3432 	EXP 	displayPicture: image = 'C:\\Users\\Employee\\Google Drive\\UP\\MyResearch\\TaskProgramming\\AB_pic\\resources\\cheetah.jpg'
8.3432 	EXP 	polygon: opacity = 0.0
8.3599 	EXP 	displayPicture: image = 'C:\\Users\\Employee\\Google Drive\\UP\\MyResearch\\TaskProgramming\\AB_pic\\resources\\cheetah.jpg'
8.3599 	EXP 	polygon: opacity = 0.0
8.3766 	EXP 	displayPicture: image = 'C:\\Users\\Employee\\Google Drive\\UP\\MyResearch\\TaskProgramming\\AB_pic\\resources\\cheetah.jpg'
8.3766 	EXP 	polygon: opacity = 0.0
8.3932 	EXP 	displayPicture: image = 'C:\\Users\\Employee\\Google Drive\\UP\\MyResearch\\TaskProgramming\\AB_pic\\resources\\cheetah.jpg'
8.3932 	EXP 	polygon: opacity = 0.0
8.4099 	EXP 	displayPicture: image = 'C:\\Users\\Employee\\Google Drive\\UP\\MyResearch\\TaskProgramming\\AB_pic\\resources\\cheetah.jpg'
8.4099 	EXP 	polygon: opacity = 0.0
8.4266 	EXP 	displayPicture: image = 'C:\\Users\\Employee\\Google Drive\\UP\\MyResearch\\TaskProgramming\\AB_pic\\resources\\cheetah.jpg'
8.4266 	EXP 	polygon: opacity = 0.0
8.4432 	EXP 	displayPicture: image = 'C:\\Users\\Employee\\Google Drive\\UP\\MyResearch\\TaskProgramming\\AB_pic\\resources\\cheetah.jpg'
8.4432 	EXP 	polygon: opacity = 0.0
8.4599 	EXP 	displayPicture: image = 'C:\\Users\\Employee\\Google Drive\\UP\\MyResearch\\TaskProgramming\\AB_pic\\resources\\cheetah.jpg'
8.4599 	EXP 	polygon: opacity = 0.0
8.4766 	EXP 	displayPicture: image = 'C:\\Users\\Employee\\Google Drive\\UP\\MyResearch\\TaskProgramming\\AB_pic\\resources\\cheetah.jpg'
8.4766 	EXP 	polygon: opacity = 0.0
8.4932 	EXP 	displayPicture: image = 'C:\\Users\\Employee\\Google Drive\\UP\\MyResearch\\TaskProgramming\\AB_pic\\resources\\cheetah.jpg'
8.4932 	EXP 	polygon: opacity = 0.0
8.5099 	EXP 	displayPicture: image = 'C:\\Users\\Employee\\Google Drive\\UP\\MyResearch\\TaskProgramming\\AB_pic\\resources\\cheetah.jpg'
8.5099 	EXP 	polygon: opacity = 0.0
8.5266 	EXP 	displayPicture: image = 'C:\\Users\\Employee\\Google Drive\\UP\\MyResearch\\TaskProgramming\\AB_pic\\resources\\cheetah.jpg'
8.5266 	EXP 	polygon: opacity = 0.0
8.5432 	EXP 	displayPicture: image = 'C:\\Users\\Employee\\Google Drive\\UP\\MyResearch\\TaskProgramming\\AB_pic\\resources\\cheetah.jpg'
8.5432 	EXP 	polygon: opacity = 0.0
8.5599 	EXP 	displayPicture: image = 'C:\\Users\\Employee\\Google Drive\\UP\\MyResearch\\TaskProgramming\\AB_pic\\resources\\cheetah.jpg'
8.5599 	EXP 	polygon: opacity = 0.0
8.5766 	EXP 	displayPicture: image = 'C:\\Users\\Employee\\Google Drive\\UP\\MyResearch\\TaskProgramming\\AB_pic\\resources\\cheetah.jpg'
8.5766 	EXP 	polygon: opacity = 0.0
8.5932 	EXP 	displayPicture: image = 'C:\\Users\\Employee\\Google Drive\\UP\\MyResearch\\TaskProgramming\\AB_pic\\resources\\cheetah.jpg'
8.5932 	EXP 	polygon: opacity = 0.0
8.6099 	EXP 	displayPicture: image = 'C:\\Users\\Employee\\Google Drive\\UP\\MyResearch\\TaskProgramming\\AB_pic\\resources\\helicopter.jpg'
8.6099 	EXP 	polygon: opacity = 0.0
8.6266 	EXP 	displayPicture: image = 'C:\\Users\\Employee\\Google Drive\\UP\\MyResearch\\TaskProgramming\\AB_pic\\resources\\helicopter.jpg'
8.6266 	EXP 	polygon: opacity = 0.0
8.6432 	EXP 	displayPicture: image = 'C:\\Users\\Employee\\Google Drive\\UP\\MyResearch\\TaskProgramming\\AB_pic\\resources\\helicopter.jpg'
8.6432 	EXP 	polygon: opacity = 0.0
8.6599 	EXP 	displayPicture: image = 'C:\\Users\\Employee\\Google Drive\\UP\\MyResearch\\TaskProgramming\\AB_pic\\resources\\helicopter.jpg'
8.6599 	EXP 	polygon: opacity = 0.0
8.6765 	EXP 	displayPicture: image = 'C:\\Users\\Employee\\Google Drive\\UP\\MyResearch\\TaskProgramming\\AB_pic\\resources\\helicopter.jpg'
8.6765 	EXP 	polygon: opacity = 0.0
8.6932 	EXP 	displayPicture: image = 'C:\\Users\\Employee\\Google Drive\\UP\\MyResearch\\TaskProgramming\\AB_pic\\resources\\helicopter.jpg'
8.6932 	EXP 	polygon: opacity = 0.0
8.7098 	EXP 	displayPicture: image = 'C:\\Users\\Employee\\Google Drive\\UP\\MyResearch\\TaskProgramming\\AB_pic\\resources\\helicopter.jpg'
8.7098 	EXP 	polygon: opacity = 0.0
8.7266 	EXP 	displayPicture: image = 'C:\\Users\\Employee\\Google Drive\\UP\\MyResearch\\TaskProgramming\\AB_pic\\resources\\helicopter.jpg'
8.7266 	EXP 	polygon: opacity = 0.0
8.7432 	EXP 	displayPicture: image = 'C:\\Users\\Employee\\Google Drive\\UP\\MyResearch\\TaskProgramming\\AB_pic\\resources\\helicopter.jpg'
8.7432 	EXP 	polygon: opacity = 0.0
8.7599 	EXP 	displayPicture: image = 'C:\\Users\\Employee\\Google Drive\\UP\\MyResearch\\TaskProgramming\\AB_pic\\resources\\helicopter.jpg'
8.7599 	EXP 	polygon: opacity = 0.0
8.7766 	EXP 	displayPicture: image = 'C:\\Users\\Employee\\Google Drive\\UP\\MyResearch\\TaskProgramming\\AB_pic\\resources\\helicopter.jpg'
8.7766 	EXP 	polygon: opacity = 0.0
8.7932 	EXP 	displayPicture: image = 'C:\\Users\\Employee\\Google Drive\\UP\\MyResearch\\TaskProgramming\\AB_pic\\resources\\helicopter.jpg'
8.7932 	EXP 	polygon: opacity = 0.0
8.8099 	EXP 	displayPicture: image = 'C:\\Users\\Employee\\Google Drive\\UP\\MyResearch\\TaskProgramming\\AB_pic\\resources\\helicopter.jpg'
8.8099 	EXP 	polygon: opacity = 0.0
8.8265 	EXP 	displayPicture: image = 'C:\\Users\\Employee\\Google Drive\\UP\\MyResearch\\TaskProgramming\\AB_pic\\resources\\helicopter.jpg'
8.8265 	EXP 	polygon: opacity = 0.0
8.8432 	EXP 	displayPicture: image = 'C:\\Users\\Employee\\Google Drive\\UP\\MyResearch\\TaskProgramming\\AB_pic\\resources\\helicopter.jpg'
8.8432 	EXP 	polygon: opacity = 0.0
8.8599 	EXP 	displayPicture: image = 'C:\\Users\\Employee\\Google Drive\\UP\\MyResearch\\TaskProgramming\\AB_pic\\resources\\helicopter.jpg'
8.8599 	EXP 	polygon: opacity = 0.0
8.8765 	EXP 	displayPicture: image = 'C:\\Users\\Employee\\Google Drive\\UP\\MyResearch\\TaskProgramming\\AB_pic\\resources\\helicopter.jpg'
8.8765 	EXP 	polygon: opacity = 0.0
8.8932 	EXP 	displayPicture: image = 'C:\\Users\\Employee\\Google Drive\\UP\\MyResearch\\TaskProgramming\\AB_pic\\resources\\helicopter.jpg'
8.8932 	EXP 	polygon: opacity = 0.0
8.9099 	EXP 	displayPicture: image = 'C:\\Users\\Employee\\Google Drive\\UP\\MyResearch\\TaskProgramming\\AB_pic\\resources\\helicopter.jpg'
8.9099 	EXP 	polygon: opacity = 0.0
8.9265 	EXP 	displayPicture: image = 'C:\\Users\\Employee\\Google Drive\\UP\\MyResearch\\TaskProgramming\\AB_pic\\resources\\helicopter.jpg'
8.9265 	EXP 	polygon: opacity = 0.0
8.9432 	EXP 	displayPicture: image = 'C:\\Users\\Employee\\Google Drive\\UP\\MyResearch\\TaskProgramming\\AB_pic\\resources\\helicopter.jpg'
8.9432 	EXP 	polygon: opacity = 0.0
8.9599 	EXP 	displayPicture: image = 'C:\\Users\\Employee\\Google Drive\\UP\\MyResearch\\TaskProgramming\\AB_pic\\resources\\helicopter.jpg'
8.9599 	EXP 	polygon: opacity = 0.0
8.9765 	EXP 	displayPicture: image = 'C:\\Users\\Employee\\Google Drive\\UP\\MyResearch\\TaskProgramming\\AB_pic\\resources\\helicopter.jpg'
8.9765 	EXP 	polygon: opacity = 0.0
8.9932 	EXP 	displayPicture: image = 'C:\\Users\\Employee\\Google Drive\\UP\\MyResearch\\TaskProgramming\\AB_pic\\resources\\helicopter.jpg'
8.9932 	EXP 	polygon: opacity = 0.0
9.0099 	EXP 	displayPicture: image = 'C:\\Users\\Employee\\Google Drive\\UP\\MyResearch\\TaskProgramming\\AB_pic\\resources\\snowman.jpg'
9.0099 	EXP 	polygon: opacity = 0.0
9.0265 	EXP 	displayPicture: image = 'C:\\Users\\Employee\\Google Drive\\UP\\MyResearch\\TaskProgramming\\AB_pic\\resources\\snowman.jpg'
9.0265 	EXP 	polygon: opacity = 0.0
9.0432 	EXP 	displayPicture: image = 'C:\\Users\\Employee\\Google Drive\\UP\\MyResearch\\TaskProgramming\\AB_pic\\resources\\snowman.jpg'
9.0432 	EXP 	polygon: opacity = 0.0
9.0599 	EXP 	displayPicture: image = 'C:\\Users\\Employee\\Google Drive\\UP\\MyResearch\\TaskProgramming\\AB_pic\\resources\\snowman.jpg'
9.0599 	EXP 	polygon: opacity = 0.0
9.0765 	EXP 	displayPicture: image = 'C:\\Users\\Employee\\Google Drive\\UP\\MyResearch\\TaskProgramming\\AB_pic\\resources\\snowman.jpg'
9.0765 	EXP 	polygon: opacity = 0.0
9.0932 	EXP 	displayPicture: image = 'C:\\Users\\Employee\\Google Drive\\UP\\MyResearch\\TaskProgramming\\AB_pic\\resources\\snowman.jpg'
9.0932 	EXP 	polygon: opacity = 0.0
9.1099 	EXP 	displayPicture: image = 'C:\\Users\\Employee\\Google Drive\\UP\\MyResearch\\TaskProgramming\\AB_pic\\resources\\snowman.jpg'
9.1099 	EXP 	polygon: opacity = 0.0
9.1265 	EXP 	displayPicture: image = 'C:\\Users\\Employee\\Google Drive\\UP\\MyResearch\\TaskProgramming\\AB_pic\\resources\\snowman.jpg'
9.1265 	EXP 	polygon: opacity = 0.0
9.1432 	EXP 	displayPicture: image = 'C:\\Users\\Employee\\Google Drive\\UP\\MyResearch\\TaskProgramming\\AB_pic\\resources\\snowman.jpg'
9.1432 	EXP 	polygon: opacity = 0.0
9.1598 	EXP 	displayPicture: image = 'C:\\Users\\Employee\\Google Drive\\UP\\MyResearch\\TaskProgramming\\AB_pic\\resources\\snowman.jpg'
9.1598 	EXP 	polygon: opacity = 0.0
9.1765 	EXP 	displayPicture: image = 'C:\\Users\\Employee\\Google Drive\\UP\\MyResearch\\TaskProgramming\\AB_pic\\resources\\snowman.jpg'
9.1765 	EXP 	polygon: opacity = 0.0
9.1932 	EXP 	displayPicture: image = 'C:\\Users\\Employee\\Google Drive\\UP\\MyResearch\\TaskProgramming\\AB_pic\\resources\\snowman.jpg'
9.1932 	EXP 	polygon: opacity = 0.0
9.2099 	EXP 	displayPicture: image = 'C:\\Users\\Employee\\Google Drive\\UP\\MyResearch\\TaskProgramming\\AB_pic\\resources\\snowman.jpg'
9.2099 	EXP 	polygon: opacity = 0.0
9.2265 	EXP 	displayPicture: image = 'C:\\Users\\Employee\\Google Drive\\UP\\MyResearch\\TaskProgramming\\AB_pic\\resources\\snowman.jpg'
9.2265 	EXP 	polygon: opacity = 0.0
9.2432 	EXP 	displayPicture: image = 'C:\\Users\\Employee\\Google Drive\\UP\\MyResearch\\TaskProgramming\\AB_pic\\resources\\snowman.jpg'
9.2432 	EXP 	polygon: opacity = 0.0
9.2599 	EXP 	displayPicture: image = 'C:\\Users\\Employee\\Google Drive\\UP\\MyResearch\\TaskProgramming\\AB_pic\\resources\\snowman.jpg'
9.2599 	EXP 	polygon: opacity = 0.0
9.2765 	EXP 	displayPicture: image = 'C:\\Users\\Employee\\Google Drive\\UP\\MyResearch\\TaskProgramming\\AB_pic\\resources\\snowman.jpg'
9.2765 	EXP 	polygon: opacity = 0.0
9.2932 	EXP 	displayPicture: image = 'C:\\Users\\Employee\\Google Drive\\UP\\MyResearch\\TaskProgramming\\AB_pic\\resources\\snowman.jpg'
9.2932 	EXP 	polygon: opacity = 0.0
9.3098 	EXP 	displayPicture: image = 'C:\\Users\\Employee\\Google Drive\\UP\\MyResearch\\TaskProgramming\\AB_pic\\resources\\snowman.jpg'
9.3098 	EXP 	polygon: opacity = 0.0
9.3265 	EXP 	displayPicture: image = 'C:\\Users\\Employee\\Google Drive\\UP\\MyResearch\\TaskProgramming\\AB_pic\\resources\\snowman.jpg'
9.3265 	EXP 	polygon: opacity = 0.0
9.3432 	EXP 	displayPicture: image = 'C:\\Users\\Employee\\Google Drive\\UP\\MyResearch\\TaskProgramming\\AB_pic\\resources\\snowman.jpg'
9.3432 	EXP 	polygon: opacity = 0.0
9.3599 	EXP 	displayPicture: image = 'C:\\Users\\Employee\\Google Drive\\UP\\MyResearch\\TaskProgramming\\AB_pic\\resources\\snowman.jpg'
9.3599 	EXP 	polygon: opacity = 0.0
9.3765 	EXP 	displayPicture: image = 'C:\\Users\\Employee\\Google Drive\\UP\\MyResearch\\TaskProgramming\\AB_pic\\resources\\snowman.jpg'
9.3765 	EXP 	polygon: opacity = 0.0
9.3932 	EXP 	displayPicture: image = 'C:\\Users\\Employee\\Google Drive\\UP\\MyResearch\\TaskProgramming\\AB_pic\\resources\\snowman.jpg'
9.3932 	EXP 	polygon: opacity = 0.0
9.4099 	EXP 	displayPicture: image = 'C:\\Users\\Employee\\Google Drive\\UP\\MyResearch\\TaskProgramming\\AB_pic\\resources\\cactus.jpg'
9.4099 	EXP 	polygon: opacity = 0.0
9.4265 	EXP 	displayPicture: image = 'C:\\Users\\Employee\\Google Drive\\UP\\MyResearch\\TaskProgramming\\AB_pic\\resources\\cactus.jpg'
9.4265 	EXP 	polygon: opacity = 0.0
9.4432 	EXP 	displayPicture: image = 'C:\\Users\\Employee\\Google Drive\\UP\\MyResearch\\TaskProgramming\\AB_pic\\resources\\cactus.jpg'
9.4432 	EXP 	polygon: opacity = 0.0
9.4599 	EXP 	displayPicture: image = 'C:\\Users\\Employee\\Google Drive\\UP\\MyResearch\\TaskProgramming\\AB_pic\\resources\\cactus.jpg'
9.4599 	EXP 	polygon: opacity = 0.0
9.4765 	EXP 	displayPicture: image = 'C:\\Users\\Employee\\Google Drive\\UP\\MyResearch\\TaskProgramming\\AB_pic\\resources\\cactus.jpg'
9.4765 	EXP 	polygon: opacity = 0.0
9.4932 	EXP 	displayPicture: image = 'C:\\Users\\Employee\\Google Drive\\UP\\MyResearch\\TaskProgramming\\AB_pic\\resources\\cactus.jpg'
9.4932 	EXP 	polygon: opacity = 0.0
9.5099 	EXP 	displayPicture: image = 'C:\\Users\\Employee\\Google Drive\\UP\\MyResearch\\TaskProgramming\\AB_pic\\resources\\cactus.jpg'
9.5099 	EXP 	polygon: opacity = 0.0
9.5265 	EXP 	displayPicture: image = 'C:\\Users\\Employee\\Google Drive\\UP\\MyResearch\\TaskProgramming\\AB_pic\\resources\\cactus.jpg'
9.5265 	EXP 	polygon: opacity = 0.0
9.5432 	EXP 	displayPicture: image = 'C:\\Users\\Employee\\Google Drive\\UP\\MyResearch\\TaskProgramming\\AB_pic\\resources\\cactus.jpg'
9.5432 	EXP 	polygon: opacity = 0.0
9.5599 	EXP 	displayPicture: image = 'C:\\Users\\Employee\\Google Drive\\UP\\MyResearch\\TaskProgramming\\AB_pic\\resources\\cactus.jpg'
9.5599 	EXP 	polygon: opacity = 0.0
9.5765 	EXP 	displayPicture: image = 'C:\\Users\\Employee\\Google Drive\\UP\\MyResearch\\TaskProgramming\\AB_pic\\resources\\cactus.jpg'
9.5765 	EXP 	polygon: opacity = 0.0
9.5932 	EXP 	displayPicture: image = 'C:\\Users\\Employee\\Google Drive\\UP\\MyResearch\\TaskProgramming\\AB_pic\\resources\\cactus.jpg'
9.5932 	EXP 	polygon: opacity = 0.0
9.6098 	EXP 	displayPicture: image = 'C:\\Users\\Employee\\Google Drive\\UP\\MyResearch\\TaskProgramming\\AB_pic\\resources\\cactus.jpg'
9.6098 	EXP 	polygon: opacity = 0.0
9.6265 	EXP 	displayPicture: image = 'C:\\Users\\Employee\\Google Drive\\UP\\MyResearch\\TaskProgramming\\AB_pic\\resources\\cactus.jpg'
9.6265 	EXP 	polygon: opacity = 0.0
9.6432 	EXP 	displayPicture: image = 'C:\\Users\\Employee\\Google Drive\\UP\\MyResearch\\TaskProgramming\\AB_pic\\resources\\cactus.jpg'
9.6432 	EXP 	polygon: opacity = 0.0
9.6598 	EXP 	displayPicture: image = 'C:\\Users\\Employee\\Google Drive\\UP\\MyResearch\\TaskProgramming\\AB_pic\\resources\\cactus.jpg'
9.6598 	EXP 	polygon: opacity = 0.0
9.6765 	EXP 	displayPicture: image = 'C:\\Users\\Employee\\Google Drive\\UP\\MyResearch\\TaskProgramming\\AB_pic\\resources\\cactus.jpg'
9.6765 	EXP 	polygon: opacity = 0.0
9.6932 	EXP 	displayPicture: image = 'C:\\Users\\Employee\\Google Drive\\UP\\MyResearch\\TaskProgramming\\AB_pic\\resources\\cactus.jpg'
9.6932 	EXP 	polygon: opacity = 0.0
9.7098 	EXP 	displayPicture: image = 'C:\\Users\\Employee\\Google Drive\\UP\\MyResearch\\TaskProgramming\\AB_pic\\resources\\cactus.jpg'
9.7098 	EXP 	polygon: opacity = 0.0
9.7265 	EXP 	displayPicture: image = 'C:\\Users\\Employee\\Google Drive\\UP\\MyResearch\\TaskProgramming\\AB_pic\\resources\\cactus.jpg'
9.7265 	EXP 	polygon: opacity = 0.0
9.7431 	EXP 	displayPicture: image = 'C:\\Users\\Employee\\Google Drive\\UP\\MyResearch\\TaskProgramming\\AB_pic\\resources\\cactus.jpg'
9.7431 	EXP 	polygon: opacity = 0.0
9.7598 	EXP 	displayPicture: image = 'C:\\Users\\Employee\\Google Drive\\UP\\MyResearch\\TaskProgramming\\AB_pic\\resources\\cactus.jpg'
9.7598 	EXP 	polygon: opacity = 0.0
9.7765 	EXP 	displayPicture: image = 'C:\\Users\\Employee\\Google Drive\\UP\\MyResearch\\TaskProgramming\\AB_pic\\resources\\cactus.jpg'
9.7765 	EXP 	polygon: opacity = 0.0
9.7931 	EXP 	displayPicture: image = 'C:\\Users\\Employee\\Google Drive\\UP\\MyResearch\\TaskProgramming\\AB_pic\\resources\\cactus.jpg'
9.7931 	EXP 	polygon: opacity = 0.0
9.8099 	EXP 	displayPicture: image = 'C:\\Users\\Employee\\Google Drive\\UP\\MyResearch\\TaskProgramming\\AB_pic\\resources\\zipper.jpg'
9.8099 	EXP 	polygon: opacity = 0.0
9.8265 	EXP 	displayPicture: image = 'C:\\Users\\Employee\\Google Drive\\UP\\MyResearch\\TaskProgramming\\AB_pic\\resources\\zipper.jpg'
9.8265 	EXP 	polygon: opacity = 0.0
9.8431 	EXP 	displayPicture: image = 'C:\\Users\\Employee\\Google Drive\\UP\\MyResearch\\TaskProgramming\\AB_pic\\resources\\zipper.jpg'
9.8431 	EXP 	polygon: opacity = 0.0
9.8598 	EXP 	displayPicture: image = 'C:\\Users\\Employee\\Google Drive\\UP\\MyResearch\\TaskProgramming\\AB_pic\\resources\\zipper.jpg'
9.8598 	EXP 	polygon: opacity = 0.0
9.8765 	EXP 	displayPicture: image = 'C:\\Users\\Employee\\Google Drive\\UP\\MyResearch\\TaskProgramming\\AB_pic\\resources\\zipper.jpg'
9.8765 	EXP 	polygon: opacity = 0.0
9.8931 	EXP 	displayPicture: image = 'C:\\Users\\Employee\\Google Drive\\UP\\MyResearch\\TaskProgramming\\AB_pic\\resources\\zipper.jpg'
9.8931 	EXP 	polygon: opacity = 0.0
9.9098 	EXP 	displayPicture: image = 'C:\\Users\\Employee\\Google Drive\\UP\\MyResearch\\TaskProgramming\\AB_pic\\resources\\zipper.jpg'
9.9098 	EXP 	polygon: opacity = 0.0
9.9265 	EXP 	displayPicture: image = 'C:\\Users\\Employee\\Google Drive\\UP\\MyResearch\\TaskProgramming\\AB_pic\\resources\\zipper.jpg'
9.9265 	EXP 	polygon: opacity = 0.0
9.9431 	EXP 	displayPicture: image = 'C:\\Users\\Employee\\Google Drive\\UP\\MyResearch\\TaskProgramming\\AB_pic\\resources\\zipper.jpg'
9.9431 	EXP 	polygon: opacity = 0.0
9.9598 	EXP 	displayPicture: image = 'C:\\Users\\Employee\\Google Drive\\UP\\MyResearch\\TaskProgramming\\AB_pic\\resources\\zipper.jpg'
9.9598 	EXP 	polygon: opacity = 0.0
9.9765 	EXP 	displayPicture: image = 'C:\\Users\\Employee\\Google Drive\\UP\\MyResearch\\TaskProgramming\\AB_pic\\resources\\zipper.jpg'
9.9765 	EXP 	polygon: opacity = 0.0
9.9932 	EXP 	displayPicture: image = 'C:\\Users\\Employee\\Google Drive\\UP\\MyResearch\\TaskProgramming\\AB_pic\\resources\\zipper.jpg'
9.9932 	EXP 	polygon: opacity = 0.0
10.0098 	EXP 	displayPicture: image = 'C:\\Users\\Employee\\Google Drive\\UP\\MyResearch\\TaskProgramming\\AB_pic\\resources\\zipper.jpg'
10.0098 	EXP 	polygon: opacity = 0.0
10.0265 	EXP 	displayPicture: image = 'C:\\Users\\Employee\\Google Drive\\UP\\MyResearch\\TaskProgramming\\AB_pic\\resources\\zipper.jpg'
10.0265 	EXP 	polygon: opacity = 0.0
10.0431 	EXP 	displayPicture: image = 'C:\\Users\\Employee\\Google Drive\\UP\\MyResearch\\TaskProgramming\\AB_pic\\resources\\zipper.jpg'
10.0431 	EXP 	polygon: opacity = 0.0
10.0598 	EXP 	displayPicture: image = 'C:\\Users\\Employee\\Google Drive\\UP\\MyResearch\\TaskProgramming\\AB_pic\\resources\\zipper.jpg'
10.0598 	EXP 	polygon: opacity = 0.0
10.0765 	EXP 	displayPicture: image = 'C:\\Users\\Employee\\Google Drive\\UP\\MyResearch\\TaskProgramming\\AB_pic\\resources\\zipper.jpg'
10.0765 	EXP 	polygon: opacity = 0.0
10.0931 	EXP 	displayPicture: image = 'C:\\Users\\Employee\\Google Drive\\UP\\MyResearch\\TaskProgramming\\AB_pic\\resources\\zipper.jpg'
10.0931 	EXP 	polygon: opacity = 0.0
10.1098 	EXP 	displayPicture: image = 'C:\\Users\\Employee\\Google Drive\\UP\\MyResearch\\TaskProgramming\\AB_pic\\resources\\zipper.jpg'
10.1098 	EXP 	polygon: opacity = 0.0
10.1265 	EXP 	displayPicture: image = 'C:\\Users\\Employee\\Google Drive\\UP\\MyResearch\\TaskProgramming\\AB_pic\\resources\\zipper.jpg'
10.1265 	EXP 	polygon: opacity = 0.0
10.1431 	EXP 	displayPicture: image = 'C:\\Users\\Employee\\Google Drive\\UP\\MyResearch\\TaskProgramming\\AB_pic\\resources\\zipper.jpg'
10.1431 	EXP 	polygon: opacity = 0.0
10.1598 	EXP 	displayPicture: image = 'C:\\Users\\Employee\\Google Drive\\UP\\MyResearch\\TaskProgramming\\AB_pic\\resources\\zipper.jpg'
10.1598 	EXP 	polygon: opacity = 0.0
10.1765 	EXP 	displayPicture: image = 'C:\\Users\\Employee\\Google Drive\\UP\\MyResearch\\TaskProgramming\\AB_pic\\resources\\zipper.jpg'
10.1765 	EXP 	polygon: opacity = 0.0
10.1931 	EXP 	displayPicture: image = 'C:\\Users\\Employee\\Google Drive\\UP\\MyResearch\\TaskProgramming\\AB_pic\\resources\\zipper.jpg'
10.1931 	EXP 	polygon: opacity = 0.0
10.2098 	EXP 	displayPicture: image = 'C:\\Users\\Employee\\Google Drive\\UP\\MyResearch\\TaskProgramming\\AB_pic\\resources\\kiwi03.jpg'
10.2098 	EXP 	polygon: opacity = 0.0
10.2265 	EXP 	displayPicture: image = 'C:\\Users\\Employee\\Google Drive\\UP\\MyResearch\\TaskProgramming\\AB_pic\\resources\\kiwi03.jpg'
10.2265 	EXP 	polygon: opacity = 0.0
10.2431 	EXP 	displayPicture: image = 'C:\\Users\\Employee\\Google Drive\\UP\\MyResearch\\TaskProgramming\\AB_pic\\resources\\kiwi03.jpg'
10.2431 	EXP 	polygon: opacity = 0.0
10.2598 	EXP 	displayPicture: image = 'C:\\Users\\Employee\\Google Drive\\UP\\MyResearch\\TaskProgramming\\AB_pic\\resources\\kiwi03.jpg'
10.2598 	EXP 	polygon: opacity = 0.0
10.2764 	EXP 	displayPicture: image = 'C:\\Users\\Employee\\Google Drive\\UP\\MyResearch\\TaskProgramming\\AB_pic\\resources\\kiwi03.jpg'
10.2764 	EXP 	polygon: opacity = 0.0
10.2931 	EXP 	displayPicture: image = 'C:\\Users\\Employee\\Google Drive\\UP\\MyResearch\\TaskProgramming\\AB_pic\\resources\\kiwi03.jpg'
10.2931 	EXP 	polygon: opacity = 0.0
10.3098 	EXP 	displayPicture: image = 'C:\\Users\\Employee\\Google Drive\\UP\\MyResearch\\TaskProgramming\\AB_pic\\resources\\kiwi03.jpg'
10.3098 	EXP 	polygon: opacity = 0.0
10.3264 	EXP 	displayPicture: image = 'C:\\Users\\Employee\\Google Drive\\UP\\MyResearch\\TaskProgramming\\AB_pic\\resources\\kiwi03.jpg'
10.3264 	EXP 	polygon: opacity = 0.0
10.3431 	EXP 	displayPicture: image = 'C:\\Users\\Employee\\Google Drive\\UP\\MyResearch\\TaskProgramming\\AB_pic\\resources\\kiwi03.jpg'
10.3431 	EXP 	polygon: opacity = 0.0
10.3598 	EXP 	displayPicture: image = 'C:\\Users\\Employee\\Google Drive\\UP\\MyResearch\\TaskProgramming\\AB_pic\\resources\\kiwi03.jpg'
10.3598 	EXP 	polygon: opacity = 0.0
10.3764 	EXP 	displayPicture: image = 'C:\\Users\\Employee\\Google Drive\\UP\\MyResearch\\TaskProgramming\\AB_pic\\resources\\kiwi03.jpg'
10.3764 	EXP 	polygon: opacity = 0.0
10.3931 	EXP 	displayPicture: image = 'C:\\Users\\Employee\\Google Drive\\UP\\MyResearch\\TaskProgramming\\AB_pic\\resources\\kiwi03.jpg'
10.3931 	EXP 	polygon: opacity = 0.0
10.4098 	EXP 	displayPicture: image = 'C:\\Users\\Employee\\Google Drive\\UP\\MyResearch\\TaskProgramming\\AB_pic\\resources\\kiwi03.jpg'
10.4098 	EXP 	polygon: opacity = 0.0
10.4264 	EXP 	displayPicture: image = 'C:\\Users\\Employee\\Google Drive\\UP\\MyResearch\\TaskProgramming\\AB_pic\\resources\\kiwi03.jpg'
10.4264 	EXP 	polygon: opacity = 0.0
10.4431 	EXP 	displayPicture: image = 'C:\\Users\\Employee\\Google Drive\\UP\\MyResearch\\TaskProgramming\\AB_pic\\resources\\kiwi03.jpg'
10.4431 	EXP 	polygon: opacity = 0.0
10.4598 	EXP 	displayPicture: image = 'C:\\Users\\Employee\\Google Drive\\UP\\MyResearch\\TaskProgramming\\AB_pic\\resources\\kiwi03.jpg'
10.4598 	EXP 	polygon: opacity = 0.0
10.4764 	EXP 	displayPicture: image = 'C:\\Users\\Employee\\Google Drive\\UP\\MyResearch\\TaskProgramming\\AB_pic\\resources\\kiwi03.jpg'
10.4764 	EXP 	polygon: opacity = 0.0
10.4931 	EXP 	displayPicture: image = 'C:\\Users\\Employee\\Google Drive\\UP\\MyResearch\\TaskProgramming\\AB_pic\\resources\\kiwi03.jpg'
10.4931 	EXP 	polygon: opacity = 0.0
10.5098 	EXP 	displayPicture: image = 'C:\\Users\\Employee\\Google Drive\\UP\\MyResearch\\TaskProgramming\\AB_pic\\resources\\kiwi03.jpg'
10.5098 	EXP 	polygon: opacity = 0.0
10.5264 	EXP 	displayPicture: image = 'C:\\Users\\Employee\\Google Drive\\UP\\MyResearch\\TaskProgramming\\AB_pic\\resources\\kiwi03.jpg'
10.5264 	EXP 	polygon: opacity = 0.0
10.5431 	EXP 	displayPicture: image = 'C:\\Users\\Employee\\Google Drive\\UP\\MyResearch\\TaskProgramming\\AB_pic\\resources\\kiwi03.jpg'
10.5431 	EXP 	polygon: opacity = 0.0
10.5598 	EXP 	displayPicture: image = 'C:\\Users\\Employee\\Google Drive\\UP\\MyResearch\\TaskProgramming\\AB_pic\\resources\\kiwi03.jpg'
10.5598 	EXP 	polygon: opacity = 0.0
10.5764 	EXP 	displayPicture: image = 'C:\\Users\\Employee\\Google Drive\\UP\\MyResearch\\TaskProgramming\\AB_pic\\resources\\kiwi03.jpg'
10.5764 	EXP 	polygon: opacity = 0.0
10.5931 	EXP 	displayPicture: image = 'C:\\Users\\Employee\\Google Drive\\UP\\MyResearch\\TaskProgramming\\AB_pic\\resources\\kiwi03.jpg'
10.5931 	EXP 	polygon: opacity = 0.0
10.6098 	EXP 	displayPicture: image = 'C:\\Users\\Employee\\Google Drive\\UP\\MyResearch\\TaskProgramming\\AB_pic\\resources\\birdhouse.jpg'
10.6098 	EXP 	polygon: opacity = 0.0
10.6264 	EXP 	displayPicture: image = 'C:\\Users\\Employee\\Google Drive\\UP\\MyResearch\\TaskProgramming\\AB_pic\\resources\\birdhouse.jpg'
10.6264 	EXP 	polygon: opacity = 0.0
10.6431 	EXP 	displayPicture: image = 'C:\\Users\\Employee\\Google Drive\\UP\\MyResearch\\TaskProgramming\\AB_pic\\resources\\birdhouse.jpg'
10.6431 	EXP 	polygon: opacity = 0.0
10.6598 	EXP 	displayPicture: image = 'C:\\Users\\Employee\\Google Drive\\UP\\MyResearch\\TaskProgramming\\AB_pic\\resources\\birdhouse.jpg'
10.6598 	EXP 	polygon: opacity = 0.0
10.6764 	EXP 	displayPicture: image = 'C:\\Users\\Employee\\Google Drive\\UP\\MyResearch\\TaskProgramming\\AB_pic\\resources\\birdhouse.jpg'
10.6764 	EXP 	polygon: opacity = 0.0
10.6931 	EXP 	displayPicture: image = 'C:\\Users\\Employee\\Google Drive\\UP\\MyResearch\\TaskProgramming\\AB_pic\\resources\\birdhouse.jpg'
10.6931 	EXP 	polygon: opacity = 0.0
10.7098 	EXP 	displayPicture: image = 'C:\\Users\\Employee\\Google Drive\\UP\\MyResearch\\TaskProgramming\\AB_pic\\resources\\birdhouse.jpg'
10.7098 	EXP 	polygon: opacity = 0.0
10.7264 	EXP 	displayPicture: image = 'C:\\Users\\Employee\\Google Drive\\UP\\MyResearch\\TaskProgramming\\AB_pic\\resources\\birdhouse.jpg'
10.7264 	EXP 	polygon: opacity = 0.0
10.7431 	EXP 	displayPicture: image = 'C:\\Users\\Employee\\Google Drive\\UP\\MyResearch\\TaskProgramming\\AB_pic\\resources\\birdhouse.jpg'
10.7431 	EXP 	polygon: opacity = 0.0
10.7597 	EXP 	displayPicture: image = 'C:\\Users\\Employee\\Google Drive\\UP\\MyResearch\\TaskProgramming\\AB_pic\\resources\\birdhouse.jpg'
10.7597 	EXP 	polygon: opacity = 0.0
10.7764 	EXP 	displayPicture: image = 'C:\\Users\\Employee\\Google Drive\\UP\\MyResearch\\TaskProgramming\\AB_pic\\resources\\birdhouse.jpg'
10.7764 	EXP 	polygon: opacity = 0.0
10.7931 	EXP 	displayPicture: image = 'C:\\Users\\Employee\\Google Drive\\UP\\MyResearch\\TaskProgramming\\AB_pic\\resources\\birdhouse.jpg'
10.7931 	EXP 	polygon: opacity = 0.0
10.8097 	EXP 	displayPicture: image = 'C:\\Users\\Employee\\Google Drive\\UP\\MyResearch\\TaskProgramming\\AB_pic\\resources\\birdhouse.jpg'
10.8097 	EXP 	polygon: opacity = 0.0
10.8264 	EXP 	displayPicture: image = 'C:\\Users\\Employee\\Google Drive\\UP\\MyResearch\\TaskProgramming\\AB_pic\\resources\\birdhouse.jpg'
10.8264 	EXP 	polygon: opacity = 0.0
10.8431 	EXP 	displayPicture: image = 'C:\\Users\\Employee\\Google Drive\\UP\\MyResearch\\TaskProgramming\\AB_pic\\resources\\birdhouse.jpg'
10.8431 	EXP 	polygon: opacity = 0.0
10.8598 	EXP 	displayPicture: image = 'C:\\Users\\Employee\\Google Drive\\UP\\MyResearch\\TaskProgramming\\AB_pic\\resources\\birdhouse.jpg'
10.8598 	EXP 	polygon: opacity = 0.0
10.8764 	EXP 	displayPicture: image = 'C:\\Users\\Employee\\Google Drive\\UP\\MyResearch\\TaskProgramming\\AB_pic\\resources\\birdhouse.jpg'
10.8764 	EXP 	polygon: opacity = 0.0
10.8931 	EXP 	displayPicture: image = 'C:\\Users\\Employee\\Google Drive\\UP\\MyResearch\\TaskProgramming\\AB_pic\\resources\\birdhouse.jpg'
10.8931 	EXP 	polygon: opacity = 0.0
10.9098 	EXP 	displayPicture: image = 'C:\\Users\\Employee\\Google Drive\\UP\\MyResearch\\TaskProgramming\\AB_pic\\resources\\birdhouse.jpg'
10.9098 	EXP 	polygon: opacity = 0.0
10.9264 	EXP 	displayPicture: image = 'C:\\Users\\Employee\\Google Drive\\UP\\MyResearch\\TaskProgramming\\AB_pic\\resources\\birdhouse.jpg'
10.9264 	EXP 	polygon: opacity = 0.0
10.9431 	EXP 	displayPicture: image = 'C:\\Users\\Employee\\Google Drive\\UP\\MyResearch\\TaskProgramming\\AB_pic\\resources\\birdhouse.jpg'
10.9431 	EXP 	polygon: opacity = 0.0
10.9598 	EXP 	displayPicture: image = 'C:\\Users\\Employee\\Google Drive\\UP\\MyResearch\\TaskProgramming\\AB_pic\\resources\\birdhouse.jpg'
10.9598 	EXP 	polygon: opacity = 0.0
10.9764 	EXP 	displayPicture: image = 'C:\\Users\\Employee\\Google Drive\\UP\\MyResearch\\TaskProgramming\\AB_pic\\resources\\birdhouse.jpg'
10.9764 	EXP 	polygon: opacity = 0.0
10.9931 	EXP 	displayPicture: image = 'C:\\Users\\Employee\\Google Drive\\UP\\MyResearch\\TaskProgramming\\AB_pic\\resources\\birdhouse.jpg'
10.9931 	EXP 	polygon: opacity = 0.0
11.0098 	EXP 	displayPicture: image = 'C:\\Users\\Employee\\Google Drive\\UP\\MyResearch\\TaskProgramming\\AB_pic\\resources\\discoball.jpg'
11.0098 	EXP 	polygon: opacity = 0.0
11.0264 	EXP 	displayPicture: image = 'C:\\Users\\Employee\\Google Drive\\UP\\MyResearch\\TaskProgramming\\AB_pic\\resources\\discoball.jpg'
11.0264 	EXP 	polygon: opacity = 0.0
11.0430 	EXP 	displayPicture: image = 'C:\\Users\\Employee\\Google Drive\\UP\\MyResearch\\TaskProgramming\\AB_pic\\resources\\discoball.jpg'
11.0430 	EXP 	polygon: opacity = 0.0
11.0598 	EXP 	displayPicture: image = 'C:\\Users\\Employee\\Google Drive\\UP\\MyResearch\\TaskProgramming\\AB_pic\\resources\\discoball.jpg'
11.0598 	EXP 	polygon: opacity = 0.0
11.0764 	EXP 	displayPicture: image = 'C:\\Users\\Employee\\Google Drive\\UP\\MyResearch\\TaskProgramming\\AB_pic\\resources\\discoball.jpg'
11.0764 	EXP 	polygon: opacity = 0.0
11.0931 	EXP 	displayPicture: image = 'C:\\Users\\Employee\\Google Drive\\UP\\MyResearch\\TaskProgramming\\AB_pic\\resources\\discoball.jpg'
11.0931 	EXP 	polygon: opacity = 0.0
11.1098 	EXP 	displayPicture: image = 'C:\\Users\\Employee\\Google Drive\\UP\\MyResearch\\TaskProgramming\\AB_pic\\resources\\discoball.jpg'
11.1098 	EXP 	polygon: opacity = 0.0
11.1264 	EXP 	displayPicture: image = 'C:\\Users\\Employee\\Google Drive\\UP\\MyResearch\\TaskProgramming\\AB_pic\\resources\\discoball.jpg'
11.1264 	EXP 	polygon: opacity = 0.0
11.1431 	EXP 	displayPicture: image = 'C:\\Users\\Employee\\Google Drive\\UP\\MyResearch\\TaskProgramming\\AB_pic\\resources\\discoball.jpg'
11.1431 	EXP 	polygon: opacity = 0.0
11.1598 	EXP 	displayPicture: image = 'C:\\Users\\Employee\\Google Drive\\UP\\MyResearch\\TaskProgramming\\AB_pic\\resources\\discoball.jpg'
11.1598 	EXP 	polygon: opacity = 0.0
11.1764 	EXP 	displayPicture: image = 'C:\\Users\\Employee\\Google Drive\\UP\\MyResearch\\TaskProgramming\\AB_pic\\resources\\discoball.jpg'
11.1764 	EXP 	polygon: opacity = 0.0
11.1931 	EXP 	displayPicture: image = 'C:\\Users\\Employee\\Google Drive\\UP\\MyResearch\\TaskProgramming\\AB_pic\\resources\\discoball.jpg'
11.1931 	EXP 	polygon: opacity = 0.0
11.2097 	EXP 	displayPicture: image = 'C:\\Users\\Employee\\Google Drive\\UP\\MyResearch\\TaskProgramming\\AB_pic\\resources\\discoball.jpg'
11.2097 	EXP 	polygon: opacity = 0.0
11.2264 	EXP 	displayPicture: image = 'C:\\Users\\Employee\\Google Drive\\UP\\MyResearch\\TaskProgramming\\AB_pic\\resources\\discoball.jpg'
11.2264 	EXP 	polygon: opacity = 0.0
11.2430 	EXP 	displayPicture: image = 'C:\\Users\\Employee\\Google Drive\\UP\\MyResearch\\TaskProgramming\\AB_pic\\resources\\discoball.jpg'
11.2430 	EXP 	polygon: opacity = 0.0
11.2597 	EXP 	displayPicture: image = 'C:\\Users\\Employee\\Google Drive\\UP\\MyResearch\\TaskProgramming\\AB_pic\\resources\\discoball.jpg'
11.2597 	EXP 	polygon: opacity = 0.0
11.2764 	EXP 	displayPicture: image = 'C:\\Users\\Employee\\Google Drive\\UP\\MyResearch\\TaskProgramming\\AB_pic\\resources\\discoball.jpg'
11.2764 	EXP 	polygon: opacity = 0.0
11.2930 	EXP 	displayPicture: image = 'C:\\Users\\Employee\\Google Drive\\UP\\MyResearch\\TaskProgramming\\AB_pic\\resources\\discoball.jpg'
11.2930 	EXP 	polygon: opacity = 0.0
11.3097 	EXP 	displayPicture: image = 'C:\\Users\\Employee\\Google Drive\\UP\\MyResearch\\TaskProgramming\\AB_pic\\resources\\discoball.jpg'
11.3097 	EXP 	polygon: opacity = 0.0
11.3264 	EXP 	displayPicture: image = 'C:\\Users\\Employee\\Google Drive\\UP\\MyResearch\\TaskProgramming\\AB_pic\\resources\\discoball.jpg'
11.3264 	EXP 	polygon: opacity = 0.0
11.3430 	EXP 	displayPicture: image = 'C:\\Users\\Employee\\Google Drive\\UP\\MyResearch\\TaskProgramming\\AB_pic\\resources\\discoball.jpg'
11.3430 	EXP 	polygon: opacity = 0.0
11.3597 	EXP 	displayPicture: image = 'C:\\Users\\Employee\\Google Drive\\UP\\MyResearch\\TaskProgramming\\AB_pic\\resources\\discoball.jpg'
11.3597 	EXP 	polygon: opacity = 0.0
11.3764 	EXP 	displayPicture: image = 'C:\\Users\\Employee\\Google Drive\\UP\\MyResearch\\TaskProgramming\\AB_pic\\resources\\discoball.jpg'
11.3764 	EXP 	polygon: opacity = 0.0
11.3930 	EXP 	displayPicture: image = 'C:\\Users\\Employee\\Google Drive\\UP\\MyResearch\\TaskProgramming\\AB_pic\\resources\\discoball.jpg'
11.3930 	EXP 	polygon: opacity = 0.0
11.4264 	EXP 	displayPicture: image = 'C:\\Users\\Employee\\Google Drive\\UP\\MyResearch\\TaskProgramming\\AB_pic\\resources\\discoball.jpg'
11.4264 	EXP 	polygon: opacity = 0.0
11.4264 	EXP 	displayPicture: autoDraw = False
11.4264 	EXP 	polygon: autoDraw = False
11.4264 	EXP 	option1_t1: image = 'C:\\Users\\Employee\\Google Drive\\UP\\MyResearch\\TaskProgramming\\AB_pic\\resources\\hand01b.jpg'
11.4264 	EXP 	option2_t1: image = 'C:\\Users\\Employee\\Google Drive\\UP\\MyResearch\\TaskProgramming\\AB_pic\\resources\\makiroll.jpg'
11.4264 	EXP 	text: autoDraw = True
11.4264 	EXP 	option1_t1: autoDraw = True
11.4264 	EXP 	option2_t1: autoDraw = True
12.4264 	EXP 	text: autoDraw = False
14.5125 	DATA 	Keypress: escape
14.7098 	EXP 	window1: mouseVisible = True
