0.8448 	WARNING 	We strongly recommend you activate the PTB sound engine in PsychoPy prefs as the preferred audio engine. Its timing is vastly superior. Your prefs are currently set to use ['sounddevice', 'PTB', 'pyo', 'pygame'] (in that order).
4.0375 	WARNING 	User requested fullscreen with size [1024  768], but screen is actually [1920, 1080]. Using actual size
4.9122 	EXP 	Created window1 = Window(allowGUI=False, allowStencil=False, args=UNKNOWN, autoLog=True, bitsMode=UNKNOWN, blendMode='avg', bpc=(8, 8, 8), color=array([0., 0., 0.]), colorSpace='rgb', depthBits=8, fullscr=<method-wrapper '__getattribute__' of attributeSetter object at 0x0000023065A96FD0>, gamma=None, gammaErrorPolicy='raise', kwargs=UNKNOWN, lms=UNKNOWN, monitor=<psychopy.monitors.calibTools.Monitor object at 0x00000230657E5630>, multiSample=False, name='window1', numSamples=2, pos=[0.0, 0.0], screen=0, size=array([1920, 1080]), stencilBits=0, stereo=False, units='height', useFBO=True, useRetina=False, viewOri=0.0, viewPos=None, viewScale=None, waitBlanking=True, winType='pyglet')
4.9126 	EXP 	window1: mouseVisible = True
4.9127 	EXP 	window1: recordFrameIntervals = False
5.0785 	EXP 	window1: recordFrameIntervals = True
5.2620 	EXP 	window1: recordFrameIntervals = False
5.4720 	EXP 	Created option1 = ImageStim(__class__=<class 'psychopy.visual.image.ImageStim'>, autoLog=True, color=array([1., 1., 1.]), colorSpace='rgb', contrast=1.0, depth=-1.0, flipHoriz=False, flipVert=False, image='sin', interpolate=True, mask=None, maskParams=None, name='option1', opacity=1.0, ori=0.0, pos=array([0. , 0.3]), size=array([0.25, 0.25]), texRes=128, units='height', win=Window(...))
5.5108 	EXP 	Created text_2 = TextStim(__class__=<class 'psychopy.visual.text.TextStim'>, alignHoriz=method-wrapper(...), alignText='center', alignVert=method-wrapper(...), anchorHoriz='center', anchorVert='center', antialias=True, autoLog=True, bold=False, color='white', colorSpace='named', contrast=1.0, depth=-2.0, flipHoriz=False, flipVert=False, font='Arial', fontFiles=[], height=0.1, italic=False, languageStyle='LTR', name='text_2', opacity=1.0, ori=0, pos=array([0., 0.]), rgb=array([255., 255., 255.]), text='+', units='height', win=Window(...), wrapWidth=1)
5.5138 	EXP 	Created displayPicture = ImageStim(__class__=<class 'psychopy.visual.image.ImageStim'>, autoLog=True, color=array([1., 1., 1.]), colorSpace='rgb', contrast=1.0, depth=-6.0, flipHoriz=False, flipVert=False, image='sin', interpolate=True, mask=None, maskParams=None, name='displayPicture', opacity=1.0, ori=0.0, pos=array([0., 0.]), size=array([0.25, 0.25]), texRes=128, units='height', win=Window(...))
5.5151 	EXP 	Created polygon_2 = Rect(__class__=<class 'psychopy.visual.rect.Rect'>, autoDraw=False, autoLog=True, closeShape=True, color=method-wrapper(...), colorSpace=None, contrast=1.0, depth=-7.0, fillColor=array([1., 1., 1.]), fillColorSpace='rgb', fillRGB=array([1., 1., 1.]), interpolate=True, lineColor=array([1., 1., 1.]), lineColorSpace='rgb', lineRGB=array([1., 1., 1.]), lineWidth=0, name='polygon_2', opacity=1.0, ori=array(0.), pos=array([0., 0.]), size=array([0.25, 0.25]), units='height', vertices=ndarray(...), win=Window(...))
5.5163 	EXP 	Created polygon_4 = ShapeStim(__class__=<class 'psychopy.visual.shape.ShapeStim'>, autoDraw=False, autoLog=True, closeShape=True, contrast=1.0, depth=0.0, fillColor=array([1., 0., 0.]), fillColorSpace='rgb', interpolate=True, lineColor=array([1., 1., 1.]), lineColorSpace='rgb', lineWidth=1, name='polygon_4', opacity=1.0, ori=array(0.), pos=array([0., 0.]), size=array([1., 1.]), units='height', vertices=ndarray(...), win=Window(...), windingRule=None)
5.5193 	EXP 	Created option1_t1 = ImageStim(__class__=<class 'psychopy.visual.image.ImageStim'>, autoLog=True, color=array([1., 1., 1.]), colorSpace='rgb', contrast=1.0, depth=-2.0, flipHoriz=False, flipVert=False, image='sin', interpolate=True, mask=None, maskParams=None, name='option1_t1', opacity=1.0, ori=0.0, pos=array([0., 0.]), size=array([0.25, 0.25]), texRes=128, units='height', win=Window(...))
5.5209 	EXP 	Created polygon_5 = ShapeStim(__class__=<class 'psychopy.visual.shape.ShapeStim'>, autoDraw=False, autoLog=True, closeShape=True, contrast=1.0, depth=0.0, fillColor=array([0., 0., 1.]), fillColorSpace='rgb', interpolate=True, lineColor=array([1., 1., 1.]), lineColorSpace='rgb', lineWidth=1, name='polygon_5', opacity=1.0, ori=array(0.), pos=array([0., 0.]), size=array([0.7, 0.7]), units='height', vertices=ndarray(...), win=Window(...), windingRule=None)
5.5554 	EXP 	Created text = TextStim(__class__=<class 'psychopy.visual.text.TextStim'>, alignHoriz=method-wrapper(...), alignText='center', alignVert=method-wrapper(...), anchorHoriz='center', anchorVert='center', antialias=True, autoLog=True, bold=False, color='white', colorSpace='named', contrast=1.0, depth=-3.0, flipHoriz=False, flipVert=False, font='Arial', fontFiles=[], height=0.1, italic=False, languageStyle='LTR', name='text', opacity=1.0, ori=0, pos=array([0., 0.]), rgb=array([255., 255., 255.]), text='default text', units='height', win=Window(...), wrapWidth=1)
5.5719 	EXP 	Created option1_3 = ImageStim(__class__=<class 'psychopy.visual.image.ImageStim'>, autoLog=True, color=array([1., 1., 1.]), colorSpace='rgb', contrast=1.0, depth=-1.0, flipHoriz=False, flipVert=False, image='sin', interpolate=True, mask=None, maskParams=None, name='option1_3', opacity=1.0, ori=0.0, pos=array([0. , 0.3]), size=array([0.25, 0.25]), texRes=128, units='height', win=Window(...))
5.5733 	EXP 	Created text_7 = TextStim(__class__=<class 'psychopy.visual.text.TextStim'>, alignHoriz=method-wrapper(...), alignText='center', alignVert=method-wrapper(...), anchorHoriz='center', anchorVert='center', antialias=True, autoLog=True, bold=False, color='white', colorSpace='named', contrast=1.0, depth=-2.0, flipHoriz=False, flipVert=False, font='Arial', fontFiles=[], height=0.1, italic=False, languageStyle='LTR', name='text_7', opacity=1.0, ori=0, pos=array([0., 0.]), rgb=array([255., 255., 255.]), text='+', units='height', win=Window(...), wrapWidth=1)
5.5762 	EXP 	Created displayPicture_4 = ImageStim(__class__=<class 'psychopy.visual.image.ImageStim'>, autoLog=True, color=array([1., 1., 1.]), colorSpace='rgb', contrast=1.0, depth=-6.0, flipHoriz=False, flipVert=False, image='sin', interpolate=True, mask=None, maskParams=None, name='displayPicture_4', opacity=1.0, ori=0.0, pos=array([0., 0.]), size=array([0.25, 0.25]), texRes=128, units='height', win=Window(...))
5.5774 	EXP 	Created polygon_16 = Rect(__class__=<class 'psychopy.visual.rect.Rect'>, autoDraw=False, autoLog=True, closeShape=True, color=method-wrapper(...), colorSpace=None, contrast=1.0, depth=-7.0, fillColor=array([1., 1., 1.]), fillColorSpace='rgb', fillRGB=array([1., 1., 1.]), interpolate=True, lineColor=array([1., 1., 1.]), lineColorSpace='rgb', lineRGB=array([1., 1., 1.]), lineWidth=0, name='polygon_16', opacity=1.0, ori=array(0.), pos=array([0., 0.]), size=array([0.25, 0.25]), units='height', vertices=ndarray(...), win=Window(...))
5.5786 	EXP 	Created polygon_7 = ShapeStim(__class__=<class 'psychopy.visual.shape.ShapeStim'>, autoDraw=False, autoLog=True, closeShape=True, contrast=1.0, depth=0.0, fillColor=array([1., 0., 0.]), fillColorSpace='rgb', interpolate=True, lineColor=array([1., 1., 1.]), lineColorSpace='rgb', lineWidth=1, name='polygon_7', opacity=1.0, ori=array(0.), pos=array([0., 0.]), size=array([1., 1.]), units='height', vertices=ndarray(...), win=Window(...), windingRule=None)
5.5809 	EXP 	Created option1_t1_2 = ImageStim(__class__=<class 'psychopy.visual.image.ImageStim'>, autoLog=True, color=array([1., 1., 1.]), colorSpace='rgb', contrast=1.0, depth=-2.0, flipHoriz=False, flipVert=False, image='sin', interpolate=True, mask=None, maskParams=None, name='option1_t1_2', opacity=1.0, ori=0.0, pos=array([0., 0.]), size=array([0.25, 0.25]), texRes=128, units='height', win=Window(...))
5.5824 	EXP 	Created polygon_17 = ShapeStim(__class__=<class 'psychopy.visual.shape.ShapeStim'>, autoDraw=False, autoLog=True, closeShape=True, contrast=1.0, depth=0.0, fillColor=array([0., 0., 1.]), fillColorSpace='rgb', interpolate=True, lineColor=array([1., 1., 1.]), lineColorSpace='rgb', lineWidth=1, name='polygon_17', opacity=1.0, ori=array(0.), pos=array([0., 0.]), size=array([0.7, 0.7]), units='height', vertices=ndarray(...), win=Window(...), windingRule=None)
5.6009 	EXP 	Created text_8 = TextStim(__class__=<class 'psychopy.visual.text.TextStim'>, alignHoriz=method-wrapper(...), alignText='center', alignVert=method-wrapper(...), anchorHoriz='center', anchorVert='center', antialias=True, autoLog=True, bold=False, color='white', colorSpace='named', contrast=1.0, depth=-1.0, flipHoriz=False, flipVert=False, font='Arial', fontFiles=[], height=0.1, italic=False, languageStyle='LTR', name='text_8', opacity=1.0, ori=0, pos=array([0., 0.]), rgb=array([255., 255., 255.]), text='Did you see a blender? ', units='height', win=Window(...), wrapWidth=1)
5.6036 	EXP 	Created text = TextStim(__class__=<class 'psychopy.visual.text.TextStim'>, alignHoriz=method-wrapper(...), alignText='center', alignVert=method-wrapper(...), anchorHoriz='center', anchorVert='center', antialias=True, autoLog=True, bold=False, color='white', colorSpace='named', contrast=1.0, depth=-3.0, flipHoriz=False, flipVert=False, font='Arial', fontFiles=[], height=0.1, italic=False, languageStyle='LTR', name='text', opacity=1.0, ori=0, pos=array([0., 0.]), rgb=array([255., 255., 255.]), text='default text', units='height', win=Window(...), wrapWidth=1)
5.7000 	EXP 	textbox: autoLog = True
5.7000 	EXP 	textbox_2: autoLog = True
5.7000 	EXP 	textbox_3: autoLog = True
5.7000 	EXP 	textbox_4: autoLog = True
5.7000 	EXP 	textbox: autoDraw = True
25.7383 	EXP 	Imported conditionAB.xlsx as conditions, 1 conditions, 8 params
25.7386 	EXP 	Created sequence: random, trialTypes=1, nReps=1, seed=None
25.7389 	EXP 	New trial (rep=0, index=0): OrderedDict([('trialType', 'AB'), ('cndTyp', 'lag6'), ('lag', 6), ('T1_loc', 5), ('T2_loc', 11), ('stimLen', 0.2), ('isi', 0.05), ('skipProb', 0.5)])
25.7509 	DATA 	Keypress: space
25.7601 	EXP 	textbox: autoDraw = False
25.7601 	EXP 	option1: image = '.\\resources\\lawnmower.jpg'
25.7601 	EXP 	option1: autoDraw = True
28.2433 	EXP 	text_2: autoDraw = True
28.5100 	EXP 	option1: autoDraw = False
28.7599 	EXP 	option1: autoDraw = False
28.7599 	EXP 	text_2: autoDraw = False
28.7599 	EXP 	displayPicture: autoDraw = True
28.7599 	EXP 	displayPicture: image = '.\\resources\\magneticcompass.jpg'
28.7599 	EXP 	polygon_2: autoDraw = True
28.7599 	EXP 	polygon_2: opacity = 0.0
28.7599 	EXP 	polygon_2: fillColor = '[1. 1. 1.] (rgb)'
28.7767 	EXP 	displayPicture: image = '.\\resources\\magneticcompass.jpg'
28.7767 	EXP 	polygon_2: opacity = 0.0
28.7767 	EXP 	polygon_2: fillColor = '[1. 1. 1.] (rgb)'
28.7933 	EXP 	displayPicture: image = '.\\resources\\magneticcompass.jpg'
28.7933 	EXP 	polygon_2: opacity = 0.0
28.7933 	EXP 	polygon_2: fillColor = '[1. 1. 1.] (rgb)'
28.8099 	EXP 	displayPicture: image = '.\\resources\\magneticcompass.jpg'
28.8099 	EXP 	polygon_2: opacity = 0.0
28.8099 	EXP 	polygon_2: fillColor = '[1. 1. 1.] (rgb)'
28.8266 	EXP 	displayPicture: image = '.\\resources\\magneticcompass.jpg'
28.8266 	EXP 	polygon_2: opacity = 0.0
28.8266 	EXP 	polygon_2: fillColor = '[1. 1. 1.] (rgb)'
28.8433 	EXP 	displayPicture: image = '.\\resources\\magneticcompass.jpg'
28.8433 	EXP 	polygon_2: opacity = 0.0
28.8433 	EXP 	polygon_2: fillColor = '[1. 1. 1.] (rgb)'
28.8599 	EXP 	displayPicture: image = '.\\resources\\magneticcompass.jpg'
28.8599 	EXP 	polygon_2: opacity = 0.0
28.8599 	EXP 	polygon_2: fillColor = '[1. 1. 1.] (rgb)'
28.8766 	EXP 	displayPicture: image = '.\\resources\\magneticcompass.jpg'
28.8766 	EXP 	polygon_2: opacity = 0.0
28.8766 	EXP 	polygon_2: fillColor = '[1. 1. 1.] (rgb)'
28.8933 	EXP 	displayPicture: image = '.\\resources\\magneticcompass.jpg'
28.8933 	EXP 	polygon_2: opacity = 0.0
28.8933 	EXP 	polygon_2: fillColor = '[1. 1. 1.] (rgb)'
28.9099 	EXP 	displayPicture: image = '.\\resources\\magneticcompass.jpg'
28.9099 	EXP 	polygon_2: opacity = 0.0
28.9099 	EXP 	polygon_2: fillColor = '[1. 1. 1.] (rgb)'
28.9266 	EXP 	displayPicture: image = '.\\resources\\magneticcompass.jpg'
28.9266 	EXP 	polygon_2: opacity = 0.0
28.9266 	EXP 	polygon_2: fillColor = '[1. 1. 1.] (rgb)'
28.9433 	EXP 	displayPicture: image = '.\\resources\\magneticcompass.jpg'
28.9433 	EXP 	polygon_2: opacity = 1.0
28.9433 	EXP 	polygon_2: fillColor = '[1. 1. 1.] (rgb)'
28.9599 	EXP 	displayPicture: image = '.\\resources\\magneticcompass.jpg'
28.9599 	EXP 	polygon_2: opacity = 1.0
28.9599 	EXP 	polygon_2: fillColor = '[1. 1. 1.] (rgb)'
28.9766 	EXP 	displayPicture: image = '.\\resources\\magneticcompass.jpg'
28.9766 	EXP 	polygon_2: opacity = 1.0
28.9766 	EXP 	polygon_2: fillColor = '[1. 1. 1.] (rgb)'
28.9932 	EXP 	displayPicture: image = '.\\resources\\tire.jpg'
28.9932 	EXP 	polygon_2: opacity = 0.0
28.9932 	EXP 	polygon_2: fillColor = '[1. 1. 1.] (rgb)'
29.0099 	EXP 	displayPicture: image = '.\\resources\\tire.jpg'
29.0099 	EXP 	polygon_2: opacity = 0.0
29.0099 	EXP 	polygon_2: fillColor = '[1. 1. 1.] (rgb)'
29.0266 	EXP 	displayPicture: image = '.\\resources\\tire.jpg'
29.0266 	EXP 	polygon_2: opacity = 0.0
29.0266 	EXP 	polygon_2: fillColor = '[1. 1. 1.] (rgb)'
29.0433 	EXP 	displayPicture: image = '.\\resources\\tire.jpg'
29.0433 	EXP 	polygon_2: opacity = 0.0
29.0433 	EXP 	polygon_2: fillColor = '[1. 1. 1.] (rgb)'
29.0599 	EXP 	displayPicture: image = '.\\resources\\tire.jpg'
29.0599 	EXP 	polygon_2: opacity = 0.0
29.0599 	EXP 	polygon_2: fillColor = '[1. 1. 1.] (rgb)'
29.0766 	EXP 	displayPicture: image = '.\\resources\\tire.jpg'
29.0766 	EXP 	polygon_2: opacity = 0.0
29.0766 	EXP 	polygon_2: fillColor = '[1. 1. 1.] (rgb)'
29.0933 	EXP 	displayPicture: image = '.\\resources\\tire.jpg'
29.0933 	EXP 	polygon_2: opacity = 0.0
29.0933 	EXP 	polygon_2: fillColor = '[1. 1. 1.] (rgb)'
29.1099 	EXP 	displayPicture: image = '.\\resources\\tire.jpg'
29.1099 	EXP 	polygon_2: opacity = 0.0
29.1099 	EXP 	polygon_2: fillColor = '[1. 1. 1.] (rgb)'
29.1266 	EXP 	displayPicture: image = '.\\resources\\tire.jpg'
29.1266 	EXP 	polygon_2: opacity = 0.0
29.1266 	EXP 	polygon_2: fillColor = '[1. 1. 1.] (rgb)'
29.1433 	EXP 	displayPicture: image = '.\\resources\\tire.jpg'
29.1433 	EXP 	polygon_2: opacity = 0.0
29.1433 	EXP 	polygon_2: fillColor = '[1. 1. 1.] (rgb)'
29.1599 	EXP 	displayPicture: image = '.\\resources\\tire.jpg'
29.1599 	EXP 	polygon_2: opacity = 0.0
29.1599 	EXP 	polygon_2: fillColor = '[1. 1. 1.] (rgb)'
29.1766 	EXP 	displayPicture: image = '.\\resources\\tire.jpg'
29.1766 	EXP 	polygon_2: opacity = 0.0
29.1766 	EXP 	polygon_2: fillColor = '[1. 1. 1.] (rgb)'
29.1933 	EXP 	displayPicture: image = '.\\resources\\tire.jpg'
29.1933 	EXP 	polygon_2: opacity = 1.0
29.1933 	EXP 	polygon_2: fillColor = '[1. 1. 1.] (rgb)'
29.2099 	EXP 	displayPicture: image = '.\\resources\\tire.jpg'
29.2099 	EXP 	polygon_2: opacity = 1.0
29.2099 	EXP 	polygon_2: fillColor = '[1. 1. 1.] (rgb)'
29.2266 	EXP 	displayPicture: image = '.\\resources\\tire.jpg'
29.2266 	EXP 	polygon_2: opacity = 1.0
29.2266 	EXP 	polygon_2: fillColor = '[1. 1. 1.] (rgb)'
29.2599 	EXP 	displayPicture: image = '.\\resources\\butterfly.jpg'
29.2599 	EXP 	polygon_2: opacity = 0.0
29.2599 	EXP 	polygon_2: fillColor = '[1. 1. 1.] (rgb)'
29.2766 	EXP 	displayPicture: image = '.\\resources\\butterfly.jpg'
29.2766 	EXP 	polygon_2: opacity = 0.0
29.2766 	EXP 	polygon_2: fillColor = '[1. 1. 1.] (rgb)'
29.2932 	EXP 	displayPicture: image = '.\\resources\\butterfly.jpg'
29.2932 	EXP 	polygon_2: opacity = 0.0
29.2932 	EXP 	polygon_2: fillColor = '[1. 1. 1.] (rgb)'
29.3099 	EXP 	displayPicture: image = '.\\resources\\butterfly.jpg'
29.3099 	EXP 	polygon_2: opacity = 0.0
29.3099 	EXP 	polygon_2: fillColor = '[1. 1. 1.] (rgb)'
29.3266 	EXP 	displayPicture: image = '.\\resources\\butterfly.jpg'
29.3266 	EXP 	polygon_2: opacity = 0.0
29.3266 	EXP 	polygon_2: fillColor = '[1. 1. 1.] (rgb)'
29.3433 	EXP 	displayPicture: image = '.\\resources\\butterfly.jpg'
29.3433 	EXP 	polygon_2: opacity = 0.0
29.3433 	EXP 	polygon_2: fillColor = '[1. 1. 1.] (rgb)'
29.3599 	EXP 	displayPicture: image = '.\\resources\\butterfly.jpg'
29.3599 	EXP 	polygon_2: opacity = 0.0
29.3599 	EXP 	polygon_2: fillColor = '[1. 1. 1.] (rgb)'
29.3765 	EXP 	displayPicture: image = '.\\resources\\butterfly.jpg'
29.3765 	EXP 	polygon_2: opacity = 0.0
29.3765 	EXP 	polygon_2: fillColor = '[1. 1. 1.] (rgb)'
29.3933 	EXP 	displayPicture: image = '.\\resources\\butterfly.jpg'
29.3933 	EXP 	polygon_2: opacity = 0.0
29.3933 	EXP 	polygon_2: fillColor = '[1. 1. 1.] (rgb)'
29.4266 	EXP 	displayPicture: image = '.\\resources\\butterfly.jpg'
29.4266 	EXP 	polygon_2: opacity = 0.0
29.4266 	EXP 	polygon_2: fillColor = '[1. 1. 1.] (rgb)'
29.4432 	EXP 	displayPicture: image = '.\\resources\\butterfly.jpg'
29.4432 	EXP 	polygon_2: opacity = 1.0
29.4432 	EXP 	polygon_2: fillColor = '[1. 1. 1.] (rgb)'
29.4599 	EXP 	displayPicture: image = '.\\resources\\butterfly.jpg'
29.4599 	EXP 	polygon_2: opacity = 1.0
29.4599 	EXP 	polygon_2: fillColor = '[1. 1. 1.] (rgb)'
29.4766 	EXP 	displayPicture: image = '.\\resources\\butterfly.jpg'
29.4766 	EXP 	polygon_2: opacity = 1.0
29.4766 	EXP 	polygon_2: fillColor = '[1. 1. 1.] (rgb)'
29.4932 	EXP 	displayPicture: image = '.\\resources\\jackrabbit.jpg'
29.4932 	EXP 	polygon_2: opacity = 0.0
29.4932 	EXP 	polygon_2: fillColor = '[1. 1. 1.] (rgb)'
29.5099 	EXP 	displayPicture: image = '.\\resources\\jackrabbit.jpg'
29.5099 	EXP 	polygon_2: opacity = 0.0
29.5099 	EXP 	polygon_2: fillColor = '[1. 1. 1.] (rgb)'
29.5265 	EXP 	displayPicture: image = '.\\resources\\jackrabbit.jpg'
29.5265 	EXP 	polygon_2: opacity = 0.0
29.5265 	EXP 	polygon_2: fillColor = '[1. 1. 1.] (rgb)'
29.5432 	EXP 	displayPicture: image = '.\\resources\\jackrabbit.jpg'
29.5432 	EXP 	polygon_2: opacity = 0.0
29.5432 	EXP 	polygon_2: fillColor = '[1. 1. 1.] (rgb)'
29.5599 	EXP 	displayPicture: image = '.\\resources\\jackrabbit.jpg'
29.5599 	EXP 	polygon_2: opacity = 0.0
29.5599 	EXP 	polygon_2: fillColor = '[1. 1. 1.] (rgb)'
29.5765 	EXP 	displayPicture: image = '.\\resources\\jackrabbit.jpg'
29.5765 	EXP 	polygon_2: opacity = 0.0
29.5765 	EXP 	polygon_2: fillColor = '[1. 1. 1.] (rgb)'
29.5932 	EXP 	displayPicture: image = '.\\resources\\jackrabbit.jpg'
29.5932 	EXP 	polygon_2: opacity = 0.0
29.5932 	EXP 	polygon_2: fillColor = '[1. 1. 1.] (rgb)'
29.6099 	EXP 	displayPicture: image = '.\\resources\\jackrabbit.jpg'
29.6099 	EXP 	polygon_2: opacity = 0.0
29.6099 	EXP 	polygon_2: fillColor = '[1. 1. 1.] (rgb)'
29.6265 	EXP 	displayPicture: image = '.\\resources\\jackrabbit.jpg'
29.6265 	EXP 	polygon_2: opacity = 0.0
29.6265 	EXP 	polygon_2: fillColor = '[1. 1. 1.] (rgb)'
29.6432 	EXP 	displayPicture: image = '.\\resources\\jackrabbit.jpg'
29.6432 	EXP 	polygon_2: opacity = 0.0
29.6432 	EXP 	polygon_2: fillColor = '[1. 1. 1.] (rgb)'
29.6599 	EXP 	displayPicture: image = '.\\resources\\jackrabbit.jpg'
29.6599 	EXP 	polygon_2: opacity = 0.0
29.6599 	EXP 	polygon_2: fillColor = '[1. 1. 1.] (rgb)'
29.6765 	EXP 	displayPicture: image = '.\\resources\\jackrabbit.jpg'
29.6765 	EXP 	polygon_2: opacity = 0.0
29.6765 	EXP 	polygon_2: fillColor = '[1. 1. 1.] (rgb)'
29.6932 	EXP 	displayPicture: image = '.\\resources\\jackrabbit.jpg'
29.6932 	EXP 	polygon_2: opacity = 1.0
29.6932 	EXP 	polygon_2: fillColor = '[1. 1. 1.] (rgb)'
29.7099 	EXP 	displayPicture: image = '.\\resources\\jackrabbit.jpg'
29.7099 	EXP 	polygon_2: opacity = 1.0
29.7099 	EXP 	polygon_2: fillColor = '[1. 1. 1.] (rgb)'
29.7265 	EXP 	displayPicture: image = '.\\resources\\jackrabbit.jpg'
29.7265 	EXP 	polygon_2: opacity = 1.0
29.7265 	EXP 	polygon_2: fillColor = '[1. 1. 1.] (rgb)'
29.7432 	EXP 	displayPicture: image = '.\\resources\\lawnmower.jpg'
29.7432 	EXP 	polygon_2: opacity = 0.0
29.7432 	EXP 	polygon_2: fillColor = '[1. 1. 1.] (rgb)'
29.7599 	EXP 	displayPicture: image = '.\\resources\\lawnmower.jpg'
29.7599 	EXP 	polygon_2: opacity = 0.0
29.7599 	EXP 	polygon_2: fillColor = '[1. 1. 1.] (rgb)'
29.7765 	EXP 	displayPicture: image = '.\\resources\\lawnmower.jpg'
29.7765 	EXP 	polygon_2: opacity = 0.0
29.7765 	EXP 	polygon_2: fillColor = '[1. 1. 1.] (rgb)'
29.7932 	EXP 	displayPicture: image = '.\\resources\\lawnmower.jpg'
29.7932 	EXP 	polygon_2: opacity = 0.0
29.7932 	EXP 	polygon_2: fillColor = '[1. 1. 1.] (rgb)'
29.8099 	EXP 	displayPicture: image = '.\\resources\\lawnmower.jpg'
29.8099 	EXP 	polygon_2: opacity = 0.0
29.8099 	EXP 	polygon_2: fillColor = '[1. 1. 1.] (rgb)'
29.8265 	EXP 	displayPicture: image = '.\\resources\\lawnmower.jpg'
29.8265 	EXP 	polygon_2: opacity = 0.0
29.8265 	EXP 	polygon_2: fillColor = '[1. 1. 1.] (rgb)'
29.8432 	EXP 	displayPicture: image = '.\\resources\\lawnmower.jpg'
29.8432 	EXP 	polygon_2: opacity = 0.0
29.8432 	EXP 	polygon_2: fillColor = '[1. 1. 1.] (rgb)'
29.8598 	EXP 	displayPicture: image = '.\\resources\\lawnmower.jpg'
29.8598 	EXP 	polygon_2: opacity = 0.0
29.8598 	EXP 	polygon_2: fillColor = '[1. 1. 1.] (rgb)'
29.8765 	EXP 	displayPicture: image = '.\\resources\\lawnmower.jpg'
29.8765 	EXP 	polygon_2: opacity = 0.0
29.8765 	EXP 	polygon_2: fillColor = '[1. 1. 1.] (rgb)'
29.8932 	EXP 	displayPicture: image = '.\\resources\\lawnmower.jpg'
29.8932 	EXP 	polygon_2: opacity = 0.0
29.8932 	EXP 	polygon_2: fillColor = '[1. 1. 1.] (rgb)'
29.9099 	EXP 	displayPicture: image = '.\\resources\\lawnmower.jpg'
29.9099 	EXP 	polygon_2: opacity = 0.0
29.9099 	EXP 	polygon_2: fillColor = '[1. 1. 1.] (rgb)'
29.9265 	EXP 	displayPicture: image = '.\\resources\\lawnmower.jpg'
29.9265 	EXP 	polygon_2: opacity = 0.0
29.9265 	EXP 	polygon_2: fillColor = '[1. 1. 1.] (rgb)'
29.9432 	EXP 	displayPicture: image = '.\\resources\\lawnmower.jpg'
29.9432 	EXP 	polygon_2: opacity = 1.0
29.9432 	EXP 	polygon_2: fillColor = '[1. 1. 1.] (rgb)'
29.9598 	EXP 	displayPicture: image = '.\\resources\\lawnmower.jpg'
29.9598 	EXP 	polygon_2: opacity = 1.0
29.9598 	EXP 	polygon_2: fillColor = '[1. 1. 1.] (rgb)'
29.9765 	EXP 	displayPicture: image = '.\\resources\\lawnmower.jpg'
29.9765 	EXP 	polygon_2: opacity = 1.0
29.9765 	EXP 	polygon_2: fillColor = '[1. 1. 1.] (rgb)'
29.9932 	EXP 	displayPicture: image = '.\\resources\\cow.jpg'
29.9932 	EXP 	polygon_2: opacity = 0.0
29.9932 	EXP 	polygon_2: fillColor = '[1. 1. 1.] (rgb)'
30.0098 	EXP 	displayPicture: image = '.\\resources\\cow.jpg'
30.0098 	EXP 	polygon_2: opacity = 0.0
30.0098 	EXP 	polygon_2: fillColor = '[1. 1. 1.] (rgb)'
30.0265 	EXP 	displayPicture: image = '.\\resources\\cow.jpg'
30.0265 	EXP 	polygon_2: opacity = 0.0
30.0265 	EXP 	polygon_2: fillColor = '[1. 1. 1.] (rgb)'
30.0432 	EXP 	displayPicture: image = '.\\resources\\cow.jpg'
30.0432 	EXP 	polygon_2: opacity = 0.0
30.0432 	EXP 	polygon_2: fillColor = '[1. 1. 1.] (rgb)'
30.0598 	EXP 	displayPicture: image = '.\\resources\\cow.jpg'
30.0598 	EXP 	polygon_2: opacity = 0.0
30.0598 	EXP 	polygon_2: fillColor = '[1. 1. 1.] (rgb)'
30.0765 	EXP 	displayPicture: image = '.\\resources\\cow.jpg'
30.0765 	EXP 	polygon_2: opacity = 0.0
30.0765 	EXP 	polygon_2: fillColor = '[1. 1. 1.] (rgb)'
30.0932 	EXP 	displayPicture: image = '.\\resources\\cow.jpg'
30.0932 	EXP 	polygon_2: opacity = 0.0
30.0932 	EXP 	polygon_2: fillColor = '[1. 1. 1.] (rgb)'
30.1098 	EXP 	displayPicture: image = '.\\resources\\cow.jpg'
30.1098 	EXP 	polygon_2: opacity = 0.0
30.1098 	EXP 	polygon_2: fillColor = '[1. 1. 1.] (rgb)'
30.1265 	EXP 	displayPicture: image = '.\\resources\\cow.jpg'
30.1265 	EXP 	polygon_2: opacity = 0.0
30.1265 	EXP 	polygon_2: fillColor = '[1. 1. 1.] (rgb)'
30.1432 	EXP 	displayPicture: image = '.\\resources\\cow.jpg'
30.1432 	EXP 	polygon_2: opacity = 0.0
30.1432 	EXP 	polygon_2: fillColor = '[1. 1. 1.] (rgb)'
30.1598 	EXP 	displayPicture: image = '.\\resources\\cow.jpg'
30.1598 	EXP 	polygon_2: opacity = 0.0
30.1598 	EXP 	polygon_2: fillColor = '[1. 1. 1.] (rgb)'
30.1765 	EXP 	displayPicture: image = '.\\resources\\cow.jpg'
30.1765 	EXP 	polygon_2: opacity = 0.0
30.1765 	EXP 	polygon_2: fillColor = '[1. 1. 1.] (rgb)'
30.1932 	EXP 	displayPicture: image = '.\\resources\\cow.jpg'
30.1932 	EXP 	polygon_2: opacity = 1.0
30.1932 	EXP 	polygon_2: fillColor = '[1. 1. 1.] (rgb)'
30.2098 	EXP 	displayPicture: image = '.\\resources\\cow.jpg'
30.2098 	EXP 	polygon_2: opacity = 1.0
30.2098 	EXP 	polygon_2: fillColor = '[1. 1. 1.] (rgb)'
30.2265 	EXP 	displayPicture: image = '.\\resources\\cow.jpg'
30.2265 	EXP 	polygon_2: opacity = 1.0
30.2265 	EXP 	polygon_2: fillColor = '[1. 1. 1.] (rgb)'
30.2598 	EXP 	displayPicture: image = '.\\resources\\dreamcatcher.jpg'
30.2598 	EXP 	polygon_2: opacity = 0.0
30.2598 	EXP 	polygon_2: fillColor = '[1. 1. 1.] (rgb)'
30.2765 	EXP 	displayPicture: image = '.\\resources\\dreamcatcher.jpg'
30.2765 	EXP 	polygon_2: opacity = 0.0
30.2765 	EXP 	polygon_2: fillColor = '[1. 1. 1.] (rgb)'
30.2932 	EXP 	displayPicture: image = '.\\resources\\dreamcatcher.jpg'
30.2932 	EXP 	polygon_2: opacity = 0.0
30.2932 	EXP 	polygon_2: fillColor = '[1. 1. 1.] (rgb)'
30.3099 	EXP 	displayPicture: image = '.\\resources\\dreamcatcher.jpg'
30.3099 	EXP 	polygon_2: opacity = 0.0
30.3099 	EXP 	polygon_2: fillColor = '[1. 1. 1.] (rgb)'
30.3265 	EXP 	displayPicture: image = '.\\resources\\dreamcatcher.jpg'
30.3265 	EXP 	polygon_2: opacity = 0.0
30.3265 	EXP 	polygon_2: fillColor = '[1. 1. 1.] (rgb)'
30.3432 	EXP 	displayPicture: image = '.\\resources\\dreamcatcher.jpg'
30.3432 	EXP 	polygon_2: opacity = 0.0
30.3432 	EXP 	polygon_2: fillColor = '[1. 1. 1.] (rgb)'
30.3598 	EXP 	displayPicture: image = '.\\resources\\dreamcatcher.jpg'
30.3598 	EXP 	polygon_2: opacity = 0.0
30.3598 	EXP 	polygon_2: fillColor = '[1. 1. 1.] (rgb)'
30.3765 	EXP 	displayPicture: image = '.\\resources\\dreamcatcher.jpg'
30.3765 	EXP 	polygon_2: opacity = 0.0
30.3765 	EXP 	polygon_2: fillColor = '[1. 1. 1.] (rgb)'
30.3932 	EXP 	displayPicture: image = '.\\resources\\dreamcatcher.jpg'
30.3932 	EXP 	polygon_2: opacity = 0.0
30.3932 	EXP 	polygon_2: fillColor = '[1. 1. 1.] (rgb)'
30.4098 	EXP 	displayPicture: image = '.\\resources\\dreamcatcher.jpg'
30.4098 	EXP 	polygon_2: opacity = 0.0
30.4098 	EXP 	polygon_2: fillColor = '[1. 1. 1.] (rgb)'
30.4265 	EXP 	displayPicture: image = '.\\resources\\dreamcatcher.jpg'
30.4265 	EXP 	polygon_2: opacity = 0.0
30.4265 	EXP 	polygon_2: fillColor = '[1. 1. 1.] (rgb)'
30.4431 	EXP 	displayPicture: image = '.\\resources\\dreamcatcher.jpg'
30.4431 	EXP 	polygon_2: opacity = 1.0
30.4431 	EXP 	polygon_2: fillColor = '[1. 1. 1.] (rgb)'
30.4599 	EXP 	displayPicture: image = '.\\resources\\dreamcatcher.jpg'
30.4599 	EXP 	polygon_2: opacity = 1.0
30.4599 	EXP 	polygon_2: fillColor = '[1. 1. 1.] (rgb)'
30.4765 	EXP 	displayPicture: image = '.\\resources\\dreamcatcher.jpg'
30.4765 	EXP 	polygon_2: opacity = 1.0
30.4765 	EXP 	polygon_2: fillColor = '[1. 1. 1.] (rgb)'
30.4932 	EXP 	displayPicture: image = '.\\resources\\elbow.jpg'
30.4932 	EXP 	polygon_2: opacity = 0.0
30.4932 	EXP 	polygon_2: fillColor = '[1. 1. 1.] (rgb)'
30.5098 	EXP 	displayPicture: image = '.\\resources\\elbow.jpg'
30.5098 	EXP 	polygon_2: opacity = 0.0
30.5098 	EXP 	polygon_2: fillColor = '[1. 1. 1.] (rgb)'
30.5265 	EXP 	displayPicture: image = '.\\resources\\elbow.jpg'
30.5265 	EXP 	polygon_2: opacity = 0.0
30.5265 	EXP 	polygon_2: fillColor = '[1. 1. 1.] (rgb)'
30.5432 	EXP 	displayPicture: image = '.\\resources\\elbow.jpg'
30.5432 	EXP 	polygon_2: opacity = 0.0
30.5432 	EXP 	polygon_2: fillColor = '[1. 1. 1.] (rgb)'
30.5598 	EXP 	displayPicture: image = '.\\resources\\elbow.jpg'
30.5598 	EXP 	polygon_2: opacity = 0.0
30.5598 	EXP 	polygon_2: fillColor = '[1. 1. 1.] (rgb)'
30.5765 	EXP 	displayPicture: image = '.\\resources\\elbow.jpg'
30.5765 	EXP 	polygon_2: opacity = 0.0
30.5765 	EXP 	polygon_2: fillColor = '[1. 1. 1.] (rgb)'
30.5932 	EXP 	displayPicture: image = '.\\resources\\elbow.jpg'
30.5932 	EXP 	polygon_2: opacity = 0.0
30.5932 	EXP 	polygon_2: fillColor = '[1. 1. 1.] (rgb)'
30.6098 	EXP 	displayPicture: image = '.\\resources\\elbow.jpg'
30.6098 	EXP 	polygon_2: opacity = 0.0
30.6098 	EXP 	polygon_2: fillColor = '[1. 1. 1.] (rgb)'
30.6265 	EXP 	displayPicture: image = '.\\resources\\elbow.jpg'
30.6265 	EXP 	polygon_2: opacity = 0.0
30.6265 	EXP 	polygon_2: fillColor = '[1. 1. 1.] (rgb)'
30.6432 	EXP 	displayPicture: image = '.\\resources\\elbow.jpg'
30.6432 	EXP 	polygon_2: opacity = 0.0
30.6432 	EXP 	polygon_2: fillColor = '[1. 1. 1.] (rgb)'
30.6598 	EXP 	displayPicture: image = '.\\resources\\elbow.jpg'
30.6598 	EXP 	polygon_2: opacity = 0.0
30.6598 	EXP 	polygon_2: fillColor = '[1. 1. 1.] (rgb)'
30.6765 	EXP 	displayPicture: image = '.\\resources\\elbow.jpg'
30.6765 	EXP 	polygon_2: opacity = 0.0
30.6765 	EXP 	polygon_2: fillColor = '[1. 1. 1.] (rgb)'
30.6931 	EXP 	displayPicture: image = '.\\resources\\elbow.jpg'
30.6931 	EXP 	polygon_2: opacity = 1.0
30.6931 	EXP 	polygon_2: fillColor = '[1. 1. 1.] (rgb)'
30.7098 	EXP 	displayPicture: image = '.\\resources\\elbow.jpg'
30.7098 	EXP 	polygon_2: opacity = 1.0
30.7098 	EXP 	polygon_2: fillColor = '[1. 1. 1.] (rgb)'
30.7265 	EXP 	displayPicture: image = '.\\resources\\elbow.jpg'
30.7265 	EXP 	polygon_2: opacity = 1.0
30.7265 	EXP 	polygon_2: fillColor = '[1. 1. 1.] (rgb)'
30.7598 	EXP 	displayPicture: image = '.\\resources\\fishingrod.jpg'
30.7598 	EXP 	polygon_2: opacity = 0.0
30.7598 	EXP 	polygon_2: fillColor = '[1. 1. 1.] (rgb)'
30.7765 	EXP 	displayPicture: image = '.\\resources\\fishingrod.jpg'
30.7765 	EXP 	polygon_2: opacity = 0.0
30.7765 	EXP 	polygon_2: fillColor = '[1. 1. 1.] (rgb)'
30.7931 	EXP 	displayPicture: image = '.\\resources\\fishingrod.jpg'
30.7931 	EXP 	polygon_2: opacity = 0.0
30.7931 	EXP 	polygon_2: fillColor = '[1. 1. 1.] (rgb)'
30.8098 	EXP 	displayPicture: image = '.\\resources\\fishingrod.jpg'
30.8098 	EXP 	polygon_2: opacity = 0.0
30.8098 	EXP 	polygon_2: fillColor = '[1. 1. 1.] (rgb)'
30.8265 	EXP 	displayPicture: image = '.\\resources\\fishingrod.jpg'
30.8265 	EXP 	polygon_2: opacity = 0.0
30.8265 	EXP 	polygon_2: fillColor = '[1. 1. 1.] (rgb)'
30.8431 	EXP 	displayPicture: image = '.\\resources\\fishingrod.jpg'
30.8431 	EXP 	polygon_2: opacity = 0.0
30.8431 	EXP 	polygon_2: fillColor = '[1. 1. 1.] (rgb)'
30.8598 	EXP 	displayPicture: image = '.\\resources\\fishingrod.jpg'
30.8598 	EXP 	polygon_2: opacity = 0.0
30.8598 	EXP 	polygon_2: fillColor = '[1. 1. 1.] (rgb)'
30.8765 	EXP 	displayPicture: image = '.\\resources\\fishingrod.jpg'
30.8765 	EXP 	polygon_2: opacity = 0.0
30.8765 	EXP 	polygon_2: fillColor = '[1. 1. 1.] (rgb)'
30.8931 	EXP 	displayPicture: image = '.\\resources\\fishingrod.jpg'
30.8931 	EXP 	polygon_2: opacity = 0.0
30.8931 	EXP 	polygon_2: fillColor = '[1. 1. 1.] (rgb)'
30.9098 	EXP 	displayPicture: image = '.\\resources\\fishingrod.jpg'
30.9098 	EXP 	polygon_2: opacity = 0.0
30.9098 	EXP 	polygon_2: fillColor = '[1. 1. 1.] (rgb)'
30.9264 	EXP 	displayPicture: image = '.\\resources\\fishingrod.jpg'
30.9264 	EXP 	polygon_2: opacity = 0.0
30.9264 	EXP 	polygon_2: fillColor = '[1. 1. 1.] (rgb)'
30.9432 	EXP 	displayPicture: image = '.\\resources\\fishingrod.jpg'
30.9432 	EXP 	polygon_2: opacity = 1.0
30.9432 	EXP 	polygon_2: fillColor = '[1. 1. 1.] (rgb)'
30.9598 	EXP 	displayPicture: image = '.\\resources\\fishingrod.jpg'
30.9598 	EXP 	polygon_2: opacity = 1.0
30.9598 	EXP 	polygon_2: fillColor = '[1. 1. 1.] (rgb)'
30.9765 	EXP 	displayPicture: image = '.\\resources\\fishingrod.jpg'
30.9765 	EXP 	polygon_2: opacity = 1.0
30.9765 	EXP 	polygon_2: fillColor = '[1. 1. 1.] (rgb)'
30.9931 	EXP 	displayPicture: image = '.\\resources\\turnstile.jpg'
30.9931 	EXP 	polygon_2: opacity = 0.0
30.9931 	EXP 	polygon_2: fillColor = '[1. 1. 1.] (rgb)'
31.0098 	EXP 	displayPicture: image = '.\\resources\\turnstile.jpg'
31.0098 	EXP 	polygon_2: opacity = 0.0
31.0098 	EXP 	polygon_2: fillColor = '[1. 1. 1.] (rgb)'
31.0264 	EXP 	displayPicture: image = '.\\resources\\turnstile.jpg'
31.0264 	EXP 	polygon_2: opacity = 0.0
31.0264 	EXP 	polygon_2: fillColor = '[1. 1. 1.] (rgb)'
31.0431 	EXP 	displayPicture: image = '.\\resources\\turnstile.jpg'
31.0431 	EXP 	polygon_2: opacity = 0.0
31.0431 	EXP 	polygon_2: fillColor = '[1. 1. 1.] (rgb)'
31.0598 	EXP 	displayPicture: image = '.\\resources\\turnstile.jpg'
31.0598 	EXP 	polygon_2: opacity = 0.0
31.0598 	EXP 	polygon_2: fillColor = '[1. 1. 1.] (rgb)'
31.0764 	EXP 	displayPicture: image = '.\\resources\\turnstile.jpg'
31.0764 	EXP 	polygon_2: opacity = 0.0
31.0764 	EXP 	polygon_2: fillColor = '[1. 1. 1.] (rgb)'
31.0931 	EXP 	displayPicture: image = '.\\resources\\turnstile.jpg'
31.0931 	EXP 	polygon_2: opacity = 0.0
31.0931 	EXP 	polygon_2: fillColor = '[1. 1. 1.] (rgb)'
31.1098 	EXP 	displayPicture: image = '.\\resources\\turnstile.jpg'
31.1098 	EXP 	polygon_2: opacity = 0.0
31.1098 	EXP 	polygon_2: fillColor = '[1. 1. 1.] (rgb)'
31.1265 	EXP 	displayPicture: image = '.\\resources\\turnstile.jpg'
31.1265 	EXP 	polygon_2: opacity = 0.0
31.1265 	EXP 	polygon_2: fillColor = '[1. 1. 1.] (rgb)'
31.1431 	EXP 	displayPicture: image = '.\\resources\\turnstile.jpg'
31.1431 	EXP 	polygon_2: opacity = 0.0
31.1431 	EXP 	polygon_2: fillColor = '[1. 1. 1.] (rgb)'
31.1598 	EXP 	displayPicture: image = '.\\resources\\turnstile.jpg'
31.1598 	EXP 	polygon_2: opacity = 0.0
31.1598 	EXP 	polygon_2: fillColor = '[1. 1. 1.] (rgb)'
31.1764 	EXP 	displayPicture: image = '.\\resources\\turnstile.jpg'
31.1764 	EXP 	polygon_2: opacity = 0.0
31.1764 	EXP 	polygon_2: fillColor = '[1. 1. 1.] (rgb)'
31.1931 	EXP 	displayPicture: image = '.\\resources\\turnstile.jpg'
31.1931 	EXP 	polygon_2: opacity = 1.0
31.1931 	EXP 	polygon_2: fillColor = '[1. 1. 1.] (rgb)'
31.2098 	EXP 	displayPicture: image = '.\\resources\\turnstile.jpg'
31.2098 	EXP 	polygon_2: opacity = 1.0
31.2098 	EXP 	polygon_2: fillColor = '[1. 1. 1.] (rgb)'
31.2264 	EXP 	displayPicture: image = '.\\resources\\turnstile.jpg'
31.2264 	EXP 	polygon_2: opacity = 1.0
31.2264 	EXP 	polygon_2: fillColor = '[1. 1. 1.] (rgb)'
31.2431 	EXP 	displayPicture: image = 'blender.jpg'
31.2431 	EXP 	polygon_2: opacity = 0.0
31.2431 	EXP 	polygon_2: fillColor = '[1. 1. 1.] (rgb)'
31.2598 	EXP 	displayPicture: image = 'blender.jpg'
31.2598 	EXP 	polygon_2: opacity = 0.0
31.2598 	EXP 	polygon_2: fillColor = '[1. 1. 1.] (rgb)'
31.2764 	EXP 	displayPicture: image = 'blender.jpg'
31.2764 	EXP 	polygon_2: opacity = 0.0
31.2764 	EXP 	polygon_2: fillColor = '[1. 1. 1.] (rgb)'
31.2931 	EXP 	displayPicture: image = 'blender.jpg'
31.2931 	EXP 	polygon_2: opacity = 0.0
31.2931 	EXP 	polygon_2: fillColor = '[1. 1. 1.] (rgb)'
31.3098 	EXP 	displayPicture: image = 'blender.jpg'
31.3098 	EXP 	polygon_2: opacity = 0.0
31.3098 	EXP 	polygon_2: fillColor = '[1. 1. 1.] (rgb)'
31.3264 	EXP 	displayPicture: image = 'blender.jpg'
31.3264 	EXP 	polygon_2: opacity = 0.0
31.3264 	EXP 	polygon_2: fillColor = '[1. 1. 1.] (rgb)'
31.3431 	EXP 	displayPicture: image = 'blender.jpg'
31.3431 	EXP 	polygon_2: opacity = 0.0
31.3431 	EXP 	polygon_2: fillColor = '[1. 1. 1.] (rgb)'
31.3598 	EXP 	displayPicture: image = 'blender.jpg'
31.3598 	EXP 	polygon_2: opacity = 0.0
31.3598 	EXP 	polygon_2: fillColor = '[1. 1. 1.] (rgb)'
31.3764 	EXP 	displayPicture: image = 'blender.jpg'
31.3764 	EXP 	polygon_2: opacity = 0.0
31.3764 	EXP 	polygon_2: fillColor = '[1. 1. 1.] (rgb)'
31.3931 	EXP 	displayPicture: image = 'blender.jpg'
31.3931 	EXP 	polygon_2: opacity = 0.0
31.3931 	EXP 	polygon_2: fillColor = '[1. 1. 1.] (rgb)'
31.4098 	EXP 	displayPicture: image = 'blender.jpg'
31.4098 	EXP 	polygon_2: opacity = 0.0
31.4098 	EXP 	polygon_2: fillColor = '[1. 1. 1.] (rgb)'
31.4265 	EXP 	displayPicture: image = 'blender.jpg'
31.4265 	EXP 	polygon_2: opacity = 0.0
31.4265 	EXP 	polygon_2: fillColor = '[1. 1. 1.] (rgb)'
31.4431 	EXP 	displayPicture: image = 'blender.jpg'
31.4431 	EXP 	polygon_2: opacity = 1.0
31.4431 	EXP 	polygon_2: fillColor = '[1. 1. 1.] (rgb)'
31.4598 	EXP 	displayPicture: image = 'blender.jpg'
31.4598 	EXP 	polygon_2: opacity = 1.0
31.4598 	EXP 	polygon_2: fillColor = '[1. 1. 1.] (rgb)'
31.4764 	EXP 	displayPicture: image = 'blender.jpg'
31.4764 	EXP 	polygon_2: opacity = 1.0
31.4764 	EXP 	polygon_2: fillColor = '[1. 1. 1.] (rgb)'
31.4931 	EXP 	displayPicture: image = '.\\resources\\coffeemaker.jpg'
31.4931 	EXP 	polygon_2: opacity = 0.0
31.4931 	EXP 	polygon_2: fillColor = '[1. 1. 1.] (rgb)'
31.5098 	EXP 	displayPicture: image = '.\\resources\\coffeemaker.jpg'
31.5098 	EXP 	polygon_2: opacity = 0.0
31.5098 	EXP 	polygon_2: fillColor = '[1. 1. 1.] (rgb)'
31.5264 	EXP 	displayPicture: image = '.\\resources\\coffeemaker.jpg'
31.5264 	EXP 	polygon_2: opacity = 0.0
31.5264 	EXP 	polygon_2: fillColor = '[1. 1. 1.] (rgb)'
31.5431 	EXP 	displayPicture: image = '.\\resources\\coffeemaker.jpg'
31.5431 	EXP 	polygon_2: opacity = 0.0
31.5431 	EXP 	polygon_2: fillColor = '[1. 1. 1.] (rgb)'
31.5598 	EXP 	displayPicture: image = '.\\resources\\coffeemaker.jpg'
31.5598 	EXP 	polygon_2: opacity = 0.0
31.5598 	EXP 	polygon_2: fillColor = '[1. 1. 1.] (rgb)'
31.5764 	EXP 	displayPicture: image = '.\\resources\\coffeemaker.jpg'
31.5764 	EXP 	polygon_2: opacity = 0.0
31.5764 	EXP 	polygon_2: fillColor = '[1. 1. 1.] (rgb)'
31.5931 	EXP 	displayPicture: image = '.\\resources\\coffeemaker.jpg'
31.5931 	EXP 	polygon_2: opacity = 0.0
31.5931 	EXP 	polygon_2: fillColor = '[1. 1. 1.] (rgb)'
31.6097 	EXP 	displayPicture: image = '.\\resources\\coffeemaker.jpg'
31.6097 	EXP 	polygon_2: opacity = 0.0
31.6097 	EXP 	polygon_2: fillColor = '[1. 1. 1.] (rgb)'
31.6264 	EXP 	displayPicture: image = '.\\resources\\coffeemaker.jpg'
31.6264 	EXP 	polygon_2: opacity = 0.0
31.6264 	EXP 	polygon_2: fillColor = '[1. 1. 1.] (rgb)'
31.6431 	EXP 	displayPicture: image = '.\\resources\\coffeemaker.jpg'
31.6431 	EXP 	polygon_2: opacity = 0.0
31.6431 	EXP 	polygon_2: fillColor = '[1. 1. 1.] (rgb)'
31.6597 	EXP 	displayPicture: image = '.\\resources\\coffeemaker.jpg'
31.6597 	EXP 	polygon_2: opacity = 0.0
31.6597 	EXP 	polygon_2: fillColor = '[1. 1. 1.] (rgb)'
31.6764 	EXP 	displayPicture: image = '.\\resources\\coffeemaker.jpg'
31.6764 	EXP 	polygon_2: opacity = 0.0
31.6764 	EXP 	polygon_2: fillColor = '[1. 1. 1.] (rgb)'
31.6931 	EXP 	displayPicture: image = '.\\resources\\coffeemaker.jpg'
31.6931 	EXP 	polygon_2: opacity = 1.0
31.6931 	EXP 	polygon_2: fillColor = '[1. 1. 1.] (rgb)'
31.7097 	EXP 	displayPicture: image = '.\\resources\\coffeemaker.jpg'
31.7097 	EXP 	polygon_2: opacity = 1.0
31.7097 	EXP 	polygon_2: fillColor = '[1. 1. 1.] (rgb)'
31.7264 	EXP 	displayPicture: image = '.\\resources\\coffeemaker.jpg'
31.7264 	EXP 	polygon_2: opacity = 1.0
31.7264 	EXP 	polygon_2: fillColor = '[1. 1. 1.] (rgb)'
31.7431 	EXP 	displayPicture: image = '.\\resources\\microwave.jpg'
31.7431 	EXP 	polygon_2: opacity = 0.0
31.7431 	EXP 	polygon_2: fillColor = '[1. 1. 1.] (rgb)'
31.7597 	EXP 	displayPicture: image = '.\\resources\\microwave.jpg'
31.7597 	EXP 	polygon_2: opacity = 0.0
31.7597 	EXP 	polygon_2: fillColor = '[1. 1. 1.] (rgb)'
31.7764 	EXP 	displayPicture: image = '.\\resources\\microwave.jpg'
31.7764 	EXP 	polygon_2: opacity = 0.0
31.7764 	EXP 	polygon_2: fillColor = '[1. 1. 1.] (rgb)'
31.7931 	EXP 	displayPicture: image = '.\\resources\\microwave.jpg'
31.7931 	EXP 	polygon_2: opacity = 0.0
31.7931 	EXP 	polygon_2: fillColor = '[1. 1. 1.] (rgb)'
31.8097 	EXP 	displayPicture: image = '.\\resources\\microwave.jpg'
31.8097 	EXP 	polygon_2: opacity = 0.0
31.8097 	EXP 	polygon_2: fillColor = '[1. 1. 1.] (rgb)'
31.8264 	EXP 	displayPicture: image = '.\\resources\\microwave.jpg'
31.8264 	EXP 	polygon_2: opacity = 0.0
31.8264 	EXP 	polygon_2: fillColor = '[1. 1. 1.] (rgb)'
31.8431 	EXP 	displayPicture: image = '.\\resources\\microwave.jpg'
31.8431 	EXP 	polygon_2: opacity = 0.0
31.8431 	EXP 	polygon_2: fillColor = '[1. 1. 1.] (rgb)'
31.8597 	EXP 	displayPicture: image = '.\\resources\\microwave.jpg'
31.8597 	EXP 	polygon_2: opacity = 0.0
31.8597 	EXP 	polygon_2: fillColor = '[1. 1. 1.] (rgb)'
31.8764 	EXP 	displayPicture: image = '.\\resources\\microwave.jpg'
31.8764 	EXP 	polygon_2: opacity = 0.0
31.8764 	EXP 	polygon_2: fillColor = '[1. 1. 1.] (rgb)'
31.8931 	EXP 	displayPicture: image = '.\\resources\\microwave.jpg'
31.8931 	EXP 	polygon_2: opacity = 0.0
31.8931 	EXP 	polygon_2: fillColor = '[1. 1. 1.] (rgb)'
31.9097 	EXP 	displayPicture: image = '.\\resources\\microwave.jpg'
31.9097 	EXP 	polygon_2: opacity = 0.0
31.9097 	EXP 	polygon_2: fillColor = '[1. 1. 1.] (rgb)'
31.9264 	EXP 	displayPicture: image = '.\\resources\\microwave.jpg'
31.9264 	EXP 	polygon_2: opacity = 0.0
31.9264 	EXP 	polygon_2: fillColor = '[1. 1. 1.] (rgb)'
31.9431 	EXP 	displayPicture: image = '.\\resources\\microwave.jpg'
31.9431 	EXP 	polygon_2: opacity = 1.0
31.9431 	EXP 	polygon_2: fillColor = '[1. 1. 1.] (rgb)'
31.9597 	EXP 	displayPicture: image = '.\\resources\\microwave.jpg'
31.9597 	EXP 	polygon_2: opacity = 1.0
31.9597 	EXP 	polygon_2: fillColor = '[1. 1. 1.] (rgb)'
31.9764 	EXP 	displayPicture: image = '.\\resources\\microwave.jpg'
31.9764 	EXP 	polygon_2: opacity = 1.0
31.9764 	EXP 	polygon_2: fillColor = '[1. 1. 1.] (rgb)'
31.9930 	EXP 	displayPicture: image = '.\\resources\\hotdogweiner.jpg'
31.9930 	EXP 	polygon_2: opacity = 0.0
31.9930 	EXP 	polygon_2: fillColor = '[1. 1. 1.] (rgb)'
32.0097 	EXP 	displayPicture: image = '.\\resources\\hotdogweiner.jpg'
32.0097 	EXP 	polygon_2: opacity = 0.0
32.0097 	EXP 	polygon_2: fillColor = '[1. 1. 1.] (rgb)'
32.0264 	EXP 	displayPicture: image = '.\\resources\\hotdogweiner.jpg'
32.0264 	EXP 	polygon_2: opacity = 0.0
32.0264 	EXP 	polygon_2: fillColor = '[1. 1. 1.] (rgb)'
32.0430 	EXP 	displayPicture: image = '.\\resources\\hotdogweiner.jpg'
32.0430 	EXP 	polygon_2: opacity = 0.0
32.0430 	EXP 	polygon_2: fillColor = '[1. 1. 1.] (rgb)'
32.0597 	EXP 	displayPicture: image = '.\\resources\\hotdogweiner.jpg'
32.0597 	EXP 	polygon_2: opacity = 0.0
32.0597 	EXP 	polygon_2: fillColor = '[1. 1. 1.] (rgb)'
32.0764 	EXP 	displayPicture: image = '.\\resources\\hotdogweiner.jpg'
32.0764 	EXP 	polygon_2: opacity = 0.0
32.0764 	EXP 	polygon_2: fillColor = '[1. 1. 1.] (rgb)'
32.0931 	EXP 	displayPicture: image = '.\\resources\\hotdogweiner.jpg'
32.0931 	EXP 	polygon_2: opacity = 0.0
32.0931 	EXP 	polygon_2: fillColor = '[1. 1. 1.] (rgb)'
32.1097 	EXP 	displayPicture: image = '.\\resources\\hotdogweiner.jpg'
32.1097 	EXP 	polygon_2: opacity = 0.0
32.1097 	EXP 	polygon_2: fillColor = '[1. 1. 1.] (rgb)'
32.1264 	EXP 	displayPicture: image = '.\\resources\\hotdogweiner.jpg'
32.1264 	EXP 	polygon_2: opacity = 0.0
32.1264 	EXP 	polygon_2: fillColor = '[1. 1. 1.] (rgb)'
32.1430 	EXP 	displayPicture: image = '.\\resources\\hotdogweiner.jpg'
32.1430 	EXP 	polygon_2: opacity = 0.0
32.1430 	EXP 	polygon_2: fillColor = '[1. 1. 1.] (rgb)'
32.1597 	EXP 	displayPicture: image = '.\\resources\\hotdogweiner.jpg'
32.1597 	EXP 	polygon_2: opacity = 0.0
32.1597 	EXP 	polygon_2: fillColor = '[1. 1. 1.] (rgb)'
32.1763 	EXP 	displayPicture: image = '.\\resources\\hotdogweiner.jpg'
32.1763 	EXP 	polygon_2: opacity = 0.0
32.1763 	EXP 	polygon_2: fillColor = '[1. 1. 1.] (rgb)'
32.1930 	EXP 	displayPicture: image = '.\\resources\\hotdogweiner.jpg'
32.1930 	EXP 	polygon_2: opacity = 1.0
32.1930 	EXP 	polygon_2: fillColor = '[1. 1. 1.] (rgb)'
32.2097 	EXP 	displayPicture: image = '.\\resources\\hotdogweiner.jpg'
32.2097 	EXP 	polygon_2: opacity = 1.0
32.2097 	EXP 	polygon_2: fillColor = '[1. 1. 1.] (rgb)'
32.2263 	EXP 	displayPicture: image = '.\\resources\\hotdogweiner.jpg'
32.2263 	EXP 	polygon_2: opacity = 1.0
32.2263 	EXP 	polygon_2: fillColor = '[1. 1. 1.] (rgb)'
32.2597 	EXP 	displayPicture: image = '.\\resources\\hotdogweiner.jpg'
32.2597 	EXP 	polygon_2: opacity = 0.0
32.2597 	EXP 	polygon_2: fillColor = '[1. 1. 1.] (rgb)'
32.2597 	EXP 	displayPicture: autoDraw = False
32.2597 	EXP 	polygon_2: autoDraw = False
32.2597 	EXP 	option1_t1: image = '.\\resources\\lawnmower.jpg'
32.2597 	EXP 	polygon_4: autoDraw = True
32.2597 	EXP 	option1_t1: autoDraw = True
32.8181 	DATA 	Keypress: right
32.8429 	EXP 	polygon_4: autoDraw = False
32.8429 	EXP 	option1_t1: autoDraw = False
32.8429 	EXP 	polygon_5: autoDraw = True
32.8429 	EXP 	textbox_2: autoDraw = True
41.4629 	DATA 	Keypress: left
41.4757 	EXP 	polygon_5: autoDraw = False
41.4757 	EXP 	textbox_2: autoDraw = False
41.4757 	EXP 	textbox_3: text = '\n                            1/2 ทำถูก'
41.4757 	EXP 	textbox_3: autoDraw = True
42.4757 	EXP 	textbox_3: autoDraw = False
42.4757 	EXP 	text: text = ''
42.4757 	EXP 	text: autoDraw = True
42.4757 	EXP 	text: autoDraw = False
42.4757 	EXP 	textbox_4: autoDraw = True
49.0909 	EXP 	Imported conditionAB_main.xlsx as conditions, 232 conditions, 9 params
49.0914 	EXP 	Created sequence: sequential, trialTypes=232, nReps=1, seed=None
49.0917 	EXP 	New trial (rep=0, index=0): OrderedDict([('trialType', 'AB'), ('cndTyp', 'lag6'), ('lag', 6), ('T1_loc', 5), ('T2_loc', 11), ('stimLen', 0.2), ('isi', 0.05), ('skipProb', 0.5), ('phase', 'ramp')])
49.1021 	DATA 	Keypress: space
49.1252 	EXP 	textbox_4: autoDraw = False
49.1252 	EXP 	option1_3: image = '.\\resources\\ipad02.jpg'
49.1252 	EXP 	option1_3: autoDraw = True
49.6276 	DATA 	Keypress: escape
49.8563 	EXP 	window1: mouseVisible = True
