0.8062 	WARNING 	We strongly recommend you activate the PTB sound engine in PsychoPy prefs as the preferred audio engine. Its timing is vastly superior. Your prefs are currently set to use ['sounddevice', 'PTB', 'pyo', 'pygame'] (in that order).
3.7654 	WARNING 	User requested fullscreen with size [1024  768], but screen is actually [1920, 1080]. Using actual size
4.6528 	EXP 	Created window1 = Window(allowGUI=False, allowStencil=False, args=UNKNOWN, autoLog=True, bitsMode=UNKNOWN, blendMode='avg', bpc=(8, 8, 8), color=array([0., 0., 0.]), colorSpace='rgb', depthBits=8, fullscr=<method-wrapper '__getattribute__' of attributeSetter object at 0x0000028CD3CD6240>, gamma=None, gammaErrorPolicy='raise', kwargs=UNKNOWN, lms=UNKNOWN, monitor=<psychopy.monitors.calibTools.Monitor object at 0x0000028CD3C63860>, multiSample=False, name='window1', numSamples=2, pos=[0.0, 0.0], screen=0, size=array([1920, 1080]), stencilBits=0, stereo=False, units='height', useFBO=True, useRetina=False, viewOri=0.0, viewPos=None, viewScale=None, waitBlanking=True, winType='pyglet')
4.6532 	EXP 	window1: mouseVisible = True
4.6532 	EXP 	window1: recordFrameIntervals = False
4.8190 	EXP 	window1: recordFrameIntervals = True
5.0025 	EXP 	window1: recordFrameIntervals = False
5.0751 	EXP 	Created polygon = Rect(__class__=<class 'psychopy.visual.rect.Rect'>, autoDraw=False, autoLog=True, closeShape=True, color=method-wrapper(...), colorSpace=None, contrast=1.0, depth=-4.0, fillColor=array([1., 0., 0.]), fillColorSpace='rgb', fillRGB=array([1., 0., 0.]), interpolate=True, lineColor=array([1., 1., 1.]), lineColorSpace='rgb', lineRGB=array([1., 1., 1.]), lineWidth=1, name='polygon', opacity=1.0, ori=array(0.), pos=array([0., 0.]), size=array([0.6, 0.6]), units='height', vertices=ndarray(...), win=Window(...))
5.0813 	EXP 	Created displayPicture = ImageStim(__class__=<class 'psychopy.visual.image.ImageStim'>, autoLog=True, color=array([1., 1., 1.]), colorSpace='rgb', contrast=1.0, depth=-5.0, flipHoriz=False, flipVert=False, image='sin', interpolate=True, mask=None, maskParams=None, name='displayPicture', opacity=1.0, ori=0.0, pos=array([0., 0.]), size=array([0.25, 0.25]), texRes=128, units='height', win=Window(...))
5.0832 	EXP 	Created polygon_2 = Rect(__class__=<class 'psychopy.visual.rect.Rect'>, autoDraw=False, autoLog=True, closeShape=True, color=method-wrapper(...), colorSpace=None, contrast=1.0, depth=-6.0, fillColor=array([0., 0., 0.]), fillColorSpace='rgb', fillRGB=array([0., 0., 0.]), interpolate=True, lineColor=array([1., 1., 1.]), lineColorSpace='rgb', lineRGB=array([1., 1., 1.]), lineWidth=0, name='polygon_2', opacity=1.0, ori=array(0.), pos=array([0., 0.]), size=array([0.8, 0.8]), units='height', vertices=ndarray(...), win=Window(...))
5.0868 	EXP 	Created option1_t1 = ImageStim(__class__=<class 'psychopy.visual.image.ImageStim'>, autoLog=True, color=array([1., 1., 1.]), colorSpace='rgb', contrast=1.0, depth=-1.0, flipHoriz=False, flipVert=False, image='sin', interpolate=True, mask=None, maskParams=None, name='option1_t1', opacity=1.0, ori=0.0, pos=array([-0.3,  0. ]), size=array([0.25, 0.25]), texRes=128, units='height', win=Window(...))
5.0900 	EXP 	Created option2_t1 = ImageStim(__class__=<class 'psychopy.visual.image.ImageStim'>, autoLog=True, color=array([1., 1., 1.]), colorSpace='rgb', contrast=1.0, depth=-2.0, flipHoriz=False, flipVert=False, image='sin', interpolate=True, mask=None, maskParams=None, name='option2_t1', opacity=1.0, ori=0.0, pos=array([0.3, 0. ]), size=array([0.25, 0.25]), texRes=128, units='height', win=Window(...))
5.0932 	EXP 	Created option1_t2 = ImageStim(__class__=<class 'psychopy.visual.image.ImageStim'>, autoLog=True, color=array([1., 1., 1.]), colorSpace='rgb', contrast=1.0, depth=-1.0, flipHoriz=False, flipVert=False, image='sin', interpolate=True, mask=None, maskParams=None, name='option1_t2', opacity=1.0, ori=0.0, pos=array([0.3, 0. ]), size=array([0.25, 0.25]), texRes=128, units='height', win=Window(...))
5.0958 	EXP 	Created option2_t2 = ImageStim(__class__=<class 'psychopy.visual.image.ImageStim'>, autoLog=True, color=array([1., 1., 1.]), colorSpace='rgb', contrast=1.0, depth=-2.0, flipHoriz=False, flipVert=False, image='sin', interpolate=True, mask=None, maskParams=None, name='option2_t2', opacity=1.0, ori=0.0, pos=array([-0.3,  0. ]), size=array([0.25, 0.25]), texRes=128, units='height', win=Window(...))
5.1441 	EXP 	Created text = TextStim(__class__=<class 'psychopy.visual.text.TextStim'>, alignHoriz=method-wrapper(...), alignText='center', alignVert=method-wrapper(...), anchorHoriz='center', anchorVert='center', antialias=True, autoLog=True, bold=False, color='white', colorSpace='named', contrast=1.0, depth=-1.0, flipHoriz=False, flipVert=False, font='Arial', fontFiles=[], height=0.1, italic=False, languageStyle='LTR', name='text', opacity=1.0, ori=0, pos=array([0., 0.]), rgb=array([255., 255., 255.]), text='default text', units='height', win=Window(...), wrapWidth=1)
5.1845 	EXP 	Imported conditionAB.xlsx as conditions, 140 conditions, 9 params
5.1850 	EXP 	Created sequence: random, trialTypes=140, nReps=1, seed=None
5.1853 	EXP 	New trial (rep=0, index=0): OrderedDict([('trialType', 'AB'), ('cndTyp', 'lag7'), ('lag', 7), ('T1_loc', 5), ('gap', 0), ('T2_loc', 12), ('primePos', 104), ('stimLen', 0.2), ('isi', 0.15)])
5.2844 	EXP 	polygon: autoDraw = True
5.2844 	EXP 	polygon: opacity = 0.0
5.2844 	EXP 	displayPicture: autoDraw = True
5.2844 	EXP 	displayPicture: image = 'C:\\Users\\Employee\\Google Drive\\UP\\MyResearch\\TaskProgramming\\AB_pic\\resources\\jeep.jpg'
5.2844 	EXP 	polygon_2: autoDraw = True
5.2844 	EXP 	polygon_2: opacity = 0.0
5.3192 	EXP 	polygon: opacity = 0.0
5.3192 	EXP 	displayPicture: image = 'C:\\Users\\Employee\\Google Drive\\UP\\MyResearch\\TaskProgramming\\AB_pic\\resources\\jeep.jpg'
5.3192 	EXP 	polygon_2: opacity = 0.0
5.3356 	EXP 	polygon: opacity = 0.0
5.3356 	EXP 	displayPicture: image = 'C:\\Users\\Employee\\Google Drive\\UP\\MyResearch\\TaskProgramming\\AB_pic\\resources\\jeep.jpg'
5.3356 	EXP 	polygon_2: opacity = 0.0
5.3523 	EXP 	polygon: opacity = 0.0
5.3523 	EXP 	displayPicture: image = 'C:\\Users\\Employee\\Google Drive\\UP\\MyResearch\\TaskProgramming\\AB_pic\\resources\\jeep.jpg'
5.3523 	EXP 	polygon_2: opacity = 0.0
5.3689 	EXP 	polygon: opacity = 0.0
5.3689 	EXP 	displayPicture: image = 'C:\\Users\\Employee\\Google Drive\\UP\\MyResearch\\TaskProgramming\\AB_pic\\resources\\jeep.jpg'
5.3689 	EXP 	polygon_2: opacity = 0.0
5.3856 	EXP 	polygon: opacity = 0.0
5.3856 	EXP 	displayPicture: image = 'C:\\Users\\Employee\\Google Drive\\UP\\MyResearch\\TaskProgramming\\AB_pic\\resources\\jeep.jpg'
5.3856 	EXP 	polygon_2: opacity = 0.0
5.4022 	EXP 	polygon: opacity = 0.0
5.4022 	EXP 	displayPicture: image = 'C:\\Users\\Employee\\Google Drive\\UP\\MyResearch\\TaskProgramming\\AB_pic\\resources\\jeep.jpg'
5.4022 	EXP 	polygon_2: opacity = 1.0
5.4190 	EXP 	polygon: opacity = 0.0
5.4190 	EXP 	displayPicture: image = 'C:\\Users\\Employee\\Google Drive\\UP\\MyResearch\\TaskProgramming\\AB_pic\\resources\\jeep.jpg'
5.4190 	EXP 	polygon_2: opacity = 1.0
5.4356 	EXP 	polygon: opacity = 0.0
5.4356 	EXP 	displayPicture: image = 'C:\\Users\\Employee\\Google Drive\\UP\\MyResearch\\TaskProgramming\\AB_pic\\resources\\jeep.jpg'
5.4356 	EXP 	polygon_2: opacity = 1.0
5.4691 	EXP 	polygon: opacity = 0.0
5.4691 	EXP 	displayPicture: image = 'C:\\Users\\Employee\\Google Drive\\UP\\MyResearch\\TaskProgramming\\AB_pic\\resources\\jeep.jpg'
5.4691 	EXP 	polygon_2: opacity = 1.0
5.4856 	EXP 	polygon: opacity = 0.0
5.4856 	EXP 	displayPicture: image = 'C:\\Users\\Employee\\Google Drive\\UP\\MyResearch\\TaskProgramming\\AB_pic\\resources\\jeep.jpg'
5.4856 	EXP 	polygon_2: opacity = 1.0
5.5022 	EXP 	polygon: opacity = 0.0
5.5022 	EXP 	displayPicture: image = 'C:\\Users\\Employee\\Google Drive\\UP\\MyResearch\\TaskProgramming\\AB_pic\\resources\\jeep.jpg'
5.5022 	EXP 	polygon_2: opacity = 1.0
5.5190 	EXP 	polygon: opacity = 0.0
5.5190 	EXP 	displayPicture: image = 'C:\\Users\\Employee\\Google Drive\\UP\\MyResearch\\TaskProgramming\\AB_pic\\resources\\jeep.jpg'
5.5190 	EXP 	polygon_2: opacity = 1.0
5.5356 	EXP 	polygon: opacity = 0.0
5.5356 	EXP 	displayPicture: image = 'C:\\Users\\Employee\\Google Drive\\UP\\MyResearch\\TaskProgramming\\AB_pic\\resources\\jeep.jpg'
5.5356 	EXP 	polygon_2: opacity = 1.0
5.5522 	EXP 	polygon: opacity = 0.0
5.5522 	EXP 	displayPicture: image = 'C:\\Users\\Employee\\Google Drive\\UP\\MyResearch\\TaskProgramming\\AB_pic\\resources\\donut.jpg'
5.5522 	EXP 	polygon_2: opacity = 0.0
5.5689 	EXP 	polygon: opacity = 0.0
5.5689 	EXP 	displayPicture: image = 'C:\\Users\\Employee\\Google Drive\\UP\\MyResearch\\TaskProgramming\\AB_pic\\resources\\donut.jpg'
5.5689 	EXP 	polygon_2: opacity = 0.0
5.5856 	EXP 	polygon: opacity = 0.0
5.5856 	EXP 	displayPicture: image = 'C:\\Users\\Employee\\Google Drive\\UP\\MyResearch\\TaskProgramming\\AB_pic\\resources\\donut.jpg'
5.5856 	EXP 	polygon_2: opacity = 0.0
5.6024 	EXP 	polygon: opacity = 0.0
5.6024 	EXP 	displayPicture: image = 'C:\\Users\\Employee\\Google Drive\\UP\\MyResearch\\TaskProgramming\\AB_pic\\resources\\donut.jpg'
5.6024 	EXP 	polygon_2: opacity = 0.0
5.6189 	EXP 	polygon: opacity = 0.0
5.6189 	EXP 	displayPicture: image = 'C:\\Users\\Employee\\Google Drive\\UP\\MyResearch\\TaskProgramming\\AB_pic\\resources\\donut.jpg'
5.6189 	EXP 	polygon_2: opacity = 0.0
5.6355 	EXP 	polygon: opacity = 0.0
5.6355 	EXP 	displayPicture: image = 'C:\\Users\\Employee\\Google Drive\\UP\\MyResearch\\TaskProgramming\\AB_pic\\resources\\donut.jpg'
5.6355 	EXP 	polygon_2: opacity = 0.0
5.6523 	EXP 	polygon: opacity = 0.0
5.6523 	EXP 	displayPicture: image = 'C:\\Users\\Employee\\Google Drive\\UP\\MyResearch\\TaskProgramming\\AB_pic\\resources\\donut.jpg'
5.6523 	EXP 	polygon_2: opacity = 0.0
5.6689 	EXP 	polygon: opacity = 0.0
5.6689 	EXP 	displayPicture: image = 'C:\\Users\\Employee\\Google Drive\\UP\\MyResearch\\TaskProgramming\\AB_pic\\resources\\donut.jpg'
5.6689 	EXP 	polygon_2: opacity = 0.0
5.6856 	EXP 	polygon: opacity = 0.0
5.6856 	EXP 	displayPicture: image = 'C:\\Users\\Employee\\Google Drive\\UP\\MyResearch\\TaskProgramming\\AB_pic\\resources\\donut.jpg'
5.6856 	EXP 	polygon_2: opacity = 0.0
5.7023 	EXP 	polygon: opacity = 0.0
5.7023 	EXP 	displayPicture: image = 'C:\\Users\\Employee\\Google Drive\\UP\\MyResearch\\TaskProgramming\\AB_pic\\resources\\donut.jpg'
5.7023 	EXP 	polygon_2: opacity = 0.0
5.7189 	EXP 	polygon: opacity = 0.0
5.7189 	EXP 	displayPicture: image = 'C:\\Users\\Employee\\Google Drive\\UP\\MyResearch\\TaskProgramming\\AB_pic\\resources\\donut.jpg'
5.7189 	EXP 	polygon_2: opacity = 0.0
5.7522 	EXP 	polygon: opacity = 0.0
5.7522 	EXP 	displayPicture: image = 'C:\\Users\\Employee\\Google Drive\\UP\\MyResearch\\TaskProgramming\\AB_pic\\resources\\donut.jpg'
5.7522 	EXP 	polygon_2: opacity = 0.0
5.7689 	EXP 	polygon: opacity = 0.0
5.7689 	EXP 	displayPicture: image = 'C:\\Users\\Employee\\Google Drive\\UP\\MyResearch\\TaskProgramming\\AB_pic\\resources\\donut.jpg'
5.7689 	EXP 	polygon_2: opacity = 1.0
5.7856 	EXP 	polygon: opacity = 0.0
5.7856 	EXP 	displayPicture: image = 'C:\\Users\\Employee\\Google Drive\\UP\\MyResearch\\TaskProgramming\\AB_pic\\resources\\donut.jpg'
5.7856 	EXP 	polygon_2: opacity = 1.0
5.8023 	EXP 	polygon: opacity = 0.0
5.8023 	EXP 	displayPicture: image = 'C:\\Users\\Employee\\Google Drive\\UP\\MyResearch\\TaskProgramming\\AB_pic\\resources\\donut.jpg'
5.8023 	EXP 	polygon_2: opacity = 1.0
5.8189 	EXP 	polygon: opacity = 0.0
5.8189 	EXP 	displayPicture: image = 'C:\\Users\\Employee\\Google Drive\\UP\\MyResearch\\TaskProgramming\\AB_pic\\resources\\donut.jpg'
5.8189 	EXP 	polygon_2: opacity = 1.0
5.8356 	EXP 	polygon: opacity = 0.0
5.8356 	EXP 	displayPicture: image = 'C:\\Users\\Employee\\Google Drive\\UP\\MyResearch\\TaskProgramming\\AB_pic\\resources\\donut.jpg'
5.8356 	EXP 	polygon_2: opacity = 1.0
5.8523 	EXP 	polygon: opacity = 0.0
5.8523 	EXP 	displayPicture: image = 'C:\\Users\\Employee\\Google Drive\\UP\\MyResearch\\TaskProgramming\\AB_pic\\resources\\donut.jpg'
5.8523 	EXP 	polygon_2: opacity = 1.0
5.8689 	EXP 	polygon: opacity = 0.0
5.8689 	EXP 	displayPicture: image = 'C:\\Users\\Employee\\Google Drive\\UP\\MyResearch\\TaskProgramming\\AB_pic\\resources\\donut.jpg'
5.8689 	EXP 	polygon_2: opacity = 1.0
5.8856 	EXP 	polygon: opacity = 0.0
5.8856 	EXP 	displayPicture: image = 'C:\\Users\\Employee\\Google Drive\\UP\\MyResearch\\TaskProgramming\\AB_pic\\resources\\donut.jpg'
5.8856 	EXP 	polygon_2: opacity = 1.0
5.9022 	EXP 	polygon: opacity = 0.0
5.9022 	EXP 	displayPicture: image = 'C:\\Users\\Employee\\Google Drive\\UP\\MyResearch\\TaskProgramming\\AB_pic\\resources\\sausage.jpg'
5.9022 	EXP 	polygon_2: opacity = 0.0
5.9189 	EXP 	polygon: opacity = 0.0
5.9189 	EXP 	displayPicture: image = 'C:\\Users\\Employee\\Google Drive\\UP\\MyResearch\\TaskProgramming\\AB_pic\\resources\\sausage.jpg'
5.9189 	EXP 	polygon_2: opacity = 0.0
5.9355 	EXP 	polygon: opacity = 0.0
5.9355 	EXP 	displayPicture: image = 'C:\\Users\\Employee\\Google Drive\\UP\\MyResearch\\TaskProgramming\\AB_pic\\resources\\sausage.jpg'
5.9355 	EXP 	polygon_2: opacity = 0.0
5.9522 	EXP 	polygon: opacity = 0.0
5.9522 	EXP 	displayPicture: image = 'C:\\Users\\Employee\\Google Drive\\UP\\MyResearch\\TaskProgramming\\AB_pic\\resources\\sausage.jpg'
5.9522 	EXP 	polygon_2: opacity = 0.0
5.9689 	EXP 	polygon: opacity = 0.0
5.9689 	EXP 	displayPicture: image = 'C:\\Users\\Employee\\Google Drive\\UP\\MyResearch\\TaskProgramming\\AB_pic\\resources\\sausage.jpg'
5.9689 	EXP 	polygon_2: opacity = 0.0
5.9855 	EXP 	polygon: opacity = 0.0
5.9855 	EXP 	displayPicture: image = 'C:\\Users\\Employee\\Google Drive\\UP\\MyResearch\\TaskProgramming\\AB_pic\\resources\\sausage.jpg'
5.9855 	EXP 	polygon_2: opacity = 0.0
6.0022 	EXP 	polygon: opacity = 0.0
6.0022 	EXP 	displayPicture: image = 'C:\\Users\\Employee\\Google Drive\\UP\\MyResearch\\TaskProgramming\\AB_pic\\resources\\sausage.jpg'
6.0022 	EXP 	polygon_2: opacity = 0.0
6.0189 	EXP 	polygon: opacity = 0.0
6.0189 	EXP 	displayPicture: image = 'C:\\Users\\Employee\\Google Drive\\UP\\MyResearch\\TaskProgramming\\AB_pic\\resources\\sausage.jpg'
6.0189 	EXP 	polygon_2: opacity = 0.0
6.0356 	EXP 	polygon: opacity = 0.0
6.0356 	EXP 	displayPicture: image = 'C:\\Users\\Employee\\Google Drive\\UP\\MyResearch\\TaskProgramming\\AB_pic\\resources\\sausage.jpg'
6.0356 	EXP 	polygon_2: opacity = 0.0
6.0522 	EXP 	polygon: opacity = 0.0
6.0522 	EXP 	displayPicture: image = 'C:\\Users\\Employee\\Google Drive\\UP\\MyResearch\\TaskProgramming\\AB_pic\\resources\\sausage.jpg'
6.0522 	EXP 	polygon_2: opacity = 0.0
6.0689 	EXP 	polygon: opacity = 0.0
6.0689 	EXP 	displayPicture: image = 'C:\\Users\\Employee\\Google Drive\\UP\\MyResearch\\TaskProgramming\\AB_pic\\resources\\sausage.jpg'
6.0689 	EXP 	polygon_2: opacity = 0.0
6.0856 	EXP 	polygon: opacity = 0.0
6.0856 	EXP 	displayPicture: image = 'C:\\Users\\Employee\\Google Drive\\UP\\MyResearch\\TaskProgramming\\AB_pic\\resources\\sausage.jpg'
6.0856 	EXP 	polygon_2: opacity = 0.0
6.1022 	EXP 	polygon: opacity = 0.0
6.1022 	EXP 	displayPicture: image = 'C:\\Users\\Employee\\Google Drive\\UP\\MyResearch\\TaskProgramming\\AB_pic\\resources\\sausage.jpg'
6.1022 	EXP 	polygon_2: opacity = 1.0
6.1189 	EXP 	polygon: opacity = 0.0
6.1189 	EXP 	displayPicture: image = 'C:\\Users\\Employee\\Google Drive\\UP\\MyResearch\\TaskProgramming\\AB_pic\\resources\\sausage.jpg'
6.1189 	EXP 	polygon_2: opacity = 1.0
6.1356 	EXP 	polygon: opacity = 0.0
6.1356 	EXP 	displayPicture: image = 'C:\\Users\\Employee\\Google Drive\\UP\\MyResearch\\TaskProgramming\\AB_pic\\resources\\sausage.jpg'
6.1356 	EXP 	polygon_2: opacity = 1.0
6.1522 	EXP 	polygon: opacity = 0.0
6.1522 	EXP 	displayPicture: image = 'C:\\Users\\Employee\\Google Drive\\UP\\MyResearch\\TaskProgramming\\AB_pic\\resources\\sausage.jpg'
6.1522 	EXP 	polygon_2: opacity = 1.0
6.1689 	EXP 	polygon: opacity = 0.0
6.1689 	EXP 	displayPicture: image = 'C:\\Users\\Employee\\Google Drive\\UP\\MyResearch\\TaskProgramming\\AB_pic\\resources\\sausage.jpg'
6.1689 	EXP 	polygon_2: opacity = 1.0
6.1855 	EXP 	polygon: opacity = 0.0
6.1855 	EXP 	displayPicture: image = 'C:\\Users\\Employee\\Google Drive\\UP\\MyResearch\\TaskProgramming\\AB_pic\\resources\\sausage.jpg'
6.1855 	EXP 	polygon_2: opacity = 1.0
6.2022 	EXP 	polygon: opacity = 0.0
6.2022 	EXP 	displayPicture: image = 'C:\\Users\\Employee\\Google Drive\\UP\\MyResearch\\TaskProgramming\\AB_pic\\resources\\sausage.jpg'
6.2022 	EXP 	polygon_2: opacity = 1.0
6.2189 	EXP 	polygon: opacity = 0.0
6.2189 	EXP 	displayPicture: image = 'C:\\Users\\Employee\\Google Drive\\UP\\MyResearch\\TaskProgramming\\AB_pic\\resources\\sausage.jpg'
6.2189 	EXP 	polygon_2: opacity = 1.0
6.2356 	EXP 	polygon: opacity = 0.0
6.2356 	EXP 	displayPicture: image = 'C:\\Users\\Employee\\Google Drive\\UP\\MyResearch\\TaskProgramming\\AB_pic\\resources\\sausage.jpg'
6.2356 	EXP 	polygon_2: opacity = 1.0
6.2522 	EXP 	polygon: opacity = 0.0
6.2522 	EXP 	displayPicture: image = 'C:\\Users\\Employee\\Google Drive\\UP\\MyResearch\\TaskProgramming\\AB_pic\\resources\\pingpongtable.jpg'
6.2522 	EXP 	polygon_2: opacity = 0.0
6.2689 	EXP 	polygon: opacity = 0.0
6.2689 	EXP 	displayPicture: image = 'C:\\Users\\Employee\\Google Drive\\UP\\MyResearch\\TaskProgramming\\AB_pic\\resources\\pingpongtable.jpg'
6.2689 	EXP 	polygon_2: opacity = 0.0
6.2855 	EXP 	polygon: opacity = 0.0
6.2855 	EXP 	displayPicture: image = 'C:\\Users\\Employee\\Google Drive\\UP\\MyResearch\\TaskProgramming\\AB_pic\\resources\\pingpongtable.jpg'
6.2855 	EXP 	polygon_2: opacity = 0.0
6.3022 	EXP 	polygon: opacity = 0.0
6.3022 	EXP 	displayPicture: image = 'C:\\Users\\Employee\\Google Drive\\UP\\MyResearch\\TaskProgramming\\AB_pic\\resources\\pingpongtable.jpg'
6.3022 	EXP 	polygon_2: opacity = 0.0
6.3189 	EXP 	polygon: opacity = 0.0
6.3189 	EXP 	displayPicture: image = 'C:\\Users\\Employee\\Google Drive\\UP\\MyResearch\\TaskProgramming\\AB_pic\\resources\\pingpongtable.jpg'
6.3189 	EXP 	polygon_2: opacity = 0.0
6.3355 	EXP 	polygon: opacity = 0.0
6.3355 	EXP 	displayPicture: image = 'C:\\Users\\Employee\\Google Drive\\UP\\MyResearch\\TaskProgramming\\AB_pic\\resources\\pingpongtable.jpg'
6.3355 	EXP 	polygon_2: opacity = 0.0
6.3522 	EXP 	polygon: opacity = 0.0
6.3522 	EXP 	displayPicture: image = 'C:\\Users\\Employee\\Google Drive\\UP\\MyResearch\\TaskProgramming\\AB_pic\\resources\\pingpongtable.jpg'
6.3522 	EXP 	polygon_2: opacity = 0.0
6.3689 	EXP 	polygon: opacity = 0.0
6.3689 	EXP 	displayPicture: image = 'C:\\Users\\Employee\\Google Drive\\UP\\MyResearch\\TaskProgramming\\AB_pic\\resources\\pingpongtable.jpg'
6.3689 	EXP 	polygon_2: opacity = 0.0
6.3855 	EXP 	polygon: opacity = 0.0
6.3855 	EXP 	displayPicture: image = 'C:\\Users\\Employee\\Google Drive\\UP\\MyResearch\\TaskProgramming\\AB_pic\\resources\\pingpongtable.jpg'
6.3855 	EXP 	polygon_2: opacity = 0.0
6.4022 	EXP 	polygon: opacity = 0.0
6.4022 	EXP 	displayPicture: image = 'C:\\Users\\Employee\\Google Drive\\UP\\MyResearch\\TaskProgramming\\AB_pic\\resources\\pingpongtable.jpg'
6.4022 	EXP 	polygon_2: opacity = 0.0
6.4189 	EXP 	polygon: opacity = 0.0
6.4189 	EXP 	displayPicture: image = 'C:\\Users\\Employee\\Google Drive\\UP\\MyResearch\\TaskProgramming\\AB_pic\\resources\\pingpongtable.jpg'
6.4189 	EXP 	polygon_2: opacity = 0.0
6.4355 	EXP 	polygon: opacity = 0.0
6.4355 	EXP 	displayPicture: image = 'C:\\Users\\Employee\\Google Drive\\UP\\MyResearch\\TaskProgramming\\AB_pic\\resources\\pingpongtable.jpg'
6.4355 	EXP 	polygon_2: opacity = 0.0
6.4522 	EXP 	polygon: opacity = 0.0
6.4522 	EXP 	displayPicture: image = 'C:\\Users\\Employee\\Google Drive\\UP\\MyResearch\\TaskProgramming\\AB_pic\\resources\\pingpongtable.jpg'
6.4522 	EXP 	polygon_2: opacity = 1.0
6.4689 	EXP 	polygon: opacity = 0.0
6.4689 	EXP 	displayPicture: image = 'C:\\Users\\Employee\\Google Drive\\UP\\MyResearch\\TaskProgramming\\AB_pic\\resources\\pingpongtable.jpg'
6.4689 	EXP 	polygon_2: opacity = 1.0
6.4855 	EXP 	polygon: opacity = 0.0
6.4855 	EXP 	displayPicture: image = 'C:\\Users\\Employee\\Google Drive\\UP\\MyResearch\\TaskProgramming\\AB_pic\\resources\\pingpongtable.jpg'
6.4855 	EXP 	polygon_2: opacity = 1.0
6.5022 	EXP 	polygon: opacity = 0.0
6.5022 	EXP 	displayPicture: image = 'C:\\Users\\Employee\\Google Drive\\UP\\MyResearch\\TaskProgramming\\AB_pic\\resources\\pingpongtable.jpg'
6.5022 	EXP 	polygon_2: opacity = 1.0
6.5189 	EXP 	polygon: opacity = 0.0
6.5189 	EXP 	displayPicture: image = 'C:\\Users\\Employee\\Google Drive\\UP\\MyResearch\\TaskProgramming\\AB_pic\\resources\\pingpongtable.jpg'
6.5189 	EXP 	polygon_2: opacity = 1.0
6.5355 	EXP 	polygon: opacity = 0.0
6.5355 	EXP 	displayPicture: image = 'C:\\Users\\Employee\\Google Drive\\UP\\MyResearch\\TaskProgramming\\AB_pic\\resources\\pingpongtable.jpg'
6.5355 	EXP 	polygon_2: opacity = 1.0
6.5522 	EXP 	polygon: opacity = 0.0
6.5522 	EXP 	displayPicture: image = 'C:\\Users\\Employee\\Google Drive\\UP\\MyResearch\\TaskProgramming\\AB_pic\\resources\\pingpongtable.jpg'
6.5522 	EXP 	polygon_2: opacity = 1.0
6.5689 	EXP 	polygon: opacity = 0.0
6.5689 	EXP 	displayPicture: image = 'C:\\Users\\Employee\\Google Drive\\UP\\MyResearch\\TaskProgramming\\AB_pic\\resources\\pingpongtable.jpg'
6.5689 	EXP 	polygon_2: opacity = 1.0
6.5855 	EXP 	polygon: opacity = 0.0
6.5855 	EXP 	displayPicture: image = 'C:\\Users\\Employee\\Google Drive\\UP\\MyResearch\\TaskProgramming\\AB_pic\\resources\\pingpongtable.jpg'
6.5855 	EXP 	polygon_2: opacity = 1.0
6.6022 	EXP 	polygon: opacity = 1.0
6.6022 	EXP 	displayPicture: image = 'C:\\Users\\Employee\\Google Drive\\UP\\MyResearch\\TaskProgramming\\AB_pic\\resources\\horseshoe.jpg'
6.6022 	EXP 	polygon_2: opacity = 0.0
6.6188 	EXP 	polygon: opacity = 1.0
6.6188 	EXP 	displayPicture: image = 'C:\\Users\\Employee\\Google Drive\\UP\\MyResearch\\TaskProgramming\\AB_pic\\resources\\horseshoe.jpg'
6.6188 	EXP 	polygon_2: opacity = 0.0
6.6355 	EXP 	polygon: opacity = 1.0
6.6355 	EXP 	displayPicture: image = 'C:\\Users\\Employee\\Google Drive\\UP\\MyResearch\\TaskProgramming\\AB_pic\\resources\\horseshoe.jpg'
6.6355 	EXP 	polygon_2: opacity = 0.0
6.6522 	EXP 	polygon: opacity = 1.0
6.6522 	EXP 	displayPicture: image = 'C:\\Users\\Employee\\Google Drive\\UP\\MyResearch\\TaskProgramming\\AB_pic\\resources\\horseshoe.jpg'
6.6522 	EXP 	polygon_2: opacity = 0.0
6.6689 	EXP 	polygon: opacity = 1.0
6.6689 	EXP 	displayPicture: image = 'C:\\Users\\Employee\\Google Drive\\UP\\MyResearch\\TaskProgramming\\AB_pic\\resources\\horseshoe.jpg'
6.6689 	EXP 	polygon_2: opacity = 0.0
6.6855 	EXP 	polygon: opacity = 1.0
6.6855 	EXP 	displayPicture: image = 'C:\\Users\\Employee\\Google Drive\\UP\\MyResearch\\TaskProgramming\\AB_pic\\resources\\horseshoe.jpg'
6.6855 	EXP 	polygon_2: opacity = 0.0
6.7022 	EXP 	polygon: opacity = 1.0
6.7022 	EXP 	displayPicture: image = 'C:\\Users\\Employee\\Google Drive\\UP\\MyResearch\\TaskProgramming\\AB_pic\\resources\\horseshoe.jpg'
6.7022 	EXP 	polygon_2: opacity = 0.0
6.7188 	EXP 	polygon: opacity = 1.0
6.7188 	EXP 	displayPicture: image = 'C:\\Users\\Employee\\Google Drive\\UP\\MyResearch\\TaskProgramming\\AB_pic\\resources\\horseshoe.jpg'
6.7188 	EXP 	polygon_2: opacity = 0.0
6.7355 	EXP 	polygon: opacity = 1.0
6.7355 	EXP 	displayPicture: image = 'C:\\Users\\Employee\\Google Drive\\UP\\MyResearch\\TaskProgramming\\AB_pic\\resources\\horseshoe.jpg'
6.7355 	EXP 	polygon_2: opacity = 0.0
6.7519 	EXP 	polygon: opacity = 1.0
6.7519 	EXP 	displayPicture: image = 'C:\\Users\\Employee\\Google Drive\\UP\\MyResearch\\TaskProgramming\\AB_pic\\resources\\horseshoe.jpg'
6.7519 	EXP 	polygon_2: opacity = 0.0
6.7685 	EXP 	polygon: opacity = 1.0
6.7685 	EXP 	displayPicture: image = 'C:\\Users\\Employee\\Google Drive\\UP\\MyResearch\\TaskProgramming\\AB_pic\\resources\\horseshoe.jpg'
6.7685 	EXP 	polygon_2: opacity = 0.0
6.7852 	EXP 	polygon: opacity = 1.0
6.7852 	EXP 	displayPicture: image = 'C:\\Users\\Employee\\Google Drive\\UP\\MyResearch\\TaskProgramming\\AB_pic\\resources\\horseshoe.jpg'
6.7852 	EXP 	polygon_2: opacity = 0.0
6.8019 	EXP 	polygon: opacity = 1.0
6.8019 	EXP 	displayPicture: image = 'C:\\Users\\Employee\\Google Drive\\UP\\MyResearch\\TaskProgramming\\AB_pic\\resources\\horseshoe.jpg'
6.8019 	EXP 	polygon_2: opacity = 1.0
6.8185 	EXP 	polygon: opacity = 1.0
6.8185 	EXP 	displayPicture: image = 'C:\\Users\\Employee\\Google Drive\\UP\\MyResearch\\TaskProgramming\\AB_pic\\resources\\horseshoe.jpg'
6.8185 	EXP 	polygon_2: opacity = 1.0
6.8352 	EXP 	polygon: opacity = 1.0
6.8352 	EXP 	displayPicture: image = 'C:\\Users\\Employee\\Google Drive\\UP\\MyResearch\\TaskProgramming\\AB_pic\\resources\\horseshoe.jpg'
6.8352 	EXP 	polygon_2: opacity = 1.0
6.8519 	EXP 	polygon: opacity = 1.0
6.8519 	EXP 	displayPicture: image = 'C:\\Users\\Employee\\Google Drive\\UP\\MyResearch\\TaskProgramming\\AB_pic\\resources\\horseshoe.jpg'
6.8519 	EXP 	polygon_2: opacity = 1.0
6.8685 	EXP 	polygon: opacity = 1.0
6.8685 	EXP 	displayPicture: image = 'C:\\Users\\Employee\\Google Drive\\UP\\MyResearch\\TaskProgramming\\AB_pic\\resources\\horseshoe.jpg'
6.8685 	EXP 	polygon_2: opacity = 1.0
6.8851 	EXP 	polygon: opacity = 1.0
6.8851 	EXP 	displayPicture: image = 'C:\\Users\\Employee\\Google Drive\\UP\\MyResearch\\TaskProgramming\\AB_pic\\resources\\horseshoe.jpg'
6.8851 	EXP 	polygon_2: opacity = 1.0
6.9019 	EXP 	polygon: opacity = 1.0
6.9019 	EXP 	displayPicture: image = 'C:\\Users\\Employee\\Google Drive\\UP\\MyResearch\\TaskProgramming\\AB_pic\\resources\\horseshoe.jpg'
6.9019 	EXP 	polygon_2: opacity = 1.0
6.9185 	EXP 	polygon: opacity = 1.0
6.9185 	EXP 	displayPicture: image = 'C:\\Users\\Employee\\Google Drive\\UP\\MyResearch\\TaskProgramming\\AB_pic\\resources\\horseshoe.jpg'
6.9185 	EXP 	polygon_2: opacity = 1.0
6.9352 	EXP 	polygon: opacity = 1.0
6.9352 	EXP 	displayPicture: image = 'C:\\Users\\Employee\\Google Drive\\UP\\MyResearch\\TaskProgramming\\AB_pic\\resources\\horseshoe.jpg'
6.9352 	EXP 	polygon_2: opacity = 1.0
6.9519 	EXP 	polygon: opacity = 0.0
6.9519 	EXP 	displayPicture: image = 'C:\\Users\\Employee\\Google Drive\\UP\\MyResearch\\TaskProgramming\\AB_pic\\resources\\steeringwheel.jpg'
6.9519 	EXP 	polygon_2: opacity = 0.0
6.9685 	EXP 	polygon: opacity = 0.0
6.9685 	EXP 	displayPicture: image = 'C:\\Users\\Employee\\Google Drive\\UP\\MyResearch\\TaskProgramming\\AB_pic\\resources\\steeringwheel.jpg'
6.9685 	EXP 	polygon_2: opacity = 0.0
6.9852 	EXP 	polygon: opacity = 0.0
6.9852 	EXP 	displayPicture: image = 'C:\\Users\\Employee\\Google Drive\\UP\\MyResearch\\TaskProgramming\\AB_pic\\resources\\steeringwheel.jpg'
6.9852 	EXP 	polygon_2: opacity = 0.0
7.0019 	EXP 	polygon: opacity = 0.0
7.0019 	EXP 	displayPicture: image = 'C:\\Users\\Employee\\Google Drive\\UP\\MyResearch\\TaskProgramming\\AB_pic\\resources\\steeringwheel.jpg'
7.0019 	EXP 	polygon_2: opacity = 0.0
7.0185 	EXP 	polygon: opacity = 0.0
7.0185 	EXP 	displayPicture: image = 'C:\\Users\\Employee\\Google Drive\\UP\\MyResearch\\TaskProgramming\\AB_pic\\resources\\steeringwheel.jpg'
7.0185 	EXP 	polygon_2: opacity = 0.0
7.0352 	EXP 	polygon: opacity = 0.0
7.0352 	EXP 	displayPicture: image = 'C:\\Users\\Employee\\Google Drive\\UP\\MyResearch\\TaskProgramming\\AB_pic\\resources\\steeringwheel.jpg'
7.0352 	EXP 	polygon_2: opacity = 0.0
7.0519 	EXP 	polygon: opacity = 0.0
7.0519 	EXP 	displayPicture: image = 'C:\\Users\\Employee\\Google Drive\\UP\\MyResearch\\TaskProgramming\\AB_pic\\resources\\steeringwheel.jpg'
7.0519 	EXP 	polygon_2: opacity = 0.0
7.0685 	EXP 	polygon: opacity = 0.0
7.0685 	EXP 	displayPicture: image = 'C:\\Users\\Employee\\Google Drive\\UP\\MyResearch\\TaskProgramming\\AB_pic\\resources\\steeringwheel.jpg'
7.0685 	EXP 	polygon_2: opacity = 0.0
7.0852 	EXP 	polygon: opacity = 0.0
7.0852 	EXP 	displayPicture: image = 'C:\\Users\\Employee\\Google Drive\\UP\\MyResearch\\TaskProgramming\\AB_pic\\resources\\steeringwheel.jpg'
7.0852 	EXP 	polygon_2: opacity = 0.0
7.1019 	EXP 	polygon: opacity = 0.0
7.1019 	EXP 	displayPicture: image = 'C:\\Users\\Employee\\Google Drive\\UP\\MyResearch\\TaskProgramming\\AB_pic\\resources\\steeringwheel.jpg'
7.1019 	EXP 	polygon_2: opacity = 0.0
7.1185 	EXP 	polygon: opacity = 0.0
7.1185 	EXP 	displayPicture: image = 'C:\\Users\\Employee\\Google Drive\\UP\\MyResearch\\TaskProgramming\\AB_pic\\resources\\steeringwheel.jpg'
7.1185 	EXP 	polygon_2: opacity = 0.0
7.1352 	EXP 	polygon: opacity = 0.0
7.1352 	EXP 	displayPicture: image = 'C:\\Users\\Employee\\Google Drive\\UP\\MyResearch\\TaskProgramming\\AB_pic\\resources\\steeringwheel.jpg'
7.1352 	EXP 	polygon_2: opacity = 0.0
7.1518 	EXP 	polygon: opacity = 0.0
7.1518 	EXP 	displayPicture: image = 'C:\\Users\\Employee\\Google Drive\\UP\\MyResearch\\TaskProgramming\\AB_pic\\resources\\steeringwheel.jpg'
7.1518 	EXP 	polygon_2: opacity = 1.0
7.1685 	EXP 	polygon: opacity = 0.0
7.1685 	EXP 	displayPicture: image = 'C:\\Users\\Employee\\Google Drive\\UP\\MyResearch\\TaskProgramming\\AB_pic\\resources\\steeringwheel.jpg'
7.1685 	EXP 	polygon_2: opacity = 1.0
7.1852 	EXP 	polygon: opacity = 0.0
7.1852 	EXP 	displayPicture: image = 'C:\\Users\\Employee\\Google Drive\\UP\\MyResearch\\TaskProgramming\\AB_pic\\resources\\steeringwheel.jpg'
7.1852 	EXP 	polygon_2: opacity = 1.0
7.2019 	EXP 	polygon: opacity = 0.0
7.2019 	EXP 	displayPicture: image = 'C:\\Users\\Employee\\Google Drive\\UP\\MyResearch\\TaskProgramming\\AB_pic\\resources\\steeringwheel.jpg'
7.2019 	EXP 	polygon_2: opacity = 1.0
7.2185 	EXP 	polygon: opacity = 0.0
7.2185 	EXP 	displayPicture: image = 'C:\\Users\\Employee\\Google Drive\\UP\\MyResearch\\TaskProgramming\\AB_pic\\resources\\steeringwheel.jpg'
7.2185 	EXP 	polygon_2: opacity = 1.0
7.2352 	EXP 	polygon: opacity = 0.0
7.2352 	EXP 	displayPicture: image = 'C:\\Users\\Employee\\Google Drive\\UP\\MyResearch\\TaskProgramming\\AB_pic\\resources\\steeringwheel.jpg'
7.2352 	EXP 	polygon_2: opacity = 1.0
7.2518 	EXP 	polygon: opacity = 0.0
7.2518 	EXP 	displayPicture: image = 'C:\\Users\\Employee\\Google Drive\\UP\\MyResearch\\TaskProgramming\\AB_pic\\resources\\steeringwheel.jpg'
7.2518 	EXP 	polygon_2: opacity = 1.0
7.2685 	EXP 	polygon: opacity = 0.0
7.2685 	EXP 	displayPicture: image = 'C:\\Users\\Employee\\Google Drive\\UP\\MyResearch\\TaskProgramming\\AB_pic\\resources\\steeringwheel.jpg'
7.2685 	EXP 	polygon_2: opacity = 1.0
7.2852 	EXP 	polygon: opacity = 0.0
7.2852 	EXP 	displayPicture: image = 'C:\\Users\\Employee\\Google Drive\\UP\\MyResearch\\TaskProgramming\\AB_pic\\resources\\steeringwheel.jpg'
7.2852 	EXP 	polygon_2: opacity = 1.0
7.3018 	EXP 	polygon: opacity = 0.0
7.3018 	EXP 	displayPicture: image = 'C:\\Users\\Employee\\Google Drive\\UP\\MyResearch\\TaskProgramming\\AB_pic\\resources\\arrow02.jpg'
7.3018 	EXP 	polygon_2: opacity = 0.0
7.3185 	EXP 	polygon: opacity = 0.0
7.3185 	EXP 	displayPicture: image = 'C:\\Users\\Employee\\Google Drive\\UP\\MyResearch\\TaskProgramming\\AB_pic\\resources\\arrow02.jpg'
7.3185 	EXP 	polygon_2: opacity = 0.0
7.3352 	EXP 	polygon: opacity = 0.0
7.3352 	EXP 	displayPicture: image = 'C:\\Users\\Employee\\Google Drive\\UP\\MyResearch\\TaskProgramming\\AB_pic\\resources\\arrow02.jpg'
7.3352 	EXP 	polygon_2: opacity = 0.0
7.3518 	EXP 	polygon: opacity = 0.0
7.3518 	EXP 	displayPicture: image = 'C:\\Users\\Employee\\Google Drive\\UP\\MyResearch\\TaskProgramming\\AB_pic\\resources\\arrow02.jpg'
7.3518 	EXP 	polygon_2: opacity = 0.0
7.3685 	EXP 	polygon: opacity = 0.0
7.3685 	EXP 	displayPicture: image = 'C:\\Users\\Employee\\Google Drive\\UP\\MyResearch\\TaskProgramming\\AB_pic\\resources\\arrow02.jpg'
7.3685 	EXP 	polygon_2: opacity = 0.0
7.3851 	EXP 	polygon: opacity = 0.0
7.3851 	EXP 	displayPicture: image = 'C:\\Users\\Employee\\Google Drive\\UP\\MyResearch\\TaskProgramming\\AB_pic\\resources\\arrow02.jpg'
7.3851 	EXP 	polygon_2: opacity = 0.0
7.4018 	EXP 	polygon: opacity = 0.0
7.4018 	EXP 	displayPicture: image = 'C:\\Users\\Employee\\Google Drive\\UP\\MyResearch\\TaskProgramming\\AB_pic\\resources\\arrow02.jpg'
7.4018 	EXP 	polygon_2: opacity = 0.0
7.4185 	EXP 	polygon: opacity = 0.0
7.4185 	EXP 	displayPicture: image = 'C:\\Users\\Employee\\Google Drive\\UP\\MyResearch\\TaskProgramming\\AB_pic\\resources\\arrow02.jpg'
7.4185 	EXP 	polygon_2: opacity = 0.0
7.4351 	EXP 	polygon: opacity = 0.0
7.4351 	EXP 	displayPicture: image = 'C:\\Users\\Employee\\Google Drive\\UP\\MyResearch\\TaskProgramming\\AB_pic\\resources\\arrow02.jpg'
7.4351 	EXP 	polygon_2: opacity = 0.0
7.4518 	EXP 	polygon: opacity = 0.0
7.4518 	EXP 	displayPicture: image = 'C:\\Users\\Employee\\Google Drive\\UP\\MyResearch\\TaskProgramming\\AB_pic\\resources\\arrow02.jpg'
7.4518 	EXP 	polygon_2: opacity = 0.0
7.4685 	EXP 	polygon: opacity = 0.0
7.4685 	EXP 	displayPicture: image = 'C:\\Users\\Employee\\Google Drive\\UP\\MyResearch\\TaskProgramming\\AB_pic\\resources\\arrow02.jpg'
7.4685 	EXP 	polygon_2: opacity = 0.0
7.4851 	EXP 	polygon: opacity = 0.0
7.4851 	EXP 	displayPicture: image = 'C:\\Users\\Employee\\Google Drive\\UP\\MyResearch\\TaskProgramming\\AB_pic\\resources\\arrow02.jpg'
7.4851 	EXP 	polygon_2: opacity = 0.0
7.5018 	EXP 	polygon: opacity = 0.0
7.5018 	EXP 	displayPicture: image = 'C:\\Users\\Employee\\Google Drive\\UP\\MyResearch\\TaskProgramming\\AB_pic\\resources\\arrow02.jpg'
7.5018 	EXP 	polygon_2: opacity = 1.0
7.5185 	EXP 	polygon: opacity = 0.0
7.5185 	EXP 	displayPicture: image = 'C:\\Users\\Employee\\Google Drive\\UP\\MyResearch\\TaskProgramming\\AB_pic\\resources\\arrow02.jpg'
7.5185 	EXP 	polygon_2: opacity = 1.0
7.5351 	EXP 	polygon: opacity = 0.0
7.5351 	EXP 	displayPicture: image = 'C:\\Users\\Employee\\Google Drive\\UP\\MyResearch\\TaskProgramming\\AB_pic\\resources\\arrow02.jpg'
7.5351 	EXP 	polygon_2: opacity = 1.0
7.5518 	EXP 	polygon: opacity = 0.0
7.5518 	EXP 	displayPicture: image = 'C:\\Users\\Employee\\Google Drive\\UP\\MyResearch\\TaskProgramming\\AB_pic\\resources\\arrow02.jpg'
7.5518 	EXP 	polygon_2: opacity = 1.0
7.5685 	EXP 	polygon: opacity = 0.0
7.5685 	EXP 	displayPicture: image = 'C:\\Users\\Employee\\Google Drive\\UP\\MyResearch\\TaskProgramming\\AB_pic\\resources\\arrow02.jpg'
7.5685 	EXP 	polygon_2: opacity = 1.0
7.5851 	EXP 	polygon: opacity = 0.0
7.5851 	EXP 	displayPicture: image = 'C:\\Users\\Employee\\Google Drive\\UP\\MyResearch\\TaskProgramming\\AB_pic\\resources\\arrow02.jpg'
7.5851 	EXP 	polygon_2: opacity = 1.0
7.6018 	EXP 	polygon: opacity = 0.0
7.6018 	EXP 	displayPicture: image = 'C:\\Users\\Employee\\Google Drive\\UP\\MyResearch\\TaskProgramming\\AB_pic\\resources\\arrow02.jpg'
7.6018 	EXP 	polygon_2: opacity = 1.0
7.6185 	EXP 	polygon: opacity = 0.0
7.6185 	EXP 	displayPicture: image = 'C:\\Users\\Employee\\Google Drive\\UP\\MyResearch\\TaskProgramming\\AB_pic\\resources\\arrow02.jpg'
7.6185 	EXP 	polygon_2: opacity = 1.0
7.6352 	EXP 	polygon: opacity = 0.0
7.6352 	EXP 	displayPicture: image = 'C:\\Users\\Employee\\Google Drive\\UP\\MyResearch\\TaskProgramming\\AB_pic\\resources\\arrow02.jpg'
7.6352 	EXP 	polygon_2: opacity = 1.0
7.6518 	EXP 	polygon: opacity = 0.0
7.6518 	EXP 	displayPicture: image = 'C:\\Users\\Employee\\Google Drive\\UP\\MyResearch\\TaskProgramming\\AB_pic\\resources\\lion.jpg'
7.6518 	EXP 	polygon_2: opacity = 0.0
7.6685 	EXP 	polygon: opacity = 0.0
7.6685 	EXP 	displayPicture: image = 'C:\\Users\\Employee\\Google Drive\\UP\\MyResearch\\TaskProgramming\\AB_pic\\resources\\lion.jpg'
7.6685 	EXP 	polygon_2: opacity = 0.0
7.6851 	EXP 	polygon: opacity = 0.0
7.6851 	EXP 	displayPicture: image = 'C:\\Users\\Employee\\Google Drive\\UP\\MyResearch\\TaskProgramming\\AB_pic\\resources\\lion.jpg'
7.6851 	EXP 	polygon_2: opacity = 0.0
7.7018 	EXP 	polygon: opacity = 0.0
7.7018 	EXP 	displayPicture: image = 'C:\\Users\\Employee\\Google Drive\\UP\\MyResearch\\TaskProgramming\\AB_pic\\resources\\lion.jpg'
7.7018 	EXP 	polygon_2: opacity = 0.0
7.7185 	EXP 	polygon: opacity = 0.0
7.7185 	EXP 	displayPicture: image = 'C:\\Users\\Employee\\Google Drive\\UP\\MyResearch\\TaskProgramming\\AB_pic\\resources\\lion.jpg'
7.7185 	EXP 	polygon_2: opacity = 0.0
7.7351 	EXP 	polygon: opacity = 0.0
7.7351 	EXP 	displayPicture: image = 'C:\\Users\\Employee\\Google Drive\\UP\\MyResearch\\TaskProgramming\\AB_pic\\resources\\lion.jpg'
7.7351 	EXP 	polygon_2: opacity = 0.0
7.7518 	EXP 	polygon: opacity = 0.0
7.7518 	EXP 	displayPicture: image = 'C:\\Users\\Employee\\Google Drive\\UP\\MyResearch\\TaskProgramming\\AB_pic\\resources\\lion.jpg'
7.7518 	EXP 	polygon_2: opacity = 0.0
7.7685 	EXP 	polygon: opacity = 0.0
7.7685 	EXP 	displayPicture: image = 'C:\\Users\\Employee\\Google Drive\\UP\\MyResearch\\TaskProgramming\\AB_pic\\resources\\lion.jpg'
7.7685 	EXP 	polygon_2: opacity = 0.0
7.7851 	EXP 	polygon: opacity = 0.0
7.7851 	EXP 	displayPicture: image = 'C:\\Users\\Employee\\Google Drive\\UP\\MyResearch\\TaskProgramming\\AB_pic\\resources\\lion.jpg'
7.7851 	EXP 	polygon_2: opacity = 0.0
7.8018 	EXP 	polygon: opacity = 0.0
7.8018 	EXP 	displayPicture: image = 'C:\\Users\\Employee\\Google Drive\\UP\\MyResearch\\TaskProgramming\\AB_pic\\resources\\lion.jpg'
7.8018 	EXP 	polygon_2: opacity = 0.0
7.8184 	EXP 	polygon: opacity = 0.0
7.8184 	EXP 	displayPicture: image = 'C:\\Users\\Employee\\Google Drive\\UP\\MyResearch\\TaskProgramming\\AB_pic\\resources\\lion.jpg'
7.8184 	EXP 	polygon_2: opacity = 0.0
7.8351 	EXP 	polygon: opacity = 0.0
7.8351 	EXP 	displayPicture: image = 'C:\\Users\\Employee\\Google Drive\\UP\\MyResearch\\TaskProgramming\\AB_pic\\resources\\lion.jpg'
7.8351 	EXP 	polygon_2: opacity = 0.0
7.8518 	EXP 	polygon: opacity = 0.0
7.8518 	EXP 	displayPicture: image = 'C:\\Users\\Employee\\Google Drive\\UP\\MyResearch\\TaskProgramming\\AB_pic\\resources\\lion.jpg'
7.8518 	EXP 	polygon_2: opacity = 1.0
7.8684 	EXP 	polygon: opacity = 0.0
7.8684 	EXP 	displayPicture: image = 'C:\\Users\\Employee\\Google Drive\\UP\\MyResearch\\TaskProgramming\\AB_pic\\resources\\lion.jpg'
7.8684 	EXP 	polygon_2: opacity = 1.0
7.8851 	EXP 	polygon: opacity = 0.0
7.8851 	EXP 	displayPicture: image = 'C:\\Users\\Employee\\Google Drive\\UP\\MyResearch\\TaskProgramming\\AB_pic\\resources\\lion.jpg'
7.8851 	EXP 	polygon_2: opacity = 1.0
7.9018 	EXP 	polygon: opacity = 0.0
7.9018 	EXP 	displayPicture: image = 'C:\\Users\\Employee\\Google Drive\\UP\\MyResearch\\TaskProgramming\\AB_pic\\resources\\lion.jpg'
7.9018 	EXP 	polygon_2: opacity = 1.0
7.9184 	EXP 	polygon: opacity = 0.0
7.9184 	EXP 	displayPicture: image = 'C:\\Users\\Employee\\Google Drive\\UP\\MyResearch\\TaskProgramming\\AB_pic\\resources\\lion.jpg'
7.9184 	EXP 	polygon_2: opacity = 1.0
7.9351 	EXP 	polygon: opacity = 0.0
7.9351 	EXP 	displayPicture: image = 'C:\\Users\\Employee\\Google Drive\\UP\\MyResearch\\TaskProgramming\\AB_pic\\resources\\lion.jpg'
7.9351 	EXP 	polygon_2: opacity = 1.0
7.9518 	EXP 	polygon: opacity = 0.0
7.9518 	EXP 	displayPicture: image = 'C:\\Users\\Employee\\Google Drive\\UP\\MyResearch\\TaskProgramming\\AB_pic\\resources\\lion.jpg'
7.9518 	EXP 	polygon_2: opacity = 1.0
7.9685 	EXP 	polygon: opacity = 0.0
7.9685 	EXP 	displayPicture: image = 'C:\\Users\\Employee\\Google Drive\\UP\\MyResearch\\TaskProgramming\\AB_pic\\resources\\lion.jpg'
7.9685 	EXP 	polygon_2: opacity = 1.0
7.9851 	EXP 	polygon: opacity = 0.0
7.9851 	EXP 	displayPicture: image = 'C:\\Users\\Employee\\Google Drive\\UP\\MyResearch\\TaskProgramming\\AB_pic\\resources\\lion.jpg'
7.9851 	EXP 	polygon_2: opacity = 1.0
8.0018 	EXP 	polygon: opacity = 0.0
8.0018 	EXP 	displayPicture: image = 'C:\\Users\\Employee\\Google Drive\\UP\\MyResearch\\TaskProgramming\\AB_pic\\resources\\electricguitar01.jpg'
8.0018 	EXP 	polygon_2: opacity = 0.0
8.0185 	EXP 	polygon: opacity = 0.0
8.0185 	EXP 	displayPicture: image = 'C:\\Users\\Employee\\Google Drive\\UP\\MyResearch\\TaskProgramming\\AB_pic\\resources\\electricguitar01.jpg'
8.0185 	EXP 	polygon_2: opacity = 0.0
8.0351 	EXP 	polygon: opacity = 0.0
8.0351 	EXP 	displayPicture: image = 'C:\\Users\\Employee\\Google Drive\\UP\\MyResearch\\TaskProgramming\\AB_pic\\resources\\electricguitar01.jpg'
8.0351 	EXP 	polygon_2: opacity = 0.0
8.0518 	EXP 	polygon: opacity = 0.0
8.0518 	EXP 	displayPicture: image = 'C:\\Users\\Employee\\Google Drive\\UP\\MyResearch\\TaskProgramming\\AB_pic\\resources\\electricguitar01.jpg'
8.0518 	EXP 	polygon_2: opacity = 0.0
8.0685 	EXP 	polygon: opacity = 0.0
8.0685 	EXP 	displayPicture: image = 'C:\\Users\\Employee\\Google Drive\\UP\\MyResearch\\TaskProgramming\\AB_pic\\resources\\electricguitar01.jpg'
8.0685 	EXP 	polygon_2: opacity = 0.0
8.0851 	EXP 	polygon: opacity = 0.0
8.0851 	EXP 	displayPicture: image = 'C:\\Users\\Employee\\Google Drive\\UP\\MyResearch\\TaskProgramming\\AB_pic\\resources\\electricguitar01.jpg'
8.0851 	EXP 	polygon_2: opacity = 0.0
8.1018 	EXP 	polygon: opacity = 0.0
8.1018 	EXP 	displayPicture: image = 'C:\\Users\\Employee\\Google Drive\\UP\\MyResearch\\TaskProgramming\\AB_pic\\resources\\electricguitar01.jpg'
8.1018 	EXP 	polygon_2: opacity = 0.0
8.1185 	EXP 	polygon: opacity = 0.0
8.1185 	EXP 	displayPicture: image = 'C:\\Users\\Employee\\Google Drive\\UP\\MyResearch\\TaskProgramming\\AB_pic\\resources\\electricguitar01.jpg'
8.1185 	EXP 	polygon_2: opacity = 0.0
8.1351 	EXP 	polygon: opacity = 0.0
8.1351 	EXP 	displayPicture: image = 'C:\\Users\\Employee\\Google Drive\\UP\\MyResearch\\TaskProgramming\\AB_pic\\resources\\electricguitar01.jpg'
8.1351 	EXP 	polygon_2: opacity = 0.0
8.1518 	EXP 	polygon: opacity = 0.0
8.1518 	EXP 	displayPicture: image = 'C:\\Users\\Employee\\Google Drive\\UP\\MyResearch\\TaskProgramming\\AB_pic\\resources\\electricguitar01.jpg'
8.1518 	EXP 	polygon_2: opacity = 0.0
8.1684 	EXP 	polygon: opacity = 0.0
8.1684 	EXP 	displayPicture: image = 'C:\\Users\\Employee\\Google Drive\\UP\\MyResearch\\TaskProgramming\\AB_pic\\resources\\electricguitar01.jpg'
8.1684 	EXP 	polygon_2: opacity = 0.0
8.1851 	EXP 	polygon: opacity = 0.0
8.1851 	EXP 	displayPicture: image = 'C:\\Users\\Employee\\Google Drive\\UP\\MyResearch\\TaskProgramming\\AB_pic\\resources\\electricguitar01.jpg'
8.1851 	EXP 	polygon_2: opacity = 0.0
8.2018 	EXP 	polygon: opacity = 0.0
8.2018 	EXP 	displayPicture: image = 'C:\\Users\\Employee\\Google Drive\\UP\\MyResearch\\TaskProgramming\\AB_pic\\resources\\electricguitar01.jpg'
8.2018 	EXP 	polygon_2: opacity = 1.0
8.2184 	EXP 	polygon: opacity = 0.0
8.2184 	EXP 	displayPicture: image = 'C:\\Users\\Employee\\Google Drive\\UP\\MyResearch\\TaskProgramming\\AB_pic\\resources\\electricguitar01.jpg'
8.2184 	EXP 	polygon_2: opacity = 1.0
8.2351 	EXP 	polygon: opacity = 0.0
8.2351 	EXP 	displayPicture: image = 'C:\\Users\\Employee\\Google Drive\\UP\\MyResearch\\TaskProgramming\\AB_pic\\resources\\electricguitar01.jpg'
8.2351 	EXP 	polygon_2: opacity = 1.0
8.2517 	EXP 	polygon: opacity = 0.0
8.2517 	EXP 	displayPicture: image = 'C:\\Users\\Employee\\Google Drive\\UP\\MyResearch\\TaskProgramming\\AB_pic\\resources\\electricguitar01.jpg'
8.2517 	EXP 	polygon_2: opacity = 1.0
8.2684 	EXP 	polygon: opacity = 0.0
8.2684 	EXP 	displayPicture: image = 'C:\\Users\\Employee\\Google Drive\\UP\\MyResearch\\TaskProgramming\\AB_pic\\resources\\electricguitar01.jpg'
8.2684 	EXP 	polygon_2: opacity = 1.0
8.2851 	EXP 	polygon: opacity = 0.0
8.2851 	EXP 	displayPicture: image = 'C:\\Users\\Employee\\Google Drive\\UP\\MyResearch\\TaskProgramming\\AB_pic\\resources\\electricguitar01.jpg'
8.2851 	EXP 	polygon_2: opacity = 1.0
8.3018 	EXP 	polygon: opacity = 0.0
8.3018 	EXP 	displayPicture: image = 'C:\\Users\\Employee\\Google Drive\\UP\\MyResearch\\TaskProgramming\\AB_pic\\resources\\electricguitar01.jpg'
8.3018 	EXP 	polygon_2: opacity = 1.0
8.3184 	EXP 	polygon: opacity = 0.0
8.3184 	EXP 	displayPicture: image = 'C:\\Users\\Employee\\Google Drive\\UP\\MyResearch\\TaskProgramming\\AB_pic\\resources\\electricguitar01.jpg'
8.3184 	EXP 	polygon_2: opacity = 1.0
8.3351 	EXP 	polygon: opacity = 0.0
8.3351 	EXP 	displayPicture: image = 'C:\\Users\\Employee\\Google Drive\\UP\\MyResearch\\TaskProgramming\\AB_pic\\resources\\electricguitar01.jpg'
8.3351 	EXP 	polygon_2: opacity = 1.0
8.3518 	EXP 	polygon: opacity = 0.0
8.3518 	EXP 	displayPicture: image = 'C:\\Users\\Employee\\Google Drive\\UP\\MyResearch\\TaskProgramming\\AB_pic\\resources\\fishskeleton.jpg'
8.3518 	EXP 	polygon_2: opacity = 0.0
8.3684 	EXP 	polygon: opacity = 0.0
8.3684 	EXP 	displayPicture: image = 'C:\\Users\\Employee\\Google Drive\\UP\\MyResearch\\TaskProgramming\\AB_pic\\resources\\fishskeleton.jpg'
8.3684 	EXP 	polygon_2: opacity = 0.0
8.3851 	EXP 	polygon: opacity = 0.0
8.3851 	EXP 	displayPicture: image = 'C:\\Users\\Employee\\Google Drive\\UP\\MyResearch\\TaskProgramming\\AB_pic\\resources\\fishskeleton.jpg'
8.3851 	EXP 	polygon_2: opacity = 0.0
8.4018 	EXP 	polygon: opacity = 0.0
8.4018 	EXP 	displayPicture: image = 'C:\\Users\\Employee\\Google Drive\\UP\\MyResearch\\TaskProgramming\\AB_pic\\resources\\fishskeleton.jpg'
8.4018 	EXP 	polygon_2: opacity = 0.0
8.4184 	EXP 	polygon: opacity = 0.0
8.4184 	EXP 	displayPicture: image = 'C:\\Users\\Employee\\Google Drive\\UP\\MyResearch\\TaskProgramming\\AB_pic\\resources\\fishskeleton.jpg'
8.4184 	EXP 	polygon_2: opacity = 0.0
8.4351 	EXP 	polygon: opacity = 0.0
8.4351 	EXP 	displayPicture: image = 'C:\\Users\\Employee\\Google Drive\\UP\\MyResearch\\TaskProgramming\\AB_pic\\resources\\fishskeleton.jpg'
8.4351 	EXP 	polygon_2: opacity = 0.0
8.4518 	EXP 	polygon: opacity = 0.0
8.4518 	EXP 	displayPicture: image = 'C:\\Users\\Employee\\Google Drive\\UP\\MyResearch\\TaskProgramming\\AB_pic\\resources\\fishskeleton.jpg'
8.4518 	EXP 	polygon_2: opacity = 0.0
8.4684 	EXP 	polygon: opacity = 0.0
8.4684 	EXP 	displayPicture: image = 'C:\\Users\\Employee\\Google Drive\\UP\\MyResearch\\TaskProgramming\\AB_pic\\resources\\fishskeleton.jpg'
8.4684 	EXP 	polygon_2: opacity = 0.0
8.4851 	EXP 	polygon: opacity = 0.0
8.4851 	EXP 	displayPicture: image = 'C:\\Users\\Employee\\Google Drive\\UP\\MyResearch\\TaskProgramming\\AB_pic\\resources\\fishskeleton.jpg'
8.4851 	EXP 	polygon_2: opacity = 0.0
8.5018 	EXP 	polygon: opacity = 0.0
8.5018 	EXP 	displayPicture: image = 'C:\\Users\\Employee\\Google Drive\\UP\\MyResearch\\TaskProgramming\\AB_pic\\resources\\fishskeleton.jpg'
8.5018 	EXP 	polygon_2: opacity = 0.0
8.5184 	EXP 	polygon: opacity = 0.0
8.5184 	EXP 	displayPicture: image = 'C:\\Users\\Employee\\Google Drive\\UP\\MyResearch\\TaskProgramming\\AB_pic\\resources\\fishskeleton.jpg'
8.5184 	EXP 	polygon_2: opacity = 0.0
8.5351 	EXP 	polygon: opacity = 0.0
8.5351 	EXP 	displayPicture: image = 'C:\\Users\\Employee\\Google Drive\\UP\\MyResearch\\TaskProgramming\\AB_pic\\resources\\fishskeleton.jpg'
8.5351 	EXP 	polygon_2: opacity = 0.0
8.5517 	EXP 	polygon: opacity = 0.0
8.5517 	EXP 	displayPicture: image = 'C:\\Users\\Employee\\Google Drive\\UP\\MyResearch\\TaskProgramming\\AB_pic\\resources\\fishskeleton.jpg'
8.5517 	EXP 	polygon_2: opacity = 1.0
8.5684 	EXP 	polygon: opacity = 0.0
8.5684 	EXP 	displayPicture: image = 'C:\\Users\\Employee\\Google Drive\\UP\\MyResearch\\TaskProgramming\\AB_pic\\resources\\fishskeleton.jpg'
8.5684 	EXP 	polygon_2: opacity = 1.0
8.5851 	EXP 	polygon: opacity = 0.0
8.5851 	EXP 	displayPicture: image = 'C:\\Users\\Employee\\Google Drive\\UP\\MyResearch\\TaskProgramming\\AB_pic\\resources\\fishskeleton.jpg'
8.5851 	EXP 	polygon_2: opacity = 1.0
8.6017 	EXP 	polygon: opacity = 0.0
8.6017 	EXP 	displayPicture: image = 'C:\\Users\\Employee\\Google Drive\\UP\\MyResearch\\TaskProgramming\\AB_pic\\resources\\fishskeleton.jpg'
8.6017 	EXP 	polygon_2: opacity = 1.0
8.6184 	EXP 	polygon: opacity = 0.0
8.6184 	EXP 	displayPicture: image = 'C:\\Users\\Employee\\Google Drive\\UP\\MyResearch\\TaskProgramming\\AB_pic\\resources\\fishskeleton.jpg'
8.6184 	EXP 	polygon_2: opacity = 1.0
8.6351 	EXP 	polygon: opacity = 0.0
8.6351 	EXP 	displayPicture: image = 'C:\\Users\\Employee\\Google Drive\\UP\\MyResearch\\TaskProgramming\\AB_pic\\resources\\fishskeleton.jpg'
8.6351 	EXP 	polygon_2: opacity = 1.0
8.6518 	EXP 	polygon: opacity = 0.0
8.6518 	EXP 	displayPicture: image = 'C:\\Users\\Employee\\Google Drive\\UP\\MyResearch\\TaskProgramming\\AB_pic\\resources\\fishskeleton.jpg'
8.6518 	EXP 	polygon_2: opacity = 1.0
8.6684 	EXP 	polygon: opacity = 0.0
8.6684 	EXP 	displayPicture: image = 'C:\\Users\\Employee\\Google Drive\\UP\\MyResearch\\TaskProgramming\\AB_pic\\resources\\fishskeleton.jpg'
8.6684 	EXP 	polygon_2: opacity = 1.0
8.6850 	EXP 	polygon: opacity = 0.0
8.6850 	EXP 	displayPicture: image = 'C:\\Users\\Employee\\Google Drive\\UP\\MyResearch\\TaskProgramming\\AB_pic\\resources\\fishskeleton.jpg'
8.6850 	EXP 	polygon_2: opacity = 1.0
8.7018 	EXP 	polygon: opacity = 0.0
8.7018 	EXP 	displayPicture: image = 'C:\\Users\\Employee\\Google Drive\\UP\\MyResearch\\TaskProgramming\\AB_pic\\resources\\hammerheadshark.jpg'
8.7018 	EXP 	polygon_2: opacity = 0.0
8.7184 	EXP 	polygon: opacity = 0.0
8.7184 	EXP 	displayPicture: image = 'C:\\Users\\Employee\\Google Drive\\UP\\MyResearch\\TaskProgramming\\AB_pic\\resources\\hammerheadshark.jpg'
8.7184 	EXP 	polygon_2: opacity = 0.0
8.7351 	EXP 	polygon: opacity = 0.0
8.7351 	EXP 	displayPicture: image = 'C:\\Users\\Employee\\Google Drive\\UP\\MyResearch\\TaskProgramming\\AB_pic\\resources\\hammerheadshark.jpg'
8.7351 	EXP 	polygon_2: opacity = 0.0
8.7518 	EXP 	polygon: opacity = 0.0
8.7518 	EXP 	displayPicture: image = 'C:\\Users\\Employee\\Google Drive\\UP\\MyResearch\\TaskProgramming\\AB_pic\\resources\\hammerheadshark.jpg'
8.7518 	EXP 	polygon_2: opacity = 0.0
8.7684 	EXP 	polygon: opacity = 0.0
8.7684 	EXP 	displayPicture: image = 'C:\\Users\\Employee\\Google Drive\\UP\\MyResearch\\TaskProgramming\\AB_pic\\resources\\hammerheadshark.jpg'
8.7684 	EXP 	polygon_2: opacity = 0.0
8.7851 	EXP 	polygon: opacity = 0.0
8.7851 	EXP 	displayPicture: image = 'C:\\Users\\Employee\\Google Drive\\UP\\MyResearch\\TaskProgramming\\AB_pic\\resources\\hammerheadshark.jpg'
8.7851 	EXP 	polygon_2: opacity = 0.0
8.8018 	EXP 	polygon: opacity = 0.0
8.8018 	EXP 	displayPicture: image = 'C:\\Users\\Employee\\Google Drive\\UP\\MyResearch\\TaskProgramming\\AB_pic\\resources\\hammerheadshark.jpg'
8.8018 	EXP 	polygon_2: opacity = 0.0
8.8184 	EXP 	polygon: opacity = 0.0
8.8184 	EXP 	displayPicture: image = 'C:\\Users\\Employee\\Google Drive\\UP\\MyResearch\\TaskProgramming\\AB_pic\\resources\\hammerheadshark.jpg'
8.8184 	EXP 	polygon_2: opacity = 0.0
8.8350 	EXP 	polygon: opacity = 0.0
8.8350 	EXP 	displayPicture: image = 'C:\\Users\\Employee\\Google Drive\\UP\\MyResearch\\TaskProgramming\\AB_pic\\resources\\hammerheadshark.jpg'
8.8350 	EXP 	polygon_2: opacity = 0.0
8.8517 	EXP 	polygon: opacity = 0.0
8.8517 	EXP 	displayPicture: image = 'C:\\Users\\Employee\\Google Drive\\UP\\MyResearch\\TaskProgramming\\AB_pic\\resources\\hammerheadshark.jpg'
8.8517 	EXP 	polygon_2: opacity = 0.0
8.8684 	EXP 	polygon: opacity = 0.0
8.8684 	EXP 	displayPicture: image = 'C:\\Users\\Employee\\Google Drive\\UP\\MyResearch\\TaskProgramming\\AB_pic\\resources\\hammerheadshark.jpg'
8.8684 	EXP 	polygon_2: opacity = 0.0
8.8850 	EXP 	polygon: opacity = 0.0
8.8850 	EXP 	displayPicture: image = 'C:\\Users\\Employee\\Google Drive\\UP\\MyResearch\\TaskProgramming\\AB_pic\\resources\\hammerheadshark.jpg'
8.8850 	EXP 	polygon_2: opacity = 0.0
8.9017 	EXP 	polygon: opacity = 0.0
8.9017 	EXP 	displayPicture: image = 'C:\\Users\\Employee\\Google Drive\\UP\\MyResearch\\TaskProgramming\\AB_pic\\resources\\hammerheadshark.jpg'
8.9017 	EXP 	polygon_2: opacity = 1.0
8.9184 	EXP 	polygon: opacity = 0.0
8.9184 	EXP 	displayPicture: image = 'C:\\Users\\Employee\\Google Drive\\UP\\MyResearch\\TaskProgramming\\AB_pic\\resources\\hammerheadshark.jpg'
8.9184 	EXP 	polygon_2: opacity = 1.0
8.9350 	EXP 	polygon: opacity = 0.0
8.9350 	EXP 	displayPicture: image = 'C:\\Users\\Employee\\Google Drive\\UP\\MyResearch\\TaskProgramming\\AB_pic\\resources\\hammerheadshark.jpg'
8.9350 	EXP 	polygon_2: opacity = 1.0
8.9517 	EXP 	polygon: opacity = 0.0
8.9517 	EXP 	displayPicture: image = 'C:\\Users\\Employee\\Google Drive\\UP\\MyResearch\\TaskProgramming\\AB_pic\\resources\\hammerheadshark.jpg'
8.9517 	EXP 	polygon_2: opacity = 1.0
8.9684 	EXP 	polygon: opacity = 0.0
8.9684 	EXP 	displayPicture: image = 'C:\\Users\\Employee\\Google Drive\\UP\\MyResearch\\TaskProgramming\\AB_pic\\resources\\hammerheadshark.jpg'
8.9684 	EXP 	polygon_2: opacity = 1.0
8.9850 	EXP 	polygon: opacity = 0.0
8.9850 	EXP 	displayPicture: image = 'C:\\Users\\Employee\\Google Drive\\UP\\MyResearch\\TaskProgramming\\AB_pic\\resources\\hammerheadshark.jpg'
8.9850 	EXP 	polygon_2: opacity = 1.0
9.0017 	EXP 	polygon: opacity = 0.0
9.0017 	EXP 	displayPicture: image = 'C:\\Users\\Employee\\Google Drive\\UP\\MyResearch\\TaskProgramming\\AB_pic\\resources\\hammerheadshark.jpg'
9.0017 	EXP 	polygon_2: opacity = 1.0
9.0184 	EXP 	polygon: opacity = 0.0
9.0184 	EXP 	displayPicture: image = 'C:\\Users\\Employee\\Google Drive\\UP\\MyResearch\\TaskProgramming\\AB_pic\\resources\\hammerheadshark.jpg'
9.0184 	EXP 	polygon_2: opacity = 1.0
9.0350 	EXP 	polygon: opacity = 0.0
9.0350 	EXP 	displayPicture: image = 'C:\\Users\\Employee\\Google Drive\\UP\\MyResearch\\TaskProgramming\\AB_pic\\resources\\hammerheadshark.jpg'
9.0350 	EXP 	polygon_2: opacity = 1.0
9.0517 	EXP 	polygon: opacity = 1.0
9.0517 	EXP 	displayPicture: image = 'C:\\Users\\Employee\\Google Drive\\UP\\MyResearch\\TaskProgramming\\AB_pic\\resources\\callbell.jpg'
9.0517 	EXP 	polygon_2: opacity = 0.0
9.0684 	EXP 	polygon: opacity = 1.0
9.0684 	EXP 	displayPicture: image = 'C:\\Users\\Employee\\Google Drive\\UP\\MyResearch\\TaskProgramming\\AB_pic\\resources\\callbell.jpg'
9.0684 	EXP 	polygon_2: opacity = 0.0
9.0850 	EXP 	polygon: opacity = 1.0
9.0850 	EXP 	displayPicture: image = 'C:\\Users\\Employee\\Google Drive\\UP\\MyResearch\\TaskProgramming\\AB_pic\\resources\\callbell.jpg'
9.0850 	EXP 	polygon_2: opacity = 0.0
9.1017 	EXP 	polygon: opacity = 1.0
9.1017 	EXP 	displayPicture: image = 'C:\\Users\\Employee\\Google Drive\\UP\\MyResearch\\TaskProgramming\\AB_pic\\resources\\callbell.jpg'
9.1017 	EXP 	polygon_2: opacity = 0.0
9.1184 	EXP 	polygon: opacity = 1.0
9.1184 	EXP 	displayPicture: image = 'C:\\Users\\Employee\\Google Drive\\UP\\MyResearch\\TaskProgramming\\AB_pic\\resources\\callbell.jpg'
9.1184 	EXP 	polygon_2: opacity = 0.0
9.1350 	EXP 	polygon: opacity = 1.0
9.1350 	EXP 	displayPicture: image = 'C:\\Users\\Employee\\Google Drive\\UP\\MyResearch\\TaskProgramming\\AB_pic\\resources\\callbell.jpg'
9.1350 	EXP 	polygon_2: opacity = 0.0
9.1517 	EXP 	polygon: opacity = 1.0
9.1517 	EXP 	displayPicture: image = 'C:\\Users\\Employee\\Google Drive\\UP\\MyResearch\\TaskProgramming\\AB_pic\\resources\\callbell.jpg'
9.1517 	EXP 	polygon_2: opacity = 0.0
9.1683 	EXP 	polygon: opacity = 1.0
9.1683 	EXP 	displayPicture: image = 'C:\\Users\\Employee\\Google Drive\\UP\\MyResearch\\TaskProgramming\\AB_pic\\resources\\callbell.jpg'
9.1683 	EXP 	polygon_2: opacity = 0.0
9.1850 	EXP 	polygon: opacity = 1.0
9.1850 	EXP 	displayPicture: image = 'C:\\Users\\Employee\\Google Drive\\UP\\MyResearch\\TaskProgramming\\AB_pic\\resources\\callbell.jpg'
9.1850 	EXP 	polygon_2: opacity = 0.0
9.2017 	EXP 	polygon: opacity = 1.0
9.2017 	EXP 	displayPicture: image = 'C:\\Users\\Employee\\Google Drive\\UP\\MyResearch\\TaskProgramming\\AB_pic\\resources\\callbell.jpg'
9.2017 	EXP 	polygon_2: opacity = 0.0
9.2184 	EXP 	polygon: opacity = 1.0
9.2184 	EXP 	displayPicture: image = 'C:\\Users\\Employee\\Google Drive\\UP\\MyResearch\\TaskProgramming\\AB_pic\\resources\\callbell.jpg'
9.2184 	EXP 	polygon_2: opacity = 0.0
9.2350 	EXP 	polygon: opacity = 1.0
9.2350 	EXP 	displayPicture: image = 'C:\\Users\\Employee\\Google Drive\\UP\\MyResearch\\TaskProgramming\\AB_pic\\resources\\callbell.jpg'
9.2350 	EXP 	polygon_2: opacity = 0.0
9.2517 	EXP 	polygon: opacity = 1.0
9.2517 	EXP 	displayPicture: image = 'C:\\Users\\Employee\\Google Drive\\UP\\MyResearch\\TaskProgramming\\AB_pic\\resources\\callbell.jpg'
9.2517 	EXP 	polygon_2: opacity = 1.0
9.2683 	EXP 	polygon: opacity = 1.0
9.2683 	EXP 	displayPicture: image = 'C:\\Users\\Employee\\Google Drive\\UP\\MyResearch\\TaskProgramming\\AB_pic\\resources\\callbell.jpg'
9.2683 	EXP 	polygon_2: opacity = 1.0
9.2850 	EXP 	polygon: opacity = 1.0
9.2850 	EXP 	displayPicture: image = 'C:\\Users\\Employee\\Google Drive\\UP\\MyResearch\\TaskProgramming\\AB_pic\\resources\\callbell.jpg'
9.2850 	EXP 	polygon_2: opacity = 1.0
9.3017 	EXP 	polygon: opacity = 1.0
9.3017 	EXP 	displayPicture: image = 'C:\\Users\\Employee\\Google Drive\\UP\\MyResearch\\TaskProgramming\\AB_pic\\resources\\callbell.jpg'
9.3017 	EXP 	polygon_2: opacity = 1.0
9.3184 	EXP 	polygon: opacity = 1.0
9.3184 	EXP 	displayPicture: image = 'C:\\Users\\Employee\\Google Drive\\UP\\MyResearch\\TaskProgramming\\AB_pic\\resources\\callbell.jpg'
9.3184 	EXP 	polygon_2: opacity = 1.0
9.3350 	EXP 	polygon: opacity = 1.0
9.3350 	EXP 	displayPicture: image = 'C:\\Users\\Employee\\Google Drive\\UP\\MyResearch\\TaskProgramming\\AB_pic\\resources\\callbell.jpg'
9.3350 	EXP 	polygon_2: opacity = 1.0
9.3517 	EXP 	polygon: opacity = 1.0
9.3517 	EXP 	displayPicture: image = 'C:\\Users\\Employee\\Google Drive\\UP\\MyResearch\\TaskProgramming\\AB_pic\\resources\\callbell.jpg'
9.3517 	EXP 	polygon_2: opacity = 1.0
9.3683 	EXP 	polygon: opacity = 1.0
9.3683 	EXP 	displayPicture: image = 'C:\\Users\\Employee\\Google Drive\\UP\\MyResearch\\TaskProgramming\\AB_pic\\resources\\callbell.jpg'
9.3683 	EXP 	polygon_2: opacity = 1.0
9.3850 	EXP 	polygon: opacity = 1.0
9.3850 	EXP 	displayPicture: image = 'C:\\Users\\Employee\\Google Drive\\UP\\MyResearch\\TaskProgramming\\AB_pic\\resources\\callbell.jpg'
9.3850 	EXP 	polygon_2: opacity = 1.0
9.4017 	EXP 	polygon: opacity = 0.0
9.4017 	EXP 	displayPicture: image = 'C:\\Users\\Employee\\Google Drive\\UP\\MyResearch\\TaskProgramming\\AB_pic\\resources\\ironingboard01.jpg'
9.4017 	EXP 	polygon_2: opacity = 0.0
9.4184 	EXP 	polygon: opacity = 0.0
9.4184 	EXP 	displayPicture: image = 'C:\\Users\\Employee\\Google Drive\\UP\\MyResearch\\TaskProgramming\\AB_pic\\resources\\ironingboard01.jpg'
9.4184 	EXP 	polygon_2: opacity = 0.0
9.4350 	EXP 	polygon: opacity = 0.0
9.4350 	EXP 	displayPicture: image = 'C:\\Users\\Employee\\Google Drive\\UP\\MyResearch\\TaskProgramming\\AB_pic\\resources\\ironingboard01.jpg'
9.4350 	EXP 	polygon_2: opacity = 0.0
9.4517 	EXP 	polygon: opacity = 0.0
9.4517 	EXP 	displayPicture: image = 'C:\\Users\\Employee\\Google Drive\\UP\\MyResearch\\TaskProgramming\\AB_pic\\resources\\ironingboard01.jpg'
9.4517 	EXP 	polygon_2: opacity = 0.0
9.4684 	EXP 	polygon: opacity = 0.0
9.4684 	EXP 	displayPicture: image = 'C:\\Users\\Employee\\Google Drive\\UP\\MyResearch\\TaskProgramming\\AB_pic\\resources\\ironingboard01.jpg'
9.4684 	EXP 	polygon_2: opacity = 0.0
9.4850 	EXP 	polygon: opacity = 0.0
9.4850 	EXP 	displayPicture: image = 'C:\\Users\\Employee\\Google Drive\\UP\\MyResearch\\TaskProgramming\\AB_pic\\resources\\ironingboard01.jpg'
9.4850 	EXP 	polygon_2: opacity = 0.0
9.5017 	EXP 	polygon: opacity = 0.0
9.5017 	EXP 	displayPicture: image = 'C:\\Users\\Employee\\Google Drive\\UP\\MyResearch\\TaskProgramming\\AB_pic\\resources\\ironingboard01.jpg'
9.5017 	EXP 	polygon_2: opacity = 0.0
9.5183 	EXP 	polygon: opacity = 0.0
9.5183 	EXP 	displayPicture: image = 'C:\\Users\\Employee\\Google Drive\\UP\\MyResearch\\TaskProgramming\\AB_pic\\resources\\ironingboard01.jpg'
9.5183 	EXP 	polygon_2: opacity = 0.0
9.5350 	EXP 	polygon: opacity = 0.0
9.5350 	EXP 	displayPicture: image = 'C:\\Users\\Employee\\Google Drive\\UP\\MyResearch\\TaskProgramming\\AB_pic\\resources\\ironingboard01.jpg'
9.5350 	EXP 	polygon_2: opacity = 0.0
9.5517 	EXP 	polygon: opacity = 0.0
9.5517 	EXP 	displayPicture: image = 'C:\\Users\\Employee\\Google Drive\\UP\\MyResearch\\TaskProgramming\\AB_pic\\resources\\ironingboard01.jpg'
9.5517 	EXP 	polygon_2: opacity = 0.0
9.5683 	EXP 	polygon: opacity = 0.0
9.5683 	EXP 	displayPicture: image = 'C:\\Users\\Employee\\Google Drive\\UP\\MyResearch\\TaskProgramming\\AB_pic\\resources\\ironingboard01.jpg'
9.5683 	EXP 	polygon_2: opacity = 0.0
9.5850 	EXP 	polygon: opacity = 0.0
9.5850 	EXP 	displayPicture: image = 'C:\\Users\\Employee\\Google Drive\\UP\\MyResearch\\TaskProgramming\\AB_pic\\resources\\ironingboard01.jpg'
9.5850 	EXP 	polygon_2: opacity = 0.0
9.6017 	EXP 	polygon: opacity = 0.0
9.6017 	EXP 	displayPicture: image = 'C:\\Users\\Employee\\Google Drive\\UP\\MyResearch\\TaskProgramming\\AB_pic\\resources\\ironingboard01.jpg'
9.6017 	EXP 	polygon_2: opacity = 1.0
9.6183 	EXP 	polygon: opacity = 0.0
9.6183 	EXP 	displayPicture: image = 'C:\\Users\\Employee\\Google Drive\\UP\\MyResearch\\TaskProgramming\\AB_pic\\resources\\ironingboard01.jpg'
9.6183 	EXP 	polygon_2: opacity = 1.0
9.6350 	EXP 	polygon: opacity = 0.0
9.6350 	EXP 	displayPicture: image = 'C:\\Users\\Employee\\Google Drive\\UP\\MyResearch\\TaskProgramming\\AB_pic\\resources\\ironingboard01.jpg'
9.6350 	EXP 	polygon_2: opacity = 1.0
9.6517 	EXP 	polygon: opacity = 0.0
9.6517 	EXP 	displayPicture: image = 'C:\\Users\\Employee\\Google Drive\\UP\\MyResearch\\TaskProgramming\\AB_pic\\resources\\ironingboard01.jpg'
9.6517 	EXP 	polygon_2: opacity = 1.0
9.6683 	EXP 	polygon: opacity = 0.0
9.6683 	EXP 	displayPicture: image = 'C:\\Users\\Employee\\Google Drive\\UP\\MyResearch\\TaskProgramming\\AB_pic\\resources\\ironingboard01.jpg'
9.6683 	EXP 	polygon_2: opacity = 1.0
9.6850 	EXP 	polygon: opacity = 0.0
9.6850 	EXP 	displayPicture: image = 'C:\\Users\\Employee\\Google Drive\\UP\\MyResearch\\TaskProgramming\\AB_pic\\resources\\ironingboard01.jpg'
9.6850 	EXP 	polygon_2: opacity = 1.0
9.7017 	EXP 	polygon: opacity = 0.0
9.7017 	EXP 	displayPicture: image = 'C:\\Users\\Employee\\Google Drive\\UP\\MyResearch\\TaskProgramming\\AB_pic\\resources\\ironingboard01.jpg'
9.7017 	EXP 	polygon_2: opacity = 1.0
9.7184 	EXP 	polygon: opacity = 0.0
9.7184 	EXP 	displayPicture: image = 'C:\\Users\\Employee\\Google Drive\\UP\\MyResearch\\TaskProgramming\\AB_pic\\resources\\ironingboard01.jpg'
9.7184 	EXP 	polygon_2: opacity = 1.0
9.7350 	EXP 	polygon: opacity = 0.0
9.7350 	EXP 	displayPicture: image = 'C:\\Users\\Employee\\Google Drive\\UP\\MyResearch\\TaskProgramming\\AB_pic\\resources\\ironingboard01.jpg'
9.7350 	EXP 	polygon_2: opacity = 1.0
9.7517 	EXP 	polygon: opacity = 0.0
9.7517 	EXP 	displayPicture: image = 'C:\\Users\\Employee\\Google Drive\\UP\\MyResearch\\TaskProgramming\\AB_pic\\resources\\dartboard.jpg'
9.7517 	EXP 	polygon_2: opacity = 0.0
9.7684 	EXP 	polygon: opacity = 0.0
9.7684 	EXP 	displayPicture: image = 'C:\\Users\\Employee\\Google Drive\\UP\\MyResearch\\TaskProgramming\\AB_pic\\resources\\dartboard.jpg'
9.7684 	EXP 	polygon_2: opacity = 0.0
9.7850 	EXP 	polygon: opacity = 0.0
9.7850 	EXP 	displayPicture: image = 'C:\\Users\\Employee\\Google Drive\\UP\\MyResearch\\TaskProgramming\\AB_pic\\resources\\dartboard.jpg'
9.7850 	EXP 	polygon_2: opacity = 0.0
9.8017 	EXP 	polygon: opacity = 0.0
9.8017 	EXP 	displayPicture: image = 'C:\\Users\\Employee\\Google Drive\\UP\\MyResearch\\TaskProgramming\\AB_pic\\resources\\dartboard.jpg'
9.8017 	EXP 	polygon_2: opacity = 0.0
9.8183 	EXP 	polygon: opacity = 0.0
9.8183 	EXP 	displayPicture: image = 'C:\\Users\\Employee\\Google Drive\\UP\\MyResearch\\TaskProgramming\\AB_pic\\resources\\dartboard.jpg'
9.8183 	EXP 	polygon_2: opacity = 0.0
9.8350 	EXP 	polygon: opacity = 0.0
9.8350 	EXP 	displayPicture: image = 'C:\\Users\\Employee\\Google Drive\\UP\\MyResearch\\TaskProgramming\\AB_pic\\resources\\dartboard.jpg'
9.8350 	EXP 	polygon_2: opacity = 0.0
9.8517 	EXP 	polygon: opacity = 0.0
9.8517 	EXP 	displayPicture: image = 'C:\\Users\\Employee\\Google Drive\\UP\\MyResearch\\TaskProgramming\\AB_pic\\resources\\dartboard.jpg'
9.8517 	EXP 	polygon_2: opacity = 0.0
9.8683 	EXP 	polygon: opacity = 0.0
9.8683 	EXP 	displayPicture: image = 'C:\\Users\\Employee\\Google Drive\\UP\\MyResearch\\TaskProgramming\\AB_pic\\resources\\dartboard.jpg'
9.8683 	EXP 	polygon_2: opacity = 0.0
9.8850 	EXP 	polygon: opacity = 0.0
9.8850 	EXP 	displayPicture: image = 'C:\\Users\\Employee\\Google Drive\\UP\\MyResearch\\TaskProgramming\\AB_pic\\resources\\dartboard.jpg'
9.8850 	EXP 	polygon_2: opacity = 0.0
9.9017 	EXP 	polygon: opacity = 0.0
9.9017 	EXP 	displayPicture: image = 'C:\\Users\\Employee\\Google Drive\\UP\\MyResearch\\TaskProgramming\\AB_pic\\resources\\dartboard.jpg'
9.9017 	EXP 	polygon_2: opacity = 0.0
9.9183 	EXP 	polygon: opacity = 0.0
9.9183 	EXP 	displayPicture: image = 'C:\\Users\\Employee\\Google Drive\\UP\\MyResearch\\TaskProgramming\\AB_pic\\resources\\dartboard.jpg'
9.9183 	EXP 	polygon_2: opacity = 0.0
9.9350 	EXP 	polygon: opacity = 0.0
9.9350 	EXP 	displayPicture: image = 'C:\\Users\\Employee\\Google Drive\\UP\\MyResearch\\TaskProgramming\\AB_pic\\resources\\dartboard.jpg'
9.9350 	EXP 	polygon_2: opacity = 0.0
9.9516 	EXP 	polygon: opacity = 0.0
9.9516 	EXP 	displayPicture: image = 'C:\\Users\\Employee\\Google Drive\\UP\\MyResearch\\TaskProgramming\\AB_pic\\resources\\dartboard.jpg'
9.9516 	EXP 	polygon_2: opacity = 1.0
9.9683 	EXP 	polygon: opacity = 0.0
9.9683 	EXP 	displayPicture: image = 'C:\\Users\\Employee\\Google Drive\\UP\\MyResearch\\TaskProgramming\\AB_pic\\resources\\dartboard.jpg'
9.9683 	EXP 	polygon_2: opacity = 1.0
9.9850 	EXP 	polygon: opacity = 0.0
9.9850 	EXP 	displayPicture: image = 'C:\\Users\\Employee\\Google Drive\\UP\\MyResearch\\TaskProgramming\\AB_pic\\resources\\dartboard.jpg'
9.9850 	EXP 	polygon_2: opacity = 1.0
10.0016 	EXP 	polygon: opacity = 0.0
10.0016 	EXP 	displayPicture: image = 'C:\\Users\\Employee\\Google Drive\\UP\\MyResearch\\TaskProgramming\\AB_pic\\resources\\dartboard.jpg'
10.0016 	EXP 	polygon_2: opacity = 1.0
10.0183 	EXP 	polygon: opacity = 0.0
10.0183 	EXP 	displayPicture: image = 'C:\\Users\\Employee\\Google Drive\\UP\\MyResearch\\TaskProgramming\\AB_pic\\resources\\dartboard.jpg'
10.0183 	EXP 	polygon_2: opacity = 1.0
10.0350 	EXP 	polygon: opacity = 0.0
10.0350 	EXP 	displayPicture: image = 'C:\\Users\\Employee\\Google Drive\\UP\\MyResearch\\TaskProgramming\\AB_pic\\resources\\dartboard.jpg'
10.0350 	EXP 	polygon_2: opacity = 1.0
10.0517 	EXP 	polygon: opacity = 0.0
10.0517 	EXP 	displayPicture: image = 'C:\\Users\\Employee\\Google Drive\\UP\\MyResearch\\TaskProgramming\\AB_pic\\resources\\dartboard.jpg'
10.0517 	EXP 	polygon_2: opacity = 1.0
10.0683 	EXP 	polygon: opacity = 0.0
10.0683 	EXP 	displayPicture: image = 'C:\\Users\\Employee\\Google Drive\\UP\\MyResearch\\TaskProgramming\\AB_pic\\resources\\dartboard.jpg'
10.0683 	EXP 	polygon_2: opacity = 1.0
10.0850 	EXP 	polygon: opacity = 0.0
10.0850 	EXP 	displayPicture: image = 'C:\\Users\\Employee\\Google Drive\\UP\\MyResearch\\TaskProgramming\\AB_pic\\resources\\dartboard.jpg'
10.0850 	EXP 	polygon_2: opacity = 1.0
10.1017 	EXP 	polygon: opacity = 0.0
10.1017 	EXP 	displayPicture: image = 'C:\\Users\\Employee\\Google Drive\\UP\\MyResearch\\TaskProgramming\\AB_pic\\resources\\snowboard.jpg'
10.1017 	EXP 	polygon_2: opacity = 0.0
10.1183 	EXP 	polygon: opacity = 0.0
10.1183 	EXP 	displayPicture: image = 'C:\\Users\\Employee\\Google Drive\\UP\\MyResearch\\TaskProgramming\\AB_pic\\resources\\snowboard.jpg'
10.1183 	EXP 	polygon_2: opacity = 0.0
10.1350 	EXP 	polygon: opacity = 0.0
10.1350 	EXP 	displayPicture: image = 'C:\\Users\\Employee\\Google Drive\\UP\\MyResearch\\TaskProgramming\\AB_pic\\resources\\snowboard.jpg'
10.1350 	EXP 	polygon_2: opacity = 0.0
10.1517 	EXP 	polygon: opacity = 0.0
10.1517 	EXP 	displayPicture: image = 'C:\\Users\\Employee\\Google Drive\\UP\\MyResearch\\TaskProgramming\\AB_pic\\resources\\snowboard.jpg'
10.1517 	EXP 	polygon_2: opacity = 0.0
10.1683 	EXP 	polygon: opacity = 0.0
10.1683 	EXP 	displayPicture: image = 'C:\\Users\\Employee\\Google Drive\\UP\\MyResearch\\TaskProgramming\\AB_pic\\resources\\snowboard.jpg'
10.1683 	EXP 	polygon_2: opacity = 0.0
10.1850 	EXP 	polygon: opacity = 0.0
10.1850 	EXP 	displayPicture: image = 'C:\\Users\\Employee\\Google Drive\\UP\\MyResearch\\TaskProgramming\\AB_pic\\resources\\snowboard.jpg'
10.1850 	EXP 	polygon_2: opacity = 0.0
10.2016 	EXP 	polygon: opacity = 0.0
10.2016 	EXP 	displayPicture: image = 'C:\\Users\\Employee\\Google Drive\\UP\\MyResearch\\TaskProgramming\\AB_pic\\resources\\snowboard.jpg'
10.2016 	EXP 	polygon_2: opacity = 0.0
10.2183 	EXP 	polygon: opacity = 0.0
10.2183 	EXP 	displayPicture: image = 'C:\\Users\\Employee\\Google Drive\\UP\\MyResearch\\TaskProgramming\\AB_pic\\resources\\snowboard.jpg'
10.2183 	EXP 	polygon_2: opacity = 0.0
10.2349 	EXP 	polygon: opacity = 0.0
10.2349 	EXP 	displayPicture: image = 'C:\\Users\\Employee\\Google Drive\\UP\\MyResearch\\TaskProgramming\\AB_pic\\resources\\snowboard.jpg'
10.2349 	EXP 	polygon_2: opacity = 0.0
10.2516 	EXP 	polygon: opacity = 0.0
10.2516 	EXP 	displayPicture: image = 'C:\\Users\\Employee\\Google Drive\\UP\\MyResearch\\TaskProgramming\\AB_pic\\resources\\snowboard.jpg'
10.2516 	EXP 	polygon_2: opacity = 0.0
10.2683 	EXP 	polygon: opacity = 0.0
10.2683 	EXP 	displayPicture: image = 'C:\\Users\\Employee\\Google Drive\\UP\\MyResearch\\TaskProgramming\\AB_pic\\resources\\snowboard.jpg'
10.2683 	EXP 	polygon_2: opacity = 0.0
10.2850 	EXP 	polygon: opacity = 0.0
10.2850 	EXP 	displayPicture: image = 'C:\\Users\\Employee\\Google Drive\\UP\\MyResearch\\TaskProgramming\\AB_pic\\resources\\snowboard.jpg'
10.2850 	EXP 	polygon_2: opacity = 0.0
10.3016 	EXP 	polygon: opacity = 0.0
10.3016 	EXP 	displayPicture: image = 'C:\\Users\\Employee\\Google Drive\\UP\\MyResearch\\TaskProgramming\\AB_pic\\resources\\snowboard.jpg'
10.3016 	EXP 	polygon_2: opacity = 1.0
10.3183 	EXP 	polygon: opacity = 0.0
10.3183 	EXP 	displayPicture: image = 'C:\\Users\\Employee\\Google Drive\\UP\\MyResearch\\TaskProgramming\\AB_pic\\resources\\snowboard.jpg'
10.3183 	EXP 	polygon_2: opacity = 1.0
10.3349 	EXP 	polygon: opacity = 0.0
10.3349 	EXP 	displayPicture: image = 'C:\\Users\\Employee\\Google Drive\\UP\\MyResearch\\TaskProgramming\\AB_pic\\resources\\snowboard.jpg'
10.3349 	EXP 	polygon_2: opacity = 1.0
10.3516 	EXP 	polygon: opacity = 0.0
10.3516 	EXP 	displayPicture: image = 'C:\\Users\\Employee\\Google Drive\\UP\\MyResearch\\TaskProgramming\\AB_pic\\resources\\snowboard.jpg'
10.3516 	EXP 	polygon_2: opacity = 1.0
10.3683 	EXP 	polygon: opacity = 0.0
10.3683 	EXP 	displayPicture: image = 'C:\\Users\\Employee\\Google Drive\\UP\\MyResearch\\TaskProgramming\\AB_pic\\resources\\snowboard.jpg'
10.3683 	EXP 	polygon_2: opacity = 1.0
10.3849 	EXP 	polygon: opacity = 0.0
10.3849 	EXP 	displayPicture: image = 'C:\\Users\\Employee\\Google Drive\\UP\\MyResearch\\TaskProgramming\\AB_pic\\resources\\snowboard.jpg'
10.3849 	EXP 	polygon_2: opacity = 1.0
10.4016 	EXP 	polygon: opacity = 0.0
10.4016 	EXP 	displayPicture: image = 'C:\\Users\\Employee\\Google Drive\\UP\\MyResearch\\TaskProgramming\\AB_pic\\resources\\snowboard.jpg'
10.4016 	EXP 	polygon_2: opacity = 1.0
10.4183 	EXP 	polygon: opacity = 0.0
10.4183 	EXP 	displayPicture: image = 'C:\\Users\\Employee\\Google Drive\\UP\\MyResearch\\TaskProgramming\\AB_pic\\resources\\snowboard.jpg'
10.4183 	EXP 	polygon_2: opacity = 1.0
10.4349 	EXP 	polygon: opacity = 0.0
10.4349 	EXP 	displayPicture: image = 'C:\\Users\\Employee\\Google Drive\\UP\\MyResearch\\TaskProgramming\\AB_pic\\resources\\snowboard.jpg'
10.4349 	EXP 	polygon_2: opacity = 1.0
10.4683 	EXP 	polygon: opacity = 0.0
10.4683 	EXP 	displayPicture: image = 'C:\\Users\\Employee\\Google Drive\\UP\\MyResearch\\TaskProgramming\\AB_pic\\resources\\snowboard.jpg'
10.4683 	EXP 	polygon_2: opacity = 0.0
10.4683 	EXP 	polygon: autoDraw = False
10.4683 	EXP 	displayPicture: autoDraw = False
10.4683 	EXP 	polygon_2: autoDraw = False
10.4683 	EXP 	option1_t1: image = 'C:\\Users\\Employee\\Google Drive\\UP\\MyResearch\\TaskProgramming\\AB_pic\\resources\\jellybean.jpg'
10.4683 	EXP 	option2_t1: image = 'C:\\Users\\Employee\\Google Drive\\UP\\MyResearch\\TaskProgramming\\AB_pic\\resources\\callbell.jpg'
10.4683 	EXP 	option1_t1: autoDraw = True
10.4683 	EXP 	option2_t1: autoDraw = True
11.7357 	DATA 	Keypress: right
11.7515 	EXP 	option1_t1: autoDraw = False
11.7515 	EXP 	option2_t1: autoDraw = False
11.7515 	EXP 	option1_t2: image = 'C:\\Users\\Employee\\Google Drive\\UP\\MyResearch\\TaskProgramming\\AB_pic\\resources\\jellybean.jpg'
11.7515 	EXP 	option2_t2: image = 'C:\\Users\\Employee\\Google Drive\\UP\\MyResearch\\TaskProgramming\\AB_pic\\resources\\callbell.jpg'
11.7515 	EXP 	option1_t2: autoDraw = True
11.7515 	EXP 	option2_t2: autoDraw = True
14.1253 	DATA 	Keypress: left
14.1347 	EXP 	option1_t2: autoDraw = False
14.1347 	EXP 	option2_t2: autoDraw = False
14.1347 	EXP 	text: text = ''
14.1347 	EXP 	text: autoDraw = True
14.1513 	EXP 	text: autoDraw = False
19.5215 	DATA 	Keypress: escape
19.6911 	EXP 	window1: mouseVisible = True
