0.7988 	WARNING 	We strongly recommend you activate the PTB sound engine in PsychoPy prefs as the preferred audio engine. Its timing is vastly superior. Your prefs are currently set to use ['sounddevice', 'PTB', 'pyo', 'pygame'] (in that order).
3.7475 	WARNING 	User requested fullscreen with size [1024  768], but screen is actually [1920, 1080]. Using actual size
4.6334 	EXP 	Created window1 = Window(allowGUI=False, allowStencil=False, args=UNKNOWN, autoLog=True, bitsMode=UNKNOWN, blendMode='avg', bpc=(8, 8, 8), color=array([0., 0., 0.]), colorSpace='rgb', depthBits=8, fullscr=<method-wrapper '__getattribute__' of attributeSetter object at 0x0000017DF483FE10>, gamma=None, gammaErrorPolicy='raise', kwargs=UNKNOWN, lms=UNKNOWN, monitor=<psychopy.monitors.calibTools.Monitor object at 0x0000017DF4790470>, multiSample=False, name='window1', numSamples=2, pos=[0.0, 0.0], screen=0, size=array([1920, 1080]), stencilBits=0, stereo=False, units='height', useFBO=True, useRetina=False, viewOri=0.0, viewPos=None, viewScale=None, waitBlanking=True, winType='pyglet')
4.6338 	EXP 	window1: mouseVisible = True
4.6339 	EXP 	window1: recordFrameIntervals = False
4.7997 	EXP 	window1: recordFrameIntervals = True
4.9831 	EXP 	window1: recordFrameIntervals = False
5.0515 	EXP 	Created polygon = Rect(__class__=<class 'psychopy.visual.rect.Rect'>, autoDraw=False, autoLog=True, closeShape=True, color=method-wrapper(...), colorSpace=None, contrast=1.0, depth=-3.0, fillColor=array([1., 0., 0.]), fillColorSpace='rgb', fillRGB=array([1., 0., 0.]), interpolate=True, lineColor=array([1., 1., 1.]), lineColorSpace='rgb', lineRGB=array([1., 1., 1.]), lineWidth=1, name='polygon', opacity=1.0, ori=array(0.), pos=array([0., 0.]), size=array([0.6, 0.6]), units='height', vertices=ndarray(...), win=Window(...))
5.0562 	EXP 	Created displayPicture = ImageStim(__class__=<class 'psychopy.visual.image.ImageStim'>, autoLog=True, color=array([1., 1., 1.]), colorSpace='rgb', contrast=1.0, depth=-4.0, flipHoriz=False, flipVert=False, image='sin', interpolate=True, mask=None, maskParams=None, name='displayPicture', opacity=1.0, ori=0.0, pos=array([0., 0.]), size=array([0.25, 0.25]), texRes=128, units='height', win=Window(...))
5.0575 	EXP 	Created polygon_2 = ShapeStim(__class__=<class 'psychopy.visual.shape.ShapeStim'>, autoDraw=False, autoLog=True, closeShape=True, contrast=1.0, depth=-5.0, fillColor=array([1., 1., 1.]), fillColorSpace='rgb', interpolate=True, lineColor=array([1., 1., 1.]), lineColorSpace='rgb', lineWidth=1, name='polygon_2', opacity=0.0, ori=array(0.), pos=array([0., 0.]), size=array([1., 1.]), units='height', vertices=ndarray(...), win=Window(...), windingRule=None)
5.0600 	EXP 	Created option1_t1 = ImageStim(__class__=<class 'psychopy.visual.image.ImageStim'>, autoLog=True, color=array([1., 1., 1.]), colorSpace='rgb', contrast=1.0, depth=-1.0, flipHoriz=False, flipVert=False, image='sin', interpolate=True, mask=None, maskParams=None, name='option1_t1', opacity=1.0, ori=0.0, pos=array([-0.3,  0. ]), size=array([0.25, 0.25]), texRes=128, units='height', win=Window(...))
5.0624 	EXP 	Created option2_t1 = ImageStim(__class__=<class 'psychopy.visual.image.ImageStim'>, autoLog=True, color=array([1., 1., 1.]), colorSpace='rgb', contrast=1.0, depth=-2.0, flipHoriz=False, flipVert=False, image='sin', interpolate=True, mask=None, maskParams=None, name='option2_t1', opacity=1.0, ori=0.0, pos=array([0.3, 0. ]), size=array([0.25, 0.25]), texRes=128, units='height', win=Window(...))
5.0648 	EXP 	Created option1_t2 = ImageStim(__class__=<class 'psychopy.visual.image.ImageStim'>, autoLog=True, color=array([1., 1., 1.]), colorSpace='rgb', contrast=1.0, depth=-1.0, flipHoriz=False, flipVert=False, image='sin', interpolate=True, mask=None, maskParams=None, name='option1_t2', opacity=1.0, ori=0.0, pos=array([0.3, 0. ]), size=array([0.25, 0.25]), texRes=128, units='height', win=Window(...))
5.0670 	EXP 	Created option2_t2 = ImageStim(__class__=<class 'psychopy.visual.image.ImageStim'>, autoLog=True, color=array([1., 1., 1.]), colorSpace='rgb', contrast=1.0, depth=-2.0, flipHoriz=False, flipVert=False, image='sin', interpolate=True, mask=None, maskParams=None, name='option2_t2', opacity=1.0, ori=0.0, pos=array([-0.3,  0. ]), size=array([0.25, 0.25]), texRes=128, units='height', win=Window(...))
5.1053 	EXP 	Imported conditionAB.xlsx as conditions, 140 conditions, 9 params
5.1058 	EXP 	Created sequence: random, trialTypes=140, nReps=1, seed=None
5.1061 	EXP 	New trial (rep=0, index=0): OrderedDict([('trialType', 'AB'), ('cndTyp', 'lag3'), ('lag', 3), ('T1_loc', 4), ('gap', 0), ('T2_loc', 7), ('primePos', 103), ('stimLen', 0.2), ('isi', 0.05)])
5.1963 	EXP 	polygon: autoDraw = True
5.1963 	EXP 	polygon: opacity = 0.0
5.1963 	EXP 	displayPicture: autoDraw = True
5.1963 	EXP 	displayPicture: image = 'C:\\Users\\Employee\\Google Drive\\UP\\MyResearch\\TaskProgramming\\AB_pic\\resources\\cymbal.jpg'
5.1963 	EXP 	polygon_2: autoDraw = True
5.2163 	EXP 	polygon: opacity = 0.0
5.2163 	EXP 	displayPicture: image = 'C:\\Users\\Employee\\Google Drive\\UP\\MyResearch\\TaskProgramming\\AB_pic\\resources\\cymbal.jpg'
5.2326 	EXP 	polygon: opacity = 0.0
5.2326 	EXP 	displayPicture: image = 'C:\\Users\\Employee\\Google Drive\\UP\\MyResearch\\TaskProgramming\\AB_pic\\resources\\cymbal.jpg'
5.2496 	EXP 	polygon: opacity = 0.0
5.2496 	EXP 	displayPicture: image = 'C:\\Users\\Employee\\Google Drive\\UP\\MyResearch\\TaskProgramming\\AB_pic\\resources\\cymbal.jpg'
5.2662 	EXP 	polygon: opacity = 0.0
5.2662 	EXP 	displayPicture: image = 'C:\\Users\\Employee\\Google Drive\\UP\\MyResearch\\TaskProgramming\\AB_pic\\resources\\cymbal.jpg'
5.2829 	EXP 	polygon: opacity = 0.0
5.2829 	EXP 	displayPicture: image = 'C:\\Users\\Employee\\Google Drive\\UP\\MyResearch\\TaskProgramming\\AB_pic\\resources\\cymbal.jpg'
5.2995 	EXP 	polygon: opacity = 0.0
5.2995 	EXP 	displayPicture: image = 'C:\\Users\\Employee\\Google Drive\\UP\\MyResearch\\TaskProgramming\\AB_pic\\resources\\cymbal.jpg'
5.3162 	EXP 	polygon: opacity = 0.0
5.3162 	EXP 	displayPicture: image = 'C:\\Users\\Employee\\Google Drive\\UP\\MyResearch\\TaskProgramming\\AB_pic\\resources\\cymbal.jpg'
5.3329 	EXP 	polygon: opacity = 0.0
5.3329 	EXP 	displayPicture: image = 'C:\\Users\\Employee\\Google Drive\\UP\\MyResearch\\TaskProgramming\\AB_pic\\resources\\cymbal.jpg'
5.3496 	EXP 	polygon: opacity = 0.0
5.3496 	EXP 	displayPicture: image = 'C:\\Users\\Employee\\Google Drive\\UP\\MyResearch\\TaskProgramming\\AB_pic\\resources\\cymbal.jpg'
5.3829 	EXP 	polygon: opacity = 0.0
5.3829 	EXP 	displayPicture: image = 'C:\\Users\\Employee\\Google Drive\\UP\\MyResearch\\TaskProgramming\\AB_pic\\resources\\scooter.jpg'
5.3996 	EXP 	polygon: opacity = 0.0
5.3996 	EXP 	displayPicture: image = 'C:\\Users\\Employee\\Google Drive\\UP\\MyResearch\\TaskProgramming\\AB_pic\\resources\\scooter.jpg'
5.4162 	EXP 	polygon: opacity = 0.0
5.4162 	EXP 	displayPicture: image = 'C:\\Users\\Employee\\Google Drive\\UP\\MyResearch\\TaskProgramming\\AB_pic\\resources\\scooter.jpg'
5.4329 	EXP 	polygon: opacity = 0.0
5.4329 	EXP 	displayPicture: image = 'C:\\Users\\Employee\\Google Drive\\UP\\MyResearch\\TaskProgramming\\AB_pic\\resources\\scooter.jpg'
5.4496 	EXP 	polygon: opacity = 0.0
5.4496 	EXP 	displayPicture: image = 'C:\\Users\\Employee\\Google Drive\\UP\\MyResearch\\TaskProgramming\\AB_pic\\resources\\scooter.jpg'
5.4662 	EXP 	polygon: opacity = 0.0
5.4662 	EXP 	displayPicture: image = 'C:\\Users\\Employee\\Google Drive\\UP\\MyResearch\\TaskProgramming\\AB_pic\\resources\\scooter.jpg'
5.4829 	EXP 	polygon: opacity = 0.0
5.4829 	EXP 	displayPicture: image = 'C:\\Users\\Employee\\Google Drive\\UP\\MyResearch\\TaskProgramming\\AB_pic\\resources\\scooter.jpg'
5.4996 	EXP 	polygon: opacity = 0.0
5.4996 	EXP 	displayPicture: image = 'C:\\Users\\Employee\\Google Drive\\UP\\MyResearch\\TaskProgramming\\AB_pic\\resources\\scooter.jpg'
5.5162 	EXP 	polygon: opacity = 0.0
5.5162 	EXP 	displayPicture: image = 'C:\\Users\\Employee\\Google Drive\\UP\\MyResearch\\TaskProgramming\\AB_pic\\resources\\scooter.jpg'
5.5329 	EXP 	polygon: opacity = 0.0
5.5329 	EXP 	displayPicture: image = 'C:\\Users\\Employee\\Google Drive\\UP\\MyResearch\\TaskProgramming\\AB_pic\\resources\\scooter.jpg'
5.5496 	EXP 	polygon: opacity = 0.0
5.5496 	EXP 	displayPicture: image = 'C:\\Users\\Employee\\Google Drive\\UP\\MyResearch\\TaskProgramming\\AB_pic\\resources\\scooter.jpg'
5.5662 	EXP 	polygon: opacity = 0.0
5.5662 	EXP 	displayPicture: image = 'C:\\Users\\Employee\\Google Drive\\UP\\MyResearch\\TaskProgramming\\AB_pic\\resources\\scooter.jpg'
5.5829 	EXP 	polygon: opacity = 0.0
5.5829 	EXP 	displayPicture: image = 'C:\\Users\\Employee\\Google Drive\\UP\\MyResearch\\TaskProgramming\\AB_pic\\resources\\scooter.jpg'
5.5995 	EXP 	polygon: opacity = 0.0
5.5995 	EXP 	displayPicture: image = 'C:\\Users\\Employee\\Google Drive\\UP\\MyResearch\\TaskProgramming\\AB_pic\\resources\\scooter.jpg'
5.6162 	EXP 	polygon: opacity = 0.0
5.6162 	EXP 	displayPicture: image = 'C:\\Users\\Employee\\Google Drive\\UP\\MyResearch\\TaskProgramming\\AB_pic\\resources\\dolphin01.jpg'
5.6329 	EXP 	polygon: opacity = 0.0
5.6329 	EXP 	displayPicture: image = 'C:\\Users\\Employee\\Google Drive\\UP\\MyResearch\\TaskProgramming\\AB_pic\\resources\\dolphin01.jpg'
5.6663 	EXP 	polygon: opacity = 0.0
5.6663 	EXP 	displayPicture: image = 'C:\\Users\\Employee\\Google Drive\\UP\\MyResearch\\TaskProgramming\\AB_pic\\resources\\dolphin01.jpg'
5.6829 	EXP 	polygon: opacity = 0.0
5.6829 	EXP 	displayPicture: image = 'C:\\Users\\Employee\\Google Drive\\UP\\MyResearch\\TaskProgramming\\AB_pic\\resources\\dolphin01.jpg'
5.6995 	EXP 	polygon: opacity = 0.0
5.6995 	EXP 	displayPicture: image = 'C:\\Users\\Employee\\Google Drive\\UP\\MyResearch\\TaskProgramming\\AB_pic\\resources\\dolphin01.jpg'
5.7164 	EXP 	polygon: opacity = 0.0
5.7164 	EXP 	displayPicture: image = 'C:\\Users\\Employee\\Google Drive\\UP\\MyResearch\\TaskProgramming\\AB_pic\\resources\\dolphin01.jpg'
5.7329 	EXP 	polygon: opacity = 0.0
5.7329 	EXP 	displayPicture: image = 'C:\\Users\\Employee\\Google Drive\\UP\\MyResearch\\TaskProgramming\\AB_pic\\resources\\dolphin01.jpg'
5.7495 	EXP 	polygon: opacity = 0.0
5.7495 	EXP 	displayPicture: image = 'C:\\Users\\Employee\\Google Drive\\UP\\MyResearch\\TaskProgramming\\AB_pic\\resources\\dolphin01.jpg'
5.7662 	EXP 	polygon: opacity = 0.0
5.7662 	EXP 	displayPicture: image = 'C:\\Users\\Employee\\Google Drive\\UP\\MyResearch\\TaskProgramming\\AB_pic\\resources\\dolphin01.jpg'
5.7828 	EXP 	polygon: opacity = 0.0
5.7828 	EXP 	displayPicture: image = 'C:\\Users\\Employee\\Google Drive\\UP\\MyResearch\\TaskProgramming\\AB_pic\\resources\\dolphin01.jpg'
5.7995 	EXP 	polygon: opacity = 0.0
5.7995 	EXP 	displayPicture: image = 'C:\\Users\\Employee\\Google Drive\\UP\\MyResearch\\TaskProgramming\\AB_pic\\resources\\dolphin01.jpg'
5.8162 	EXP 	polygon: opacity = 0.0
5.8162 	EXP 	displayPicture: image = 'C:\\Users\\Employee\\Google Drive\\UP\\MyResearch\\TaskProgramming\\AB_pic\\resources\\dolphin01.jpg'
5.8329 	EXP 	polygon: opacity = 0.0
5.8329 	EXP 	displayPicture: image = 'C:\\Users\\Employee\\Google Drive\\UP\\MyResearch\\TaskProgramming\\AB_pic\\resources\\dolphin01.jpg'
5.8496 	EXP 	polygon: opacity = 0.0
5.8496 	EXP 	displayPicture: image = 'C:\\Users\\Employee\\Google Drive\\UP\\MyResearch\\TaskProgramming\\AB_pic\\resources\\dolphin01.jpg'
5.8662 	EXP 	polygon: opacity = 1.0
5.8662 	EXP 	displayPicture: image = 'C:\\Users\\Employee\\Google Drive\\UP\\MyResearch\\TaskProgramming\\AB_pic\\resources\\urinal.jpg'
5.8831 	EXP 	polygon: opacity = 1.0
5.8831 	EXP 	displayPicture: image = 'C:\\Users\\Employee\\Google Drive\\UP\\MyResearch\\TaskProgramming\\AB_pic\\resources\\urinal.jpg'
5.8996 	EXP 	polygon: opacity = 1.0
5.8996 	EXP 	displayPicture: image = 'C:\\Users\\Employee\\Google Drive\\UP\\MyResearch\\TaskProgramming\\AB_pic\\resources\\urinal.jpg'
5.9162 	EXP 	polygon: opacity = 1.0
5.9162 	EXP 	displayPicture: image = 'C:\\Users\\Employee\\Google Drive\\UP\\MyResearch\\TaskProgramming\\AB_pic\\resources\\urinal.jpg'
5.9329 	EXP 	polygon: opacity = 1.0
5.9329 	EXP 	displayPicture: image = 'C:\\Users\\Employee\\Google Drive\\UP\\MyResearch\\TaskProgramming\\AB_pic\\resources\\urinal.jpg'
5.9496 	EXP 	polygon: opacity = 1.0
5.9496 	EXP 	displayPicture: image = 'C:\\Users\\Employee\\Google Drive\\UP\\MyResearch\\TaskProgramming\\AB_pic\\resources\\urinal.jpg'
5.9662 	EXP 	polygon: opacity = 1.0
5.9662 	EXP 	displayPicture: image = 'C:\\Users\\Employee\\Google Drive\\UP\\MyResearch\\TaskProgramming\\AB_pic\\resources\\urinal.jpg'
5.9829 	EXP 	polygon: opacity = 1.0
5.9829 	EXP 	displayPicture: image = 'C:\\Users\\Employee\\Google Drive\\UP\\MyResearch\\TaskProgramming\\AB_pic\\resources\\urinal.jpg'
5.9996 	EXP 	polygon: opacity = 1.0
5.9996 	EXP 	displayPicture: image = 'C:\\Users\\Employee\\Google Drive\\UP\\MyResearch\\TaskProgramming\\AB_pic\\resources\\urinal.jpg'
6.0162 	EXP 	polygon: opacity = 1.0
6.0162 	EXP 	displayPicture: image = 'C:\\Users\\Employee\\Google Drive\\UP\\MyResearch\\TaskProgramming\\AB_pic\\resources\\urinal.jpg'
6.0329 	EXP 	polygon: opacity = 1.0
6.0329 	EXP 	displayPicture: image = 'C:\\Users\\Employee\\Google Drive\\UP\\MyResearch\\TaskProgramming\\AB_pic\\resources\\urinal.jpg'
6.0496 	EXP 	polygon: opacity = 1.0
6.0496 	EXP 	displayPicture: image = 'C:\\Users\\Employee\\Google Drive\\UP\\MyResearch\\TaskProgramming\\AB_pic\\resources\\urinal.jpg'
6.0662 	EXP 	polygon: opacity = 1.0
6.0662 	EXP 	displayPicture: image = 'C:\\Users\\Employee\\Google Drive\\UP\\MyResearch\\TaskProgramming\\AB_pic\\resources\\urinal.jpg'
6.0829 	EXP 	polygon: opacity = 1.0
6.0829 	EXP 	displayPicture: image = 'C:\\Users\\Employee\\Google Drive\\UP\\MyResearch\\TaskProgramming\\AB_pic\\resources\\urinal.jpg'
6.0995 	EXP 	polygon: opacity = 1.0
6.0995 	EXP 	displayPicture: image = 'C:\\Users\\Employee\\Google Drive\\UP\\MyResearch\\TaskProgramming\\AB_pic\\resources\\urinal.jpg'
6.1162 	EXP 	polygon: opacity = 0.0
6.1162 	EXP 	displayPicture: image = 'C:\\Users\\Employee\\Google Drive\\UP\\MyResearch\\TaskProgramming\\AB_pic\\resources\\windmill.jpg'
6.1329 	EXP 	polygon: opacity = 0.0
6.1329 	EXP 	displayPicture: image = 'C:\\Users\\Employee\\Google Drive\\UP\\MyResearch\\TaskProgramming\\AB_pic\\resources\\windmill.jpg'
6.1495 	EXP 	polygon: opacity = 0.0
6.1495 	EXP 	displayPicture: image = 'C:\\Users\\Employee\\Google Drive\\UP\\MyResearch\\TaskProgramming\\AB_pic\\resources\\windmill.jpg'
6.1662 	EXP 	polygon: opacity = 0.0
6.1662 	EXP 	displayPicture: image = 'C:\\Users\\Employee\\Google Drive\\UP\\MyResearch\\TaskProgramming\\AB_pic\\resources\\windmill.jpg'
6.1828 	EXP 	polygon: opacity = 0.0
6.1828 	EXP 	displayPicture: image = 'C:\\Users\\Employee\\Google Drive\\UP\\MyResearch\\TaskProgramming\\AB_pic\\resources\\windmill.jpg'
6.1995 	EXP 	polygon: opacity = 0.0
6.1995 	EXP 	displayPicture: image = 'C:\\Users\\Employee\\Google Drive\\UP\\MyResearch\\TaskProgramming\\AB_pic\\resources\\windmill.jpg'
6.2162 	EXP 	polygon: opacity = 0.0
6.2162 	EXP 	displayPicture: image = 'C:\\Users\\Employee\\Google Drive\\UP\\MyResearch\\TaskProgramming\\AB_pic\\resources\\windmill.jpg'
6.2329 	EXP 	polygon: opacity = 0.0
6.2329 	EXP 	displayPicture: image = 'C:\\Users\\Employee\\Google Drive\\UP\\MyResearch\\TaskProgramming\\AB_pic\\resources\\windmill.jpg'
6.2495 	EXP 	polygon: opacity = 0.0
6.2495 	EXP 	displayPicture: image = 'C:\\Users\\Employee\\Google Drive\\UP\\MyResearch\\TaskProgramming\\AB_pic\\resources\\windmill.jpg'
6.2662 	EXP 	polygon: opacity = 0.0
6.2662 	EXP 	displayPicture: image = 'C:\\Users\\Employee\\Google Drive\\UP\\MyResearch\\TaskProgramming\\AB_pic\\resources\\windmill.jpg'
6.2828 	EXP 	polygon: opacity = 0.0
6.2828 	EXP 	displayPicture: image = 'C:\\Users\\Employee\\Google Drive\\UP\\MyResearch\\TaskProgramming\\AB_pic\\resources\\windmill.jpg'
6.2995 	EXP 	polygon: opacity = 0.0
6.2995 	EXP 	displayPicture: image = 'C:\\Users\\Employee\\Google Drive\\UP\\MyResearch\\TaskProgramming\\AB_pic\\resources\\windmill.jpg'
6.3162 	EXP 	polygon: opacity = 0.0
6.3162 	EXP 	displayPicture: image = 'C:\\Users\\Employee\\Google Drive\\UP\\MyResearch\\TaskProgramming\\AB_pic\\resources\\windmill.jpg'
6.3328 	EXP 	polygon: opacity = 0.0
6.3328 	EXP 	displayPicture: image = 'C:\\Users\\Employee\\Google Drive\\UP\\MyResearch\\TaskProgramming\\AB_pic\\resources\\windmill.jpg'
6.3495 	EXP 	polygon: opacity = 0.0
6.3495 	EXP 	displayPicture: image = 'C:\\Users\\Employee\\Google Drive\\UP\\MyResearch\\TaskProgramming\\AB_pic\\resources\\windmill.jpg'
6.3662 	EXP 	polygon: opacity = 0.0
6.3662 	EXP 	displayPicture: image = 'C:\\Users\\Employee\\Google Drive\\UP\\MyResearch\\TaskProgramming\\AB_pic\\resources\\showerhead01.jpg'
6.3828 	EXP 	polygon: opacity = 0.0
6.3828 	EXP 	displayPicture: image = 'C:\\Users\\Employee\\Google Drive\\UP\\MyResearch\\TaskProgramming\\AB_pic\\resources\\showerhead01.jpg'
6.3995 	EXP 	polygon: opacity = 0.0
6.3995 	EXP 	displayPicture: image = 'C:\\Users\\Employee\\Google Drive\\UP\\MyResearch\\TaskProgramming\\AB_pic\\resources\\showerhead01.jpg'
6.4162 	EXP 	polygon: opacity = 0.0
6.4162 	EXP 	displayPicture: image = 'C:\\Users\\Employee\\Google Drive\\UP\\MyResearch\\TaskProgramming\\AB_pic\\resources\\showerhead01.jpg'
6.4329 	EXP 	polygon: opacity = 0.0
6.4329 	EXP 	displayPicture: image = 'C:\\Users\\Employee\\Google Drive\\UP\\MyResearch\\TaskProgramming\\AB_pic\\resources\\showerhead01.jpg'
6.4496 	EXP 	polygon: opacity = 0.0
6.4496 	EXP 	displayPicture: image = 'C:\\Users\\Employee\\Google Drive\\UP\\MyResearch\\TaskProgramming\\AB_pic\\resources\\showerhead01.jpg'
6.4662 	EXP 	polygon: opacity = 0.0
6.4662 	EXP 	displayPicture: image = 'C:\\Users\\Employee\\Google Drive\\UP\\MyResearch\\TaskProgramming\\AB_pic\\resources\\showerhead01.jpg'
6.4825 	EXP 	polygon: opacity = 0.0
6.4825 	EXP 	displayPicture: image = 'C:\\Users\\Employee\\Google Drive\\UP\\MyResearch\\TaskProgramming\\AB_pic\\resources\\showerhead01.jpg'
6.4992 	EXP 	polygon: opacity = 0.0
6.4992 	EXP 	displayPicture: image = 'C:\\Users\\Employee\\Google Drive\\UP\\MyResearch\\TaskProgramming\\AB_pic\\resources\\showerhead01.jpg'
6.5159 	EXP 	polygon: opacity = 0.0
6.5159 	EXP 	displayPicture: image = 'C:\\Users\\Employee\\Google Drive\\UP\\MyResearch\\TaskProgramming\\AB_pic\\resources\\showerhead01.jpg'
6.5325 	EXP 	polygon: opacity = 0.0
6.5325 	EXP 	displayPicture: image = 'C:\\Users\\Employee\\Google Drive\\UP\\MyResearch\\TaskProgramming\\AB_pic\\resources\\showerhead01.jpg'
6.5492 	EXP 	polygon: opacity = 0.0
6.5492 	EXP 	displayPicture: image = 'C:\\Users\\Employee\\Google Drive\\UP\\MyResearch\\TaskProgramming\\AB_pic\\resources\\showerhead01.jpg'
6.5659 	EXP 	polygon: opacity = 0.0
6.5659 	EXP 	displayPicture: image = 'C:\\Users\\Employee\\Google Drive\\UP\\MyResearch\\TaskProgramming\\AB_pic\\resources\\showerhead01.jpg'
6.5825 	EXP 	polygon: opacity = 0.0
6.5825 	EXP 	displayPicture: image = 'C:\\Users\\Employee\\Google Drive\\UP\\MyResearch\\TaskProgramming\\AB_pic\\resources\\showerhead01.jpg'
6.5992 	EXP 	polygon: opacity = 0.0
6.5992 	EXP 	displayPicture: image = 'C:\\Users\\Employee\\Google Drive\\UP\\MyResearch\\TaskProgramming\\AB_pic\\resources\\showerhead01.jpg'
6.6159 	EXP 	polygon: opacity = 1.0
6.6159 	EXP 	displayPicture: image = 'C:\\Users\\Employee\\Google Drive\\UP\\MyResearch\\TaskProgramming\\AB_pic\\resources\\jeans01.jpg'
6.6325 	EXP 	polygon: opacity = 1.0
6.6325 	EXP 	displayPicture: image = 'C:\\Users\\Employee\\Google Drive\\UP\\MyResearch\\TaskProgramming\\AB_pic\\resources\\jeans01.jpg'
6.6492 	EXP 	polygon: opacity = 1.0
6.6492 	EXP 	displayPicture: image = 'C:\\Users\\Employee\\Google Drive\\UP\\MyResearch\\TaskProgramming\\AB_pic\\resources\\jeans01.jpg'
6.6659 	EXP 	polygon: opacity = 1.0
6.6659 	EXP 	displayPicture: image = 'C:\\Users\\Employee\\Google Drive\\UP\\MyResearch\\TaskProgramming\\AB_pic\\resources\\jeans01.jpg'
6.6825 	EXP 	polygon: opacity = 1.0
6.6825 	EXP 	displayPicture: image = 'C:\\Users\\Employee\\Google Drive\\UP\\MyResearch\\TaskProgramming\\AB_pic\\resources\\jeans01.jpg'
6.6992 	EXP 	polygon: opacity = 1.0
6.6992 	EXP 	displayPicture: image = 'C:\\Users\\Employee\\Google Drive\\UP\\MyResearch\\TaskProgramming\\AB_pic\\resources\\jeans01.jpg'
6.7159 	EXP 	polygon: opacity = 1.0
6.7159 	EXP 	displayPicture: image = 'C:\\Users\\Employee\\Google Drive\\UP\\MyResearch\\TaskProgramming\\AB_pic\\resources\\jeans01.jpg'
6.7325 	EXP 	polygon: opacity = 1.0
6.7325 	EXP 	displayPicture: image = 'C:\\Users\\Employee\\Google Drive\\UP\\MyResearch\\TaskProgramming\\AB_pic\\resources\\jeans01.jpg'
6.7492 	EXP 	polygon: opacity = 1.0
6.7492 	EXP 	displayPicture: image = 'C:\\Users\\Employee\\Google Drive\\UP\\MyResearch\\TaskProgramming\\AB_pic\\resources\\jeans01.jpg'
6.7659 	EXP 	polygon: opacity = 1.0
6.7659 	EXP 	displayPicture: image = 'C:\\Users\\Employee\\Google Drive\\UP\\MyResearch\\TaskProgramming\\AB_pic\\resources\\jeans01.jpg'
6.7825 	EXP 	polygon: opacity = 1.0
6.7825 	EXP 	displayPicture: image = 'C:\\Users\\Employee\\Google Drive\\UP\\MyResearch\\TaskProgramming\\AB_pic\\resources\\jeans01.jpg'
6.7992 	EXP 	polygon: opacity = 1.0
6.7992 	EXP 	displayPicture: image = 'C:\\Users\\Employee\\Google Drive\\UP\\MyResearch\\TaskProgramming\\AB_pic\\resources\\jeans01.jpg'
6.8159 	EXP 	polygon: opacity = 1.0
6.8159 	EXP 	displayPicture: image = 'C:\\Users\\Employee\\Google Drive\\UP\\MyResearch\\TaskProgramming\\AB_pic\\resources\\jeans01.jpg'
6.8325 	EXP 	polygon: opacity = 1.0
6.8325 	EXP 	displayPicture: image = 'C:\\Users\\Employee\\Google Drive\\UP\\MyResearch\\TaskProgramming\\AB_pic\\resources\\jeans01.jpg'
6.8492 	EXP 	polygon: opacity = 1.0
6.8492 	EXP 	displayPicture: image = 'C:\\Users\\Employee\\Google Drive\\UP\\MyResearch\\TaskProgramming\\AB_pic\\resources\\jeans01.jpg'
6.8658 	EXP 	polygon: opacity = 0.0
6.8658 	EXP 	displayPicture: image = 'C:\\Users\\Employee\\Google Drive\\UP\\MyResearch\\TaskProgramming\\AB_pic\\resources\\cashregister01.jpg'
6.8825 	EXP 	polygon: opacity = 0.0
6.8825 	EXP 	displayPicture: image = 'C:\\Users\\Employee\\Google Drive\\UP\\MyResearch\\TaskProgramming\\AB_pic\\resources\\cashregister01.jpg'
6.8992 	EXP 	polygon: opacity = 0.0
6.8992 	EXP 	displayPicture: image = 'C:\\Users\\Employee\\Google Drive\\UP\\MyResearch\\TaskProgramming\\AB_pic\\resources\\cashregister01.jpg'
6.9158 	EXP 	polygon: opacity = 0.0
6.9158 	EXP 	displayPicture: image = 'C:\\Users\\Employee\\Google Drive\\UP\\MyResearch\\TaskProgramming\\AB_pic\\resources\\cashregister01.jpg'
6.9325 	EXP 	polygon: opacity = 0.0
6.9325 	EXP 	displayPicture: image = 'C:\\Users\\Employee\\Google Drive\\UP\\MyResearch\\TaskProgramming\\AB_pic\\resources\\cashregister01.jpg'
6.9492 	EXP 	polygon: opacity = 0.0
6.9492 	EXP 	displayPicture: image = 'C:\\Users\\Employee\\Google Drive\\UP\\MyResearch\\TaskProgramming\\AB_pic\\resources\\cashregister01.jpg'
6.9658 	EXP 	polygon: opacity = 0.0
6.9658 	EXP 	displayPicture: image = 'C:\\Users\\Employee\\Google Drive\\UP\\MyResearch\\TaskProgramming\\AB_pic\\resources\\cashregister01.jpg'
6.9825 	EXP 	polygon: opacity = 0.0
6.9825 	EXP 	displayPicture: image = 'C:\\Users\\Employee\\Google Drive\\UP\\MyResearch\\TaskProgramming\\AB_pic\\resources\\cashregister01.jpg'
6.9992 	EXP 	polygon: opacity = 0.0
6.9992 	EXP 	displayPicture: image = 'C:\\Users\\Employee\\Google Drive\\UP\\MyResearch\\TaskProgramming\\AB_pic\\resources\\cashregister01.jpg'
7.0158 	EXP 	polygon: opacity = 0.0
7.0158 	EXP 	displayPicture: image = 'C:\\Users\\Employee\\Google Drive\\UP\\MyResearch\\TaskProgramming\\AB_pic\\resources\\cashregister01.jpg'
7.0325 	EXP 	polygon: opacity = 0.0
7.0325 	EXP 	displayPicture: image = 'C:\\Users\\Employee\\Google Drive\\UP\\MyResearch\\TaskProgramming\\AB_pic\\resources\\cashregister01.jpg'
7.0492 	EXP 	polygon: opacity = 0.0
7.0492 	EXP 	displayPicture: image = 'C:\\Users\\Employee\\Google Drive\\UP\\MyResearch\\TaskProgramming\\AB_pic\\resources\\cashregister01.jpg'
7.0658 	EXP 	polygon: opacity = 0.0
7.0658 	EXP 	displayPicture: image = 'C:\\Users\\Employee\\Google Drive\\UP\\MyResearch\\TaskProgramming\\AB_pic\\resources\\cashregister01.jpg'
7.0825 	EXP 	polygon: opacity = 0.0
7.0825 	EXP 	displayPicture: image = 'C:\\Users\\Employee\\Google Drive\\UP\\MyResearch\\TaskProgramming\\AB_pic\\resources\\cashregister01.jpg'
7.0992 	EXP 	polygon: opacity = 0.0
7.0992 	EXP 	displayPicture: image = 'C:\\Users\\Employee\\Google Drive\\UP\\MyResearch\\TaskProgramming\\AB_pic\\resources\\cashregister01.jpg'
7.1158 	EXP 	polygon: opacity = 0.0
7.1158 	EXP 	displayPicture: image = 'C:\\Users\\Employee\\Google Drive\\UP\\MyResearch\\TaskProgramming\\AB_pic\\resources\\tire.jpg'
7.1325 	EXP 	polygon: opacity = 0.0
7.1325 	EXP 	displayPicture: image = 'C:\\Users\\Employee\\Google Drive\\UP\\MyResearch\\TaskProgramming\\AB_pic\\resources\\tire.jpg'
7.1492 	EXP 	polygon: opacity = 0.0
7.1492 	EXP 	displayPicture: image = 'C:\\Users\\Employee\\Google Drive\\UP\\MyResearch\\TaskProgramming\\AB_pic\\resources\\tire.jpg'
7.1658 	EXP 	polygon: opacity = 0.0
7.1658 	EXP 	displayPicture: image = 'C:\\Users\\Employee\\Google Drive\\UP\\MyResearch\\TaskProgramming\\AB_pic\\resources\\tire.jpg'
7.1825 	EXP 	polygon: opacity = 0.0
7.1825 	EXP 	displayPicture: image = 'C:\\Users\\Employee\\Google Drive\\UP\\MyResearch\\TaskProgramming\\AB_pic\\resources\\tire.jpg'
7.1992 	EXP 	polygon: opacity = 0.0
7.1992 	EXP 	displayPicture: image = 'C:\\Users\\Employee\\Google Drive\\UP\\MyResearch\\TaskProgramming\\AB_pic\\resources\\tire.jpg'
7.2158 	EXP 	polygon: opacity = 0.0
7.2158 	EXP 	displayPicture: image = 'C:\\Users\\Employee\\Google Drive\\UP\\MyResearch\\TaskProgramming\\AB_pic\\resources\\tire.jpg'
7.2325 	EXP 	polygon: opacity = 0.0
7.2325 	EXP 	displayPicture: image = 'C:\\Users\\Employee\\Google Drive\\UP\\MyResearch\\TaskProgramming\\AB_pic\\resources\\tire.jpg'
7.2492 	EXP 	polygon: opacity = 0.0
7.2492 	EXP 	displayPicture: image = 'C:\\Users\\Employee\\Google Drive\\UP\\MyResearch\\TaskProgramming\\AB_pic\\resources\\tire.jpg'
7.2658 	EXP 	polygon: opacity = 0.0
7.2658 	EXP 	displayPicture: image = 'C:\\Users\\Employee\\Google Drive\\UP\\MyResearch\\TaskProgramming\\AB_pic\\resources\\tire.jpg'
7.2825 	EXP 	polygon: opacity = 0.0
7.2825 	EXP 	displayPicture: image = 'C:\\Users\\Employee\\Google Drive\\UP\\MyResearch\\TaskProgramming\\AB_pic\\resources\\tire.jpg'
7.2991 	EXP 	polygon: opacity = 0.0
7.2991 	EXP 	displayPicture: image = 'C:\\Users\\Employee\\Google Drive\\UP\\MyResearch\\TaskProgramming\\AB_pic\\resources\\tire.jpg'
7.3158 	EXP 	polygon: opacity = 0.0
7.3158 	EXP 	displayPicture: image = 'C:\\Users\\Employee\\Google Drive\\UP\\MyResearch\\TaskProgramming\\AB_pic\\resources\\tire.jpg'
7.3325 	EXP 	polygon: opacity = 0.0
7.3325 	EXP 	displayPicture: image = 'C:\\Users\\Employee\\Google Drive\\UP\\MyResearch\\TaskProgramming\\AB_pic\\resources\\tire.jpg'
7.3492 	EXP 	polygon: opacity = 0.0
7.3492 	EXP 	displayPicture: image = 'C:\\Users\\Employee\\Google Drive\\UP\\MyResearch\\TaskProgramming\\AB_pic\\resources\\tire.jpg'
7.3658 	EXP 	polygon: opacity = 0.0
7.3658 	EXP 	displayPicture: image = 'C:\\Users\\Employee\\Google Drive\\UP\\MyResearch\\TaskProgramming\\AB_pic\\resources\\ladybug03.jpg'
7.3825 	EXP 	polygon: opacity = 0.0
7.3825 	EXP 	displayPicture: image = 'C:\\Users\\Employee\\Google Drive\\UP\\MyResearch\\TaskProgramming\\AB_pic\\resources\\ladybug03.jpg'
7.3991 	EXP 	polygon: opacity = 0.0
7.3991 	EXP 	displayPicture: image = 'C:\\Users\\Employee\\Google Drive\\UP\\MyResearch\\TaskProgramming\\AB_pic\\resources\\ladybug03.jpg'
7.4158 	EXP 	polygon: opacity = 0.0
7.4158 	EXP 	displayPicture: image = 'C:\\Users\\Employee\\Google Drive\\UP\\MyResearch\\TaskProgramming\\AB_pic\\resources\\ladybug03.jpg'
7.4325 	EXP 	polygon: opacity = 0.0
7.4325 	EXP 	displayPicture: image = 'C:\\Users\\Employee\\Google Drive\\UP\\MyResearch\\TaskProgramming\\AB_pic\\resources\\ladybug03.jpg'
7.4492 	EXP 	polygon: opacity = 0.0
7.4492 	EXP 	displayPicture: image = 'C:\\Users\\Employee\\Google Drive\\UP\\MyResearch\\TaskProgramming\\AB_pic\\resources\\ladybug03.jpg'
7.4658 	EXP 	polygon: opacity = 0.0
7.4658 	EXP 	displayPicture: image = 'C:\\Users\\Employee\\Google Drive\\UP\\MyResearch\\TaskProgramming\\AB_pic\\resources\\ladybug03.jpg'
7.4825 	EXP 	polygon: opacity = 0.0
7.4825 	EXP 	displayPicture: image = 'C:\\Users\\Employee\\Google Drive\\UP\\MyResearch\\TaskProgramming\\AB_pic\\resources\\ladybug03.jpg'
7.4992 	EXP 	polygon: opacity = 0.0
7.4992 	EXP 	displayPicture: image = 'C:\\Users\\Employee\\Google Drive\\UP\\MyResearch\\TaskProgramming\\AB_pic\\resources\\ladybug03.jpg'
7.5158 	EXP 	polygon: opacity = 0.0
7.5158 	EXP 	displayPicture: image = 'C:\\Users\\Employee\\Google Drive\\UP\\MyResearch\\TaskProgramming\\AB_pic\\resources\\ladybug03.jpg'
7.5325 	EXP 	polygon: opacity = 0.0
7.5325 	EXP 	displayPicture: image = 'C:\\Users\\Employee\\Google Drive\\UP\\MyResearch\\TaskProgramming\\AB_pic\\resources\\ladybug03.jpg'
7.5491 	EXP 	polygon: opacity = 0.0
7.5491 	EXP 	displayPicture: image = 'C:\\Users\\Employee\\Google Drive\\UP\\MyResearch\\TaskProgramming\\AB_pic\\resources\\ladybug03.jpg'
7.5658 	EXP 	polygon: opacity = 0.0
7.5658 	EXP 	displayPicture: image = 'C:\\Users\\Employee\\Google Drive\\UP\\MyResearch\\TaskProgramming\\AB_pic\\resources\\ladybug03.jpg'
7.5825 	EXP 	polygon: opacity = 0.0
7.5825 	EXP 	displayPicture: image = 'C:\\Users\\Employee\\Google Drive\\UP\\MyResearch\\TaskProgramming\\AB_pic\\resources\\ladybug03.jpg'
7.5991 	EXP 	polygon: opacity = 0.0
7.5991 	EXP 	displayPicture: image = 'C:\\Users\\Employee\\Google Drive\\UP\\MyResearch\\TaskProgramming\\AB_pic\\resources\\ladybug03.jpg'
7.6158 	EXP 	polygon: opacity = 0.0
7.6158 	EXP 	displayPicture: image = 'C:\\Users\\Employee\\Google Drive\\UP\\MyResearch\\TaskProgramming\\AB_pic\\resources\\coffeemaker.jpg'
7.6324 	EXP 	polygon: opacity = 0.0
7.6324 	EXP 	displayPicture: image = 'C:\\Users\\Employee\\Google Drive\\UP\\MyResearch\\TaskProgramming\\AB_pic\\resources\\coffeemaker.jpg'
7.6491 	EXP 	polygon: opacity = 0.0
7.6491 	EXP 	displayPicture: image = 'C:\\Users\\Employee\\Google Drive\\UP\\MyResearch\\TaskProgramming\\AB_pic\\resources\\coffeemaker.jpg'
7.6658 	EXP 	polygon: opacity = 0.0
7.6658 	EXP 	displayPicture: image = 'C:\\Users\\Employee\\Google Drive\\UP\\MyResearch\\TaskProgramming\\AB_pic\\resources\\coffeemaker.jpg'
7.6825 	EXP 	polygon: opacity = 0.0
7.6825 	EXP 	displayPicture: image = 'C:\\Users\\Employee\\Google Drive\\UP\\MyResearch\\TaskProgramming\\AB_pic\\resources\\coffeemaker.jpg'
7.6991 	EXP 	polygon: opacity = 0.0
7.6991 	EXP 	displayPicture: image = 'C:\\Users\\Employee\\Google Drive\\UP\\MyResearch\\TaskProgramming\\AB_pic\\resources\\coffeemaker.jpg'
7.7158 	EXP 	polygon: opacity = 0.0
7.7158 	EXP 	displayPicture: image = 'C:\\Users\\Employee\\Google Drive\\UP\\MyResearch\\TaskProgramming\\AB_pic\\resources\\coffeemaker.jpg'
7.7324 	EXP 	polygon: opacity = 0.0
7.7324 	EXP 	displayPicture: image = 'C:\\Users\\Employee\\Google Drive\\UP\\MyResearch\\TaskProgramming\\AB_pic\\resources\\coffeemaker.jpg'
7.7491 	EXP 	polygon: opacity = 0.0
7.7491 	EXP 	displayPicture: image = 'C:\\Users\\Employee\\Google Drive\\UP\\MyResearch\\TaskProgramming\\AB_pic\\resources\\coffeemaker.jpg'
7.7658 	EXP 	polygon: opacity = 0.0
7.7658 	EXP 	displayPicture: image = 'C:\\Users\\Employee\\Google Drive\\UP\\MyResearch\\TaskProgramming\\AB_pic\\resources\\coffeemaker.jpg'
7.7825 	EXP 	polygon: opacity = 0.0
7.7825 	EXP 	displayPicture: image = 'C:\\Users\\Employee\\Google Drive\\UP\\MyResearch\\TaskProgramming\\AB_pic\\resources\\coffeemaker.jpg'
7.7991 	EXP 	polygon: opacity = 0.0
7.7991 	EXP 	displayPicture: image = 'C:\\Users\\Employee\\Google Drive\\UP\\MyResearch\\TaskProgramming\\AB_pic\\resources\\coffeemaker.jpg'
7.8157 	EXP 	polygon: opacity = 0.0
7.8157 	EXP 	displayPicture: image = 'C:\\Users\\Employee\\Google Drive\\UP\\MyResearch\\TaskProgramming\\AB_pic\\resources\\coffeemaker.jpg'
7.8324 	EXP 	polygon: opacity = 0.0
7.8324 	EXP 	displayPicture: image = 'C:\\Users\\Employee\\Google Drive\\UP\\MyResearch\\TaskProgramming\\AB_pic\\resources\\coffeemaker.jpg'
7.8491 	EXP 	polygon: opacity = 0.0
7.8491 	EXP 	displayPicture: image = 'C:\\Users\\Employee\\Google Drive\\UP\\MyResearch\\TaskProgramming\\AB_pic\\resources\\coffeemaker.jpg'
7.8658 	EXP 	polygon: opacity = 0.0
7.8658 	EXP 	displayPicture: image = 'C:\\Users\\Employee\\Google Drive\\UP\\MyResearch\\TaskProgramming\\AB_pic\\resources\\saxophone.jpg'
7.8825 	EXP 	polygon: opacity = 0.0
7.8825 	EXP 	displayPicture: image = 'C:\\Users\\Employee\\Google Drive\\UP\\MyResearch\\TaskProgramming\\AB_pic\\resources\\saxophone.jpg'
7.8991 	EXP 	polygon: opacity = 0.0
7.8991 	EXP 	displayPicture: image = 'C:\\Users\\Employee\\Google Drive\\UP\\MyResearch\\TaskProgramming\\AB_pic\\resources\\saxophone.jpg'
7.9158 	EXP 	polygon: opacity = 0.0
7.9158 	EXP 	displayPicture: image = 'C:\\Users\\Employee\\Google Drive\\UP\\MyResearch\\TaskProgramming\\AB_pic\\resources\\saxophone.jpg'
7.9324 	EXP 	polygon: opacity = 0.0
7.9324 	EXP 	displayPicture: image = 'C:\\Users\\Employee\\Google Drive\\UP\\MyResearch\\TaskProgramming\\AB_pic\\resources\\saxophone.jpg'
7.9491 	EXP 	polygon: opacity = 0.0
7.9491 	EXP 	displayPicture: image = 'C:\\Users\\Employee\\Google Drive\\UP\\MyResearch\\TaskProgramming\\AB_pic\\resources\\saxophone.jpg'
7.9658 	EXP 	polygon: opacity = 0.0
7.9658 	EXP 	displayPicture: image = 'C:\\Users\\Employee\\Google Drive\\UP\\MyResearch\\TaskProgramming\\AB_pic\\resources\\saxophone.jpg'
7.9825 	EXP 	polygon: opacity = 0.0
7.9825 	EXP 	displayPicture: image = 'C:\\Users\\Employee\\Google Drive\\UP\\MyResearch\\TaskProgramming\\AB_pic\\resources\\saxophone.jpg'
7.9991 	EXP 	polygon: opacity = 0.0
7.9991 	EXP 	displayPicture: image = 'C:\\Users\\Employee\\Google Drive\\UP\\MyResearch\\TaskProgramming\\AB_pic\\resources\\saxophone.jpg'
8.0158 	EXP 	polygon: opacity = 0.0
8.0158 	EXP 	displayPicture: image = 'C:\\Users\\Employee\\Google Drive\\UP\\MyResearch\\TaskProgramming\\AB_pic\\resources\\saxophone.jpg'
8.0324 	EXP 	polygon: opacity = 0.0
8.0324 	EXP 	displayPicture: image = 'C:\\Users\\Employee\\Google Drive\\UP\\MyResearch\\TaskProgramming\\AB_pic\\resources\\saxophone.jpg'
8.0491 	EXP 	polygon: opacity = 0.0
8.0491 	EXP 	displayPicture: image = 'C:\\Users\\Employee\\Google Drive\\UP\\MyResearch\\TaskProgramming\\AB_pic\\resources\\saxophone.jpg'
8.0657 	EXP 	polygon: opacity = 0.0
8.0657 	EXP 	displayPicture: image = 'C:\\Users\\Employee\\Google Drive\\UP\\MyResearch\\TaskProgramming\\AB_pic\\resources\\saxophone.jpg'
8.0824 	EXP 	polygon: opacity = 0.0
8.0824 	EXP 	displayPicture: image = 'C:\\Users\\Employee\\Google Drive\\UP\\MyResearch\\TaskProgramming\\AB_pic\\resources\\saxophone.jpg'
8.0991 	EXP 	polygon: opacity = 0.0
8.0991 	EXP 	displayPicture: image = 'C:\\Users\\Employee\\Google Drive\\UP\\MyResearch\\TaskProgramming\\AB_pic\\resources\\saxophone.jpg'
8.1158 	EXP 	polygon: opacity = 0.0
8.1158 	EXP 	displayPicture: image = 'C:\\Users\\Employee\\Google Drive\\UP\\MyResearch\\TaskProgramming\\AB_pic\\resources\\slug.jpg'
8.1324 	EXP 	polygon: opacity = 0.0
8.1324 	EXP 	displayPicture: image = 'C:\\Users\\Employee\\Google Drive\\UP\\MyResearch\\TaskProgramming\\AB_pic\\resources\\slug.jpg'
8.1491 	EXP 	polygon: opacity = 0.0
8.1491 	EXP 	displayPicture: image = 'C:\\Users\\Employee\\Google Drive\\UP\\MyResearch\\TaskProgramming\\AB_pic\\resources\\slug.jpg'
8.1657 	EXP 	polygon: opacity = 0.0
8.1657 	EXP 	displayPicture: image = 'C:\\Users\\Employee\\Google Drive\\UP\\MyResearch\\TaskProgramming\\AB_pic\\resources\\slug.jpg'
8.1824 	EXP 	polygon: opacity = 0.0
8.1824 	EXP 	displayPicture: image = 'C:\\Users\\Employee\\Google Drive\\UP\\MyResearch\\TaskProgramming\\AB_pic\\resources\\slug.jpg'
8.1991 	EXP 	polygon: opacity = 0.0
8.1991 	EXP 	displayPicture: image = 'C:\\Users\\Employee\\Google Drive\\UP\\MyResearch\\TaskProgramming\\AB_pic\\resources\\slug.jpg'
8.2157 	EXP 	polygon: opacity = 0.0
8.2157 	EXP 	displayPicture: image = 'C:\\Users\\Employee\\Google Drive\\UP\\MyResearch\\TaskProgramming\\AB_pic\\resources\\slug.jpg'
8.2324 	EXP 	polygon: opacity = 0.0
8.2324 	EXP 	displayPicture: image = 'C:\\Users\\Employee\\Google Drive\\UP\\MyResearch\\TaskProgramming\\AB_pic\\resources\\slug.jpg'
8.2491 	EXP 	polygon: opacity = 0.0
8.2491 	EXP 	displayPicture: image = 'C:\\Users\\Employee\\Google Drive\\UP\\MyResearch\\TaskProgramming\\AB_pic\\resources\\slug.jpg'
8.2657 	EXP 	polygon: opacity = 0.0
8.2657 	EXP 	displayPicture: image = 'C:\\Users\\Employee\\Google Drive\\UP\\MyResearch\\TaskProgramming\\AB_pic\\resources\\slug.jpg'
8.2824 	EXP 	polygon: opacity = 0.0
8.2824 	EXP 	displayPicture: image = 'C:\\Users\\Employee\\Google Drive\\UP\\MyResearch\\TaskProgramming\\AB_pic\\resources\\slug.jpg'
8.2991 	EXP 	polygon: opacity = 0.0
8.2991 	EXP 	displayPicture: image = 'C:\\Users\\Employee\\Google Drive\\UP\\MyResearch\\TaskProgramming\\AB_pic\\resources\\slug.jpg'
8.3158 	EXP 	polygon: opacity = 0.0
8.3158 	EXP 	displayPicture: image = 'C:\\Users\\Employee\\Google Drive\\UP\\MyResearch\\TaskProgramming\\AB_pic\\resources\\slug.jpg'
8.3324 	EXP 	polygon: opacity = 0.0
8.3324 	EXP 	displayPicture: image = 'C:\\Users\\Employee\\Google Drive\\UP\\MyResearch\\TaskProgramming\\AB_pic\\resources\\slug.jpg'
8.3491 	EXP 	polygon: opacity = 0.0
8.3491 	EXP 	displayPicture: image = 'C:\\Users\\Employee\\Google Drive\\UP\\MyResearch\\TaskProgramming\\AB_pic\\resources\\slug.jpg'
8.3658 	EXP 	polygon: opacity = 0.0
8.3658 	EXP 	displayPicture: image = 'C:\\Users\\Employee\\Google Drive\\UP\\MyResearch\\TaskProgramming\\AB_pic\\resources\\firehydrant.jpg'
8.3824 	EXP 	polygon: opacity = 0.0
8.3824 	EXP 	displayPicture: image = 'C:\\Users\\Employee\\Google Drive\\UP\\MyResearch\\TaskProgramming\\AB_pic\\resources\\firehydrant.jpg'
8.3991 	EXP 	polygon: opacity = 0.0
8.3991 	EXP 	displayPicture: image = 'C:\\Users\\Employee\\Google Drive\\UP\\MyResearch\\TaskProgramming\\AB_pic\\resources\\firehydrant.jpg'
8.4158 	EXP 	polygon: opacity = 0.0
8.4158 	EXP 	displayPicture: image = 'C:\\Users\\Employee\\Google Drive\\UP\\MyResearch\\TaskProgramming\\AB_pic\\resources\\firehydrant.jpg'
8.4324 	EXP 	polygon: opacity = 0.0
8.4324 	EXP 	displayPicture: image = 'C:\\Users\\Employee\\Google Drive\\UP\\MyResearch\\TaskProgramming\\AB_pic\\resources\\firehydrant.jpg'
8.4491 	EXP 	polygon: opacity = 0.0
8.4491 	EXP 	displayPicture: image = 'C:\\Users\\Employee\\Google Drive\\UP\\MyResearch\\TaskProgramming\\AB_pic\\resources\\firehydrant.jpg'
8.4657 	EXP 	polygon: opacity = 0.0
8.4657 	EXP 	displayPicture: image = 'C:\\Users\\Employee\\Google Drive\\UP\\MyResearch\\TaskProgramming\\AB_pic\\resources\\firehydrant.jpg'
8.4824 	EXP 	polygon: opacity = 0.0
8.4824 	EXP 	displayPicture: image = 'C:\\Users\\Employee\\Google Drive\\UP\\MyResearch\\TaskProgramming\\AB_pic\\resources\\firehydrant.jpg'
8.4991 	EXP 	polygon: opacity = 0.0
8.4991 	EXP 	displayPicture: image = 'C:\\Users\\Employee\\Google Drive\\UP\\MyResearch\\TaskProgramming\\AB_pic\\resources\\firehydrant.jpg'
8.5157 	EXP 	polygon: opacity = 0.0
8.5157 	EXP 	displayPicture: image = 'C:\\Users\\Employee\\Google Drive\\UP\\MyResearch\\TaskProgramming\\AB_pic\\resources\\firehydrant.jpg'
8.5324 	EXP 	polygon: opacity = 0.0
8.5324 	EXP 	displayPicture: image = 'C:\\Users\\Employee\\Google Drive\\UP\\MyResearch\\TaskProgramming\\AB_pic\\resources\\firehydrant.jpg'
8.5491 	EXP 	polygon: opacity = 0.0
8.5491 	EXP 	displayPicture: image = 'C:\\Users\\Employee\\Google Drive\\UP\\MyResearch\\TaskProgramming\\AB_pic\\resources\\firehydrant.jpg'
8.5657 	EXP 	polygon: opacity = 0.0
8.5657 	EXP 	displayPicture: image = 'C:\\Users\\Employee\\Google Drive\\UP\\MyResearch\\TaskProgramming\\AB_pic\\resources\\firehydrant.jpg'
8.5824 	EXP 	polygon: opacity = 0.0
8.5824 	EXP 	displayPicture: image = 'C:\\Users\\Employee\\Google Drive\\UP\\MyResearch\\TaskProgramming\\AB_pic\\resources\\firehydrant.jpg'
8.5991 	EXP 	polygon: opacity = 0.0
8.5991 	EXP 	displayPicture: image = 'C:\\Users\\Employee\\Google Drive\\UP\\MyResearch\\TaskProgramming\\AB_pic\\resources\\firehydrant.jpg'
8.6157 	EXP 	polygon: opacity = 0.0
8.6157 	EXP 	displayPicture: image = 'C:\\Users\\Employee\\Google Drive\\UP\\MyResearch\\TaskProgramming\\AB_pic\\resources\\accordion01.jpg'
8.6324 	EXP 	polygon: opacity = 0.0
8.6324 	EXP 	displayPicture: image = 'C:\\Users\\Employee\\Google Drive\\UP\\MyResearch\\TaskProgramming\\AB_pic\\resources\\accordion01.jpg'
8.6491 	EXP 	polygon: opacity = 0.0
8.6491 	EXP 	displayPicture: image = 'C:\\Users\\Employee\\Google Drive\\UP\\MyResearch\\TaskProgramming\\AB_pic\\resources\\accordion01.jpg'
8.6657 	EXP 	polygon: opacity = 0.0
8.6657 	EXP 	displayPicture: image = 'C:\\Users\\Employee\\Google Drive\\UP\\MyResearch\\TaskProgramming\\AB_pic\\resources\\accordion01.jpg'
8.6824 	EXP 	polygon: opacity = 0.0
8.6824 	EXP 	displayPicture: image = 'C:\\Users\\Employee\\Google Drive\\UP\\MyResearch\\TaskProgramming\\AB_pic\\resources\\accordion01.jpg'
8.6991 	EXP 	polygon: opacity = 0.0
8.6991 	EXP 	displayPicture: image = 'C:\\Users\\Employee\\Google Drive\\UP\\MyResearch\\TaskProgramming\\AB_pic\\resources\\accordion01.jpg'
8.7157 	EXP 	polygon: opacity = 0.0
8.7157 	EXP 	displayPicture: image = 'C:\\Users\\Employee\\Google Drive\\UP\\MyResearch\\TaskProgramming\\AB_pic\\resources\\accordion01.jpg'
8.7324 	EXP 	polygon: opacity = 0.0
8.7324 	EXP 	displayPicture: image = 'C:\\Users\\Employee\\Google Drive\\UP\\MyResearch\\TaskProgramming\\AB_pic\\resources\\accordion01.jpg'
8.7490 	EXP 	polygon: opacity = 0.0
8.7490 	EXP 	displayPicture: image = 'C:\\Users\\Employee\\Google Drive\\UP\\MyResearch\\TaskProgramming\\AB_pic\\resources\\accordion01.jpg'
8.7657 	EXP 	polygon: opacity = 0.0
8.7657 	EXP 	displayPicture: image = 'C:\\Users\\Employee\\Google Drive\\UP\\MyResearch\\TaskProgramming\\AB_pic\\resources\\accordion01.jpg'
8.7824 	EXP 	polygon: opacity = 0.0
8.7824 	EXP 	displayPicture: image = 'C:\\Users\\Employee\\Google Drive\\UP\\MyResearch\\TaskProgramming\\AB_pic\\resources\\accordion01.jpg'
8.7990 	EXP 	polygon: opacity = 0.0
8.7990 	EXP 	displayPicture: image = 'C:\\Users\\Employee\\Google Drive\\UP\\MyResearch\\TaskProgramming\\AB_pic\\resources\\accordion01.jpg'
8.8158 	EXP 	polygon: opacity = 0.0
8.8158 	EXP 	displayPicture: image = 'C:\\Users\\Employee\\Google Drive\\UP\\MyResearch\\TaskProgramming\\AB_pic\\resources\\accordion01.jpg'
8.8324 	EXP 	polygon: opacity = 0.0
8.8324 	EXP 	displayPicture: image = 'C:\\Users\\Employee\\Google Drive\\UP\\MyResearch\\TaskProgramming\\AB_pic\\resources\\accordion01.jpg'
8.8491 	EXP 	polygon: opacity = 0.0
8.8491 	EXP 	displayPicture: image = 'C:\\Users\\Employee\\Google Drive\\UP\\MyResearch\\TaskProgramming\\AB_pic\\resources\\accordion01.jpg'
8.8824 	EXP 	polygon: opacity = 0.0
8.8824 	EXP 	displayPicture: image = 'C:\\Users\\Employee\\Google Drive\\UP\\MyResearch\\TaskProgramming\\AB_pic\\resources\\accordion01.jpg'
8.8824 	EXP 	polygon: autoDraw = False
8.8824 	EXP 	displayPicture: autoDraw = False
8.8824 	EXP 	polygon_2: autoDraw = False
8.8824 	EXP 	option1_t1: image = 'C:\\Users\\Employee\\Google Drive\\UP\\MyResearch\\TaskProgramming\\AB_pic\\resources\\urinal.jpg'
8.8824 	EXP 	option2_t1: image = 'C:\\Users\\Employee\\Google Drive\\UP\\MyResearch\\TaskProgramming\\AB_pic\\resources\\lighthouse.jpg'
8.8824 	EXP 	option1_t1: autoDraw = True
8.8824 	EXP 	option2_t1: autoDraw = True
10.6162 	DATA 	Keypress: left
10.6323 	EXP 	option1_t1: autoDraw = False
10.6323 	EXP 	option2_t1: autoDraw = False
10.6323 	EXP 	option1_t2: image = 'C:\\Users\\Employee\\Google Drive\\UP\\MyResearch\\TaskProgramming\\AB_pic\\resources\\jeans01.jpg'
10.6323 	EXP 	option2_t2: image = 'C:\\Users\\Employee\\Google Drive\\UP\\MyResearch\\TaskProgramming\\AB_pic\\resources\\chimney.jpg'
10.6323 	EXP 	option1_t2: autoDraw = True
10.6323 	EXP 	option2_t2: autoDraw = True
10.8891 	EXP 	New trial (rep=0, index=1): OrderedDict([('trialType', 'AB'), ('cndTyp', 'lag7'), ('lag', 7), ('T1_loc', 5), ('gap', 0), ('T2_loc', 12), ('primePos', 104), ('stimLen', 0.2), ('isi', 0.05)])
10.8970 	DATA 	Keypress: right
10.9156 	EXP 	option1_t2: autoDraw = False
10.9156 	EXP 	option2_t2: autoDraw = False
10.9156 	EXP 	polygon: autoDraw = True
10.9156 	EXP 	polygon: opacity = 0.0
10.9156 	EXP 	displayPicture: autoDraw = True
10.9156 	EXP 	displayPicture: image = 'C:\\Users\\Employee\\Google Drive\\UP\\MyResearch\\TaskProgramming\\AB_pic\\resources\\humanskeleton.jpg'
10.9156 	EXP 	polygon_2: autoDraw = True
10.9323 	EXP 	polygon: opacity = 0.0
10.9323 	EXP 	displayPicture: image = 'C:\\Users\\Employee\\Google Drive\\UP\\MyResearch\\TaskProgramming\\AB_pic\\resources\\humanskeleton.jpg'
10.9490 	EXP 	polygon: opacity = 0.0
10.9490 	EXP 	displayPicture: image = 'C:\\Users\\Employee\\Google Drive\\UP\\MyResearch\\TaskProgramming\\AB_pic\\resources\\humanskeleton.jpg'
10.9656 	EXP 	polygon: opacity = 0.0
10.9656 	EXP 	displayPicture: image = 'C:\\Users\\Employee\\Google Drive\\UP\\MyResearch\\TaskProgramming\\AB_pic\\resources\\humanskeleton.jpg'
10.9823 	EXP 	polygon: opacity = 0.0
10.9823 	EXP 	displayPicture: image = 'C:\\Users\\Employee\\Google Drive\\UP\\MyResearch\\TaskProgramming\\AB_pic\\resources\\humanskeleton.jpg'
10.9989 	EXP 	polygon: opacity = 0.0
10.9989 	EXP 	displayPicture: image = 'C:\\Users\\Employee\\Google Drive\\UP\\MyResearch\\TaskProgramming\\AB_pic\\resources\\humanskeleton.jpg'
11.0156 	EXP 	polygon: opacity = 0.0
11.0156 	EXP 	displayPicture: image = 'C:\\Users\\Employee\\Google Drive\\UP\\MyResearch\\TaskProgramming\\AB_pic\\resources\\humanskeleton.jpg'
11.0323 	EXP 	polygon: opacity = 0.0
11.0323 	EXP 	displayPicture: image = 'C:\\Users\\Employee\\Google Drive\\UP\\MyResearch\\TaskProgramming\\AB_pic\\resources\\humanskeleton.jpg'
11.0489 	EXP 	polygon: opacity = 0.0
11.0489 	EXP 	displayPicture: image = 'C:\\Users\\Employee\\Google Drive\\UP\\MyResearch\\TaskProgramming\\AB_pic\\resources\\humanskeleton.jpg'
11.0656 	EXP 	polygon: opacity = 0.0
11.0656 	EXP 	displayPicture: image = 'C:\\Users\\Employee\\Google Drive\\UP\\MyResearch\\TaskProgramming\\AB_pic\\resources\\humanskeleton.jpg'
11.0823 	EXP 	polygon: opacity = 0.0
11.0823 	EXP 	displayPicture: image = 'C:\\Users\\Employee\\Google Drive\\UP\\MyResearch\\TaskProgramming\\AB_pic\\resources\\humanskeleton.jpg'
11.0989 	EXP 	polygon: opacity = 0.0
11.0989 	EXP 	displayPicture: image = 'C:\\Users\\Employee\\Google Drive\\UP\\MyResearch\\TaskProgramming\\AB_pic\\resources\\humanskeleton.jpg'
11.1156 	EXP 	polygon: opacity = 0.0
11.1156 	EXP 	displayPicture: image = 'C:\\Users\\Employee\\Google Drive\\UP\\MyResearch\\TaskProgramming\\AB_pic\\resources\\humanskeleton.jpg'
11.1323 	EXP 	polygon: opacity = 0.0
11.1323 	EXP 	displayPicture: image = 'C:\\Users\\Employee\\Google Drive\\UP\\MyResearch\\TaskProgramming\\AB_pic\\resources\\humanskeleton.jpg'
11.1490 	EXP 	polygon: opacity = 0.0
11.1490 	EXP 	displayPicture: image = 'C:\\Users\\Employee\\Google Drive\\UP\\MyResearch\\TaskProgramming\\AB_pic\\resources\\marble.jpg'
11.1656 	EXP 	polygon: opacity = 0.0
11.1656 	EXP 	displayPicture: image = 'C:\\Users\\Employee\\Google Drive\\UP\\MyResearch\\TaskProgramming\\AB_pic\\resources\\marble.jpg'
11.1823 	EXP 	polygon: opacity = 0.0
11.1823 	EXP 	displayPicture: image = 'C:\\Users\\Employee\\Google Drive\\UP\\MyResearch\\TaskProgramming\\AB_pic\\resources\\marble.jpg'
11.1990 	EXP 	polygon: opacity = 0.0
11.1990 	EXP 	displayPicture: image = 'C:\\Users\\Employee\\Google Drive\\UP\\MyResearch\\TaskProgramming\\AB_pic\\resources\\marble.jpg'
11.2156 	EXP 	polygon: opacity = 0.0
11.2156 	EXP 	displayPicture: image = 'C:\\Users\\Employee\\Google Drive\\UP\\MyResearch\\TaskProgramming\\AB_pic\\resources\\marble.jpg'
11.2323 	EXP 	polygon: opacity = 0.0
11.2323 	EXP 	displayPicture: image = 'C:\\Users\\Employee\\Google Drive\\UP\\MyResearch\\TaskProgramming\\AB_pic\\resources\\marble.jpg'
11.2489 	EXP 	polygon: opacity = 0.0
11.2489 	EXP 	displayPicture: image = 'C:\\Users\\Employee\\Google Drive\\UP\\MyResearch\\TaskProgramming\\AB_pic\\resources\\marble.jpg'
11.2656 	EXP 	polygon: opacity = 0.0
11.2656 	EXP 	displayPicture: image = 'C:\\Users\\Employee\\Google Drive\\UP\\MyResearch\\TaskProgramming\\AB_pic\\resources\\marble.jpg'
11.2823 	EXP 	polygon: opacity = 0.0
11.2823 	EXP 	displayPicture: image = 'C:\\Users\\Employee\\Google Drive\\UP\\MyResearch\\TaskProgramming\\AB_pic\\resources\\marble.jpg'
11.2989 	EXP 	polygon: opacity = 0.0
11.2989 	EXP 	displayPicture: image = 'C:\\Users\\Employee\\Google Drive\\UP\\MyResearch\\TaskProgramming\\AB_pic\\resources\\marble.jpg'
11.3156 	EXP 	polygon: opacity = 0.0
11.3156 	EXP 	displayPicture: image = 'C:\\Users\\Employee\\Google Drive\\UP\\MyResearch\\TaskProgramming\\AB_pic\\resources\\marble.jpg'
11.3322 	EXP 	polygon: opacity = 0.0
11.3322 	EXP 	displayPicture: image = 'C:\\Users\\Employee\\Google Drive\\UP\\MyResearch\\TaskProgramming\\AB_pic\\resources\\marble.jpg'
11.3489 	EXP 	polygon: opacity = 0.0
11.3489 	EXP 	displayPicture: image = 'C:\\Users\\Employee\\Google Drive\\UP\\MyResearch\\TaskProgramming\\AB_pic\\resources\\marble.jpg'
11.3656 	EXP 	polygon: opacity = 0.0
11.3656 	EXP 	displayPicture: image = 'C:\\Users\\Employee\\Google Drive\\UP\\MyResearch\\TaskProgramming\\AB_pic\\resources\\marble.jpg'
11.3822 	EXP 	polygon: opacity = 0.0
11.3822 	EXP 	displayPicture: image = 'C:\\Users\\Employee\\Google Drive\\UP\\MyResearch\\TaskProgramming\\AB_pic\\resources\\marble.jpg'
11.3989 	EXP 	polygon: opacity = 0.0
11.3989 	EXP 	displayPicture: image = 'C:\\Users\\Employee\\Google Drive\\UP\\MyResearch\\TaskProgramming\\AB_pic\\resources\\slug.jpg'
11.4156 	EXP 	polygon: opacity = 0.0
11.4156 	EXP 	displayPicture: image = 'C:\\Users\\Employee\\Google Drive\\UP\\MyResearch\\TaskProgramming\\AB_pic\\resources\\slug.jpg'
11.4322 	EXP 	polygon: opacity = 0.0
11.4322 	EXP 	displayPicture: image = 'C:\\Users\\Employee\\Google Drive\\UP\\MyResearch\\TaskProgramming\\AB_pic\\resources\\slug.jpg'
11.4489 	EXP 	polygon: opacity = 0.0
11.4489 	EXP 	displayPicture: image = 'C:\\Users\\Employee\\Google Drive\\UP\\MyResearch\\TaskProgramming\\AB_pic\\resources\\slug.jpg'
11.4656 	EXP 	polygon: opacity = 0.0
11.4656 	EXP 	displayPicture: image = 'C:\\Users\\Employee\\Google Drive\\UP\\MyResearch\\TaskProgramming\\AB_pic\\resources\\slug.jpg'
11.4822 	EXP 	polygon: opacity = 0.0
11.4822 	EXP 	displayPicture: image = 'C:\\Users\\Employee\\Google Drive\\UP\\MyResearch\\TaskProgramming\\AB_pic\\resources\\slug.jpg'
11.4989 	EXP 	polygon: opacity = 0.0
11.4989 	EXP 	displayPicture: image = 'C:\\Users\\Employee\\Google Drive\\UP\\MyResearch\\TaskProgramming\\AB_pic\\resources\\slug.jpg'
11.5156 	EXP 	polygon: opacity = 0.0
11.5156 	EXP 	displayPicture: image = 'C:\\Users\\Employee\\Google Drive\\UP\\MyResearch\\TaskProgramming\\AB_pic\\resources\\slug.jpg'
11.5322 	EXP 	polygon: opacity = 0.0
11.5322 	EXP 	displayPicture: image = 'C:\\Users\\Employee\\Google Drive\\UP\\MyResearch\\TaskProgramming\\AB_pic\\resources\\slug.jpg'
11.5489 	EXP 	polygon: opacity = 0.0
11.5489 	EXP 	displayPicture: image = 'C:\\Users\\Employee\\Google Drive\\UP\\MyResearch\\TaskProgramming\\AB_pic\\resources\\slug.jpg'
11.5655 	EXP 	polygon: opacity = 0.0
11.5655 	EXP 	displayPicture: image = 'C:\\Users\\Employee\\Google Drive\\UP\\MyResearch\\TaskProgramming\\AB_pic\\resources\\slug.jpg'
11.5822 	EXP 	polygon: opacity = 0.0
11.5822 	EXP 	displayPicture: image = 'C:\\Users\\Employee\\Google Drive\\UP\\MyResearch\\TaskProgramming\\AB_pic\\resources\\slug.jpg'
11.5989 	EXP 	polygon: opacity = 0.0
11.5989 	EXP 	displayPicture: image = 'C:\\Users\\Employee\\Google Drive\\UP\\MyResearch\\TaskProgramming\\AB_pic\\resources\\slug.jpg'
11.6156 	EXP 	polygon: opacity = 0.0
11.6156 	EXP 	displayPicture: image = 'C:\\Users\\Employee\\Google Drive\\UP\\MyResearch\\TaskProgramming\\AB_pic\\resources\\slug.jpg'
11.6322 	EXP 	polygon: opacity = 0.0
11.6322 	EXP 	displayPicture: image = 'C:\\Users\\Employee\\Google Drive\\UP\\MyResearch\\TaskProgramming\\AB_pic\\resources\\slug.jpg'
11.6489 	EXP 	polygon: opacity = 0.0
11.6489 	EXP 	displayPicture: image = 'C:\\Users\\Employee\\Google Drive\\UP\\MyResearch\\TaskProgramming\\AB_pic\\resources\\tire.jpg'
11.6655 	EXP 	polygon: opacity = 0.0
11.6655 	EXP 	displayPicture: image = 'C:\\Users\\Employee\\Google Drive\\UP\\MyResearch\\TaskProgramming\\AB_pic\\resources\\tire.jpg'
11.6822 	EXP 	polygon: opacity = 0.0
11.6822 	EXP 	displayPicture: image = 'C:\\Users\\Employee\\Google Drive\\UP\\MyResearch\\TaskProgramming\\AB_pic\\resources\\tire.jpg'
11.6989 	EXP 	polygon: opacity = 0.0
11.6989 	EXP 	displayPicture: image = 'C:\\Users\\Employee\\Google Drive\\UP\\MyResearch\\TaskProgramming\\AB_pic\\resources\\tire.jpg'
11.7155 	EXP 	polygon: opacity = 0.0
11.7155 	EXP 	displayPicture: image = 'C:\\Users\\Employee\\Google Drive\\UP\\MyResearch\\TaskProgramming\\AB_pic\\resources\\tire.jpg'
11.7322 	EXP 	polygon: opacity = 0.0
11.7322 	EXP 	displayPicture: image = 'C:\\Users\\Employee\\Google Drive\\UP\\MyResearch\\TaskProgramming\\AB_pic\\resources\\tire.jpg'
11.7489 	EXP 	polygon: opacity = 0.0
11.7489 	EXP 	displayPicture: image = 'C:\\Users\\Employee\\Google Drive\\UP\\MyResearch\\TaskProgramming\\AB_pic\\resources\\tire.jpg'
11.7655 	EXP 	polygon: opacity = 0.0
11.7655 	EXP 	displayPicture: image = 'C:\\Users\\Employee\\Google Drive\\UP\\MyResearch\\TaskProgramming\\AB_pic\\resources\\tire.jpg'
11.7822 	EXP 	polygon: opacity = 0.0
11.7822 	EXP 	displayPicture: image = 'C:\\Users\\Employee\\Google Drive\\UP\\MyResearch\\TaskProgramming\\AB_pic\\resources\\tire.jpg'
11.7989 	EXP 	polygon: opacity = 0.0
11.7989 	EXP 	displayPicture: image = 'C:\\Users\\Employee\\Google Drive\\UP\\MyResearch\\TaskProgramming\\AB_pic\\resources\\tire.jpg'
11.8156 	EXP 	polygon: opacity = 0.0
11.8156 	EXP 	displayPicture: image = 'C:\\Users\\Employee\\Google Drive\\UP\\MyResearch\\TaskProgramming\\AB_pic\\resources\\tire.jpg'
11.8322 	EXP 	polygon: opacity = 0.0
11.8322 	EXP 	displayPicture: image = 'C:\\Users\\Employee\\Google Drive\\UP\\MyResearch\\TaskProgramming\\AB_pic\\resources\\tire.jpg'
11.8489 	EXP 	polygon: opacity = 0.0
11.8489 	EXP 	displayPicture: image = 'C:\\Users\\Employee\\Google Drive\\UP\\MyResearch\\TaskProgramming\\AB_pic\\resources\\tire.jpg'
11.8655 	EXP 	polygon: opacity = 0.0
11.8655 	EXP 	displayPicture: image = 'C:\\Users\\Employee\\Google Drive\\UP\\MyResearch\\TaskProgramming\\AB_pic\\resources\\tire.jpg'
11.8822 	EXP 	polygon: opacity = 0.0
11.8822 	EXP 	displayPicture: image = 'C:\\Users\\Employee\\Google Drive\\UP\\MyResearch\\TaskProgramming\\AB_pic\\resources\\tire.jpg'
11.8989 	EXP 	polygon: opacity = 1.0
11.8989 	EXP 	displayPicture: image = 'C:\\Users\\Employee\\Google Drive\\UP\\MyResearch\\TaskProgramming\\AB_pic\\resources\\cymbal.jpg'
11.9155 	EXP 	polygon: opacity = 1.0
11.9155 	EXP 	displayPicture: image = 'C:\\Users\\Employee\\Google Drive\\UP\\MyResearch\\TaskProgramming\\AB_pic\\resources\\cymbal.jpg'
11.9322 	EXP 	polygon: opacity = 1.0
11.9322 	EXP 	displayPicture: image = 'C:\\Users\\Employee\\Google Drive\\UP\\MyResearch\\TaskProgramming\\AB_pic\\resources\\cymbal.jpg'
11.9489 	EXP 	polygon: opacity = 1.0
11.9489 	EXP 	displayPicture: image = 'C:\\Users\\Employee\\Google Drive\\UP\\MyResearch\\TaskProgramming\\AB_pic\\resources\\cymbal.jpg'
11.9655 	EXP 	polygon: opacity = 1.0
11.9655 	EXP 	displayPicture: image = 'C:\\Users\\Employee\\Google Drive\\UP\\MyResearch\\TaskProgramming\\AB_pic\\resources\\cymbal.jpg'
11.9822 	EXP 	polygon: opacity = 1.0
11.9822 	EXP 	displayPicture: image = 'C:\\Users\\Employee\\Google Drive\\UP\\MyResearch\\TaskProgramming\\AB_pic\\resources\\cymbal.jpg'
11.9989 	EXP 	polygon: opacity = 1.0
11.9989 	EXP 	displayPicture: image = 'C:\\Users\\Employee\\Google Drive\\UP\\MyResearch\\TaskProgramming\\AB_pic\\resources\\cymbal.jpg'
12.0155 	EXP 	polygon: opacity = 1.0
12.0155 	EXP 	displayPicture: image = 'C:\\Users\\Employee\\Google Drive\\UP\\MyResearch\\TaskProgramming\\AB_pic\\resources\\cymbal.jpg'
12.0322 	EXP 	polygon: opacity = 1.0
12.0322 	EXP 	displayPicture: image = 'C:\\Users\\Employee\\Google Drive\\UP\\MyResearch\\TaskProgramming\\AB_pic\\resources\\cymbal.jpg'
12.0489 	EXP 	polygon: opacity = 1.0
12.0489 	EXP 	displayPicture: image = 'C:\\Users\\Employee\\Google Drive\\UP\\MyResearch\\TaskProgramming\\AB_pic\\resources\\cymbal.jpg'
12.0655 	EXP 	polygon: opacity = 1.0
12.0655 	EXP 	displayPicture: image = 'C:\\Users\\Employee\\Google Drive\\UP\\MyResearch\\TaskProgramming\\AB_pic\\resources\\cymbal.jpg'
12.0822 	EXP 	polygon: opacity = 1.0
12.0822 	EXP 	displayPicture: image = 'C:\\Users\\Employee\\Google Drive\\UP\\MyResearch\\TaskProgramming\\AB_pic\\resources\\cymbal.jpg'
12.0989 	EXP 	polygon: opacity = 1.0
12.0989 	EXP 	displayPicture: image = 'C:\\Users\\Employee\\Google Drive\\UP\\MyResearch\\TaskProgramming\\AB_pic\\resources\\cymbal.jpg'
12.1155 	EXP 	polygon: opacity = 1.0
12.1155 	EXP 	displayPicture: image = 'C:\\Users\\Employee\\Google Drive\\UP\\MyResearch\\TaskProgramming\\AB_pic\\resources\\cymbal.jpg'
12.1322 	EXP 	polygon: opacity = 1.0
12.1322 	EXP 	displayPicture: image = 'C:\\Users\\Employee\\Google Drive\\UP\\MyResearch\\TaskProgramming\\AB_pic\\resources\\cymbal.jpg'
12.1489 	EXP 	polygon: opacity = 0.0
12.1489 	EXP 	displayPicture: image = 'C:\\Users\\Employee\\Google Drive\\UP\\MyResearch\\TaskProgramming\\AB_pic\\resources\\spiderweb.jpg'
12.1655 	EXP 	polygon: opacity = 0.0
12.1655 	EXP 	displayPicture: image = 'C:\\Users\\Employee\\Google Drive\\UP\\MyResearch\\TaskProgramming\\AB_pic\\resources\\spiderweb.jpg'
12.1822 	EXP 	polygon: opacity = 0.0
12.1822 	EXP 	displayPicture: image = 'C:\\Users\\Employee\\Google Drive\\UP\\MyResearch\\TaskProgramming\\AB_pic\\resources\\spiderweb.jpg'
12.1989 	EXP 	polygon: opacity = 0.0
12.1989 	EXP 	displayPicture: image = 'C:\\Users\\Employee\\Google Drive\\UP\\MyResearch\\TaskProgramming\\AB_pic\\resources\\spiderweb.jpg'
12.2155 	EXP 	polygon: opacity = 0.0
12.2155 	EXP 	displayPicture: image = 'C:\\Users\\Employee\\Google Drive\\UP\\MyResearch\\TaskProgramming\\AB_pic\\resources\\spiderweb.jpg'
12.2322 	EXP 	polygon: opacity = 0.0
12.2322 	EXP 	displayPicture: image = 'C:\\Users\\Employee\\Google Drive\\UP\\MyResearch\\TaskProgramming\\AB_pic\\resources\\spiderweb.jpg'
12.2488 	EXP 	polygon: opacity = 0.0
12.2488 	EXP 	displayPicture: image = 'C:\\Users\\Employee\\Google Drive\\UP\\MyResearch\\TaskProgramming\\AB_pic\\resources\\spiderweb.jpg'
12.2655 	EXP 	polygon: opacity = 0.0
12.2655 	EXP 	displayPicture: image = 'C:\\Users\\Employee\\Google Drive\\UP\\MyResearch\\TaskProgramming\\AB_pic\\resources\\spiderweb.jpg'
12.2822 	EXP 	polygon: opacity = 0.0
12.2822 	EXP 	displayPicture: image = 'C:\\Users\\Employee\\Google Drive\\UP\\MyResearch\\TaskProgramming\\AB_pic\\resources\\spiderweb.jpg'
12.2988 	EXP 	polygon: opacity = 0.0
12.2988 	EXP 	displayPicture: image = 'C:\\Users\\Employee\\Google Drive\\UP\\MyResearch\\TaskProgramming\\AB_pic\\resources\\spiderweb.jpg'
12.3155 	EXP 	polygon: opacity = 0.0
12.3155 	EXP 	displayPicture: image = 'C:\\Users\\Employee\\Google Drive\\UP\\MyResearch\\TaskProgramming\\AB_pic\\resources\\spiderweb.jpg'
12.3322 	EXP 	polygon: opacity = 0.0
12.3322 	EXP 	displayPicture: image = 'C:\\Users\\Employee\\Google Drive\\UP\\MyResearch\\TaskProgramming\\AB_pic\\resources\\spiderweb.jpg'
12.3489 	EXP 	polygon: opacity = 0.0
12.3489 	EXP 	displayPicture: image = 'C:\\Users\\Employee\\Google Drive\\UP\\MyResearch\\TaskProgramming\\AB_pic\\resources\\spiderweb.jpg'
12.3655 	EXP 	polygon: opacity = 0.0
12.3655 	EXP 	displayPicture: image = 'C:\\Users\\Employee\\Google Drive\\UP\\MyResearch\\TaskProgramming\\AB_pic\\resources\\spiderweb.jpg'
12.3822 	EXP 	polygon: opacity = 0.0
12.3822 	EXP 	displayPicture: image = 'C:\\Users\\Employee\\Google Drive\\UP\\MyResearch\\TaskProgramming\\AB_pic\\resources\\spiderweb.jpg'
12.3988 	EXP 	polygon: opacity = 0.0
12.3988 	EXP 	displayPicture: image = 'C:\\Users\\Employee\\Google Drive\\UP\\MyResearch\\TaskProgramming\\AB_pic\\resources\\accordion01.jpg'
12.4155 	EXP 	polygon: opacity = 0.0
12.4155 	EXP 	displayPicture: image = 'C:\\Users\\Employee\\Google Drive\\UP\\MyResearch\\TaskProgramming\\AB_pic\\resources\\accordion01.jpg'
12.4321 	EXP 	polygon: opacity = 0.0
12.4321 	EXP 	displayPicture: image = 'C:\\Users\\Employee\\Google Drive\\UP\\MyResearch\\TaskProgramming\\AB_pic\\resources\\accordion01.jpg'
12.4489 	EXP 	polygon: opacity = 0.0
12.4489 	EXP 	displayPicture: image = 'C:\\Users\\Employee\\Google Drive\\UP\\MyResearch\\TaskProgramming\\AB_pic\\resources\\accordion01.jpg'
12.4655 	EXP 	polygon: opacity = 0.0
12.4655 	EXP 	displayPicture: image = 'C:\\Users\\Employee\\Google Drive\\UP\\MyResearch\\TaskProgramming\\AB_pic\\resources\\accordion01.jpg'
12.4822 	EXP 	polygon: opacity = 0.0
12.4822 	EXP 	displayPicture: image = 'C:\\Users\\Employee\\Google Drive\\UP\\MyResearch\\TaskProgramming\\AB_pic\\resources\\accordion01.jpg'
12.4989 	EXP 	polygon: opacity = 0.0
12.4989 	EXP 	displayPicture: image = 'C:\\Users\\Employee\\Google Drive\\UP\\MyResearch\\TaskProgramming\\AB_pic\\resources\\accordion01.jpg'
12.5155 	EXP 	polygon: opacity = 0.0
12.5155 	EXP 	displayPicture: image = 'C:\\Users\\Employee\\Google Drive\\UP\\MyResearch\\TaskProgramming\\AB_pic\\resources\\accordion01.jpg'
12.5322 	EXP 	polygon: opacity = 0.0
12.5322 	EXP 	displayPicture: image = 'C:\\Users\\Employee\\Google Drive\\UP\\MyResearch\\TaskProgramming\\AB_pic\\resources\\accordion01.jpg'
12.5489 	EXP 	polygon: opacity = 0.0
12.5489 	EXP 	displayPicture: image = 'C:\\Users\\Employee\\Google Drive\\UP\\MyResearch\\TaskProgramming\\AB_pic\\resources\\accordion01.jpg'
12.5655 	EXP 	polygon: opacity = 0.0
12.5655 	EXP 	displayPicture: image = 'C:\\Users\\Employee\\Google Drive\\UP\\MyResearch\\TaskProgramming\\AB_pic\\resources\\accordion01.jpg'
12.5821 	EXP 	polygon: opacity = 0.0
12.5821 	EXP 	displayPicture: image = 'C:\\Users\\Employee\\Google Drive\\UP\\MyResearch\\TaskProgramming\\AB_pic\\resources\\accordion01.jpg'
12.5988 	EXP 	polygon: opacity = 0.0
12.5988 	EXP 	displayPicture: image = 'C:\\Users\\Employee\\Google Drive\\UP\\MyResearch\\TaskProgramming\\AB_pic\\resources\\accordion01.jpg'
12.6155 	EXP 	polygon: opacity = 0.0
12.6155 	EXP 	displayPicture: image = 'C:\\Users\\Employee\\Google Drive\\UP\\MyResearch\\TaskProgramming\\AB_pic\\resources\\accordion01.jpg'
12.6322 	EXP 	polygon: opacity = 0.0
12.6322 	EXP 	displayPicture: image = 'C:\\Users\\Employee\\Google Drive\\UP\\MyResearch\\TaskProgramming\\AB_pic\\resources\\accordion01.jpg'
12.6489 	EXP 	polygon: opacity = 0.0
12.6489 	EXP 	displayPicture: image = 'C:\\Users\\Employee\\Google Drive\\UP\\MyResearch\\TaskProgramming\\AB_pic\\resources\\wheelbarrow01.jpg'
12.6655 	EXP 	polygon: opacity = 0.0
12.6655 	EXP 	displayPicture: image = 'C:\\Users\\Employee\\Google Drive\\UP\\MyResearch\\TaskProgramming\\AB_pic\\resources\\wheelbarrow01.jpg'
12.6822 	EXP 	polygon: opacity = 0.0
12.6822 	EXP 	displayPicture: image = 'C:\\Users\\Employee\\Google Drive\\UP\\MyResearch\\TaskProgramming\\AB_pic\\resources\\wheelbarrow01.jpg'
12.6988 	EXP 	polygon: opacity = 0.0
12.6988 	EXP 	displayPicture: image = 'C:\\Users\\Employee\\Google Drive\\UP\\MyResearch\\TaskProgramming\\AB_pic\\resources\\wheelbarrow01.jpg'
12.7155 	EXP 	polygon: opacity = 0.0
12.7155 	EXP 	displayPicture: image = 'C:\\Users\\Employee\\Google Drive\\UP\\MyResearch\\TaskProgramming\\AB_pic\\resources\\wheelbarrow01.jpg'
12.7322 	EXP 	polygon: opacity = 0.0
12.7322 	EXP 	displayPicture: image = 'C:\\Users\\Employee\\Google Drive\\UP\\MyResearch\\TaskProgramming\\AB_pic\\resources\\wheelbarrow01.jpg'
12.7488 	EXP 	polygon: opacity = 0.0
12.7488 	EXP 	displayPicture: image = 'C:\\Users\\Employee\\Google Drive\\UP\\MyResearch\\TaskProgramming\\AB_pic\\resources\\wheelbarrow01.jpg'
12.7655 	EXP 	polygon: opacity = 0.0
12.7655 	EXP 	displayPicture: image = 'C:\\Users\\Employee\\Google Drive\\UP\\MyResearch\\TaskProgramming\\AB_pic\\resources\\wheelbarrow01.jpg'
12.7822 	EXP 	polygon: opacity = 0.0
12.7822 	EXP 	displayPicture: image = 'C:\\Users\\Employee\\Google Drive\\UP\\MyResearch\\TaskProgramming\\AB_pic\\resources\\wheelbarrow01.jpg'
12.7988 	EXP 	polygon: opacity = 0.0
12.7988 	EXP 	displayPicture: image = 'C:\\Users\\Employee\\Google Drive\\UP\\MyResearch\\TaskProgramming\\AB_pic\\resources\\wheelbarrow01.jpg'
12.8155 	EXP 	polygon: opacity = 0.0
12.8155 	EXP 	displayPicture: image = 'C:\\Users\\Employee\\Google Drive\\UP\\MyResearch\\TaskProgramming\\AB_pic\\resources\\wheelbarrow01.jpg'
12.8322 	EXP 	polygon: opacity = 0.0
12.8322 	EXP 	displayPicture: image = 'C:\\Users\\Employee\\Google Drive\\UP\\MyResearch\\TaskProgramming\\AB_pic\\resources\\wheelbarrow01.jpg'
12.8488 	EXP 	polygon: opacity = 0.0
12.8488 	EXP 	displayPicture: image = 'C:\\Users\\Employee\\Google Drive\\UP\\MyResearch\\TaskProgramming\\AB_pic\\resources\\wheelbarrow01.jpg'
12.8655 	EXP 	polygon: opacity = 0.0
12.8655 	EXP 	displayPicture: image = 'C:\\Users\\Employee\\Google Drive\\UP\\MyResearch\\TaskProgramming\\AB_pic\\resources\\wheelbarrow01.jpg'
12.8822 	EXP 	polygon: opacity = 0.0
12.8822 	EXP 	displayPicture: image = 'C:\\Users\\Employee\\Google Drive\\UP\\MyResearch\\TaskProgramming\\AB_pic\\resources\\wheelbarrow01.jpg'
12.8988 	EXP 	polygon: opacity = 0.0
12.8988 	EXP 	displayPicture: image = 'C:\\Users\\Employee\\Google Drive\\UP\\MyResearch\\TaskProgramming\\AB_pic\\resources\\saxophone.jpg'
12.9155 	EXP 	polygon: opacity = 0.0
12.9155 	EXP 	displayPicture: image = 'C:\\Users\\Employee\\Google Drive\\UP\\MyResearch\\TaskProgramming\\AB_pic\\resources\\saxophone.jpg'
12.9321 	EXP 	polygon: opacity = 0.0
12.9321 	EXP 	displayPicture: image = 'C:\\Users\\Employee\\Google Drive\\UP\\MyResearch\\TaskProgramming\\AB_pic\\resources\\saxophone.jpg'
12.9488 	EXP 	polygon: opacity = 0.0
12.9488 	EXP 	displayPicture: image = 'C:\\Users\\Employee\\Google Drive\\UP\\MyResearch\\TaskProgramming\\AB_pic\\resources\\saxophone.jpg'
12.9655 	EXP 	polygon: opacity = 0.0
12.9655 	EXP 	displayPicture: image = 'C:\\Users\\Employee\\Google Drive\\UP\\MyResearch\\TaskProgramming\\AB_pic\\resources\\saxophone.jpg'
12.9821 	EXP 	polygon: opacity = 0.0
12.9821 	EXP 	displayPicture: image = 'C:\\Users\\Employee\\Google Drive\\UP\\MyResearch\\TaskProgramming\\AB_pic\\resources\\saxophone.jpg'
12.9988 	EXP 	polygon: opacity = 0.0
12.9988 	EXP 	displayPicture: image = 'C:\\Users\\Employee\\Google Drive\\UP\\MyResearch\\TaskProgramming\\AB_pic\\resources\\saxophone.jpg'
13.0155 	EXP 	polygon: opacity = 0.0
13.0155 	EXP 	displayPicture: image = 'C:\\Users\\Employee\\Google Drive\\UP\\MyResearch\\TaskProgramming\\AB_pic\\resources\\saxophone.jpg'
13.0322 	EXP 	polygon: opacity = 0.0
13.0322 	EXP 	displayPicture: image = 'C:\\Users\\Employee\\Google Drive\\UP\\MyResearch\\TaskProgramming\\AB_pic\\resources\\saxophone.jpg'
13.0488 	EXP 	polygon: opacity = 0.0
13.0488 	EXP 	displayPicture: image = 'C:\\Users\\Employee\\Google Drive\\UP\\MyResearch\\TaskProgramming\\AB_pic\\resources\\saxophone.jpg'
13.0655 	EXP 	polygon: opacity = 0.0
13.0655 	EXP 	displayPicture: image = 'C:\\Users\\Employee\\Google Drive\\UP\\MyResearch\\TaskProgramming\\AB_pic\\resources\\saxophone.jpg'
13.0821 	EXP 	polygon: opacity = 0.0
13.0821 	EXP 	displayPicture: image = 'C:\\Users\\Employee\\Google Drive\\UP\\MyResearch\\TaskProgramming\\AB_pic\\resources\\saxophone.jpg'
13.0988 	EXP 	polygon: opacity = 0.0
13.0988 	EXP 	displayPicture: image = 'C:\\Users\\Employee\\Google Drive\\UP\\MyResearch\\TaskProgramming\\AB_pic\\resources\\saxophone.jpg'
13.1155 	EXP 	polygon: opacity = 0.0
13.1155 	EXP 	displayPicture: image = 'C:\\Users\\Employee\\Google Drive\\UP\\MyResearch\\TaskProgramming\\AB_pic\\resources\\saxophone.jpg'
13.1321 	EXP 	polygon: opacity = 0.0
13.1321 	EXP 	displayPicture: image = 'C:\\Users\\Employee\\Google Drive\\UP\\MyResearch\\TaskProgramming\\AB_pic\\resources\\saxophone.jpg'
13.1488 	EXP 	polygon: opacity = 0.0
13.1488 	EXP 	displayPicture: image = 'C:\\Users\\Employee\\Google Drive\\UP\\MyResearch\\TaskProgramming\\AB_pic\\resources\\jeans01.jpg'
13.1654 	EXP 	polygon: opacity = 0.0
13.1654 	EXP 	displayPicture: image = 'C:\\Users\\Employee\\Google Drive\\UP\\MyResearch\\TaskProgramming\\AB_pic\\resources\\jeans01.jpg'
13.1821 	EXP 	polygon: opacity = 0.0
13.1821 	EXP 	displayPicture: image = 'C:\\Users\\Employee\\Google Drive\\UP\\MyResearch\\TaskProgramming\\AB_pic\\resources\\jeans01.jpg'
13.1988 	EXP 	polygon: opacity = 0.0
13.1988 	EXP 	displayPicture: image = 'C:\\Users\\Employee\\Google Drive\\UP\\MyResearch\\TaskProgramming\\AB_pic\\resources\\jeans01.jpg'
13.2155 	EXP 	polygon: opacity = 0.0
13.2155 	EXP 	displayPicture: image = 'C:\\Users\\Employee\\Google Drive\\UP\\MyResearch\\TaskProgramming\\AB_pic\\resources\\jeans01.jpg'
13.2321 	EXP 	polygon: opacity = 0.0
13.2321 	EXP 	displayPicture: image = 'C:\\Users\\Employee\\Google Drive\\UP\\MyResearch\\TaskProgramming\\AB_pic\\resources\\jeans01.jpg'
13.2488 	EXP 	polygon: opacity = 0.0
13.2488 	EXP 	displayPicture: image = 'C:\\Users\\Employee\\Google Drive\\UP\\MyResearch\\TaskProgramming\\AB_pic\\resources\\jeans01.jpg'
13.2655 	EXP 	polygon: opacity = 0.0
13.2655 	EXP 	displayPicture: image = 'C:\\Users\\Employee\\Google Drive\\UP\\MyResearch\\TaskProgramming\\AB_pic\\resources\\jeans01.jpg'
13.2821 	EXP 	polygon: opacity = 0.0
13.2821 	EXP 	displayPicture: image = 'C:\\Users\\Employee\\Google Drive\\UP\\MyResearch\\TaskProgramming\\AB_pic\\resources\\jeans01.jpg'
13.2988 	EXP 	polygon: opacity = 0.0
13.2988 	EXP 	displayPicture: image = 'C:\\Users\\Employee\\Google Drive\\UP\\MyResearch\\TaskProgramming\\AB_pic\\resources\\jeans01.jpg'
13.3154 	EXP 	polygon: opacity = 0.0
13.3154 	EXP 	displayPicture: image = 'C:\\Users\\Employee\\Google Drive\\UP\\MyResearch\\TaskProgramming\\AB_pic\\resources\\jeans01.jpg'
13.3321 	EXP 	polygon: opacity = 0.0
13.3321 	EXP 	displayPicture: image = 'C:\\Users\\Employee\\Google Drive\\UP\\MyResearch\\TaskProgramming\\AB_pic\\resources\\jeans01.jpg'
13.3488 	EXP 	polygon: opacity = 0.0
13.3488 	EXP 	displayPicture: image = 'C:\\Users\\Employee\\Google Drive\\UP\\MyResearch\\TaskProgramming\\AB_pic\\resources\\jeans01.jpg'
13.3654 	EXP 	polygon: opacity = 0.0
13.3654 	EXP 	displayPicture: image = 'C:\\Users\\Employee\\Google Drive\\UP\\MyResearch\\TaskProgramming\\AB_pic\\resources\\jeans01.jpg'
13.3821 	EXP 	polygon: opacity = 0.0
13.3821 	EXP 	displayPicture: image = 'C:\\Users\\Employee\\Google Drive\\UP\\MyResearch\\TaskProgramming\\AB_pic\\resources\\jeans01.jpg'
13.3988 	EXP 	polygon: opacity = 0.0
13.3988 	EXP 	displayPicture: image = 'C:\\Users\\Employee\\Google Drive\\UP\\MyResearch\\TaskProgramming\\AB_pic\\resources\\zebra.jpg'
13.4155 	EXP 	polygon: opacity = 0.0
13.4155 	EXP 	displayPicture: image = 'C:\\Users\\Employee\\Google Drive\\UP\\MyResearch\\TaskProgramming\\AB_pic\\resources\\zebra.jpg'
13.4321 	EXP 	polygon: opacity = 0.0
13.4321 	EXP 	displayPicture: image = 'C:\\Users\\Employee\\Google Drive\\UP\\MyResearch\\TaskProgramming\\AB_pic\\resources\\zebra.jpg'
13.4488 	EXP 	polygon: opacity = 0.0
13.4488 	EXP 	displayPicture: image = 'C:\\Users\\Employee\\Google Drive\\UP\\MyResearch\\TaskProgramming\\AB_pic\\resources\\zebra.jpg'
13.4654 	EXP 	polygon: opacity = 0.0
13.4654 	EXP 	displayPicture: image = 'C:\\Users\\Employee\\Google Drive\\UP\\MyResearch\\TaskProgramming\\AB_pic\\resources\\zebra.jpg'
13.4821 	EXP 	polygon: opacity = 0.0
13.4821 	EXP 	displayPicture: image = 'C:\\Users\\Employee\\Google Drive\\UP\\MyResearch\\TaskProgramming\\AB_pic\\resources\\zebra.jpg'
13.4988 	EXP 	polygon: opacity = 0.0
13.4988 	EXP 	displayPicture: image = 'C:\\Users\\Employee\\Google Drive\\UP\\MyResearch\\TaskProgramming\\AB_pic\\resources\\zebra.jpg'
13.5154 	EXP 	polygon: opacity = 0.0
13.5154 	EXP 	displayPicture: image = 'C:\\Users\\Employee\\Google Drive\\UP\\MyResearch\\TaskProgramming\\AB_pic\\resources\\zebra.jpg'
13.5321 	EXP 	polygon: opacity = 0.0
13.5321 	EXP 	displayPicture: image = 'C:\\Users\\Employee\\Google Drive\\UP\\MyResearch\\TaskProgramming\\AB_pic\\resources\\zebra.jpg'
13.5488 	EXP 	polygon: opacity = 0.0
13.5488 	EXP 	displayPicture: image = 'C:\\Users\\Employee\\Google Drive\\UP\\MyResearch\\TaskProgramming\\AB_pic\\resources\\zebra.jpg'
13.5654 	EXP 	polygon: opacity = 0.0
13.5654 	EXP 	displayPicture: image = 'C:\\Users\\Employee\\Google Drive\\UP\\MyResearch\\TaskProgramming\\AB_pic\\resources\\zebra.jpg'
13.5821 	EXP 	polygon: opacity = 0.0
13.5821 	EXP 	displayPicture: image = 'C:\\Users\\Employee\\Google Drive\\UP\\MyResearch\\TaskProgramming\\AB_pic\\resources\\zebra.jpg'
13.5988 	EXP 	polygon: opacity = 0.0
13.5988 	EXP 	displayPicture: image = 'C:\\Users\\Employee\\Google Drive\\UP\\MyResearch\\TaskProgramming\\AB_pic\\resources\\zebra.jpg'
13.6154 	EXP 	polygon: opacity = 0.0
13.6154 	EXP 	displayPicture: image = 'C:\\Users\\Employee\\Google Drive\\UP\\MyResearch\\TaskProgramming\\AB_pic\\resources\\zebra.jpg'
13.6321 	EXP 	polygon: opacity = 0.0
13.6321 	EXP 	displayPicture: image = 'C:\\Users\\Employee\\Google Drive\\UP\\MyResearch\\TaskProgramming\\AB_pic\\resources\\zebra.jpg'
13.6488 	EXP 	polygon: opacity = 1.0
13.6488 	EXP 	displayPicture: image = 'C:\\Users\\Employee\\Google Drive\\UP\\MyResearch\\TaskProgramming\\AB_pic\\resources\\dolphin01.jpg'
13.6654 	EXP 	polygon: opacity = 1.0
13.6654 	EXP 	displayPicture: image = 'C:\\Users\\Employee\\Google Drive\\UP\\MyResearch\\TaskProgramming\\AB_pic\\resources\\dolphin01.jpg'
13.6821 	EXP 	polygon: opacity = 1.0
13.6821 	EXP 	displayPicture: image = 'C:\\Users\\Employee\\Google Drive\\UP\\MyResearch\\TaskProgramming\\AB_pic\\resources\\dolphin01.jpg'
13.6988 	EXP 	polygon: opacity = 1.0
13.6988 	EXP 	displayPicture: image = 'C:\\Users\\Employee\\Google Drive\\UP\\MyResearch\\TaskProgramming\\AB_pic\\resources\\dolphin01.jpg'
13.7154 	EXP 	polygon: opacity = 1.0
13.7154 	EXP 	displayPicture: image = 'C:\\Users\\Employee\\Google Drive\\UP\\MyResearch\\TaskProgramming\\AB_pic\\resources\\dolphin01.jpg'
13.7321 	EXP 	polygon: opacity = 1.0
13.7321 	EXP 	displayPicture: image = 'C:\\Users\\Employee\\Google Drive\\UP\\MyResearch\\TaskProgramming\\AB_pic\\resources\\dolphin01.jpg'
13.7487 	EXP 	polygon: opacity = 1.0
13.7487 	EXP 	displayPicture: image = 'C:\\Users\\Employee\\Google Drive\\UP\\MyResearch\\TaskProgramming\\AB_pic\\resources\\dolphin01.jpg'
13.7654 	EXP 	polygon: opacity = 1.0
13.7654 	EXP 	displayPicture: image = 'C:\\Users\\Employee\\Google Drive\\UP\\MyResearch\\TaskProgramming\\AB_pic\\resources\\dolphin01.jpg'
13.7821 	EXP 	polygon: opacity = 1.0
13.7821 	EXP 	displayPicture: image = 'C:\\Users\\Employee\\Google Drive\\UP\\MyResearch\\TaskProgramming\\AB_pic\\resources\\dolphin01.jpg'
13.7988 	EXP 	polygon: opacity = 1.0
13.7988 	EXP 	displayPicture: image = 'C:\\Users\\Employee\\Google Drive\\UP\\MyResearch\\TaskProgramming\\AB_pic\\resources\\dolphin01.jpg'
13.8154 	EXP 	polygon: opacity = 1.0
13.8154 	EXP 	displayPicture: image = 'C:\\Users\\Employee\\Google Drive\\UP\\MyResearch\\TaskProgramming\\AB_pic\\resources\\dolphin01.jpg'
13.8321 	EXP 	polygon: opacity = 1.0
13.8321 	EXP 	displayPicture: image = 'C:\\Users\\Employee\\Google Drive\\UP\\MyResearch\\TaskProgramming\\AB_pic\\resources\\dolphin01.jpg'
13.8487 	EXP 	polygon: opacity = 1.0
13.8487 	EXP 	displayPicture: image = 'C:\\Users\\Employee\\Google Drive\\UP\\MyResearch\\TaskProgramming\\AB_pic\\resources\\dolphin01.jpg'
13.8654 	EXP 	polygon: opacity = 1.0
13.8654 	EXP 	displayPicture: image = 'C:\\Users\\Employee\\Google Drive\\UP\\MyResearch\\TaskProgramming\\AB_pic\\resources\\dolphin01.jpg'
13.8821 	EXP 	polygon: opacity = 1.0
13.8821 	EXP 	displayPicture: image = 'C:\\Users\\Employee\\Google Drive\\UP\\MyResearch\\TaskProgramming\\AB_pic\\resources\\dolphin01.jpg'
13.8988 	EXP 	polygon: opacity = 0.0
13.8988 	EXP 	displayPicture: image = 'C:\\Users\\Employee\\Google Drive\\UP\\MyResearch\\TaskProgramming\\AB_pic\\resources\\fishskeleton.jpg'
13.9154 	EXP 	polygon: opacity = 0.0
13.9154 	EXP 	displayPicture: image = 'C:\\Users\\Employee\\Google Drive\\UP\\MyResearch\\TaskProgramming\\AB_pic\\resources\\fishskeleton.jpg'
13.9321 	EXP 	polygon: opacity = 0.0
13.9321 	EXP 	displayPicture: image = 'C:\\Users\\Employee\\Google Drive\\UP\\MyResearch\\TaskProgramming\\AB_pic\\resources\\fishskeleton.jpg'
13.9488 	EXP 	polygon: opacity = 0.0
13.9488 	EXP 	displayPicture: image = 'C:\\Users\\Employee\\Google Drive\\UP\\MyResearch\\TaskProgramming\\AB_pic\\resources\\fishskeleton.jpg'
13.9654 	EXP 	polygon: opacity = 0.0
13.9654 	EXP 	displayPicture: image = 'C:\\Users\\Employee\\Google Drive\\UP\\MyResearch\\TaskProgramming\\AB_pic\\resources\\fishskeleton.jpg'
13.9821 	EXP 	polygon: opacity = 0.0
13.9821 	EXP 	displayPicture: image = 'C:\\Users\\Employee\\Google Drive\\UP\\MyResearch\\TaskProgramming\\AB_pic\\resources\\fishskeleton.jpg'
13.9987 	EXP 	polygon: opacity = 0.0
13.9987 	EXP 	displayPicture: image = 'C:\\Users\\Employee\\Google Drive\\UP\\MyResearch\\TaskProgramming\\AB_pic\\resources\\fishskeleton.jpg'
14.0154 	EXP 	polygon: opacity = 0.0
14.0154 	EXP 	displayPicture: image = 'C:\\Users\\Employee\\Google Drive\\UP\\MyResearch\\TaskProgramming\\AB_pic\\resources\\fishskeleton.jpg'
14.0321 	EXP 	polygon: opacity = 0.0
14.0321 	EXP 	displayPicture: image = 'C:\\Users\\Employee\\Google Drive\\UP\\MyResearch\\TaskProgramming\\AB_pic\\resources\\fishskeleton.jpg'
14.0487 	EXP 	polygon: opacity = 0.0
14.0487 	EXP 	displayPicture: image = 'C:\\Users\\Employee\\Google Drive\\UP\\MyResearch\\TaskProgramming\\AB_pic\\resources\\fishskeleton.jpg'
14.0654 	EXP 	polygon: opacity = 0.0
14.0654 	EXP 	displayPicture: image = 'C:\\Users\\Employee\\Google Drive\\UP\\MyResearch\\TaskProgramming\\AB_pic\\resources\\fishskeleton.jpg'
14.0820 	EXP 	polygon: opacity = 0.0
14.0820 	EXP 	displayPicture: image = 'C:\\Users\\Employee\\Google Drive\\UP\\MyResearch\\TaskProgramming\\AB_pic\\resources\\fishskeleton.jpg'
14.0988 	EXP 	polygon: opacity = 0.0
14.0988 	EXP 	displayPicture: image = 'C:\\Users\\Employee\\Google Drive\\UP\\MyResearch\\TaskProgramming\\AB_pic\\resources\\fishskeleton.jpg'
14.1154 	EXP 	polygon: opacity = 0.0
14.1154 	EXP 	displayPicture: image = 'C:\\Users\\Employee\\Google Drive\\UP\\MyResearch\\TaskProgramming\\AB_pic\\resources\\fishskeleton.jpg'
14.1321 	EXP 	polygon: opacity = 0.0
14.1321 	EXP 	displayPicture: image = 'C:\\Users\\Employee\\Google Drive\\UP\\MyResearch\\TaskProgramming\\AB_pic\\resources\\fishskeleton.jpg'
14.1488 	EXP 	polygon: opacity = 0.0
14.1488 	EXP 	displayPicture: image = 'C:\\Users\\Employee\\Google Drive\\UP\\MyResearch\\TaskProgramming\\AB_pic\\resources\\waterfountain02.jpg'
14.1654 	EXP 	polygon: opacity = 0.0
14.1654 	EXP 	displayPicture: image = 'C:\\Users\\Employee\\Google Drive\\UP\\MyResearch\\TaskProgramming\\AB_pic\\resources\\waterfountain02.jpg'
14.1821 	EXP 	polygon: opacity = 0.0
14.1821 	EXP 	displayPicture: image = 'C:\\Users\\Employee\\Google Drive\\UP\\MyResearch\\TaskProgramming\\AB_pic\\resources\\waterfountain02.jpg'
14.1987 	EXP 	polygon: opacity = 0.0
14.1987 	EXP 	displayPicture: image = 'C:\\Users\\Employee\\Google Drive\\UP\\MyResearch\\TaskProgramming\\AB_pic\\resources\\waterfountain02.jpg'
14.2154 	EXP 	polygon: opacity = 0.0
14.2154 	EXP 	displayPicture: image = 'C:\\Users\\Employee\\Google Drive\\UP\\MyResearch\\TaskProgramming\\AB_pic\\resources\\waterfountain02.jpg'
14.2321 	EXP 	polygon: opacity = 0.0
14.2321 	EXP 	displayPicture: image = 'C:\\Users\\Employee\\Google Drive\\UP\\MyResearch\\TaskProgramming\\AB_pic\\resources\\waterfountain02.jpg'
14.2488 	EXP 	polygon: opacity = 0.0
14.2488 	EXP 	displayPicture: image = 'C:\\Users\\Employee\\Google Drive\\UP\\MyResearch\\TaskProgramming\\AB_pic\\resources\\waterfountain02.jpg'
14.2654 	EXP 	polygon: opacity = 0.0
14.2654 	EXP 	displayPicture: image = 'C:\\Users\\Employee\\Google Drive\\UP\\MyResearch\\TaskProgramming\\AB_pic\\resources\\waterfountain02.jpg'
14.2820 	EXP 	polygon: opacity = 0.0
14.2820 	EXP 	displayPicture: image = 'C:\\Users\\Employee\\Google Drive\\UP\\MyResearch\\TaskProgramming\\AB_pic\\resources\\waterfountain02.jpg'
14.2987 	EXP 	polygon: opacity = 0.0
14.2987 	EXP 	displayPicture: image = 'C:\\Users\\Employee\\Google Drive\\UP\\MyResearch\\TaskProgramming\\AB_pic\\resources\\waterfountain02.jpg'
14.3154 	EXP 	polygon: opacity = 0.0
14.3154 	EXP 	displayPicture: image = 'C:\\Users\\Employee\\Google Drive\\UP\\MyResearch\\TaskProgramming\\AB_pic\\resources\\waterfountain02.jpg'
14.3321 	EXP 	polygon: opacity = 0.0
14.3321 	EXP 	displayPicture: image = 'C:\\Users\\Employee\\Google Drive\\UP\\MyResearch\\TaskProgramming\\AB_pic\\resources\\waterfountain02.jpg'
14.3487 	EXP 	polygon: opacity = 0.0
14.3487 	EXP 	displayPicture: image = 'C:\\Users\\Employee\\Google Drive\\UP\\MyResearch\\TaskProgramming\\AB_pic\\resources\\waterfountain02.jpg'
14.3654 	EXP 	polygon: opacity = 0.0
14.3654 	EXP 	displayPicture: image = 'C:\\Users\\Employee\\Google Drive\\UP\\MyResearch\\TaskProgramming\\AB_pic\\resources\\waterfountain02.jpg'
14.3820 	EXP 	polygon: opacity = 0.0
14.3820 	EXP 	displayPicture: image = 'C:\\Users\\Employee\\Google Drive\\UP\\MyResearch\\TaskProgramming\\AB_pic\\resources\\waterfountain02.jpg'
14.3987 	EXP 	polygon: opacity = 0.0
14.3987 	EXP 	displayPicture: image = 'C:\\Users\\Employee\\Google Drive\\UP\\MyResearch\\TaskProgramming\\AB_pic\\resources\\chimney.jpg'
14.4154 	EXP 	polygon: opacity = 0.0
14.4154 	EXP 	displayPicture: image = 'C:\\Users\\Employee\\Google Drive\\UP\\MyResearch\\TaskProgramming\\AB_pic\\resources\\chimney.jpg'
14.4321 	EXP 	polygon: opacity = 0.0
14.4321 	EXP 	displayPicture: image = 'C:\\Users\\Employee\\Google Drive\\UP\\MyResearch\\TaskProgramming\\AB_pic\\resources\\chimney.jpg'
14.4487 	EXP 	polygon: opacity = 0.0
14.4487 	EXP 	displayPicture: image = 'C:\\Users\\Employee\\Google Drive\\UP\\MyResearch\\TaskProgramming\\AB_pic\\resources\\chimney.jpg'
14.4654 	EXP 	polygon: opacity = 0.0
14.4654 	EXP 	displayPicture: image = 'C:\\Users\\Employee\\Google Drive\\UP\\MyResearch\\TaskProgramming\\AB_pic\\resources\\chimney.jpg'
14.4820 	EXP 	polygon: opacity = 0.0
14.4820 	EXP 	displayPicture: image = 'C:\\Users\\Employee\\Google Drive\\UP\\MyResearch\\TaskProgramming\\AB_pic\\resources\\chimney.jpg'
14.4987 	EXP 	polygon: opacity = 0.0
14.4987 	EXP 	displayPicture: image = 'C:\\Users\\Employee\\Google Drive\\UP\\MyResearch\\TaskProgramming\\AB_pic\\resources\\chimney.jpg'
14.5154 	EXP 	polygon: opacity = 0.0
14.5154 	EXP 	displayPicture: image = 'C:\\Users\\Employee\\Google Drive\\UP\\MyResearch\\TaskProgramming\\AB_pic\\resources\\chimney.jpg'
14.5320 	EXP 	polygon: opacity = 0.0
14.5320 	EXP 	displayPicture: image = 'C:\\Users\\Employee\\Google Drive\\UP\\MyResearch\\TaskProgramming\\AB_pic\\resources\\chimney.jpg'
14.5487 	EXP 	polygon: opacity = 0.0
14.5487 	EXP 	displayPicture: image = 'C:\\Users\\Employee\\Google Drive\\UP\\MyResearch\\TaskProgramming\\AB_pic\\resources\\chimney.jpg'
14.5654 	EXP 	polygon: opacity = 0.0
14.5654 	EXP 	displayPicture: image = 'C:\\Users\\Employee\\Google Drive\\UP\\MyResearch\\TaskProgramming\\AB_pic\\resources\\chimney.jpg'
14.5820 	EXP 	polygon: opacity = 0.0
14.5820 	EXP 	displayPicture: image = 'C:\\Users\\Employee\\Google Drive\\UP\\MyResearch\\TaskProgramming\\AB_pic\\resources\\chimney.jpg'
14.5987 	EXP 	polygon: opacity = 0.0
14.5987 	EXP 	displayPicture: image = 'C:\\Users\\Employee\\Google Drive\\UP\\MyResearch\\TaskProgramming\\AB_pic\\resources\\chimney.jpg'
14.6154 	EXP 	polygon: opacity = 0.0
14.6154 	EXP 	displayPicture: image = 'C:\\Users\\Employee\\Google Drive\\UP\\MyResearch\\TaskProgramming\\AB_pic\\resources\\chimney.jpg'
14.6320 	EXP 	polygon: opacity = 0.0
14.6320 	EXP 	displayPicture: image = 'C:\\Users\\Employee\\Google Drive\\UP\\MyResearch\\TaskProgramming\\AB_pic\\resources\\chimney.jpg'
14.6655 	EXP 	polygon: opacity = 0.0
14.6655 	EXP 	displayPicture: image = 'C:\\Users\\Employee\\Google Drive\\UP\\MyResearch\\TaskProgramming\\AB_pic\\resources\\chimney.jpg'
14.6655 	EXP 	polygon: autoDraw = False
14.6655 	EXP 	displayPicture: autoDraw = False
14.6655 	EXP 	polygon_2: autoDraw = False
14.6655 	EXP 	option1_t1: image = 'C:\\Users\\Employee\\Google Drive\\UP\\MyResearch\\TaskProgramming\\AB_pic\\resources\\cymbal.jpg'
14.6655 	EXP 	option2_t1: image = 'C:\\Users\\Employee\\Google Drive\\UP\\MyResearch\\TaskProgramming\\AB_pic\\resources\\showerhead01.jpg'
14.6655 	EXP 	option1_t1: autoDraw = True
14.6655 	EXP 	option2_t1: autoDraw = True
15.6124 	DATA 	Keypress: left
15.6320 	EXP 	option1_t1: autoDraw = False
15.6320 	EXP 	option2_t1: autoDraw = False
15.6320 	EXP 	option1_t2: image = 'C:\\Users\\Employee\\Google Drive\\UP\\MyResearch\\TaskProgramming\\AB_pic\\resources\\dolphin01.jpg'
15.6320 	EXP 	option2_t2: image = 'C:\\Users\\Employee\\Google Drive\\UP\\MyResearch\\TaskProgramming\\AB_pic\\resources\\cashregister01.jpg'
15.6320 	EXP 	option1_t2: autoDraw = True
15.6320 	EXP 	option2_t2: autoDraw = True
15.9046 	EXP 	New trial (rep=0, index=2): OrderedDict([('trialType', 'AB'), ('cndTyp', 'lag5'), ('lag', 5), ('T1_loc', 5), ('gap', 0), ('T2_loc', 10), ('primePos', 104), ('stimLen', 0.2), ('isi', 0.05)])
15.9120 	DATA 	Keypress: right
15.9319 	EXP 	option1_t2: autoDraw = False
15.9319 	EXP 	option2_t2: autoDraw = False
15.9319 	EXP 	polygon: autoDraw = True
15.9319 	EXP 	polygon: opacity = 0.0
15.9319 	EXP 	displayPicture: autoDraw = True
15.9319 	EXP 	displayPicture: image = 'C:\\Users\\Employee\\Google Drive\\UP\\MyResearch\\TaskProgramming\\AB_pic\\resources\\firehydrant.jpg'
15.9319 	EXP 	polygon_2: autoDraw = True
15.9486 	EXP 	polygon: opacity = 0.0
15.9486 	EXP 	displayPicture: image = 'C:\\Users\\Employee\\Google Drive\\UP\\MyResearch\\TaskProgramming\\AB_pic\\resources\\firehydrant.jpg'
15.9653 	EXP 	polygon: opacity = 0.0
15.9653 	EXP 	displayPicture: image = 'C:\\Users\\Employee\\Google Drive\\UP\\MyResearch\\TaskProgramming\\AB_pic\\resources\\firehydrant.jpg'
15.9819 	EXP 	polygon: opacity = 0.0
15.9819 	EXP 	displayPicture: image = 'C:\\Users\\Employee\\Google Drive\\UP\\MyResearch\\TaskProgramming\\AB_pic\\resources\\firehydrant.jpg'
15.9986 	EXP 	polygon: opacity = 0.0
15.9986 	EXP 	displayPicture: image = 'C:\\Users\\Employee\\Google Drive\\UP\\MyResearch\\TaskProgramming\\AB_pic\\resources\\firehydrant.jpg'
16.0153 	EXP 	polygon: opacity = 0.0
16.0153 	EXP 	displayPicture: image = 'C:\\Users\\Employee\\Google Drive\\UP\\MyResearch\\TaskProgramming\\AB_pic\\resources\\firehydrant.jpg'
16.0319 	EXP 	polygon: opacity = 0.0
16.0319 	EXP 	displayPicture: image = 'C:\\Users\\Employee\\Google Drive\\UP\\MyResearch\\TaskProgramming\\AB_pic\\resources\\firehydrant.jpg'
16.0486 	EXP 	polygon: opacity = 0.0
16.0486 	EXP 	displayPicture: image = 'C:\\Users\\Employee\\Google Drive\\UP\\MyResearch\\TaskProgramming\\AB_pic\\resources\\firehydrant.jpg'
16.0653 	EXP 	polygon: opacity = 0.0
16.0653 	EXP 	displayPicture: image = 'C:\\Users\\Employee\\Google Drive\\UP\\MyResearch\\TaskProgramming\\AB_pic\\resources\\firehydrant.jpg'
16.0819 	EXP 	polygon: opacity = 0.0
16.0819 	EXP 	displayPicture: image = 'C:\\Users\\Employee\\Google Drive\\UP\\MyResearch\\TaskProgramming\\AB_pic\\resources\\firehydrant.jpg'
16.0986 	EXP 	polygon: opacity = 0.0
16.0986 	EXP 	displayPicture: image = 'C:\\Users\\Employee\\Google Drive\\UP\\MyResearch\\TaskProgramming\\AB_pic\\resources\\firehydrant.jpg'
16.1152 	EXP 	polygon: opacity = 0.0
16.1152 	EXP 	displayPicture: image = 'C:\\Users\\Employee\\Google Drive\\UP\\MyResearch\\TaskProgramming\\AB_pic\\resources\\firehydrant.jpg'
16.1319 	EXP 	polygon: opacity = 0.0
16.1319 	EXP 	displayPicture: image = 'C:\\Users\\Employee\\Google Drive\\UP\\MyResearch\\TaskProgramming\\AB_pic\\resources\\firehydrant.jpg'
16.1486 	EXP 	polygon: opacity = 0.0
16.1486 	EXP 	displayPicture: image = 'C:\\Users\\Employee\\Google Drive\\UP\\MyResearch\\TaskProgramming\\AB_pic\\resources\\firehydrant.jpg'
16.1653 	EXP 	polygon: opacity = 0.0
16.1653 	EXP 	displayPicture: image = 'C:\\Users\\Employee\\Google Drive\\UP\\MyResearch\\TaskProgramming\\AB_pic\\resources\\wheelbarrow01.jpg'
16.1819 	EXP 	polygon: opacity = 0.0
16.1819 	EXP 	displayPicture: image = 'C:\\Users\\Employee\\Google Drive\\UP\\MyResearch\\TaskProgramming\\AB_pic\\resources\\wheelbarrow01.jpg'
16.1986 	EXP 	polygon: opacity = 0.0
16.1986 	EXP 	displayPicture: image = 'C:\\Users\\Employee\\Google Drive\\UP\\MyResearch\\TaskProgramming\\AB_pic\\resources\\wheelbarrow01.jpg'
16.2153 	EXP 	polygon: opacity = 0.0
16.2153 	EXP 	displayPicture: image = 'C:\\Users\\Employee\\Google Drive\\UP\\MyResearch\\TaskProgramming\\AB_pic\\resources\\wheelbarrow01.jpg'
16.2319 	EXP 	polygon: opacity = 0.0
16.2319 	EXP 	displayPicture: image = 'C:\\Users\\Employee\\Google Drive\\UP\\MyResearch\\TaskProgramming\\AB_pic\\resources\\wheelbarrow01.jpg'
16.2486 	EXP 	polygon: opacity = 0.0
16.2486 	EXP 	displayPicture: image = 'C:\\Users\\Employee\\Google Drive\\UP\\MyResearch\\TaskProgramming\\AB_pic\\resources\\wheelbarrow01.jpg'
16.2653 	EXP 	polygon: opacity = 0.0
16.2653 	EXP 	displayPicture: image = 'C:\\Users\\Employee\\Google Drive\\UP\\MyResearch\\TaskProgramming\\AB_pic\\resources\\wheelbarrow01.jpg'
16.2819 	EXP 	polygon: opacity = 0.0
16.2819 	EXP 	displayPicture: image = 'C:\\Users\\Employee\\Google Drive\\UP\\MyResearch\\TaskProgramming\\AB_pic\\resources\\wheelbarrow01.jpg'
16.2862 	DATA 	Keypress: escape
16.2986 	EXP 	polygon: opacity = 0.0
16.2986 	EXP 	displayPicture: image = 'C:\\Users\\Employee\\Google Drive\\UP\\MyResearch\\TaskProgramming\\AB_pic\\resources\\wheelbarrow01.jpg'
16.3153 	EXP 	polygon: opacity = 0.0
16.3153 	EXP 	displayPicture: image = 'C:\\Users\\Employee\\Google Drive\\UP\\MyResearch\\TaskProgramming\\AB_pic\\resources\\wheelbarrow01.jpg'
16.3319 	EXP 	polygon: opacity = 0.0
16.3319 	EXP 	displayPicture: image = 'C:\\Users\\Employee\\Google Drive\\UP\\MyResearch\\TaskProgramming\\AB_pic\\resources\\wheelbarrow01.jpg'
16.3486 	EXP 	polygon: opacity = 0.0
16.3486 	EXP 	displayPicture: image = 'C:\\Users\\Employee\\Google Drive\\UP\\MyResearch\\TaskProgramming\\AB_pic\\resources\\wheelbarrow01.jpg'
16.3653 	EXP 	polygon: opacity = 0.0
16.3653 	EXP 	displayPicture: image = 'C:\\Users\\Employee\\Google Drive\\UP\\MyResearch\\TaskProgramming\\AB_pic\\resources\\wheelbarrow01.jpg'
16.3819 	EXP 	polygon: opacity = 0.0
16.3819 	EXP 	displayPicture: image = 'C:\\Users\\Employee\\Google Drive\\UP\\MyResearch\\TaskProgramming\\AB_pic\\resources\\wheelbarrow01.jpg'
16.3986 	EXP 	polygon: opacity = 0.0
16.3986 	EXP 	displayPicture: image = 'C:\\Users\\Employee\\Google Drive\\UP\\MyResearch\\TaskProgramming\\AB_pic\\resources\\wheelbarrow01.jpg'
16.4152 	EXP 	polygon: opacity = 0.0
16.4152 	EXP 	displayPicture: image = 'C:\\Users\\Employee\\Google Drive\\UP\\MyResearch\\TaskProgramming\\AB_pic\\resources\\leafrake.jpg'
16.4319 	EXP 	polygon: opacity = 0.0
16.4319 	EXP 	displayPicture: image = 'C:\\Users\\Employee\\Google Drive\\UP\\MyResearch\\TaskProgramming\\AB_pic\\resources\\leafrake.jpg'
16.4933 	EXP 	window1: mouseVisible = True
