0.7961 	WARNING 	We strongly recommend you activate the PTB sound engine in PsychoPy prefs as the preferred audio engine. Its timing is vastly superior. Your prefs are currently set to use ['sounddevice', 'PTB', 'pyo', 'pygame'] (in that order).
5.3308 	WARNING 	User requested fullscreen with size [1024  768], but screen is actually [1920, 1080]. Using actual size
6.2117 	EXP 	Created window1 = Window(allowGUI=False, allowStencil=False, args=UNKNOWN, autoLog=True, bitsMode=UNKNOWN, blendMode='avg', bpc=(8, 8, 8), color=array([0., 0., 0.]), colorSpace='rgb', depthBits=8, fullscr=<method-wrapper '__getattribute__' of attributeSetter object at 0x000001F7BCF6ECF8>, gamma=None, gammaErrorPolicy='raise', kwargs=UNKNOWN, lms=UNKNOWN, monitor=<psychopy.monitors.calibTools.Monitor object at 0x000001F7BCF02358>, multiSample=False, name='window1', numSamples=2, pos=[0.0, 0.0], screen=0, size=array([1920, 1080]), stencilBits=0, stereo=False, units='height', useFBO=True, useRetina=False, viewOri=0.0, viewPos=None, viewScale=None, waitBlanking=True, winType='pyglet')
6.2120 	EXP 	window1: mouseVisible = True
6.2121 	EXP 	window1: recordFrameIntervals = False
6.3780 	EXP 	window1: recordFrameIntervals = True
6.5615 	EXP 	window1: recordFrameIntervals = False
6.6273 	EXP 	Created polygon = Rect(__class__=<class 'psychopy.visual.rect.Rect'>, autoDraw=False, autoLog=True, closeShape=True, color=method-wrapper(...), colorSpace=None, contrast=1.0, depth=-3.0, fillColor=array([1., 0., 0.]), fillColorSpace='rgb', fillRGB=array([1., 0., 0.]), interpolate=True, lineColor=array([1., 1., 1.]), lineColorSpace='rgb', lineRGB=array([1., 1., 1.]), lineWidth=1, name='polygon', opacity=1.0, ori=array(0.), pos=array([0., 0.]), size=array([0.6, 0.6]), units='height', vertices=ndarray(...), win=Window(...))
6.6327 	EXP 	Created displayPicture = ImageStim(__class__=<class 'psychopy.visual.image.ImageStim'>, autoLog=True, color=array([1., 1., 1.]), colorSpace='rgb', contrast=1.0, depth=-4.0, flipHoriz=False, flipVert=False, image='sin', interpolate=True, mask=None, maskParams=None, name='displayPicture', opacity=1.0, ori=0.0, pos=array([0., 0.]), size=array([0.25, 0.25]), texRes=128, units='height', win=Window(...))
6.6356 	EXP 	Created option1_t1 = ImageStim(__class__=<class 'psychopy.visual.image.ImageStim'>, autoLog=True, color=array([1., 1., 1.]), colorSpace='rgb', contrast=1.0, depth=-1.0, flipHoriz=False, flipVert=False, image='sin', interpolate=True, mask=None, maskParams=None, name='option1_t1', opacity=1.0, ori=0.0, pos=array([-0.3,  0. ]), size=array([0.25, 0.25]), texRes=128, units='height', win=Window(...))
6.6380 	EXP 	Created option2_t1 = ImageStim(__class__=<class 'psychopy.visual.image.ImageStim'>, autoLog=True, color=array([1., 1., 1.]), colorSpace='rgb', contrast=1.0, depth=-2.0, flipHoriz=False, flipVert=False, image='sin', interpolate=True, mask=None, maskParams=None, name='option2_t1', opacity=1.0, ori=0.0, pos=array([0.3, 0. ]), size=array([0.25, 0.25]), texRes=128, units='height', win=Window(...))
6.6407 	EXP 	Created option1_t2 = ImageStim(__class__=<class 'psychopy.visual.image.ImageStim'>, autoLog=True, color=array([1., 1., 1.]), colorSpace='rgb', contrast=1.0, depth=-1.0, flipHoriz=False, flipVert=False, image='sin', interpolate=True, mask=None, maskParams=None, name='option1_t2', opacity=1.0, ori=0.0, pos=array([0.3, 0. ]), size=array([0.25, 0.25]), texRes=128, units='height', win=Window(...))
6.6433 	EXP 	Created option2_t2 = ImageStim(__class__=<class 'psychopy.visual.image.ImageStim'>, autoLog=True, color=array([1., 1., 1.]), colorSpace='rgb', contrast=1.0, depth=-2.0, flipHoriz=False, flipVert=False, image='sin', interpolate=True, mask=None, maskParams=None, name='option2_t2', opacity=1.0, ori=0.0, pos=array([-0.3,  0. ]), size=array([0.25, 0.25]), texRes=128, units='height', win=Window(...))
6.6814 	EXP 	Imported conditionAB.xlsx as conditions, 140 conditions, 9 params
6.6819 	EXP 	Created sequence: random, trialTypes=140, nReps=1, seed=None
6.6822 	EXP 	New trial (rep=0, index=0): OrderedDict([('trialType', 'AB'), ('cndTyp', 'lag1'), ('lag', 1), ('T1_loc', 4), ('gap', 0), ('T2_loc', 5), ('primePos', 103), ('stimLen', 0.1), ('isi', 0.04)])
6.7722 	EXP 	polygon: autoDraw = True
6.7722 	EXP 	polygon: opacity = 0.0
6.7722 	EXP 	displayPicture: autoDraw = True
6.7722 	EXP 	displayPicture: image = 'C:\\Users\\Employee\\Google Drive\\UP\\MyResearch\\TaskProgramming\\AB_pic\\resources\\nunchuk.jpg'
6.7946 	EXP 	polygon: opacity = 0.0
6.7946 	EXP 	displayPicture: image = 'C:\\Users\\Employee\\Google Drive\\UP\\MyResearch\\TaskProgramming\\AB_pic\\resources\\toolbox02.jpg'
6.8280 	EXP 	polygon: opacity = 0.0
6.8280 	EXP 	displayPicture: image = 'C:\\Users\\Employee\\Google Drive\\UP\\MyResearch\\TaskProgramming\\AB_pic\\resources\\toolbox02.jpg'
6.8446 	EXP 	polygon: opacity = 0.0
6.8446 	EXP 	displayPicture: image = 'C:\\Users\\Employee\\Google Drive\\UP\\MyResearch\\TaskProgramming\\AB_pic\\resources\\toolbox02.jpg'
6.8613 	EXP 	polygon: opacity = 0.0
6.8613 	EXP 	displayPicture: image = 'C:\\Users\\Employee\\Google Drive\\UP\\MyResearch\\TaskProgramming\\AB_pic\\resources\\toolbox02.jpg'
6.8779 	EXP 	polygon: opacity = 0.0
6.8779 	EXP 	displayPicture: image = 'C:\\Users\\Employee\\Google Drive\\UP\\MyResearch\\TaskProgramming\\AB_pic\\resources\\toolbox02.jpg'
6.8946 	EXP 	polygon: opacity = 0.0
6.8946 	EXP 	displayPicture: image = 'C:\\Users\\Employee\\Google Drive\\UP\\MyResearch\\TaskProgramming\\AB_pic\\resources\\chair.jpg'
6.9113 	EXP 	polygon: opacity = 0.0
6.9113 	EXP 	displayPicture: image = 'C:\\Users\\Employee\\Google Drive\\UP\\MyResearch\\TaskProgramming\\AB_pic\\resources\\chair.jpg'
6.9279 	EXP 	polygon: opacity = 0.0
6.9279 	EXP 	displayPicture: image = 'C:\\Users\\Employee\\Google Drive\\UP\\MyResearch\\TaskProgramming\\AB_pic\\resources\\chair.jpg'
6.9446 	EXP 	polygon: opacity = 0.0
6.9446 	EXP 	displayPicture: image = 'C:\\Users\\Employee\\Google Drive\\UP\\MyResearch\\TaskProgramming\\AB_pic\\resources\\chair.jpg'
6.9780 	EXP 	polygon: opacity = 0.0
6.9780 	EXP 	displayPicture: image = 'C:\\Users\\Employee\\Google Drive\\UP\\MyResearch\\TaskProgramming\\AB_pic\\resources\\chair.jpg'
6.9946 	EXP 	polygon: opacity = 1.0
6.9946 	EXP 	displayPicture: image = 'C:\\Users\\Employee\\Google Drive\\UP\\MyResearch\\TaskProgramming\\AB_pic\\resources\\stubbywrench01a.jpg'
7.0113 	EXP 	polygon: opacity = 1.0
7.0113 	EXP 	displayPicture: image = 'C:\\Users\\Employee\\Google Drive\\UP\\MyResearch\\TaskProgramming\\AB_pic\\resources\\stubbywrench01a.jpg'
7.0447 	EXP 	polygon: opacity = 1.0
7.0447 	EXP 	displayPicture: image = 'C:\\Users\\Employee\\Google Drive\\UP\\MyResearch\\TaskProgramming\\AB_pic\\resources\\stubbywrench01a.jpg'
7.0613 	EXP 	polygon: opacity = 1.0
7.0613 	EXP 	displayPicture: image = 'C:\\Users\\Employee\\Google Drive\\UP\\MyResearch\\TaskProgramming\\AB_pic\\resources\\stubbywrench01a.jpg'
7.0946 	EXP 	polygon: opacity = 1.0
7.0946 	EXP 	displayPicture: image = 'C:\\Users\\Employee\\Google Drive\\UP\\MyResearch\\TaskProgramming\\AB_pic\\resources\\stubbywrench01a.jpg'
7.1279 	EXP 	polygon: opacity = 1.0
7.1279 	EXP 	displayPicture: image = 'C:\\Users\\Employee\\Google Drive\\UP\\MyResearch\\TaskProgramming\\AB_pic\\resources\\cigar.jpg'
7.1442 	EXP 	polygon: opacity = 1.0
7.1442 	EXP 	displayPicture: image = 'C:\\Users\\Employee\\Google Drive\\UP\\MyResearch\\TaskProgramming\\AB_pic\\resources\\cigar.jpg'
7.1613 	EXP 	polygon: opacity = 1.0
7.1613 	EXP 	displayPicture: image = 'C:\\Users\\Employee\\Google Drive\\UP\\MyResearch\\TaskProgramming\\AB_pic\\resources\\cigar.jpg'
7.1946 	EXP 	polygon: opacity = 1.0
7.1946 	EXP 	displayPicture: image = 'C:\\Users\\Employee\\Google Drive\\UP\\MyResearch\\TaskProgramming\\AB_pic\\resources\\cigar.jpg'
7.2113 	EXP 	polygon: opacity = 0.0
7.2113 	EXP 	displayPicture: image = 'C:\\Users\\Employee\\Google Drive\\UP\\MyResearch\\TaskProgramming\\AB_pic\\resources\\birdfeeder.jpg'
7.2279 	EXP 	polygon: opacity = 0.0
7.2279 	EXP 	displayPicture: image = 'C:\\Users\\Employee\\Google Drive\\UP\\MyResearch\\TaskProgramming\\AB_pic\\resources\\birdfeeder.jpg'
7.2442 	EXP 	polygon: opacity = 0.0
7.2442 	EXP 	displayPicture: image = 'C:\\Users\\Employee\\Google Drive\\UP\\MyResearch\\TaskProgramming\\AB_pic\\resources\\birdfeeder.jpg'
7.2612 	EXP 	polygon: opacity = 0.0
7.2612 	EXP 	displayPicture: image = 'C:\\Users\\Employee\\Google Drive\\UP\\MyResearch\\TaskProgramming\\AB_pic\\resources\\birdfeeder.jpg'
7.2779 	EXP 	polygon: opacity = 0.0
7.2779 	EXP 	displayPicture: image = 'C:\\Users\\Employee\\Google Drive\\UP\\MyResearch\\TaskProgramming\\AB_pic\\resources\\birdfeeder.jpg'
7.2946 	EXP 	polygon: opacity = 0.0
7.2946 	EXP 	displayPicture: image = 'C:\\Users\\Employee\\Google Drive\\UP\\MyResearch\\TaskProgramming\\AB_pic\\resources\\safe.jpg'
7.3279 	EXP 	polygon: opacity = 0.0
7.3279 	EXP 	displayPicture: image = 'C:\\Users\\Employee\\Google Drive\\UP\\MyResearch\\TaskProgramming\\AB_pic\\resources\\safe.jpg'
7.3446 	EXP 	polygon: opacity = 0.0
7.3446 	EXP 	displayPicture: image = 'C:\\Users\\Employee\\Google Drive\\UP\\MyResearch\\TaskProgramming\\AB_pic\\resources\\safe.jpg'
7.3613 	EXP 	polygon: opacity = 0.0
7.3613 	EXP 	displayPicture: image = 'C:\\Users\\Employee\\Google Drive\\UP\\MyResearch\\TaskProgramming\\AB_pic\\resources\\safe.jpg'
7.3781 	EXP 	polygon: opacity = 0.0
7.3781 	EXP 	displayPicture: image = 'C:\\Users\\Employee\\Google Drive\\UP\\MyResearch\\TaskProgramming\\AB_pic\\resources\\safe.jpg'
7.3946 	EXP 	polygon: opacity = 0.0
7.3946 	EXP 	displayPicture: image = 'C:\\Users\\Employee\\Google Drive\\UP\\MyResearch\\TaskProgramming\\AB_pic\\resources\\greathornowl.jpg'
7.4112 	EXP 	polygon: opacity = 0.0
7.4112 	EXP 	displayPicture: image = 'C:\\Users\\Employee\\Google Drive\\UP\\MyResearch\\TaskProgramming\\AB_pic\\resources\\greathornowl.jpg'
7.4279 	EXP 	polygon: opacity = 0.0
7.4279 	EXP 	displayPicture: image = 'C:\\Users\\Employee\\Google Drive\\UP\\MyResearch\\TaskProgramming\\AB_pic\\resources\\greathornowl.jpg'
7.4441 	EXP 	polygon: opacity = 0.0
7.4441 	EXP 	displayPicture: image = 'C:\\Users\\Employee\\Google Drive\\UP\\MyResearch\\TaskProgramming\\AB_pic\\resources\\greathornowl.jpg'
7.4612 	EXP 	polygon: opacity = 0.0
7.4612 	EXP 	displayPicture: image = 'C:\\Users\\Employee\\Google Drive\\UP\\MyResearch\\TaskProgramming\\AB_pic\\resources\\greathornowl.jpg'
7.4779 	EXP 	polygon: opacity = 0.0
7.4779 	EXP 	displayPicture: image = 'C:\\Users\\Employee\\Google Drive\\UP\\MyResearch\\TaskProgramming\\AB_pic\\resources\\greathornowl.jpg'
7.4941 	EXP 	polygon: opacity = 0.0
7.4941 	EXP 	displayPicture: image = 'C:\\Users\\Employee\\Google Drive\\UP\\MyResearch\\TaskProgramming\\AB_pic\\resources\\tarantula.jpg'
7.5112 	EXP 	polygon: opacity = 0.0
7.5112 	EXP 	displayPicture: image = 'C:\\Users\\Employee\\Google Drive\\UP\\MyResearch\\TaskProgramming\\AB_pic\\resources\\tarantula.jpg'
7.5279 	EXP 	polygon: opacity = 0.0
7.5279 	EXP 	displayPicture: image = 'C:\\Users\\Employee\\Google Drive\\UP\\MyResearch\\TaskProgramming\\AB_pic\\resources\\tarantula.jpg'
7.5448 	EXP 	polygon: opacity = 0.0
7.5448 	EXP 	displayPicture: image = 'C:\\Users\\Employee\\Google Drive\\UP\\MyResearch\\TaskProgramming\\AB_pic\\resources\\tarantula.jpg'
7.5612 	EXP 	polygon: opacity = 0.0
7.5612 	EXP 	displayPicture: image = 'C:\\Users\\Employee\\Google Drive\\UP\\MyResearch\\TaskProgramming\\AB_pic\\resources\\tarantula.jpg'
7.5779 	EXP 	polygon: opacity = 0.0
7.5779 	EXP 	displayPicture: image = 'C:\\Users\\Employee\\Google Drive\\UP\\MyResearch\\TaskProgramming\\AB_pic\\resources\\tarantula.jpg'
7.5945 	EXP 	polygon: opacity = 0.0
7.5945 	EXP 	displayPicture: image = 'C:\\Users\\Employee\\Google Drive\\UP\\MyResearch\\TaskProgramming\\AB_pic\\resources\\tree.jpg'
7.6112 	EXP 	polygon: opacity = 0.0
7.6112 	EXP 	displayPicture: image = 'C:\\Users\\Employee\\Google Drive\\UP\\MyResearch\\TaskProgramming\\AB_pic\\resources\\tree.jpg'
7.6278 	EXP 	polygon: opacity = 0.0
7.6278 	EXP 	displayPicture: image = 'C:\\Users\\Employee\\Google Drive\\UP\\MyResearch\\TaskProgramming\\AB_pic\\resources\\tree.jpg'
7.6445 	EXP 	polygon: opacity = 0.0
7.6445 	EXP 	displayPicture: image = 'C:\\Users\\Employee\\Google Drive\\UP\\MyResearch\\TaskProgramming\\AB_pic\\resources\\tree.jpg'
7.6612 	EXP 	polygon: opacity = 0.0
7.6612 	EXP 	displayPicture: image = 'C:\\Users\\Employee\\Google Drive\\UP\\MyResearch\\TaskProgramming\\AB_pic\\resources\\tree.jpg'
7.6778 	EXP 	polygon: opacity = 0.0
7.6778 	EXP 	displayPicture: image = 'C:\\Users\\Employee\\Google Drive\\UP\\MyResearch\\TaskProgramming\\AB_pic\\resources\\tree.jpg'
7.6945 	EXP 	polygon: opacity = 0.0
7.6945 	EXP 	displayPicture: image = 'C:\\Users\\Employee\\Google Drive\\UP\\MyResearch\\TaskProgramming\\AB_pic\\resources\\crosscountryski.jpg'
7.7112 	EXP 	polygon: opacity = 0.0
7.7112 	EXP 	displayPicture: image = 'C:\\Users\\Employee\\Google Drive\\UP\\MyResearch\\TaskProgramming\\AB_pic\\resources\\crosscountryski.jpg'
7.7279 	EXP 	polygon: opacity = 0.0
7.7279 	EXP 	displayPicture: image = 'C:\\Users\\Employee\\Google Drive\\UP\\MyResearch\\TaskProgramming\\AB_pic\\resources\\crosscountryski.jpg'
7.7445 	EXP 	polygon: opacity = 0.0
7.7445 	EXP 	displayPicture: image = 'C:\\Users\\Employee\\Google Drive\\UP\\MyResearch\\TaskProgramming\\AB_pic\\resources\\crosscountryski.jpg'
7.7612 	EXP 	polygon: opacity = 0.0
7.7612 	EXP 	displayPicture: image = 'C:\\Users\\Employee\\Google Drive\\UP\\MyResearch\\TaskProgramming\\AB_pic\\resources\\crosscountryski.jpg'
7.7779 	EXP 	polygon: opacity = 0.0
7.7779 	EXP 	displayPicture: image = 'C:\\Users\\Employee\\Google Drive\\UP\\MyResearch\\TaskProgramming\\AB_pic\\resources\\crosscountryski.jpg'
7.7945 	EXP 	polygon: opacity = 0.0
7.7945 	EXP 	displayPicture: image = 'C:\\Users\\Employee\\Google Drive\\UP\\MyResearch\\TaskProgramming\\AB_pic\\resources\\englishcucumber.jpg'
7.8112 	EXP 	polygon: opacity = 0.0
7.8112 	EXP 	displayPicture: image = 'C:\\Users\\Employee\\Google Drive\\UP\\MyResearch\\TaskProgramming\\AB_pic\\resources\\englishcucumber.jpg'
7.8279 	EXP 	polygon: opacity = 0.0
7.8279 	EXP 	displayPicture: image = 'C:\\Users\\Employee\\Google Drive\\UP\\MyResearch\\TaskProgramming\\AB_pic\\resources\\englishcucumber.jpg'
7.8445 	EXP 	polygon: opacity = 0.0
7.8445 	EXP 	displayPicture: image = 'C:\\Users\\Employee\\Google Drive\\UP\\MyResearch\\TaskProgramming\\AB_pic\\resources\\englishcucumber.jpg'
7.8612 	EXP 	polygon: opacity = 0.0
7.8612 	EXP 	displayPicture: image = 'C:\\Users\\Employee\\Google Drive\\UP\\MyResearch\\TaskProgramming\\AB_pic\\resources\\englishcucumber.jpg'
7.8779 	EXP 	polygon: opacity = 0.0
7.8779 	EXP 	displayPicture: image = 'C:\\Users\\Employee\\Google Drive\\UP\\MyResearch\\TaskProgramming\\AB_pic\\resources\\englishcucumber.jpg'
7.8945 	EXP 	polygon: opacity = 0.0
7.8945 	EXP 	displayPicture: image = 'C:\\Users\\Employee\\Google Drive\\UP\\MyResearch\\TaskProgramming\\AB_pic\\resources\\cat.jpg'
7.9112 	EXP 	polygon: opacity = 0.0
7.9112 	EXP 	displayPicture: image = 'C:\\Users\\Employee\\Google Drive\\UP\\MyResearch\\TaskProgramming\\AB_pic\\resources\\cat.jpg'
7.9278 	EXP 	polygon: opacity = 0.0
7.9278 	EXP 	displayPicture: image = 'C:\\Users\\Employee\\Google Drive\\UP\\MyResearch\\TaskProgramming\\AB_pic\\resources\\cat.jpg'
7.9445 	EXP 	polygon: opacity = 0.0
7.9445 	EXP 	displayPicture: image = 'C:\\Users\\Employee\\Google Drive\\UP\\MyResearch\\TaskProgramming\\AB_pic\\resources\\cat.jpg'
7.9612 	EXP 	polygon: opacity = 0.0
7.9612 	EXP 	displayPicture: image = 'C:\\Users\\Employee\\Google Drive\\UP\\MyResearch\\TaskProgramming\\AB_pic\\resources\\cat.jpg'
7.9778 	EXP 	polygon: opacity = 0.0
7.9778 	EXP 	displayPicture: image = 'C:\\Users\\Employee\\Google Drive\\UP\\MyResearch\\TaskProgramming\\AB_pic\\resources\\cat.jpg'
7.9944 	EXP 	polygon: opacity = 0.0
7.9944 	EXP 	displayPicture: image = 'C:\\Users\\Employee\\Google Drive\\UP\\MyResearch\\TaskProgramming\\AB_pic\\resources\\bacon.jpg'
8.0112 	EXP 	polygon: opacity = 0.0
8.0112 	EXP 	displayPicture: image = 'C:\\Users\\Employee\\Google Drive\\UP\\MyResearch\\TaskProgramming\\AB_pic\\resources\\bacon.jpg'
8.0279 	EXP 	polygon: opacity = 0.0
8.0279 	EXP 	displayPicture: image = 'C:\\Users\\Employee\\Google Drive\\UP\\MyResearch\\TaskProgramming\\AB_pic\\resources\\bacon.jpg'
8.0459 	EXP 	polygon: opacity = 0.0
8.0459 	EXP 	displayPicture: image = 'C:\\Users\\Employee\\Google Drive\\UP\\MyResearch\\TaskProgramming\\AB_pic\\resources\\bacon.jpg'
8.0625 	EXP 	polygon: opacity = 0.0
8.0625 	EXP 	displayPicture: image = 'C:\\Users\\Employee\\Google Drive\\UP\\MyResearch\\TaskProgramming\\AB_pic\\resources\\bacon.jpg'
8.0777 	EXP 	polygon: opacity = 0.0
8.0777 	EXP 	displayPicture: image = 'C:\\Users\\Employee\\Google Drive\\UP\\MyResearch\\TaskProgramming\\AB_pic\\resources\\bacon.jpg'
8.0944 	EXP 	polygon: opacity = 0.0
8.0944 	EXP 	displayPicture: image = 'C:\\Users\\Employee\\Google Drive\\UP\\MyResearch\\TaskProgramming\\AB_pic\\resources\\snowman.jpg'
8.1113 	EXP 	polygon: opacity = 0.0
8.1113 	EXP 	displayPicture: image = 'C:\\Users\\Employee\\Google Drive\\UP\\MyResearch\\TaskProgramming\\AB_pic\\resources\\snowman.jpg'
8.1282 	EXP 	polygon: opacity = 0.0
8.1282 	EXP 	displayPicture: image = 'C:\\Users\\Employee\\Google Drive\\UP\\MyResearch\\TaskProgramming\\AB_pic\\resources\\snowman.jpg'
8.1443 	EXP 	polygon: opacity = 0.0
8.1443 	EXP 	displayPicture: image = 'C:\\Users\\Employee\\Google Drive\\UP\\MyResearch\\TaskProgramming\\AB_pic\\resources\\snowman.jpg'
8.1607 	EXP 	polygon: opacity = 0.0
8.1607 	EXP 	displayPicture: image = 'C:\\Users\\Employee\\Google Drive\\UP\\MyResearch\\TaskProgramming\\AB_pic\\resources\\snowman.jpg'
8.1774 	EXP 	polygon: opacity = 0.0
8.1774 	EXP 	displayPicture: image = 'C:\\Users\\Employee\\Google Drive\\UP\\MyResearch\\TaskProgramming\\AB_pic\\resources\\snowman.jpg'
8.2107 	EXP 	polygon: opacity = 0.0
8.2107 	EXP 	displayPicture: image = 'C:\\Users\\Employee\\Google Drive\\UP\\MyResearch\\TaskProgramming\\AB_pic\\resources\\snowman.jpg'
8.2107 	EXP 	polygon: autoDraw = False
8.2107 	EXP 	displayPicture: autoDraw = False
8.2107 	EXP 	option1_t1: image = 'C:\\Users\\Employee\\Google Drive\\UP\\MyResearch\\TaskProgramming\\AB_pic\\resources\\stubbywrench01a.jpg'
8.2107 	EXP 	option2_t1: image = 'C:\\Users\\Employee\\Google Drive\\UP\\MyResearch\\TaskProgramming\\AB_pic\\resources\\lily.jpg'
8.2107 	EXP 	option1_t1: autoDraw = True
8.2107 	EXP 	option2_t1: autoDraw = True
9.8027 	DATA 	Keypress: left
9.8106 	EXP 	option1_t1: autoDraw = False
9.8106 	EXP 	option2_t1: autoDraw = False
9.8106 	EXP 	option1_t2: image = 'C:\\Users\\Employee\\Google Drive\\UP\\MyResearch\\TaskProgramming\\AB_pic\\resources\\cigar.jpg'
9.8106 	EXP 	option2_t2: image = 'C:\\Users\\Employee\\Google Drive\\UP\\MyResearch\\TaskProgramming\\AB_pic\\resources\\tulip02.jpg'
9.8106 	EXP 	option1_t2: autoDraw = True
9.8106 	EXP 	option2_t2: autoDraw = True
11.3331 	EXP 	New trial (rep=0, index=1): OrderedDict([('trialType', 'AB'), ('cndTyp', 'lag5'), ('lag', 5), ('T1_loc', 5), ('gap', 0), ('T2_loc', 10), ('primePos', 104), ('stimLen', 0.1), ('isi', 0.04)])
11.3378 	DATA 	Keypress: right
11.3605 	EXP 	option1_t2: autoDraw = False
11.3605 	EXP 	option2_t2: autoDraw = False
11.3605 	EXP 	polygon: autoDraw = True
11.3605 	EXP 	polygon: opacity = 0.0
11.3605 	EXP 	displayPicture: autoDraw = True
11.3605 	EXP 	displayPicture: image = 'C:\\Users\\Employee\\Google Drive\\UP\\MyResearch\\TaskProgramming\\AB_pic\\resources\\butterfly.jpg'
11.3772 	EXP 	polygon: opacity = 0.0
11.3772 	EXP 	displayPicture: image = 'C:\\Users\\Employee\\Google Drive\\UP\\MyResearch\\TaskProgramming\\AB_pic\\resources\\butterfly.jpg'
11.3938 	EXP 	polygon: opacity = 0.0
11.3938 	EXP 	displayPicture: image = 'C:\\Users\\Employee\\Google Drive\\UP\\MyResearch\\TaskProgramming\\AB_pic\\resources\\butterfly.jpg'
11.4105 	EXP 	polygon: opacity = 0.0
11.4105 	EXP 	displayPicture: image = 'C:\\Users\\Employee\\Google Drive\\UP\\MyResearch\\TaskProgramming\\AB_pic\\resources\\butterfly.jpg'
11.4272 	EXP 	polygon: opacity = 0.0
11.4272 	EXP 	displayPicture: image = 'C:\\Users\\Employee\\Google Drive\\UP\\MyResearch\\TaskProgramming\\AB_pic\\resources\\butterfly.jpg'
11.4438 	EXP 	polygon: opacity = 0.0
11.4438 	EXP 	displayPicture: image = 'C:\\Users\\Employee\\Google Drive\\UP\\MyResearch\\TaskProgramming\\AB_pic\\resources\\pokerchips.jpg'
11.4605 	EXP 	polygon: opacity = 0.0
11.4605 	EXP 	displayPicture: image = 'C:\\Users\\Employee\\Google Drive\\UP\\MyResearch\\TaskProgramming\\AB_pic\\resources\\pokerchips.jpg'
11.4772 	EXP 	polygon: opacity = 0.0
11.4772 	EXP 	displayPicture: image = 'C:\\Users\\Employee\\Google Drive\\UP\\MyResearch\\TaskProgramming\\AB_pic\\resources\\pokerchips.jpg'
11.4938 	EXP 	polygon: opacity = 0.0
11.4938 	EXP 	displayPicture: image = 'C:\\Users\\Employee\\Google Drive\\UP\\MyResearch\\TaskProgramming\\AB_pic\\resources\\pokerchips.jpg'
11.5105 	EXP 	polygon: opacity = 0.0
11.5105 	EXP 	displayPicture: image = 'C:\\Users\\Employee\\Google Drive\\UP\\MyResearch\\TaskProgramming\\AB_pic\\resources\\pokerchips.jpg'
11.5272 	EXP 	polygon: opacity = 0.0
11.5272 	EXP 	displayPicture: image = 'C:\\Users\\Employee\\Google Drive\\UP\\MyResearch\\TaskProgramming\\AB_pic\\resources\\pokerchips.jpg'
11.5438 	EXP 	polygon: opacity = 0.0
11.5438 	EXP 	displayPicture: image = 'C:\\Users\\Employee\\Google Drive\\UP\\MyResearch\\TaskProgramming\\AB_pic\\resources\\pingpongtable.jpg'
11.5605 	EXP 	polygon: opacity = 0.0
11.5605 	EXP 	displayPicture: image = 'C:\\Users\\Employee\\Google Drive\\UP\\MyResearch\\TaskProgramming\\AB_pic\\resources\\pingpongtable.jpg'
11.5772 	EXP 	polygon: opacity = 0.0
11.5772 	EXP 	displayPicture: image = 'C:\\Users\\Employee\\Google Drive\\UP\\MyResearch\\TaskProgramming\\AB_pic\\resources\\pingpongtable.jpg'
11.5939 	EXP 	polygon: opacity = 0.0
11.5939 	EXP 	displayPicture: image = 'C:\\Users\\Employee\\Google Drive\\UP\\MyResearch\\TaskProgramming\\AB_pic\\resources\\pingpongtable.jpg'
11.6105 	EXP 	polygon: opacity = 0.0
11.6105 	EXP 	displayPicture: image = 'C:\\Users\\Employee\\Google Drive\\UP\\MyResearch\\TaskProgramming\\AB_pic\\resources\\pingpongtable.jpg'
11.6272 	EXP 	polygon: opacity = 0.0
11.6272 	EXP 	displayPicture: image = 'C:\\Users\\Employee\\Google Drive\\UP\\MyResearch\\TaskProgramming\\AB_pic\\resources\\pingpongtable.jpg'
11.6439 	EXP 	polygon: opacity = 0.0
11.6439 	EXP 	displayPicture: image = 'C:\\Users\\Employee\\Google Drive\\UP\\MyResearch\\TaskProgramming\\AB_pic\\resources\\boxingglove01.jpg'
11.6605 	EXP 	polygon: opacity = 0.0
11.6605 	EXP 	displayPicture: image = 'C:\\Users\\Employee\\Google Drive\\UP\\MyResearch\\TaskProgramming\\AB_pic\\resources\\boxingglove01.jpg'
11.6772 	EXP 	polygon: opacity = 0.0
11.6772 	EXP 	displayPicture: image = 'C:\\Users\\Employee\\Google Drive\\UP\\MyResearch\\TaskProgramming\\AB_pic\\resources\\boxingglove01.jpg'
11.6939 	EXP 	polygon: opacity = 0.0
11.6939 	EXP 	displayPicture: image = 'C:\\Users\\Employee\\Google Drive\\UP\\MyResearch\\TaskProgramming\\AB_pic\\resources\\boxingglove01.jpg'
11.7105 	EXP 	polygon: opacity = 0.0
11.7105 	EXP 	displayPicture: image = 'C:\\Users\\Employee\\Google Drive\\UP\\MyResearch\\TaskProgramming\\AB_pic\\resources\\boxingglove01.jpg'
11.7272 	EXP 	polygon: opacity = 0.0
11.7272 	EXP 	displayPicture: image = 'C:\\Users\\Employee\\Google Drive\\UP\\MyResearch\\TaskProgramming\\AB_pic\\resources\\boxingglove01.jpg'
11.7439 	EXP 	polygon: opacity = 1.0
11.7439 	EXP 	displayPicture: image = 'C:\\Users\\Employee\\Google Drive\\UP\\MyResearch\\TaskProgramming\\AB_pic\\resources\\kite.jpg'
11.7605 	EXP 	polygon: opacity = 1.0
11.7605 	EXP 	displayPicture: image = 'C:\\Users\\Employee\\Google Drive\\UP\\MyResearch\\TaskProgramming\\AB_pic\\resources\\kite.jpg'
11.7771 	EXP 	polygon: opacity = 1.0
11.7771 	EXP 	displayPicture: image = 'C:\\Users\\Employee\\Google Drive\\UP\\MyResearch\\TaskProgramming\\AB_pic\\resources\\kite.jpg'
11.7939 	EXP 	polygon: opacity = 1.0
11.7939 	EXP 	displayPicture: image = 'C:\\Users\\Employee\\Google Drive\\UP\\MyResearch\\TaskProgramming\\AB_pic\\resources\\kite.jpg'
11.8105 	EXP 	polygon: opacity = 1.0
11.8105 	EXP 	displayPicture: image = 'C:\\Users\\Employee\\Google Drive\\UP\\MyResearch\\TaskProgramming\\AB_pic\\resources\\kite.jpg'
11.8271 	EXP 	polygon: opacity = 1.0
11.8271 	EXP 	displayPicture: image = 'C:\\Users\\Employee\\Google Drive\\UP\\MyResearch\\TaskProgramming\\AB_pic\\resources\\kite.jpg'
11.8439 	EXP 	polygon: opacity = 0.0
11.8439 	EXP 	displayPicture: image = 'C:\\Users\\Employee\\Google Drive\\UP\\MyResearch\\TaskProgramming\\AB_pic\\resources\\ladder.jpg'
11.8605 	EXP 	polygon: opacity = 0.0
11.8605 	EXP 	displayPicture: image = 'C:\\Users\\Employee\\Google Drive\\UP\\MyResearch\\TaskProgramming\\AB_pic\\resources\\ladder.jpg'
11.8771 	EXP 	polygon: opacity = 0.0
11.8771 	EXP 	displayPicture: image = 'C:\\Users\\Employee\\Google Drive\\UP\\MyResearch\\TaskProgramming\\AB_pic\\resources\\ladder.jpg'
11.8939 	EXP 	polygon: opacity = 0.0
11.8939 	EXP 	displayPicture: image = 'C:\\Users\\Employee\\Google Drive\\UP\\MyResearch\\TaskProgramming\\AB_pic\\resources\\ladder.jpg'
11.9105 	EXP 	polygon: opacity = 0.0
11.9105 	EXP 	displayPicture: image = 'C:\\Users\\Employee\\Google Drive\\UP\\MyResearch\\TaskProgramming\\AB_pic\\resources\\ladder.jpg'
11.9271 	EXP 	polygon: opacity = 0.0
11.9271 	EXP 	displayPicture: image = 'C:\\Users\\Employee\\Google Drive\\UP\\MyResearch\\TaskProgramming\\AB_pic\\resources\\ladder.jpg'
11.9438 	EXP 	polygon: opacity = 0.0
11.9438 	EXP 	displayPicture: image = 'C:\\Users\\Employee\\Google Drive\\UP\\MyResearch\\TaskProgramming\\AB_pic\\resources\\mrpotatohead.jpg'
11.9605 	EXP 	polygon: opacity = 0.0
11.9605 	EXP 	displayPicture: image = 'C:\\Users\\Employee\\Google Drive\\UP\\MyResearch\\TaskProgramming\\AB_pic\\resources\\mrpotatohead.jpg'
11.9771 	EXP 	polygon: opacity = 0.0
11.9771 	EXP 	displayPicture: image = 'C:\\Users\\Employee\\Google Drive\\UP\\MyResearch\\TaskProgramming\\AB_pic\\resources\\mrpotatohead.jpg'
11.9938 	EXP 	polygon: opacity = 0.0
11.9938 	EXP 	displayPicture: image = 'C:\\Users\\Employee\\Google Drive\\UP\\MyResearch\\TaskProgramming\\AB_pic\\resources\\mrpotatohead.jpg'
12.0105 	EXP 	polygon: opacity = 0.0
12.0105 	EXP 	displayPicture: image = 'C:\\Users\\Employee\\Google Drive\\UP\\MyResearch\\TaskProgramming\\AB_pic\\resources\\mrpotatohead.jpg'
12.0271 	EXP 	polygon: opacity = 0.0
12.0271 	EXP 	displayPicture: image = 'C:\\Users\\Employee\\Google Drive\\UP\\MyResearch\\TaskProgramming\\AB_pic\\resources\\mrpotatohead.jpg'
12.0438 	EXP 	polygon: opacity = 0.0
12.0438 	EXP 	displayPicture: image = 'C:\\Users\\Employee\\Google Drive\\UP\\MyResearch\\TaskProgramming\\AB_pic\\resources\\cactus.jpg'
12.0605 	EXP 	polygon: opacity = 0.0
12.0605 	EXP 	displayPicture: image = 'C:\\Users\\Employee\\Google Drive\\UP\\MyResearch\\TaskProgramming\\AB_pic\\resources\\cactus.jpg'
12.0771 	EXP 	polygon: opacity = 0.0
12.0771 	EXP 	displayPicture: image = 'C:\\Users\\Employee\\Google Drive\\UP\\MyResearch\\TaskProgramming\\AB_pic\\resources\\cactus.jpg'
12.0938 	EXP 	polygon: opacity = 0.0
12.0938 	EXP 	displayPicture: image = 'C:\\Users\\Employee\\Google Drive\\UP\\MyResearch\\TaskProgramming\\AB_pic\\resources\\cactus.jpg'
12.1105 	EXP 	polygon: opacity = 0.0
12.1105 	EXP 	displayPicture: image = 'C:\\Users\\Employee\\Google Drive\\UP\\MyResearch\\TaskProgramming\\AB_pic\\resources\\cactus.jpg'
12.1271 	EXP 	polygon: opacity = 0.0
12.1271 	EXP 	displayPicture: image = 'C:\\Users\\Employee\\Google Drive\\UP\\MyResearch\\TaskProgramming\\AB_pic\\resources\\cactus.jpg'
12.1438 	EXP 	polygon: opacity = 0.0
12.1438 	EXP 	displayPicture: image = 'C:\\Users\\Employee\\Google Drive\\UP\\MyResearch\\TaskProgramming\\AB_pic\\resources\\platypus.jpg'
12.1605 	EXP 	polygon: opacity = 0.0
12.1605 	EXP 	displayPicture: image = 'C:\\Users\\Employee\\Google Drive\\UP\\MyResearch\\TaskProgramming\\AB_pic\\resources\\platypus.jpg'
12.1771 	EXP 	polygon: opacity = 0.0
12.1771 	EXP 	displayPicture: image = 'C:\\Users\\Employee\\Google Drive\\UP\\MyResearch\\TaskProgramming\\AB_pic\\resources\\platypus.jpg'
12.1938 	EXP 	polygon: opacity = 0.0
12.1938 	EXP 	displayPicture: image = 'C:\\Users\\Employee\\Google Drive\\UP\\MyResearch\\TaskProgramming\\AB_pic\\resources\\platypus.jpg'
12.2105 	EXP 	polygon: opacity = 0.0
12.2105 	EXP 	displayPicture: image = 'C:\\Users\\Employee\\Google Drive\\UP\\MyResearch\\TaskProgramming\\AB_pic\\resources\\platypus.jpg'
12.2272 	EXP 	polygon: opacity = 0.0
12.2272 	EXP 	displayPicture: image = 'C:\\Users\\Employee\\Google Drive\\UP\\MyResearch\\TaskProgramming\\AB_pic\\resources\\platypus.jpg'
12.2438 	EXP 	polygon: opacity = 1.0
12.2438 	EXP 	displayPicture: image = 'C:\\Users\\Employee\\Google Drive\\UP\\MyResearch\\TaskProgramming\\AB_pic\\resources\\bullet.jpg'
12.2605 	EXP 	polygon: opacity = 1.0
12.2605 	EXP 	displayPicture: image = 'C:\\Users\\Employee\\Google Drive\\UP\\MyResearch\\TaskProgramming\\AB_pic\\resources\\bullet.jpg'
12.2771 	EXP 	polygon: opacity = 1.0
12.2771 	EXP 	displayPicture: image = 'C:\\Users\\Employee\\Google Drive\\UP\\MyResearch\\TaskProgramming\\AB_pic\\resources\\bullet.jpg'
12.2938 	EXP 	polygon: opacity = 1.0
12.2938 	EXP 	displayPicture: image = 'C:\\Users\\Employee\\Google Drive\\UP\\MyResearch\\TaskProgramming\\AB_pic\\resources\\bullet.jpg'
12.3104 	EXP 	polygon: opacity = 1.0
12.3104 	EXP 	displayPicture: image = 'C:\\Users\\Employee\\Google Drive\\UP\\MyResearch\\TaskProgramming\\AB_pic\\resources\\bullet.jpg'
12.3271 	EXP 	polygon: opacity = 1.0
12.3271 	EXP 	displayPicture: image = 'C:\\Users\\Employee\\Google Drive\\UP\\MyResearch\\TaskProgramming\\AB_pic\\resources\\bullet.jpg'
12.3438 	EXP 	polygon: opacity = 0.0
12.3438 	EXP 	displayPicture: image = 'C:\\Users\\Employee\\Google Drive\\UP\\MyResearch\\TaskProgramming\\AB_pic\\resources\\marble.jpg'
12.3605 	EXP 	polygon: opacity = 0.0
12.3605 	EXP 	displayPicture: image = 'C:\\Users\\Employee\\Google Drive\\UP\\MyResearch\\TaskProgramming\\AB_pic\\resources\\marble.jpg'
12.3771 	EXP 	polygon: opacity = 0.0
12.3771 	EXP 	displayPicture: image = 'C:\\Users\\Employee\\Google Drive\\UP\\MyResearch\\TaskProgramming\\AB_pic\\resources\\marble.jpg'
12.3938 	EXP 	polygon: opacity = 0.0
12.3938 	EXP 	displayPicture: image = 'C:\\Users\\Employee\\Google Drive\\UP\\MyResearch\\TaskProgramming\\AB_pic\\resources\\marble.jpg'
12.4105 	EXP 	polygon: opacity = 0.0
12.4105 	EXP 	displayPicture: image = 'C:\\Users\\Employee\\Google Drive\\UP\\MyResearch\\TaskProgramming\\AB_pic\\resources\\marble.jpg'
12.4271 	EXP 	polygon: opacity = 0.0
12.4271 	EXP 	displayPicture: image = 'C:\\Users\\Employee\\Google Drive\\UP\\MyResearch\\TaskProgramming\\AB_pic\\resources\\marble.jpg'
12.4438 	EXP 	polygon: opacity = 0.0
12.4438 	EXP 	displayPicture: image = 'C:\\Users\\Employee\\Google Drive\\UP\\MyResearch\\TaskProgramming\\AB_pic\\resources\\sausage.jpg'
12.4604 	EXP 	polygon: opacity = 0.0
12.4604 	EXP 	displayPicture: image = 'C:\\Users\\Employee\\Google Drive\\UP\\MyResearch\\TaskProgramming\\AB_pic\\resources\\sausage.jpg'
12.4771 	EXP 	polygon: opacity = 0.0
12.4771 	EXP 	displayPicture: image = 'C:\\Users\\Employee\\Google Drive\\UP\\MyResearch\\TaskProgramming\\AB_pic\\resources\\sausage.jpg'
12.4938 	EXP 	polygon: opacity = 0.0
12.4938 	EXP 	displayPicture: image = 'C:\\Users\\Employee\\Google Drive\\UP\\MyResearch\\TaskProgramming\\AB_pic\\resources\\sausage.jpg'
12.5104 	EXP 	polygon: opacity = 0.0
12.5104 	EXP 	displayPicture: image = 'C:\\Users\\Employee\\Google Drive\\UP\\MyResearch\\TaskProgramming\\AB_pic\\resources\\sausage.jpg'
12.5271 	EXP 	polygon: opacity = 0.0
12.5271 	EXP 	displayPicture: image = 'C:\\Users\\Employee\\Google Drive\\UP\\MyResearch\\TaskProgramming\\AB_pic\\resources\\sausage.jpg'
12.5438 	EXP 	polygon: opacity = 0.0
12.5438 	EXP 	displayPicture: image = 'C:\\Users\\Employee\\Google Drive\\UP\\MyResearch\\TaskProgramming\\AB_pic\\resources\\smokingpipe.jpg'
12.5604 	EXP 	polygon: opacity = 0.0
12.5604 	EXP 	displayPicture: image = 'C:\\Users\\Employee\\Google Drive\\UP\\MyResearch\\TaskProgramming\\AB_pic\\resources\\smokingpipe.jpg'
12.5771 	EXP 	polygon: opacity = 0.0
12.5771 	EXP 	displayPicture: image = 'C:\\Users\\Employee\\Google Drive\\UP\\MyResearch\\TaskProgramming\\AB_pic\\resources\\smokingpipe.jpg'
12.5938 	EXP 	polygon: opacity = 0.0
12.5938 	EXP 	displayPicture: image = 'C:\\Users\\Employee\\Google Drive\\UP\\MyResearch\\TaskProgramming\\AB_pic\\resources\\smokingpipe.jpg'
12.6104 	EXP 	polygon: opacity = 0.0
12.6104 	EXP 	displayPicture: image = 'C:\\Users\\Employee\\Google Drive\\UP\\MyResearch\\TaskProgramming\\AB_pic\\resources\\smokingpipe.jpg'
12.6271 	EXP 	polygon: opacity = 0.0
12.6271 	EXP 	displayPicture: image = 'C:\\Users\\Employee\\Google Drive\\UP\\MyResearch\\TaskProgramming\\AB_pic\\resources\\smokingpipe.jpg'
12.6438 	EXP 	polygon: opacity = 0.0
12.6438 	EXP 	displayPicture: image = 'C:\\Users\\Employee\\Google Drive\\UP\\MyResearch\\TaskProgramming\\AB_pic\\resources\\englishcucumber.jpg'
12.6604 	EXP 	polygon: opacity = 0.0
12.6604 	EXP 	displayPicture: image = 'C:\\Users\\Employee\\Google Drive\\UP\\MyResearch\\TaskProgramming\\AB_pic\\resources\\englishcucumber.jpg'
12.6771 	EXP 	polygon: opacity = 0.0
12.6771 	EXP 	displayPicture: image = 'C:\\Users\\Employee\\Google Drive\\UP\\MyResearch\\TaskProgramming\\AB_pic\\resources\\englishcucumber.jpg'
12.6938 	EXP 	polygon: opacity = 0.0
12.6938 	EXP 	displayPicture: image = 'C:\\Users\\Employee\\Google Drive\\UP\\MyResearch\\TaskProgramming\\AB_pic\\resources\\englishcucumber.jpg'
12.7104 	EXP 	polygon: opacity = 0.0
12.7104 	EXP 	displayPicture: image = 'C:\\Users\\Employee\\Google Drive\\UP\\MyResearch\\TaskProgramming\\AB_pic\\resources\\englishcucumber.jpg'
12.7271 	EXP 	polygon: opacity = 0.0
12.7271 	EXP 	displayPicture: image = 'C:\\Users\\Employee\\Google Drive\\UP\\MyResearch\\TaskProgramming\\AB_pic\\resources\\englishcucumber.jpg'
12.7438 	EXP 	polygon: opacity = 0.0
12.7438 	EXP 	displayPicture: image = 'C:\\Users\\Employee\\Google Drive\\UP\\MyResearch\\TaskProgramming\\AB_pic\\resources\\arrow02.jpg'
12.7605 	EXP 	polygon: opacity = 0.0
12.7605 	EXP 	displayPicture: image = 'C:\\Users\\Employee\\Google Drive\\UP\\MyResearch\\TaskProgramming\\AB_pic\\resources\\arrow02.jpg'
12.7771 	EXP 	polygon: opacity = 0.0
12.7771 	EXP 	displayPicture: image = 'C:\\Users\\Employee\\Google Drive\\UP\\MyResearch\\TaskProgramming\\AB_pic\\resources\\arrow02.jpg'
12.7938 	EXP 	polygon: opacity = 0.0
12.7938 	EXP 	displayPicture: image = 'C:\\Users\\Employee\\Google Drive\\UP\\MyResearch\\TaskProgramming\\AB_pic\\resources\\arrow02.jpg'
12.8104 	EXP 	polygon: opacity = 0.0
12.8104 	EXP 	displayPicture: image = 'C:\\Users\\Employee\\Google Drive\\UP\\MyResearch\\TaskProgramming\\AB_pic\\resources\\arrow02.jpg'
12.8271 	EXP 	polygon: opacity = 0.0
12.8271 	EXP 	displayPicture: image = 'C:\\Users\\Employee\\Google Drive\\UP\\MyResearch\\TaskProgramming\\AB_pic\\resources\\arrow02.jpg'
12.8437 	EXP 	polygon: opacity = 0.0
12.8437 	EXP 	displayPicture: image = 'C:\\Users\\Employee\\Google Drive\\UP\\MyResearch\\TaskProgramming\\AB_pic\\resources\\arrow02.jpg'
12.8437 	EXP 	polygon: autoDraw = False
12.8437 	EXP 	displayPicture: autoDraw = False
12.8437 	EXP 	option1_t1: image = 'C:\\Users\\Employee\\Google Drive\\UP\\MyResearch\\TaskProgramming\\AB_pic\\resources\\kite.jpg'
12.8437 	EXP 	option2_t1: image = 'C:\\Users\\Employee\\Google Drive\\UP\\MyResearch\\TaskProgramming\\AB_pic\\resources\\coffeemaker.jpg'
12.8437 	EXP 	option1_t1: autoDraw = True
12.8437 	EXP 	option2_t1: autoDraw = True
13.6408 	DATA 	Keypress: left
13.6604 	EXP 	option1_t1: autoDraw = False
13.6604 	EXP 	option2_t1: autoDraw = False
13.6604 	EXP 	option1_t2: image = 'C:\\Users\\Employee\\Google Drive\\UP\\MyResearch\\TaskProgramming\\AB_pic\\resources\\bullet.jpg'
13.6604 	EXP 	option2_t2: image = 'C:\\Users\\Employee\\Google Drive\\UP\\MyResearch\\TaskProgramming\\AB_pic\\resources\\toyanimal05.jpg'
13.6604 	EXP 	option1_t2: autoDraw = True
13.6604 	EXP 	option2_t2: autoDraw = True
14.2494 	EXP 	New trial (rep=0, index=2): OrderedDict([('trialType', 'AB'), ('cndTyp', 'lag5'), ('lag', 5), ('T1_loc', 5), ('gap', 0), ('T2_loc', 10), ('primePos', 104), ('stimLen', 0.1), ('isi', 0.04)])
14.2555 	DATA 	Keypress: right
14.2770 	EXP 	option1_t2: autoDraw = False
14.2770 	EXP 	option2_t2: autoDraw = False
14.2770 	EXP 	polygon: autoDraw = True
14.2770 	EXP 	polygon: opacity = 0.0
14.2770 	EXP 	displayPicture: autoDraw = True
14.2770 	EXP 	displayPicture: image = 'C:\\Users\\Employee\\Google Drive\\UP\\MyResearch\\TaskProgramming\\AB_pic\\resources\\spiderweb.jpg'
14.2937 	EXP 	polygon: opacity = 0.0
14.2937 	EXP 	displayPicture: image = 'C:\\Users\\Employee\\Google Drive\\UP\\MyResearch\\TaskProgramming\\AB_pic\\resources\\spiderweb.jpg'
14.3103 	EXP 	polygon: opacity = 0.0
14.3103 	EXP 	displayPicture: image = 'C:\\Users\\Employee\\Google Drive\\UP\\MyResearch\\TaskProgramming\\AB_pic\\resources\\spiderweb.jpg'
14.3270 	EXP 	polygon: opacity = 0.0
14.3270 	EXP 	displayPicture: image = 'C:\\Users\\Employee\\Google Drive\\UP\\MyResearch\\TaskProgramming\\AB_pic\\resources\\spiderweb.jpg'
14.3437 	EXP 	polygon: opacity = 0.0
14.3437 	EXP 	displayPicture: image = 'C:\\Users\\Employee\\Google Drive\\UP\\MyResearch\\TaskProgramming\\AB_pic\\resources\\spiderweb.jpg'
14.3604 	EXP 	polygon: opacity = 0.0
14.3604 	EXP 	displayPicture: image = 'C:\\Users\\Employee\\Google Drive\\UP\\MyResearch\\TaskProgramming\\AB_pic\\resources\\skunk.jpg'
14.3770 	EXP 	polygon: opacity = 0.0
14.3770 	EXP 	displayPicture: image = 'C:\\Users\\Employee\\Google Drive\\UP\\MyResearch\\TaskProgramming\\AB_pic\\resources\\skunk.jpg'
14.3937 	EXP 	polygon: opacity = 0.0
14.3937 	EXP 	displayPicture: image = 'C:\\Users\\Employee\\Google Drive\\UP\\MyResearch\\TaskProgramming\\AB_pic\\resources\\skunk.jpg'
14.4103 	EXP 	polygon: opacity = 0.0
14.4103 	EXP 	displayPicture: image = 'C:\\Users\\Employee\\Google Drive\\UP\\MyResearch\\TaskProgramming\\AB_pic\\resources\\skunk.jpg'
14.4270 	EXP 	polygon: opacity = 0.0
14.4270 	EXP 	displayPicture: image = 'C:\\Users\\Employee\\Google Drive\\UP\\MyResearch\\TaskProgramming\\AB_pic\\resources\\skunk.jpg'
14.4437 	EXP 	polygon: opacity = 0.0
14.4437 	EXP 	displayPicture: image = 'C:\\Users\\Employee\\Google Drive\\UP\\MyResearch\\TaskProgramming\\AB_pic\\resources\\skunk.jpg'
14.4603 	EXP 	polygon: opacity = 0.0
14.4603 	EXP 	displayPicture: image = 'C:\\Users\\Employee\\Google Drive\\UP\\MyResearch\\TaskProgramming\\AB_pic\\resources\\sink.jpg'
14.4770 	EXP 	polygon: opacity = 0.0
14.4770 	EXP 	displayPicture: image = 'C:\\Users\\Employee\\Google Drive\\UP\\MyResearch\\TaskProgramming\\AB_pic\\resources\\sink.jpg'
14.4937 	EXP 	polygon: opacity = 0.0
14.4937 	EXP 	displayPicture: image = 'C:\\Users\\Employee\\Google Drive\\UP\\MyResearch\\TaskProgramming\\AB_pic\\resources\\sink.jpg'
14.5103 	EXP 	polygon: opacity = 0.0
14.5103 	EXP 	displayPicture: image = 'C:\\Users\\Employee\\Google Drive\\UP\\MyResearch\\TaskProgramming\\AB_pic\\resources\\sink.jpg'
14.5270 	EXP 	polygon: opacity = 0.0
14.5270 	EXP 	displayPicture: image = 'C:\\Users\\Employee\\Google Drive\\UP\\MyResearch\\TaskProgramming\\AB_pic\\resources\\sink.jpg'
14.5437 	EXP 	polygon: opacity = 0.0
14.5437 	EXP 	displayPicture: image = 'C:\\Users\\Employee\\Google Drive\\UP\\MyResearch\\TaskProgramming\\AB_pic\\resources\\sink.jpg'
14.5603 	EXP 	polygon: opacity = 0.0
14.5603 	EXP 	displayPicture: image = 'C:\\Users\\Employee\\Google Drive\\UP\\MyResearch\\TaskProgramming\\AB_pic\\resources\\rose.jpg'
14.5770 	EXP 	polygon: opacity = 0.0
14.5770 	EXP 	displayPicture: image = 'C:\\Users\\Employee\\Google Drive\\UP\\MyResearch\\TaskProgramming\\AB_pic\\resources\\rose.jpg'
14.5937 	EXP 	polygon: opacity = 0.0
14.5937 	EXP 	displayPicture: image = 'C:\\Users\\Employee\\Google Drive\\UP\\MyResearch\\TaskProgramming\\AB_pic\\resources\\rose.jpg'
14.6103 	EXP 	polygon: opacity = 0.0
14.6103 	EXP 	displayPicture: image = 'C:\\Users\\Employee\\Google Drive\\UP\\MyResearch\\TaskProgramming\\AB_pic\\resources\\rose.jpg'
14.6270 	EXP 	polygon: opacity = 0.0
14.6270 	EXP 	displayPicture: image = 'C:\\Users\\Employee\\Google Drive\\UP\\MyResearch\\TaskProgramming\\AB_pic\\resources\\rose.jpg'
14.6436 	EXP 	polygon: opacity = 0.0
14.6436 	EXP 	displayPicture: image = 'C:\\Users\\Employee\\Google Drive\\UP\\MyResearch\\TaskProgramming\\AB_pic\\resources\\rose.jpg'
14.6603 	EXP 	polygon: opacity = 1.0
14.6603 	EXP 	displayPicture: image = 'C:\\Users\\Employee\\Google Drive\\UP\\MyResearch\\TaskProgramming\\AB_pic\\resources\\stubbywrench01a.jpg'
14.6770 	EXP 	polygon: opacity = 1.0
14.6770 	EXP 	displayPicture: image = 'C:\\Users\\Employee\\Google Drive\\UP\\MyResearch\\TaskProgramming\\AB_pic\\resources\\stubbywrench01a.jpg'
14.6936 	EXP 	polygon: opacity = 1.0
14.6936 	EXP 	displayPicture: image = 'C:\\Users\\Employee\\Google Drive\\UP\\MyResearch\\TaskProgramming\\AB_pic\\resources\\stubbywrench01a.jpg'
14.7103 	EXP 	polygon: opacity = 1.0
14.7103 	EXP 	displayPicture: image = 'C:\\Users\\Employee\\Google Drive\\UP\\MyResearch\\TaskProgramming\\AB_pic\\resources\\stubbywrench01a.jpg'
14.7270 	EXP 	polygon: opacity = 1.0
14.7270 	EXP 	displayPicture: image = 'C:\\Users\\Employee\\Google Drive\\UP\\MyResearch\\TaskProgramming\\AB_pic\\resources\\stubbywrench01a.jpg'
14.7436 	EXP 	polygon: opacity = 1.0
14.7436 	EXP 	displayPicture: image = 'C:\\Users\\Employee\\Google Drive\\UP\\MyResearch\\TaskProgramming\\AB_pic\\resources\\stubbywrench01a.jpg'
14.7603 	EXP 	polygon: opacity = 0.0
14.7603 	EXP 	displayPicture: image = 'C:\\Users\\Employee\\Google Drive\\UP\\MyResearch\\TaskProgramming\\AB_pic\\resources\\ceilingfan01.jpg'
14.7770 	EXP 	polygon: opacity = 0.0
14.7770 	EXP 	displayPicture: image = 'C:\\Users\\Employee\\Google Drive\\UP\\MyResearch\\TaskProgramming\\AB_pic\\resources\\ceilingfan01.jpg'
14.7936 	EXP 	polygon: opacity = 0.0
14.7936 	EXP 	displayPicture: image = 'C:\\Users\\Employee\\Google Drive\\UP\\MyResearch\\TaskProgramming\\AB_pic\\resources\\ceilingfan01.jpg'
14.8103 	EXP 	polygon: opacity = 0.0
14.8103 	EXP 	displayPicture: image = 'C:\\Users\\Employee\\Google Drive\\UP\\MyResearch\\TaskProgramming\\AB_pic\\resources\\ceilingfan01.jpg'
14.8270 	EXP 	polygon: opacity = 0.0
14.8270 	EXP 	displayPicture: image = 'C:\\Users\\Employee\\Google Drive\\UP\\MyResearch\\TaskProgramming\\AB_pic\\resources\\ceilingfan01.jpg'
14.8437 	EXP 	polygon: opacity = 0.0
14.8437 	EXP 	displayPicture: image = 'C:\\Users\\Employee\\Google Drive\\UP\\MyResearch\\TaskProgramming\\AB_pic\\resources\\ceilingfan01.jpg'
14.8603 	EXP 	polygon: opacity = 0.0
14.8603 	EXP 	displayPicture: image = 'C:\\Users\\Employee\\Google Drive\\UP\\MyResearch\\TaskProgramming\\AB_pic\\resources\\cheetah.jpg'
14.8770 	EXP 	polygon: opacity = 0.0
14.8770 	EXP 	displayPicture: image = 'C:\\Users\\Employee\\Google Drive\\UP\\MyResearch\\TaskProgramming\\AB_pic\\resources\\cheetah.jpg'
14.8937 	EXP 	polygon: opacity = 0.0
14.8937 	EXP 	displayPicture: image = 'C:\\Users\\Employee\\Google Drive\\UP\\MyResearch\\TaskProgramming\\AB_pic\\resources\\cheetah.jpg'
14.9103 	EXP 	polygon: opacity = 0.0
14.9103 	EXP 	displayPicture: image = 'C:\\Users\\Employee\\Google Drive\\UP\\MyResearch\\TaskProgramming\\AB_pic\\resources\\cheetah.jpg'
14.9269 	EXP 	polygon: opacity = 0.0
14.9269 	EXP 	displayPicture: image = 'C:\\Users\\Employee\\Google Drive\\UP\\MyResearch\\TaskProgramming\\AB_pic\\resources\\cheetah.jpg'
14.9436 	EXP 	polygon: opacity = 0.0
14.9436 	EXP 	displayPicture: image = 'C:\\Users\\Employee\\Google Drive\\UP\\MyResearch\\TaskProgramming\\AB_pic\\resources\\cheetah.jpg'
14.9603 	EXP 	polygon: opacity = 0.0
14.9603 	EXP 	displayPicture: image = 'C:\\Users\\Employee\\Google Drive\\UP\\MyResearch\\TaskProgramming\\AB_pic\\resources\\bluecheese.jpg'
14.9769 	EXP 	polygon: opacity = 0.0
14.9769 	EXP 	displayPicture: image = 'C:\\Users\\Employee\\Google Drive\\UP\\MyResearch\\TaskProgramming\\AB_pic\\resources\\bluecheese.jpg'
14.9936 	EXP 	polygon: opacity = 0.0
14.9936 	EXP 	displayPicture: image = 'C:\\Users\\Employee\\Google Drive\\UP\\MyResearch\\TaskProgramming\\AB_pic\\resources\\bluecheese.jpg'
15.0103 	EXP 	polygon: opacity = 0.0
15.0103 	EXP 	displayPicture: image = 'C:\\Users\\Employee\\Google Drive\\UP\\MyResearch\\TaskProgramming\\AB_pic\\resources\\bluecheese.jpg'
15.0270 	EXP 	polygon: opacity = 0.0
15.0270 	EXP 	displayPicture: image = 'C:\\Users\\Employee\\Google Drive\\UP\\MyResearch\\TaskProgramming\\AB_pic\\resources\\bluecheese.jpg'
15.0436 	EXP 	polygon: opacity = 0.0
15.0436 	EXP 	displayPicture: image = 'C:\\Users\\Employee\\Google Drive\\UP\\MyResearch\\TaskProgramming\\AB_pic\\resources\\bluecheese.jpg'
15.0603 	EXP 	polygon: opacity = 0.0
15.0603 	EXP 	displayPicture: image = 'C:\\Users\\Employee\\Google Drive\\UP\\MyResearch\\TaskProgramming\\AB_pic\\resources\\birdhouse.jpg'
15.0769 	EXP 	polygon: opacity = 0.0
15.0769 	EXP 	displayPicture: image = 'C:\\Users\\Employee\\Google Drive\\UP\\MyResearch\\TaskProgramming\\AB_pic\\resources\\birdhouse.jpg'
15.0936 	EXP 	polygon: opacity = 0.0
15.0936 	EXP 	displayPicture: image = 'C:\\Users\\Employee\\Google Drive\\UP\\MyResearch\\TaskProgramming\\AB_pic\\resources\\birdhouse.jpg'
15.1103 	EXP 	polygon: opacity = 0.0
15.1103 	EXP 	displayPicture: image = 'C:\\Users\\Employee\\Google Drive\\UP\\MyResearch\\TaskProgramming\\AB_pic\\resources\\birdhouse.jpg'
15.1269 	EXP 	polygon: opacity = 0.0
15.1269 	EXP 	displayPicture: image = 'C:\\Users\\Employee\\Google Drive\\UP\\MyResearch\\TaskProgramming\\AB_pic\\resources\\birdhouse.jpg'
15.1436 	EXP 	polygon: opacity = 0.0
15.1436 	EXP 	displayPicture: image = 'C:\\Users\\Employee\\Google Drive\\UP\\MyResearch\\TaskProgramming\\AB_pic\\resources\\birdhouse.jpg'
15.1603 	EXP 	polygon: opacity = 1.0
15.1603 	EXP 	displayPicture: image = 'C:\\Users\\Employee\\Google Drive\\UP\\MyResearch\\TaskProgramming\\AB_pic\\resources\\grizzly.jpg'
15.1769 	EXP 	polygon: opacity = 1.0
15.1769 	EXP 	displayPicture: image = 'C:\\Users\\Employee\\Google Drive\\UP\\MyResearch\\TaskProgramming\\AB_pic\\resources\\grizzly.jpg'
15.1936 	EXP 	polygon: opacity = 1.0
15.1936 	EXP 	displayPicture: image = 'C:\\Users\\Employee\\Google Drive\\UP\\MyResearch\\TaskProgramming\\AB_pic\\resources\\grizzly.jpg'
15.2103 	EXP 	polygon: opacity = 1.0
15.2103 	EXP 	displayPicture: image = 'C:\\Users\\Employee\\Google Drive\\UP\\MyResearch\\TaskProgramming\\AB_pic\\resources\\grizzly.jpg'
15.2269 	EXP 	polygon: opacity = 1.0
15.2269 	EXP 	displayPicture: image = 'C:\\Users\\Employee\\Google Drive\\UP\\MyResearch\\TaskProgramming\\AB_pic\\resources\\grizzly.jpg'
15.2436 	EXP 	polygon: opacity = 1.0
15.2436 	EXP 	displayPicture: image = 'C:\\Users\\Employee\\Google Drive\\UP\\MyResearch\\TaskProgramming\\AB_pic\\resources\\grizzly.jpg'
15.2603 	EXP 	polygon: opacity = 0.0
15.2603 	EXP 	displayPicture: image = 'C:\\Users\\Employee\\Google Drive\\UP\\MyResearch\\TaskProgramming\\AB_pic\\resources\\accordion01.jpg'
15.2769 	EXP 	polygon: opacity = 0.0
15.2769 	EXP 	displayPicture: image = 'C:\\Users\\Employee\\Google Drive\\UP\\MyResearch\\TaskProgramming\\AB_pic\\resources\\accordion01.jpg'
15.2936 	EXP 	polygon: opacity = 0.0
15.2936 	EXP 	displayPicture: image = 'C:\\Users\\Employee\\Google Drive\\UP\\MyResearch\\TaskProgramming\\AB_pic\\resources\\accordion01.jpg'
15.3103 	EXP 	polygon: opacity = 0.0
15.3103 	EXP 	displayPicture: image = 'C:\\Users\\Employee\\Google Drive\\UP\\MyResearch\\TaskProgramming\\AB_pic\\resources\\accordion01.jpg'
15.3269 	EXP 	polygon: opacity = 0.0
15.3269 	EXP 	displayPicture: image = 'C:\\Users\\Employee\\Google Drive\\UP\\MyResearch\\TaskProgramming\\AB_pic\\resources\\accordion01.jpg'
15.3436 	EXP 	polygon: opacity = 0.0
15.3436 	EXP 	displayPicture: image = 'C:\\Users\\Employee\\Google Drive\\UP\\MyResearch\\TaskProgramming\\AB_pic\\resources\\accordion01.jpg'
15.3603 	EXP 	polygon: opacity = 0.0
15.3603 	EXP 	displayPicture: image = 'C:\\Users\\Employee\\Google Drive\\UP\\MyResearch\\TaskProgramming\\AB_pic\\resources\\bat.jpg'
15.3770 	EXP 	polygon: opacity = 0.0
15.3770 	EXP 	displayPicture: image = 'C:\\Users\\Employee\\Google Drive\\UP\\MyResearch\\TaskProgramming\\AB_pic\\resources\\bat.jpg'
15.3936 	EXP 	polygon: opacity = 0.0
15.3936 	EXP 	displayPicture: image = 'C:\\Users\\Employee\\Google Drive\\UP\\MyResearch\\TaskProgramming\\AB_pic\\resources\\bat.jpg'
15.4103 	EXP 	polygon: opacity = 0.0
15.4103 	EXP 	displayPicture: image = 'C:\\Users\\Employee\\Google Drive\\UP\\MyResearch\\TaskProgramming\\AB_pic\\resources\\bat.jpg'
15.4269 	EXP 	polygon: opacity = 0.0
15.4269 	EXP 	displayPicture: image = 'C:\\Users\\Employee\\Google Drive\\UP\\MyResearch\\TaskProgramming\\AB_pic\\resources\\bat.jpg'
15.4436 	EXP 	polygon: opacity = 0.0
15.4436 	EXP 	displayPicture: image = 'C:\\Users\\Employee\\Google Drive\\UP\\MyResearch\\TaskProgramming\\AB_pic\\resources\\bat.jpg'
15.4602 	EXP 	polygon: opacity = 0.0
15.4602 	EXP 	displayPicture: image = 'C:\\Users\\Employee\\Google Drive\\UP\\MyResearch\\TaskProgramming\\AB_pic\\resources\\saxophone.jpg'
15.4769 	EXP 	polygon: opacity = 0.0
15.4769 	EXP 	displayPicture: image = 'C:\\Users\\Employee\\Google Drive\\UP\\MyResearch\\TaskProgramming\\AB_pic\\resources\\saxophone.jpg'
15.4936 	EXP 	polygon: opacity = 0.0
15.4936 	EXP 	displayPicture: image = 'C:\\Users\\Employee\\Google Drive\\UP\\MyResearch\\TaskProgramming\\AB_pic\\resources\\saxophone.jpg'
15.5102 	EXP 	polygon: opacity = 0.0
15.5102 	EXP 	displayPicture: image = 'C:\\Users\\Employee\\Google Drive\\UP\\MyResearch\\TaskProgramming\\AB_pic\\resources\\saxophone.jpg'
15.5269 	EXP 	polygon: opacity = 0.0
15.5269 	EXP 	displayPicture: image = 'C:\\Users\\Employee\\Google Drive\\UP\\MyResearch\\TaskProgramming\\AB_pic\\resources\\saxophone.jpg'
15.5436 	EXP 	polygon: opacity = 0.0
15.5436 	EXP 	displayPicture: image = 'C:\\Users\\Employee\\Google Drive\\UP\\MyResearch\\TaskProgramming\\AB_pic\\resources\\saxophone.jpg'
15.5603 	EXP 	polygon: opacity = 0.0
15.5603 	EXP 	displayPicture: image = 'C:\\Users\\Employee\\Google Drive\\UP\\MyResearch\\TaskProgramming\\AB_pic\\resources\\birdnest.jpg'
15.5769 	EXP 	polygon: opacity = 0.0
15.5769 	EXP 	displayPicture: image = 'C:\\Users\\Employee\\Google Drive\\UP\\MyResearch\\TaskProgramming\\AB_pic\\resources\\birdnest.jpg'
15.5936 	EXP 	polygon: opacity = 0.0
15.5936 	EXP 	displayPicture: image = 'C:\\Users\\Employee\\Google Drive\\UP\\MyResearch\\TaskProgramming\\AB_pic\\resources\\birdnest.jpg'
15.6102 	EXP 	polygon: opacity = 0.0
15.6102 	EXP 	displayPicture: image = 'C:\\Users\\Employee\\Google Drive\\UP\\MyResearch\\TaskProgramming\\AB_pic\\resources\\birdnest.jpg'
15.6269 	EXP 	polygon: opacity = 0.0
15.6269 	EXP 	displayPicture: image = 'C:\\Users\\Employee\\Google Drive\\UP\\MyResearch\\TaskProgramming\\AB_pic\\resources\\birdnest.jpg'
15.6436 	EXP 	polygon: opacity = 0.0
15.6436 	EXP 	displayPicture: image = 'C:\\Users\\Employee\\Google Drive\\UP\\MyResearch\\TaskProgramming\\AB_pic\\resources\\birdnest.jpg'
15.6603 	EXP 	polygon: opacity = 0.0
15.6603 	EXP 	displayPicture: image = 'C:\\Users\\Employee\\Google Drive\\UP\\MyResearch\\TaskProgramming\\AB_pic\\resources\\armadillo.jpg'
15.6769 	EXP 	polygon: opacity = 0.0
15.6769 	EXP 	displayPicture: image = 'C:\\Users\\Employee\\Google Drive\\UP\\MyResearch\\TaskProgramming\\AB_pic\\resources\\armadillo.jpg'
15.6936 	EXP 	polygon: opacity = 0.0
15.6936 	EXP 	displayPicture: image = 'C:\\Users\\Employee\\Google Drive\\UP\\MyResearch\\TaskProgramming\\AB_pic\\resources\\armadillo.jpg'
15.7102 	EXP 	polygon: opacity = 0.0
15.7102 	EXP 	displayPicture: image = 'C:\\Users\\Employee\\Google Drive\\UP\\MyResearch\\TaskProgramming\\AB_pic\\resources\\armadillo.jpg'
15.7269 	EXP 	polygon: opacity = 0.0
15.7269 	EXP 	displayPicture: image = 'C:\\Users\\Employee\\Google Drive\\UP\\MyResearch\\TaskProgramming\\AB_pic\\resources\\armadillo.jpg'
15.7436 	EXP 	polygon: opacity = 0.0
15.7436 	EXP 	displayPicture: image = 'C:\\Users\\Employee\\Google Drive\\UP\\MyResearch\\TaskProgramming\\AB_pic\\resources\\armadillo.jpg'
15.7602 	EXP 	polygon: opacity = 0.0
15.7602 	EXP 	displayPicture: image = 'C:\\Users\\Employee\\Google Drive\\UP\\MyResearch\\TaskProgramming\\AB_pic\\resources\\armadillo.jpg'
15.7602 	EXP 	polygon: autoDraw = False
15.7602 	EXP 	displayPicture: autoDraw = False
15.7602 	EXP 	option1_t1: image = 'C:\\Users\\Employee\\Google Drive\\UP\\MyResearch\\TaskProgramming\\AB_pic\\resources\\stubbywrench01a.jpg'
15.7602 	EXP 	option2_t1: image = 'C:\\Users\\Employee\\Google Drive\\UP\\MyResearch\\TaskProgramming\\AB_pic\\resources\\toolbox02.jpg'
15.7602 	EXP 	option1_t1: autoDraw = True
15.7602 	EXP 	option2_t1: autoDraw = True
17.1474 	DATA 	Keypress: escape
17.3066 	EXP 	window1: mouseVisible = True
