0.7778 	WARNING 	We strongly recommend you activate the PTB sound engine in PsychoPy prefs as the preferred audio engine. Its timing is vastly superior. Your prefs are currently set to use ['sounddevice', 'PTB', 'pyo', 'pygame'] (in that order).
3.6778 	WARNING 	User requested fullscreen with size [1024  768], but screen is actually [1920, 1080]. Using actual size
4.5468 	EXP 	Created window1 = Window(allowGUI=False, allowStencil=False, args=UNKNOWN, autoLog=True, bitsMode=UNKNOWN, blendMode='avg', bpc=(8, 8, 8), color=array([0., 0., 0.]), colorSpace='rgb', depthBits=8, fullscr=<method-wrapper '__getattribute__' of attributeSetter object at 0x000001AAAE014470>, gamma=None, gammaErrorPolicy='raise', kwargs=UNKNOWN, lms=UNKNOWN, monitor=<psychopy.monitors.calibTools.Monitor object at 0x000001AAADEE0A90>, multiSample=False, name='window1', numSamples=2, pos=[0.0, 0.0], screen=0, size=array([1920, 1080]), stencilBits=0, stereo=False, units='height', useFBO=True, useRetina=False, viewOri=0.0, viewPos=None, viewScale=None, waitBlanking=True, winType='pyglet')
4.5471 	EXP 	window1: mouseVisible = True
4.5471 	EXP 	window1: recordFrameIntervals = False
4.7130 	EXP 	window1: recordFrameIntervals = True
4.8965 	EXP 	window1: recordFrameIntervals = False
4.9706 	EXP 	Created polygon = ShapeStim(__class__=<class 'psychopy.visual.shape.ShapeStim'>, autoDraw=False, autoLog=True, closeShape=True, contrast=1.0, depth=-6.0, fillColor=array([1., 0., 0.]), fillColorSpace='rgb', interpolate=True, lineColor=array([1., 1., 1.]), lineColorSpace='rgb', lineWidth=1, name='polygon', opacity=1.0, ori=array(0.), pos=array([0., 0.]), size=array([1., 1.]), units='height', vertices=ndarray(...), win=Window(...), windingRule=None)
4.9723 	EXP 	Created polygon_3 = ShapeStim(__class__=<class 'psychopy.visual.shape.ShapeStim'>, autoDraw=False, autoLog=True, closeShape=True, contrast=1.0, depth=-7.0, fillColor=array([0., 0., 1.]), fillColorSpace='rgb', interpolate=True, lineColor=array([1., 1., 1.]), lineColorSpace='rgb', lineWidth=1, name='polygon_3', opacity=1.0, ori=array(0.), pos=array([0., 0.]), size=array([0.7, 0.7]), units='height', vertices=ndarray(...), win=Window(...), windingRule=None)
4.9765 	EXP 	Created displayPicture = ImageStim(__class__=<class 'psychopy.visual.image.ImageStim'>, autoLog=True, color=array([1., 1., 1.]), colorSpace='rgb', contrast=1.0, depth=-8.0, flipHoriz=False, flipVert=False, image='sin', interpolate=True, mask=None, maskParams=None, name='displayPicture', opacity=1.0, ori=0.0, pos=array([0., 0.]), size=array([0.25, 0.25]), texRes=128, units='height', win=Window(...))
4.9777 	EXP 	Created polygon_2 = Rect(__class__=<class 'psychopy.visual.rect.Rect'>, autoDraw=False, autoLog=True, closeShape=True, color=method-wrapper(...), colorSpace=None, contrast=1.0, depth=-9.0, fillColor=array([1., 1., 1.]), fillColorSpace='rgb', fillRGB=array([1., 1., 1.]), interpolate=True, lineColor=array([1., 1., 1.]), lineColorSpace='rgb', lineRGB=array([1., 1., 1.]), lineWidth=0, name='polygon_2', opacity=1.0, ori=array(0.), pos=array([0., 0.]), size=array([0.25, 0.25]), units='height', vertices=ndarray(...), win=Window(...))
4.9804 	EXP 	Created option4_t1 = ImageStim(__class__=<class 'psychopy.visual.image.ImageStim'>, autoLog=True, color=array([1., 1., 1.]), colorSpace='rgb', contrast=1.0, depth=-1.0, flipHoriz=False, flipVert=False, image='sin', interpolate=True, mask=None, maskParams=None, name='option4_t1', opacity=1.0, ori=0.0, pos=array([ 0. , -0.3]), size=array([0.25, 0.25]), texRes=128, units='height', win=Window(...))
4.9828 	EXP 	Created option1_t1 = ImageStim(__class__=<class 'psychopy.visual.image.ImageStim'>, autoLog=True, color=array([1., 1., 1.]), colorSpace='rgb', contrast=1.0, depth=-2.0, flipHoriz=False, flipVert=False, image='sin', interpolate=True, mask=None, maskParams=None, name='option1_t1', opacity=1.0, ori=0.0, pos=array([-0.3,  0. ]), size=array([0.25, 0.25]), texRes=128, units='height', win=Window(...))
4.9852 	EXP 	Created option2_t1 = ImageStim(__class__=<class 'psychopy.visual.image.ImageStim'>, autoLog=True, color=array([1., 1., 1.]), colorSpace='rgb', contrast=1.0, depth=-3.0, flipHoriz=False, flipVert=False, image='sin', interpolate=True, mask=None, maskParams=None, name='option2_t1', opacity=1.0, ori=0.0, pos=array([0.3, 0. ]), size=array([0.25, 0.25]), texRes=128, units='height', win=Window(...))
4.9876 	EXP 	Created option3_t1 = ImageStim(__class__=<class 'psychopy.visual.image.ImageStim'>, autoLog=True, color=array([1., 1., 1.]), colorSpace='rgb', contrast=1.0, depth=-4.0, flipHoriz=False, flipVert=False, image='sin', interpolate=True, mask=None, maskParams=None, name='option3_t1', opacity=1.0, ori=0.0, pos=array([0. , 0.3]), size=array([0.25, 0.25]), texRes=128, units='height', win=Window(...))
4.9900 	EXP 	Created option1_t2 = ImageStim(__class__=<class 'psychopy.visual.image.ImageStim'>, autoLog=True, color=array([1., 1., 1.]), colorSpace='rgb', contrast=1.0, depth=-1.0, flipHoriz=False, flipVert=False, image='sin', interpolate=True, mask=None, maskParams=None, name='option1_t2', opacity=1.0, ori=0.0, pos=array([0.3, 0. ]), size=array([0.25, 0.25]), texRes=128, units='height', win=Window(...))
4.9923 	EXP 	Created option2_t2 = ImageStim(__class__=<class 'psychopy.visual.image.ImageStim'>, autoLog=True, color=array([1., 1., 1.]), colorSpace='rgb', contrast=1.0, depth=-2.0, flipHoriz=False, flipVert=False, image='sin', interpolate=True, mask=None, maskParams=None, name='option2_t2', opacity=1.0, ori=0.0, pos=array([-0.3,  0. ]), size=array([0.25, 0.25]), texRes=128, units='height', win=Window(...))
5.0419 	EXP 	Created text = TextStim(__class__=<class 'psychopy.visual.text.TextStim'>, alignHoriz=method-wrapper(...), alignText='center', alignVert=method-wrapper(...), anchorHoriz='center', anchorVert='center', antialias=True, autoLog=True, bold=False, color='white', colorSpace='named', contrast=1.0, depth=-3.0, flipHoriz=False, flipVert=False, font='Arial', fontFiles=[], height=0.1, italic=False, languageStyle='LTR', name='text', opacity=1.0, ori=0, pos=array([0., 0.]), rgb=array([255., 255., 255.]), text='default text', units='height', win=Window(...), wrapWidth=1)
5.0811 	EXP 	Imported conditionAB.xlsx as conditions, 160 conditions, 7 params
5.0817 	EXP 	Created sequence: random, trialTypes=160, nReps=1, seed=None
5.0820 	EXP 	New trial (rep=0, index=0): OrderedDict([('trialType', 'AB'), ('cndTyp', 'lag3'), ('lag', 3), ('T1_loc', 5), ('T2_loc', 8), ('stimLen', 0.2), ('isi', 0.05)])
5.1822 	EXP 	polygon: autoDraw = True
5.1822 	EXP 	polygon: opacity = 0.0
5.1822 	EXP 	polygon_3: autoDraw = True
5.1822 	EXP 	polygon_3: opacity = 0.0
5.1822 	EXP 	displayPicture: autoDraw = True
5.1822 	EXP 	displayPicture: image = 'C:\\Users\\Employee\\Google Drive\\UP\\MyResearch\\TaskProgramming\\AB_pic\\resources\\crown.jpg'
5.1822 	EXP 	polygon_2: autoDraw = True
5.1822 	EXP 	polygon_2: opacity = 0.0
5.1822 	EXP 	polygon_2: fillColor = '[1. 1. 1.] (rgb)'
5.1963 	EXP 	polygon: opacity = 0.0
5.1963 	EXP 	polygon_3: opacity = 0.0
5.1963 	EXP 	displayPicture: image = 'C:\\Users\\Employee\\Google Drive\\UP\\MyResearch\\TaskProgramming\\AB_pic\\resources\\crown.jpg'
5.1963 	EXP 	polygon_2: opacity = 0.0
5.1963 	EXP 	polygon_2: fillColor = '[1. 1. 1.] (rgb)'
5.2130 	EXP 	polygon: opacity = 0.0
5.2130 	EXP 	polygon_3: opacity = 0.0
5.2130 	EXP 	displayPicture: image = 'C:\\Users\\Employee\\Google Drive\\UP\\MyResearch\\TaskProgramming\\AB_pic\\resources\\crown.jpg'
5.2130 	EXP 	polygon_2: opacity = 0.0
5.2130 	EXP 	polygon_2: fillColor = '[1. 1. 1.] (rgb)'
5.2296 	EXP 	polygon: opacity = 0.0
5.2296 	EXP 	polygon_3: opacity = 0.0
5.2296 	EXP 	displayPicture: image = 'C:\\Users\\Employee\\Google Drive\\UP\\MyResearch\\TaskProgramming\\AB_pic\\resources\\crown.jpg'
5.2296 	EXP 	polygon_2: opacity = 0.0
5.2296 	EXP 	polygon_2: fillColor = '[1. 1. 1.] (rgb)'
5.2463 	EXP 	polygon: opacity = 0.0
5.2463 	EXP 	polygon_3: opacity = 0.0
5.2463 	EXP 	displayPicture: image = 'C:\\Users\\Employee\\Google Drive\\UP\\MyResearch\\TaskProgramming\\AB_pic\\resources\\crown.jpg'
5.2463 	EXP 	polygon_2: opacity = 0.0
5.2463 	EXP 	polygon_2: fillColor = '[1. 1. 1.] (rgb)'
5.2630 	EXP 	polygon: opacity = 0.0
5.2630 	EXP 	polygon_3: opacity = 0.0
5.2630 	EXP 	displayPicture: image = 'C:\\Users\\Employee\\Google Drive\\UP\\MyResearch\\TaskProgramming\\AB_pic\\resources\\crown.jpg'
5.2630 	EXP 	polygon_2: opacity = 0.0
5.2630 	EXP 	polygon_2: fillColor = '[1. 1. 1.] (rgb)'
5.2796 	EXP 	polygon: opacity = 0.0
5.2796 	EXP 	polygon_3: opacity = 0.0
5.2796 	EXP 	displayPicture: image = 'C:\\Users\\Employee\\Google Drive\\UP\\MyResearch\\TaskProgramming\\AB_pic\\resources\\crown.jpg'
5.2796 	EXP 	polygon_2: opacity = 0.0
5.2796 	EXP 	polygon_2: fillColor = '[1. 1. 1.] (rgb)'
5.2963 	EXP 	polygon: opacity = 0.0
5.2963 	EXP 	polygon_3: opacity = 0.0
5.2963 	EXP 	displayPicture: image = 'C:\\Users\\Employee\\Google Drive\\UP\\MyResearch\\TaskProgramming\\AB_pic\\resources\\crown.jpg'
5.2963 	EXP 	polygon_2: opacity = 1.0
5.2963 	EXP 	polygon_2: fillColor = '[1. 1. 1.] (rgb)'
5.3129 	EXP 	polygon: opacity = 0.0
5.3129 	EXP 	polygon_3: opacity = 0.0
5.3129 	EXP 	displayPicture: image = 'C:\\Users\\Employee\\Google Drive\\UP\\MyResearch\\TaskProgramming\\AB_pic\\resources\\crown.jpg'
5.3129 	EXP 	polygon_2: opacity = 1.0
5.3129 	EXP 	polygon_2: fillColor = '[1. 1. 1.] (rgb)'
5.3296 	EXP 	polygon: opacity = 0.0
5.3296 	EXP 	polygon_3: opacity = 0.0
5.3296 	EXP 	displayPicture: image = 'C:\\Users\\Employee\\Google Drive\\UP\\MyResearch\\TaskProgramming\\AB_pic\\resources\\crown.jpg'
5.3296 	EXP 	polygon_2: opacity = 1.0
5.3296 	EXP 	polygon_2: fillColor = '[1. 1. 1.] (rgb)'
5.3463 	EXP 	polygon: opacity = 0.0
5.3463 	EXP 	polygon_3: opacity = 0.0
5.3463 	EXP 	displayPicture: image = 'C:\\Users\\Employee\\Google Drive\\UP\\MyResearch\\TaskProgramming\\AB_pic\\resources\\fishskeleton.jpg'
5.3463 	EXP 	polygon_2: opacity = 0.0
5.3463 	EXP 	polygon_2: fillColor = '[1. 1. 1.] (rgb)'
5.3629 	EXP 	polygon: opacity = 0.0
5.3629 	EXP 	polygon_3: opacity = 0.0
5.3629 	EXP 	displayPicture: image = 'C:\\Users\\Employee\\Google Drive\\UP\\MyResearch\\TaskProgramming\\AB_pic\\resources\\fishskeleton.jpg'
5.3629 	EXP 	polygon_2: opacity = 0.0
5.3629 	EXP 	polygon_2: fillColor = '[1. 1. 1.] (rgb)'
5.3796 	EXP 	polygon: opacity = 0.0
5.3796 	EXP 	polygon_3: opacity = 0.0
5.3796 	EXP 	displayPicture: image = 'C:\\Users\\Employee\\Google Drive\\UP\\MyResearch\\TaskProgramming\\AB_pic\\resources\\fishskeleton.jpg'
5.3796 	EXP 	polygon_2: opacity = 0.0
5.3796 	EXP 	polygon_2: fillColor = '[1. 1. 1.] (rgb)'
5.3963 	EXP 	polygon: opacity = 0.0
5.3963 	EXP 	polygon_3: opacity = 0.0
5.3963 	EXP 	displayPicture: image = 'C:\\Users\\Employee\\Google Drive\\UP\\MyResearch\\TaskProgramming\\AB_pic\\resources\\fishskeleton.jpg'
5.3963 	EXP 	polygon_2: opacity = 0.0
5.3963 	EXP 	polygon_2: fillColor = '[1. 1. 1.] (rgb)'
5.4129 	EXP 	polygon: opacity = 0.0
5.4129 	EXP 	polygon_3: opacity = 0.0
5.4129 	EXP 	displayPicture: image = 'C:\\Users\\Employee\\Google Drive\\UP\\MyResearch\\TaskProgramming\\AB_pic\\resources\\fishskeleton.jpg'
5.4129 	EXP 	polygon_2: opacity = 0.0
5.4129 	EXP 	polygon_2: fillColor = '[1. 1. 1.] (rgb)'
5.4296 	EXP 	polygon: opacity = 0.0
5.4296 	EXP 	polygon_3: opacity = 0.0
5.4296 	EXP 	displayPicture: image = 'C:\\Users\\Employee\\Google Drive\\UP\\MyResearch\\TaskProgramming\\AB_pic\\resources\\fishskeleton.jpg'
5.4296 	EXP 	polygon_2: opacity = 0.0
5.4296 	EXP 	polygon_2: fillColor = '[1. 1. 1.] (rgb)'
5.4463 	EXP 	polygon: opacity = 0.0
5.4463 	EXP 	polygon_3: opacity = 0.0
5.4463 	EXP 	displayPicture: image = 'C:\\Users\\Employee\\Google Drive\\UP\\MyResearch\\TaskProgramming\\AB_pic\\resources\\fishskeleton.jpg'
5.4463 	EXP 	polygon_2: opacity = 0.0
5.4463 	EXP 	polygon_2: fillColor = '[1. 1. 1.] (rgb)'
5.4629 	EXP 	polygon: opacity = 0.0
5.4629 	EXP 	polygon_3: opacity = 0.0
5.4629 	EXP 	displayPicture: image = 'C:\\Users\\Employee\\Google Drive\\UP\\MyResearch\\TaskProgramming\\AB_pic\\resources\\fishskeleton.jpg'
5.4629 	EXP 	polygon_2: opacity = 0.0
5.4629 	EXP 	polygon_2: fillColor = '[1. 1. 1.] (rgb)'
5.4796 	EXP 	polygon: opacity = 0.0
5.4796 	EXP 	polygon_3: opacity = 0.0
5.4796 	EXP 	displayPicture: image = 'C:\\Users\\Employee\\Google Drive\\UP\\MyResearch\\TaskProgramming\\AB_pic\\resources\\fishskeleton.jpg'
5.4796 	EXP 	polygon_2: opacity = 0.0
5.4796 	EXP 	polygon_2: fillColor = '[1. 1. 1.] (rgb)'
5.4963 	EXP 	polygon: opacity = 0.0
5.4963 	EXP 	polygon_3: opacity = 0.0
5.4963 	EXP 	displayPicture: image = 'C:\\Users\\Employee\\Google Drive\\UP\\MyResearch\\TaskProgramming\\AB_pic\\resources\\fishskeleton.jpg'
5.4963 	EXP 	polygon_2: opacity = 0.0
5.4963 	EXP 	polygon_2: fillColor = '[1. 1. 1.] (rgb)'
5.5130 	EXP 	polygon: opacity = 0.0
5.5130 	EXP 	polygon_3: opacity = 0.0
5.5130 	EXP 	displayPicture: image = 'C:\\Users\\Employee\\Google Drive\\UP\\MyResearch\\TaskProgramming\\AB_pic\\resources\\fishskeleton.jpg'
5.5130 	EXP 	polygon_2: opacity = 0.0
5.5130 	EXP 	polygon_2: fillColor = '[1. 1. 1.] (rgb)'
5.5297 	EXP 	polygon: opacity = 0.0
5.5297 	EXP 	polygon_3: opacity = 0.0
5.5297 	EXP 	displayPicture: image = 'C:\\Users\\Employee\\Google Drive\\UP\\MyResearch\\TaskProgramming\\AB_pic\\resources\\fishskeleton.jpg'
5.5297 	EXP 	polygon_2: opacity = 0.0
5.5297 	EXP 	polygon_2: fillColor = '[1. 1. 1.] (rgb)'
5.5463 	EXP 	polygon: opacity = 0.0
5.5463 	EXP 	polygon_3: opacity = 0.0
5.5463 	EXP 	displayPicture: image = 'C:\\Users\\Employee\\Google Drive\\UP\\MyResearch\\TaskProgramming\\AB_pic\\resources\\fishskeleton.jpg'
5.5463 	EXP 	polygon_2: opacity = 1.0
5.5463 	EXP 	polygon_2: fillColor = '[1. 1. 1.] (rgb)'
5.5629 	EXP 	polygon: opacity = 0.0
5.5629 	EXP 	polygon_3: opacity = 0.0
5.5629 	EXP 	displayPicture: image = 'C:\\Users\\Employee\\Google Drive\\UP\\MyResearch\\TaskProgramming\\AB_pic\\resources\\fishskeleton.jpg'
5.5629 	EXP 	polygon_2: opacity = 1.0
5.5629 	EXP 	polygon_2: fillColor = '[1. 1. 1.] (rgb)'
5.5796 	EXP 	polygon: opacity = 0.0
5.5796 	EXP 	polygon_3: opacity = 0.0
5.5796 	EXP 	displayPicture: image = 'C:\\Users\\Employee\\Google Drive\\UP\\MyResearch\\TaskProgramming\\AB_pic\\resources\\fishskeleton.jpg'
5.5796 	EXP 	polygon_2: opacity = 1.0
5.5796 	EXP 	polygon_2: fillColor = '[1. 1. 1.] (rgb)'
5.5964 	EXP 	polygon: opacity = 0.0
5.5964 	EXP 	polygon_3: opacity = 0.0
5.5964 	EXP 	displayPicture: image = 'C:\\Users\\Employee\\Google Drive\\UP\\MyResearch\\TaskProgramming\\AB_pic\\resources\\pingpongtable.jpg'
5.5964 	EXP 	polygon_2: opacity = 0.0
5.5964 	EXP 	polygon_2: fillColor = '[1. 1. 1.] (rgb)'
5.6129 	EXP 	polygon: opacity = 0.0
5.6129 	EXP 	polygon_3: opacity = 0.0
5.6129 	EXP 	displayPicture: image = 'C:\\Users\\Employee\\Google Drive\\UP\\MyResearch\\TaskProgramming\\AB_pic\\resources\\pingpongtable.jpg'
5.6129 	EXP 	polygon_2: opacity = 0.0
5.6129 	EXP 	polygon_2: fillColor = '[1. 1. 1.] (rgb)'
5.6296 	EXP 	polygon: opacity = 0.0
5.6296 	EXP 	polygon_3: opacity = 0.0
5.6296 	EXP 	displayPicture: image = 'C:\\Users\\Employee\\Google Drive\\UP\\MyResearch\\TaskProgramming\\AB_pic\\resources\\pingpongtable.jpg'
5.6296 	EXP 	polygon_2: opacity = 0.0
5.6296 	EXP 	polygon_2: fillColor = '[1. 1. 1.] (rgb)'
5.6463 	EXP 	polygon: opacity = 0.0
5.6463 	EXP 	polygon_3: opacity = 0.0
5.6463 	EXP 	displayPicture: image = 'C:\\Users\\Employee\\Google Drive\\UP\\MyResearch\\TaskProgramming\\AB_pic\\resources\\pingpongtable.jpg'
5.6463 	EXP 	polygon_2: opacity = 0.0
5.6463 	EXP 	polygon_2: fillColor = '[1. 1. 1.] (rgb)'
5.6629 	EXP 	polygon: opacity = 0.0
5.6629 	EXP 	polygon_3: opacity = 0.0
5.6629 	EXP 	displayPicture: image = 'C:\\Users\\Employee\\Google Drive\\UP\\MyResearch\\TaskProgramming\\AB_pic\\resources\\pingpongtable.jpg'
5.6629 	EXP 	polygon_2: opacity = 0.0
5.6629 	EXP 	polygon_2: fillColor = '[1. 1. 1.] (rgb)'
5.6797 	EXP 	polygon: opacity = 0.0
5.6797 	EXP 	polygon_3: opacity = 0.0
5.6797 	EXP 	displayPicture: image = 'C:\\Users\\Employee\\Google Drive\\UP\\MyResearch\\TaskProgramming\\AB_pic\\resources\\pingpongtable.jpg'
5.6797 	EXP 	polygon_2: opacity = 0.0
5.6797 	EXP 	polygon_2: fillColor = '[1. 1. 1.] (rgb)'
5.6963 	EXP 	polygon: opacity = 0.0
5.6963 	EXP 	polygon_3: opacity = 0.0
5.6963 	EXP 	displayPicture: image = 'C:\\Users\\Employee\\Google Drive\\UP\\MyResearch\\TaskProgramming\\AB_pic\\resources\\pingpongtable.jpg'
5.6963 	EXP 	polygon_2: opacity = 0.0
5.6963 	EXP 	polygon_2: fillColor = '[1. 1. 1.] (rgb)'
5.7129 	EXP 	polygon: opacity = 0.0
5.7129 	EXP 	polygon_3: opacity = 0.0
5.7129 	EXP 	displayPicture: image = 'C:\\Users\\Employee\\Google Drive\\UP\\MyResearch\\TaskProgramming\\AB_pic\\resources\\pingpongtable.jpg'
5.7129 	EXP 	polygon_2: opacity = 0.0
5.7129 	EXP 	polygon_2: fillColor = '[1. 1. 1.] (rgb)'
5.7296 	EXP 	polygon: opacity = 0.0
5.7296 	EXP 	polygon_3: opacity = 0.0
5.7296 	EXP 	displayPicture: image = 'C:\\Users\\Employee\\Google Drive\\UP\\MyResearch\\TaskProgramming\\AB_pic\\resources\\pingpongtable.jpg'
5.7296 	EXP 	polygon_2: opacity = 0.0
5.7296 	EXP 	polygon_2: fillColor = '[1. 1. 1.] (rgb)'
5.7462 	EXP 	polygon: opacity = 0.0
5.7462 	EXP 	polygon_3: opacity = 0.0
5.7462 	EXP 	displayPicture: image = 'C:\\Users\\Employee\\Google Drive\\UP\\MyResearch\\TaskProgramming\\AB_pic\\resources\\pingpongtable.jpg'
5.7462 	EXP 	polygon_2: opacity = 0.0
5.7462 	EXP 	polygon_2: fillColor = '[1. 1. 1.] (rgb)'
5.7629 	EXP 	polygon: opacity = 0.0
5.7629 	EXP 	polygon_3: opacity = 0.0
5.7629 	EXP 	displayPicture: image = 'C:\\Users\\Employee\\Google Drive\\UP\\MyResearch\\TaskProgramming\\AB_pic\\resources\\pingpongtable.jpg'
5.7629 	EXP 	polygon_2: opacity = 0.0
5.7629 	EXP 	polygon_2: fillColor = '[1. 1. 1.] (rgb)'
5.7796 	EXP 	polygon: opacity = 0.0
5.7796 	EXP 	polygon_3: opacity = 0.0
5.7796 	EXP 	displayPicture: image = 'C:\\Users\\Employee\\Google Drive\\UP\\MyResearch\\TaskProgramming\\AB_pic\\resources\\pingpongtable.jpg'
5.7796 	EXP 	polygon_2: opacity = 0.0
5.7796 	EXP 	polygon_2: fillColor = '[1. 1. 1.] (rgb)'
5.7962 	EXP 	polygon: opacity = 0.0
5.7962 	EXP 	polygon_3: opacity = 0.0
5.7962 	EXP 	displayPicture: image = 'C:\\Users\\Employee\\Google Drive\\UP\\MyResearch\\TaskProgramming\\AB_pic\\resources\\pingpongtable.jpg'
5.7962 	EXP 	polygon_2: opacity = 1.0
5.7962 	EXP 	polygon_2: fillColor = '[1. 1. 1.] (rgb)'
5.8129 	EXP 	polygon: opacity = 0.0
5.8129 	EXP 	polygon_3: opacity = 0.0
5.8129 	EXP 	displayPicture: image = 'C:\\Users\\Employee\\Google Drive\\UP\\MyResearch\\TaskProgramming\\AB_pic\\resources\\pingpongtable.jpg'
5.8129 	EXP 	polygon_2: opacity = 1.0
5.8129 	EXP 	polygon_2: fillColor = '[1. 1. 1.] (rgb)'
5.8295 	EXP 	polygon: opacity = 0.0
5.8295 	EXP 	polygon_3: opacity = 0.0
5.8295 	EXP 	displayPicture: image = 'C:\\Users\\Employee\\Google Drive\\UP\\MyResearch\\TaskProgramming\\AB_pic\\resources\\pingpongtable.jpg'
5.8295 	EXP 	polygon_2: opacity = 1.0
5.8295 	EXP 	polygon_2: fillColor = '[1. 1. 1.] (rgb)'
5.8462 	EXP 	polygon: opacity = 0.0
5.8462 	EXP 	polygon_3: opacity = 0.0
5.8462 	EXP 	displayPicture: image = 'C:\\Users\\Employee\\Google Drive\\UP\\MyResearch\\TaskProgramming\\AB_pic\\resources\\rubikcube.jpg'
5.8462 	EXP 	polygon_2: opacity = 0.0
5.8462 	EXP 	polygon_2: fillColor = '[1. 1. 1.] (rgb)'
5.8629 	EXP 	polygon: opacity = 0.0
5.8629 	EXP 	polygon_3: opacity = 0.0
5.8629 	EXP 	displayPicture: image = 'C:\\Users\\Employee\\Google Drive\\UP\\MyResearch\\TaskProgramming\\AB_pic\\resources\\rubikcube.jpg'
5.8629 	EXP 	polygon_2: opacity = 0.0
5.8629 	EXP 	polygon_2: fillColor = '[1. 1. 1.] (rgb)'
5.8796 	EXP 	polygon: opacity = 0.0
5.8796 	EXP 	polygon_3: opacity = 0.0
5.8796 	EXP 	displayPicture: image = 'C:\\Users\\Employee\\Google Drive\\UP\\MyResearch\\TaskProgramming\\AB_pic\\resources\\rubikcube.jpg'
5.8796 	EXP 	polygon_2: opacity = 0.0
5.8796 	EXP 	polygon_2: fillColor = '[1. 1. 1.] (rgb)'
5.8963 	EXP 	polygon: opacity = 0.0
5.8963 	EXP 	polygon_3: opacity = 0.0
5.8963 	EXP 	displayPicture: image = 'C:\\Users\\Employee\\Google Drive\\UP\\MyResearch\\TaskProgramming\\AB_pic\\resources\\rubikcube.jpg'
5.8963 	EXP 	polygon_2: opacity = 0.0
5.8963 	EXP 	polygon_2: fillColor = '[1. 1. 1.] (rgb)'
5.9129 	EXP 	polygon: opacity = 0.0
5.9129 	EXP 	polygon_3: opacity = 0.0
5.9129 	EXP 	displayPicture: image = 'C:\\Users\\Employee\\Google Drive\\UP\\MyResearch\\TaskProgramming\\AB_pic\\resources\\rubikcube.jpg'
5.9129 	EXP 	polygon_2: opacity = 0.0
5.9129 	EXP 	polygon_2: fillColor = '[1. 1. 1.] (rgb)'
5.9296 	EXP 	polygon: opacity = 0.0
5.9296 	EXP 	polygon_3: opacity = 0.0
5.9296 	EXP 	displayPicture: image = 'C:\\Users\\Employee\\Google Drive\\UP\\MyResearch\\TaskProgramming\\AB_pic\\resources\\rubikcube.jpg'
5.9296 	EXP 	polygon_2: opacity = 0.0
5.9296 	EXP 	polygon_2: fillColor = '[1. 1. 1.] (rgb)'
5.9463 	EXP 	polygon: opacity = 0.0
5.9463 	EXP 	polygon_3: opacity = 0.0
5.9463 	EXP 	displayPicture: image = 'C:\\Users\\Employee\\Google Drive\\UP\\MyResearch\\TaskProgramming\\AB_pic\\resources\\rubikcube.jpg'
5.9463 	EXP 	polygon_2: opacity = 0.0
5.9463 	EXP 	polygon_2: fillColor = '[1. 1. 1.] (rgb)'
5.9629 	EXP 	polygon: opacity = 0.0
5.9629 	EXP 	polygon_3: opacity = 0.0
5.9629 	EXP 	displayPicture: image = 'C:\\Users\\Employee\\Google Drive\\UP\\MyResearch\\TaskProgramming\\AB_pic\\resources\\rubikcube.jpg'
5.9629 	EXP 	polygon_2: opacity = 0.0
5.9629 	EXP 	polygon_2: fillColor = '[1. 1. 1.] (rgb)'
5.9794 	EXP 	polygon: opacity = 0.0
5.9794 	EXP 	polygon_3: opacity = 0.0
5.9794 	EXP 	displayPicture: image = 'C:\\Users\\Employee\\Google Drive\\UP\\MyResearch\\TaskProgramming\\AB_pic\\resources\\rubikcube.jpg'
5.9794 	EXP 	polygon_2: opacity = 0.0
5.9794 	EXP 	polygon_2: fillColor = '[1. 1. 1.] (rgb)'
5.9960 	EXP 	polygon: opacity = 0.0
5.9960 	EXP 	polygon_3: opacity = 0.0
5.9960 	EXP 	displayPicture: image = 'C:\\Users\\Employee\\Google Drive\\UP\\MyResearch\\TaskProgramming\\AB_pic\\resources\\rubikcube.jpg'
5.9960 	EXP 	polygon_2: opacity = 0.0
5.9960 	EXP 	polygon_2: fillColor = '[1. 1. 1.] (rgb)'
6.0127 	EXP 	polygon: opacity = 0.0
6.0127 	EXP 	polygon_3: opacity = 0.0
6.0127 	EXP 	displayPicture: image = 'C:\\Users\\Employee\\Google Drive\\UP\\MyResearch\\TaskProgramming\\AB_pic\\resources\\rubikcube.jpg'
6.0127 	EXP 	polygon_2: opacity = 0.0
6.0127 	EXP 	polygon_2: fillColor = '[1. 1. 1.] (rgb)'
6.0294 	EXP 	polygon: opacity = 0.0
6.0294 	EXP 	polygon_3: opacity = 0.0
6.0294 	EXP 	displayPicture: image = 'C:\\Users\\Employee\\Google Drive\\UP\\MyResearch\\TaskProgramming\\AB_pic\\resources\\rubikcube.jpg'
6.0294 	EXP 	polygon_2: opacity = 0.0
6.0294 	EXP 	polygon_2: fillColor = '[1. 1. 1.] (rgb)'
6.0460 	EXP 	polygon: opacity = 0.0
6.0460 	EXP 	polygon_3: opacity = 0.0
6.0460 	EXP 	displayPicture: image = 'C:\\Users\\Employee\\Google Drive\\UP\\MyResearch\\TaskProgramming\\AB_pic\\resources\\rubikcube.jpg'
6.0460 	EXP 	polygon_2: opacity = 1.0
6.0460 	EXP 	polygon_2: fillColor = '[1. 1. 1.] (rgb)'
6.0627 	EXP 	polygon: opacity = 0.0
6.0627 	EXP 	polygon_3: opacity = 0.0
6.0627 	EXP 	displayPicture: image = 'C:\\Users\\Employee\\Google Drive\\UP\\MyResearch\\TaskProgramming\\AB_pic\\resources\\rubikcube.jpg'
6.0627 	EXP 	polygon_2: opacity = 1.0
6.0627 	EXP 	polygon_2: fillColor = '[1. 1. 1.] (rgb)'
6.0794 	EXP 	polygon: opacity = 0.0
6.0794 	EXP 	polygon_3: opacity = 0.0
6.0794 	EXP 	displayPicture: image = 'C:\\Users\\Employee\\Google Drive\\UP\\MyResearch\\TaskProgramming\\AB_pic\\resources\\rubikcube.jpg'
6.0794 	EXP 	polygon_2: opacity = 1.0
6.0794 	EXP 	polygon_2: fillColor = '[1. 1. 1.] (rgb)'
6.0960 	EXP 	polygon: opacity = 1.0
6.0960 	EXP 	polygon_3: opacity = 0.0
6.0960 	EXP 	displayPicture: image = 'C:\\Users\\Employee\\Google Drive\\UP\\MyResearch\\TaskProgramming\\AB_pic\\resources\\cow.jpg'
6.0960 	EXP 	polygon_2: opacity = 0.0
6.0960 	EXP 	polygon_2: fillColor = '[1. 1. 1.] (rgb)'
6.1127 	EXP 	polygon: opacity = 1.0
6.1127 	EXP 	polygon_3: opacity = 0.0
6.1127 	EXP 	displayPicture: image = 'C:\\Users\\Employee\\Google Drive\\UP\\MyResearch\\TaskProgramming\\AB_pic\\resources\\cow.jpg'
6.1127 	EXP 	polygon_2: opacity = 0.0
6.1127 	EXP 	polygon_2: fillColor = '[1. 1. 1.] (rgb)'
6.1294 	EXP 	polygon: opacity = 1.0
6.1294 	EXP 	polygon_3: opacity = 0.0
6.1294 	EXP 	displayPicture: image = 'C:\\Users\\Employee\\Google Drive\\UP\\MyResearch\\TaskProgramming\\AB_pic\\resources\\cow.jpg'
6.1294 	EXP 	polygon_2: opacity = 0.0
6.1294 	EXP 	polygon_2: fillColor = '[1. 1. 1.] (rgb)'
6.1460 	EXP 	polygon: opacity = 1.0
6.1460 	EXP 	polygon_3: opacity = 0.0
6.1460 	EXP 	displayPicture: image = 'C:\\Users\\Employee\\Google Drive\\UP\\MyResearch\\TaskProgramming\\AB_pic\\resources\\cow.jpg'
6.1460 	EXP 	polygon_2: opacity = 0.0
6.1460 	EXP 	polygon_2: fillColor = '[1. 1. 1.] (rgb)'
6.1627 	EXP 	polygon: opacity = 1.0
6.1627 	EXP 	polygon_3: opacity = 0.0
6.1627 	EXP 	displayPicture: image = 'C:\\Users\\Employee\\Google Drive\\UP\\MyResearch\\TaskProgramming\\AB_pic\\resources\\cow.jpg'
6.1627 	EXP 	polygon_2: opacity = 0.0
6.1627 	EXP 	polygon_2: fillColor = '[1. 1. 1.] (rgb)'
6.1794 	EXP 	polygon: opacity = 1.0
6.1794 	EXP 	polygon_3: opacity = 0.0
6.1794 	EXP 	displayPicture: image = 'C:\\Users\\Employee\\Google Drive\\UP\\MyResearch\\TaskProgramming\\AB_pic\\resources\\cow.jpg'
6.1794 	EXP 	polygon_2: opacity = 0.0
6.1794 	EXP 	polygon_2: fillColor = '[1. 1. 1.] (rgb)'
6.1960 	EXP 	polygon: opacity = 1.0
6.1960 	EXP 	polygon_3: opacity = 0.0
6.1960 	EXP 	displayPicture: image = 'C:\\Users\\Employee\\Google Drive\\UP\\MyResearch\\TaskProgramming\\AB_pic\\resources\\cow.jpg'
6.1960 	EXP 	polygon_2: opacity = 0.0
6.1960 	EXP 	polygon_2: fillColor = '[1. 1. 1.] (rgb)'
6.2127 	EXP 	polygon: opacity = 1.0
6.2127 	EXP 	polygon_3: opacity = 0.0
6.2127 	EXP 	displayPicture: image = 'C:\\Users\\Employee\\Google Drive\\UP\\MyResearch\\TaskProgramming\\AB_pic\\resources\\cow.jpg'
6.2127 	EXP 	polygon_2: opacity = 0.0
6.2127 	EXP 	polygon_2: fillColor = '[1. 1. 1.] (rgb)'
6.2294 	EXP 	polygon: opacity = 1.0
6.2294 	EXP 	polygon_3: opacity = 0.0
6.2294 	EXP 	displayPicture: image = 'C:\\Users\\Employee\\Google Drive\\UP\\MyResearch\\TaskProgramming\\AB_pic\\resources\\cow.jpg'
6.2294 	EXP 	polygon_2: opacity = 0.0
6.2294 	EXP 	polygon_2: fillColor = '[1. 1. 1.] (rgb)'
6.2460 	EXP 	polygon: opacity = 1.0
6.2460 	EXP 	polygon_3: opacity = 0.0
6.2460 	EXP 	displayPicture: image = 'C:\\Users\\Employee\\Google Drive\\UP\\MyResearch\\TaskProgramming\\AB_pic\\resources\\cow.jpg'
6.2460 	EXP 	polygon_2: opacity = 0.0
6.2460 	EXP 	polygon_2: fillColor = '[1. 1. 1.] (rgb)'
6.2627 	EXP 	polygon: opacity = 1.0
6.2627 	EXP 	polygon_3: opacity = 0.0
6.2627 	EXP 	displayPicture: image = 'C:\\Users\\Employee\\Google Drive\\UP\\MyResearch\\TaskProgramming\\AB_pic\\resources\\cow.jpg'
6.2627 	EXP 	polygon_2: opacity = 0.0
6.2627 	EXP 	polygon_2: fillColor = '[1. 1. 1.] (rgb)'
6.2793 	EXP 	polygon: opacity = 1.0
6.2793 	EXP 	polygon_3: opacity = 0.0
6.2793 	EXP 	displayPicture: image = 'C:\\Users\\Employee\\Google Drive\\UP\\MyResearch\\TaskProgramming\\AB_pic\\resources\\cow.jpg'
6.2793 	EXP 	polygon_2: opacity = 0.0
6.2793 	EXP 	polygon_2: fillColor = '[1. 1. 1.] (rgb)'
6.2960 	EXP 	polygon: opacity = 1.0
6.2960 	EXP 	polygon_3: opacity = 0.0
6.2960 	EXP 	displayPicture: image = 'C:\\Users\\Employee\\Google Drive\\UP\\MyResearch\\TaskProgramming\\AB_pic\\resources\\cow.jpg'
6.2960 	EXP 	polygon_2: opacity = 1.0
6.2960 	EXP 	polygon_2: fillColor = '[1. 1. 1.] (rgb)'
6.3127 	EXP 	polygon: opacity = 1.0
6.3127 	EXP 	polygon_3: opacity = 0.0
6.3127 	EXP 	displayPicture: image = 'C:\\Users\\Employee\\Google Drive\\UP\\MyResearch\\TaskProgramming\\AB_pic\\resources\\cow.jpg'
6.3127 	EXP 	polygon_2: opacity = 1.0
6.3127 	EXP 	polygon_2: fillColor = '[1. 1. 1.] (rgb)'
6.3293 	EXP 	polygon: opacity = 1.0
6.3293 	EXP 	polygon_3: opacity = 0.0
6.3293 	EXP 	displayPicture: image = 'C:\\Users\\Employee\\Google Drive\\UP\\MyResearch\\TaskProgramming\\AB_pic\\resources\\cow.jpg'
6.3293 	EXP 	polygon_2: opacity = 1.0
6.3293 	EXP 	polygon_2: fillColor = '[1. 1. 1.] (rgb)'
6.3460 	EXP 	polygon: opacity = 0.0
6.3460 	EXP 	polygon_3: opacity = 0.0
6.3460 	EXP 	displayPicture: image = 'C:\\Users\\Employee\\Google Drive\\UP\\MyResearch\\TaskProgramming\\AB_pic\\resources\\cannon.jpg'
6.3460 	EXP 	polygon_2: opacity = 0.0
6.3460 	EXP 	polygon_2: fillColor = '[1. 1. 1.] (rgb)'
6.3627 	EXP 	polygon: opacity = 0.0
6.3627 	EXP 	polygon_3: opacity = 0.0
6.3627 	EXP 	displayPicture: image = 'C:\\Users\\Employee\\Google Drive\\UP\\MyResearch\\TaskProgramming\\AB_pic\\resources\\cannon.jpg'
6.3627 	EXP 	polygon_2: opacity = 0.0
6.3627 	EXP 	polygon_2: fillColor = '[1. 1. 1.] (rgb)'
6.3793 	EXP 	polygon: opacity = 0.0
6.3793 	EXP 	polygon_3: opacity = 0.0
6.3793 	EXP 	displayPicture: image = 'C:\\Users\\Employee\\Google Drive\\UP\\MyResearch\\TaskProgramming\\AB_pic\\resources\\cannon.jpg'
6.3793 	EXP 	polygon_2: opacity = 0.0
6.3793 	EXP 	polygon_2: fillColor = '[1. 1. 1.] (rgb)'
6.3960 	EXP 	polygon: opacity = 0.0
6.3960 	EXP 	polygon_3: opacity = 0.0
6.3960 	EXP 	displayPicture: image = 'C:\\Users\\Employee\\Google Drive\\UP\\MyResearch\\TaskProgramming\\AB_pic\\resources\\cannon.jpg'
6.3960 	EXP 	polygon_2: opacity = 0.0
6.3960 	EXP 	polygon_2: fillColor = '[1. 1. 1.] (rgb)'
6.4126 	EXP 	polygon: opacity = 0.0
6.4126 	EXP 	polygon_3: opacity = 0.0
6.4126 	EXP 	displayPicture: image = 'C:\\Users\\Employee\\Google Drive\\UP\\MyResearch\\TaskProgramming\\AB_pic\\resources\\cannon.jpg'
6.4126 	EXP 	polygon_2: opacity = 0.0
6.4126 	EXP 	polygon_2: fillColor = '[1. 1. 1.] (rgb)'
6.4293 	EXP 	polygon: opacity = 0.0
6.4293 	EXP 	polygon_3: opacity = 0.0
6.4293 	EXP 	displayPicture: image = 'C:\\Users\\Employee\\Google Drive\\UP\\MyResearch\\TaskProgramming\\AB_pic\\resources\\cannon.jpg'
6.4293 	EXP 	polygon_2: opacity = 0.0
6.4293 	EXP 	polygon_2: fillColor = '[1. 1. 1.] (rgb)'
6.4460 	EXP 	polygon: opacity = 0.0
6.4460 	EXP 	polygon_3: opacity = 0.0
6.4460 	EXP 	displayPicture: image = 'C:\\Users\\Employee\\Google Drive\\UP\\MyResearch\\TaskProgramming\\AB_pic\\resources\\cannon.jpg'
6.4460 	EXP 	polygon_2: opacity = 0.0
6.4460 	EXP 	polygon_2: fillColor = '[1. 1. 1.] (rgb)'
6.4627 	EXP 	polygon: opacity = 0.0
6.4627 	EXP 	polygon_3: opacity = 0.0
6.4627 	EXP 	displayPicture: image = 'C:\\Users\\Employee\\Google Drive\\UP\\MyResearch\\TaskProgramming\\AB_pic\\resources\\cannon.jpg'
6.4627 	EXP 	polygon_2: opacity = 0.0
6.4627 	EXP 	polygon_2: fillColor = '[1. 1. 1.] (rgb)'
6.4793 	EXP 	polygon: opacity = 0.0
6.4793 	EXP 	polygon_3: opacity = 0.0
6.4793 	EXP 	displayPicture: image = 'C:\\Users\\Employee\\Google Drive\\UP\\MyResearch\\TaskProgramming\\AB_pic\\resources\\cannon.jpg'
6.4793 	EXP 	polygon_2: opacity = 0.0
6.4793 	EXP 	polygon_2: fillColor = '[1. 1. 1.] (rgb)'
6.4960 	EXP 	polygon: opacity = 0.0
6.4960 	EXP 	polygon_3: opacity = 0.0
6.4960 	EXP 	displayPicture: image = 'C:\\Users\\Employee\\Google Drive\\UP\\MyResearch\\TaskProgramming\\AB_pic\\resources\\cannon.jpg'
6.4960 	EXP 	polygon_2: opacity = 0.0
6.4960 	EXP 	polygon_2: fillColor = '[1. 1. 1.] (rgb)'
6.5126 	EXP 	polygon: opacity = 0.0
6.5126 	EXP 	polygon_3: opacity = 0.0
6.5126 	EXP 	displayPicture: image = 'C:\\Users\\Employee\\Google Drive\\UP\\MyResearch\\TaskProgramming\\AB_pic\\resources\\cannon.jpg'
6.5126 	EXP 	polygon_2: opacity = 0.0
6.5126 	EXP 	polygon_2: fillColor = '[1. 1. 1.] (rgb)'
6.5293 	EXP 	polygon: opacity = 0.0
6.5293 	EXP 	polygon_3: opacity = 0.0
6.5293 	EXP 	displayPicture: image = 'C:\\Users\\Employee\\Google Drive\\UP\\MyResearch\\TaskProgramming\\AB_pic\\resources\\cannon.jpg'
6.5293 	EXP 	polygon_2: opacity = 0.0
6.5293 	EXP 	polygon_2: fillColor = '[1. 1. 1.] (rgb)'
6.5460 	EXP 	polygon: opacity = 0.0
6.5460 	EXP 	polygon_3: opacity = 0.0
6.5460 	EXP 	displayPicture: image = 'C:\\Users\\Employee\\Google Drive\\UP\\MyResearch\\TaskProgramming\\AB_pic\\resources\\cannon.jpg'
6.5460 	EXP 	polygon_2: opacity = 1.0
6.5460 	EXP 	polygon_2: fillColor = '[1. 1. 1.] (rgb)'
6.5627 	EXP 	polygon: opacity = 0.0
6.5627 	EXP 	polygon_3: opacity = 0.0
6.5627 	EXP 	displayPicture: image = 'C:\\Users\\Employee\\Google Drive\\UP\\MyResearch\\TaskProgramming\\AB_pic\\resources\\cannon.jpg'
6.5627 	EXP 	polygon_2: opacity = 1.0
6.5627 	EXP 	polygon_2: fillColor = '[1. 1. 1.] (rgb)'
6.5793 	EXP 	polygon: opacity = 0.0
6.5793 	EXP 	polygon_3: opacity = 0.0
6.5793 	EXP 	displayPicture: image = 'C:\\Users\\Employee\\Google Drive\\UP\\MyResearch\\TaskProgramming\\AB_pic\\resources\\cannon.jpg'
6.5793 	EXP 	polygon_2: opacity = 1.0
6.5793 	EXP 	polygon_2: fillColor = '[1. 1. 1.] (rgb)'
6.5960 	EXP 	polygon: opacity = 0.0
6.5960 	EXP 	polygon_3: opacity = 0.0
6.5960 	EXP 	displayPicture: image = 'C:\\Users\\Employee\\Google Drive\\UP\\MyResearch\\TaskProgramming\\AB_pic\\resources\\spear02.jpg'
6.5960 	EXP 	polygon_2: opacity = 0.0
6.5960 	EXP 	polygon_2: fillColor = '[1. 1. 1.] (rgb)'
6.6127 	EXP 	polygon: opacity = 0.0
6.6127 	EXP 	polygon_3: opacity = 0.0
6.6127 	EXP 	displayPicture: image = 'C:\\Users\\Employee\\Google Drive\\UP\\MyResearch\\TaskProgramming\\AB_pic\\resources\\spear02.jpg'
6.6127 	EXP 	polygon_2: opacity = 0.0
6.6127 	EXP 	polygon_2: fillColor = '[1. 1. 1.] (rgb)'
6.6293 	EXP 	polygon: opacity = 0.0
6.6293 	EXP 	polygon_3: opacity = 0.0
6.6293 	EXP 	displayPicture: image = 'C:\\Users\\Employee\\Google Drive\\UP\\MyResearch\\TaskProgramming\\AB_pic\\resources\\spear02.jpg'
6.6293 	EXP 	polygon_2: opacity = 0.0
6.6293 	EXP 	polygon_2: fillColor = '[1. 1. 1.] (rgb)'
6.6460 	EXP 	polygon: opacity = 0.0
6.6460 	EXP 	polygon_3: opacity = 0.0
6.6460 	EXP 	displayPicture: image = 'C:\\Users\\Employee\\Google Drive\\UP\\MyResearch\\TaskProgramming\\AB_pic\\resources\\spear02.jpg'
6.6460 	EXP 	polygon_2: opacity = 0.0
6.6460 	EXP 	polygon_2: fillColor = '[1. 1. 1.] (rgb)'
6.6627 	EXP 	polygon: opacity = 0.0
6.6627 	EXP 	polygon_3: opacity = 0.0
6.6627 	EXP 	displayPicture: image = 'C:\\Users\\Employee\\Google Drive\\UP\\MyResearch\\TaskProgramming\\AB_pic\\resources\\spear02.jpg'
6.6627 	EXP 	polygon_2: opacity = 0.0
6.6627 	EXP 	polygon_2: fillColor = '[1. 1. 1.] (rgb)'
6.6793 	EXP 	polygon: opacity = 0.0
6.6793 	EXP 	polygon_3: opacity = 0.0
6.6793 	EXP 	displayPicture: image = 'C:\\Users\\Employee\\Google Drive\\UP\\MyResearch\\TaskProgramming\\AB_pic\\resources\\spear02.jpg'
6.6793 	EXP 	polygon_2: opacity = 0.0
6.6793 	EXP 	polygon_2: fillColor = '[1. 1. 1.] (rgb)'
6.6960 	EXP 	polygon: opacity = 0.0
6.6960 	EXP 	polygon_3: opacity = 0.0
6.6960 	EXP 	displayPicture: image = 'C:\\Users\\Employee\\Google Drive\\UP\\MyResearch\\TaskProgramming\\AB_pic\\resources\\spear02.jpg'
6.6960 	EXP 	polygon_2: opacity = 0.0
6.6960 	EXP 	polygon_2: fillColor = '[1. 1. 1.] (rgb)'
6.7126 	EXP 	polygon: opacity = 0.0
6.7126 	EXP 	polygon_3: opacity = 0.0
6.7126 	EXP 	displayPicture: image = 'C:\\Users\\Employee\\Google Drive\\UP\\MyResearch\\TaskProgramming\\AB_pic\\resources\\spear02.jpg'
6.7126 	EXP 	polygon_2: opacity = 0.0
6.7126 	EXP 	polygon_2: fillColor = '[1. 1. 1.] (rgb)'
6.7293 	EXP 	polygon: opacity = 0.0
6.7293 	EXP 	polygon_3: opacity = 0.0
6.7293 	EXP 	displayPicture: image = 'C:\\Users\\Employee\\Google Drive\\UP\\MyResearch\\TaskProgramming\\AB_pic\\resources\\spear02.jpg'
6.7293 	EXP 	polygon_2: opacity = 0.0
6.7293 	EXP 	polygon_2: fillColor = '[1. 1. 1.] (rgb)'
6.7460 	EXP 	polygon: opacity = 0.0
6.7460 	EXP 	polygon_3: opacity = 0.0
6.7460 	EXP 	displayPicture: image = 'C:\\Users\\Employee\\Google Drive\\UP\\MyResearch\\TaskProgramming\\AB_pic\\resources\\spear02.jpg'
6.7460 	EXP 	polygon_2: opacity = 0.0
6.7460 	EXP 	polygon_2: fillColor = '[1. 1. 1.] (rgb)'
6.7627 	EXP 	polygon: opacity = 0.0
6.7627 	EXP 	polygon_3: opacity = 0.0
6.7627 	EXP 	displayPicture: image = 'C:\\Users\\Employee\\Google Drive\\UP\\MyResearch\\TaskProgramming\\AB_pic\\resources\\spear02.jpg'
6.7627 	EXP 	polygon_2: opacity = 0.0
6.7627 	EXP 	polygon_2: fillColor = '[1. 1. 1.] (rgb)'
6.7793 	EXP 	polygon: opacity = 0.0
6.7793 	EXP 	polygon_3: opacity = 0.0
6.7793 	EXP 	displayPicture: image = 'C:\\Users\\Employee\\Google Drive\\UP\\MyResearch\\TaskProgramming\\AB_pic\\resources\\spear02.jpg'
6.7793 	EXP 	polygon_2: opacity = 0.0
6.7793 	EXP 	polygon_2: fillColor = '[1. 1. 1.] (rgb)'
6.7960 	EXP 	polygon: opacity = 0.0
6.7960 	EXP 	polygon_3: opacity = 0.0
6.7960 	EXP 	displayPicture: image = 'C:\\Users\\Employee\\Google Drive\\UP\\MyResearch\\TaskProgramming\\AB_pic\\resources\\spear02.jpg'
6.7960 	EXP 	polygon_2: opacity = 1.0
6.7960 	EXP 	polygon_2: fillColor = '[1. 1. 1.] (rgb)'
6.8126 	EXP 	polygon: opacity = 0.0
6.8126 	EXP 	polygon_3: opacity = 0.0
6.8126 	EXP 	displayPicture: image = 'C:\\Users\\Employee\\Google Drive\\UP\\MyResearch\\TaskProgramming\\AB_pic\\resources\\spear02.jpg'
6.8126 	EXP 	polygon_2: opacity = 1.0
6.8126 	EXP 	polygon_2: fillColor = '[1. 1. 1.] (rgb)'
6.8293 	EXP 	polygon: opacity = 0.0
6.8293 	EXP 	polygon_3: opacity = 0.0
6.8293 	EXP 	displayPicture: image = 'C:\\Users\\Employee\\Google Drive\\UP\\MyResearch\\TaskProgramming\\AB_pic\\resources\\spear02.jpg'
6.8293 	EXP 	polygon_2: opacity = 1.0
6.8293 	EXP 	polygon_2: fillColor = '[1. 1. 1.] (rgb)'
6.8460 	EXP 	polygon: opacity = 0.0
6.8460 	EXP 	polygon_3: opacity = 1.0
6.8460 	EXP 	displayPicture: image = 'C:\\Users\\Employee\\Google Drive\\UP\\MyResearch\\TaskProgramming\\AB_pic\\resources\\flamingo.jpg'
6.8460 	EXP 	polygon_2: opacity = 0.0
6.8460 	EXP 	polygon_2: fillColor = '[1. 1. 1.] (rgb)'
6.8627 	EXP 	polygon: opacity = 0.0
6.8627 	EXP 	polygon_3: opacity = 1.0
6.8627 	EXP 	displayPicture: image = 'C:\\Users\\Employee\\Google Drive\\UP\\MyResearch\\TaskProgramming\\AB_pic\\resources\\flamingo.jpg'
6.8627 	EXP 	polygon_2: opacity = 0.0
6.8627 	EXP 	polygon_2: fillColor = '[1. 1. 1.] (rgb)'
6.8793 	EXP 	polygon: opacity = 0.0
6.8793 	EXP 	polygon_3: opacity = 1.0
6.8793 	EXP 	displayPicture: image = 'C:\\Users\\Employee\\Google Drive\\UP\\MyResearch\\TaskProgramming\\AB_pic\\resources\\flamingo.jpg'
6.8793 	EXP 	polygon_2: opacity = 0.0
6.8793 	EXP 	polygon_2: fillColor = '[1. 1. 1.] (rgb)'
6.8960 	EXP 	polygon: opacity = 0.0
6.8960 	EXP 	polygon_3: opacity = 1.0
6.8960 	EXP 	displayPicture: image = 'C:\\Users\\Employee\\Google Drive\\UP\\MyResearch\\TaskProgramming\\AB_pic\\resources\\flamingo.jpg'
6.8960 	EXP 	polygon_2: opacity = 0.0
6.8960 	EXP 	polygon_2: fillColor = '[1. 1. 1.] (rgb)'
6.9126 	EXP 	polygon: opacity = 0.0
6.9126 	EXP 	polygon_3: opacity = 1.0
6.9126 	EXP 	displayPicture: image = 'C:\\Users\\Employee\\Google Drive\\UP\\MyResearch\\TaskProgramming\\AB_pic\\resources\\flamingo.jpg'
6.9126 	EXP 	polygon_2: opacity = 0.0
6.9126 	EXP 	polygon_2: fillColor = '[1. 1. 1.] (rgb)'
6.9293 	EXP 	polygon: opacity = 0.0
6.9293 	EXP 	polygon_3: opacity = 1.0
6.9293 	EXP 	displayPicture: image = 'C:\\Users\\Employee\\Google Drive\\UP\\MyResearch\\TaskProgramming\\AB_pic\\resources\\flamingo.jpg'
6.9293 	EXP 	polygon_2: opacity = 0.0
6.9293 	EXP 	polygon_2: fillColor = '[1. 1. 1.] (rgb)'
6.9459 	EXP 	polygon: opacity = 0.0
6.9459 	EXP 	polygon_3: opacity = 1.0
6.9459 	EXP 	displayPicture: image = 'C:\\Users\\Employee\\Google Drive\\UP\\MyResearch\\TaskProgramming\\AB_pic\\resources\\flamingo.jpg'
6.9459 	EXP 	polygon_2: opacity = 0.0
6.9459 	EXP 	polygon_2: fillColor = '[1. 1. 1.] (rgb)'
6.9626 	EXP 	polygon: opacity = 0.0
6.9626 	EXP 	polygon_3: opacity = 1.0
6.9626 	EXP 	displayPicture: image = 'C:\\Users\\Employee\\Google Drive\\UP\\MyResearch\\TaskProgramming\\AB_pic\\resources\\flamingo.jpg'
6.9626 	EXP 	polygon_2: opacity = 0.0
6.9626 	EXP 	polygon_2: fillColor = '[1. 1. 1.] (rgb)'
6.9793 	EXP 	polygon: opacity = 0.0
6.9793 	EXP 	polygon_3: opacity = 1.0
6.9793 	EXP 	displayPicture: image = 'C:\\Users\\Employee\\Google Drive\\UP\\MyResearch\\TaskProgramming\\AB_pic\\resources\\flamingo.jpg'
6.9793 	EXP 	polygon_2: opacity = 0.0
6.9793 	EXP 	polygon_2: fillColor = '[1. 1. 1.] (rgb)'
6.9960 	EXP 	polygon: opacity = 0.0
6.9960 	EXP 	polygon_3: opacity = 1.0
6.9960 	EXP 	displayPicture: image = 'C:\\Users\\Employee\\Google Drive\\UP\\MyResearch\\TaskProgramming\\AB_pic\\resources\\flamingo.jpg'
6.9960 	EXP 	polygon_2: opacity = 0.0
6.9960 	EXP 	polygon_2: fillColor = '[1. 1. 1.] (rgb)'
7.0126 	EXP 	polygon: opacity = 0.0
7.0126 	EXP 	polygon_3: opacity = 1.0
7.0126 	EXP 	displayPicture: image = 'C:\\Users\\Employee\\Google Drive\\UP\\MyResearch\\TaskProgramming\\AB_pic\\resources\\flamingo.jpg'
7.0126 	EXP 	polygon_2: opacity = 0.0
7.0126 	EXP 	polygon_2: fillColor = '[1. 1. 1.] (rgb)'
7.0293 	EXP 	polygon: opacity = 0.0
7.0293 	EXP 	polygon_3: opacity = 1.0
7.0293 	EXP 	displayPicture: image = 'C:\\Users\\Employee\\Google Drive\\UP\\MyResearch\\TaskProgramming\\AB_pic\\resources\\flamingo.jpg'
7.0293 	EXP 	polygon_2: opacity = 0.0
7.0293 	EXP 	polygon_2: fillColor = '[1. 1. 1.] (rgb)'
7.0460 	EXP 	polygon: opacity = 0.0
7.0460 	EXP 	polygon_3: opacity = 1.0
7.0460 	EXP 	displayPicture: image = 'C:\\Users\\Employee\\Google Drive\\UP\\MyResearch\\TaskProgramming\\AB_pic\\resources\\flamingo.jpg'
7.0460 	EXP 	polygon_2: opacity = 1.0
7.0460 	EXP 	polygon_2: fillColor = '[1. 1. 1.] (rgb)'
7.0626 	EXP 	polygon: opacity = 0.0
7.0626 	EXP 	polygon_3: opacity = 1.0
7.0626 	EXP 	displayPicture: image = 'C:\\Users\\Employee\\Google Drive\\UP\\MyResearch\\TaskProgramming\\AB_pic\\resources\\flamingo.jpg'
7.0626 	EXP 	polygon_2: opacity = 1.0
7.0626 	EXP 	polygon_2: fillColor = '[1. 1. 1.] (rgb)'
7.0793 	EXP 	polygon: opacity = 0.0
7.0793 	EXP 	polygon_3: opacity = 1.0
7.0793 	EXP 	displayPicture: image = 'C:\\Users\\Employee\\Google Drive\\UP\\MyResearch\\TaskProgramming\\AB_pic\\resources\\flamingo.jpg'
7.0793 	EXP 	polygon_2: opacity = 1.0
7.0793 	EXP 	polygon_2: fillColor = '[1. 1. 1.] (rgb)'
7.0960 	EXP 	polygon: opacity = 0.0
7.0960 	EXP 	polygon_3: opacity = 0.0
7.0960 	EXP 	displayPicture: image = 'C:\\Users\\Employee\\Google Drive\\UP\\MyResearch\\TaskProgramming\\AB_pic\\resources\\blender.jpg'
7.0960 	EXP 	polygon_2: opacity = 0.0
7.0960 	EXP 	polygon_2: fillColor = '[1. 1. 1.] (rgb)'
7.1126 	EXP 	polygon: opacity = 0.0
7.1126 	EXP 	polygon_3: opacity = 0.0
7.1126 	EXP 	displayPicture: image = 'C:\\Users\\Employee\\Google Drive\\UP\\MyResearch\\TaskProgramming\\AB_pic\\resources\\blender.jpg'
7.1126 	EXP 	polygon_2: opacity = 0.0
7.1126 	EXP 	polygon_2: fillColor = '[1. 1. 1.] (rgb)'
7.1293 	EXP 	polygon: opacity = 0.0
7.1293 	EXP 	polygon_3: opacity = 0.0
7.1293 	EXP 	displayPicture: image = 'C:\\Users\\Employee\\Google Drive\\UP\\MyResearch\\TaskProgramming\\AB_pic\\resources\\blender.jpg'
7.1293 	EXP 	polygon_2: opacity = 0.0
7.1293 	EXP 	polygon_2: fillColor = '[1. 1. 1.] (rgb)'
7.1460 	EXP 	polygon: opacity = 0.0
7.1460 	EXP 	polygon_3: opacity = 0.0
7.1460 	EXP 	displayPicture: image = 'C:\\Users\\Employee\\Google Drive\\UP\\MyResearch\\TaskProgramming\\AB_pic\\resources\\blender.jpg'
7.1460 	EXP 	polygon_2: opacity = 0.0
7.1460 	EXP 	polygon_2: fillColor = '[1. 1. 1.] (rgb)'
7.1626 	EXP 	polygon: opacity = 0.0
7.1626 	EXP 	polygon_3: opacity = 0.0
7.1626 	EXP 	displayPicture: image = 'C:\\Users\\Employee\\Google Drive\\UP\\MyResearch\\TaskProgramming\\AB_pic\\resources\\blender.jpg'
7.1626 	EXP 	polygon_2: opacity = 0.0
7.1626 	EXP 	polygon_2: fillColor = '[1. 1. 1.] (rgb)'
7.1793 	EXP 	polygon: opacity = 0.0
7.1793 	EXP 	polygon_3: opacity = 0.0
7.1793 	EXP 	displayPicture: image = 'C:\\Users\\Employee\\Google Drive\\UP\\MyResearch\\TaskProgramming\\AB_pic\\resources\\blender.jpg'
7.1793 	EXP 	polygon_2: opacity = 0.0
7.1793 	EXP 	polygon_2: fillColor = '[1. 1. 1.] (rgb)'
7.1960 	EXP 	polygon: opacity = 0.0
7.1960 	EXP 	polygon_3: opacity = 0.0
7.1960 	EXP 	displayPicture: image = 'C:\\Users\\Employee\\Google Drive\\UP\\MyResearch\\TaskProgramming\\AB_pic\\resources\\blender.jpg'
7.1960 	EXP 	polygon_2: opacity = 0.0
7.1960 	EXP 	polygon_2: fillColor = '[1. 1. 1.] (rgb)'
7.2126 	EXP 	polygon: opacity = 0.0
7.2126 	EXP 	polygon_3: opacity = 0.0
7.2126 	EXP 	displayPicture: image = 'C:\\Users\\Employee\\Google Drive\\UP\\MyResearch\\TaskProgramming\\AB_pic\\resources\\blender.jpg'
7.2126 	EXP 	polygon_2: opacity = 0.0
7.2126 	EXP 	polygon_2: fillColor = '[1. 1. 1.] (rgb)'
7.2293 	EXP 	polygon: opacity = 0.0
7.2293 	EXP 	polygon_3: opacity = 0.0
7.2293 	EXP 	displayPicture: image = 'C:\\Users\\Employee\\Google Drive\\UP\\MyResearch\\TaskProgramming\\AB_pic\\resources\\blender.jpg'
7.2293 	EXP 	polygon_2: opacity = 0.0
7.2293 	EXP 	polygon_2: fillColor = '[1. 1. 1.] (rgb)'
7.2459 	EXP 	polygon: opacity = 0.0
7.2459 	EXP 	polygon_3: opacity = 0.0
7.2459 	EXP 	displayPicture: image = 'C:\\Users\\Employee\\Google Drive\\UP\\MyResearch\\TaskProgramming\\AB_pic\\resources\\blender.jpg'
7.2459 	EXP 	polygon_2: opacity = 0.0
7.2459 	EXP 	polygon_2: fillColor = '[1. 1. 1.] (rgb)'
7.2626 	EXP 	polygon: opacity = 0.0
7.2626 	EXP 	polygon_3: opacity = 0.0
7.2626 	EXP 	displayPicture: image = 'C:\\Users\\Employee\\Google Drive\\UP\\MyResearch\\TaskProgramming\\AB_pic\\resources\\blender.jpg'
7.2626 	EXP 	polygon_2: opacity = 0.0
7.2626 	EXP 	polygon_2: fillColor = '[1. 1. 1.] (rgb)'
7.2793 	EXP 	polygon: opacity = 0.0
7.2793 	EXP 	polygon_3: opacity = 0.0
7.2793 	EXP 	displayPicture: image = 'C:\\Users\\Employee\\Google Drive\\UP\\MyResearch\\TaskProgramming\\AB_pic\\resources\\blender.jpg'
7.2793 	EXP 	polygon_2: opacity = 0.0
7.2793 	EXP 	polygon_2: fillColor = '[1. 1. 1.] (rgb)'
7.2959 	EXP 	polygon: opacity = 0.0
7.2959 	EXP 	polygon_3: opacity = 0.0
7.2959 	EXP 	displayPicture: image = 'C:\\Users\\Employee\\Google Drive\\UP\\MyResearch\\TaskProgramming\\AB_pic\\resources\\blender.jpg'
7.2959 	EXP 	polygon_2: opacity = 1.0
7.2959 	EXP 	polygon_2: fillColor = '[1. 1. 1.] (rgb)'
7.3126 	EXP 	polygon: opacity = 0.0
7.3126 	EXP 	polygon_3: opacity = 0.0
7.3126 	EXP 	displayPicture: image = 'C:\\Users\\Employee\\Google Drive\\UP\\MyResearch\\TaskProgramming\\AB_pic\\resources\\blender.jpg'
7.3126 	EXP 	polygon_2: opacity = 1.0
7.3126 	EXP 	polygon_2: fillColor = '[1. 1. 1.] (rgb)'
7.3293 	EXP 	polygon: opacity = 0.0
7.3293 	EXP 	polygon_3: opacity = 0.0
7.3293 	EXP 	displayPicture: image = 'C:\\Users\\Employee\\Google Drive\\UP\\MyResearch\\TaskProgramming\\AB_pic\\resources\\blender.jpg'
7.3293 	EXP 	polygon_2: opacity = 1.0
7.3293 	EXP 	polygon_2: fillColor = '[1. 1. 1.] (rgb)'
7.3459 	EXP 	polygon: opacity = 0.0
7.3459 	EXP 	polygon_3: opacity = 0.0
7.3459 	EXP 	displayPicture: image = 'C:\\Users\\Employee\\Google Drive\\UP\\MyResearch\\TaskProgramming\\AB_pic\\resources\\chimney.jpg'
7.3459 	EXP 	polygon_2: opacity = 0.0
7.3459 	EXP 	polygon_2: fillColor = '[1. 1. 1.] (rgb)'
7.3626 	EXP 	polygon: opacity = 0.0
7.3626 	EXP 	polygon_3: opacity = 0.0
7.3626 	EXP 	displayPicture: image = 'C:\\Users\\Employee\\Google Drive\\UP\\MyResearch\\TaskProgramming\\AB_pic\\resources\\chimney.jpg'
7.3626 	EXP 	polygon_2: opacity = 0.0
7.3626 	EXP 	polygon_2: fillColor = '[1. 1. 1.] (rgb)'
7.3793 	EXP 	polygon: opacity = 0.0
7.3793 	EXP 	polygon_3: opacity = 0.0
7.3793 	EXP 	displayPicture: image = 'C:\\Users\\Employee\\Google Drive\\UP\\MyResearch\\TaskProgramming\\AB_pic\\resources\\chimney.jpg'
7.3793 	EXP 	polygon_2: opacity = 0.0
7.3793 	EXP 	polygon_2: fillColor = '[1. 1. 1.] (rgb)'
7.3959 	EXP 	polygon: opacity = 0.0
7.3959 	EXP 	polygon_3: opacity = 0.0
7.3959 	EXP 	displayPicture: image = 'C:\\Users\\Employee\\Google Drive\\UP\\MyResearch\\TaskProgramming\\AB_pic\\resources\\chimney.jpg'
7.3959 	EXP 	polygon_2: opacity = 0.0
7.3959 	EXP 	polygon_2: fillColor = '[1. 1. 1.] (rgb)'
7.4126 	EXP 	polygon: opacity = 0.0
7.4126 	EXP 	polygon_3: opacity = 0.0
7.4126 	EXP 	displayPicture: image = 'C:\\Users\\Employee\\Google Drive\\UP\\MyResearch\\TaskProgramming\\AB_pic\\resources\\chimney.jpg'
7.4126 	EXP 	polygon_2: opacity = 0.0
7.4126 	EXP 	polygon_2: fillColor = '[1. 1. 1.] (rgb)'
7.4293 	EXP 	polygon: opacity = 0.0
7.4293 	EXP 	polygon_3: opacity = 0.0
7.4293 	EXP 	displayPicture: image = 'C:\\Users\\Employee\\Google Drive\\UP\\MyResearch\\TaskProgramming\\AB_pic\\resources\\chimney.jpg'
7.4293 	EXP 	polygon_2: opacity = 0.0
7.4293 	EXP 	polygon_2: fillColor = '[1. 1. 1.] (rgb)'
7.4459 	EXP 	polygon: opacity = 0.0
7.4459 	EXP 	polygon_3: opacity = 0.0
7.4459 	EXP 	displayPicture: image = 'C:\\Users\\Employee\\Google Drive\\UP\\MyResearch\\TaskProgramming\\AB_pic\\resources\\chimney.jpg'
7.4459 	EXP 	polygon_2: opacity = 0.0
7.4459 	EXP 	polygon_2: fillColor = '[1. 1. 1.] (rgb)'
7.4626 	EXP 	polygon: opacity = 0.0
7.4626 	EXP 	polygon_3: opacity = 0.0
7.4626 	EXP 	displayPicture: image = 'C:\\Users\\Employee\\Google Drive\\UP\\MyResearch\\TaskProgramming\\AB_pic\\resources\\chimney.jpg'
7.4626 	EXP 	polygon_2: opacity = 0.0
7.4626 	EXP 	polygon_2: fillColor = '[1. 1. 1.] (rgb)'
7.4793 	EXP 	polygon: opacity = 0.0
7.4793 	EXP 	polygon_3: opacity = 0.0
7.4793 	EXP 	displayPicture: image = 'C:\\Users\\Employee\\Google Drive\\UP\\MyResearch\\TaskProgramming\\AB_pic\\resources\\chimney.jpg'
7.4793 	EXP 	polygon_2: opacity = 0.0
7.4793 	EXP 	polygon_2: fillColor = '[1. 1. 1.] (rgb)'
7.4959 	EXP 	polygon: opacity = 0.0
7.4959 	EXP 	polygon_3: opacity = 0.0
7.4959 	EXP 	displayPicture: image = 'C:\\Users\\Employee\\Google Drive\\UP\\MyResearch\\TaskProgramming\\AB_pic\\resources\\chimney.jpg'
7.4959 	EXP 	polygon_2: opacity = 0.0
7.4959 	EXP 	polygon_2: fillColor = '[1. 1. 1.] (rgb)'
7.5126 	EXP 	polygon: opacity = 0.0
7.5126 	EXP 	polygon_3: opacity = 0.0
7.5126 	EXP 	displayPicture: image = 'C:\\Users\\Employee\\Google Drive\\UP\\MyResearch\\TaskProgramming\\AB_pic\\resources\\chimney.jpg'
7.5126 	EXP 	polygon_2: opacity = 0.0
7.5126 	EXP 	polygon_2: fillColor = '[1. 1. 1.] (rgb)'
7.5293 	EXP 	polygon: opacity = 0.0
7.5293 	EXP 	polygon_3: opacity = 0.0
7.5293 	EXP 	displayPicture: image = 'C:\\Users\\Employee\\Google Drive\\UP\\MyResearch\\TaskProgramming\\AB_pic\\resources\\chimney.jpg'
7.5293 	EXP 	polygon_2: opacity = 0.0
7.5293 	EXP 	polygon_2: fillColor = '[1. 1. 1.] (rgb)'
7.5459 	EXP 	polygon: opacity = 0.0
7.5459 	EXP 	polygon_3: opacity = 0.0
7.5459 	EXP 	displayPicture: image = 'C:\\Users\\Employee\\Google Drive\\UP\\MyResearch\\TaskProgramming\\AB_pic\\resources\\chimney.jpg'
7.5459 	EXP 	polygon_2: opacity = 1.0
7.5459 	EXP 	polygon_2: fillColor = '[1. 1. 1.] (rgb)'
7.5626 	EXP 	polygon: opacity = 0.0
7.5626 	EXP 	polygon_3: opacity = 0.0
7.5626 	EXP 	displayPicture: image = 'C:\\Users\\Employee\\Google Drive\\UP\\MyResearch\\TaskProgramming\\AB_pic\\resources\\chimney.jpg'
7.5626 	EXP 	polygon_2: opacity = 1.0
7.5626 	EXP 	polygon_2: fillColor = '[1. 1. 1.] (rgb)'
7.5793 	EXP 	polygon: opacity = 0.0
7.5793 	EXP 	polygon_3: opacity = 0.0
7.5793 	EXP 	displayPicture: image = 'C:\\Users\\Employee\\Google Drive\\UP\\MyResearch\\TaskProgramming\\AB_pic\\resources\\chimney.jpg'
7.5793 	EXP 	polygon_2: opacity = 1.0
7.5793 	EXP 	polygon_2: fillColor = '[1. 1. 1.] (rgb)'
7.5959 	EXP 	polygon: opacity = 0.0
7.5959 	EXP 	polygon_3: opacity = 0.0
7.5959 	EXP 	displayPicture: image = 'C:\\Users\\Employee\\Google Drive\\UP\\MyResearch\\TaskProgramming\\AB_pic\\resources\\christmastree.jpg'
7.5959 	EXP 	polygon_2: opacity = 0.0
7.5959 	EXP 	polygon_2: fillColor = '[1. 1. 1.] (rgb)'
7.6126 	EXP 	polygon: opacity = 0.0
7.6126 	EXP 	polygon_3: opacity = 0.0
7.6126 	EXP 	displayPicture: image = 'C:\\Users\\Employee\\Google Drive\\UP\\MyResearch\\TaskProgramming\\AB_pic\\resources\\christmastree.jpg'
7.6126 	EXP 	polygon_2: opacity = 0.0
7.6126 	EXP 	polygon_2: fillColor = '[1. 1. 1.] (rgb)'
7.6293 	EXP 	polygon: opacity = 0.0
7.6293 	EXP 	polygon_3: opacity = 0.0
7.6293 	EXP 	displayPicture: image = 'C:\\Users\\Employee\\Google Drive\\UP\\MyResearch\\TaskProgramming\\AB_pic\\resources\\christmastree.jpg'
7.6293 	EXP 	polygon_2: opacity = 0.0
7.6293 	EXP 	polygon_2: fillColor = '[1. 1. 1.] (rgb)'
7.6459 	EXP 	polygon: opacity = 0.0
7.6459 	EXP 	polygon_3: opacity = 0.0
7.6459 	EXP 	displayPicture: image = 'C:\\Users\\Employee\\Google Drive\\UP\\MyResearch\\TaskProgramming\\AB_pic\\resources\\christmastree.jpg'
7.6459 	EXP 	polygon_2: opacity = 0.0
7.6459 	EXP 	polygon_2: fillColor = '[1. 1. 1.] (rgb)'
7.6626 	EXP 	polygon: opacity = 0.0
7.6626 	EXP 	polygon_3: opacity = 0.0
7.6626 	EXP 	displayPicture: image = 'C:\\Users\\Employee\\Google Drive\\UP\\MyResearch\\TaskProgramming\\AB_pic\\resources\\christmastree.jpg'
7.6626 	EXP 	polygon_2: opacity = 0.0
7.6626 	EXP 	polygon_2: fillColor = '[1. 1. 1.] (rgb)'
7.6792 	EXP 	polygon: opacity = 0.0
7.6792 	EXP 	polygon_3: opacity = 0.0
7.6792 	EXP 	displayPicture: image = 'C:\\Users\\Employee\\Google Drive\\UP\\MyResearch\\TaskProgramming\\AB_pic\\resources\\christmastree.jpg'
7.6792 	EXP 	polygon_2: opacity = 0.0
7.6792 	EXP 	polygon_2: fillColor = '[1. 1. 1.] (rgb)'
7.6959 	EXP 	polygon: opacity = 0.0
7.6959 	EXP 	polygon_3: opacity = 0.0
7.6959 	EXP 	displayPicture: image = 'C:\\Users\\Employee\\Google Drive\\UP\\MyResearch\\TaskProgramming\\AB_pic\\resources\\christmastree.jpg'
7.6959 	EXP 	polygon_2: opacity = 0.0
7.6959 	EXP 	polygon_2: fillColor = '[1. 1. 1.] (rgb)'
7.7126 	EXP 	polygon: opacity = 0.0
7.7126 	EXP 	polygon_3: opacity = 0.0
7.7126 	EXP 	displayPicture: image = 'C:\\Users\\Employee\\Google Drive\\UP\\MyResearch\\TaskProgramming\\AB_pic\\resources\\christmastree.jpg'
7.7126 	EXP 	polygon_2: opacity = 0.0
7.7126 	EXP 	polygon_2: fillColor = '[1. 1. 1.] (rgb)'
7.7293 	EXP 	polygon: opacity = 0.0
7.7293 	EXP 	polygon_3: opacity = 0.0
7.7293 	EXP 	displayPicture: image = 'C:\\Users\\Employee\\Google Drive\\UP\\MyResearch\\TaskProgramming\\AB_pic\\resources\\christmastree.jpg'
7.7293 	EXP 	polygon_2: opacity = 0.0
7.7293 	EXP 	polygon_2: fillColor = '[1. 1. 1.] (rgb)'
7.7459 	EXP 	polygon: opacity = 0.0
7.7459 	EXP 	polygon_3: opacity = 0.0
7.7459 	EXP 	displayPicture: image = 'C:\\Users\\Employee\\Google Drive\\UP\\MyResearch\\TaskProgramming\\AB_pic\\resources\\christmastree.jpg'
7.7459 	EXP 	polygon_2: opacity = 0.0
7.7459 	EXP 	polygon_2: fillColor = '[1. 1. 1.] (rgb)'
7.7626 	EXP 	polygon: opacity = 0.0
7.7626 	EXP 	polygon_3: opacity = 0.0
7.7626 	EXP 	displayPicture: image = 'C:\\Users\\Employee\\Google Drive\\UP\\MyResearch\\TaskProgramming\\AB_pic\\resources\\christmastree.jpg'
7.7626 	EXP 	polygon_2: opacity = 0.0
7.7626 	EXP 	polygon_2: fillColor = '[1. 1. 1.] (rgb)'
7.7792 	EXP 	polygon: opacity = 0.0
7.7792 	EXP 	polygon_3: opacity = 0.0
7.7792 	EXP 	displayPicture: image = 'C:\\Users\\Employee\\Google Drive\\UP\\MyResearch\\TaskProgramming\\AB_pic\\resources\\christmastree.jpg'
7.7792 	EXP 	polygon_2: opacity = 0.0
7.7792 	EXP 	polygon_2: fillColor = '[1. 1. 1.] (rgb)'
7.7959 	EXP 	polygon: opacity = 0.0
7.7959 	EXP 	polygon_3: opacity = 0.0
7.7959 	EXP 	displayPicture: image = 'C:\\Users\\Employee\\Google Drive\\UP\\MyResearch\\TaskProgramming\\AB_pic\\resources\\christmastree.jpg'
7.7959 	EXP 	polygon_2: opacity = 1.0
7.7959 	EXP 	polygon_2: fillColor = '[1. 1. 1.] (rgb)'
7.8126 	EXP 	polygon: opacity = 0.0
7.8126 	EXP 	polygon_3: opacity = 0.0
7.8126 	EXP 	displayPicture: image = 'C:\\Users\\Employee\\Google Drive\\UP\\MyResearch\\TaskProgramming\\AB_pic\\resources\\christmastree.jpg'
7.8126 	EXP 	polygon_2: opacity = 1.0
7.8126 	EXP 	polygon_2: fillColor = '[1. 1. 1.] (rgb)'
7.8292 	EXP 	polygon: opacity = 0.0
7.8292 	EXP 	polygon_3: opacity = 0.0
7.8292 	EXP 	displayPicture: image = 'C:\\Users\\Employee\\Google Drive\\UP\\MyResearch\\TaskProgramming\\AB_pic\\resources\\christmastree.jpg'
7.8292 	EXP 	polygon_2: opacity = 1.0
7.8292 	EXP 	polygon_2: fillColor = '[1. 1. 1.] (rgb)'
7.8626 	EXP 	polygon: opacity = 0.0
7.8626 	EXP 	polygon_3: opacity = 0.0
7.8626 	EXP 	displayPicture: image = 'C:\\Users\\Employee\\Google Drive\\UP\\MyResearch\\TaskProgramming\\AB_pic\\resources\\christmastree.jpg'
7.8626 	EXP 	polygon_2: opacity = 0.0
7.8626 	EXP 	polygon_2: fillColor = '[1. 1. 1.] (rgb)'
7.8626 	EXP 	polygon: autoDraw = False
7.8626 	EXP 	polygon_3: autoDraw = False
7.8626 	EXP 	displayPicture: autoDraw = False
7.8626 	EXP 	polygon_2: autoDraw = False
7.8626 	EXP 	option4_t1: image = 'C:\\Users\\Employee\\Google Drive\\UP\\MyResearch\\TaskProgramming\\AB_pic\\resources\\flamingo.jpg'
7.8626 	EXP 	option1_t1: image = 'C:\\Users\\Employee\\Google Drive\\UP\\MyResearch\\TaskProgramming\\AB_pic\\resources\\kneepad01c.jpg'
7.8626 	EXP 	option2_t1: image = 'C:\\Users\\Employee\\Google Drive\\UP\\MyResearch\\TaskProgramming\\AB_pic\\resources\\kangaroo.jpg'
7.8626 	EXP 	option3_t1: image = 'C:\\Users\\Employee\\Google Drive\\UP\\MyResearch\\TaskProgramming\\AB_pic\\resources\\cow.jpg'
7.8626 	EXP 	option4_t1: autoDraw = True
7.8626 	EXP 	option1_t1: autoDraw = True
7.8626 	EXP 	option2_t1: autoDraw = True
7.8626 	EXP 	option3_t1: autoDraw = True
9.0160 	DATA 	Keypress: up
9.0291 	EXP 	option4_t1: autoDraw = False
9.0291 	EXP 	option1_t1: autoDraw = False
9.0291 	EXP 	option2_t1: autoDraw = False
9.0291 	EXP 	option3_t1: autoDraw = False
9.0291 	EXP 	option1_t2: image = 'C:\\Users\\Employee\\Google Drive\\UP\\MyResearch\\TaskProgramming\\AB_pic\\resources\\kangaroo.jpg'
9.0291 	EXP 	option2_t2: image = 'C:\\Users\\Employee\\Google Drive\\UP\\MyResearch\\TaskProgramming\\AB_pic\\resources\\flamingo.jpg'
9.0291 	EXP 	option1_t2: autoDraw = True
9.0291 	EXP 	option2_t2: autoDraw = True
9.9038 	EXP 	New trial (rep=0, index=1): OrderedDict([('trialType', 'AB'), ('cndTyp', 'lag4'), ('lag', 4), ('T1_loc', 4), ('T2_loc', 8), ('stimLen', 0.2), ('isi', 0.05)])
9.9104 	DATA 	Keypress: left
9.9291 	EXP 	option1_t2: autoDraw = False
9.9291 	EXP 	option2_t2: autoDraw = False
9.9291 	EXP 	text: text = ''
9.9291 	EXP 	text: autoDraw = True
9.9291 	EXP 	text: autoDraw = False
9.9291 	EXP 	polygon: autoDraw = True
9.9291 	EXP 	polygon: opacity = 0.0
9.9291 	EXP 	polygon_3: autoDraw = True
9.9291 	EXP 	polygon_3: opacity = 0.0
9.9291 	EXP 	displayPicture: autoDraw = True
9.9291 	EXP 	displayPicture: image = 'C:\\Users\\Employee\\Google Drive\\UP\\MyResearch\\TaskProgramming\\AB_pic\\resources\\makiroll.jpg'
9.9291 	EXP 	polygon_2: autoDraw = True
9.9291 	EXP 	polygon_2: opacity = 0.0
9.9291 	EXP 	polygon_2: fillColor = '[1. 1. 1.] (rgb)'
9.9458 	EXP 	polygon: opacity = 0.0
9.9458 	EXP 	polygon_3: opacity = 0.0
9.9458 	EXP 	displayPicture: image = 'C:\\Users\\Employee\\Google Drive\\UP\\MyResearch\\TaskProgramming\\AB_pic\\resources\\makiroll.jpg'
9.9458 	EXP 	polygon_2: opacity = 0.0
9.9458 	EXP 	polygon_2: fillColor = '[1. 1. 1.] (rgb)'
9.9624 	EXP 	polygon: opacity = 0.0
9.9624 	EXP 	polygon_3: opacity = 0.0
9.9624 	EXP 	displayPicture: image = 'C:\\Users\\Employee\\Google Drive\\UP\\MyResearch\\TaskProgramming\\AB_pic\\resources\\makiroll.jpg'
9.9624 	EXP 	polygon_2: opacity = 0.0
9.9624 	EXP 	polygon_2: fillColor = '[1. 1. 1.] (rgb)'
9.9791 	EXP 	polygon: opacity = 0.0
9.9791 	EXP 	polygon_3: opacity = 0.0
9.9791 	EXP 	displayPicture: image = 'C:\\Users\\Employee\\Google Drive\\UP\\MyResearch\\TaskProgramming\\AB_pic\\resources\\makiroll.jpg'
9.9791 	EXP 	polygon_2: opacity = 0.0
9.9791 	EXP 	polygon_2: fillColor = '[1. 1. 1.] (rgb)'
9.9957 	EXP 	polygon: opacity = 0.0
9.9957 	EXP 	polygon_3: opacity = 0.0
9.9957 	EXP 	displayPicture: image = 'C:\\Users\\Employee\\Google Drive\\UP\\MyResearch\\TaskProgramming\\AB_pic\\resources\\makiroll.jpg'
9.9957 	EXP 	polygon_2: opacity = 0.0
9.9957 	EXP 	polygon_2: fillColor = '[1. 1. 1.] (rgb)'
10.0125 	EXP 	polygon: opacity = 0.0
10.0125 	EXP 	polygon_3: opacity = 0.0
10.0125 	EXP 	displayPicture: image = 'C:\\Users\\Employee\\Google Drive\\UP\\MyResearch\\TaskProgramming\\AB_pic\\resources\\makiroll.jpg'
10.0125 	EXP 	polygon_2: opacity = 0.0
10.0125 	EXP 	polygon_2: fillColor = '[1. 1. 1.] (rgb)'
10.0291 	EXP 	polygon: opacity = 0.0
10.0291 	EXP 	polygon_3: opacity = 0.0
10.0291 	EXP 	displayPicture: image = 'C:\\Users\\Employee\\Google Drive\\UP\\MyResearch\\TaskProgramming\\AB_pic\\resources\\makiroll.jpg'
10.0291 	EXP 	polygon_2: opacity = 0.0
10.0291 	EXP 	polygon_2: fillColor = '[1. 1. 1.] (rgb)'
10.0458 	EXP 	polygon: opacity = 0.0
10.0458 	EXP 	polygon_3: opacity = 0.0
10.0458 	EXP 	displayPicture: image = 'C:\\Users\\Employee\\Google Drive\\UP\\MyResearch\\TaskProgramming\\AB_pic\\resources\\makiroll.jpg'
10.0458 	EXP 	polygon_2: opacity = 0.0
10.0458 	EXP 	polygon_2: fillColor = '[1. 1. 1.] (rgb)'
10.0624 	EXP 	polygon: opacity = 0.0
10.0624 	EXP 	polygon_3: opacity = 0.0
10.0624 	EXP 	displayPicture: image = 'C:\\Users\\Employee\\Google Drive\\UP\\MyResearch\\TaskProgramming\\AB_pic\\resources\\makiroll.jpg'
10.0624 	EXP 	polygon_2: opacity = 0.0
10.0624 	EXP 	polygon_2: fillColor = '[1. 1. 1.] (rgb)'
10.0791 	EXP 	polygon: opacity = 0.0
10.0791 	EXP 	polygon_3: opacity = 0.0
10.0791 	EXP 	displayPicture: image = 'C:\\Users\\Employee\\Google Drive\\UP\\MyResearch\\TaskProgramming\\AB_pic\\resources\\makiroll.jpg'
10.0791 	EXP 	polygon_2: opacity = 0.0
10.0791 	EXP 	polygon_2: fillColor = '[1. 1. 1.] (rgb)'
10.0957 	EXP 	polygon: opacity = 0.0
10.0957 	EXP 	polygon_3: opacity = 0.0
10.0957 	EXP 	displayPicture: image = 'C:\\Users\\Employee\\Google Drive\\UP\\MyResearch\\TaskProgramming\\AB_pic\\resources\\makiroll.jpg'
10.0957 	EXP 	polygon_2: opacity = 0.0
10.0957 	EXP 	polygon_2: fillColor = '[1. 1. 1.] (rgb)'
10.1124 	EXP 	polygon: opacity = 0.0
10.1124 	EXP 	polygon_3: opacity = 0.0
10.1124 	EXP 	displayPicture: image = 'C:\\Users\\Employee\\Google Drive\\UP\\MyResearch\\TaskProgramming\\AB_pic\\resources\\makiroll.jpg'
10.1124 	EXP 	polygon_2: opacity = 0.0
10.1124 	EXP 	polygon_2: fillColor = '[1. 1. 1.] (rgb)'
10.1291 	EXP 	polygon: opacity = 0.0
10.1291 	EXP 	polygon_3: opacity = 0.0
10.1291 	EXP 	displayPicture: image = 'C:\\Users\\Employee\\Google Drive\\UP\\MyResearch\\TaskProgramming\\AB_pic\\resources\\makiroll.jpg'
10.1291 	EXP 	polygon_2: opacity = 1.0
10.1291 	EXP 	polygon_2: fillColor = '[1. 1. 1.] (rgb)'
10.1457 	EXP 	polygon: opacity = 0.0
10.1457 	EXP 	polygon_3: opacity = 0.0
10.1457 	EXP 	displayPicture: image = 'C:\\Users\\Employee\\Google Drive\\UP\\MyResearch\\TaskProgramming\\AB_pic\\resources\\makiroll.jpg'
10.1457 	EXP 	polygon_2: opacity = 1.0
10.1457 	EXP 	polygon_2: fillColor = '[1. 1. 1.] (rgb)'
10.1625 	EXP 	polygon: opacity = 0.0
10.1625 	EXP 	polygon_3: opacity = 0.0
10.1625 	EXP 	displayPicture: image = 'C:\\Users\\Employee\\Google Drive\\UP\\MyResearch\\TaskProgramming\\AB_pic\\resources\\makiroll.jpg'
10.1625 	EXP 	polygon_2: opacity = 1.0
10.1625 	EXP 	polygon_2: fillColor = '[1. 1. 1.] (rgb)'
10.1791 	EXP 	polygon: opacity = 0.0
10.1791 	EXP 	polygon_3: opacity = 0.0
10.1791 	EXP 	displayPicture: image = 'C:\\Users\\Employee\\Google Drive\\UP\\MyResearch\\TaskProgramming\\AB_pic\\resources\\pingpongtable.jpg'
10.1791 	EXP 	polygon_2: opacity = 0.0
10.1791 	EXP 	polygon_2: fillColor = '[1. 1. 1.] (rgb)'
10.1957 	EXP 	polygon: opacity = 0.0
10.1957 	EXP 	polygon_3: opacity = 0.0
10.1957 	EXP 	displayPicture: image = 'C:\\Users\\Employee\\Google Drive\\UP\\MyResearch\\TaskProgramming\\AB_pic\\resources\\pingpongtable.jpg'
10.1957 	EXP 	polygon_2: opacity = 0.0
10.1957 	EXP 	polygon_2: fillColor = '[1. 1. 1.] (rgb)'
10.2124 	EXP 	polygon: opacity = 0.0
10.2124 	EXP 	polygon_3: opacity = 0.0
10.2124 	EXP 	displayPicture: image = 'C:\\Users\\Employee\\Google Drive\\UP\\MyResearch\\TaskProgramming\\AB_pic\\resources\\pingpongtable.jpg'
10.2124 	EXP 	polygon_2: opacity = 0.0
10.2124 	EXP 	polygon_2: fillColor = '[1. 1. 1.] (rgb)'
10.2291 	EXP 	polygon: opacity = 0.0
10.2291 	EXP 	polygon_3: opacity = 0.0
10.2291 	EXP 	displayPicture: image = 'C:\\Users\\Employee\\Google Drive\\UP\\MyResearch\\TaskProgramming\\AB_pic\\resources\\pingpongtable.jpg'
10.2291 	EXP 	polygon_2: opacity = 0.0
10.2291 	EXP 	polygon_2: fillColor = '[1. 1. 1.] (rgb)'
10.2457 	EXP 	polygon: opacity = 0.0
10.2457 	EXP 	polygon_3: opacity = 0.0
10.2457 	EXP 	displayPicture: image = 'C:\\Users\\Employee\\Google Drive\\UP\\MyResearch\\TaskProgramming\\AB_pic\\resources\\pingpongtable.jpg'
10.2457 	EXP 	polygon_2: opacity = 0.0
10.2457 	EXP 	polygon_2: fillColor = '[1. 1. 1.] (rgb)'
10.2624 	EXP 	polygon: opacity = 0.0
10.2624 	EXP 	polygon_3: opacity = 0.0
10.2624 	EXP 	displayPicture: image = 'C:\\Users\\Employee\\Google Drive\\UP\\MyResearch\\TaskProgramming\\AB_pic\\resources\\pingpongtable.jpg'
10.2624 	EXP 	polygon_2: opacity = 0.0
10.2624 	EXP 	polygon_2: fillColor = '[1. 1. 1.] (rgb)'
10.2791 	EXP 	polygon: opacity = 0.0
10.2791 	EXP 	polygon_3: opacity = 0.0
10.2791 	EXP 	displayPicture: image = 'C:\\Users\\Employee\\Google Drive\\UP\\MyResearch\\TaskProgramming\\AB_pic\\resources\\pingpongtable.jpg'
10.2791 	EXP 	polygon_2: opacity = 0.0
10.2791 	EXP 	polygon_2: fillColor = '[1. 1. 1.] (rgb)'
10.2957 	EXP 	polygon: opacity = 0.0
10.2957 	EXP 	polygon_3: opacity = 0.0
10.2957 	EXP 	displayPicture: image = 'C:\\Users\\Employee\\Google Drive\\UP\\MyResearch\\TaskProgramming\\AB_pic\\resources\\pingpongtable.jpg'
10.2957 	EXP 	polygon_2: opacity = 0.0
10.2957 	EXP 	polygon_2: fillColor = '[1. 1. 1.] (rgb)'
10.3124 	EXP 	polygon: opacity = 0.0
10.3124 	EXP 	polygon_3: opacity = 0.0
10.3124 	EXP 	displayPicture: image = 'C:\\Users\\Employee\\Google Drive\\UP\\MyResearch\\TaskProgramming\\AB_pic\\resources\\pingpongtable.jpg'
10.3124 	EXP 	polygon_2: opacity = 0.0
10.3124 	EXP 	polygon_2: fillColor = '[1. 1. 1.] (rgb)'
10.3291 	EXP 	polygon: opacity = 0.0
10.3291 	EXP 	polygon_3: opacity = 0.0
10.3291 	EXP 	displayPicture: image = 'C:\\Users\\Employee\\Google Drive\\UP\\MyResearch\\TaskProgramming\\AB_pic\\resources\\pingpongtable.jpg'
10.3291 	EXP 	polygon_2: opacity = 0.0
10.3291 	EXP 	polygon_2: fillColor = '[1. 1. 1.] (rgb)'
10.3457 	EXP 	polygon: opacity = 0.0
10.3457 	EXP 	polygon_3: opacity = 0.0
10.3457 	EXP 	displayPicture: image = 'C:\\Users\\Employee\\Google Drive\\UP\\MyResearch\\TaskProgramming\\AB_pic\\resources\\pingpongtable.jpg'
10.3457 	EXP 	polygon_2: opacity = 0.0
10.3457 	EXP 	polygon_2: fillColor = '[1. 1. 1.] (rgb)'
10.3624 	EXP 	polygon: opacity = 0.0
10.3624 	EXP 	polygon_3: opacity = 0.0
10.3624 	EXP 	displayPicture: image = 'C:\\Users\\Employee\\Google Drive\\UP\\MyResearch\\TaskProgramming\\AB_pic\\resources\\pingpongtable.jpg'
10.3624 	EXP 	polygon_2: opacity = 0.0
10.3624 	EXP 	polygon_2: fillColor = '[1. 1. 1.] (rgb)'
10.3791 	EXP 	polygon: opacity = 0.0
10.3791 	EXP 	polygon_3: opacity = 0.0
10.3791 	EXP 	displayPicture: image = 'C:\\Users\\Employee\\Google Drive\\UP\\MyResearch\\TaskProgramming\\AB_pic\\resources\\pingpongtable.jpg'
10.3791 	EXP 	polygon_2: opacity = 1.0
10.3791 	EXP 	polygon_2: fillColor = '[1. 1. 1.] (rgb)'
10.3957 	EXP 	polygon: opacity = 0.0
10.3957 	EXP 	polygon_3: opacity = 0.0
10.3957 	EXP 	displayPicture: image = 'C:\\Users\\Employee\\Google Drive\\UP\\MyResearch\\TaskProgramming\\AB_pic\\resources\\pingpongtable.jpg'
10.3957 	EXP 	polygon_2: opacity = 1.0
10.3957 	EXP 	polygon_2: fillColor = '[1. 1. 1.] (rgb)'
10.4124 	EXP 	polygon: opacity = 0.0
10.4124 	EXP 	polygon_3: opacity = 0.0
10.4124 	EXP 	displayPicture: image = 'C:\\Users\\Employee\\Google Drive\\UP\\MyResearch\\TaskProgramming\\AB_pic\\resources\\pingpongtable.jpg'
10.4124 	EXP 	polygon_2: opacity = 1.0
10.4124 	EXP 	polygon_2: fillColor = '[1. 1. 1.] (rgb)'
10.4291 	EXP 	polygon: opacity = 0.0
10.4291 	EXP 	polygon_3: opacity = 0.0
10.4291 	EXP 	displayPicture: image = 'C:\\Users\\Employee\\Google Drive\\UP\\MyResearch\\TaskProgramming\\AB_pic\\resources\\wheelchair.jpg'
10.4291 	EXP 	polygon_2: opacity = 0.0
10.4291 	EXP 	polygon_2: fillColor = '[1. 1. 1.] (rgb)'
10.4457 	EXP 	polygon: opacity = 0.0
10.4457 	EXP 	polygon_3: opacity = 0.0
10.4457 	EXP 	displayPicture: image = 'C:\\Users\\Employee\\Google Drive\\UP\\MyResearch\\TaskProgramming\\AB_pic\\resources\\wheelchair.jpg'
10.4457 	EXP 	polygon_2: opacity = 0.0
10.4457 	EXP 	polygon_2: fillColor = '[1. 1. 1.] (rgb)'
10.4624 	EXP 	polygon: opacity = 0.0
10.4624 	EXP 	polygon_3: opacity = 0.0
10.4624 	EXP 	displayPicture: image = 'C:\\Users\\Employee\\Google Drive\\UP\\MyResearch\\TaskProgramming\\AB_pic\\resources\\wheelchair.jpg'
10.4624 	EXP 	polygon_2: opacity = 0.0
10.4624 	EXP 	polygon_2: fillColor = '[1. 1. 1.] (rgb)'
10.4790 	EXP 	polygon: opacity = 0.0
10.4790 	EXP 	polygon_3: opacity = 0.0
10.4790 	EXP 	displayPicture: image = 'C:\\Users\\Employee\\Google Drive\\UP\\MyResearch\\TaskProgramming\\AB_pic\\resources\\wheelchair.jpg'
10.4790 	EXP 	polygon_2: opacity = 0.0
10.4790 	EXP 	polygon_2: fillColor = '[1. 1. 1.] (rgb)'
10.4957 	EXP 	polygon: opacity = 0.0
10.4957 	EXP 	polygon_3: opacity = 0.0
10.4957 	EXP 	displayPicture: image = 'C:\\Users\\Employee\\Google Drive\\UP\\MyResearch\\TaskProgramming\\AB_pic\\resources\\wheelchair.jpg'
10.4957 	EXP 	polygon_2: opacity = 0.0
10.4957 	EXP 	polygon_2: fillColor = '[1. 1. 1.] (rgb)'
10.5124 	EXP 	polygon: opacity = 0.0
10.5124 	EXP 	polygon_3: opacity = 0.0
10.5124 	EXP 	displayPicture: image = 'C:\\Users\\Employee\\Google Drive\\UP\\MyResearch\\TaskProgramming\\AB_pic\\resources\\wheelchair.jpg'
10.5124 	EXP 	polygon_2: opacity = 0.0
10.5124 	EXP 	polygon_2: fillColor = '[1. 1. 1.] (rgb)'
10.5290 	EXP 	polygon: opacity = 0.0
10.5290 	EXP 	polygon_3: opacity = 0.0
10.5290 	EXP 	displayPicture: image = 'C:\\Users\\Employee\\Google Drive\\UP\\MyResearch\\TaskProgramming\\AB_pic\\resources\\wheelchair.jpg'
10.5290 	EXP 	polygon_2: opacity = 0.0
10.5290 	EXP 	polygon_2: fillColor = '[1. 1. 1.] (rgb)'
10.5457 	EXP 	polygon: opacity = 0.0
10.5457 	EXP 	polygon_3: opacity = 0.0
10.5457 	EXP 	displayPicture: image = 'C:\\Users\\Employee\\Google Drive\\UP\\MyResearch\\TaskProgramming\\AB_pic\\resources\\wheelchair.jpg'
10.5457 	EXP 	polygon_2: opacity = 0.0
10.5457 	EXP 	polygon_2: fillColor = '[1. 1. 1.] (rgb)'
10.5624 	EXP 	polygon: opacity = 0.0
10.5624 	EXP 	polygon_3: opacity = 0.0
10.5624 	EXP 	displayPicture: image = 'C:\\Users\\Employee\\Google Drive\\UP\\MyResearch\\TaskProgramming\\AB_pic\\resources\\wheelchair.jpg'
10.5624 	EXP 	polygon_2: opacity = 0.0
10.5624 	EXP 	polygon_2: fillColor = '[1. 1. 1.] (rgb)'
10.5791 	EXP 	polygon: opacity = 0.0
10.5791 	EXP 	polygon_3: opacity = 0.0
10.5791 	EXP 	displayPicture: image = 'C:\\Users\\Employee\\Google Drive\\UP\\MyResearch\\TaskProgramming\\AB_pic\\resources\\wheelchair.jpg'
10.5791 	EXP 	polygon_2: opacity = 0.0
10.5791 	EXP 	polygon_2: fillColor = '[1. 1. 1.] (rgb)'
10.5957 	EXP 	polygon: opacity = 0.0
10.5957 	EXP 	polygon_3: opacity = 0.0
10.5957 	EXP 	displayPicture: image = 'C:\\Users\\Employee\\Google Drive\\UP\\MyResearch\\TaskProgramming\\AB_pic\\resources\\wheelchair.jpg'
10.5957 	EXP 	polygon_2: opacity = 0.0
10.5957 	EXP 	polygon_2: fillColor = '[1. 1. 1.] (rgb)'
10.6124 	EXP 	polygon: opacity = 0.0
10.6124 	EXP 	polygon_3: opacity = 0.0
10.6124 	EXP 	displayPicture: image = 'C:\\Users\\Employee\\Google Drive\\UP\\MyResearch\\TaskProgramming\\AB_pic\\resources\\wheelchair.jpg'
10.6124 	EXP 	polygon_2: opacity = 0.0
10.6124 	EXP 	polygon_2: fillColor = '[1. 1. 1.] (rgb)'
10.6290 	EXP 	polygon: opacity = 0.0
10.6290 	EXP 	polygon_3: opacity = 0.0
10.6290 	EXP 	displayPicture: image = 'C:\\Users\\Employee\\Google Drive\\UP\\MyResearch\\TaskProgramming\\AB_pic\\resources\\wheelchair.jpg'
10.6290 	EXP 	polygon_2: opacity = 1.0
10.6290 	EXP 	polygon_2: fillColor = '[1. 1. 1.] (rgb)'
10.6457 	EXP 	polygon: opacity = 0.0
10.6457 	EXP 	polygon_3: opacity = 0.0
10.6457 	EXP 	displayPicture: image = 'C:\\Users\\Employee\\Google Drive\\UP\\MyResearch\\TaskProgramming\\AB_pic\\resources\\wheelchair.jpg'
10.6457 	EXP 	polygon_2: opacity = 1.0
10.6457 	EXP 	polygon_2: fillColor = '[1. 1. 1.] (rgb)'
10.6624 	EXP 	polygon: opacity = 0.0
10.6624 	EXP 	polygon_3: opacity = 0.0
10.6624 	EXP 	displayPicture: image = 'C:\\Users\\Employee\\Google Drive\\UP\\MyResearch\\TaskProgramming\\AB_pic\\resources\\wheelchair.jpg'
10.6624 	EXP 	polygon_2: opacity = 1.0
10.6624 	EXP 	polygon_2: fillColor = '[1. 1. 1.] (rgb)'
10.6790 	EXP 	polygon: opacity = 1.0
10.6790 	EXP 	polygon_3: opacity = 0.0
10.6790 	EXP 	displayPicture: image = 'C:\\Users\\Employee\\Google Drive\\UP\\MyResearch\\TaskProgramming\\AB_pic\\resources\\cannon.jpg'
10.6790 	EXP 	polygon_2: opacity = 0.0
10.6790 	EXP 	polygon_2: fillColor = '[1. 1. 1.] (rgb)'
10.6957 	EXP 	polygon: opacity = 1.0
10.6957 	EXP 	polygon_3: opacity = 0.0
10.6957 	EXP 	displayPicture: image = 'C:\\Users\\Employee\\Google Drive\\UP\\MyResearch\\TaskProgramming\\AB_pic\\resources\\cannon.jpg'
10.6957 	EXP 	polygon_2: opacity = 0.0
10.6957 	EXP 	polygon_2: fillColor = '[1. 1. 1.] (rgb)'
10.7124 	EXP 	polygon: opacity = 1.0
10.7124 	EXP 	polygon_3: opacity = 0.0
10.7124 	EXP 	displayPicture: image = 'C:\\Users\\Employee\\Google Drive\\UP\\MyResearch\\TaskProgramming\\AB_pic\\resources\\cannon.jpg'
10.7124 	EXP 	polygon_2: opacity = 0.0
10.7124 	EXP 	polygon_2: fillColor = '[1. 1. 1.] (rgb)'
10.7290 	EXP 	polygon: opacity = 1.0
10.7290 	EXP 	polygon_3: opacity = 0.0
10.7290 	EXP 	displayPicture: image = 'C:\\Users\\Employee\\Google Drive\\UP\\MyResearch\\TaskProgramming\\AB_pic\\resources\\cannon.jpg'
10.7290 	EXP 	polygon_2: opacity = 0.0
10.7290 	EXP 	polygon_2: fillColor = '[1. 1. 1.] (rgb)'
10.7457 	EXP 	polygon: opacity = 1.0
10.7457 	EXP 	polygon_3: opacity = 0.0
10.7457 	EXP 	displayPicture: image = 'C:\\Users\\Employee\\Google Drive\\UP\\MyResearch\\TaskProgramming\\AB_pic\\resources\\cannon.jpg'
10.7457 	EXP 	polygon_2: opacity = 0.0
10.7457 	EXP 	polygon_2: fillColor = '[1. 1. 1.] (rgb)'
10.7624 	EXP 	polygon: opacity = 1.0
10.7624 	EXP 	polygon_3: opacity = 0.0
10.7624 	EXP 	displayPicture: image = 'C:\\Users\\Employee\\Google Drive\\UP\\MyResearch\\TaskProgramming\\AB_pic\\resources\\cannon.jpg'
10.7624 	EXP 	polygon_2: opacity = 0.0
10.7624 	EXP 	polygon_2: fillColor = '[1. 1. 1.] (rgb)'
10.7791 	EXP 	polygon: opacity = 1.0
10.7791 	EXP 	polygon_3: opacity = 0.0
10.7791 	EXP 	displayPicture: image = 'C:\\Users\\Employee\\Google Drive\\UP\\MyResearch\\TaskProgramming\\AB_pic\\resources\\cannon.jpg'
10.7791 	EXP 	polygon_2: opacity = 0.0
10.7791 	EXP 	polygon_2: fillColor = '[1. 1. 1.] (rgb)'
10.7957 	EXP 	polygon: opacity = 1.0
10.7957 	EXP 	polygon_3: opacity = 0.0
10.7957 	EXP 	displayPicture: image = 'C:\\Users\\Employee\\Google Drive\\UP\\MyResearch\\TaskProgramming\\AB_pic\\resources\\cannon.jpg'
10.7957 	EXP 	polygon_2: opacity = 0.0
10.7957 	EXP 	polygon_2: fillColor = '[1. 1. 1.] (rgb)'
10.8124 	EXP 	polygon: opacity = 1.0
10.8124 	EXP 	polygon_3: opacity = 0.0
10.8124 	EXP 	displayPicture: image = 'C:\\Users\\Employee\\Google Drive\\UP\\MyResearch\\TaskProgramming\\AB_pic\\resources\\cannon.jpg'
10.8124 	EXP 	polygon_2: opacity = 0.0
10.8124 	EXP 	polygon_2: fillColor = '[1. 1. 1.] (rgb)'
10.8290 	EXP 	polygon: opacity = 1.0
10.8290 	EXP 	polygon_3: opacity = 0.0
10.8290 	EXP 	displayPicture: image = 'C:\\Users\\Employee\\Google Drive\\UP\\MyResearch\\TaskProgramming\\AB_pic\\resources\\cannon.jpg'
10.8290 	EXP 	polygon_2: opacity = 0.0
10.8290 	EXP 	polygon_2: fillColor = '[1. 1. 1.] (rgb)'
10.8457 	EXP 	polygon: opacity = 1.0
10.8457 	EXP 	polygon_3: opacity = 0.0
10.8457 	EXP 	displayPicture: image = 'C:\\Users\\Employee\\Google Drive\\UP\\MyResearch\\TaskProgramming\\AB_pic\\resources\\cannon.jpg'
10.8457 	EXP 	polygon_2: opacity = 0.0
10.8457 	EXP 	polygon_2: fillColor = '[1. 1. 1.] (rgb)'
10.8624 	EXP 	polygon: opacity = 1.0
10.8624 	EXP 	polygon_3: opacity = 0.0
10.8624 	EXP 	displayPicture: image = 'C:\\Users\\Employee\\Google Drive\\UP\\MyResearch\\TaskProgramming\\AB_pic\\resources\\cannon.jpg'
10.8624 	EXP 	polygon_2: opacity = 0.0
10.8624 	EXP 	polygon_2: fillColor = '[1. 1. 1.] (rgb)'
10.8790 	EXP 	polygon: opacity = 1.0
10.8790 	EXP 	polygon_3: opacity = 0.0
10.8790 	EXP 	displayPicture: image = 'C:\\Users\\Employee\\Google Drive\\UP\\MyResearch\\TaskProgramming\\AB_pic\\resources\\cannon.jpg'
10.8790 	EXP 	polygon_2: opacity = 1.0
10.8790 	EXP 	polygon_2: fillColor = '[1. 1. 1.] (rgb)'
10.8957 	EXP 	polygon: opacity = 1.0
10.8957 	EXP 	polygon_3: opacity = 0.0
10.8957 	EXP 	displayPicture: image = 'C:\\Users\\Employee\\Google Drive\\UP\\MyResearch\\TaskProgramming\\AB_pic\\resources\\cannon.jpg'
10.8957 	EXP 	polygon_2: opacity = 1.0
10.8957 	EXP 	polygon_2: fillColor = '[1. 1. 1.] (rgb)'
10.9124 	EXP 	polygon: opacity = 1.0
10.9124 	EXP 	polygon_3: opacity = 0.0
10.9124 	EXP 	displayPicture: image = 'C:\\Users\\Employee\\Google Drive\\UP\\MyResearch\\TaskProgramming\\AB_pic\\resources\\cannon.jpg'
10.9124 	EXP 	polygon_2: opacity = 1.0
10.9124 	EXP 	polygon_2: fillColor = '[1. 1. 1.] (rgb)'
10.9290 	EXP 	polygon: opacity = 0.0
10.9290 	EXP 	polygon_3: opacity = 0.0
10.9290 	EXP 	displayPicture: image = 'C:\\Users\\Employee\\Google Drive\\UP\\MyResearch\\TaskProgramming\\AB_pic\\resources\\tire.jpg'
10.9290 	EXP 	polygon_2: opacity = 0.0
10.9290 	EXP 	polygon_2: fillColor = '[1. 1. 1.] (rgb)'
10.9457 	EXP 	polygon: opacity = 0.0
10.9457 	EXP 	polygon_3: opacity = 0.0
10.9457 	EXP 	displayPicture: image = 'C:\\Users\\Employee\\Google Drive\\UP\\MyResearch\\TaskProgramming\\AB_pic\\resources\\tire.jpg'
10.9457 	EXP 	polygon_2: opacity = 0.0
10.9457 	EXP 	polygon_2: fillColor = '[1. 1. 1.] (rgb)'
10.9624 	EXP 	polygon: opacity = 0.0
10.9624 	EXP 	polygon_3: opacity = 0.0
10.9624 	EXP 	displayPicture: image = 'C:\\Users\\Employee\\Google Drive\\UP\\MyResearch\\TaskProgramming\\AB_pic\\resources\\tire.jpg'
10.9624 	EXP 	polygon_2: opacity = 0.0
10.9624 	EXP 	polygon_2: fillColor = '[1. 1. 1.] (rgb)'
10.9790 	EXP 	polygon: opacity = 0.0
10.9790 	EXP 	polygon_3: opacity = 0.0
10.9790 	EXP 	displayPicture: image = 'C:\\Users\\Employee\\Google Drive\\UP\\MyResearch\\TaskProgramming\\AB_pic\\resources\\tire.jpg'
10.9790 	EXP 	polygon_2: opacity = 0.0
10.9790 	EXP 	polygon_2: fillColor = '[1. 1. 1.] (rgb)'
10.9957 	EXP 	polygon: opacity = 0.0
10.9957 	EXP 	polygon_3: opacity = 0.0
10.9957 	EXP 	displayPicture: image = 'C:\\Users\\Employee\\Google Drive\\UP\\MyResearch\\TaskProgramming\\AB_pic\\resources\\tire.jpg'
10.9957 	EXP 	polygon_2: opacity = 0.0
10.9957 	EXP 	polygon_2: fillColor = '[1. 1. 1.] (rgb)'
11.0124 	EXP 	polygon: opacity = 0.0
11.0124 	EXP 	polygon_3: opacity = 0.0
11.0124 	EXP 	displayPicture: image = 'C:\\Users\\Employee\\Google Drive\\UP\\MyResearch\\TaskProgramming\\AB_pic\\resources\\tire.jpg'
11.0124 	EXP 	polygon_2: opacity = 0.0
11.0124 	EXP 	polygon_2: fillColor = '[1. 1. 1.] (rgb)'
11.0290 	EXP 	polygon: opacity = 0.0
11.0290 	EXP 	polygon_3: opacity = 0.0
11.0290 	EXP 	displayPicture: image = 'C:\\Users\\Employee\\Google Drive\\UP\\MyResearch\\TaskProgramming\\AB_pic\\resources\\tire.jpg'
11.0290 	EXP 	polygon_2: opacity = 0.0
11.0290 	EXP 	polygon_2: fillColor = '[1. 1. 1.] (rgb)'
11.0457 	EXP 	polygon: opacity = 0.0
11.0457 	EXP 	polygon_3: opacity = 0.0
11.0457 	EXP 	displayPicture: image = 'C:\\Users\\Employee\\Google Drive\\UP\\MyResearch\\TaskProgramming\\AB_pic\\resources\\tire.jpg'
11.0457 	EXP 	polygon_2: opacity = 0.0
11.0457 	EXP 	polygon_2: fillColor = '[1. 1. 1.] (rgb)'
11.0624 	EXP 	polygon: opacity = 0.0
11.0624 	EXP 	polygon_3: opacity = 0.0
11.0624 	EXP 	displayPicture: image = 'C:\\Users\\Employee\\Google Drive\\UP\\MyResearch\\TaskProgramming\\AB_pic\\resources\\tire.jpg'
11.0624 	EXP 	polygon_2: opacity = 0.0
11.0624 	EXP 	polygon_2: fillColor = '[1. 1. 1.] (rgb)'
11.0790 	EXP 	polygon: opacity = 0.0
11.0790 	EXP 	polygon_3: opacity = 0.0
11.0790 	EXP 	displayPicture: image = 'C:\\Users\\Employee\\Google Drive\\UP\\MyResearch\\TaskProgramming\\AB_pic\\resources\\tire.jpg'
11.0790 	EXP 	polygon_2: opacity = 0.0
11.0790 	EXP 	polygon_2: fillColor = '[1. 1. 1.] (rgb)'
11.0957 	EXP 	polygon: opacity = 0.0
11.0957 	EXP 	polygon_3: opacity = 0.0
11.0957 	EXP 	displayPicture: image = 'C:\\Users\\Employee\\Google Drive\\UP\\MyResearch\\TaskProgramming\\AB_pic\\resources\\tire.jpg'
11.0957 	EXP 	polygon_2: opacity = 0.0
11.0957 	EXP 	polygon_2: fillColor = '[1. 1. 1.] (rgb)'
11.1124 	EXP 	polygon: opacity = 0.0
11.1124 	EXP 	polygon_3: opacity = 0.0
11.1124 	EXP 	displayPicture: image = 'C:\\Users\\Employee\\Google Drive\\UP\\MyResearch\\TaskProgramming\\AB_pic\\resources\\tire.jpg'
11.1124 	EXP 	polygon_2: opacity = 0.0
11.1124 	EXP 	polygon_2: fillColor = '[1. 1. 1.] (rgb)'
11.1290 	EXP 	polygon: opacity = 0.0
11.1290 	EXP 	polygon_3: opacity = 0.0
11.1290 	EXP 	displayPicture: image = 'C:\\Users\\Employee\\Google Drive\\UP\\MyResearch\\TaskProgramming\\AB_pic\\resources\\tire.jpg'
11.1290 	EXP 	polygon_2: opacity = 1.0
11.1290 	EXP 	polygon_2: fillColor = '[1. 1. 1.] (rgb)'
11.1457 	EXP 	polygon: opacity = 0.0
11.1457 	EXP 	polygon_3: opacity = 0.0
11.1457 	EXP 	displayPicture: image = 'C:\\Users\\Employee\\Google Drive\\UP\\MyResearch\\TaskProgramming\\AB_pic\\resources\\tire.jpg'
11.1457 	EXP 	polygon_2: opacity = 1.0
11.1457 	EXP 	polygon_2: fillColor = '[1. 1. 1.] (rgb)'
11.1623 	EXP 	polygon: opacity = 0.0
11.1623 	EXP 	polygon_3: opacity = 0.0
11.1623 	EXP 	displayPicture: image = 'C:\\Users\\Employee\\Google Drive\\UP\\MyResearch\\TaskProgramming\\AB_pic\\resources\\tire.jpg'
11.1623 	EXP 	polygon_2: opacity = 1.0
11.1623 	EXP 	polygon_2: fillColor = '[1. 1. 1.] (rgb)'
11.1790 	EXP 	polygon: opacity = 0.0
11.1790 	EXP 	polygon_3: opacity = 0.0
11.1790 	EXP 	displayPicture: image = 'C:\\Users\\Employee\\Google Drive\\UP\\MyResearch\\TaskProgramming\\AB_pic\\resources\\tank.jpg'
11.1790 	EXP 	polygon_2: opacity = 0.0
11.1790 	EXP 	polygon_2: fillColor = '[1. 1. 1.] (rgb)'
11.1957 	EXP 	polygon: opacity = 0.0
11.1957 	EXP 	polygon_3: opacity = 0.0
11.1957 	EXP 	displayPicture: image = 'C:\\Users\\Employee\\Google Drive\\UP\\MyResearch\\TaskProgramming\\AB_pic\\resources\\tank.jpg'
11.1957 	EXP 	polygon_2: opacity = 0.0
11.1957 	EXP 	polygon_2: fillColor = '[1. 1. 1.] (rgb)'
11.2124 	EXP 	polygon: opacity = 0.0
11.2124 	EXP 	polygon_3: opacity = 0.0
11.2124 	EXP 	displayPicture: image = 'C:\\Users\\Employee\\Google Drive\\UP\\MyResearch\\TaskProgramming\\AB_pic\\resources\\tank.jpg'
11.2124 	EXP 	polygon_2: opacity = 0.0
11.2124 	EXP 	polygon_2: fillColor = '[1. 1. 1.] (rgb)'
11.2290 	EXP 	polygon: opacity = 0.0
11.2290 	EXP 	polygon_3: opacity = 0.0
11.2290 	EXP 	displayPicture: image = 'C:\\Users\\Employee\\Google Drive\\UP\\MyResearch\\TaskProgramming\\AB_pic\\resources\\tank.jpg'
11.2290 	EXP 	polygon_2: opacity = 0.0
11.2290 	EXP 	polygon_2: fillColor = '[1. 1. 1.] (rgb)'
11.2457 	EXP 	polygon: opacity = 0.0
11.2457 	EXP 	polygon_3: opacity = 0.0
11.2457 	EXP 	displayPicture: image = 'C:\\Users\\Employee\\Google Drive\\UP\\MyResearch\\TaskProgramming\\AB_pic\\resources\\tank.jpg'
11.2457 	EXP 	polygon_2: opacity = 0.0
11.2457 	EXP 	polygon_2: fillColor = '[1. 1. 1.] (rgb)'
11.2624 	EXP 	polygon: opacity = 0.0
11.2624 	EXP 	polygon_3: opacity = 0.0
11.2624 	EXP 	displayPicture: image = 'C:\\Users\\Employee\\Google Drive\\UP\\MyResearch\\TaskProgramming\\AB_pic\\resources\\tank.jpg'
11.2624 	EXP 	polygon_2: opacity = 0.0
11.2624 	EXP 	polygon_2: fillColor = '[1. 1. 1.] (rgb)'
11.2790 	EXP 	polygon: opacity = 0.0
11.2790 	EXP 	polygon_3: opacity = 0.0
11.2790 	EXP 	displayPicture: image = 'C:\\Users\\Employee\\Google Drive\\UP\\MyResearch\\TaskProgramming\\AB_pic\\resources\\tank.jpg'
11.2790 	EXP 	polygon_2: opacity = 0.0
11.2790 	EXP 	polygon_2: fillColor = '[1. 1. 1.] (rgb)'
11.2957 	EXP 	polygon: opacity = 0.0
11.2957 	EXP 	polygon_3: opacity = 0.0
11.2957 	EXP 	displayPicture: image = 'C:\\Users\\Employee\\Google Drive\\UP\\MyResearch\\TaskProgramming\\AB_pic\\resources\\tank.jpg'
11.2957 	EXP 	polygon_2: opacity = 0.0
11.2957 	EXP 	polygon_2: fillColor = '[1. 1. 1.] (rgb)'
11.3124 	EXP 	polygon: opacity = 0.0
11.3124 	EXP 	polygon_3: opacity = 0.0
11.3124 	EXP 	displayPicture: image = 'C:\\Users\\Employee\\Google Drive\\UP\\MyResearch\\TaskProgramming\\AB_pic\\resources\\tank.jpg'
11.3124 	EXP 	polygon_2: opacity = 0.0
11.3124 	EXP 	polygon_2: fillColor = '[1. 1. 1.] (rgb)'
11.3290 	EXP 	polygon: opacity = 0.0
11.3290 	EXP 	polygon_3: opacity = 0.0
11.3290 	EXP 	displayPicture: image = 'C:\\Users\\Employee\\Google Drive\\UP\\MyResearch\\TaskProgramming\\AB_pic\\resources\\tank.jpg'
11.3290 	EXP 	polygon_2: opacity = 0.0
11.3290 	EXP 	polygon_2: fillColor = '[1. 1. 1.] (rgb)'
11.3457 	EXP 	polygon: opacity = 0.0
11.3457 	EXP 	polygon_3: opacity = 0.0
11.3457 	EXP 	displayPicture: image = 'C:\\Users\\Employee\\Google Drive\\UP\\MyResearch\\TaskProgramming\\AB_pic\\resources\\tank.jpg'
11.3457 	EXP 	polygon_2: opacity = 0.0
11.3457 	EXP 	polygon_2: fillColor = '[1. 1. 1.] (rgb)'
11.3624 	EXP 	polygon: opacity = 0.0
11.3624 	EXP 	polygon_3: opacity = 0.0
11.3624 	EXP 	displayPicture: image = 'C:\\Users\\Employee\\Google Drive\\UP\\MyResearch\\TaskProgramming\\AB_pic\\resources\\tank.jpg'
11.3624 	EXP 	polygon_2: opacity = 0.0
11.3624 	EXP 	polygon_2: fillColor = '[1. 1. 1.] (rgb)'
11.3790 	EXP 	polygon: opacity = 0.0
11.3790 	EXP 	polygon_3: opacity = 0.0
11.3790 	EXP 	displayPicture: image = 'C:\\Users\\Employee\\Google Drive\\UP\\MyResearch\\TaskProgramming\\AB_pic\\resources\\tank.jpg'
11.3790 	EXP 	polygon_2: opacity = 1.0
11.3790 	EXP 	polygon_2: fillColor = '[1. 1. 1.] (rgb)'
11.3957 	EXP 	polygon: opacity = 0.0
11.3957 	EXP 	polygon_3: opacity = 0.0
11.3957 	EXP 	displayPicture: image = 'C:\\Users\\Employee\\Google Drive\\UP\\MyResearch\\TaskProgramming\\AB_pic\\resources\\tank.jpg'
11.3957 	EXP 	polygon_2: opacity = 1.0
11.3957 	EXP 	polygon_2: fillColor = '[1. 1. 1.] (rgb)'
11.4124 	EXP 	polygon: opacity = 0.0
11.4124 	EXP 	polygon_3: opacity = 0.0
11.4124 	EXP 	displayPicture: image = 'C:\\Users\\Employee\\Google Drive\\UP\\MyResearch\\TaskProgramming\\AB_pic\\resources\\tank.jpg'
11.4124 	EXP 	polygon_2: opacity = 1.0
11.4124 	EXP 	polygon_2: fillColor = '[1. 1. 1.] (rgb)'
11.4290 	EXP 	polygon: opacity = 0.0
11.4290 	EXP 	polygon_3: opacity = 0.0
11.4290 	EXP 	displayPicture: image = 'C:\\Users\\Employee\\Google Drive\\UP\\MyResearch\\TaskProgramming\\AB_pic\\resources\\blender.jpg'
11.4290 	EXP 	polygon_2: opacity = 0.0
11.4290 	EXP 	polygon_2: fillColor = '[1. 1. 1.] (rgb)'
11.4457 	EXP 	polygon: opacity = 0.0
11.4457 	EXP 	polygon_3: opacity = 0.0
11.4457 	EXP 	displayPicture: image = 'C:\\Users\\Employee\\Google Drive\\UP\\MyResearch\\TaskProgramming\\AB_pic\\resources\\blender.jpg'
11.4457 	EXP 	polygon_2: opacity = 0.0
11.4457 	EXP 	polygon_2: fillColor = '[1. 1. 1.] (rgb)'
11.4624 	EXP 	polygon: opacity = 0.0
11.4624 	EXP 	polygon_3: opacity = 0.0
11.4624 	EXP 	displayPicture: image = 'C:\\Users\\Employee\\Google Drive\\UP\\MyResearch\\TaskProgramming\\AB_pic\\resources\\blender.jpg'
11.4624 	EXP 	polygon_2: opacity = 0.0
11.4624 	EXP 	polygon_2: fillColor = '[1. 1. 1.] (rgb)'
11.4790 	EXP 	polygon: opacity = 0.0
11.4790 	EXP 	polygon_3: opacity = 0.0
11.4790 	EXP 	displayPicture: image = 'C:\\Users\\Employee\\Google Drive\\UP\\MyResearch\\TaskProgramming\\AB_pic\\resources\\blender.jpg'
11.4790 	EXP 	polygon_2: opacity = 0.0
11.4790 	EXP 	polygon_2: fillColor = '[1. 1. 1.] (rgb)'
11.4957 	EXP 	polygon: opacity = 0.0
11.4957 	EXP 	polygon_3: opacity = 0.0
11.4957 	EXP 	displayPicture: image = 'C:\\Users\\Employee\\Google Drive\\UP\\MyResearch\\TaskProgramming\\AB_pic\\resources\\blender.jpg'
11.4957 	EXP 	polygon_2: opacity = 0.0
11.4957 	EXP 	polygon_2: fillColor = '[1. 1. 1.] (rgb)'
11.5123 	EXP 	polygon: opacity = 0.0
11.5123 	EXP 	polygon_3: opacity = 0.0
11.5123 	EXP 	displayPicture: image = 'C:\\Users\\Employee\\Google Drive\\UP\\MyResearch\\TaskProgramming\\AB_pic\\resources\\blender.jpg'
11.5123 	EXP 	polygon_2: opacity = 0.0
11.5123 	EXP 	polygon_2: fillColor = '[1. 1. 1.] (rgb)'
11.5290 	EXP 	polygon: opacity = 0.0
11.5290 	EXP 	polygon_3: opacity = 0.0
11.5290 	EXP 	displayPicture: image = 'C:\\Users\\Employee\\Google Drive\\UP\\MyResearch\\TaskProgramming\\AB_pic\\resources\\blender.jpg'
11.5290 	EXP 	polygon_2: opacity = 0.0
11.5290 	EXP 	polygon_2: fillColor = '[1. 1. 1.] (rgb)'
11.5456 	EXP 	polygon: opacity = 0.0
11.5456 	EXP 	polygon_3: opacity = 0.0
11.5456 	EXP 	displayPicture: image = 'C:\\Users\\Employee\\Google Drive\\UP\\MyResearch\\TaskProgramming\\AB_pic\\resources\\blender.jpg'
11.5456 	EXP 	polygon_2: opacity = 0.0
11.5456 	EXP 	polygon_2: fillColor = '[1. 1. 1.] (rgb)'
11.5623 	EXP 	polygon: opacity = 0.0
11.5623 	EXP 	polygon_3: opacity = 0.0
11.5623 	EXP 	displayPicture: image = 'C:\\Users\\Employee\\Google Drive\\UP\\MyResearch\\TaskProgramming\\AB_pic\\resources\\blender.jpg'
11.5623 	EXP 	polygon_2: opacity = 0.0
11.5623 	EXP 	polygon_2: fillColor = '[1. 1. 1.] (rgb)'
11.5790 	EXP 	polygon: opacity = 0.0
11.5790 	EXP 	polygon_3: opacity = 0.0
11.5790 	EXP 	displayPicture: image = 'C:\\Users\\Employee\\Google Drive\\UP\\MyResearch\\TaskProgramming\\AB_pic\\resources\\blender.jpg'
11.5790 	EXP 	polygon_2: opacity = 0.0
11.5790 	EXP 	polygon_2: fillColor = '[1. 1. 1.] (rgb)'
11.5829 	DATA 	Keypress: escape
11.5957 	EXP 	polygon: opacity = 0.0
11.5957 	EXP 	polygon_3: opacity = 0.0
11.5957 	EXP 	displayPicture: image = 'C:\\Users\\Employee\\Google Drive\\UP\\MyResearch\\TaskProgramming\\AB_pic\\resources\\blender.jpg'
11.5957 	EXP 	polygon_2: opacity = 0.0
11.5957 	EXP 	polygon_2: fillColor = '[1. 1. 1.] (rgb)'
11.6124 	EXP 	polygon: opacity = 0.0
11.6124 	EXP 	polygon_3: opacity = 0.0
11.6124 	EXP 	displayPicture: image = 'C:\\Users\\Employee\\Google Drive\\UP\\MyResearch\\TaskProgramming\\AB_pic\\resources\\blender.jpg'
11.6124 	EXP 	polygon_2: opacity = 0.0
11.6124 	EXP 	polygon_2: fillColor = '[1. 1. 1.] (rgb)'
11.6290 	EXP 	polygon: opacity = 0.0
11.6290 	EXP 	polygon_3: opacity = 0.0
11.6290 	EXP 	displayPicture: image = 'C:\\Users\\Employee\\Google Drive\\UP\\MyResearch\\TaskProgramming\\AB_pic\\resources\\blender.jpg'
11.6290 	EXP 	polygon_2: opacity = 1.0
11.6290 	EXP 	polygon_2: fillColor = '[1. 1. 1.] (rgb)'
11.6457 	EXP 	polygon: opacity = 0.0
11.6457 	EXP 	polygon_3: opacity = 0.0
11.6457 	EXP 	displayPicture: image = 'C:\\Users\\Employee\\Google Drive\\UP\\MyResearch\\TaskProgramming\\AB_pic\\resources\\blender.jpg'
11.6457 	EXP 	polygon_2: opacity = 1.0
11.6457 	EXP 	polygon_2: fillColor = '[1. 1. 1.] (rgb)'
11.6623 	EXP 	polygon: opacity = 0.0
11.6623 	EXP 	polygon_3: opacity = 0.0
11.6623 	EXP 	displayPicture: image = 'C:\\Users\\Employee\\Google Drive\\UP\\MyResearch\\TaskProgramming\\AB_pic\\resources\\blender.jpg'
11.6623 	EXP 	polygon_2: opacity = 1.0
11.6623 	EXP 	polygon_2: fillColor = '[1. 1. 1.] (rgb)'
11.6790 	EXP 	polygon: opacity = 0.0
11.6790 	EXP 	polygon_3: opacity = 1.0
11.6790 	EXP 	displayPicture: image = 'C:\\Users\\Employee\\Google Drive\\UP\\MyResearch\\TaskProgramming\\AB_pic\\resources\\eye.jpg'
11.6790 	EXP 	polygon_2: opacity = 0.0
11.6790 	EXP 	polygon_2: fillColor = '[1. 1. 1.] (rgb)'
11.7512 	EXP 	window1: mouseVisible = True
