0.8631 	WARNING 	We strongly recommend you activate the PTB sound engine in PsychoPy prefs as the preferred audio engine. Its timing is vastly superior. Your prefs are currently set to use ['sounddevice', 'PTB', 'pyo', 'pygame'] (in that order).
4.2457 	WARNING 	User requested fullscreen with size [1024  768], but screen is actually [1920, 1080]. Using actual size
5.1241 	EXP 	Created window1 = Window(allowGUI=False, allowStencil=False, args=UNKNOWN, autoLog=True, bitsMode=UNKNOWN, blendMode='avg', bpc=(8, 8, 8), color=array([0., 0., 0.]), colorSpace='rgb', depthBits=8, fullscr=<method-wrapper '__getattribute__' of attributeSetter object at 0x000001D0DE2F4EF0>, gamma=None, gammaErrorPolicy='raise', kwargs=UNKNOWN, lms=UNKNOWN, monitor=<psychopy.monitors.calibTools.Monitor object at 0x000001D0DE041550>, multiSample=False, name='window1', numSamples=2, pos=[0.0, 0.0], screen=0, size=array([1920, 1080]), stencilBits=0, stereo=False, units='height', useFBO=True, useRetina=False, viewOri=0.0, viewPos=None, viewScale=None, waitBlanking=True, winType='pyglet')
5.1244 	EXP 	window1: mouseVisible = True
5.1245 	EXP 	window1: recordFrameIntervals = False
5.2904 	EXP 	window1: recordFrameIntervals = True
5.4739 	EXP 	window1: recordFrameIntervals = False
5.6081 	EXP 	Created text_3 = TextStim(__class__=<class 'psychopy.visual.text.TextStim'>, alignHoriz=method-wrapper(...), alignText='center', alignVert=method-wrapper(...), anchorHoriz='center', anchorVert='center', antialias=True, autoLog=True, bold=False, color='white', colorSpace='named', contrast=1.0, depth=0.0, flipHoriz=False, flipVert=False, font='Arial', fontFiles=[], height=0.1, italic=False, languageStyle='LTR', name='text_3', opacity=1.0, ori=0, pos=array([0., 0.]), rgb=array([255., 255., 255.]), text=str(...), units='height', win=Window(...), wrapWidth=1)
5.6122 	EXP 	Created option1 = ImageStim(__class__=<class 'psychopy.visual.image.ImageStim'>, autoLog=True, color=array([1., 1., 1.]), colorSpace='rgb', contrast=1.0, depth=-1.0, flipHoriz=False, flipVert=False, image='sin', interpolate=True, mask=None, maskParams=None, name='option1', opacity=1.0, ori=0.0, pos=array([-0.3,  0. ]), size=array([0.25, 0.25]), texRes=128, units='height', win=Window(...))
5.6145 	EXP 	Created option2 = ImageStim(__class__=<class 'psychopy.visual.image.ImageStim'>, autoLog=True, color=array([1., 1., 1.]), colorSpace='rgb', contrast=1.0, depth=-2.0, flipHoriz=False, flipVert=False, image='sin', interpolate=True, mask=None, maskParams=None, name='option2', opacity=1.0, ori=0.0, pos=array([0.3, 0. ]), size=array([0.25, 0.25]), texRes=128, units='height', win=Window(...))
5.6182 	EXP 	Created text_2 = TextStim(__class__=<class 'psychopy.visual.text.TextStim'>, alignHoriz=method-wrapper(...), alignText='center', alignVert=method-wrapper(...), anchorHoriz='center', anchorVert='center', antialias=True, autoLog=True, bold=False, color='white', colorSpace='named', contrast=1.0, depth=-3.0, flipHoriz=False, flipVert=False, font='Arial', fontFiles=[], height=0.1, italic=False, languageStyle='LTR', name='text_2', opacity=1.0, ori=0, pos=array([0., 0.]), rgb=array([255., 255., 255.]), text='+', units='height', win=Window(...), wrapWidth=1)
5.6206 	EXP 	Created displayPicture = ImageStim(__class__=<class 'psychopy.visual.image.ImageStim'>, autoLog=True, color=array([1., 1., 1.]), colorSpace='rgb', contrast=1.0, depth=-6.0, flipHoriz=False, flipVert=False, image='sin', interpolate=True, mask=None, maskParams=None, name='displayPicture', opacity=1.0, ori=0.0, pos=array([0., 0.]), size=array([0.25, 0.25]), texRes=128, units='height', win=Window(...))
5.6219 	EXP 	Created polygon_2 = Rect(__class__=<class 'psychopy.visual.rect.Rect'>, autoDraw=False, autoLog=True, closeShape=True, color=method-wrapper(...), colorSpace=None, contrast=1.0, depth=-7.0, fillColor=array([1., 1., 1.]), fillColorSpace='rgb', fillRGB=array([1., 1., 1.]), interpolate=True, lineColor=array([1., 1., 1.]), lineColorSpace='rgb', lineRGB=array([1., 1., 1.]), lineWidth=0, name='polygon_2', opacity=1.0, ori=array(0.), pos=array([0., 0.]), size=array([0.25, 0.25]), units='height', vertices=ndarray(...), win=Window(...))
5.6232 	EXP 	Created polygon_4 = ShapeStim(__class__=<class 'psychopy.visual.shape.ShapeStim'>, autoDraw=False, autoLog=True, closeShape=True, contrast=1.0, depth=0.0, fillColor=array([1., 0., 0.]), fillColorSpace='rgb', interpolate=True, lineColor=array([1., 1., 1.]), lineColorSpace='rgb', lineWidth=1, name='polygon_4', opacity=1.0, ori=array(0.), pos=array([0., 0.]), size=array([1., 1.]), units='height', vertices=ndarray(...), win=Window(...), windingRule=None)
5.6257 	EXP 	Created option1_t1 = ImageStim(__class__=<class 'psychopy.visual.image.ImageStim'>, autoLog=True, color=array([1., 1., 1.]), colorSpace='rgb', contrast=1.0, depth=-2.0, flipHoriz=False, flipVert=False, image='sin', interpolate=True, mask=None, maskParams=None, name='option1_t1', opacity=1.0, ori=0.0, pos=array([0., 0.]), size=array([0.25, 0.25]), texRes=128, units='height', win=Window(...))
5.6285 	EXP 	Created polygon_5 = ShapeStim(__class__=<class 'psychopy.visual.shape.ShapeStim'>, autoDraw=False, autoLog=True, closeShape=True, contrast=1.0, depth=0.0, fillColor=array([0., 0., 1.]), fillColorSpace='rgb', interpolate=True, lineColor=array([1., 1., 1.]), lineColorSpace='rgb', lineWidth=1, name='polygon_5', opacity=1.0, ori=array(0.), pos=array([0., 0.]), size=array([0.7, 0.7]), units='height', vertices=ndarray(...), win=Window(...), windingRule=None)
5.6307 	EXP 	Created option1_t2 = ImageStim(__class__=<class 'psychopy.visual.image.ImageStim'>, autoLog=True, color=array([1., 1., 1.]), colorSpace='rgb', contrast=1.0, depth=-2.0, flipHoriz=False, flipVert=False, image='sin', interpolate=True, mask=None, maskParams=None, name='option1_t2', opacity=1.0, ori=0.0, pos=array([0., 0.]), size=array([0.25, 0.25]), texRes=128, units='height', win=Window(...))
5.6396 	EXP 	Created feedbackText = TextStim(__class__=<class 'psychopy.visual.text.TextStim'>, alignHoriz=method-wrapper(...), alignText='center', alignVert=method-wrapper(...), anchorHoriz='center', anchorVert='center', antialias=True, autoLog=True, bold=False, color='white', colorSpace='named', contrast=1.0, depth=-1.0, flipHoriz=False, flipVert=False, font='Arial', fontFiles=[], height=0.1, italic=False, languageStyle='LTR', name='feedbackText', opacity=1.0, ori=0, pos=array([0., 0.]), rgb=array([255., 255., 255.]), text='default text', units='height', win=Window(...), wrapWidth=1)
5.6433 	EXP 	Created text = TextStim(__class__=<class 'psychopy.visual.text.TextStim'>, alignHoriz=method-wrapper(...), alignText='center', alignVert=method-wrapper(...), anchorHoriz='center', anchorVert='center', antialias=True, autoLog=True, bold=False, color='white', colorSpace='named', contrast=1.0, depth=-3.0, flipHoriz=False, flipVert=False, font='Arial', fontFiles=[], height=0.1, italic=False, languageStyle='LTR', name='text', opacity=1.0, ori=0, pos=array([0., 0.]), rgb=array([255., 255., 255.]), text='default text', units='height', win=Window(...), wrapWidth=1)
5.6769 	EXP 	Created text_4 = TextStim(__class__=<class 'psychopy.visual.text.TextStim'>, alignHoriz=method-wrapper(...), alignText='center', alignVert=method-wrapper(...), anchorHoriz='center', anchorVert='center', antialias=True, autoLog=True, bold=False, color='white', colorSpace='named', contrast=1.0, depth=0.0, flipHoriz=False, flipVert=False, font='Arial', fontFiles=[], height=0.1, italic=False, languageStyle='LTR', name='text_4', opacity=1.0, ori=0, pos=array([0., 0.]), rgb=array([255., 255., 255.]), text=str(...), units='height', win=Window(...), wrapWidth=1)
5.6794 	EXP 	Created option1_2 = ImageStim(__class__=<class 'psychopy.visual.image.ImageStim'>, autoLog=True, color=array([1., 1., 1.]), colorSpace='rgb', contrast=1.0, depth=-1.0, flipHoriz=False, flipVert=False, image='sin', interpolate=True, mask=None, maskParams=None, name='option1_2', opacity=1.0, ori=0.0, pos=array([-0.3,  0. ]), size=array([0.25, 0.25]), texRes=128, units='height', win=Window(...))
5.6816 	EXP 	Created option2_2 = ImageStim(__class__=<class 'psychopy.visual.image.ImageStim'>, autoLog=True, color=array([1., 1., 1.]), colorSpace='rgb', contrast=1.0, depth=-2.0, flipHoriz=False, flipVert=False, image='sin', interpolate=True, mask=None, maskParams=None, name='option2_2', opacity=1.0, ori=0.0, pos=array([0.3, 0. ]), size=array([0.25, 0.25]), texRes=128, units='height', win=Window(...))
5.6833 	EXP 	Created text_5 = TextStim(__class__=<class 'psychopy.visual.text.TextStim'>, alignHoriz=method-wrapper(...), alignText='center', alignVert=method-wrapper(...), anchorHoriz='center', anchorVert='center', antialias=True, autoLog=True, bold=False, color='white', colorSpace='named', contrast=1.0, depth=-3.0, flipHoriz=False, flipVert=False, font='Arial', fontFiles=[], height=0.1, italic=False, languageStyle='LTR', name='text_5', opacity=1.0, ori=0, pos=array([0., 0.]), rgb=array([255., 255., 255.]), text='+', units='height', win=Window(...), wrapWidth=1)
5.6855 	EXP 	Created displayPicture_2 = ImageStim(__class__=<class 'psychopy.visual.image.ImageStim'>, autoLog=True, color=array([1., 1., 1.]), colorSpace='rgb', contrast=1.0, depth=-6.0, flipHoriz=False, flipVert=False, image='sin', interpolate=True, mask=None, maskParams=None, name='displayPicture_2', opacity=1.0, ori=0.0, pos=array([0., 0.]), size=array([0.25, 0.25]), texRes=128, units='height', win=Window(...))
5.6868 	EXP 	Created polygon_10 = Rect(__class__=<class 'psychopy.visual.rect.Rect'>, autoDraw=False, autoLog=True, closeShape=True, color=method-wrapper(...), colorSpace=None, contrast=1.0, depth=-7.0, fillColor=array([1., 1., 1.]), fillColorSpace='rgb', fillRGB=array([1., 1., 1.]), interpolate=True, lineColor=array([1., 1., 1.]), lineColorSpace='rgb', lineRGB=array([1., 1., 1.]), lineWidth=0, name='polygon_10', opacity=1.0, ori=array(0.), pos=array([0., 0.]), size=array([0.25, 0.25]), units='height', vertices=ndarray(...), win=Window(...))
5.6881 	EXP 	Created polygon_7 = ShapeStim(__class__=<class 'psychopy.visual.shape.ShapeStim'>, autoDraw=False, autoLog=True, closeShape=True, contrast=1.0, depth=0.0, fillColor=array([1., 0., 0.]), fillColorSpace='rgb', interpolate=True, lineColor=array([1., 1., 1.]), lineColorSpace='rgb', lineWidth=1, name='polygon_7', opacity=1.0, ori=array(0.), pos=array([0., 0.]), size=array([1., 1.]), units='height', vertices=ndarray(...), win=Window(...), windingRule=None)
5.6904 	EXP 	Created option1_t1_2 = ImageStim(__class__=<class 'psychopy.visual.image.ImageStim'>, autoLog=True, color=array([1., 1., 1.]), colorSpace='rgb', contrast=1.0, depth=-2.0, flipHoriz=False, flipVert=False, image='sin', interpolate=True, mask=None, maskParams=None, name='option1_t1_2', opacity=1.0, ori=0.0, pos=array([0., 0.]), size=array([0.25, 0.25]), texRes=128, units='height', win=Window(...))
5.6921 	EXP 	Created polygon_6 = ShapeStim(__class__=<class 'psychopy.visual.shape.ShapeStim'>, autoDraw=False, autoLog=True, closeShape=True, contrast=1.0, depth=0.0, fillColor=array([0., 0., 1.]), fillColorSpace='rgb', interpolate=True, lineColor=array([1., 1., 1.]), lineColorSpace='rgb', lineWidth=1, name='polygon_6', opacity=1.0, ori=array(0.), pos=array([0., 0.]), size=array([0.7, 0.7]), units='height', vertices=ndarray(...), win=Window(...), windingRule=None)
5.6944 	EXP 	Created option1_t2_2 = ImageStim(__class__=<class 'psychopy.visual.image.ImageStim'>, autoLog=True, color=array([1., 1., 1.]), colorSpace='rgb', contrast=1.0, depth=-2.0, flipHoriz=False, flipVert=False, image='sin', interpolate=True, mask=None, maskParams=None, name='option1_t2_2', opacity=1.0, ori=0.0, pos=array([0., 0.]), size=array([0.25, 0.25]), texRes=128, units='height', win=Window(...))
5.6980 	EXP 	Created text = TextStim(__class__=<class 'psychopy.visual.text.TextStim'>, alignHoriz=method-wrapper(...), alignText='center', alignVert=method-wrapper(...), anchorHoriz='center', anchorVert='center', antialias=True, autoLog=True, bold=False, color='white', colorSpace='named', contrast=1.0, depth=-3.0, flipHoriz=False, flipVert=False, font='Arial', fontFiles=[], height=0.1, italic=False, languageStyle='LTR', name='text', opacity=1.0, ori=0, pos=array([0., 0.]), rgb=array([255., 255., 255.]), text='default text', units='height', win=Window(...), wrapWidth=1)
5.7898 	EXP 	text_3: autoDraw = True
7.0382 	EXP 	Imported conditionAB.xlsx as conditions, 28 conditions, 8 params
7.0385 	EXP 	Created sequence: random, trialTypes=28, nReps=1, seed=None
7.0388 	EXP 	New trial (rep=0, index=0): OrderedDict([('trialType', 'AB'), ('cndTyp', 'lag5'), ('lag', 5), ('T1_loc', 4), ('T2_loc', 9), ('stimLen', 0.5), ('isi', 0.05), ('skipProb', 0.5)])
7.0598 	DATA 	Keypress: space
7.0733 	EXP 	text_3: autoDraw = False
7.0733 	EXP 	option1: image = '.\\resources\\frisbee.jpg'
7.0733 	EXP 	option2: image = '.\\resources\\electrictoothbrush01c.jpg'
7.0733 	EXP 	option1: autoDraw = True
7.0733 	EXP 	option2: autoDraw = True
9.5400 	EXP 	text_2: autoDraw = True
9.8233 	EXP 	option1: autoDraw = False
9.8233 	EXP 	option2: autoDraw = False
10.0400 	EXP 	option1: autoDraw = False
10.0400 	EXP 	option2: autoDraw = False
10.0400 	EXP 	text_2: autoDraw = False
10.0400 	EXP 	displayPicture: autoDraw = True
10.0400 	EXP 	displayPicture: image = '.\\resources\\table01.jpg'
10.0400 	EXP 	polygon_2: autoDraw = True
10.0400 	EXP 	polygon_2: opacity = 0.0
10.0400 	EXP 	polygon_2: fillColor = '[1. 1. 1.] (rgb)'
10.0567 	EXP 	displayPicture: image = '.\\resources\\table01.jpg'
10.0567 	EXP 	polygon_2: opacity = 0.0
10.0567 	EXP 	polygon_2: fillColor = '[1. 1. 1.] (rgb)'
10.0733 	EXP 	displayPicture: image = '.\\resources\\table01.jpg'
10.0733 	EXP 	polygon_2: opacity = 0.0
10.0733 	EXP 	polygon_2: fillColor = '[1. 1. 1.] (rgb)'
10.0900 	EXP 	displayPicture: image = '.\\resources\\table01.jpg'
10.0900 	EXP 	polygon_2: opacity = 0.0
10.0900 	EXP 	polygon_2: fillColor = '[1. 1. 1.] (rgb)'
10.1067 	EXP 	displayPicture: image = '.\\resources\\table01.jpg'
10.1067 	EXP 	polygon_2: opacity = 0.0
10.1067 	EXP 	polygon_2: fillColor = '[1. 1. 1.] (rgb)'
10.1233 	EXP 	displayPicture: image = '.\\resources\\table01.jpg'
10.1233 	EXP 	polygon_2: opacity = 0.0
10.1233 	EXP 	polygon_2: fillColor = '[1. 1. 1.] (rgb)'
10.1400 	EXP 	displayPicture: image = '.\\resources\\table01.jpg'
10.1400 	EXP 	polygon_2: opacity = 0.0
10.1400 	EXP 	polygon_2: fillColor = '[1. 1. 1.] (rgb)'
10.1567 	EXP 	displayPicture: image = '.\\resources\\table01.jpg'
10.1567 	EXP 	polygon_2: opacity = 0.0
10.1567 	EXP 	polygon_2: fillColor = '[1. 1. 1.] (rgb)'
10.1733 	EXP 	displayPicture: image = '.\\resources\\table01.jpg'
10.1733 	EXP 	polygon_2: opacity = 0.0
10.1733 	EXP 	polygon_2: fillColor = '[1. 1. 1.] (rgb)'
10.1900 	EXP 	displayPicture: image = '.\\resources\\table01.jpg'
10.1900 	EXP 	polygon_2: opacity = 0.0
10.1900 	EXP 	polygon_2: fillColor = '[1. 1. 1.] (rgb)'
10.2067 	EXP 	displayPicture: image = '.\\resources\\table01.jpg'
10.2067 	EXP 	polygon_2: opacity = 0.0
10.2067 	EXP 	polygon_2: fillColor = '[1. 1. 1.] (rgb)'
10.2235 	EXP 	displayPicture: image = '.\\resources\\table01.jpg'
10.2235 	EXP 	polygon_2: opacity = 0.0
10.2235 	EXP 	polygon_2: fillColor = '[1. 1. 1.] (rgb)'
10.2400 	EXP 	displayPicture: image = '.\\resources\\table01.jpg'
10.2400 	EXP 	polygon_2: opacity = 0.0
10.2400 	EXP 	polygon_2: fillColor = '[1. 1. 1.] (rgb)'
10.2567 	EXP 	displayPicture: image = '.\\resources\\table01.jpg'
10.2567 	EXP 	polygon_2: opacity = 0.0
10.2567 	EXP 	polygon_2: fillColor = '[1. 1. 1.] (rgb)'
10.2733 	EXP 	displayPicture: image = '.\\resources\\table01.jpg'
10.2733 	EXP 	polygon_2: opacity = 0.0
10.2733 	EXP 	polygon_2: fillColor = '[1. 1. 1.] (rgb)'
10.2900 	EXP 	displayPicture: image = '.\\resources\\table01.jpg'
10.2900 	EXP 	polygon_2: opacity = 0.0
10.2900 	EXP 	polygon_2: fillColor = '[1. 1. 1.] (rgb)'
10.3067 	EXP 	displayPicture: image = '.\\resources\\table01.jpg'
10.3067 	EXP 	polygon_2: opacity = 0.0
10.3067 	EXP 	polygon_2: fillColor = '[1. 1. 1.] (rgb)'
10.3233 	EXP 	displayPicture: image = '.\\resources\\table01.jpg'
10.3233 	EXP 	polygon_2: opacity = 0.0
10.3233 	EXP 	polygon_2: fillColor = '[1. 1. 1.] (rgb)'
10.3400 	EXP 	displayPicture: image = '.\\resources\\table01.jpg'
10.3400 	EXP 	polygon_2: opacity = 0.0
10.3400 	EXP 	polygon_2: fillColor = '[1. 1. 1.] (rgb)'
10.3566 	EXP 	displayPicture: image = '.\\resources\\table01.jpg'
10.3566 	EXP 	polygon_2: opacity = 0.0
10.3566 	EXP 	polygon_2: fillColor = '[1. 1. 1.] (rgb)'
10.3733 	EXP 	displayPicture: image = '.\\resources\\table01.jpg'
10.3733 	EXP 	polygon_2: opacity = 0.0
10.3733 	EXP 	polygon_2: fillColor = '[1. 1. 1.] (rgb)'
10.3901 	EXP 	displayPicture: image = '.\\resources\\table01.jpg'
10.3901 	EXP 	polygon_2: opacity = 0.0
10.3901 	EXP 	polygon_2: fillColor = '[1. 1. 1.] (rgb)'
10.4067 	EXP 	displayPicture: image = '.\\resources\\table01.jpg'
10.4067 	EXP 	polygon_2: opacity = 0.0
10.4067 	EXP 	polygon_2: fillColor = '[1. 1. 1.] (rgb)'
10.4233 	EXP 	displayPicture: image = '.\\resources\\table01.jpg'
10.4233 	EXP 	polygon_2: opacity = 0.0
10.4233 	EXP 	polygon_2: fillColor = '[1. 1. 1.] (rgb)'
10.4400 	EXP 	displayPicture: image = '.\\resources\\table01.jpg'
10.4400 	EXP 	polygon_2: opacity = 0.0
10.4400 	EXP 	polygon_2: fillColor = '[1. 1. 1.] (rgb)'
10.4566 	EXP 	displayPicture: image = '.\\resources\\table01.jpg'
10.4566 	EXP 	polygon_2: opacity = 0.0
10.4566 	EXP 	polygon_2: fillColor = '[1. 1. 1.] (rgb)'
10.4733 	EXP 	displayPicture: image = '.\\resources\\table01.jpg'
10.4733 	EXP 	polygon_2: opacity = 0.0
10.4733 	EXP 	polygon_2: fillColor = '[1. 1. 1.] (rgb)'
10.4900 	EXP 	displayPicture: image = '.\\resources\\table01.jpg'
10.4900 	EXP 	polygon_2: opacity = 0.0
10.4900 	EXP 	polygon_2: fillColor = '[1. 1. 1.] (rgb)'
10.5066 	EXP 	displayPicture: image = '.\\resources\\table01.jpg'
10.5066 	EXP 	polygon_2: opacity = 0.0
10.5066 	EXP 	polygon_2: fillColor = '[1. 1. 1.] (rgb)'
10.5233 	EXP 	displayPicture: image = '.\\resources\\table01.jpg'
10.5233 	EXP 	polygon_2: opacity = 0.0
10.5233 	EXP 	polygon_2: fillColor = '[1. 1. 1.] (rgb)'
10.5400 	EXP 	displayPicture: image = '.\\resources\\table01.jpg'
10.5400 	EXP 	polygon_2: opacity = 1.0
10.5400 	EXP 	polygon_2: fillColor = '[1. 1. 1.] (rgb)'
10.5566 	EXP 	displayPicture: image = '.\\resources\\table01.jpg'
10.5566 	EXP 	polygon_2: opacity = 1.0
10.5566 	EXP 	polygon_2: fillColor = '[1. 1. 1.] (rgb)'
10.5733 	EXP 	displayPicture: image = '.\\resources\\table01.jpg'
10.5733 	EXP 	polygon_2: opacity = 1.0
10.5733 	EXP 	polygon_2: fillColor = '[1. 1. 1.] (rgb)'
10.5900 	EXP 	displayPicture: image = '.\\resources\\birthdaycandle.jpg'
10.5900 	EXP 	polygon_2: opacity = 0.0
10.5900 	EXP 	polygon_2: fillColor = '[1. 1. 1.] (rgb)'
10.6066 	EXP 	displayPicture: image = '.\\resources\\birthdaycandle.jpg'
10.6066 	EXP 	polygon_2: opacity = 0.0
10.6066 	EXP 	polygon_2: fillColor = '[1. 1. 1.] (rgb)'
10.6233 	EXP 	displayPicture: image = '.\\resources\\birthdaycandle.jpg'
10.6233 	EXP 	polygon_2: opacity = 0.0
10.6233 	EXP 	polygon_2: fillColor = '[1. 1. 1.] (rgb)'
10.6400 	EXP 	displayPicture: image = '.\\resources\\birthdaycandle.jpg'
10.6400 	EXP 	polygon_2: opacity = 0.0
10.6400 	EXP 	polygon_2: fillColor = '[1. 1. 1.] (rgb)'
10.6567 	EXP 	displayPicture: image = '.\\resources\\birthdaycandle.jpg'
10.6567 	EXP 	polygon_2: opacity = 0.0
10.6567 	EXP 	polygon_2: fillColor = '[1. 1. 1.] (rgb)'
10.6733 	EXP 	displayPicture: image = '.\\resources\\birthdaycandle.jpg'
10.6733 	EXP 	polygon_2: opacity = 0.0
10.6733 	EXP 	polygon_2: fillColor = '[1. 1. 1.] (rgb)'
10.6900 	EXP 	displayPicture: image = '.\\resources\\birthdaycandle.jpg'
10.6900 	EXP 	polygon_2: opacity = 0.0
10.6900 	EXP 	polygon_2: fillColor = '[1. 1. 1.] (rgb)'
10.7066 	EXP 	displayPicture: image = '.\\resources\\birthdaycandle.jpg'
10.7066 	EXP 	polygon_2: opacity = 0.0
10.7066 	EXP 	polygon_2: fillColor = '[1. 1. 1.] (rgb)'
10.7233 	EXP 	displayPicture: image = '.\\resources\\birthdaycandle.jpg'
10.7233 	EXP 	polygon_2: opacity = 0.0
10.7233 	EXP 	polygon_2: fillColor = '[1. 1. 1.] (rgb)'
10.7400 	EXP 	displayPicture: image = '.\\resources\\birthdaycandle.jpg'
10.7400 	EXP 	polygon_2: opacity = 0.0
10.7400 	EXP 	polygon_2: fillColor = '[1. 1. 1.] (rgb)'
10.7566 	EXP 	displayPicture: image = '.\\resources\\birthdaycandle.jpg'
10.7566 	EXP 	polygon_2: opacity = 0.0
10.7566 	EXP 	polygon_2: fillColor = '[1. 1. 1.] (rgb)'
10.7733 	EXP 	displayPicture: image = '.\\resources\\birthdaycandle.jpg'
10.7733 	EXP 	polygon_2: opacity = 0.0
10.7733 	EXP 	polygon_2: fillColor = '[1. 1. 1.] (rgb)'
10.7900 	EXP 	displayPicture: image = '.\\resources\\birthdaycandle.jpg'
10.7900 	EXP 	polygon_2: opacity = 0.0
10.7900 	EXP 	polygon_2: fillColor = '[1. 1. 1.] (rgb)'
10.8066 	EXP 	displayPicture: image = '.\\resources\\birthdaycandle.jpg'
10.8066 	EXP 	polygon_2: opacity = 0.0
10.8066 	EXP 	polygon_2: fillColor = '[1. 1. 1.] (rgb)'
10.8233 	EXP 	displayPicture: image = '.\\resources\\birthdaycandle.jpg'
10.8233 	EXP 	polygon_2: opacity = 0.0
10.8233 	EXP 	polygon_2: fillColor = '[1. 1. 1.] (rgb)'
10.8397 	EXP 	displayPicture: image = '.\\resources\\birthdaycandle.jpg'
10.8397 	EXP 	polygon_2: opacity = 0.0
10.8397 	EXP 	polygon_2: fillColor = '[1. 1. 1.] (rgb)'
10.8564 	EXP 	displayPicture: image = '.\\resources\\birthdaycandle.jpg'
10.8564 	EXP 	polygon_2: opacity = 0.0
10.8564 	EXP 	polygon_2: fillColor = '[1. 1. 1.] (rgb)'
10.8731 	EXP 	displayPicture: image = '.\\resources\\birthdaycandle.jpg'
10.8731 	EXP 	polygon_2: opacity = 0.0
10.8731 	EXP 	polygon_2: fillColor = '[1. 1. 1.] (rgb)'
10.8897 	EXP 	displayPicture: image = '.\\resources\\birthdaycandle.jpg'
10.8897 	EXP 	polygon_2: opacity = 0.0
10.8897 	EXP 	polygon_2: fillColor = '[1. 1. 1.] (rgb)'
10.9064 	EXP 	displayPicture: image = '.\\resources\\birthdaycandle.jpg'
10.9064 	EXP 	polygon_2: opacity = 0.0
10.9064 	EXP 	polygon_2: fillColor = '[1. 1. 1.] (rgb)'
10.9230 	EXP 	displayPicture: image = '.\\resources\\birthdaycandle.jpg'
10.9230 	EXP 	polygon_2: opacity = 0.0
10.9230 	EXP 	polygon_2: fillColor = '[1. 1. 1.] (rgb)'
10.9397 	EXP 	displayPicture: image = '.\\resources\\birthdaycandle.jpg'
10.9397 	EXP 	polygon_2: opacity = 0.0
10.9397 	EXP 	polygon_2: fillColor = '[1. 1. 1.] (rgb)'
10.9564 	EXP 	displayPicture: image = '.\\resources\\birthdaycandle.jpg'
10.9564 	EXP 	polygon_2: opacity = 0.0
10.9564 	EXP 	polygon_2: fillColor = '[1. 1. 1.] (rgb)'
10.9731 	EXP 	displayPicture: image = '.\\resources\\birthdaycandle.jpg'
10.9731 	EXP 	polygon_2: opacity = 0.0
10.9731 	EXP 	polygon_2: fillColor = '[1. 1. 1.] (rgb)'
10.9897 	EXP 	displayPicture: image = '.\\resources\\birthdaycandle.jpg'
10.9897 	EXP 	polygon_2: opacity = 0.0
10.9897 	EXP 	polygon_2: fillColor = '[1. 1. 1.] (rgb)'
11.0064 	EXP 	displayPicture: image = '.\\resources\\birthdaycandle.jpg'
11.0064 	EXP 	polygon_2: opacity = 0.0
11.0064 	EXP 	polygon_2: fillColor = '[1. 1. 1.] (rgb)'
11.0230 	EXP 	displayPicture: image = '.\\resources\\birthdaycandle.jpg'
11.0230 	EXP 	polygon_2: opacity = 0.0
11.0230 	EXP 	polygon_2: fillColor = '[1. 1. 1.] (rgb)'
11.0397 	EXP 	displayPicture: image = '.\\resources\\birthdaycandle.jpg'
11.0397 	EXP 	polygon_2: opacity = 0.0
11.0397 	EXP 	polygon_2: fillColor = '[1. 1. 1.] (rgb)'
11.0564 	EXP 	displayPicture: image = '.\\resources\\birthdaycandle.jpg'
11.0564 	EXP 	polygon_2: opacity = 0.0
11.0564 	EXP 	polygon_2: fillColor = '[1. 1. 1.] (rgb)'
11.0730 	EXP 	displayPicture: image = '.\\resources\\birthdaycandle.jpg'
11.0730 	EXP 	polygon_2: opacity = 0.0
11.0730 	EXP 	polygon_2: fillColor = '[1. 1. 1.] (rgb)'
11.0897 	EXP 	displayPicture: image = '.\\resources\\birthdaycandle.jpg'
11.0897 	EXP 	polygon_2: opacity = 1.0
11.0897 	EXP 	polygon_2: fillColor = '[1. 1. 1.] (rgb)'
11.1064 	EXP 	displayPicture: image = '.\\resources\\birthdaycandle.jpg'
11.1064 	EXP 	polygon_2: opacity = 1.0
11.1064 	EXP 	polygon_2: fillColor = '[1. 1. 1.] (rgb)'
11.1230 	EXP 	displayPicture: image = '.\\resources\\birthdaycandle.jpg'
11.1230 	EXP 	polygon_2: opacity = 1.0
11.1230 	EXP 	polygon_2: fillColor = '[1. 1. 1.] (rgb)'
11.1397 	EXP 	displayPicture: image = '.\\resources\\giraffe.jpg'
11.1397 	EXP 	polygon_2: opacity = 0.0
11.1397 	EXP 	polygon_2: fillColor = '[1. 1. 1.] (rgb)'
11.1564 	EXP 	displayPicture: image = '.\\resources\\giraffe.jpg'
11.1564 	EXP 	polygon_2: opacity = 0.0
11.1564 	EXP 	polygon_2: fillColor = '[1. 1. 1.] (rgb)'
11.1730 	EXP 	displayPicture: image = '.\\resources\\giraffe.jpg'
11.1730 	EXP 	polygon_2: opacity = 0.0
11.1730 	EXP 	polygon_2: fillColor = '[1. 1. 1.] (rgb)'
11.1897 	EXP 	displayPicture: image = '.\\resources\\giraffe.jpg'
11.1897 	EXP 	polygon_2: opacity = 0.0
11.1897 	EXP 	polygon_2: fillColor = '[1. 1. 1.] (rgb)'
11.2064 	EXP 	displayPicture: image = '.\\resources\\giraffe.jpg'
11.2064 	EXP 	polygon_2: opacity = 0.0
11.2064 	EXP 	polygon_2: fillColor = '[1. 1. 1.] (rgb)'
11.2230 	EXP 	displayPicture: image = '.\\resources\\giraffe.jpg'
11.2230 	EXP 	polygon_2: opacity = 0.0
11.2230 	EXP 	polygon_2: fillColor = '[1. 1. 1.] (rgb)'
11.2397 	EXP 	displayPicture: image = '.\\resources\\giraffe.jpg'
11.2397 	EXP 	polygon_2: opacity = 0.0
11.2397 	EXP 	polygon_2: fillColor = '[1. 1. 1.] (rgb)'
11.2564 	EXP 	displayPicture: image = '.\\resources\\giraffe.jpg'
11.2564 	EXP 	polygon_2: opacity = 0.0
11.2564 	EXP 	polygon_2: fillColor = '[1. 1. 1.] (rgb)'
11.2730 	EXP 	displayPicture: image = '.\\resources\\giraffe.jpg'
11.2730 	EXP 	polygon_2: opacity = 0.0
11.2730 	EXP 	polygon_2: fillColor = '[1. 1. 1.] (rgb)'
11.2897 	EXP 	displayPicture: image = '.\\resources\\giraffe.jpg'
11.2897 	EXP 	polygon_2: opacity = 0.0
11.2897 	EXP 	polygon_2: fillColor = '[1. 1. 1.] (rgb)'
11.3064 	EXP 	displayPicture: image = '.\\resources\\giraffe.jpg'
11.3064 	EXP 	polygon_2: opacity = 0.0
11.3064 	EXP 	polygon_2: fillColor = '[1. 1. 1.] (rgb)'
11.3230 	EXP 	displayPicture: image = '.\\resources\\giraffe.jpg'
11.3230 	EXP 	polygon_2: opacity = 0.0
11.3230 	EXP 	polygon_2: fillColor = '[1. 1. 1.] (rgb)'
11.3397 	EXP 	displayPicture: image = '.\\resources\\giraffe.jpg'
11.3397 	EXP 	polygon_2: opacity = 0.0
11.3397 	EXP 	polygon_2: fillColor = '[1. 1. 1.] (rgb)'
11.3564 	EXP 	displayPicture: image = '.\\resources\\giraffe.jpg'
11.3564 	EXP 	polygon_2: opacity = 0.0
11.3564 	EXP 	polygon_2: fillColor = '[1. 1. 1.] (rgb)'
11.3730 	EXP 	displayPicture: image = '.\\resources\\giraffe.jpg'
11.3730 	EXP 	polygon_2: opacity = 0.0
11.3730 	EXP 	polygon_2: fillColor = '[1. 1. 1.] (rgb)'
11.3897 	EXP 	displayPicture: image = '.\\resources\\giraffe.jpg'
11.3897 	EXP 	polygon_2: opacity = 0.0
11.3897 	EXP 	polygon_2: fillColor = '[1. 1. 1.] (rgb)'
11.4064 	EXP 	displayPicture: image = '.\\resources\\giraffe.jpg'
11.4064 	EXP 	polygon_2: opacity = 0.0
11.4064 	EXP 	polygon_2: fillColor = '[1. 1. 1.] (rgb)'
11.4230 	EXP 	displayPicture: image = '.\\resources\\giraffe.jpg'
11.4230 	EXP 	polygon_2: opacity = 0.0
11.4230 	EXP 	polygon_2: fillColor = '[1. 1. 1.] (rgb)'
11.4397 	EXP 	displayPicture: image = '.\\resources\\giraffe.jpg'
11.4397 	EXP 	polygon_2: opacity = 0.0
11.4397 	EXP 	polygon_2: fillColor = '[1. 1. 1.] (rgb)'
11.4564 	EXP 	displayPicture: image = '.\\resources\\giraffe.jpg'
11.4564 	EXP 	polygon_2: opacity = 0.0
11.4564 	EXP 	polygon_2: fillColor = '[1. 1. 1.] (rgb)'
11.4730 	EXP 	displayPicture: image = '.\\resources\\giraffe.jpg'
11.4730 	EXP 	polygon_2: opacity = 0.0
11.4730 	EXP 	polygon_2: fillColor = '[1. 1. 1.] (rgb)'
11.4897 	EXP 	displayPicture: image = '.\\resources\\giraffe.jpg'
11.4897 	EXP 	polygon_2: opacity = 0.0
11.4897 	EXP 	polygon_2: fillColor = '[1. 1. 1.] (rgb)'
11.5063 	EXP 	displayPicture: image = '.\\resources\\giraffe.jpg'
11.5063 	EXP 	polygon_2: opacity = 0.0
11.5063 	EXP 	polygon_2: fillColor = '[1. 1. 1.] (rgb)'
11.5230 	EXP 	displayPicture: image = '.\\resources\\giraffe.jpg'
11.5230 	EXP 	polygon_2: opacity = 0.0
11.5230 	EXP 	polygon_2: fillColor = '[1. 1. 1.] (rgb)'
11.5397 	EXP 	displayPicture: image = '.\\resources\\giraffe.jpg'
11.5397 	EXP 	polygon_2: opacity = 0.0
11.5397 	EXP 	polygon_2: fillColor = '[1. 1. 1.] (rgb)'
11.5563 	EXP 	displayPicture: image = '.\\resources\\giraffe.jpg'
11.5563 	EXP 	polygon_2: opacity = 0.0
11.5563 	EXP 	polygon_2: fillColor = '[1. 1. 1.] (rgb)'
11.5730 	EXP 	displayPicture: image = '.\\resources\\giraffe.jpg'
11.5730 	EXP 	polygon_2: opacity = 0.0
11.5730 	EXP 	polygon_2: fillColor = '[1. 1. 1.] (rgb)'
11.5897 	EXP 	displayPicture: image = '.\\resources\\giraffe.jpg'
11.5897 	EXP 	polygon_2: opacity = 0.0
11.5897 	EXP 	polygon_2: fillColor = '[1. 1. 1.] (rgb)'
11.6063 	EXP 	displayPicture: image = '.\\resources\\giraffe.jpg'
11.6063 	EXP 	polygon_2: opacity = 0.0
11.6063 	EXP 	polygon_2: fillColor = '[1. 1. 1.] (rgb)'
11.6230 	EXP 	displayPicture: image = '.\\resources\\giraffe.jpg'
11.6230 	EXP 	polygon_2: opacity = 0.0
11.6230 	EXP 	polygon_2: fillColor = '[1. 1. 1.] (rgb)'
11.6397 	EXP 	displayPicture: image = '.\\resources\\giraffe.jpg'
11.6397 	EXP 	polygon_2: opacity = 1.0
11.6397 	EXP 	polygon_2: fillColor = '[1. 1. 1.] (rgb)'
11.6564 	EXP 	displayPicture: image = '.\\resources\\giraffe.jpg'
11.6564 	EXP 	polygon_2: opacity = 1.0
11.6564 	EXP 	polygon_2: fillColor = '[1. 1. 1.] (rgb)'
11.6730 	EXP 	displayPicture: image = '.\\resources\\giraffe.jpg'
11.6730 	EXP 	polygon_2: opacity = 1.0
11.6730 	EXP 	polygon_2: fillColor = '[1. 1. 1.] (rgb)'
11.6897 	EXP 	displayPicture: image = '.\\resources\\toilet.jpg'
11.6897 	EXP 	polygon_2: opacity = 0.0
11.6897 	EXP 	polygon_2: fillColor = '[1. 1. 1.] (rgb)'
11.7063 	EXP 	displayPicture: image = '.\\resources\\toilet.jpg'
11.7063 	EXP 	polygon_2: opacity = 0.0
11.7063 	EXP 	polygon_2: fillColor = '[1. 1. 1.] (rgb)'
11.7230 	EXP 	displayPicture: image = '.\\resources\\toilet.jpg'
11.7230 	EXP 	polygon_2: opacity = 0.0
11.7230 	EXP 	polygon_2: fillColor = '[1. 1. 1.] (rgb)'
11.7397 	EXP 	displayPicture: image = '.\\resources\\toilet.jpg'
11.7397 	EXP 	polygon_2: opacity = 0.0
11.7397 	EXP 	polygon_2: fillColor = '[1. 1. 1.] (rgb)'
11.7563 	EXP 	displayPicture: image = '.\\resources\\toilet.jpg'
11.7563 	EXP 	polygon_2: opacity = 0.0
11.7563 	EXP 	polygon_2: fillColor = '[1. 1. 1.] (rgb)'
11.7730 	EXP 	displayPicture: image = '.\\resources\\toilet.jpg'
11.7730 	EXP 	polygon_2: opacity = 0.0
11.7730 	EXP 	polygon_2: fillColor = '[1. 1. 1.] (rgb)'
11.7897 	EXP 	displayPicture: image = '.\\resources\\toilet.jpg'
11.7897 	EXP 	polygon_2: opacity = 0.0
11.7897 	EXP 	polygon_2: fillColor = '[1. 1. 1.] (rgb)'
11.8064 	EXP 	displayPicture: image = '.\\resources\\toilet.jpg'
11.8064 	EXP 	polygon_2: opacity = 0.0
11.8064 	EXP 	polygon_2: fillColor = '[1. 1. 1.] (rgb)'
11.8230 	EXP 	displayPicture: image = '.\\resources\\toilet.jpg'
11.8230 	EXP 	polygon_2: opacity = 0.0
11.8230 	EXP 	polygon_2: fillColor = '[1. 1. 1.] (rgb)'
11.8397 	EXP 	displayPicture: image = '.\\resources\\toilet.jpg'
11.8397 	EXP 	polygon_2: opacity = 0.0
11.8397 	EXP 	polygon_2: fillColor = '[1. 1. 1.] (rgb)'
11.8563 	EXP 	displayPicture: image = '.\\resources\\toilet.jpg'
11.8563 	EXP 	polygon_2: opacity = 0.0
11.8563 	EXP 	polygon_2: fillColor = '[1. 1. 1.] (rgb)'
11.8730 	EXP 	displayPicture: image = '.\\resources\\toilet.jpg'
11.8730 	EXP 	polygon_2: opacity = 0.0
11.8730 	EXP 	polygon_2: fillColor = '[1. 1. 1.] (rgb)'
11.8897 	EXP 	displayPicture: image = '.\\resources\\toilet.jpg'
11.8897 	EXP 	polygon_2: opacity = 0.0
11.8897 	EXP 	polygon_2: fillColor = '[1. 1. 1.] (rgb)'
11.9063 	EXP 	displayPicture: image = '.\\resources\\toilet.jpg'
11.9063 	EXP 	polygon_2: opacity = 0.0
11.9063 	EXP 	polygon_2: fillColor = '[1. 1. 1.] (rgb)'
11.9230 	EXP 	displayPicture: image = '.\\resources\\toilet.jpg'
11.9230 	EXP 	polygon_2: opacity = 0.0
11.9230 	EXP 	polygon_2: fillColor = '[1. 1. 1.] (rgb)'
11.9397 	EXP 	displayPicture: image = '.\\resources\\toilet.jpg'
11.9397 	EXP 	polygon_2: opacity = 0.0
11.9397 	EXP 	polygon_2: fillColor = '[1. 1. 1.] (rgb)'
11.9564 	EXP 	displayPicture: image = '.\\resources\\toilet.jpg'
11.9564 	EXP 	polygon_2: opacity = 0.0
11.9564 	EXP 	polygon_2: fillColor = '[1. 1. 1.] (rgb)'
11.9730 	EXP 	displayPicture: image = '.\\resources\\toilet.jpg'
11.9730 	EXP 	polygon_2: opacity = 0.0
11.9730 	EXP 	polygon_2: fillColor = '[1. 1. 1.] (rgb)'
11.9897 	EXP 	displayPicture: image = '.\\resources\\toilet.jpg'
11.9897 	EXP 	polygon_2: opacity = 0.0
11.9897 	EXP 	polygon_2: fillColor = '[1. 1. 1.] (rgb)'
12.0064 	EXP 	displayPicture: image = '.\\resources\\toilet.jpg'
12.0064 	EXP 	polygon_2: opacity = 0.0
12.0064 	EXP 	polygon_2: fillColor = '[1. 1. 1.] (rgb)'
12.0230 	EXP 	displayPicture: image = '.\\resources\\toilet.jpg'
12.0230 	EXP 	polygon_2: opacity = 0.0
12.0230 	EXP 	polygon_2: fillColor = '[1. 1. 1.] (rgb)'
12.0397 	EXP 	displayPicture: image = '.\\resources\\toilet.jpg'
12.0397 	EXP 	polygon_2: opacity = 0.0
12.0397 	EXP 	polygon_2: fillColor = '[1. 1. 1.] (rgb)'
12.0563 	EXP 	displayPicture: image = '.\\resources\\toilet.jpg'
12.0563 	EXP 	polygon_2: opacity = 0.0
12.0563 	EXP 	polygon_2: fillColor = '[1. 1. 1.] (rgb)'
12.0730 	EXP 	displayPicture: image = '.\\resources\\toilet.jpg'
12.0730 	EXP 	polygon_2: opacity = 0.0
12.0730 	EXP 	polygon_2: fillColor = '[1. 1. 1.] (rgb)'
12.0896 	EXP 	displayPicture: image = '.\\resources\\toilet.jpg'
12.0896 	EXP 	polygon_2: opacity = 0.0
12.0896 	EXP 	polygon_2: fillColor = '[1. 1. 1.] (rgb)'
12.1063 	EXP 	displayPicture: image = '.\\resources\\toilet.jpg'
12.1063 	EXP 	polygon_2: opacity = 0.0
12.1063 	EXP 	polygon_2: fillColor = '[1. 1. 1.] (rgb)'
12.1230 	EXP 	displayPicture: image = '.\\resources\\toilet.jpg'
12.1230 	EXP 	polygon_2: opacity = 0.0
12.1230 	EXP 	polygon_2: fillColor = '[1. 1. 1.] (rgb)'
12.1397 	EXP 	displayPicture: image = '.\\resources\\toilet.jpg'
12.1397 	EXP 	polygon_2: opacity = 0.0
12.1397 	EXP 	polygon_2: fillColor = '[1. 1. 1.] (rgb)'
12.1563 	EXP 	displayPicture: image = '.\\resources\\toilet.jpg'
12.1563 	EXP 	polygon_2: opacity = 0.0
12.1563 	EXP 	polygon_2: fillColor = '[1. 1. 1.] (rgb)'
12.1730 	EXP 	displayPicture: image = '.\\resources\\toilet.jpg'
12.1730 	EXP 	polygon_2: opacity = 0.0
12.1730 	EXP 	polygon_2: fillColor = '[1. 1. 1.] (rgb)'
12.1897 	EXP 	displayPicture: image = '.\\resources\\toilet.jpg'
12.1897 	EXP 	polygon_2: opacity = 1.0
12.1897 	EXP 	polygon_2: fillColor = '[1. 1. 1.] (rgb)'
12.2063 	EXP 	displayPicture: image = '.\\resources\\toilet.jpg'
12.2063 	EXP 	polygon_2: opacity = 1.0
12.2063 	EXP 	polygon_2: fillColor = '[1. 1. 1.] (rgb)'
12.2230 	EXP 	displayPicture: image = '.\\resources\\toilet.jpg'
12.2230 	EXP 	polygon_2: opacity = 1.0
12.2230 	EXP 	polygon_2: fillColor = '[1. 1. 1.] (rgb)'
12.2397 	EXP 	displayPicture: image = '.\\resources\\xylophone.jpg'
12.2397 	EXP 	polygon_2: opacity = 0.0
12.2397 	EXP 	polygon_2: fillColor = '[1. 1. 1.] (rgb)'
12.2563 	EXP 	displayPicture: image = '.\\resources\\xylophone.jpg'
12.2563 	EXP 	polygon_2: opacity = 0.0
12.2563 	EXP 	polygon_2: fillColor = '[1. 1. 1.] (rgb)'
12.2730 	EXP 	displayPicture: image = '.\\resources\\xylophone.jpg'
12.2730 	EXP 	polygon_2: opacity = 0.0
12.2730 	EXP 	polygon_2: fillColor = '[1. 1. 1.] (rgb)'
12.2897 	EXP 	displayPicture: image = '.\\resources\\xylophone.jpg'
12.2897 	EXP 	polygon_2: opacity = 0.0
12.2897 	EXP 	polygon_2: fillColor = '[1. 1. 1.] (rgb)'
12.3063 	EXP 	displayPicture: image = '.\\resources\\xylophone.jpg'
12.3063 	EXP 	polygon_2: opacity = 0.0
12.3063 	EXP 	polygon_2: fillColor = '[1. 1. 1.] (rgb)'
12.3230 	EXP 	displayPicture: image = '.\\resources\\xylophone.jpg'
12.3230 	EXP 	polygon_2: opacity = 0.0
12.3230 	EXP 	polygon_2: fillColor = '[1. 1. 1.] (rgb)'
12.3397 	EXP 	displayPicture: image = '.\\resources\\xylophone.jpg'
12.3397 	EXP 	polygon_2: opacity = 0.0
12.3397 	EXP 	polygon_2: fillColor = '[1. 1. 1.] (rgb)'
12.3563 	EXP 	displayPicture: image = '.\\resources\\xylophone.jpg'
12.3563 	EXP 	polygon_2: opacity = 0.0
12.3563 	EXP 	polygon_2: fillColor = '[1. 1. 1.] (rgb)'
12.3730 	EXP 	displayPicture: image = '.\\resources\\xylophone.jpg'
12.3730 	EXP 	polygon_2: opacity = 0.0
12.3730 	EXP 	polygon_2: fillColor = '[1. 1. 1.] (rgb)'
12.3896 	EXP 	displayPicture: image = '.\\resources\\xylophone.jpg'
12.3896 	EXP 	polygon_2: opacity = 0.0
12.3896 	EXP 	polygon_2: fillColor = '[1. 1. 1.] (rgb)'
12.4063 	EXP 	displayPicture: image = '.\\resources\\xylophone.jpg'
12.4063 	EXP 	polygon_2: opacity = 0.0
12.4063 	EXP 	polygon_2: fillColor = '[1. 1. 1.] (rgb)'
12.4230 	EXP 	displayPicture: image = '.\\resources\\xylophone.jpg'
12.4230 	EXP 	polygon_2: opacity = 0.0
12.4230 	EXP 	polygon_2: fillColor = '[1. 1. 1.] (rgb)'
12.4396 	EXP 	displayPicture: image = '.\\resources\\xylophone.jpg'
12.4396 	EXP 	polygon_2: opacity = 0.0
12.4396 	EXP 	polygon_2: fillColor = '[1. 1. 1.] (rgb)'
12.4563 	EXP 	displayPicture: image = '.\\resources\\xylophone.jpg'
12.4563 	EXP 	polygon_2: opacity = 0.0
12.4563 	EXP 	polygon_2: fillColor = '[1. 1. 1.] (rgb)'
12.4729 	EXP 	displayPicture: image = '.\\resources\\xylophone.jpg'
12.4729 	EXP 	polygon_2: opacity = 0.0
12.4729 	EXP 	polygon_2: fillColor = '[1. 1. 1.] (rgb)'
12.4896 	EXP 	displayPicture: image = '.\\resources\\xylophone.jpg'
12.4896 	EXP 	polygon_2: opacity = 0.0
12.4896 	EXP 	polygon_2: fillColor = '[1. 1. 1.] (rgb)'
12.5063 	EXP 	displayPicture: image = '.\\resources\\xylophone.jpg'
12.5063 	EXP 	polygon_2: opacity = 0.0
12.5063 	EXP 	polygon_2: fillColor = '[1. 1. 1.] (rgb)'
12.5229 	EXP 	displayPicture: image = '.\\resources\\xylophone.jpg'
12.5229 	EXP 	polygon_2: opacity = 0.0
12.5229 	EXP 	polygon_2: fillColor = '[1. 1. 1.] (rgb)'
12.5396 	EXP 	displayPicture: image = '.\\resources\\xylophone.jpg'
12.5396 	EXP 	polygon_2: opacity = 0.0
12.5396 	EXP 	polygon_2: fillColor = '[1. 1. 1.] (rgb)'
12.5563 	EXP 	displayPicture: image = '.\\resources\\xylophone.jpg'
12.5563 	EXP 	polygon_2: opacity = 0.0
12.5563 	EXP 	polygon_2: fillColor = '[1. 1. 1.] (rgb)'
12.5730 	EXP 	displayPicture: image = '.\\resources\\xylophone.jpg'
12.5730 	EXP 	polygon_2: opacity = 0.0
12.5730 	EXP 	polygon_2: fillColor = '[1. 1. 1.] (rgb)'
12.5896 	EXP 	displayPicture: image = '.\\resources\\xylophone.jpg'
12.5896 	EXP 	polygon_2: opacity = 0.0
12.5896 	EXP 	polygon_2: fillColor = '[1. 1. 1.] (rgb)'
12.6063 	EXP 	displayPicture: image = '.\\resources\\xylophone.jpg'
12.6063 	EXP 	polygon_2: opacity = 0.0
12.6063 	EXP 	polygon_2: fillColor = '[1. 1. 1.] (rgb)'
12.6229 	EXP 	displayPicture: image = '.\\resources\\xylophone.jpg'
12.6229 	EXP 	polygon_2: opacity = 0.0
12.6229 	EXP 	polygon_2: fillColor = '[1. 1. 1.] (rgb)'
12.6396 	EXP 	displayPicture: image = '.\\resources\\xylophone.jpg'
12.6396 	EXP 	polygon_2: opacity = 0.0
12.6396 	EXP 	polygon_2: fillColor = '[1. 1. 1.] (rgb)'
12.6563 	EXP 	displayPicture: image = '.\\resources\\xylophone.jpg'
12.6563 	EXP 	polygon_2: opacity = 0.0
12.6563 	EXP 	polygon_2: fillColor = '[1. 1. 1.] (rgb)'
12.6729 	EXP 	displayPicture: image = '.\\resources\\xylophone.jpg'
12.6729 	EXP 	polygon_2: opacity = 0.0
12.6729 	EXP 	polygon_2: fillColor = '[1. 1. 1.] (rgb)'
12.6896 	EXP 	displayPicture: image = '.\\resources\\xylophone.jpg'
12.6896 	EXP 	polygon_2: opacity = 0.0
12.6896 	EXP 	polygon_2: fillColor = '[1. 1. 1.] (rgb)'
12.7063 	EXP 	displayPicture: image = '.\\resources\\xylophone.jpg'
12.7063 	EXP 	polygon_2: opacity = 0.0
12.7063 	EXP 	polygon_2: fillColor = '[1. 1. 1.] (rgb)'
12.7229 	EXP 	displayPicture: image = '.\\resources\\xylophone.jpg'
12.7229 	EXP 	polygon_2: opacity = 0.0
12.7229 	EXP 	polygon_2: fillColor = '[1. 1. 1.] (rgb)'
12.7396 	EXP 	displayPicture: image = '.\\resources\\xylophone.jpg'
12.7396 	EXP 	polygon_2: opacity = 1.0
12.7396 	EXP 	polygon_2: fillColor = '[1. 1. 1.] (rgb)'
12.7563 	EXP 	displayPicture: image = '.\\resources\\xylophone.jpg'
12.7563 	EXP 	polygon_2: opacity = 1.0
12.7563 	EXP 	polygon_2: fillColor = '[1. 1. 1.] (rgb)'
12.7729 	EXP 	displayPicture: image = '.\\resources\\xylophone.jpg'
12.7729 	EXP 	polygon_2: opacity = 1.0
12.7729 	EXP 	polygon_2: fillColor = '[1. 1. 1.] (rgb)'
12.7896 	EXP 	displayPicture: image = '.\\resources\\mrpotatohead.jpg'
12.7896 	EXP 	polygon_2: opacity = 0.0
12.7896 	EXP 	polygon_2: fillColor = '[1. 1. 1.] (rgb)'
12.8063 	EXP 	displayPicture: image = '.\\resources\\mrpotatohead.jpg'
12.8063 	EXP 	polygon_2: opacity = 0.0
12.8063 	EXP 	polygon_2: fillColor = '[1. 1. 1.] (rgb)'
12.8229 	EXP 	displayPicture: image = '.\\resources\\mrpotatohead.jpg'
12.8229 	EXP 	polygon_2: opacity = 0.0
12.8229 	EXP 	polygon_2: fillColor = '[1. 1. 1.] (rgb)'
12.8396 	EXP 	displayPicture: image = '.\\resources\\mrpotatohead.jpg'
12.8396 	EXP 	polygon_2: opacity = 0.0
12.8396 	EXP 	polygon_2: fillColor = '[1. 1. 1.] (rgb)'
12.8563 	EXP 	displayPicture: image = '.\\resources\\mrpotatohead.jpg'
12.8563 	EXP 	polygon_2: opacity = 0.0
12.8563 	EXP 	polygon_2: fillColor = '[1. 1. 1.] (rgb)'
12.8729 	EXP 	displayPicture: image = '.\\resources\\mrpotatohead.jpg'
12.8729 	EXP 	polygon_2: opacity = 0.0
12.8729 	EXP 	polygon_2: fillColor = '[1. 1. 1.] (rgb)'
12.8896 	EXP 	displayPicture: image = '.\\resources\\mrpotatohead.jpg'
12.8896 	EXP 	polygon_2: opacity = 0.0
12.8896 	EXP 	polygon_2: fillColor = '[1. 1. 1.] (rgb)'
12.9063 	EXP 	displayPicture: image = '.\\resources\\mrpotatohead.jpg'
12.9063 	EXP 	polygon_2: opacity = 0.0
12.9063 	EXP 	polygon_2: fillColor = '[1. 1. 1.] (rgb)'
12.9229 	EXP 	displayPicture: image = '.\\resources\\mrpotatohead.jpg'
12.9229 	EXP 	polygon_2: opacity = 0.0
12.9229 	EXP 	polygon_2: fillColor = '[1. 1. 1.] (rgb)'
12.9396 	EXP 	displayPicture: image = '.\\resources\\mrpotatohead.jpg'
12.9396 	EXP 	polygon_2: opacity = 0.0
12.9396 	EXP 	polygon_2: fillColor = '[1. 1. 1.] (rgb)'
12.9563 	EXP 	displayPicture: image = '.\\resources\\mrpotatohead.jpg'
12.9563 	EXP 	polygon_2: opacity = 0.0
12.9563 	EXP 	polygon_2: fillColor = '[1. 1. 1.] (rgb)'
12.9730 	EXP 	displayPicture: image = '.\\resources\\mrpotatohead.jpg'
12.9730 	EXP 	polygon_2: opacity = 0.0
12.9730 	EXP 	polygon_2: fillColor = '[1. 1. 1.] (rgb)'
12.9896 	EXP 	displayPicture: image = '.\\resources\\mrpotatohead.jpg'
12.9896 	EXP 	polygon_2: opacity = 0.0
12.9896 	EXP 	polygon_2: fillColor = '[1. 1. 1.] (rgb)'
13.0063 	EXP 	displayPicture: image = '.\\resources\\mrpotatohead.jpg'
13.0063 	EXP 	polygon_2: opacity = 0.0
13.0063 	EXP 	polygon_2: fillColor = '[1. 1. 1.] (rgb)'
13.0229 	EXP 	displayPicture: image = '.\\resources\\mrpotatohead.jpg'
13.0229 	EXP 	polygon_2: opacity = 0.0
13.0229 	EXP 	polygon_2: fillColor = '[1. 1. 1.] (rgb)'
13.0396 	EXP 	displayPicture: image = '.\\resources\\mrpotatohead.jpg'
13.0396 	EXP 	polygon_2: opacity = 0.0
13.0396 	EXP 	polygon_2: fillColor = '[1. 1. 1.] (rgb)'
13.0562 	EXP 	displayPicture: image = '.\\resources\\mrpotatohead.jpg'
13.0562 	EXP 	polygon_2: opacity = 0.0
13.0562 	EXP 	polygon_2: fillColor = '[1. 1. 1.] (rgb)'
13.0729 	EXP 	displayPicture: image = '.\\resources\\mrpotatohead.jpg'
13.0729 	EXP 	polygon_2: opacity = 0.0
13.0729 	EXP 	polygon_2: fillColor = '[1. 1. 1.] (rgb)'
13.0896 	EXP 	displayPicture: image = '.\\resources\\mrpotatohead.jpg'
13.0896 	EXP 	polygon_2: opacity = 0.0
13.0896 	EXP 	polygon_2: fillColor = '[1. 1. 1.] (rgb)'
13.1062 	EXP 	displayPicture: image = '.\\resources\\mrpotatohead.jpg'
13.1062 	EXP 	polygon_2: opacity = 0.0
13.1062 	EXP 	polygon_2: fillColor = '[1. 1. 1.] (rgb)'
13.1229 	EXP 	displayPicture: image = '.\\resources\\mrpotatohead.jpg'
13.1229 	EXP 	polygon_2: opacity = 0.0
13.1229 	EXP 	polygon_2: fillColor = '[1. 1. 1.] (rgb)'
13.1396 	EXP 	displayPicture: image = '.\\resources\\mrpotatohead.jpg'
13.1396 	EXP 	polygon_2: opacity = 0.0
13.1396 	EXP 	polygon_2: fillColor = '[1. 1. 1.] (rgb)'
13.1562 	EXP 	displayPicture: image = '.\\resources\\mrpotatohead.jpg'
13.1562 	EXP 	polygon_2: opacity = 0.0
13.1562 	EXP 	polygon_2: fillColor = '[1. 1. 1.] (rgb)'
13.1729 	EXP 	displayPicture: image = '.\\resources\\mrpotatohead.jpg'
13.1729 	EXP 	polygon_2: opacity = 0.0
13.1729 	EXP 	polygon_2: fillColor = '[1. 1. 1.] (rgb)'
13.1896 	EXP 	displayPicture: image = '.\\resources\\mrpotatohead.jpg'
13.1896 	EXP 	polygon_2: opacity = 0.0
13.1896 	EXP 	polygon_2: fillColor = '[1. 1. 1.] (rgb)'
13.2062 	EXP 	displayPicture: image = '.\\resources\\mrpotatohead.jpg'
13.2062 	EXP 	polygon_2: opacity = 0.0
13.2062 	EXP 	polygon_2: fillColor = '[1. 1. 1.] (rgb)'
13.2229 	EXP 	displayPicture: image = '.\\resources\\mrpotatohead.jpg'
13.2229 	EXP 	polygon_2: opacity = 0.0
13.2229 	EXP 	polygon_2: fillColor = '[1. 1. 1.] (rgb)'
13.2396 	EXP 	displayPicture: image = '.\\resources\\mrpotatohead.jpg'
13.2396 	EXP 	polygon_2: opacity = 0.0
13.2396 	EXP 	polygon_2: fillColor = '[1. 1. 1.] (rgb)'
13.2562 	EXP 	displayPicture: image = '.\\resources\\mrpotatohead.jpg'
13.2562 	EXP 	polygon_2: opacity = 0.0
13.2562 	EXP 	polygon_2: fillColor = '[1. 1. 1.] (rgb)'
13.2729 	EXP 	displayPicture: image = '.\\resources\\mrpotatohead.jpg'
13.2729 	EXP 	polygon_2: opacity = 0.0
13.2729 	EXP 	polygon_2: fillColor = '[1. 1. 1.] (rgb)'
13.2896 	EXP 	displayPicture: image = '.\\resources\\mrpotatohead.jpg'
13.2896 	EXP 	polygon_2: opacity = 1.0
13.2896 	EXP 	polygon_2: fillColor = '[1. 1. 1.] (rgb)'
13.3062 	EXP 	displayPicture: image = '.\\resources\\mrpotatohead.jpg'
13.3062 	EXP 	polygon_2: opacity = 1.0
13.3062 	EXP 	polygon_2: fillColor = '[1. 1. 1.] (rgb)'
13.3229 	EXP 	displayPicture: image = '.\\resources\\mrpotatohead.jpg'
13.3229 	EXP 	polygon_2: opacity = 1.0
13.3229 	EXP 	polygon_2: fillColor = '[1. 1. 1.] (rgb)'
13.3396 	EXP 	displayPicture: image = '.\\resources\\snowman.jpg'
13.3396 	EXP 	polygon_2: opacity = 0.0
13.3396 	EXP 	polygon_2: fillColor = '[1. 1. 1.] (rgb)'
13.3563 	EXP 	displayPicture: image = '.\\resources\\snowman.jpg'
13.3563 	EXP 	polygon_2: opacity = 0.0
13.3563 	EXP 	polygon_2: fillColor = '[1. 1. 1.] (rgb)'
13.3729 	EXP 	displayPicture: image = '.\\resources\\snowman.jpg'
13.3729 	EXP 	polygon_2: opacity = 0.0
13.3729 	EXP 	polygon_2: fillColor = '[1. 1. 1.] (rgb)'
13.3896 	EXP 	displayPicture: image = '.\\resources\\snowman.jpg'
13.3896 	EXP 	polygon_2: opacity = 0.0
13.3896 	EXP 	polygon_2: fillColor = '[1. 1. 1.] (rgb)'
13.4062 	EXP 	displayPicture: image = '.\\resources\\snowman.jpg'
13.4062 	EXP 	polygon_2: opacity = 0.0
13.4062 	EXP 	polygon_2: fillColor = '[1. 1. 1.] (rgb)'
13.4229 	EXP 	displayPicture: image = '.\\resources\\snowman.jpg'
13.4229 	EXP 	polygon_2: opacity = 0.0
13.4229 	EXP 	polygon_2: fillColor = '[1. 1. 1.] (rgb)'
13.4395 	EXP 	displayPicture: image = '.\\resources\\snowman.jpg'
13.4395 	EXP 	polygon_2: opacity = 0.0
13.4395 	EXP 	polygon_2: fillColor = '[1. 1. 1.] (rgb)'
13.4562 	EXP 	displayPicture: image = '.\\resources\\snowman.jpg'
13.4562 	EXP 	polygon_2: opacity = 0.0
13.4562 	EXP 	polygon_2: fillColor = '[1. 1. 1.] (rgb)'
13.4729 	EXP 	displayPicture: image = '.\\resources\\snowman.jpg'
13.4729 	EXP 	polygon_2: opacity = 0.0
13.4729 	EXP 	polygon_2: fillColor = '[1. 1. 1.] (rgb)'
13.4895 	EXP 	displayPicture: image = '.\\resources\\snowman.jpg'
13.4895 	EXP 	polygon_2: opacity = 0.0
13.4895 	EXP 	polygon_2: fillColor = '[1. 1. 1.] (rgb)'
13.5062 	EXP 	displayPicture: image = '.\\resources\\snowman.jpg'
13.5062 	EXP 	polygon_2: opacity = 0.0
13.5062 	EXP 	polygon_2: fillColor = '[1. 1. 1.] (rgb)'
13.5229 	EXP 	displayPicture: image = '.\\resources\\snowman.jpg'
13.5229 	EXP 	polygon_2: opacity = 0.0
13.5229 	EXP 	polygon_2: fillColor = '[1. 1. 1.] (rgb)'
13.5395 	EXP 	displayPicture: image = '.\\resources\\snowman.jpg'
13.5395 	EXP 	polygon_2: opacity = 0.0
13.5395 	EXP 	polygon_2: fillColor = '[1. 1. 1.] (rgb)'
13.5562 	EXP 	displayPicture: image = '.\\resources\\snowman.jpg'
13.5562 	EXP 	polygon_2: opacity = 0.0
13.5562 	EXP 	polygon_2: fillColor = '[1. 1. 1.] (rgb)'
13.5729 	EXP 	displayPicture: image = '.\\resources\\snowman.jpg'
13.5729 	EXP 	polygon_2: opacity = 0.0
13.5729 	EXP 	polygon_2: fillColor = '[1. 1. 1.] (rgb)'
13.5895 	EXP 	displayPicture: image = '.\\resources\\snowman.jpg'
13.5895 	EXP 	polygon_2: opacity = 0.0
13.5895 	EXP 	polygon_2: fillColor = '[1. 1. 1.] (rgb)'
13.6062 	EXP 	displayPicture: image = '.\\resources\\snowman.jpg'
13.6062 	EXP 	polygon_2: opacity = 0.0
13.6062 	EXP 	polygon_2: fillColor = '[1. 1. 1.] (rgb)'
13.6229 	EXP 	displayPicture: image = '.\\resources\\snowman.jpg'
13.6229 	EXP 	polygon_2: opacity = 0.0
13.6229 	EXP 	polygon_2: fillColor = '[1. 1. 1.] (rgb)'
13.6395 	EXP 	displayPicture: image = '.\\resources\\snowman.jpg'
13.6395 	EXP 	polygon_2: opacity = 0.0
13.6395 	EXP 	polygon_2: fillColor = '[1. 1. 1.] (rgb)'
13.6562 	EXP 	displayPicture: image = '.\\resources\\snowman.jpg'
13.6562 	EXP 	polygon_2: opacity = 0.0
13.6562 	EXP 	polygon_2: fillColor = '[1. 1. 1.] (rgb)'
13.6728 	EXP 	displayPicture: image = '.\\resources\\snowman.jpg'
13.6728 	EXP 	polygon_2: opacity = 0.0
13.6728 	EXP 	polygon_2: fillColor = '[1. 1. 1.] (rgb)'
13.6895 	EXP 	displayPicture: image = '.\\resources\\snowman.jpg'
13.6895 	EXP 	polygon_2: opacity = 0.0
13.6895 	EXP 	polygon_2: fillColor = '[1. 1. 1.] (rgb)'
13.7062 	EXP 	displayPicture: image = '.\\resources\\snowman.jpg'
13.7062 	EXP 	polygon_2: opacity = 0.0
13.7062 	EXP 	polygon_2: fillColor = '[1. 1. 1.] (rgb)'
13.7228 	EXP 	displayPicture: image = '.\\resources\\snowman.jpg'
13.7228 	EXP 	polygon_2: opacity = 0.0
13.7228 	EXP 	polygon_2: fillColor = '[1. 1. 1.] (rgb)'
13.7395 	EXP 	displayPicture: image = '.\\resources\\snowman.jpg'
13.7395 	EXP 	polygon_2: opacity = 0.0
13.7395 	EXP 	polygon_2: fillColor = '[1. 1. 1.] (rgb)'
13.7562 	EXP 	displayPicture: image = '.\\resources\\snowman.jpg'
13.7562 	EXP 	polygon_2: opacity = 0.0
13.7562 	EXP 	polygon_2: fillColor = '[1. 1. 1.] (rgb)'
13.7728 	EXP 	displayPicture: image = '.\\resources\\snowman.jpg'
13.7728 	EXP 	polygon_2: opacity = 0.0
13.7728 	EXP 	polygon_2: fillColor = '[1. 1. 1.] (rgb)'
13.7895 	EXP 	displayPicture: image = '.\\resources\\snowman.jpg'
13.7895 	EXP 	polygon_2: opacity = 0.0
13.7895 	EXP 	polygon_2: fillColor = '[1. 1. 1.] (rgb)'
13.8062 	EXP 	displayPicture: image = '.\\resources\\snowman.jpg'
13.8062 	EXP 	polygon_2: opacity = 0.0
13.8062 	EXP 	polygon_2: fillColor = '[1. 1. 1.] (rgb)'
13.8228 	EXP 	displayPicture: image = '.\\resources\\snowman.jpg'
13.8228 	EXP 	polygon_2: opacity = 0.0
13.8228 	EXP 	polygon_2: fillColor = '[1. 1. 1.] (rgb)'
13.8395 	EXP 	displayPicture: image = '.\\resources\\snowman.jpg'
13.8395 	EXP 	polygon_2: opacity = 1.0
13.8395 	EXP 	polygon_2: fillColor = '[1. 1. 1.] (rgb)'
13.8562 	EXP 	displayPicture: image = '.\\resources\\snowman.jpg'
13.8562 	EXP 	polygon_2: opacity = 1.0
13.8562 	EXP 	polygon_2: fillColor = '[1. 1. 1.] (rgb)'
13.8728 	EXP 	displayPicture: image = '.\\resources\\snowman.jpg'
13.8728 	EXP 	polygon_2: opacity = 1.0
13.8728 	EXP 	polygon_2: fillColor = '[1. 1. 1.] (rgb)'
13.8895 	EXP 	displayPicture: image = '.\\resources\\horse.jpg'
13.8895 	EXP 	polygon_2: opacity = 0.0
13.8895 	EXP 	polygon_2: fillColor = '[1. 1. 1.] (rgb)'
13.9062 	EXP 	displayPicture: image = '.\\resources\\horse.jpg'
13.9062 	EXP 	polygon_2: opacity = 0.0
13.9062 	EXP 	polygon_2: fillColor = '[1. 1. 1.] (rgb)'
13.9229 	EXP 	displayPicture: image = '.\\resources\\horse.jpg'
13.9229 	EXP 	polygon_2: opacity = 0.0
13.9229 	EXP 	polygon_2: fillColor = '[1. 1. 1.] (rgb)'
13.9395 	EXP 	displayPicture: image = '.\\resources\\horse.jpg'
13.9395 	EXP 	polygon_2: opacity = 0.0
13.9395 	EXP 	polygon_2: fillColor = '[1. 1. 1.] (rgb)'
13.9562 	EXP 	displayPicture: image = '.\\resources\\horse.jpg'
13.9562 	EXP 	polygon_2: opacity = 0.0
13.9562 	EXP 	polygon_2: fillColor = '[1. 1. 1.] (rgb)'
13.9728 	EXP 	displayPicture: image = '.\\resources\\horse.jpg'
13.9728 	EXP 	polygon_2: opacity = 0.0
13.9728 	EXP 	polygon_2: fillColor = '[1. 1. 1.] (rgb)'
13.9895 	EXP 	displayPicture: image = '.\\resources\\horse.jpg'
13.9895 	EXP 	polygon_2: opacity = 0.0
13.9895 	EXP 	polygon_2: fillColor = '[1. 1. 1.] (rgb)'
14.0062 	EXP 	displayPicture: image = '.\\resources\\horse.jpg'
14.0062 	EXP 	polygon_2: opacity = 0.0
14.0062 	EXP 	polygon_2: fillColor = '[1. 1. 1.] (rgb)'
14.0228 	EXP 	displayPicture: image = '.\\resources\\horse.jpg'
14.0228 	EXP 	polygon_2: opacity = 0.0
14.0228 	EXP 	polygon_2: fillColor = '[1. 1. 1.] (rgb)'
14.0395 	EXP 	displayPicture: image = '.\\resources\\horse.jpg'
14.0395 	EXP 	polygon_2: opacity = 0.0
14.0395 	EXP 	polygon_2: fillColor = '[1. 1. 1.] (rgb)'
14.0562 	EXP 	displayPicture: image = '.\\resources\\horse.jpg'
14.0562 	EXP 	polygon_2: opacity = 0.0
14.0562 	EXP 	polygon_2: fillColor = '[1. 1. 1.] (rgb)'
14.0728 	EXP 	displayPicture: image = '.\\resources\\horse.jpg'
14.0728 	EXP 	polygon_2: opacity = 0.0
14.0728 	EXP 	polygon_2: fillColor = '[1. 1. 1.] (rgb)'
14.0895 	EXP 	displayPicture: image = '.\\resources\\horse.jpg'
14.0895 	EXP 	polygon_2: opacity = 0.0
14.0895 	EXP 	polygon_2: fillColor = '[1. 1. 1.] (rgb)'
14.1061 	EXP 	displayPicture: image = '.\\resources\\horse.jpg'
14.1061 	EXP 	polygon_2: opacity = 0.0
14.1061 	EXP 	polygon_2: fillColor = '[1. 1. 1.] (rgb)'
14.1228 	EXP 	displayPicture: image = '.\\resources\\horse.jpg'
14.1228 	EXP 	polygon_2: opacity = 0.0
14.1228 	EXP 	polygon_2: fillColor = '[1. 1. 1.] (rgb)'
14.1395 	EXP 	displayPicture: image = '.\\resources\\horse.jpg'
14.1395 	EXP 	polygon_2: opacity = 0.0
14.1395 	EXP 	polygon_2: fillColor = '[1. 1. 1.] (rgb)'
14.1561 	EXP 	displayPicture: image = '.\\resources\\horse.jpg'
14.1561 	EXP 	polygon_2: opacity = 0.0
14.1561 	EXP 	polygon_2: fillColor = '[1. 1. 1.] (rgb)'
14.1728 	EXP 	displayPicture: image = '.\\resources\\horse.jpg'
14.1728 	EXP 	polygon_2: opacity = 0.0
14.1728 	EXP 	polygon_2: fillColor = '[1. 1. 1.] (rgb)'
14.1895 	EXP 	displayPicture: image = '.\\resources\\horse.jpg'
14.1895 	EXP 	polygon_2: opacity = 0.0
14.1895 	EXP 	polygon_2: fillColor = '[1. 1. 1.] (rgb)'
14.2061 	EXP 	displayPicture: image = '.\\resources\\horse.jpg'
14.2061 	EXP 	polygon_2: opacity = 0.0
14.2061 	EXP 	polygon_2: fillColor = '[1. 1. 1.] (rgb)'
14.2228 	EXP 	displayPicture: image = '.\\resources\\horse.jpg'
14.2228 	EXP 	polygon_2: opacity = 0.0
14.2228 	EXP 	polygon_2: fillColor = '[1. 1. 1.] (rgb)'
14.2395 	EXP 	displayPicture: image = '.\\resources\\horse.jpg'
14.2395 	EXP 	polygon_2: opacity = 0.0
14.2395 	EXP 	polygon_2: fillColor = '[1. 1. 1.] (rgb)'
14.2562 	EXP 	displayPicture: image = '.\\resources\\horse.jpg'
14.2562 	EXP 	polygon_2: opacity = 0.0
14.2562 	EXP 	polygon_2: fillColor = '[1. 1. 1.] (rgb)'
14.2728 	EXP 	displayPicture: image = '.\\resources\\horse.jpg'
14.2728 	EXP 	polygon_2: opacity = 0.0
14.2728 	EXP 	polygon_2: fillColor = '[1. 1. 1.] (rgb)'
14.2895 	EXP 	displayPicture: image = '.\\resources\\horse.jpg'
14.2895 	EXP 	polygon_2: opacity = 0.0
14.2895 	EXP 	polygon_2: fillColor = '[1. 1. 1.] (rgb)'
14.3061 	EXP 	displayPicture: image = '.\\resources\\horse.jpg'
14.3061 	EXP 	polygon_2: opacity = 0.0
14.3061 	EXP 	polygon_2: fillColor = '[1. 1. 1.] (rgb)'
14.3228 	EXP 	displayPicture: image = '.\\resources\\horse.jpg'
14.3228 	EXP 	polygon_2: opacity = 0.0
14.3228 	EXP 	polygon_2: fillColor = '[1. 1. 1.] (rgb)'
14.3395 	EXP 	displayPicture: image = '.\\resources\\horse.jpg'
14.3395 	EXP 	polygon_2: opacity = 0.0
14.3395 	EXP 	polygon_2: fillColor = '[1. 1. 1.] (rgb)'
14.3562 	EXP 	displayPicture: image = '.\\resources\\horse.jpg'
14.3562 	EXP 	polygon_2: opacity = 0.0
14.3562 	EXP 	polygon_2: fillColor = '[1. 1. 1.] (rgb)'
14.3728 	EXP 	displayPicture: image = '.\\resources\\horse.jpg'
14.3728 	EXP 	polygon_2: opacity = 0.0
14.3728 	EXP 	polygon_2: fillColor = '[1. 1. 1.] (rgb)'
14.3894 	EXP 	displayPicture: image = '.\\resources\\horse.jpg'
14.3894 	EXP 	polygon_2: opacity = 1.0
14.3894 	EXP 	polygon_2: fillColor = '[1. 1. 1.] (rgb)'
14.4061 	EXP 	displayPicture: image = '.\\resources\\horse.jpg'
14.4061 	EXP 	polygon_2: opacity = 1.0
14.4061 	EXP 	polygon_2: fillColor = '[1. 1. 1.] (rgb)'
14.4228 	EXP 	displayPicture: image = '.\\resources\\horse.jpg'
14.4228 	EXP 	polygon_2: opacity = 1.0
14.4228 	EXP 	polygon_2: fillColor = '[1. 1. 1.] (rgb)'
14.4395 	EXP 	displayPicture: image = '.\\resources\\frisbee.jpg'
14.4395 	EXP 	polygon_2: opacity = 0.0
14.4395 	EXP 	polygon_2: fillColor = '[1. 1. 1.] (rgb)'
14.4561 	EXP 	displayPicture: image = '.\\resources\\frisbee.jpg'
14.4561 	EXP 	polygon_2: opacity = 0.0
14.4561 	EXP 	polygon_2: fillColor = '[1. 1. 1.] (rgb)'
14.4728 	EXP 	displayPicture: image = '.\\resources\\frisbee.jpg'
14.4728 	EXP 	polygon_2: opacity = 0.0
14.4728 	EXP 	polygon_2: fillColor = '[1. 1. 1.] (rgb)'
14.4895 	EXP 	displayPicture: image = '.\\resources\\frisbee.jpg'
14.4895 	EXP 	polygon_2: opacity = 0.0
14.4895 	EXP 	polygon_2: fillColor = '[1. 1. 1.] (rgb)'
14.5061 	EXP 	displayPicture: image = '.\\resources\\frisbee.jpg'
14.5061 	EXP 	polygon_2: opacity = 0.0
14.5061 	EXP 	polygon_2: fillColor = '[1. 1. 1.] (rgb)'
14.5228 	EXP 	displayPicture: image = '.\\resources\\frisbee.jpg'
14.5228 	EXP 	polygon_2: opacity = 0.0
14.5228 	EXP 	polygon_2: fillColor = '[1. 1. 1.] (rgb)'
14.5395 	EXP 	displayPicture: image = '.\\resources\\frisbee.jpg'
14.5395 	EXP 	polygon_2: opacity = 0.0
14.5395 	EXP 	polygon_2: fillColor = '[1. 1. 1.] (rgb)'
14.5561 	EXP 	displayPicture: image = '.\\resources\\frisbee.jpg'
14.5561 	EXP 	polygon_2: opacity = 0.0
14.5561 	EXP 	polygon_2: fillColor = '[1. 1. 1.] (rgb)'
14.5728 	EXP 	displayPicture: image = '.\\resources\\frisbee.jpg'
14.5728 	EXP 	polygon_2: opacity = 0.0
14.5728 	EXP 	polygon_2: fillColor = '[1. 1. 1.] (rgb)'
14.5895 	EXP 	displayPicture: image = '.\\resources\\frisbee.jpg'
14.5895 	EXP 	polygon_2: opacity = 0.0
14.5895 	EXP 	polygon_2: fillColor = '[1. 1. 1.] (rgb)'
14.6061 	EXP 	displayPicture: image = '.\\resources\\frisbee.jpg'
14.6061 	EXP 	polygon_2: opacity = 0.0
14.6061 	EXP 	polygon_2: fillColor = '[1. 1. 1.] (rgb)'
14.6228 	EXP 	displayPicture: image = '.\\resources\\frisbee.jpg'
14.6228 	EXP 	polygon_2: opacity = 0.0
14.6228 	EXP 	polygon_2: fillColor = '[1. 1. 1.] (rgb)'
14.6395 	EXP 	displayPicture: image = '.\\resources\\frisbee.jpg'
14.6395 	EXP 	polygon_2: opacity = 0.0
14.6395 	EXP 	polygon_2: fillColor = '[1. 1. 1.] (rgb)'
14.6562 	EXP 	displayPicture: image = '.\\resources\\frisbee.jpg'
14.6562 	EXP 	polygon_2: opacity = 0.0
14.6562 	EXP 	polygon_2: fillColor = '[1. 1. 1.] (rgb)'
14.6728 	EXP 	displayPicture: image = '.\\resources\\frisbee.jpg'
14.6728 	EXP 	polygon_2: opacity = 0.0
14.6728 	EXP 	polygon_2: fillColor = '[1. 1. 1.] (rgb)'
14.6895 	EXP 	displayPicture: image = '.\\resources\\frisbee.jpg'
14.6895 	EXP 	polygon_2: opacity = 0.0
14.6895 	EXP 	polygon_2: fillColor = '[1. 1. 1.] (rgb)'
14.7061 	EXP 	displayPicture: image = '.\\resources\\frisbee.jpg'
14.7061 	EXP 	polygon_2: opacity = 0.0
14.7061 	EXP 	polygon_2: fillColor = '[1. 1. 1.] (rgb)'
14.7228 	EXP 	displayPicture: image = '.\\resources\\frisbee.jpg'
14.7228 	EXP 	polygon_2: opacity = 0.0
14.7228 	EXP 	polygon_2: fillColor = '[1. 1. 1.] (rgb)'
14.7394 	EXP 	displayPicture: image = '.\\resources\\frisbee.jpg'
14.7394 	EXP 	polygon_2: opacity = 0.0
14.7394 	EXP 	polygon_2: fillColor = '[1. 1. 1.] (rgb)'
14.7561 	EXP 	displayPicture: image = '.\\resources\\frisbee.jpg'
14.7561 	EXP 	polygon_2: opacity = 0.0
14.7561 	EXP 	polygon_2: fillColor = '[1. 1. 1.] (rgb)'
14.7727 	EXP 	displayPicture: image = '.\\resources\\frisbee.jpg'
14.7727 	EXP 	polygon_2: opacity = 0.0
14.7727 	EXP 	polygon_2: fillColor = '[1. 1. 1.] (rgb)'
14.7894 	EXP 	displayPicture: image = '.\\resources\\frisbee.jpg'
14.7894 	EXP 	polygon_2: opacity = 0.0
14.7894 	EXP 	polygon_2: fillColor = '[1. 1. 1.] (rgb)'
14.8061 	EXP 	displayPicture: image = '.\\resources\\frisbee.jpg'
14.8061 	EXP 	polygon_2: opacity = 0.0
14.8061 	EXP 	polygon_2: fillColor = '[1. 1. 1.] (rgb)'
14.8228 	EXP 	displayPicture: image = '.\\resources\\frisbee.jpg'
14.8228 	EXP 	polygon_2: opacity = 0.0
14.8228 	EXP 	polygon_2: fillColor = '[1. 1. 1.] (rgb)'
14.8395 	EXP 	displayPicture: image = '.\\resources\\frisbee.jpg'
14.8395 	EXP 	polygon_2: opacity = 0.0
14.8395 	EXP 	polygon_2: fillColor = '[1. 1. 1.] (rgb)'
14.8561 	EXP 	displayPicture: image = '.\\resources\\frisbee.jpg'
14.8561 	EXP 	polygon_2: opacity = 0.0
14.8561 	EXP 	polygon_2: fillColor = '[1. 1. 1.] (rgb)'
14.8728 	EXP 	displayPicture: image = '.\\resources\\frisbee.jpg'
14.8728 	EXP 	polygon_2: opacity = 0.0
14.8728 	EXP 	polygon_2: fillColor = '[1. 1. 1.] (rgb)'
14.8895 	EXP 	displayPicture: image = '.\\resources\\frisbee.jpg'
14.8895 	EXP 	polygon_2: opacity = 0.0
14.8895 	EXP 	polygon_2: fillColor = '[1. 1. 1.] (rgb)'
14.9061 	EXP 	displayPicture: image = '.\\resources\\frisbee.jpg'
14.9061 	EXP 	polygon_2: opacity = 0.0
14.9061 	EXP 	polygon_2: fillColor = '[1. 1. 1.] (rgb)'
14.9228 	EXP 	displayPicture: image = '.\\resources\\frisbee.jpg'
14.9228 	EXP 	polygon_2: opacity = 0.0
14.9228 	EXP 	polygon_2: fillColor = '[1. 1. 1.] (rgb)'
14.9394 	EXP 	displayPicture: image = '.\\resources\\frisbee.jpg'
14.9394 	EXP 	polygon_2: opacity = 1.0
14.9394 	EXP 	polygon_2: fillColor = '[1. 1. 1.] (rgb)'
14.9561 	EXP 	displayPicture: image = '.\\resources\\frisbee.jpg'
14.9561 	EXP 	polygon_2: opacity = 1.0
14.9561 	EXP 	polygon_2: fillColor = '[1. 1. 1.] (rgb)'
14.9728 	EXP 	displayPicture: image = '.\\resources\\frisbee.jpg'
14.9728 	EXP 	polygon_2: opacity = 1.0
14.9728 	EXP 	polygon_2: fillColor = '[1. 1. 1.] (rgb)'
14.9894 	EXP 	displayPicture: image = '.\\resources\\tortoise01.jpg'
14.9894 	EXP 	polygon_2: opacity = 0.0
14.9894 	EXP 	polygon_2: fillColor = '[1. 1. 1.] (rgb)'
15.0061 	EXP 	displayPicture: image = '.\\resources\\tortoise01.jpg'
15.0061 	EXP 	polygon_2: opacity = 0.0
15.0061 	EXP 	polygon_2: fillColor = '[1. 1. 1.] (rgb)'
15.0228 	EXP 	displayPicture: image = '.\\resources\\tortoise01.jpg'
15.0228 	EXP 	polygon_2: opacity = 0.0
15.0228 	EXP 	polygon_2: fillColor = '[1. 1. 1.] (rgb)'
15.0394 	EXP 	displayPicture: image = '.\\resources\\tortoise01.jpg'
15.0394 	EXP 	polygon_2: opacity = 0.0
15.0394 	EXP 	polygon_2: fillColor = '[1. 1. 1.] (rgb)'
15.0561 	EXP 	displayPicture: image = '.\\resources\\tortoise01.jpg'
15.0561 	EXP 	polygon_2: opacity = 0.0
15.0561 	EXP 	polygon_2: fillColor = '[1. 1. 1.] (rgb)'
15.0728 	EXP 	displayPicture: image = '.\\resources\\tortoise01.jpg'
15.0728 	EXP 	polygon_2: opacity = 0.0
15.0728 	EXP 	polygon_2: fillColor = '[1. 1. 1.] (rgb)'
15.0894 	EXP 	displayPicture: image = '.\\resources\\tortoise01.jpg'
15.0894 	EXP 	polygon_2: opacity = 0.0
15.0894 	EXP 	polygon_2: fillColor = '[1. 1. 1.] (rgb)'
15.1061 	EXP 	displayPicture: image = '.\\resources\\tortoise01.jpg'
15.1061 	EXP 	polygon_2: opacity = 0.0
15.1061 	EXP 	polygon_2: fillColor = '[1. 1. 1.] (rgb)'
15.1228 	EXP 	displayPicture: image = '.\\resources\\tortoise01.jpg'
15.1228 	EXP 	polygon_2: opacity = 0.0
15.1228 	EXP 	polygon_2: fillColor = '[1. 1. 1.] (rgb)'
15.1394 	EXP 	displayPicture: image = '.\\resources\\tortoise01.jpg'
15.1394 	EXP 	polygon_2: opacity = 0.0
15.1394 	EXP 	polygon_2: fillColor = '[1. 1. 1.] (rgb)'
15.1561 	EXP 	displayPicture: image = '.\\resources\\tortoise01.jpg'
15.1561 	EXP 	polygon_2: opacity = 0.0
15.1561 	EXP 	polygon_2: fillColor = '[1. 1. 1.] (rgb)'
15.1728 	EXP 	displayPicture: image = '.\\resources\\tortoise01.jpg'
15.1728 	EXP 	polygon_2: opacity = 0.0
15.1728 	EXP 	polygon_2: fillColor = '[1. 1. 1.] (rgb)'
15.1894 	EXP 	displayPicture: image = '.\\resources\\tortoise01.jpg'
15.1894 	EXP 	polygon_2: opacity = 0.0
15.1894 	EXP 	polygon_2: fillColor = '[1. 1. 1.] (rgb)'
15.2061 	EXP 	displayPicture: image = '.\\resources\\tortoise01.jpg'
15.2061 	EXP 	polygon_2: opacity = 0.0
15.2061 	EXP 	polygon_2: fillColor = '[1. 1. 1.] (rgb)'
15.2228 	EXP 	displayPicture: image = '.\\resources\\tortoise01.jpg'
15.2228 	EXP 	polygon_2: opacity = 0.0
15.2228 	EXP 	polygon_2: fillColor = '[1. 1. 1.] (rgb)'
15.2394 	EXP 	displayPicture: image = '.\\resources\\tortoise01.jpg'
15.2394 	EXP 	polygon_2: opacity = 0.0
15.2394 	EXP 	polygon_2: fillColor = '[1. 1. 1.] (rgb)'
15.2561 	EXP 	displayPicture: image = '.\\resources\\tortoise01.jpg'
15.2561 	EXP 	polygon_2: opacity = 0.0
15.2561 	EXP 	polygon_2: fillColor = '[1. 1. 1.] (rgb)'
15.2728 	EXP 	displayPicture: image = '.\\resources\\tortoise01.jpg'
15.2728 	EXP 	polygon_2: opacity = 0.0
15.2728 	EXP 	polygon_2: fillColor = '[1. 1. 1.] (rgb)'
15.2894 	EXP 	displayPicture: image = '.\\resources\\tortoise01.jpg'
15.2894 	EXP 	polygon_2: opacity = 0.0
15.2894 	EXP 	polygon_2: fillColor = '[1. 1. 1.] (rgb)'
15.3061 	EXP 	displayPicture: image = '.\\resources\\tortoise01.jpg'
15.3061 	EXP 	polygon_2: opacity = 0.0
15.3061 	EXP 	polygon_2: fillColor = '[1. 1. 1.] (rgb)'
15.3228 	EXP 	displayPicture: image = '.\\resources\\tortoise01.jpg'
15.3228 	EXP 	polygon_2: opacity = 0.0
15.3228 	EXP 	polygon_2: fillColor = '[1. 1. 1.] (rgb)'
15.3394 	EXP 	displayPicture: image = '.\\resources\\tortoise01.jpg'
15.3394 	EXP 	polygon_2: opacity = 0.0
15.3394 	EXP 	polygon_2: fillColor = '[1. 1. 1.] (rgb)'
15.3561 	EXP 	displayPicture: image = '.\\resources\\tortoise01.jpg'
15.3561 	EXP 	polygon_2: opacity = 0.0
15.3561 	EXP 	polygon_2: fillColor = '[1. 1. 1.] (rgb)'
15.3728 	EXP 	displayPicture: image = '.\\resources\\tortoise01.jpg'
15.3728 	EXP 	polygon_2: opacity = 0.0
15.3728 	EXP 	polygon_2: fillColor = '[1. 1. 1.] (rgb)'
15.3894 	EXP 	displayPicture: image = '.\\resources\\tortoise01.jpg'
15.3894 	EXP 	polygon_2: opacity = 0.0
15.3894 	EXP 	polygon_2: fillColor = '[1. 1. 1.] (rgb)'
15.4061 	EXP 	displayPicture: image = '.\\resources\\tortoise01.jpg'
15.4061 	EXP 	polygon_2: opacity = 0.0
15.4061 	EXP 	polygon_2: fillColor = '[1. 1. 1.] (rgb)'
15.4228 	EXP 	displayPicture: image = '.\\resources\\tortoise01.jpg'
15.4228 	EXP 	polygon_2: opacity = 0.0
15.4228 	EXP 	polygon_2: fillColor = '[1. 1. 1.] (rgb)'
15.4394 	EXP 	displayPicture: image = '.\\resources\\tortoise01.jpg'
15.4394 	EXP 	polygon_2: opacity = 0.0
15.4394 	EXP 	polygon_2: fillColor = '[1. 1. 1.] (rgb)'
15.4561 	EXP 	displayPicture: image = '.\\resources\\tortoise01.jpg'
15.4561 	EXP 	polygon_2: opacity = 0.0
15.4561 	EXP 	polygon_2: fillColor = '[1. 1. 1.] (rgb)'
15.4728 	EXP 	displayPicture: image = '.\\resources\\tortoise01.jpg'
15.4728 	EXP 	polygon_2: opacity = 0.0
15.4728 	EXP 	polygon_2: fillColor = '[1. 1. 1.] (rgb)'
15.4894 	EXP 	displayPicture: image = '.\\resources\\tortoise01.jpg'
15.4894 	EXP 	polygon_2: opacity = 1.0
15.4894 	EXP 	polygon_2: fillColor = '[1. 1. 1.] (rgb)'
15.5061 	EXP 	displayPicture: image = '.\\resources\\tortoise01.jpg'
15.5061 	EXP 	polygon_2: opacity = 1.0
15.5061 	EXP 	polygon_2: fillColor = '[1. 1. 1.] (rgb)'
15.5228 	EXP 	displayPicture: image = '.\\resources\\tortoise01.jpg'
15.5228 	EXP 	polygon_2: opacity = 1.0
15.5228 	EXP 	polygon_2: fillColor = '[1. 1. 1.] (rgb)'
15.5394 	EXP 	displayPicture: image = '.\\resources\\surfboard.jpg'
15.5394 	EXP 	polygon_2: opacity = 0.0
15.5394 	EXP 	polygon_2: fillColor = '[1. 1. 1.] (rgb)'
15.5561 	EXP 	displayPicture: image = '.\\resources\\surfboard.jpg'
15.5561 	EXP 	polygon_2: opacity = 0.0
15.5561 	EXP 	polygon_2: fillColor = '[1. 1. 1.] (rgb)'
15.5727 	EXP 	displayPicture: image = '.\\resources\\surfboard.jpg'
15.5727 	EXP 	polygon_2: opacity = 0.0
15.5727 	EXP 	polygon_2: fillColor = '[1. 1. 1.] (rgb)'
15.5894 	EXP 	displayPicture: image = '.\\resources\\surfboard.jpg'
15.5894 	EXP 	polygon_2: opacity = 0.0
15.5894 	EXP 	polygon_2: fillColor = '[1. 1. 1.] (rgb)'
15.6061 	EXP 	displayPicture: image = '.\\resources\\surfboard.jpg'
15.6061 	EXP 	polygon_2: opacity = 0.0
15.6061 	EXP 	polygon_2: fillColor = '[1. 1. 1.] (rgb)'
15.6228 	EXP 	displayPicture: image = '.\\resources\\surfboard.jpg'
15.6228 	EXP 	polygon_2: opacity = 0.0
15.6228 	EXP 	polygon_2: fillColor = '[1. 1. 1.] (rgb)'
15.6394 	EXP 	displayPicture: image = '.\\resources\\surfboard.jpg'
15.6394 	EXP 	polygon_2: opacity = 0.0
15.6394 	EXP 	polygon_2: fillColor = '[1. 1. 1.] (rgb)'
15.6561 	EXP 	displayPicture: image = '.\\resources\\surfboard.jpg'
15.6561 	EXP 	polygon_2: opacity = 0.0
15.6561 	EXP 	polygon_2: fillColor = '[1. 1. 1.] (rgb)'
15.6727 	EXP 	displayPicture: image = '.\\resources\\surfboard.jpg'
15.6727 	EXP 	polygon_2: opacity = 0.0
15.6727 	EXP 	polygon_2: fillColor = '[1. 1. 1.] (rgb)'
15.6894 	EXP 	displayPicture: image = '.\\resources\\surfboard.jpg'
15.6894 	EXP 	polygon_2: opacity = 0.0
15.6894 	EXP 	polygon_2: fillColor = '[1. 1. 1.] (rgb)'
15.7061 	EXP 	displayPicture: image = '.\\resources\\surfboard.jpg'
15.7061 	EXP 	polygon_2: opacity = 0.0
15.7061 	EXP 	polygon_2: fillColor = '[1. 1. 1.] (rgb)'
15.7228 	EXP 	displayPicture: image = '.\\resources\\surfboard.jpg'
15.7228 	EXP 	polygon_2: opacity = 0.0
15.7228 	EXP 	polygon_2: fillColor = '[1. 1. 1.] (rgb)'
15.7394 	EXP 	displayPicture: image = '.\\resources\\surfboard.jpg'
15.7394 	EXP 	polygon_2: opacity = 0.0
15.7394 	EXP 	polygon_2: fillColor = '[1. 1. 1.] (rgb)'
15.7561 	EXP 	displayPicture: image = '.\\resources\\surfboard.jpg'
15.7561 	EXP 	polygon_2: opacity = 0.0
15.7561 	EXP 	polygon_2: fillColor = '[1. 1. 1.] (rgb)'
15.7727 	EXP 	displayPicture: image = '.\\resources\\surfboard.jpg'
15.7727 	EXP 	polygon_2: opacity = 0.0
15.7727 	EXP 	polygon_2: fillColor = '[1. 1. 1.] (rgb)'
15.7894 	EXP 	displayPicture: image = '.\\resources\\surfboard.jpg'
15.7894 	EXP 	polygon_2: opacity = 0.0
15.7894 	EXP 	polygon_2: fillColor = '[1. 1. 1.] (rgb)'
15.8061 	EXP 	displayPicture: image = '.\\resources\\surfboard.jpg'
15.8061 	EXP 	polygon_2: opacity = 0.0
15.8061 	EXP 	polygon_2: fillColor = '[1. 1. 1.] (rgb)'
15.8227 	EXP 	displayPicture: image = '.\\resources\\surfboard.jpg'
15.8227 	EXP 	polygon_2: opacity = 0.0
15.8227 	EXP 	polygon_2: fillColor = '[1. 1. 1.] (rgb)'
15.8394 	EXP 	displayPicture: image = '.\\resources\\surfboard.jpg'
15.8394 	EXP 	polygon_2: opacity = 0.0
15.8394 	EXP 	polygon_2: fillColor = '[1. 1. 1.] (rgb)'
15.8561 	EXP 	displayPicture: image = '.\\resources\\surfboard.jpg'
15.8561 	EXP 	polygon_2: opacity = 0.0
15.8561 	EXP 	polygon_2: fillColor = '[1. 1. 1.] (rgb)'
15.8727 	EXP 	displayPicture: image = '.\\resources\\surfboard.jpg'
15.8727 	EXP 	polygon_2: opacity = 0.0
15.8727 	EXP 	polygon_2: fillColor = '[1. 1. 1.] (rgb)'
15.8894 	EXP 	displayPicture: image = '.\\resources\\surfboard.jpg'
15.8894 	EXP 	polygon_2: opacity = 0.0
15.8894 	EXP 	polygon_2: fillColor = '[1. 1. 1.] (rgb)'
15.9060 	EXP 	displayPicture: image = '.\\resources\\surfboard.jpg'
15.9060 	EXP 	polygon_2: opacity = 0.0
15.9060 	EXP 	polygon_2: fillColor = '[1. 1. 1.] (rgb)'
15.9227 	EXP 	displayPicture: image = '.\\resources\\surfboard.jpg'
15.9227 	EXP 	polygon_2: opacity = 0.0
15.9227 	EXP 	polygon_2: fillColor = '[1. 1. 1.] (rgb)'
15.9394 	EXP 	displayPicture: image = '.\\resources\\surfboard.jpg'
15.9394 	EXP 	polygon_2: opacity = 0.0
15.9394 	EXP 	polygon_2: fillColor = '[1. 1. 1.] (rgb)'
15.9560 	EXP 	displayPicture: image = '.\\resources\\surfboard.jpg'
15.9560 	EXP 	polygon_2: opacity = 0.0
15.9560 	EXP 	polygon_2: fillColor = '[1. 1. 1.] (rgb)'
15.9727 	EXP 	displayPicture: image = '.\\resources\\surfboard.jpg'
15.9727 	EXP 	polygon_2: opacity = 0.0
15.9727 	EXP 	polygon_2: fillColor = '[1. 1. 1.] (rgb)'
15.9894 	EXP 	displayPicture: image = '.\\resources\\surfboard.jpg'
15.9894 	EXP 	polygon_2: opacity = 0.0
15.9894 	EXP 	polygon_2: fillColor = '[1. 1. 1.] (rgb)'
16.0060 	EXP 	displayPicture: image = '.\\resources\\surfboard.jpg'
16.0060 	EXP 	polygon_2: opacity = 0.0
16.0060 	EXP 	polygon_2: fillColor = '[1. 1. 1.] (rgb)'
16.0227 	EXP 	displayPicture: image = '.\\resources\\surfboard.jpg'
16.0227 	EXP 	polygon_2: opacity = 0.0
16.0227 	EXP 	polygon_2: fillColor = '[1. 1. 1.] (rgb)'
16.0394 	EXP 	displayPicture: image = '.\\resources\\surfboard.jpg'
16.0394 	EXP 	polygon_2: opacity = 1.0
16.0394 	EXP 	polygon_2: fillColor = '[1. 1. 1.] (rgb)'
16.0561 	EXP 	displayPicture: image = '.\\resources\\surfboard.jpg'
16.0561 	EXP 	polygon_2: opacity = 1.0
16.0561 	EXP 	polygon_2: fillColor = '[1. 1. 1.] (rgb)'
16.0727 	EXP 	displayPicture: image = '.\\resources\\surfboard.jpg'
16.0727 	EXP 	polygon_2: opacity = 1.0
16.0727 	EXP 	polygon_2: fillColor = '[1. 1. 1.] (rgb)'
16.0894 	EXP 	displayPicture: image = '.\\resources\\helicopter.jpg'
16.0894 	EXP 	polygon_2: opacity = 0.0
16.0894 	EXP 	polygon_2: fillColor = '[1. 1. 1.] (rgb)'
16.1060 	EXP 	displayPicture: image = '.\\resources\\helicopter.jpg'
16.1060 	EXP 	polygon_2: opacity = 0.0
16.1060 	EXP 	polygon_2: fillColor = '[1. 1. 1.] (rgb)'
16.1227 	EXP 	displayPicture: image = '.\\resources\\helicopter.jpg'
16.1227 	EXP 	polygon_2: opacity = 0.0
16.1227 	EXP 	polygon_2: fillColor = '[1. 1. 1.] (rgb)'
16.1394 	EXP 	displayPicture: image = '.\\resources\\helicopter.jpg'
16.1394 	EXP 	polygon_2: opacity = 0.0
16.1394 	EXP 	polygon_2: fillColor = '[1. 1. 1.] (rgb)'
16.1560 	EXP 	displayPicture: image = '.\\resources\\helicopter.jpg'
16.1560 	EXP 	polygon_2: opacity = 0.0
16.1560 	EXP 	polygon_2: fillColor = '[1. 1. 1.] (rgb)'
16.1727 	EXP 	displayPicture: image = '.\\resources\\helicopter.jpg'
16.1727 	EXP 	polygon_2: opacity = 0.0
16.1727 	EXP 	polygon_2: fillColor = '[1. 1. 1.] (rgb)'
16.1894 	EXP 	displayPicture: image = '.\\resources\\helicopter.jpg'
16.1894 	EXP 	polygon_2: opacity = 0.0
16.1894 	EXP 	polygon_2: fillColor = '[1. 1. 1.] (rgb)'
16.2060 	EXP 	displayPicture: image = '.\\resources\\helicopter.jpg'
16.2060 	EXP 	polygon_2: opacity = 0.0
16.2060 	EXP 	polygon_2: fillColor = '[1. 1. 1.] (rgb)'
16.2227 	EXP 	displayPicture: image = '.\\resources\\helicopter.jpg'
16.2227 	EXP 	polygon_2: opacity = 0.0
16.2227 	EXP 	polygon_2: fillColor = '[1. 1. 1.] (rgb)'
16.2394 	EXP 	displayPicture: image = '.\\resources\\helicopter.jpg'
16.2394 	EXP 	polygon_2: opacity = 0.0
16.2394 	EXP 	polygon_2: fillColor = '[1. 1. 1.] (rgb)'
16.2560 	EXP 	displayPicture: image = '.\\resources\\helicopter.jpg'
16.2560 	EXP 	polygon_2: opacity = 0.0
16.2560 	EXP 	polygon_2: fillColor = '[1. 1. 1.] (rgb)'
16.2727 	EXP 	displayPicture: image = '.\\resources\\helicopter.jpg'
16.2727 	EXP 	polygon_2: opacity = 0.0
16.2727 	EXP 	polygon_2: fillColor = '[1. 1. 1.] (rgb)'
16.2894 	EXP 	displayPicture: image = '.\\resources\\helicopter.jpg'
16.2894 	EXP 	polygon_2: opacity = 0.0
16.2894 	EXP 	polygon_2: fillColor = '[1. 1. 1.] (rgb)'
16.3060 	EXP 	displayPicture: image = '.\\resources\\helicopter.jpg'
16.3060 	EXP 	polygon_2: opacity = 0.0
16.3060 	EXP 	polygon_2: fillColor = '[1. 1. 1.] (rgb)'
16.3227 	EXP 	displayPicture: image = '.\\resources\\helicopter.jpg'
16.3227 	EXP 	polygon_2: opacity = 0.0
16.3227 	EXP 	polygon_2: fillColor = '[1. 1. 1.] (rgb)'
16.3394 	EXP 	displayPicture: image = '.\\resources\\helicopter.jpg'
16.3394 	EXP 	polygon_2: opacity = 0.0
16.3394 	EXP 	polygon_2: fillColor = '[1. 1. 1.] (rgb)'
16.3560 	EXP 	displayPicture: image = '.\\resources\\helicopter.jpg'
16.3560 	EXP 	polygon_2: opacity = 0.0
16.3560 	EXP 	polygon_2: fillColor = '[1. 1. 1.] (rgb)'
16.3727 	EXP 	displayPicture: image = '.\\resources\\helicopter.jpg'
16.3727 	EXP 	polygon_2: opacity = 0.0
16.3727 	EXP 	polygon_2: fillColor = '[1. 1. 1.] (rgb)'
16.3894 	EXP 	displayPicture: image = '.\\resources\\helicopter.jpg'
16.3894 	EXP 	polygon_2: opacity = 0.0
16.3894 	EXP 	polygon_2: fillColor = '[1. 1. 1.] (rgb)'
16.4060 	EXP 	displayPicture: image = '.\\resources\\helicopter.jpg'
16.4060 	EXP 	polygon_2: opacity = 0.0
16.4060 	EXP 	polygon_2: fillColor = '[1. 1. 1.] (rgb)'
16.4227 	EXP 	displayPicture: image = '.\\resources\\helicopter.jpg'
16.4227 	EXP 	polygon_2: opacity = 0.0
16.4227 	EXP 	polygon_2: fillColor = '[1. 1. 1.] (rgb)'
16.4393 	EXP 	displayPicture: image = '.\\resources\\helicopter.jpg'
16.4393 	EXP 	polygon_2: opacity = 0.0
16.4393 	EXP 	polygon_2: fillColor = '[1. 1. 1.] (rgb)'
16.4560 	EXP 	displayPicture: image = '.\\resources\\helicopter.jpg'
16.4560 	EXP 	polygon_2: opacity = 0.0
16.4560 	EXP 	polygon_2: fillColor = '[1. 1. 1.] (rgb)'
16.4727 	EXP 	displayPicture: image = '.\\resources\\helicopter.jpg'
16.4727 	EXP 	polygon_2: opacity = 0.0
16.4727 	EXP 	polygon_2: fillColor = '[1. 1. 1.] (rgb)'
16.4893 	EXP 	displayPicture: image = '.\\resources\\helicopter.jpg'
16.4893 	EXP 	polygon_2: opacity = 0.0
16.4893 	EXP 	polygon_2: fillColor = '[1. 1. 1.] (rgb)'
16.5060 	EXP 	displayPicture: image = '.\\resources\\helicopter.jpg'
16.5060 	EXP 	polygon_2: opacity = 0.0
16.5060 	EXP 	polygon_2: fillColor = '[1. 1. 1.] (rgb)'
16.5226 	EXP 	displayPicture: image = '.\\resources\\helicopter.jpg'
16.5226 	EXP 	polygon_2: opacity = 0.0
16.5226 	EXP 	polygon_2: fillColor = '[1. 1. 1.] (rgb)'
16.5393 	EXP 	displayPicture: image = '.\\resources\\helicopter.jpg'
16.5393 	EXP 	polygon_2: opacity = 0.0
16.5393 	EXP 	polygon_2: fillColor = '[1. 1. 1.] (rgb)'
16.5560 	EXP 	displayPicture: image = '.\\resources\\helicopter.jpg'
16.5560 	EXP 	polygon_2: opacity = 0.0
16.5560 	EXP 	polygon_2: fillColor = '[1. 1. 1.] (rgb)'
16.5726 	EXP 	displayPicture: image = '.\\resources\\helicopter.jpg'
16.5726 	EXP 	polygon_2: opacity = 0.0
16.5726 	EXP 	polygon_2: fillColor = '[1. 1. 1.] (rgb)'
16.5893 	EXP 	displayPicture: image = '.\\resources\\helicopter.jpg'
16.5893 	EXP 	polygon_2: opacity = 1.0
16.5893 	EXP 	polygon_2: fillColor = '[1. 1. 1.] (rgb)'
16.6060 	EXP 	displayPicture: image = '.\\resources\\helicopter.jpg'
16.6060 	EXP 	polygon_2: opacity = 1.0
16.6060 	EXP 	polygon_2: fillColor = '[1. 1. 1.] (rgb)'
16.6226 	EXP 	displayPicture: image = '.\\resources\\helicopter.jpg'
16.6226 	EXP 	polygon_2: opacity = 1.0
16.6226 	EXP 	polygon_2: fillColor = '[1. 1. 1.] (rgb)'
16.6393 	EXP 	displayPicture: image = '.\\resources\\helicopter.jpg'
16.6393 	EXP 	polygon_2: opacity = 0.0
16.6393 	EXP 	polygon_2: fillColor = '[1. 1. 1.] (rgb)'
16.6393 	EXP 	displayPicture: autoDraw = False
16.6393 	EXP 	polygon_2: autoDraw = False
16.6393 	EXP 	option1_t1: image = '.\\resources\\electrictoothbrush01c.jpg'
16.6393 	EXP 	polygon_4: autoDraw = True
16.6393 	EXP 	option1_t1: autoDraw = True
17.6183 	DATA 	Keypress: left
17.6226 	EXP 	polygon_4: autoDraw = False
17.6226 	EXP 	option1_t1: autoDraw = False
17.6226 	EXP 	option1_t2: image = '.\\resources\\frisbee.jpg'
17.6226 	EXP 	polygon_5: autoDraw = True
17.6226 	EXP 	option1_t2: autoDraw = True
18.2029 	DATA 	Keypress: right
18.2059 	EXP 	polygon_5: autoDraw = False
18.2059 	EXP 	option1_t2: autoDraw = False
18.2059 	EXP 	feedbackText: text = '1/2 Correct'
18.2059 	EXP 	feedbackText: autoDraw = True
19.1934 	EXP 	New trial (rep=0, index=1): OrderedDict([('trialType', 'AB'), ('cndTyp', 'lag1'), ('lag', 1), ('T1_loc', 5), ('T2_loc', 6), ('stimLen', 0.5), ('isi', 0.05), ('skipProb', 0.5)])
19.2225 	EXP 	feedbackText: autoDraw = False
19.2225 	EXP 	feedbackText: autoDraw = False
19.2225 	EXP 	text: text = ''
19.2225 	EXP 	text: autoDraw = True
19.2225 	EXP 	text: autoDraw = False
19.2225 	EXP 	option1: image = '.\\resources\\penguin.jpg'
19.2225 	EXP 	option2: image = '.\\resources\\lip.jpg'
19.2225 	EXP 	option1: autoDraw = True
19.2225 	EXP 	option2: autoDraw = True
20.4746 	DATA 	Keypress: escape
20.6457 	EXP 	window1: mouseVisible = True
