0.8658 	WARNING 	We strongly recommend you activate the PTB sound engine in PsychoPy prefs as the preferred audio engine. Its timing is vastly superior. Your prefs are currently set to use ['sounddevice', 'PTB', 'pyo', 'pygame'] (in that order).
4.7874 	WARNING 	User requested fullscreen with size [1024  768], but screen is actually [1920, 1080]. Using actual size
5.6832 	EXP 	Created window1 = Window(allowGUI=False, allowStencil=False, args=UNKNOWN, autoLog=True, bitsMode=UNKNOWN, blendMode='avg', bpc=(8, 8, 8), color=array([0., 0., 0.]), colorSpace='rgb', depthBits=8, fullscr=<method-wrapper '__getattribute__' of attributeSetter object at 0x00000264460A4EB8>, gamma=None, gammaErrorPolicy='raise', kwargs=UNKNOWN, lms=UNKNOWN, monitor=<psychopy.monitors.calibTools.Monitor object at 0x0000026445DF1518>, multiSample=False, name='window1', numSamples=2, pos=[0.0, 0.0], screen=0, size=array([1920, 1080]), stencilBits=0, stereo=False, units='height', useFBO=True, useRetina=False, viewOri=0.0, viewPos=None, viewScale=None, waitBlanking=True, winType='pyglet')
5.6836 	EXP 	window1: mouseVisible = True
5.6837 	EXP 	window1: recordFrameIntervals = False
5.8495 	EXP 	window1: recordFrameIntervals = True
6.0330 	EXP 	window1: recordFrameIntervals = False
6.2090 	EXP 	Created text_3 = TextStim(__class__=<class 'psychopy.visual.text.TextStim'>, alignHoriz=method-wrapper(...), alignText='center', alignVert=method-wrapper(...), anchorHoriz='center', anchorVert='center', antialias=True, autoLog=True, bold=False, color='white', colorSpace='named', contrast=1.0, depth=0.0, flipHoriz=False, flipVert=False, font='Arial', fontFiles=[], height=0.05, italic=False, languageStyle='LTR', name='text_3', opacity=1.0, ori=0, pos=array([0., 0.]), rgb=array([255., 255., 255.]), text=str(...), units='height', win=Window(...), wrapWidth=1.5)
6.2144 	EXP 	Created option1 = ImageStim(__class__=<class 'psychopy.visual.image.ImageStim'>, autoLog=True, color=array([1., 1., 1.]), colorSpace='rgb', contrast=1.0, depth=-1.0, flipHoriz=False, flipVert=False, image='sin', interpolate=True, mask=None, maskParams=None, name='option1', opacity=1.0, ori=0.0, pos=array([-0.3,  0. ]), size=array([0.25, 0.25]), texRes=128, units='height', win=Window(...))
6.2178 	EXP 	Created option2 = ImageStim(__class__=<class 'psychopy.visual.image.ImageStim'>, autoLog=True, color=array([1., 1., 1.]), colorSpace='rgb', contrast=1.0, depth=-2.0, flipHoriz=False, flipVert=False, image='sin', interpolate=True, mask=None, maskParams=None, name='option2', opacity=1.0, ori=0.0, pos=array([0.3, 0. ]), size=array([0.25, 0.25]), texRes=128, units='height', win=Window(...))
6.2262 	EXP 	Created text_2 = TextStim(__class__=<class 'psychopy.visual.text.TextStim'>, alignHoriz=method-wrapper(...), alignText='center', alignVert=method-wrapper(...), anchorHoriz='center', anchorVert='center', antialias=True, autoLog=True, bold=False, color='white', colorSpace='named', contrast=1.0, depth=-3.0, flipHoriz=False, flipVert=False, font='Arial', fontFiles=[], height=0.1, italic=False, languageStyle='LTR', name='text_2', opacity=1.0, ori=0, pos=array([0., 0.]), rgb=array([255., 255., 255.]), text='+', units='height', win=Window(...), wrapWidth=1)
6.2289 	EXP 	Created displayPicture = ImageStim(__class__=<class 'psychopy.visual.image.ImageStim'>, autoLog=True, color=array([1., 1., 1.]), colorSpace='rgb', contrast=1.0, depth=-6.0, flipHoriz=False, flipVert=False, image='sin', interpolate=True, mask=None, maskParams=None, name='displayPicture', opacity=1.0, ori=0.0, pos=array([0., 0.]), size=array([0.25, 0.25]), texRes=128, units='height', win=Window(...))
6.2302 	EXP 	Created polygon_2 = Rect(__class__=<class 'psychopy.visual.rect.Rect'>, autoDraw=False, autoLog=True, closeShape=True, color=method-wrapper(...), colorSpace=None, contrast=1.0, depth=-7.0, fillColor=array([1., 1., 1.]), fillColorSpace='rgb', fillRGB=array([1., 1., 1.]), interpolate=True, lineColor=array([1., 1., 1.]), lineColorSpace='rgb', lineRGB=array([1., 1., 1.]), lineWidth=0, name='polygon_2', opacity=1.0, ori=array(0.), pos=array([0., 0.]), size=array([0.25, 0.25]), units='height', vertices=ndarray(...), win=Window(...))
6.2318 	EXP 	Created polygon_4 = ShapeStim(__class__=<class 'psychopy.visual.shape.ShapeStim'>, autoDraw=False, autoLog=True, closeShape=True, contrast=1.0, depth=0.0, fillColor=array([1., 0., 0.]), fillColorSpace='rgb', interpolate=True, lineColor=array([1., 1., 1.]), lineColorSpace='rgb', lineWidth=1, name='polygon_4', opacity=1.0, ori=array(0.), pos=array([0., 0.]), size=array([1., 1.]), units='height', vertices=ndarray(...), win=Window(...), windingRule=None)
6.2343 	EXP 	Created option1_t1 = ImageStim(__class__=<class 'psychopy.visual.image.ImageStim'>, autoLog=True, color=array([1., 1., 1.]), colorSpace='rgb', contrast=1.0, depth=-2.0, flipHoriz=False, flipVert=False, image='sin', interpolate=True, mask=None, maskParams=None, name='option1_t1', opacity=1.0, ori=0.0, pos=array([0., 0.]), size=array([0.25, 0.25]), texRes=128, units='height', win=Window(...))
6.2360 	EXP 	Created polygon_5 = ShapeStim(__class__=<class 'psychopy.visual.shape.ShapeStim'>, autoDraw=False, autoLog=True, closeShape=True, contrast=1.0, depth=0.0, fillColor=array([0., 0., 1.]), fillColorSpace='rgb', interpolate=True, lineColor=array([1., 1., 1.]), lineColorSpace='rgb', lineWidth=1, name='polygon_5', opacity=1.0, ori=array(0.), pos=array([0., 0.]), size=array([0.7, 0.7]), units='height', vertices=ndarray(...), win=Window(...), windingRule=None)
6.2391 	EXP 	Created option1_t2 = ImageStim(__class__=<class 'psychopy.visual.image.ImageStim'>, autoLog=True, color=array([1., 1., 1.]), colorSpace='rgb', contrast=1.0, depth=-2.0, flipHoriz=False, flipVert=False, image='sin', interpolate=True, mask=None, maskParams=None, name='option1_t2', opacity=1.0, ori=0.0, pos=array([0., 0.]), size=array([0.25, 0.25]), texRes=128, units='height', win=Window(...))
6.2535 	EXP 	Created feedbackText = TextStim(__class__=<class 'psychopy.visual.text.TextStim'>, alignHoriz=method-wrapper(...), alignText='center', alignVert=method-wrapper(...), anchorHoriz='center', anchorVert='center', antialias=True, autoLog=True, bold=False, color='white', colorSpace='named', contrast=1.0, depth=-1.0, flipHoriz=False, flipVert=False, font='Arial', fontFiles=[], height=0.1, italic=False, languageStyle='LTR', name='feedbackText', opacity=1.0, ori=0, pos=array([0., 0.]), rgb=array([255., 255., 255.]), text='default text', units='height', win=Window(...), wrapWidth=1)
6.2563 	EXP 	Created text = TextStim(__class__=<class 'psychopy.visual.text.TextStim'>, alignHoriz=method-wrapper(...), alignText='center', alignVert=method-wrapper(...), anchorHoriz='center', anchorVert='center', antialias=True, autoLog=True, bold=False, color='white', colorSpace='named', contrast=1.0, depth=-3.0, flipHoriz=False, flipVert=False, font='Arial', fontFiles=[], height=0.1, italic=False, languageStyle='LTR', name='text', opacity=1.0, ori=0, pos=array([0., 0.]), rgb=array([255., 255., 255.]), text='default text', units='height', win=Window(...), wrapWidth=1)
6.2811 	EXP 	Created text_4 = TextStim(__class__=<class 'psychopy.visual.text.TextStim'>, alignHoriz=method-wrapper(...), alignText='center', alignVert=method-wrapper(...), anchorHoriz='center', anchorVert='center', antialias=True, autoLog=True, bold=False, color='white', colorSpace='named', contrast=1.0, depth=0.0, flipHoriz=False, flipVert=False, font='Arial', fontFiles=[], height=0.05, italic=False, languageStyle='LTR', name='text_4', opacity=1.0, ori=0, pos=array([0., 0.]), rgb=array([255., 255., 255.]), text=str(...), units='height', win=Window(...), wrapWidth=1.5)
6.2849 	EXP 	Created option1_2 = ImageStim(__class__=<class 'psychopy.visual.image.ImageStim'>, autoLog=True, color=array([1., 1., 1.]), colorSpace='rgb', contrast=1.0, depth=-1.0, flipHoriz=False, flipVert=False, image='sin', interpolate=True, mask=None, maskParams=None, name='option1_2', opacity=1.0, ori=0.0, pos=array([-0.3,  0. ]), size=array([0.25, 0.25]), texRes=128, units='height', win=Window(...))
6.2886 	EXP 	Created option2_2 = ImageStim(__class__=<class 'psychopy.visual.image.ImageStim'>, autoLog=True, color=array([1., 1., 1.]), colorSpace='rgb', contrast=1.0, depth=-2.0, flipHoriz=False, flipVert=False, image='sin', interpolate=True, mask=None, maskParams=None, name='option2_2', opacity=1.0, ori=0.0, pos=array([0.3, 0. ]), size=array([0.25, 0.25]), texRes=128, units='height', win=Window(...))
6.2902 	EXP 	Created text_5 = TextStim(__class__=<class 'psychopy.visual.text.TextStim'>, alignHoriz=method-wrapper(...), alignText='center', alignVert=method-wrapper(...), anchorHoriz='center', anchorVert='center', antialias=True, autoLog=True, bold=False, color='white', colorSpace='named', contrast=1.0, depth=-3.0, flipHoriz=False, flipVert=False, font='Arial', fontFiles=[], height=0.1, italic=False, languageStyle='LTR', name='text_5', opacity=1.0, ori=0, pos=array([0., 0.]), rgb=array([255., 255., 255.]), text='+', units='height', win=Window(...), wrapWidth=1)
6.2934 	EXP 	Created displayPicture_3 = ImageStim(__class__=<class 'psychopy.visual.image.ImageStim'>, autoLog=True, color=array([1., 1., 1.]), colorSpace='rgb', contrast=1.0, depth=-1.0, flipHoriz=False, flipVert=False, image='sin', interpolate=True, mask=None, maskParams=None, name='displayPicture_3', opacity=1.0, ori=0.0, pos=array([0., 0.]), size=array([0.25, 0.25]), texRes=128, units='height', win=Window(...))
6.2947 	EXP 	Created polygon_13 = Rect(__class__=<class 'psychopy.visual.rect.Rect'>, autoDraw=False, autoLog=True, closeShape=True, color=method-wrapper(...), colorSpace=None, contrast=1.0, depth=-2.0, fillColor=array([1., 1., 1.]), fillColorSpace='rgb', fillRGB=array([1., 1., 1.]), interpolate=True, lineColor=array([1., 1., 1.]), lineColorSpace='rgb', lineRGB=array([1., 1., 1.]), lineWidth=0, name='polygon_13', opacity=1.0, ori=array(0.), pos=array([0., 0.]), size=array([0.25, 0.25]), units='height', vertices=ndarray(...), win=Window(...))
6.2960 	EXP 	Created polygon_7 = ShapeStim(__class__=<class 'psychopy.visual.shape.ShapeStim'>, autoDraw=False, autoLog=True, closeShape=True, contrast=1.0, depth=0.0, fillColor=array([1., 0., 0.]), fillColorSpace='rgb', interpolate=True, lineColor=array([1., 1., 1.]), lineColorSpace='rgb', lineWidth=1, name='polygon_7', opacity=1.0, ori=array(0.), pos=array([0., 0.]), size=array([1., 1.]), units='height', vertices=ndarray(...), win=Window(...), windingRule=None)
6.2995 	EXP 	Created option1_t1_2 = ImageStim(__class__=<class 'psychopy.visual.image.ImageStim'>, autoLog=True, color=array([1., 1., 1.]), colorSpace='rgb', contrast=1.0, depth=-2.0, flipHoriz=False, flipVert=False, image='sin', interpolate=True, mask=None, maskParams=None, name='option1_t1_2', opacity=1.0, ori=0.0, pos=array([0., 0.]), size=array([0.25, 0.25]), texRes=128, units='height', win=Window(...))
6.3012 	EXP 	Created polygon_6 = ShapeStim(__class__=<class 'psychopy.visual.shape.ShapeStim'>, autoDraw=False, autoLog=True, closeShape=True, contrast=1.0, depth=0.0, fillColor=array([0., 0., 1.]), fillColorSpace='rgb', interpolate=True, lineColor=array([1., 1., 1.]), lineColorSpace='rgb', lineWidth=1, name='polygon_6', opacity=1.0, ori=array(0.), pos=array([0., 0.]), size=array([0.7, 0.7]), units='height', vertices=ndarray(...), win=Window(...), windingRule=None)
6.3038 	EXP 	Created option1_t2_2 = ImageStim(__class__=<class 'psychopy.visual.image.ImageStim'>, autoLog=True, color=array([1., 1., 1.]), colorSpace='rgb', contrast=1.0, depth=-2.0, flipHoriz=False, flipVert=False, image='sin', interpolate=True, mask=None, maskParams=None, name='option1_t2_2', opacity=1.0, ori=0.0, pos=array([0., 0.]), size=array([0.25, 0.25]), texRes=128, units='height', win=Window(...))
6.3072 	EXP 	Created text = TextStim(__class__=<class 'psychopy.visual.text.TextStim'>, alignHoriz=method-wrapper(...), alignText='center', alignVert=method-wrapper(...), anchorHoriz='center', anchorVert='center', antialias=True, autoLog=True, bold=False, color='white', colorSpace='named', contrast=1.0, depth=-3.0, flipHoriz=False, flipVert=False, font='Arial', fontFiles=[], height=0.1, italic=False, languageStyle='LTR', name='text', opacity=1.0, ori=0, pos=array([0., 0.]), rgb=array([255., 255., 255.]), text='default text', units='height', win=Window(...), wrapWidth=1)
6.3975 	EXP 	text_3: autoDraw = True
7.2951 	EXP 	Imported conditionAB.xlsx as conditions, 1 conditions, 8 params
7.2953 	EXP 	Created sequence: random, trialTypes=1, nReps=1, seed=None
7.2956 	EXP 	New trial (rep=0, index=0): OrderedDict([('trialType', 'AB'), ('cndTyp', 'lag6'), ('lag', 6), ('T1_loc', 5), ('T2_loc', 11), ('stimLen', 0.2), ('isi', 0.05), ('skipProb', 0.5)])
7.3142 	DATA 	Keypress: space
7.3328 	EXP 	text_3: autoDraw = False
7.3328 	EXP 	option1: image = '.\\resources\\birdhouse.jpg'
7.3328 	EXP 	option2: image = '.\\resources\\toad.jpg'
7.3328 	EXP 	option1: autoDraw = True
7.3328 	EXP 	option2: autoDraw = True
9.8155 	EXP 	text_2: autoDraw = True
10.0822 	EXP 	option1: autoDraw = False
10.0822 	EXP 	option2: autoDraw = False
10.2988 	EXP 	option1: autoDraw = False
10.2988 	EXP 	option2: autoDraw = False
10.2988 	EXP 	text_2: autoDraw = False
10.2988 	EXP 	displayPicture: autoDraw = True
10.2988 	EXP 	displayPicture: image = '.\\resources\\birdfeeder.jpg'
10.2988 	EXP 	polygon_2: autoDraw = True
10.2988 	EXP 	polygon_2: opacity = 0.0
10.2988 	EXP 	polygon_2: fillColor = '[1. 1. 1.] (rgb)'
10.3155 	EXP 	displayPicture: image = '.\\resources\\birdfeeder.jpg'
10.3155 	EXP 	polygon_2: opacity = 0.0
10.3155 	EXP 	polygon_2: fillColor = '[1. 1. 1.] (rgb)'
10.3322 	EXP 	displayPicture: image = '.\\resources\\birdfeeder.jpg'
10.3322 	EXP 	polygon_2: opacity = 0.0
10.3322 	EXP 	polygon_2: fillColor = '[1. 1. 1.] (rgb)'
10.3488 	EXP 	displayPicture: image = '.\\resources\\birdfeeder.jpg'
10.3488 	EXP 	polygon_2: opacity = 0.0
10.3488 	EXP 	polygon_2: fillColor = '[1. 1. 1.] (rgb)'
10.3655 	EXP 	displayPicture: image = '.\\resources\\birdfeeder.jpg'
10.3655 	EXP 	polygon_2: opacity = 0.0
10.3655 	EXP 	polygon_2: fillColor = '[1. 1. 1.] (rgb)'
10.3822 	EXP 	displayPicture: image = '.\\resources\\birdfeeder.jpg'
10.3822 	EXP 	polygon_2: opacity = 0.0
10.3822 	EXP 	polygon_2: fillColor = '[1. 1. 1.] (rgb)'
10.3988 	EXP 	displayPicture: image = '.\\resources\\birdfeeder.jpg'
10.3988 	EXP 	polygon_2: opacity = 0.0
10.3988 	EXP 	polygon_2: fillColor = '[1. 1. 1.] (rgb)'
10.4155 	EXP 	displayPicture: image = '.\\resources\\birdfeeder.jpg'
10.4155 	EXP 	polygon_2: opacity = 0.0
10.4155 	EXP 	polygon_2: fillColor = '[1. 1. 1.] (rgb)'
10.4322 	EXP 	displayPicture: image = '.\\resources\\birdfeeder.jpg'
10.4322 	EXP 	polygon_2: opacity = 0.0
10.4322 	EXP 	polygon_2: fillColor = '[1. 1. 1.] (rgb)'
10.4488 	EXP 	displayPicture: image = '.\\resources\\birdfeeder.jpg'
10.4488 	EXP 	polygon_2: opacity = 0.0
10.4488 	EXP 	polygon_2: fillColor = '[1. 1. 1.] (rgb)'
10.4655 	EXP 	displayPicture: image = '.\\resources\\birdfeeder.jpg'
10.4655 	EXP 	polygon_2: opacity = 0.0
10.4655 	EXP 	polygon_2: fillColor = '[1. 1. 1.] (rgb)'
10.4822 	EXP 	displayPicture: image = '.\\resources\\birdfeeder.jpg'
10.4822 	EXP 	polygon_2: opacity = 0.0
10.4822 	EXP 	polygon_2: fillColor = '[1. 1. 1.] (rgb)'
10.4988 	EXP 	displayPicture: image = '.\\resources\\birdfeeder.jpg'
10.4988 	EXP 	polygon_2: opacity = 1.0
10.4988 	EXP 	polygon_2: fillColor = '[1. 1. 1.] (rgb)'
10.5155 	EXP 	displayPicture: image = '.\\resources\\birdfeeder.jpg'
10.5155 	EXP 	polygon_2: opacity = 1.0
10.5155 	EXP 	polygon_2: fillColor = '[1. 1. 1.] (rgb)'
10.5322 	EXP 	displayPicture: image = '.\\resources\\birdfeeder.jpg'
10.5322 	EXP 	polygon_2: opacity = 1.0
10.5322 	EXP 	polygon_2: fillColor = '[1. 1. 1.] (rgb)'
10.5488 	EXP 	displayPicture: image = '.\\resources\\hotdogweiner.jpg'
10.5488 	EXP 	polygon_2: opacity = 0.0
10.5488 	EXP 	polygon_2: fillColor = '[1. 1. 1.] (rgb)'
10.5655 	EXP 	displayPicture: image = '.\\resources\\hotdogweiner.jpg'
10.5655 	EXP 	polygon_2: opacity = 0.0
10.5655 	EXP 	polygon_2: fillColor = '[1. 1. 1.] (rgb)'
10.5822 	EXP 	displayPicture: image = '.\\resources\\hotdogweiner.jpg'
10.5822 	EXP 	polygon_2: opacity = 0.0
10.5822 	EXP 	polygon_2: fillColor = '[1. 1. 1.] (rgb)'
10.5988 	EXP 	displayPicture: image = '.\\resources\\hotdogweiner.jpg'
10.5988 	EXP 	polygon_2: opacity = 0.0
10.5988 	EXP 	polygon_2: fillColor = '[1. 1. 1.] (rgb)'
10.6155 	EXP 	displayPicture: image = '.\\resources\\hotdogweiner.jpg'
10.6155 	EXP 	polygon_2: opacity = 0.0
10.6155 	EXP 	polygon_2: fillColor = '[1. 1. 1.] (rgb)'
10.6322 	EXP 	displayPicture: image = '.\\resources\\hotdogweiner.jpg'
10.6322 	EXP 	polygon_2: opacity = 0.0
10.6322 	EXP 	polygon_2: fillColor = '[1. 1. 1.] (rgb)'
10.6488 	EXP 	displayPicture: image = '.\\resources\\hotdogweiner.jpg'
10.6488 	EXP 	polygon_2: opacity = 0.0
10.6488 	EXP 	polygon_2: fillColor = '[1. 1. 1.] (rgb)'
10.6655 	EXP 	displayPicture: image = '.\\resources\\hotdogweiner.jpg'
10.6655 	EXP 	polygon_2: opacity = 0.0
10.6655 	EXP 	polygon_2: fillColor = '[1. 1. 1.] (rgb)'
10.6822 	EXP 	displayPicture: image = '.\\resources\\hotdogweiner.jpg'
10.6822 	EXP 	polygon_2: opacity = 0.0
10.6822 	EXP 	polygon_2: fillColor = '[1. 1. 1.] (rgb)'
10.6988 	EXP 	displayPicture: image = '.\\resources\\hotdogweiner.jpg'
10.6988 	EXP 	polygon_2: opacity = 0.0
10.6988 	EXP 	polygon_2: fillColor = '[1. 1. 1.] (rgb)'
10.7155 	EXP 	displayPicture: image = '.\\resources\\hotdogweiner.jpg'
10.7155 	EXP 	polygon_2: opacity = 0.0
10.7155 	EXP 	polygon_2: fillColor = '[1. 1. 1.] (rgb)'
10.7322 	EXP 	displayPicture: image = '.\\resources\\hotdogweiner.jpg'
10.7322 	EXP 	polygon_2: opacity = 0.0
10.7322 	EXP 	polygon_2: fillColor = '[1. 1. 1.] (rgb)'
10.7488 	EXP 	displayPicture: image = '.\\resources\\hotdogweiner.jpg'
10.7488 	EXP 	polygon_2: opacity = 1.0
10.7488 	EXP 	polygon_2: fillColor = '[1. 1. 1.] (rgb)'
10.7655 	EXP 	displayPicture: image = '.\\resources\\hotdogweiner.jpg'
10.7655 	EXP 	polygon_2: opacity = 1.0
10.7655 	EXP 	polygon_2: fillColor = '[1. 1. 1.] (rgb)'
10.7821 	EXP 	displayPicture: image = '.\\resources\\hotdogweiner.jpg'
10.7821 	EXP 	polygon_2: opacity = 1.0
10.7821 	EXP 	polygon_2: fillColor = '[1. 1. 1.] (rgb)'
10.7988 	EXP 	displayPicture: image = '.\\resources\\accordion01.jpg'
10.7988 	EXP 	polygon_2: opacity = 0.0
10.7988 	EXP 	polygon_2: fillColor = '[1. 1. 1.] (rgb)'
10.8157 	EXP 	displayPicture: image = '.\\resources\\accordion01.jpg'
10.8157 	EXP 	polygon_2: opacity = 0.0
10.8157 	EXP 	polygon_2: fillColor = '[1. 1. 1.] (rgb)'
10.8321 	EXP 	displayPicture: image = '.\\resources\\accordion01.jpg'
10.8321 	EXP 	polygon_2: opacity = 0.0
10.8321 	EXP 	polygon_2: fillColor = '[1. 1. 1.] (rgb)'
10.8488 	EXP 	displayPicture: image = '.\\resources\\accordion01.jpg'
10.8488 	EXP 	polygon_2: opacity = 0.0
10.8488 	EXP 	polygon_2: fillColor = '[1. 1. 1.] (rgb)'
10.8655 	EXP 	displayPicture: image = '.\\resources\\accordion01.jpg'
10.8655 	EXP 	polygon_2: opacity = 0.0
10.8655 	EXP 	polygon_2: fillColor = '[1. 1. 1.] (rgb)'
10.8821 	EXP 	displayPicture: image = '.\\resources\\accordion01.jpg'
10.8821 	EXP 	polygon_2: opacity = 0.0
10.8821 	EXP 	polygon_2: fillColor = '[1. 1. 1.] (rgb)'
10.8988 	EXP 	displayPicture: image = '.\\resources\\accordion01.jpg'
10.8988 	EXP 	polygon_2: opacity = 0.0
10.8988 	EXP 	polygon_2: fillColor = '[1. 1. 1.] (rgb)'
10.9155 	EXP 	displayPicture: image = '.\\resources\\accordion01.jpg'
10.9155 	EXP 	polygon_2: opacity = 0.0
10.9155 	EXP 	polygon_2: fillColor = '[1. 1. 1.] (rgb)'
10.9321 	EXP 	displayPicture: image = '.\\resources\\accordion01.jpg'
10.9321 	EXP 	polygon_2: opacity = 0.0
10.9321 	EXP 	polygon_2: fillColor = '[1. 1. 1.] (rgb)'
10.9488 	EXP 	displayPicture: image = '.\\resources\\accordion01.jpg'
10.9488 	EXP 	polygon_2: opacity = 0.0
10.9488 	EXP 	polygon_2: fillColor = '[1. 1. 1.] (rgb)'
10.9655 	EXP 	displayPicture: image = '.\\resources\\accordion01.jpg'
10.9655 	EXP 	polygon_2: opacity = 0.0
10.9655 	EXP 	polygon_2: fillColor = '[1. 1. 1.] (rgb)'
10.9821 	EXP 	displayPicture: image = '.\\resources\\accordion01.jpg'
10.9821 	EXP 	polygon_2: opacity = 0.0
10.9821 	EXP 	polygon_2: fillColor = '[1. 1. 1.] (rgb)'
10.9989 	EXP 	displayPicture: image = '.\\resources\\accordion01.jpg'
10.9989 	EXP 	polygon_2: opacity = 1.0
10.9989 	EXP 	polygon_2: fillColor = '[1. 1. 1.] (rgb)'
11.0155 	EXP 	displayPicture: image = '.\\resources\\accordion01.jpg'
11.0155 	EXP 	polygon_2: opacity = 1.0
11.0155 	EXP 	polygon_2: fillColor = '[1. 1. 1.] (rgb)'
11.0322 	EXP 	displayPicture: image = '.\\resources\\accordion01.jpg'
11.0322 	EXP 	polygon_2: opacity = 1.0
11.0322 	EXP 	polygon_2: fillColor = '[1. 1. 1.] (rgb)'
11.0488 	EXP 	displayPicture: image = '.\\resources\\snowboard.jpg'
11.0488 	EXP 	polygon_2: opacity = 0.0
11.0488 	EXP 	polygon_2: fillColor = '[1. 1. 1.] (rgb)'
11.0655 	EXP 	displayPicture: image = '.\\resources\\snowboard.jpg'
11.0655 	EXP 	polygon_2: opacity = 0.0
11.0655 	EXP 	polygon_2: fillColor = '[1. 1. 1.] (rgb)'
11.0822 	EXP 	displayPicture: image = '.\\resources\\snowboard.jpg'
11.0822 	EXP 	polygon_2: opacity = 0.0
11.0822 	EXP 	polygon_2: fillColor = '[1. 1. 1.] (rgb)'
11.0988 	EXP 	displayPicture: image = '.\\resources\\snowboard.jpg'
11.0988 	EXP 	polygon_2: opacity = 0.0
11.0988 	EXP 	polygon_2: fillColor = '[1. 1. 1.] (rgb)'
11.1155 	EXP 	displayPicture: image = '.\\resources\\snowboard.jpg'
11.1155 	EXP 	polygon_2: opacity = 0.0
11.1155 	EXP 	polygon_2: fillColor = '[1. 1. 1.] (rgb)'
11.1322 	EXP 	displayPicture: image = '.\\resources\\snowboard.jpg'
11.1322 	EXP 	polygon_2: opacity = 0.0
11.1322 	EXP 	polygon_2: fillColor = '[1. 1. 1.] (rgb)'
11.1488 	EXP 	displayPicture: image = '.\\resources\\snowboard.jpg'
11.1488 	EXP 	polygon_2: opacity = 0.0
11.1488 	EXP 	polygon_2: fillColor = '[1. 1. 1.] (rgb)'
11.1655 	EXP 	displayPicture: image = '.\\resources\\snowboard.jpg'
11.1655 	EXP 	polygon_2: opacity = 0.0
11.1655 	EXP 	polygon_2: fillColor = '[1. 1. 1.] (rgb)'
11.1822 	EXP 	displayPicture: image = '.\\resources\\snowboard.jpg'
11.1822 	EXP 	polygon_2: opacity = 0.0
11.1822 	EXP 	polygon_2: fillColor = '[1. 1. 1.] (rgb)'
11.1988 	EXP 	displayPicture: image = '.\\resources\\snowboard.jpg'
11.1988 	EXP 	polygon_2: opacity = 0.0
11.1988 	EXP 	polygon_2: fillColor = '[1. 1. 1.] (rgb)'
11.2155 	EXP 	displayPicture: image = '.\\resources\\snowboard.jpg'
11.2155 	EXP 	polygon_2: opacity = 0.0
11.2155 	EXP 	polygon_2: fillColor = '[1. 1. 1.] (rgb)'
11.2322 	EXP 	displayPicture: image = '.\\resources\\snowboard.jpg'
11.2322 	EXP 	polygon_2: opacity = 0.0
11.2322 	EXP 	polygon_2: fillColor = '[1. 1. 1.] (rgb)'
11.2488 	EXP 	displayPicture: image = '.\\resources\\snowboard.jpg'
11.2488 	EXP 	polygon_2: opacity = 1.0
11.2488 	EXP 	polygon_2: fillColor = '[1. 1. 1.] (rgb)'
11.2655 	EXP 	displayPicture: image = '.\\resources\\snowboard.jpg'
11.2655 	EXP 	polygon_2: opacity = 1.0
11.2655 	EXP 	polygon_2: fillColor = '[1. 1. 1.] (rgb)'
11.2822 	EXP 	displayPicture: image = '.\\resources\\snowboard.jpg'
11.2822 	EXP 	polygon_2: opacity = 1.0
11.2822 	EXP 	polygon_2: fillColor = '[1. 1. 1.] (rgb)'
11.2989 	EXP 	displayPicture: image = '.\\resources\\tiger02.jpg'
11.2989 	EXP 	polygon_2: opacity = 0.0
11.2989 	EXP 	polygon_2: fillColor = '[1. 1. 1.] (rgb)'
11.3155 	EXP 	displayPicture: image = '.\\resources\\tiger02.jpg'
11.3155 	EXP 	polygon_2: opacity = 0.0
11.3155 	EXP 	polygon_2: fillColor = '[1. 1. 1.] (rgb)'
11.3321 	EXP 	displayPicture: image = '.\\resources\\tiger02.jpg'
11.3321 	EXP 	polygon_2: opacity = 0.0
11.3321 	EXP 	polygon_2: fillColor = '[1. 1. 1.] (rgb)'
11.3488 	EXP 	displayPicture: image = '.\\resources\\tiger02.jpg'
11.3488 	EXP 	polygon_2: opacity = 0.0
11.3488 	EXP 	polygon_2: fillColor = '[1. 1. 1.] (rgb)'
11.3655 	EXP 	displayPicture: image = '.\\resources\\tiger02.jpg'
11.3655 	EXP 	polygon_2: opacity = 0.0
11.3655 	EXP 	polygon_2: fillColor = '[1. 1. 1.] (rgb)'
11.3821 	EXP 	displayPicture: image = '.\\resources\\tiger02.jpg'
11.3821 	EXP 	polygon_2: opacity = 0.0
11.3821 	EXP 	polygon_2: fillColor = '[1. 1. 1.] (rgb)'
11.3988 	EXP 	displayPicture: image = '.\\resources\\tiger02.jpg'
11.3988 	EXP 	polygon_2: opacity = 0.0
11.3988 	EXP 	polygon_2: fillColor = '[1. 1. 1.] (rgb)'
11.4155 	EXP 	displayPicture: image = '.\\resources\\tiger02.jpg'
11.4155 	EXP 	polygon_2: opacity = 0.0
11.4155 	EXP 	polygon_2: fillColor = '[1. 1. 1.] (rgb)'
11.4321 	EXP 	displayPicture: image = '.\\resources\\tiger02.jpg'
11.4321 	EXP 	polygon_2: opacity = 0.0
11.4321 	EXP 	polygon_2: fillColor = '[1. 1. 1.] (rgb)'
11.4488 	EXP 	displayPicture: image = '.\\resources\\tiger02.jpg'
11.4488 	EXP 	polygon_2: opacity = 0.0
11.4488 	EXP 	polygon_2: fillColor = '[1. 1. 1.] (rgb)'
11.4655 	EXP 	displayPicture: image = '.\\resources\\tiger02.jpg'
11.4655 	EXP 	polygon_2: opacity = 0.0
11.4655 	EXP 	polygon_2: fillColor = '[1. 1. 1.] (rgb)'
11.4821 	EXP 	displayPicture: image = '.\\resources\\tiger02.jpg'
11.4821 	EXP 	polygon_2: opacity = 0.0
11.4821 	EXP 	polygon_2: fillColor = '[1. 1. 1.] (rgb)'
11.4988 	EXP 	displayPicture: image = '.\\resources\\tiger02.jpg'
11.4988 	EXP 	polygon_2: opacity = 1.0
11.4988 	EXP 	polygon_2: fillColor = '[1. 1. 1.] (rgb)'
11.5155 	EXP 	displayPicture: image = '.\\resources\\tiger02.jpg'
11.5155 	EXP 	polygon_2: opacity = 1.0
11.5155 	EXP 	polygon_2: fillColor = '[1. 1. 1.] (rgb)'
11.5321 	EXP 	displayPicture: image = '.\\resources\\tiger02.jpg'
11.5321 	EXP 	polygon_2: opacity = 1.0
11.5321 	EXP 	polygon_2: fillColor = '[1. 1. 1.] (rgb)'
11.5488 	EXP 	displayPicture: image = '.\\resources\\acorn.jpg'
11.5488 	EXP 	polygon_2: opacity = 0.0
11.5488 	EXP 	polygon_2: fillColor = '[1. 1. 1.] (rgb)'
11.5654 	EXP 	displayPicture: image = '.\\resources\\acorn.jpg'
11.5654 	EXP 	polygon_2: opacity = 0.0
11.5654 	EXP 	polygon_2: fillColor = '[1. 1. 1.] (rgb)'
11.5821 	EXP 	displayPicture: image = '.\\resources\\acorn.jpg'
11.5821 	EXP 	polygon_2: opacity = 0.0
11.5821 	EXP 	polygon_2: fillColor = '[1. 1. 1.] (rgb)'
11.5987 	EXP 	displayPicture: image = '.\\resources\\acorn.jpg'
11.5987 	EXP 	polygon_2: opacity = 0.0
11.5987 	EXP 	polygon_2: fillColor = '[1. 1. 1.] (rgb)'
11.6155 	EXP 	displayPicture: image = '.\\resources\\acorn.jpg'
11.6155 	EXP 	polygon_2: opacity = 0.0
11.6155 	EXP 	polygon_2: fillColor = '[1. 1. 1.] (rgb)'
11.6321 	EXP 	displayPicture: image = '.\\resources\\acorn.jpg'
11.6321 	EXP 	polygon_2: opacity = 0.0
11.6321 	EXP 	polygon_2: fillColor = '[1. 1. 1.] (rgb)'
11.6488 	EXP 	displayPicture: image = '.\\resources\\acorn.jpg'
11.6488 	EXP 	polygon_2: opacity = 0.0
11.6488 	EXP 	polygon_2: fillColor = '[1. 1. 1.] (rgb)'
11.6655 	EXP 	displayPicture: image = '.\\resources\\acorn.jpg'
11.6655 	EXP 	polygon_2: opacity = 0.0
11.6655 	EXP 	polygon_2: fillColor = '[1. 1. 1.] (rgb)'
11.6821 	EXP 	displayPicture: image = '.\\resources\\acorn.jpg'
11.6821 	EXP 	polygon_2: opacity = 0.0
11.6821 	EXP 	polygon_2: fillColor = '[1. 1. 1.] (rgb)'
11.6988 	EXP 	displayPicture: image = '.\\resources\\acorn.jpg'
11.6988 	EXP 	polygon_2: opacity = 0.0
11.6988 	EXP 	polygon_2: fillColor = '[1. 1. 1.] (rgb)'
11.7154 	EXP 	displayPicture: image = '.\\resources\\acorn.jpg'
11.7154 	EXP 	polygon_2: opacity = 0.0
11.7154 	EXP 	polygon_2: fillColor = '[1. 1. 1.] (rgb)'
11.7321 	EXP 	displayPicture: image = '.\\resources\\acorn.jpg'
11.7321 	EXP 	polygon_2: opacity = 0.0
11.7321 	EXP 	polygon_2: fillColor = '[1. 1. 1.] (rgb)'
11.7488 	EXP 	displayPicture: image = '.\\resources\\acorn.jpg'
11.7488 	EXP 	polygon_2: opacity = 1.0
11.7488 	EXP 	polygon_2: fillColor = '[1. 1. 1.] (rgb)'
11.7655 	EXP 	displayPicture: image = '.\\resources\\acorn.jpg'
11.7655 	EXP 	polygon_2: opacity = 1.0
11.7655 	EXP 	polygon_2: fillColor = '[1. 1. 1.] (rgb)'
11.7821 	EXP 	displayPicture: image = '.\\resources\\acorn.jpg'
11.7821 	EXP 	polygon_2: opacity = 1.0
11.7821 	EXP 	polygon_2: fillColor = '[1. 1. 1.] (rgb)'
11.7988 	EXP 	displayPicture: image = '.\\resources\\totempole.jpg'
11.7988 	EXP 	polygon_2: opacity = 0.0
11.7988 	EXP 	polygon_2: fillColor = '[1. 1. 1.] (rgb)'
11.8154 	EXP 	displayPicture: image = '.\\resources\\totempole.jpg'
11.8154 	EXP 	polygon_2: opacity = 0.0
11.8154 	EXP 	polygon_2: fillColor = '[1. 1. 1.] (rgb)'
11.8321 	EXP 	displayPicture: image = '.\\resources\\totempole.jpg'
11.8321 	EXP 	polygon_2: opacity = 0.0
11.8321 	EXP 	polygon_2: fillColor = '[1. 1. 1.] (rgb)'
11.8487 	EXP 	displayPicture: image = '.\\resources\\totempole.jpg'
11.8487 	EXP 	polygon_2: opacity = 0.0
11.8487 	EXP 	polygon_2: fillColor = '[1. 1. 1.] (rgb)'
11.8654 	EXP 	displayPicture: image = '.\\resources\\totempole.jpg'
11.8654 	EXP 	polygon_2: opacity = 0.0
11.8654 	EXP 	polygon_2: fillColor = '[1. 1. 1.] (rgb)'
11.8821 	EXP 	displayPicture: image = '.\\resources\\totempole.jpg'
11.8821 	EXP 	polygon_2: opacity = 0.0
11.8821 	EXP 	polygon_2: fillColor = '[1. 1. 1.] (rgb)'
11.8987 	EXP 	displayPicture: image = '.\\resources\\totempole.jpg'
11.8987 	EXP 	polygon_2: opacity = 0.0
11.8987 	EXP 	polygon_2: fillColor = '[1. 1. 1.] (rgb)'
11.9154 	EXP 	displayPicture: image = '.\\resources\\totempole.jpg'
11.9154 	EXP 	polygon_2: opacity = 0.0
11.9154 	EXP 	polygon_2: fillColor = '[1. 1. 1.] (rgb)'
11.9321 	EXP 	displayPicture: image = '.\\resources\\totempole.jpg'
11.9321 	EXP 	polygon_2: opacity = 0.0
11.9321 	EXP 	polygon_2: fillColor = '[1. 1. 1.] (rgb)'
11.9488 	EXP 	displayPicture: image = '.\\resources\\totempole.jpg'
11.9488 	EXP 	polygon_2: opacity = 0.0
11.9488 	EXP 	polygon_2: fillColor = '[1. 1. 1.] (rgb)'
11.9654 	EXP 	displayPicture: image = '.\\resources\\totempole.jpg'
11.9654 	EXP 	polygon_2: opacity = 0.0
11.9654 	EXP 	polygon_2: fillColor = '[1. 1. 1.] (rgb)'
11.9821 	EXP 	displayPicture: image = '.\\resources\\totempole.jpg'
11.9821 	EXP 	polygon_2: opacity = 0.0
11.9821 	EXP 	polygon_2: fillColor = '[1. 1. 1.] (rgb)'
11.9988 	EXP 	displayPicture: image = '.\\resources\\totempole.jpg'
11.9988 	EXP 	polygon_2: opacity = 1.0
11.9988 	EXP 	polygon_2: fillColor = '[1. 1. 1.] (rgb)'
12.0154 	EXP 	displayPicture: image = '.\\resources\\totempole.jpg'
12.0154 	EXP 	polygon_2: opacity = 1.0
12.0154 	EXP 	polygon_2: fillColor = '[1. 1. 1.] (rgb)'
12.0321 	EXP 	displayPicture: image = '.\\resources\\totempole.jpg'
12.0321 	EXP 	polygon_2: opacity = 1.0
12.0321 	EXP 	polygon_2: fillColor = '[1. 1. 1.] (rgb)'
12.0487 	EXP 	displayPicture: image = '.\\resources\\seal.jpg'
12.0487 	EXP 	polygon_2: opacity = 0.0
12.0487 	EXP 	polygon_2: fillColor = '[1. 1. 1.] (rgb)'
12.0654 	EXP 	displayPicture: image = '.\\resources\\seal.jpg'
12.0654 	EXP 	polygon_2: opacity = 0.0
12.0654 	EXP 	polygon_2: fillColor = '[1. 1. 1.] (rgb)'
12.0821 	EXP 	displayPicture: image = '.\\resources\\seal.jpg'
12.0821 	EXP 	polygon_2: opacity = 0.0
12.0821 	EXP 	polygon_2: fillColor = '[1. 1. 1.] (rgb)'
12.0988 	EXP 	displayPicture: image = '.\\resources\\seal.jpg'
12.0988 	EXP 	polygon_2: opacity = 0.0
12.0988 	EXP 	polygon_2: fillColor = '[1. 1. 1.] (rgb)'
12.1154 	EXP 	displayPicture: image = '.\\resources\\seal.jpg'
12.1154 	EXP 	polygon_2: opacity = 0.0
12.1154 	EXP 	polygon_2: fillColor = '[1. 1. 1.] (rgb)'
12.1321 	EXP 	displayPicture: image = '.\\resources\\seal.jpg'
12.1321 	EXP 	polygon_2: opacity = 0.0
12.1321 	EXP 	polygon_2: fillColor = '[1. 1. 1.] (rgb)'
12.1487 	EXP 	displayPicture: image = '.\\resources\\seal.jpg'
12.1487 	EXP 	polygon_2: opacity = 0.0
12.1487 	EXP 	polygon_2: fillColor = '[1. 1. 1.] (rgb)'
12.1656 	EXP 	displayPicture: image = '.\\resources\\seal.jpg'
12.1656 	EXP 	polygon_2: opacity = 0.0
12.1656 	EXP 	polygon_2: fillColor = '[1. 1. 1.] (rgb)'
12.1821 	EXP 	displayPicture: image = '.\\resources\\seal.jpg'
12.1821 	EXP 	polygon_2: opacity = 0.0
12.1821 	EXP 	polygon_2: fillColor = '[1. 1. 1.] (rgb)'
12.1988 	EXP 	displayPicture: image = '.\\resources\\seal.jpg'
12.1988 	EXP 	polygon_2: opacity = 0.0
12.1988 	EXP 	polygon_2: fillColor = '[1. 1. 1.] (rgb)'
12.2154 	EXP 	displayPicture: image = '.\\resources\\seal.jpg'
12.2154 	EXP 	polygon_2: opacity = 0.0
12.2154 	EXP 	polygon_2: fillColor = '[1. 1. 1.] (rgb)'
12.2321 	EXP 	displayPicture: image = '.\\resources\\seal.jpg'
12.2321 	EXP 	polygon_2: opacity = 0.0
12.2321 	EXP 	polygon_2: fillColor = '[1. 1. 1.] (rgb)'
12.2487 	EXP 	displayPicture: image = '.\\resources\\seal.jpg'
12.2487 	EXP 	polygon_2: opacity = 1.0
12.2487 	EXP 	polygon_2: fillColor = '[1. 1. 1.] (rgb)'
12.2654 	EXP 	displayPicture: image = '.\\resources\\seal.jpg'
12.2654 	EXP 	polygon_2: opacity = 1.0
12.2654 	EXP 	polygon_2: fillColor = '[1. 1. 1.] (rgb)'
12.2821 	EXP 	displayPicture: image = '.\\resources\\seal.jpg'
12.2821 	EXP 	polygon_2: opacity = 1.0
12.2821 	EXP 	polygon_2: fillColor = '[1. 1. 1.] (rgb)'
12.2987 	EXP 	displayPicture: image = '.\\resources\\boxingglove01.jpg'
12.2987 	EXP 	polygon_2: opacity = 0.0
12.2987 	EXP 	polygon_2: fillColor = '[1. 1. 1.] (rgb)'
12.3154 	EXP 	displayPicture: image = '.\\resources\\boxingglove01.jpg'
12.3154 	EXP 	polygon_2: opacity = 0.0
12.3154 	EXP 	polygon_2: fillColor = '[1. 1. 1.] (rgb)'
12.3321 	EXP 	displayPicture: image = '.\\resources\\boxingglove01.jpg'
12.3321 	EXP 	polygon_2: opacity = 0.0
12.3321 	EXP 	polygon_2: fillColor = '[1. 1. 1.] (rgb)'
12.3487 	EXP 	displayPicture: image = '.\\resources\\boxingglove01.jpg'
12.3487 	EXP 	polygon_2: opacity = 0.0
12.3487 	EXP 	polygon_2: fillColor = '[1. 1. 1.] (rgb)'
12.3654 	EXP 	displayPicture: image = '.\\resources\\boxingglove01.jpg'
12.3654 	EXP 	polygon_2: opacity = 0.0
12.3654 	EXP 	polygon_2: fillColor = '[1. 1. 1.] (rgb)'
12.3821 	EXP 	displayPicture: image = '.\\resources\\boxingglove01.jpg'
12.3821 	EXP 	polygon_2: opacity = 0.0
12.3821 	EXP 	polygon_2: fillColor = '[1. 1. 1.] (rgb)'
12.3987 	EXP 	displayPicture: image = '.\\resources\\boxingglove01.jpg'
12.3987 	EXP 	polygon_2: opacity = 0.0
12.3987 	EXP 	polygon_2: fillColor = '[1. 1. 1.] (rgb)'
12.4154 	EXP 	displayPicture: image = '.\\resources\\boxingglove01.jpg'
12.4154 	EXP 	polygon_2: opacity = 0.0
12.4154 	EXP 	polygon_2: fillColor = '[1. 1. 1.] (rgb)'
12.4321 	EXP 	displayPicture: image = '.\\resources\\boxingglove01.jpg'
12.4321 	EXP 	polygon_2: opacity = 0.0
12.4321 	EXP 	polygon_2: fillColor = '[1. 1. 1.] (rgb)'
12.4487 	EXP 	displayPicture: image = '.\\resources\\boxingglove01.jpg'
12.4487 	EXP 	polygon_2: opacity = 0.0
12.4487 	EXP 	polygon_2: fillColor = '[1. 1. 1.] (rgb)'
12.4654 	EXP 	displayPicture: image = '.\\resources\\boxingglove01.jpg'
12.4654 	EXP 	polygon_2: opacity = 0.0
12.4654 	EXP 	polygon_2: fillColor = '[1. 1. 1.] (rgb)'
12.4821 	EXP 	displayPicture: image = '.\\resources\\boxingglove01.jpg'
12.4821 	EXP 	polygon_2: opacity = 0.0
12.4821 	EXP 	polygon_2: fillColor = '[1. 1. 1.] (rgb)'
12.4987 	EXP 	displayPicture: image = '.\\resources\\boxingglove01.jpg'
12.4987 	EXP 	polygon_2: opacity = 1.0
12.4987 	EXP 	polygon_2: fillColor = '[1. 1. 1.] (rgb)'
12.5154 	EXP 	displayPicture: image = '.\\resources\\boxingglove01.jpg'
12.5154 	EXP 	polygon_2: opacity = 1.0
12.5154 	EXP 	polygon_2: fillColor = '[1. 1. 1.] (rgb)'
12.5321 	EXP 	displayPicture: image = '.\\resources\\boxingglove01.jpg'
12.5321 	EXP 	polygon_2: opacity = 1.0
12.5321 	EXP 	polygon_2: fillColor = '[1. 1. 1.] (rgb)'
12.5654 	EXP 	displayPicture: image = '.\\resources\\cross01.jpg'
12.5654 	EXP 	polygon_2: opacity = 0.0
12.5654 	EXP 	polygon_2: fillColor = '[1. 1. 1.] (rgb)'
12.5821 	EXP 	displayPicture: image = '.\\resources\\cross01.jpg'
12.5821 	EXP 	polygon_2: opacity = 0.0
12.5821 	EXP 	polygon_2: fillColor = '[1. 1. 1.] (rgb)'
12.5987 	EXP 	displayPicture: image = '.\\resources\\cross01.jpg'
12.5987 	EXP 	polygon_2: opacity = 0.0
12.5987 	EXP 	polygon_2: fillColor = '[1. 1. 1.] (rgb)'
12.6154 	EXP 	displayPicture: image = '.\\resources\\cross01.jpg'
12.6154 	EXP 	polygon_2: opacity = 0.0
12.6154 	EXP 	polygon_2: fillColor = '[1. 1. 1.] (rgb)'
12.6321 	EXP 	displayPicture: image = '.\\resources\\cross01.jpg'
12.6321 	EXP 	polygon_2: opacity = 0.0
12.6321 	EXP 	polygon_2: fillColor = '[1. 1. 1.] (rgb)'
12.6487 	EXP 	displayPicture: image = '.\\resources\\cross01.jpg'
12.6487 	EXP 	polygon_2: opacity = 0.0
12.6487 	EXP 	polygon_2: fillColor = '[1. 1. 1.] (rgb)'
12.6654 	EXP 	displayPicture: image = '.\\resources\\cross01.jpg'
12.6654 	EXP 	polygon_2: opacity = 0.0
12.6654 	EXP 	polygon_2: fillColor = '[1. 1. 1.] (rgb)'
12.6820 	EXP 	displayPicture: image = '.\\resources\\cross01.jpg'
12.6820 	EXP 	polygon_2: opacity = 0.0
12.6820 	EXP 	polygon_2: fillColor = '[1. 1. 1.] (rgb)'
12.6987 	EXP 	displayPicture: image = '.\\resources\\cross01.jpg'
12.6987 	EXP 	polygon_2: opacity = 0.0
12.6987 	EXP 	polygon_2: fillColor = '[1. 1. 1.] (rgb)'
12.7154 	EXP 	displayPicture: image = '.\\resources\\cross01.jpg'
12.7154 	EXP 	polygon_2: opacity = 0.0
12.7154 	EXP 	polygon_2: fillColor = '[1. 1. 1.] (rgb)'
12.7320 	EXP 	displayPicture: image = '.\\resources\\cross01.jpg'
12.7320 	EXP 	polygon_2: opacity = 0.0
12.7320 	EXP 	polygon_2: fillColor = '[1. 1. 1.] (rgb)'
12.7487 	EXP 	displayPicture: image = '.\\resources\\cross01.jpg'
12.7487 	EXP 	polygon_2: opacity = 1.0
12.7487 	EXP 	polygon_2: fillColor = '[1. 1. 1.] (rgb)'
12.7654 	EXP 	displayPicture: image = '.\\resources\\cross01.jpg'
12.7654 	EXP 	polygon_2: opacity = 1.0
12.7654 	EXP 	polygon_2: fillColor = '[1. 1. 1.] (rgb)'
12.7820 	EXP 	displayPicture: image = '.\\resources\\cross01.jpg'
12.7820 	EXP 	polygon_2: opacity = 1.0
12.7820 	EXP 	polygon_2: fillColor = '[1. 1. 1.] (rgb)'
12.7987 	EXP 	displayPicture: image = '.\\resources\\snowshovel.jpg'
12.7987 	EXP 	polygon_2: opacity = 0.0
12.7987 	EXP 	polygon_2: fillColor = '[1. 1. 1.] (rgb)'
12.8154 	EXP 	displayPicture: image = '.\\resources\\snowshovel.jpg'
12.8154 	EXP 	polygon_2: opacity = 0.0
12.8154 	EXP 	polygon_2: fillColor = '[1. 1. 1.] (rgb)'
12.8320 	EXP 	displayPicture: image = '.\\resources\\snowshovel.jpg'
12.8320 	EXP 	polygon_2: opacity = 0.0
12.8320 	EXP 	polygon_2: fillColor = '[1. 1. 1.] (rgb)'
12.8487 	EXP 	displayPicture: image = '.\\resources\\snowshovel.jpg'
12.8487 	EXP 	polygon_2: opacity = 0.0
12.8487 	EXP 	polygon_2: fillColor = '[1. 1. 1.] (rgb)'
12.8654 	EXP 	displayPicture: image = '.\\resources\\snowshovel.jpg'
12.8654 	EXP 	polygon_2: opacity = 0.0
12.8654 	EXP 	polygon_2: fillColor = '[1. 1. 1.] (rgb)'
12.8820 	EXP 	displayPicture: image = '.\\resources\\snowshovel.jpg'
12.8820 	EXP 	polygon_2: opacity = 0.0
12.8820 	EXP 	polygon_2: fillColor = '[1. 1. 1.] (rgb)'
12.8987 	EXP 	displayPicture: image = '.\\resources\\snowshovel.jpg'
12.8987 	EXP 	polygon_2: opacity = 0.0
12.8987 	EXP 	polygon_2: fillColor = '[1. 1. 1.] (rgb)'
12.9154 	EXP 	displayPicture: image = '.\\resources\\snowshovel.jpg'
12.9154 	EXP 	polygon_2: opacity = 0.0
12.9154 	EXP 	polygon_2: fillColor = '[1. 1. 1.] (rgb)'
12.9320 	EXP 	displayPicture: image = '.\\resources\\snowshovel.jpg'
12.9320 	EXP 	polygon_2: opacity = 0.0
12.9320 	EXP 	polygon_2: fillColor = '[1. 1. 1.] (rgb)'
12.9487 	EXP 	displayPicture: image = '.\\resources\\snowshovel.jpg'
12.9487 	EXP 	polygon_2: opacity = 0.0
12.9487 	EXP 	polygon_2: fillColor = '[1. 1. 1.] (rgb)'
12.9654 	EXP 	displayPicture: image = '.\\resources\\snowshovel.jpg'
12.9654 	EXP 	polygon_2: opacity = 0.0
12.9654 	EXP 	polygon_2: fillColor = '[1. 1. 1.] (rgb)'
12.9820 	EXP 	displayPicture: image = '.\\resources\\snowshovel.jpg'
12.9820 	EXP 	polygon_2: opacity = 0.0
12.9820 	EXP 	polygon_2: fillColor = '[1. 1. 1.] (rgb)'
12.9987 	EXP 	displayPicture: image = '.\\resources\\snowshovel.jpg'
12.9987 	EXP 	polygon_2: opacity = 1.0
12.9987 	EXP 	polygon_2: fillColor = '[1. 1. 1.] (rgb)'
13.0154 	EXP 	displayPicture: image = '.\\resources\\snowshovel.jpg'
13.0154 	EXP 	polygon_2: opacity = 1.0
13.0154 	EXP 	polygon_2: fillColor = '[1. 1. 1.] (rgb)'
13.0320 	EXP 	displayPicture: image = '.\\resources\\snowshovel.jpg'
13.0320 	EXP 	polygon_2: opacity = 1.0
13.0320 	EXP 	polygon_2: fillColor = '[1. 1. 1.] (rgb)'
13.0487 	EXP 	displayPicture: image = '.\\resources\\tennisracket.jpg'
13.0487 	EXP 	polygon_2: opacity = 0.0
13.0487 	EXP 	polygon_2: fillColor = '[1. 1. 1.] (rgb)'
13.0653 	EXP 	displayPicture: image = '.\\resources\\tennisracket.jpg'
13.0653 	EXP 	polygon_2: opacity = 0.0
13.0653 	EXP 	polygon_2: fillColor = '[1. 1. 1.] (rgb)'
13.0820 	EXP 	displayPicture: image = '.\\resources\\tennisracket.jpg'
13.0820 	EXP 	polygon_2: opacity = 0.0
13.0820 	EXP 	polygon_2: fillColor = '[1. 1. 1.] (rgb)'
13.0987 	EXP 	displayPicture: image = '.\\resources\\tennisracket.jpg'
13.0987 	EXP 	polygon_2: opacity = 0.0
13.0987 	EXP 	polygon_2: fillColor = '[1. 1. 1.] (rgb)'
13.1154 	EXP 	displayPicture: image = '.\\resources\\tennisracket.jpg'
13.1154 	EXP 	polygon_2: opacity = 0.0
13.1154 	EXP 	polygon_2: fillColor = '[1. 1. 1.] (rgb)'
13.1320 	EXP 	displayPicture: image = '.\\resources\\tennisracket.jpg'
13.1320 	EXP 	polygon_2: opacity = 0.0
13.1320 	EXP 	polygon_2: fillColor = '[1. 1. 1.] (rgb)'
13.1487 	EXP 	displayPicture: image = '.\\resources\\tennisracket.jpg'
13.1487 	EXP 	polygon_2: opacity = 0.0
13.1487 	EXP 	polygon_2: fillColor = '[1. 1. 1.] (rgb)'
13.1654 	EXP 	displayPicture: image = '.\\resources\\tennisracket.jpg'
13.1654 	EXP 	polygon_2: opacity = 0.0
13.1654 	EXP 	polygon_2: fillColor = '[1. 1. 1.] (rgb)'
13.1820 	EXP 	displayPicture: image = '.\\resources\\tennisracket.jpg'
13.1820 	EXP 	polygon_2: opacity = 0.0
13.1820 	EXP 	polygon_2: fillColor = '[1. 1. 1.] (rgb)'
13.1987 	EXP 	displayPicture: image = '.\\resources\\tennisracket.jpg'
13.1987 	EXP 	polygon_2: opacity = 0.0
13.1987 	EXP 	polygon_2: fillColor = '[1. 1. 1.] (rgb)'
13.2153 	EXP 	displayPicture: image = '.\\resources\\tennisracket.jpg'
13.2153 	EXP 	polygon_2: opacity = 0.0
13.2153 	EXP 	polygon_2: fillColor = '[1. 1. 1.] (rgb)'
13.2320 	EXP 	displayPicture: image = '.\\resources\\tennisracket.jpg'
13.2320 	EXP 	polygon_2: opacity = 0.0
13.2320 	EXP 	polygon_2: fillColor = '[1. 1. 1.] (rgb)'
13.2487 	EXP 	displayPicture: image = '.\\resources\\tennisracket.jpg'
13.2487 	EXP 	polygon_2: opacity = 1.0
13.2487 	EXP 	polygon_2: fillColor = '[1. 1. 1.] (rgb)'
13.2653 	EXP 	displayPicture: image = '.\\resources\\tennisracket.jpg'
13.2653 	EXP 	polygon_2: opacity = 1.0
13.2653 	EXP 	polygon_2: fillColor = '[1. 1. 1.] (rgb)'
13.2820 	EXP 	displayPicture: image = '.\\resources\\tennisracket.jpg'
13.2820 	EXP 	polygon_2: opacity = 1.0
13.2820 	EXP 	polygon_2: fillColor = '[1. 1. 1.] (rgb)'
13.2987 	EXP 	displayPicture: image = '.\\resources\\granolabar01.jpg'
13.2987 	EXP 	polygon_2: opacity = 0.0
13.2987 	EXP 	polygon_2: fillColor = '[1. 1. 1.] (rgb)'
13.3153 	EXP 	displayPicture: image = '.\\resources\\granolabar01.jpg'
13.3153 	EXP 	polygon_2: opacity = 0.0
13.3153 	EXP 	polygon_2: fillColor = '[1. 1. 1.] (rgb)'
13.3320 	EXP 	displayPicture: image = '.\\resources\\granolabar01.jpg'
13.3320 	EXP 	polygon_2: opacity = 0.0
13.3320 	EXP 	polygon_2: fillColor = '[1. 1. 1.] (rgb)'
13.3487 	EXP 	displayPicture: image = '.\\resources\\granolabar01.jpg'
13.3487 	EXP 	polygon_2: opacity = 0.0
13.3487 	EXP 	polygon_2: fillColor = '[1. 1. 1.] (rgb)'
13.3653 	EXP 	displayPicture: image = '.\\resources\\granolabar01.jpg'
13.3653 	EXP 	polygon_2: opacity = 0.0
13.3653 	EXP 	polygon_2: fillColor = '[1. 1. 1.] (rgb)'
13.3820 	EXP 	displayPicture: image = '.\\resources\\granolabar01.jpg'
13.3820 	EXP 	polygon_2: opacity = 0.0
13.3820 	EXP 	polygon_2: fillColor = '[1. 1. 1.] (rgb)'
13.3987 	EXP 	displayPicture: image = '.\\resources\\granolabar01.jpg'
13.3987 	EXP 	polygon_2: opacity = 0.0
13.3987 	EXP 	polygon_2: fillColor = '[1. 1. 1.] (rgb)'
13.4153 	EXP 	displayPicture: image = '.\\resources\\granolabar01.jpg'
13.4153 	EXP 	polygon_2: opacity = 0.0
13.4153 	EXP 	polygon_2: fillColor = '[1. 1. 1.] (rgb)'
13.4320 	EXP 	displayPicture: image = '.\\resources\\granolabar01.jpg'
13.4320 	EXP 	polygon_2: opacity = 0.0
13.4320 	EXP 	polygon_2: fillColor = '[1. 1. 1.] (rgb)'
13.4487 	EXP 	displayPicture: image = '.\\resources\\granolabar01.jpg'
13.4487 	EXP 	polygon_2: opacity = 0.0
13.4487 	EXP 	polygon_2: fillColor = '[1. 1. 1.] (rgb)'
13.4653 	EXP 	displayPicture: image = '.\\resources\\granolabar01.jpg'
13.4653 	EXP 	polygon_2: opacity = 0.0
13.4653 	EXP 	polygon_2: fillColor = '[1. 1. 1.] (rgb)'
13.4820 	EXP 	displayPicture: image = '.\\resources\\granolabar01.jpg'
13.4820 	EXP 	polygon_2: opacity = 0.0
13.4820 	EXP 	polygon_2: fillColor = '[1. 1. 1.] (rgb)'
13.4987 	EXP 	displayPicture: image = '.\\resources\\granolabar01.jpg'
13.4987 	EXP 	polygon_2: opacity = 1.0
13.4987 	EXP 	polygon_2: fillColor = '[1. 1. 1.] (rgb)'
13.5153 	EXP 	displayPicture: image = '.\\resources\\granolabar01.jpg'
13.5153 	EXP 	polygon_2: opacity = 1.0
13.5153 	EXP 	polygon_2: fillColor = '[1. 1. 1.] (rgb)'
13.5320 	EXP 	displayPicture: image = '.\\resources\\granolabar01.jpg'
13.5320 	EXP 	polygon_2: opacity = 1.0
13.5320 	EXP 	polygon_2: fillColor = '[1. 1. 1.] (rgb)'
13.5653 	EXP 	displayPicture: image = '.\\resources\\humanskeleton.jpg'
13.5653 	EXP 	polygon_2: opacity = 0.0
13.5653 	EXP 	polygon_2: fillColor = '[1. 1. 1.] (rgb)'
13.5820 	EXP 	displayPicture: image = '.\\resources\\humanskeleton.jpg'
13.5820 	EXP 	polygon_2: opacity = 0.0
13.5820 	EXP 	polygon_2: fillColor = '[1. 1. 1.] (rgb)'
13.5986 	EXP 	displayPicture: image = '.\\resources\\humanskeleton.jpg'
13.5986 	EXP 	polygon_2: opacity = 0.0
13.5986 	EXP 	polygon_2: fillColor = '[1. 1. 1.] (rgb)'
13.6153 	EXP 	displayPicture: image = '.\\resources\\humanskeleton.jpg'
13.6153 	EXP 	polygon_2: opacity = 0.0
13.6153 	EXP 	polygon_2: fillColor = '[1. 1. 1.] (rgb)'
13.6320 	EXP 	displayPicture: image = '.\\resources\\humanskeleton.jpg'
13.6320 	EXP 	polygon_2: opacity = 0.0
13.6320 	EXP 	polygon_2: fillColor = '[1. 1. 1.] (rgb)'
13.6486 	EXP 	displayPicture: image = '.\\resources\\humanskeleton.jpg'
13.6486 	EXP 	polygon_2: opacity = 0.0
13.6486 	EXP 	polygon_2: fillColor = '[1. 1. 1.] (rgb)'
13.6653 	EXP 	displayPicture: image = '.\\resources\\humanskeleton.jpg'
13.6653 	EXP 	polygon_2: opacity = 0.0
13.6653 	EXP 	polygon_2: fillColor = '[1. 1. 1.] (rgb)'
13.6820 	EXP 	displayPicture: image = '.\\resources\\humanskeleton.jpg'
13.6820 	EXP 	polygon_2: opacity = 0.0
13.6820 	EXP 	polygon_2: fillColor = '[1. 1. 1.] (rgb)'
13.6987 	EXP 	displayPicture: image = '.\\resources\\humanskeleton.jpg'
13.6987 	EXP 	polygon_2: opacity = 0.0
13.6987 	EXP 	polygon_2: fillColor = '[1. 1. 1.] (rgb)'
13.7153 	EXP 	displayPicture: image = '.\\resources\\humanskeleton.jpg'
13.7153 	EXP 	polygon_2: opacity = 0.0
13.7153 	EXP 	polygon_2: fillColor = '[1. 1. 1.] (rgb)'
13.7320 	EXP 	displayPicture: image = '.\\resources\\humanskeleton.jpg'
13.7320 	EXP 	polygon_2: opacity = 0.0
13.7320 	EXP 	polygon_2: fillColor = '[1. 1. 1.] (rgb)'
13.7487 	EXP 	displayPicture: image = '.\\resources\\humanskeleton.jpg'
13.7487 	EXP 	polygon_2: opacity = 1.0
13.7487 	EXP 	polygon_2: fillColor = '[1. 1. 1.] (rgb)'
13.7653 	EXP 	displayPicture: image = '.\\resources\\humanskeleton.jpg'
13.7653 	EXP 	polygon_2: opacity = 1.0
13.7653 	EXP 	polygon_2: fillColor = '[1. 1. 1.] (rgb)'
13.7820 	EXP 	displayPicture: image = '.\\resources\\humanskeleton.jpg'
13.7820 	EXP 	polygon_2: opacity = 1.0
13.7820 	EXP 	polygon_2: fillColor = '[1. 1. 1.] (rgb)'
13.8155 	EXP 	displayPicture: image = '.\\resources\\humanskeleton.jpg'
13.8155 	EXP 	polygon_2: opacity = 0.0
13.8155 	EXP 	polygon_2: fillColor = '[1. 1. 1.] (rgb)'
13.8155 	EXP 	displayPicture: autoDraw = False
13.8155 	EXP 	polygon_2: autoDraw = False
13.8155 	EXP 	option1_t1: image = '.\\resources\\birdhouse.jpg'
13.8155 	EXP 	polygon_4: autoDraw = True
13.8155 	EXP 	option1_t1: autoDraw = True
14.8603 	DATA 	Keypress: left
14.8819 	EXP 	polygon_4: autoDraw = False
14.8819 	EXP 	option1_t1: autoDraw = False
14.8819 	EXP 	option1_t2: image = '.\\resources\\toad.jpg'
14.8819 	EXP 	polygon_5: autoDraw = True
14.8819 	EXP 	option1_t2: autoDraw = True
15.0977 	DATA 	Keypress: right
15.1153 	EXP 	polygon_5: autoDraw = False
15.1153 	EXP 	option1_t2: autoDraw = False
15.1153 	EXP 	feedbackText: text = '1/2 Correct'
15.1153 	EXP 	feedbackText: autoDraw = True
16.1319 	EXP 	feedbackText: autoDraw = False
16.1319 	EXP 	text: text = ''
16.1319 	EXP 	text: autoDraw = True
16.1319 	EXP 	text: autoDraw = False
16.1319 	EXP 	text_4: autoDraw = True
17.3470 	EXP 	Imported conditionAB_main.xlsx as conditions, 232 conditions, 9 params
17.3475 	EXP 	Created sequence: sequential, trialTypes=232, nReps=1, seed=None
17.3478 	EXP 	New trial (rep=0, index=0): OrderedDict([('trialType', 'AB'), ('cndTyp', 'lag6'), ('lag', 6), ('T1_loc', 5), ('T2_loc', 11), ('stimLen', 0.2), ('isi', 0.05), ('skipProb', 0.5), ('phase', 'ramp')])
17.3626 	DATA 	Keypress: space
17.3818 	EXP 	text_4: autoDraw = False
17.3818 	EXP 	option1_2: image = '.\\resources\\seal.jpg'
17.3818 	EXP 	option2_2: image = '.\\resources\\windmill.jpg'
17.3818 	EXP 	option1_2: autoDraw = True
17.3818 	EXP 	option2_2: autoDraw = True
19.8649 	EXP 	text_5: autoDraw = True
20.1315 	EXP 	option1_2: autoDraw = False
20.1315 	EXP 	option2_2: autoDraw = False
20.3482 	EXP 	option1_2: autoDraw = False
20.3482 	EXP 	option2_2: autoDraw = False
20.3482 	EXP 	text_5: autoDraw = False
20.3482 	EXP 	displayPicture_3: autoDraw = True
20.3482 	EXP 	displayPicture_3: image = '.\\resources\\statue.jpg'
20.3482 	EXP 	polygon_13: autoDraw = True
20.3482 	EXP 	polygon_13: opacity = 1.0
20.3482 	EXP 	polygon_13: fillColor = '[1. 1. 1.] (rgb)'
20.3648 	EXP 	displayPicture_3: image = '.\\resources\\airhockeytable.jpg'
20.3648 	EXP 	polygon_13: opacity = 0.0
20.3648 	EXP 	polygon_13: fillColor = '[1. 1. 1.] (rgb)'
20.3815 	EXP 	displayPicture_3: image = '.\\resources\\airhockeytable.jpg'
20.3815 	EXP 	polygon_13: opacity = 1.0
20.3815 	EXP 	polygon_13: fillColor = '[1. 1. 1.] (rgb)'
20.3982 	EXP 	displayPicture_3: image = '.\\resources\\snowshovel.jpg'
20.3982 	EXP 	polygon_13: opacity = 0.0
20.3982 	EXP 	polygon_13: fillColor = '[1. 1. 1.] (rgb)'
20.4149 	EXP 	displayPicture_3: image = '.\\resources\\snowshovel.jpg'
20.4149 	EXP 	polygon_13: opacity = 1.0
20.4149 	EXP 	polygon_13: fillColor = '[1. 1. 1.] (rgb)'
20.4315 	EXP 	displayPicture_3: image = '.\\resources\\ant.jpg'
20.4315 	EXP 	polygon_13: opacity = 0.0
20.4315 	EXP 	polygon_13: fillColor = '[1. 1. 1.] (rgb)'
20.4482 	EXP 	displayPicture_3: image = '.\\resources\\ant.jpg'
20.4482 	EXP 	polygon_13: opacity = 1.0
20.4482 	EXP 	polygon_13: fillColor = '[1. 1. 1.] (rgb)'
20.4648 	EXP 	displayPicture_3: image = '.\\resources\\windmill.jpg'
20.4648 	EXP 	polygon_13: opacity = 0.0
20.4648 	EXP 	polygon_13: fillColor = '[1. 1. 1.] (rgb)'
20.4815 	EXP 	displayPicture_3: image = '.\\resources\\windmill.jpg'
20.4815 	EXP 	polygon_13: opacity = 1.0
20.4815 	EXP 	polygon_13: fillColor = '[1. 1. 1.] (rgb)'
20.4982 	EXP 	displayPicture_3: image = '.\\resources\\cross01.jpg'
20.4982 	EXP 	polygon_13: opacity = 0.0
20.4982 	EXP 	polygon_13: fillColor = '[1. 1. 1.] (rgb)'
20.5148 	EXP 	displayPicture_3: image = '.\\resources\\cross01.jpg'
20.5148 	EXP 	polygon_13: opacity = 1.0
20.5148 	EXP 	polygon_13: fillColor = '[1. 1. 1.] (rgb)'
20.5315 	EXP 	displayPicture_3: image = '.\\resources\\birdfeeder.jpg'
20.5315 	EXP 	polygon_13: opacity = 0.0
20.5315 	EXP 	polygon_13: fillColor = '[1. 1. 1.] (rgb)'
20.5482 	EXP 	displayPicture_3: image = '.\\resources\\birdfeeder.jpg'
20.5482 	EXP 	polygon_13: opacity = 1.0
20.5482 	EXP 	polygon_13: fillColor = '[1. 1. 1.] (rgb)'
20.5648 	EXP 	displayPicture_3: image = '.\\resources\\totempole.jpg'
20.5648 	EXP 	polygon_13: opacity = 0.0
20.5648 	EXP 	polygon_13: fillColor = '[1. 1. 1.] (rgb)'
20.5815 	EXP 	displayPicture_3: image = '.\\resources\\totempole.jpg'
20.5815 	EXP 	polygon_13: opacity = 1.0
20.5815 	EXP 	polygon_13: fillColor = '[1. 1. 1.] (rgb)'
20.5982 	EXP 	displayPicture_3: image = '.\\resources\\acorn.jpg'
20.5982 	EXP 	polygon_13: opacity = 0.0
20.5982 	EXP 	polygon_13: fillColor = '[1. 1. 1.] (rgb)'
20.6148 	EXP 	displayPicture_3: image = '.\\resources\\acorn.jpg'
20.6148 	EXP 	polygon_13: opacity = 1.0
20.6148 	EXP 	polygon_13: fillColor = '[1. 1. 1.] (rgb)'
20.6315 	EXP 	displayPicture_3: image = '.\\resources\\arrow02.jpg'
20.6315 	EXP 	polygon_13: opacity = 0.0
20.6315 	EXP 	polygon_13: fillColor = '[1. 1. 1.] (rgb)'
20.6482 	EXP 	displayPicture_3: image = '.\\resources\\arrow02.jpg'
20.6482 	EXP 	polygon_13: opacity = 1.0
20.6482 	EXP 	polygon_13: fillColor = '[1. 1. 1.] (rgb)'
20.6648 	EXP 	displayPicture_3: image = '.\\resources\\car.jpg'
20.6648 	EXP 	polygon_13: opacity = 0.0
20.6648 	EXP 	polygon_13: fillColor = '[1. 1. 1.] (rgb)'
20.6815 	EXP 	displayPicture_3: image = '.\\resources\\car.jpg'
20.6815 	EXP 	polygon_13: opacity = 1.0
20.6815 	EXP 	polygon_13: fillColor = '[1. 1. 1.] (rgb)'
20.6982 	EXP 	displayPicture_3: image = '.\\resources\\cannon.jpg'
20.6982 	EXP 	polygon_13: opacity = 0.0
20.6982 	EXP 	polygon_13: fillColor = '[1. 1. 1.] (rgb)'
20.7148 	EXP 	displayPicture_3: image = '.\\resources\\cannon.jpg'
20.7148 	EXP 	polygon_13: opacity = 1.0
20.7148 	EXP 	polygon_13: fillColor = '[1. 1. 1.] (rgb)'
20.7315 	EXP 	displayPicture_3: image = '.\\resources\\hotdogweiner.jpg'
20.7315 	EXP 	polygon_13: opacity = 0.0
20.7315 	EXP 	polygon_13: fillColor = '[1. 1. 1.] (rgb)'
20.7482 	EXP 	displayPicture_3: image = '.\\resources\\hotdogweiner.jpg'
20.7482 	EXP 	polygon_13: opacity = 1.0
20.7482 	EXP 	polygon_13: fillColor = '[1. 1. 1.] (rgb)'
20.7648 	EXP 	displayPicture_3: image = '.\\resources\\nunchuk.jpg'
20.7648 	EXP 	polygon_13: opacity = 0.0
20.7648 	EXP 	polygon_13: fillColor = '[1. 1. 1.] (rgb)'
20.7815 	EXP 	displayPicture_3: image = '.\\resources\\nunchuk.jpg'
20.7815 	EXP 	polygon_13: opacity = 1.0
20.7815 	EXP 	polygon_13: fillColor = '[1. 1. 1.] (rgb)'
20.8148 	EXP 	displayPicture_3: image = '.\\resources\\nunchuk.jpg'
20.8148 	EXP 	polygon_13: opacity = 0.0
20.8148 	EXP 	polygon_13: fillColor = '[1. 1. 1.] (rgb)'
20.8148 	EXP 	displayPicture_3: autoDraw = False
20.8148 	EXP 	polygon_13: autoDraw = False
20.8148 	EXP 	option1_t1_2: image = '.\\resources\\windmill.jpg'
20.8148 	EXP 	polygon_7: autoDraw = True
20.8148 	EXP 	option1_t1_2: autoDraw = True
22.4269 	DATA 	Keypress: right
22.4480 	EXP 	polygon_7: autoDraw = False
22.4480 	EXP 	option1_t1_2: autoDraw = False
22.4480 	EXP 	option1_t2_2: image = '.\\resources\\seal.jpg'
22.4480 	EXP 	polygon_6: autoDraw = True
22.4480 	EXP 	option1_t2_2: autoDraw = True
22.7226 	EXP 	New trial (rep=0, index=1): OrderedDict([('trialType', 'AB'), ('cndTyp', 'lag4'), ('lag', 4), ('T1_loc', 4), ('T2_loc', 8), ('stimLen', 0.193334), ('isi', 0.046666667), ('skipProb', 0.48), ('phase', 'ramp')])
22.7289 	DATA 	Keypress: left
22.7480 	EXP 	polygon_6: autoDraw = False
22.7480 	EXP 	option1_t2_2: autoDraw = False
22.7480 	EXP 	text: text = ''
22.7480 	EXP 	text: autoDraw = True
22.7480 	EXP 	text: autoDraw = False
22.7480 	EXP 	option1_2: image = '.\\resources\\knee.jpg'
22.7480 	EXP 	option2_2: image = '.\\resources\\totempole.jpg'
22.7480 	EXP 	option1_2: autoDraw = True
22.7480 	EXP 	option2_2: autoDraw = True
23.9336 	DATA 	Keypress: escape
24.0924 	EXP 	window1: mouseVisible = True
