0.8631 	WARNING 	We strongly recommend you activate the PTB sound engine in PsychoPy prefs as the preferred audio engine. Its timing is vastly superior. Your prefs are currently set to use ['sounddevice', 'PTB', 'pyo', 'pygame'] (in that order).
5.8002 	WARNING 	User requested fullscreen with size [1024  768], but screen is actually [1920, 1080]. Using actual size
6.7244 	EXP 	Created window1 = Window(allowGUI=False, allowStencil=False, args=UNKNOWN, autoLog=True, bitsMode=UNKNOWN, blendMode='avg', bpc=(8, 8, 8), color=array([0., 0., 0.]), colorSpace='rgb', depthBits=8, fullscr=<method-wrapper '__getattribute__' of attributeSetter object at 0x0000027C5FD84F28>, gamma=None, gammaErrorPolicy='raise', kwargs=UNKNOWN, lms=UNKNOWN, monitor=<psychopy.monitors.calibTools.Monitor object at 0x0000027C5FAD3588>, multiSample=False, name='window1', numSamples=2, pos=[0.0, 0.0], screen=0, size=array([1920, 1080]), stencilBits=0, stereo=False, units='height', useFBO=True, useRetina=False, viewOri=0.0, viewPos=None, viewScale=None, waitBlanking=True, winType='pyglet')
6.7248 	EXP 	window1: mouseVisible = True
6.7248 	EXP 	window1: recordFrameIntervals = False
6.8906 	EXP 	window1: recordFrameIntervals = True
7.0741 	EXP 	window1: recordFrameIntervals = False
7.2446 	EXP 	Created text_3 = TextStim(__class__=<class 'psychopy.visual.text.TextStim'>, alignHoriz=method-wrapper(...), alignText='center', alignVert=method-wrapper(...), anchorHoriz='center', anchorVert='center', antialias=True, autoLog=True, bold=False, color='white', colorSpace='named', contrast=1.0, depth=0.0, flipHoriz=False, flipVert=False, font='Arial', fontFiles=[], height=0.05, italic=False, languageStyle='LTR', name='text_3', opacity=1.0, ori=0, pos=array([0., 0.]), rgb=array([255., 255., 255.]), text=str(...), units='height', win=Window(...), wrapWidth=1.5)
7.2494 	EXP 	Created option1 = ImageStim(__class__=<class 'psychopy.visual.image.ImageStim'>, autoLog=True, color=array([1., 1., 1.]), colorSpace='rgb', contrast=1.0, depth=-1.0, flipHoriz=False, flipVert=False, image='sin', interpolate=True, mask=None, maskParams=None, name='option1', opacity=1.0, ori=0.0, pos=array([-0.3,  0. ]), size=array([0.25, 0.25]), texRes=128, units='height', win=Window(...))
7.2522 	EXP 	Created option2 = ImageStim(__class__=<class 'psychopy.visual.image.ImageStim'>, autoLog=True, color=array([1., 1., 1.]), colorSpace='rgb', contrast=1.0, depth=-2.0, flipHoriz=False, flipVert=False, image='sin', interpolate=True, mask=None, maskParams=None, name='option2', opacity=1.0, ori=0.0, pos=array([0.3, 0. ]), size=array([0.25, 0.25]), texRes=128, units='height', win=Window(...))
7.2607 	EXP 	Created text_2 = TextStim(__class__=<class 'psychopy.visual.text.TextStim'>, alignHoriz=method-wrapper(...), alignText='center', alignVert=method-wrapper(...), anchorHoriz='center', anchorVert='center', antialias=True, autoLog=True, bold=False, color='white', colorSpace='named', contrast=1.0, depth=-3.0, flipHoriz=False, flipVert=False, font='Arial', fontFiles=[], height=0.1, italic=False, languageStyle='LTR', name='text_2', opacity=1.0, ori=0, pos=array([0., 0.]), rgb=array([255., 255., 255.]), text='+', units='height', win=Window(...), wrapWidth=1)
7.2631 	EXP 	Created displayPicture = ImageStim(__class__=<class 'psychopy.visual.image.ImageStim'>, autoLog=True, color=array([1., 1., 1.]), colorSpace='rgb', contrast=1.0, depth=-6.0, flipHoriz=False, flipVert=False, image='sin', interpolate=True, mask=None, maskParams=None, name='displayPicture', opacity=1.0, ori=0.0, pos=array([0., 0.]), size=array([0.25, 0.25]), texRes=128, units='height', win=Window(...))
7.2646 	EXP 	Created polygon_2 = Rect(__class__=<class 'psychopy.visual.rect.Rect'>, autoDraw=False, autoLog=True, closeShape=True, color=method-wrapper(...), colorSpace=None, contrast=1.0, depth=-7.0, fillColor=array([1., 1., 1.]), fillColorSpace='rgb', fillRGB=array([1., 1., 1.]), interpolate=True, lineColor=array([1., 1., 1.]), lineColorSpace='rgb', lineRGB=array([1., 1., 1.]), lineWidth=0, name='polygon_2', opacity=1.0, ori=array(0.), pos=array([0., 0.]), size=array([0.25, 0.25]), units='height', vertices=ndarray(...), win=Window(...))
7.2659 	EXP 	Created polygon_4 = ShapeStim(__class__=<class 'psychopy.visual.shape.ShapeStim'>, autoDraw=False, autoLog=True, closeShape=True, contrast=1.0, depth=0.0, fillColor=array([1., 0., 0.]), fillColorSpace='rgb', interpolate=True, lineColor=array([1., 1., 1.]), lineColorSpace='rgb', lineWidth=1, name='polygon_4', opacity=1.0, ori=array(0.), pos=array([0., 0.]), size=array([1., 1.]), units='height', vertices=ndarray(...), win=Window(...), windingRule=None)
7.2688 	EXP 	Created option1_t1 = ImageStim(__class__=<class 'psychopy.visual.image.ImageStim'>, autoLog=True, color=array([1., 1., 1.]), colorSpace='rgb', contrast=1.0, depth=-2.0, flipHoriz=False, flipVert=False, image='sin', interpolate=True, mask=None, maskParams=None, name='option1_t1', opacity=1.0, ori=0.0, pos=array([0., 0.]), size=array([0.25, 0.25]), texRes=128, units='height', win=Window(...))
7.2705 	EXP 	Created polygon_5 = ShapeStim(__class__=<class 'psychopy.visual.shape.ShapeStim'>, autoDraw=False, autoLog=True, closeShape=True, contrast=1.0, depth=0.0, fillColor=array([0., 0., 1.]), fillColorSpace='rgb', interpolate=True, lineColor=array([1., 1., 1.]), lineColorSpace='rgb', lineWidth=1, name='polygon_5', opacity=1.0, ori=array(0.), pos=array([0., 0.]), size=array([0.7, 0.7]), units='height', vertices=ndarray(...), win=Window(...), windingRule=None)
7.2732 	EXP 	Created option1_t2 = ImageStim(__class__=<class 'psychopy.visual.image.ImageStim'>, autoLog=True, color=array([1., 1., 1.]), colorSpace='rgb', contrast=1.0, depth=-2.0, flipHoriz=False, flipVert=False, image='sin', interpolate=True, mask=None, maskParams=None, name='option1_t2', opacity=1.0, ori=0.0, pos=array([0., 0.]), size=array([0.25, 0.25]), texRes=128, units='height', win=Window(...))
7.2908 	EXP 	Created feedbackText = TextStim(__class__=<class 'psychopy.visual.text.TextStim'>, alignHoriz=method-wrapper(...), alignText='center', alignVert=method-wrapper(...), anchorHoriz='center', anchorVert='center', antialias=True, autoLog=True, bold=False, color='white', colorSpace='named', contrast=1.0, depth=-1.0, flipHoriz=False, flipVert=False, font='Arial', fontFiles=[], height=0.1, italic=False, languageStyle='LTR', name='feedbackText', opacity=1.0, ori=0, pos=array([0., 0.]), rgb=array([255., 255., 255.]), text='default text', units='height', win=Window(...), wrapWidth=1)
7.2942 	EXP 	Created text = TextStim(__class__=<class 'psychopy.visual.text.TextStim'>, alignHoriz=method-wrapper(...), alignText='center', alignVert=method-wrapper(...), anchorHoriz='center', anchorVert='center', antialias=True, autoLog=True, bold=False, color='white', colorSpace='named', contrast=1.0, depth=-3.0, flipHoriz=False, flipVert=False, font='Arial', fontFiles=[], height=0.1, italic=False, languageStyle='LTR', name='text', opacity=1.0, ori=0, pos=array([0., 0.]), rgb=array([255., 255., 255.]), text='default text', units='height', win=Window(...), wrapWidth=1)
7.3206 	EXP 	Created text_4 = TextStim(__class__=<class 'psychopy.visual.text.TextStim'>, alignHoriz=method-wrapper(...), alignText='center', alignVert=method-wrapper(...), anchorHoriz='center', anchorVert='center', antialias=True, autoLog=True, bold=False, color='white', colorSpace='named', contrast=1.0, depth=0.0, flipHoriz=False, flipVert=False, font='Arial', fontFiles=[], height=0.05, italic=False, languageStyle='LTR', name='text_4', opacity=1.0, ori=0, pos=array([0., 0.]), rgb=array([255., 255., 255.]), text=str(...), units='height', win=Window(...), wrapWidth=1.5)
7.3234 	EXP 	Created option1_2 = ImageStim(__class__=<class 'psychopy.visual.image.ImageStim'>, autoLog=True, color=array([1., 1., 1.]), colorSpace='rgb', contrast=1.0, depth=-1.0, flipHoriz=False, flipVert=False, image='sin', interpolate=True, mask=None, maskParams=None, name='option1_2', opacity=1.0, ori=0.0, pos=array([-0.3,  0. ]), size=array([0.25, 0.25]), texRes=128, units='height', win=Window(...))
7.3262 	EXP 	Created option2_2 = ImageStim(__class__=<class 'psychopy.visual.image.ImageStim'>, autoLog=True, color=array([1., 1., 1.]), colorSpace='rgb', contrast=1.0, depth=-2.0, flipHoriz=False, flipVert=False, image='sin', interpolate=True, mask=None, maskParams=None, name='option2_2', opacity=1.0, ori=0.0, pos=array([0.3, 0. ]), size=array([0.25, 0.25]), texRes=128, units='height', win=Window(...))
7.3278 	EXP 	Created text_5 = TextStim(__class__=<class 'psychopy.visual.text.TextStim'>, alignHoriz=method-wrapper(...), alignText='center', alignVert=method-wrapper(...), anchorHoriz='center', anchorVert='center', antialias=True, autoLog=True, bold=False, color='white', colorSpace='named', contrast=1.0, depth=-3.0, flipHoriz=False, flipVert=False, font='Arial', fontFiles=[], height=0.1, italic=False, languageStyle='LTR', name='text_5', opacity=1.0, ori=0, pos=array([0., 0.]), rgb=array([255., 255., 255.]), text='+', units='height', win=Window(...), wrapWidth=1)
7.3304 	EXP 	Created displayPicture_2 = ImageStim(__class__=<class 'psychopy.visual.image.ImageStim'>, autoLog=True, color=array([1., 1., 1.]), colorSpace='rgb', contrast=1.0, depth=-6.0, flipHoriz=False, flipVert=False, image='sin', interpolate=True, mask=None, maskParams=None, name='displayPicture_2', opacity=1.0, ori=0.0, pos=array([0., 0.]), size=array([0.25, 0.25]), texRes=128, units='height', win=Window(...))
7.3318 	EXP 	Created polygon_10 = Rect(__class__=<class 'psychopy.visual.rect.Rect'>, autoDraw=False, autoLog=True, closeShape=True, color=method-wrapper(...), colorSpace=None, contrast=1.0, depth=-7.0, fillColor=array([1., 1., 1.]), fillColorSpace='rgb', fillRGB=array([1., 1., 1.]), interpolate=True, lineColor=array([1., 1., 1.]), lineColorSpace='rgb', lineRGB=array([1., 1., 1.]), lineWidth=0, name='polygon_10', opacity=1.0, ori=array(0.), pos=array([0., 0.]), size=array([0.25, 0.25]), units='height', vertices=ndarray(...), win=Window(...))
7.3331 	EXP 	Created polygon_7 = ShapeStim(__class__=<class 'psychopy.visual.shape.ShapeStim'>, autoDraw=False, autoLog=True, closeShape=True, contrast=1.0, depth=0.0, fillColor=array([1., 0., 0.]), fillColorSpace='rgb', interpolate=True, lineColor=array([1., 1., 1.]), lineColorSpace='rgb', lineWidth=1, name='polygon_7', opacity=1.0, ori=array(0.), pos=array([0., 0.]), size=array([1., 1.]), units='height', vertices=ndarray(...), win=Window(...), windingRule=None)
7.3358 	EXP 	Created option1_t1_2 = ImageStim(__class__=<class 'psychopy.visual.image.ImageStim'>, autoLog=True, color=array([1., 1., 1.]), colorSpace='rgb', contrast=1.0, depth=-2.0, flipHoriz=False, flipVert=False, image='sin', interpolate=True, mask=None, maskParams=None, name='option1_t1_2', opacity=1.0, ori=0.0, pos=array([0., 0.]), size=array([0.25, 0.25]), texRes=128, units='height', win=Window(...))
7.3374 	EXP 	Created polygon_6 = ShapeStim(__class__=<class 'psychopy.visual.shape.ShapeStim'>, autoDraw=False, autoLog=True, closeShape=True, contrast=1.0, depth=0.0, fillColor=array([0., 0., 1.]), fillColorSpace='rgb', interpolate=True, lineColor=array([1., 1., 1.]), lineColorSpace='rgb', lineWidth=1, name='polygon_6', opacity=1.0, ori=array(0.), pos=array([0., 0.]), size=array([0.7, 0.7]), units='height', vertices=ndarray(...), win=Window(...), windingRule=None)
7.3398 	EXP 	Created option1_t2_2 = ImageStim(__class__=<class 'psychopy.visual.image.ImageStim'>, autoLog=True, color=array([1., 1., 1.]), colorSpace='rgb', contrast=1.0, depth=-2.0, flipHoriz=False, flipVert=False, image='sin', interpolate=True, mask=None, maskParams=None, name='option1_t2_2', opacity=1.0, ori=0.0, pos=array([0., 0.]), size=array([0.25, 0.25]), texRes=128, units='height', win=Window(...))
7.3432 	EXP 	Created text = TextStim(__class__=<class 'psychopy.visual.text.TextStim'>, alignHoriz=method-wrapper(...), alignText='center', alignVert=method-wrapper(...), anchorHoriz='center', anchorVert='center', antialias=True, autoLog=True, bold=False, color='white', colorSpace='named', contrast=1.0, depth=-3.0, flipHoriz=False, flipVert=False, font='Arial', fontFiles=[], height=0.1, italic=False, languageStyle='LTR', name='text', opacity=1.0, ori=0, pos=array([0., 0.]), rgb=array([255., 255., 255.]), text='default text', units='height', win=Window(...), wrapWidth=1)
7.4388 	EXP 	text_3: autoDraw = True
8.6358 	EXP 	Imported conditionAB.xlsx as conditions, 1 conditions, 8 params
8.6360 	EXP 	Created sequence: random, trialTypes=1, nReps=1, seed=None
8.6363 	EXP 	New trial (rep=0, index=0): OrderedDict([('trialType', 'AB'), ('cndTyp', 'lag6'), ('lag', 6), ('T1_loc', 5), ('T2_loc', 11), ('stimLen', 0.2), ('isi', 0.05), ('skipProb', 0.5)])
8.6534 	DATA 	Keypress: space
8.6738 	EXP 	text_3: autoDraw = False
8.6738 	EXP 	option1: image = '.\\resources\\wallclock.jpg'
8.6738 	EXP 	option2: image = '.\\resources\\magneticcompass.jpg'
8.6738 	EXP 	option1: autoDraw = True
8.6738 	EXP 	option2: autoDraw = True
11.1566 	EXP 	text_2: autoDraw = True
11.4232 	EXP 	option1: autoDraw = False
11.4232 	EXP 	option2: autoDraw = False
11.6566 	EXP 	option1: autoDraw = False
11.6566 	EXP 	option2: autoDraw = False
11.6566 	EXP 	text_2: autoDraw = False
11.6566 	EXP 	displayPicture: autoDraw = True
11.6566 	EXP 	displayPicture: image = '.\\resources\\rollerblade.jpg'
11.6566 	EXP 	polygon_2: autoDraw = True
11.6566 	EXP 	polygon_2: opacity = 0.0
11.6566 	EXP 	polygon_2: fillColor = '[1. 1. 1.] (rgb)'
11.6732 	EXP 	displayPicture: image = '.\\resources\\rollerblade.jpg'
11.6732 	EXP 	polygon_2: opacity = 0.0
11.6732 	EXP 	polygon_2: fillColor = '[1. 1. 1.] (rgb)'
11.6899 	EXP 	displayPicture: image = '.\\resources\\rollerblade.jpg'
11.6899 	EXP 	polygon_2: opacity = 0.0
11.6899 	EXP 	polygon_2: fillColor = '[1. 1. 1.] (rgb)'
11.7065 	EXP 	displayPicture: image = '.\\resources\\rollerblade.jpg'
11.7065 	EXP 	polygon_2: opacity = 0.0
11.7065 	EXP 	polygon_2: fillColor = '[1. 1. 1.] (rgb)'
11.7232 	EXP 	displayPicture: image = '.\\resources\\rollerblade.jpg'
11.7232 	EXP 	polygon_2: opacity = 0.0
11.7232 	EXP 	polygon_2: fillColor = '[1. 1. 1.] (rgb)'
11.7399 	EXP 	displayPicture: image = '.\\resources\\rollerblade.jpg'
11.7399 	EXP 	polygon_2: opacity = 0.0
11.7399 	EXP 	polygon_2: fillColor = '[1. 1. 1.] (rgb)'
11.7565 	EXP 	displayPicture: image = '.\\resources\\rollerblade.jpg'
11.7565 	EXP 	polygon_2: opacity = 0.0
11.7565 	EXP 	polygon_2: fillColor = '[1. 1. 1.] (rgb)'
11.7732 	EXP 	displayPicture: image = '.\\resources\\rollerblade.jpg'
11.7732 	EXP 	polygon_2: opacity = 0.0
11.7732 	EXP 	polygon_2: fillColor = '[1. 1. 1.] (rgb)'
11.7899 	EXP 	displayPicture: image = '.\\resources\\rollerblade.jpg'
11.7899 	EXP 	polygon_2: opacity = 0.0
11.7899 	EXP 	polygon_2: fillColor = '[1. 1. 1.] (rgb)'
11.8065 	EXP 	displayPicture: image = '.\\resources\\rollerblade.jpg'
11.8065 	EXP 	polygon_2: opacity = 0.0
11.8065 	EXP 	polygon_2: fillColor = '[1. 1. 1.] (rgb)'
11.8232 	EXP 	displayPicture: image = '.\\resources\\rollerblade.jpg'
11.8232 	EXP 	polygon_2: opacity = 0.0
11.8232 	EXP 	polygon_2: fillColor = '[1. 1. 1.] (rgb)'
11.8399 	EXP 	displayPicture: image = '.\\resources\\rollerblade.jpg'
11.8399 	EXP 	polygon_2: opacity = 1.0
11.8399 	EXP 	polygon_2: fillColor = '[1. 1. 1.] (rgb)'
11.8565 	EXP 	displayPicture: image = '.\\resources\\rollerblade.jpg'
11.8565 	EXP 	polygon_2: opacity = 1.0
11.8565 	EXP 	polygon_2: fillColor = '[1. 1. 1.] (rgb)'
11.8732 	EXP 	displayPicture: image = '.\\resources\\rollerblade.jpg'
11.8732 	EXP 	polygon_2: opacity = 1.0
11.8732 	EXP 	polygon_2: fillColor = '[1. 1. 1.] (rgb)'
11.8899 	EXP 	displayPicture: image = '.\\resources\\bullet.jpg'
11.8899 	EXP 	polygon_2: opacity = 0.0
11.8899 	EXP 	polygon_2: fillColor = '[1. 1. 1.] (rgb)'
11.9065 	EXP 	displayPicture: image = '.\\resources\\bullet.jpg'
11.9065 	EXP 	polygon_2: opacity = 0.0
11.9065 	EXP 	polygon_2: fillColor = '[1. 1. 1.] (rgb)'
11.9232 	EXP 	displayPicture: image = '.\\resources\\bullet.jpg'
11.9232 	EXP 	polygon_2: opacity = 0.0
11.9232 	EXP 	polygon_2: fillColor = '[1. 1. 1.] (rgb)'
11.9399 	EXP 	displayPicture: image = '.\\resources\\bullet.jpg'
11.9399 	EXP 	polygon_2: opacity = 0.0
11.9399 	EXP 	polygon_2: fillColor = '[1. 1. 1.] (rgb)'
11.9565 	EXP 	displayPicture: image = '.\\resources\\bullet.jpg'
11.9565 	EXP 	polygon_2: opacity = 0.0
11.9565 	EXP 	polygon_2: fillColor = '[1. 1. 1.] (rgb)'
11.9732 	EXP 	displayPicture: image = '.\\resources\\bullet.jpg'
11.9732 	EXP 	polygon_2: opacity = 0.0
11.9732 	EXP 	polygon_2: fillColor = '[1. 1. 1.] (rgb)'
11.9899 	EXP 	displayPicture: image = '.\\resources\\bullet.jpg'
11.9899 	EXP 	polygon_2: opacity = 0.0
11.9899 	EXP 	polygon_2: fillColor = '[1. 1. 1.] (rgb)'
12.0065 	EXP 	displayPicture: image = '.\\resources\\bullet.jpg'
12.0065 	EXP 	polygon_2: opacity = 0.0
12.0065 	EXP 	polygon_2: fillColor = '[1. 1. 1.] (rgb)'
12.0232 	EXP 	displayPicture: image = '.\\resources\\bullet.jpg'
12.0232 	EXP 	polygon_2: opacity = 0.0
12.0232 	EXP 	polygon_2: fillColor = '[1. 1. 1.] (rgb)'
12.0399 	EXP 	displayPicture: image = '.\\resources\\bullet.jpg'
12.0399 	EXP 	polygon_2: opacity = 0.0
12.0399 	EXP 	polygon_2: fillColor = '[1. 1. 1.] (rgb)'
12.0566 	EXP 	displayPicture: image = '.\\resources\\bullet.jpg'
12.0566 	EXP 	polygon_2: opacity = 0.0
12.0566 	EXP 	polygon_2: fillColor = '[1. 1. 1.] (rgb)'
12.0732 	EXP 	displayPicture: image = '.\\resources\\bullet.jpg'
12.0732 	EXP 	polygon_2: opacity = 0.0
12.0732 	EXP 	polygon_2: fillColor = '[1. 1. 1.] (rgb)'
12.0899 	EXP 	displayPicture: image = '.\\resources\\bullet.jpg'
12.0899 	EXP 	polygon_2: opacity = 1.0
12.0899 	EXP 	polygon_2: fillColor = '[1. 1. 1.] (rgb)'
12.1065 	EXP 	displayPicture: image = '.\\resources\\bullet.jpg'
12.1065 	EXP 	polygon_2: opacity = 1.0
12.1065 	EXP 	polygon_2: fillColor = '[1. 1. 1.] (rgb)'
12.1232 	EXP 	displayPicture: image = '.\\resources\\bullet.jpg'
12.1232 	EXP 	polygon_2: opacity = 1.0
12.1232 	EXP 	polygon_2: fillColor = '[1. 1. 1.] (rgb)'
12.1399 	EXP 	displayPicture: image = '.\\resources\\locker.jpg'
12.1399 	EXP 	polygon_2: opacity = 0.0
12.1399 	EXP 	polygon_2: fillColor = '[1. 1. 1.] (rgb)'
12.1565 	EXP 	displayPicture: image = '.\\resources\\locker.jpg'
12.1565 	EXP 	polygon_2: opacity = 0.0
12.1565 	EXP 	polygon_2: fillColor = '[1. 1. 1.] (rgb)'
12.1734 	EXP 	displayPicture: image = '.\\resources\\locker.jpg'
12.1734 	EXP 	polygon_2: opacity = 0.0
12.1734 	EXP 	polygon_2: fillColor = '[1. 1. 1.] (rgb)'
12.1899 	EXP 	displayPicture: image = '.\\resources\\locker.jpg'
12.1899 	EXP 	polygon_2: opacity = 0.0
12.1899 	EXP 	polygon_2: fillColor = '[1. 1. 1.] (rgb)'
12.2066 	EXP 	displayPicture: image = '.\\resources\\locker.jpg'
12.2066 	EXP 	polygon_2: opacity = 0.0
12.2066 	EXP 	polygon_2: fillColor = '[1. 1. 1.] (rgb)'
12.2232 	EXP 	displayPicture: image = '.\\resources\\locker.jpg'
12.2232 	EXP 	polygon_2: opacity = 0.0
12.2232 	EXP 	polygon_2: fillColor = '[1. 1. 1.] (rgb)'
12.2399 	EXP 	displayPicture: image = '.\\resources\\locker.jpg'
12.2399 	EXP 	polygon_2: opacity = 0.0
12.2399 	EXP 	polygon_2: fillColor = '[1. 1. 1.] (rgb)'
12.2565 	EXP 	displayPicture: image = '.\\resources\\locker.jpg'
12.2565 	EXP 	polygon_2: opacity = 0.0
12.2565 	EXP 	polygon_2: fillColor = '[1. 1. 1.] (rgb)'
12.2732 	EXP 	displayPicture: image = '.\\resources\\locker.jpg'
12.2732 	EXP 	polygon_2: opacity = 0.0
12.2732 	EXP 	polygon_2: fillColor = '[1. 1. 1.] (rgb)'
12.2899 	EXP 	displayPicture: image = '.\\resources\\locker.jpg'
12.2899 	EXP 	polygon_2: opacity = 0.0
12.2899 	EXP 	polygon_2: fillColor = '[1. 1. 1.] (rgb)'
12.3065 	EXP 	displayPicture: image = '.\\resources\\locker.jpg'
12.3065 	EXP 	polygon_2: opacity = 0.0
12.3065 	EXP 	polygon_2: fillColor = '[1. 1. 1.] (rgb)'
12.3232 	EXP 	displayPicture: image = '.\\resources\\locker.jpg'
12.3232 	EXP 	polygon_2: opacity = 0.0
12.3232 	EXP 	polygon_2: fillColor = '[1. 1. 1.] (rgb)'
12.3399 	EXP 	displayPicture: image = '.\\resources\\locker.jpg'
12.3399 	EXP 	polygon_2: opacity = 1.0
12.3399 	EXP 	polygon_2: fillColor = '[1. 1. 1.] (rgb)'
12.3565 	EXP 	displayPicture: image = '.\\resources\\locker.jpg'
12.3565 	EXP 	polygon_2: opacity = 1.0
12.3565 	EXP 	polygon_2: fillColor = '[1. 1. 1.] (rgb)'
12.3732 	EXP 	displayPicture: image = '.\\resources\\locker.jpg'
12.3732 	EXP 	polygon_2: opacity = 1.0
12.3732 	EXP 	polygon_2: fillColor = '[1. 1. 1.] (rgb)'
12.3899 	EXP 	displayPicture: image = '.\\resources\\lightswitch01.jpg'
12.3899 	EXP 	polygon_2: opacity = 0.0
12.3899 	EXP 	polygon_2: fillColor = '[1. 1. 1.] (rgb)'
12.4065 	EXP 	displayPicture: image = '.\\resources\\lightswitch01.jpg'
12.4065 	EXP 	polygon_2: opacity = 0.0
12.4065 	EXP 	polygon_2: fillColor = '[1. 1. 1.] (rgb)'
12.4232 	EXP 	displayPicture: image = '.\\resources\\lightswitch01.jpg'
12.4232 	EXP 	polygon_2: opacity = 0.0
12.4232 	EXP 	polygon_2: fillColor = '[1. 1. 1.] (rgb)'
12.4399 	EXP 	displayPicture: image = '.\\resources\\lightswitch01.jpg'
12.4399 	EXP 	polygon_2: opacity = 0.0
12.4399 	EXP 	polygon_2: fillColor = '[1. 1. 1.] (rgb)'
12.4565 	EXP 	displayPicture: image = '.\\resources\\lightswitch01.jpg'
12.4565 	EXP 	polygon_2: opacity = 0.0
12.4565 	EXP 	polygon_2: fillColor = '[1. 1. 1.] (rgb)'
12.4732 	EXP 	displayPicture: image = '.\\resources\\lightswitch01.jpg'
12.4732 	EXP 	polygon_2: opacity = 0.0
12.4732 	EXP 	polygon_2: fillColor = '[1. 1. 1.] (rgb)'
12.4899 	EXP 	displayPicture: image = '.\\resources\\lightswitch01.jpg'
12.4899 	EXP 	polygon_2: opacity = 0.0
12.4899 	EXP 	polygon_2: fillColor = '[1. 1. 1.] (rgb)'
12.5065 	EXP 	displayPicture: image = '.\\resources\\lightswitch01.jpg'
12.5065 	EXP 	polygon_2: opacity = 0.0
12.5065 	EXP 	polygon_2: fillColor = '[1. 1. 1.] (rgb)'
12.5232 	EXP 	displayPicture: image = '.\\resources\\lightswitch01.jpg'
12.5232 	EXP 	polygon_2: opacity = 0.0
12.5232 	EXP 	polygon_2: fillColor = '[1. 1. 1.] (rgb)'
12.5398 	EXP 	displayPicture: image = '.\\resources\\lightswitch01.jpg'
12.5398 	EXP 	polygon_2: opacity = 0.0
12.5398 	EXP 	polygon_2: fillColor = '[1. 1. 1.] (rgb)'
12.5565 	EXP 	displayPicture: image = '.\\resources\\lightswitch01.jpg'
12.5565 	EXP 	polygon_2: opacity = 0.0
12.5565 	EXP 	polygon_2: fillColor = '[1. 1. 1.] (rgb)'
12.5732 	EXP 	displayPicture: image = '.\\resources\\lightswitch01.jpg'
12.5732 	EXP 	polygon_2: opacity = 0.0
12.5732 	EXP 	polygon_2: fillColor = '[1. 1. 1.] (rgb)'
12.5898 	EXP 	displayPicture: image = '.\\resources\\lightswitch01.jpg'
12.5898 	EXP 	polygon_2: opacity = 1.0
12.5898 	EXP 	polygon_2: fillColor = '[1. 1. 1.] (rgb)'
12.6065 	EXP 	displayPicture: image = '.\\resources\\lightswitch01.jpg'
12.6065 	EXP 	polygon_2: opacity = 1.0
12.6065 	EXP 	polygon_2: fillColor = '[1. 1. 1.] (rgb)'
12.6232 	EXP 	displayPicture: image = '.\\resources\\lightswitch01.jpg'
12.6232 	EXP 	polygon_2: opacity = 1.0
12.6232 	EXP 	polygon_2: fillColor = '[1. 1. 1.] (rgb)'
12.6398 	EXP 	displayPicture: image = '.\\resources\\magneticcompass.jpg'
12.6398 	EXP 	polygon_2: opacity = 0.0
12.6398 	EXP 	polygon_2: fillColor = '[1. 1. 1.] (rgb)'
12.6565 	EXP 	displayPicture: image = '.\\resources\\magneticcompass.jpg'
12.6565 	EXP 	polygon_2: opacity = 0.0
12.6565 	EXP 	polygon_2: fillColor = '[1. 1. 1.] (rgb)'
12.6732 	EXP 	displayPicture: image = '.\\resources\\magneticcompass.jpg'
12.6732 	EXP 	polygon_2: opacity = 0.0
12.6732 	EXP 	polygon_2: fillColor = '[1. 1. 1.] (rgb)'
12.6898 	EXP 	displayPicture: image = '.\\resources\\magneticcompass.jpg'
12.6898 	EXP 	polygon_2: opacity = 0.0
12.6898 	EXP 	polygon_2: fillColor = '[1. 1. 1.] (rgb)'
12.7065 	EXP 	displayPicture: image = '.\\resources\\magneticcompass.jpg'
12.7065 	EXP 	polygon_2: opacity = 0.0
12.7065 	EXP 	polygon_2: fillColor = '[1. 1. 1.] (rgb)'
12.7232 	EXP 	displayPicture: image = '.\\resources\\magneticcompass.jpg'
12.7232 	EXP 	polygon_2: opacity = 0.0
12.7232 	EXP 	polygon_2: fillColor = '[1. 1. 1.] (rgb)'
12.7398 	EXP 	displayPicture: image = '.\\resources\\magneticcompass.jpg'
12.7398 	EXP 	polygon_2: opacity = 0.0
12.7398 	EXP 	polygon_2: fillColor = '[1. 1. 1.] (rgb)'
12.7565 	EXP 	displayPicture: image = '.\\resources\\magneticcompass.jpg'
12.7565 	EXP 	polygon_2: opacity = 0.0
12.7565 	EXP 	polygon_2: fillColor = '[1. 1. 1.] (rgb)'
12.7731 	EXP 	displayPicture: image = '.\\resources\\magneticcompass.jpg'
12.7731 	EXP 	polygon_2: opacity = 0.0
12.7731 	EXP 	polygon_2: fillColor = '[1. 1. 1.] (rgb)'
12.7898 	EXP 	displayPicture: image = '.\\resources\\magneticcompass.jpg'
12.7898 	EXP 	polygon_2: opacity = 0.0
12.7898 	EXP 	polygon_2: fillColor = '[1. 1. 1.] (rgb)'
12.8064 	EXP 	displayPicture: image = '.\\resources\\magneticcompass.jpg'
12.8064 	EXP 	polygon_2: opacity = 0.0
12.8064 	EXP 	polygon_2: fillColor = '[1. 1. 1.] (rgb)'
12.8232 	EXP 	displayPicture: image = '.\\resources\\magneticcompass.jpg'
12.8232 	EXP 	polygon_2: opacity = 0.0
12.8232 	EXP 	polygon_2: fillColor = '[1. 1. 1.] (rgb)'
12.8398 	EXP 	displayPicture: image = '.\\resources\\magneticcompass.jpg'
12.8398 	EXP 	polygon_2: opacity = 1.0
12.8398 	EXP 	polygon_2: fillColor = '[1. 1. 1.] (rgb)'
12.8565 	EXP 	displayPicture: image = '.\\resources\\magneticcompass.jpg'
12.8565 	EXP 	polygon_2: opacity = 1.0
12.8565 	EXP 	polygon_2: fillColor = '[1. 1. 1.] (rgb)'
12.8731 	EXP 	displayPicture: image = '.\\resources\\magneticcompass.jpg'
12.8731 	EXP 	polygon_2: opacity = 1.0
12.8731 	EXP 	polygon_2: fillColor = '[1. 1. 1.] (rgb)'
12.8898 	EXP 	displayPicture: image = '.\\resources\\swing.jpg'
12.8898 	EXP 	polygon_2: opacity = 0.0
12.8898 	EXP 	polygon_2: fillColor = '[1. 1. 1.] (rgb)'
12.9065 	EXP 	displayPicture: image = '.\\resources\\swing.jpg'
12.9065 	EXP 	polygon_2: opacity = 0.0
12.9065 	EXP 	polygon_2: fillColor = '[1. 1. 1.] (rgb)'
12.9231 	EXP 	displayPicture: image = '.\\resources\\swing.jpg'
12.9231 	EXP 	polygon_2: opacity = 0.0
12.9231 	EXP 	polygon_2: fillColor = '[1. 1. 1.] (rgb)'
12.9398 	EXP 	displayPicture: image = '.\\resources\\swing.jpg'
12.9398 	EXP 	polygon_2: opacity = 0.0
12.9398 	EXP 	polygon_2: fillColor = '[1. 1. 1.] (rgb)'
12.9565 	EXP 	displayPicture: image = '.\\resources\\swing.jpg'
12.9565 	EXP 	polygon_2: opacity = 0.0
12.9565 	EXP 	polygon_2: fillColor = '[1. 1. 1.] (rgb)'
12.9731 	EXP 	displayPicture: image = '.\\resources\\swing.jpg'
12.9731 	EXP 	polygon_2: opacity = 0.0
12.9731 	EXP 	polygon_2: fillColor = '[1. 1. 1.] (rgb)'
12.9898 	EXP 	displayPicture: image = '.\\resources\\swing.jpg'
12.9898 	EXP 	polygon_2: opacity = 0.0
12.9898 	EXP 	polygon_2: fillColor = '[1. 1. 1.] (rgb)'
13.0065 	EXP 	displayPicture: image = '.\\resources\\swing.jpg'
13.0065 	EXP 	polygon_2: opacity = 0.0
13.0065 	EXP 	polygon_2: fillColor = '[1. 1. 1.] (rgb)'
13.0231 	EXP 	displayPicture: image = '.\\resources\\swing.jpg'
13.0231 	EXP 	polygon_2: opacity = 0.0
13.0231 	EXP 	polygon_2: fillColor = '[1. 1. 1.] (rgb)'
13.0398 	EXP 	displayPicture: image = '.\\resources\\swing.jpg'
13.0398 	EXP 	polygon_2: opacity = 0.0
13.0398 	EXP 	polygon_2: fillColor = '[1. 1. 1.] (rgb)'
13.0565 	EXP 	displayPicture: image = '.\\resources\\swing.jpg'
13.0565 	EXP 	polygon_2: opacity = 0.0
13.0565 	EXP 	polygon_2: fillColor = '[1. 1. 1.] (rgb)'
13.0731 	EXP 	displayPicture: image = '.\\resources\\swing.jpg'
13.0731 	EXP 	polygon_2: opacity = 0.0
13.0731 	EXP 	polygon_2: fillColor = '[1. 1. 1.] (rgb)'
13.0898 	EXP 	displayPicture: image = '.\\resources\\swing.jpg'
13.0898 	EXP 	polygon_2: opacity = 1.0
13.0898 	EXP 	polygon_2: fillColor = '[1. 1. 1.] (rgb)'
13.1065 	EXP 	displayPicture: image = '.\\resources\\swing.jpg'
13.1065 	EXP 	polygon_2: opacity = 1.0
13.1065 	EXP 	polygon_2: fillColor = '[1. 1. 1.] (rgb)'
13.1231 	EXP 	displayPicture: image = '.\\resources\\swing.jpg'
13.1231 	EXP 	polygon_2: opacity = 1.0
13.1231 	EXP 	polygon_2: fillColor = '[1. 1. 1.] (rgb)'
13.1398 	EXP 	displayPicture: image = '.\\resources\\sheep.jpg'
13.1398 	EXP 	polygon_2: opacity = 0.0
13.1398 	EXP 	polygon_2: fillColor = '[1. 1. 1.] (rgb)'
13.1565 	EXP 	displayPicture: image = '.\\resources\\sheep.jpg'
13.1565 	EXP 	polygon_2: opacity = 0.0
13.1565 	EXP 	polygon_2: fillColor = '[1. 1. 1.] (rgb)'
13.1731 	EXP 	displayPicture: image = '.\\resources\\sheep.jpg'
13.1731 	EXP 	polygon_2: opacity = 0.0
13.1731 	EXP 	polygon_2: fillColor = '[1. 1. 1.] (rgb)'
13.1898 	EXP 	displayPicture: image = '.\\resources\\sheep.jpg'
13.1898 	EXP 	polygon_2: opacity = 0.0
13.1898 	EXP 	polygon_2: fillColor = '[1. 1. 1.] (rgb)'
13.2065 	EXP 	displayPicture: image = '.\\resources\\sheep.jpg'
13.2065 	EXP 	polygon_2: opacity = 0.0
13.2065 	EXP 	polygon_2: fillColor = '[1. 1. 1.] (rgb)'
13.2231 	EXP 	displayPicture: image = '.\\resources\\sheep.jpg'
13.2231 	EXP 	polygon_2: opacity = 0.0
13.2231 	EXP 	polygon_2: fillColor = '[1. 1. 1.] (rgb)'
13.2398 	EXP 	displayPicture: image = '.\\resources\\sheep.jpg'
13.2398 	EXP 	polygon_2: opacity = 0.0
13.2398 	EXP 	polygon_2: fillColor = '[1. 1. 1.] (rgb)'
13.2565 	EXP 	displayPicture: image = '.\\resources\\sheep.jpg'
13.2565 	EXP 	polygon_2: opacity = 0.0
13.2565 	EXP 	polygon_2: fillColor = '[1. 1. 1.] (rgb)'
13.2731 	EXP 	displayPicture: image = '.\\resources\\sheep.jpg'
13.2731 	EXP 	polygon_2: opacity = 0.0
13.2731 	EXP 	polygon_2: fillColor = '[1. 1. 1.] (rgb)'
13.2898 	EXP 	displayPicture: image = '.\\resources\\sheep.jpg'
13.2898 	EXP 	polygon_2: opacity = 0.0
13.2898 	EXP 	polygon_2: fillColor = '[1. 1. 1.] (rgb)'
13.3064 	EXP 	displayPicture: image = '.\\resources\\sheep.jpg'
13.3064 	EXP 	polygon_2: opacity = 0.0
13.3064 	EXP 	polygon_2: fillColor = '[1. 1. 1.] (rgb)'
13.3231 	EXP 	displayPicture: image = '.\\resources\\sheep.jpg'
13.3231 	EXP 	polygon_2: opacity = 0.0
13.3231 	EXP 	polygon_2: fillColor = '[1. 1. 1.] (rgb)'
13.3398 	EXP 	displayPicture: image = '.\\resources\\sheep.jpg'
13.3398 	EXP 	polygon_2: opacity = 1.0
13.3398 	EXP 	polygon_2: fillColor = '[1. 1. 1.] (rgb)'
13.3564 	EXP 	displayPicture: image = '.\\resources\\sheep.jpg'
13.3564 	EXP 	polygon_2: opacity = 1.0
13.3564 	EXP 	polygon_2: fillColor = '[1. 1. 1.] (rgb)'
13.3731 	EXP 	displayPicture: image = '.\\resources\\sheep.jpg'
13.3731 	EXP 	polygon_2: opacity = 1.0
13.3731 	EXP 	polygon_2: fillColor = '[1. 1. 1.] (rgb)'
13.3898 	EXP 	displayPicture: image = '.\\resources\\well.jpg'
13.3898 	EXP 	polygon_2: opacity = 0.0
13.3898 	EXP 	polygon_2: fillColor = '[1. 1. 1.] (rgb)'
13.4064 	EXP 	displayPicture: image = '.\\resources\\well.jpg'
13.4064 	EXP 	polygon_2: opacity = 0.0
13.4064 	EXP 	polygon_2: fillColor = '[1. 1. 1.] (rgb)'
13.4231 	EXP 	displayPicture: image = '.\\resources\\well.jpg'
13.4231 	EXP 	polygon_2: opacity = 0.0
13.4231 	EXP 	polygon_2: fillColor = '[1. 1. 1.] (rgb)'
13.4398 	EXP 	displayPicture: image = '.\\resources\\well.jpg'
13.4398 	EXP 	polygon_2: opacity = 0.0
13.4398 	EXP 	polygon_2: fillColor = '[1. 1. 1.] (rgb)'
13.4565 	EXP 	displayPicture: image = '.\\resources\\well.jpg'
13.4565 	EXP 	polygon_2: opacity = 0.0
13.4565 	EXP 	polygon_2: fillColor = '[1. 1. 1.] (rgb)'
13.4731 	EXP 	displayPicture: image = '.\\resources\\well.jpg'
13.4731 	EXP 	polygon_2: opacity = 0.0
13.4731 	EXP 	polygon_2: fillColor = '[1. 1. 1.] (rgb)'
13.4898 	EXP 	displayPicture: image = '.\\resources\\well.jpg'
13.4898 	EXP 	polygon_2: opacity = 0.0
13.4898 	EXP 	polygon_2: fillColor = '[1. 1. 1.] (rgb)'
13.5064 	EXP 	displayPicture: image = '.\\resources\\well.jpg'
13.5064 	EXP 	polygon_2: opacity = 0.0
13.5064 	EXP 	polygon_2: fillColor = '[1. 1. 1.] (rgb)'
13.5231 	EXP 	displayPicture: image = '.\\resources\\well.jpg'
13.5231 	EXP 	polygon_2: opacity = 0.0
13.5231 	EXP 	polygon_2: fillColor = '[1. 1. 1.] (rgb)'
13.5398 	EXP 	displayPicture: image = '.\\resources\\well.jpg'
13.5398 	EXP 	polygon_2: opacity = 0.0
13.5398 	EXP 	polygon_2: fillColor = '[1. 1. 1.] (rgb)'
13.5564 	EXP 	displayPicture: image = '.\\resources\\well.jpg'
13.5564 	EXP 	polygon_2: opacity = 0.0
13.5564 	EXP 	polygon_2: fillColor = '[1. 1. 1.] (rgb)'
13.5731 	EXP 	displayPicture: image = '.\\resources\\well.jpg'
13.5731 	EXP 	polygon_2: opacity = 0.0
13.5731 	EXP 	polygon_2: fillColor = '[1. 1. 1.] (rgb)'
13.5898 	EXP 	displayPicture: image = '.\\resources\\well.jpg'
13.5898 	EXP 	polygon_2: opacity = 1.0
13.5898 	EXP 	polygon_2: fillColor = '[1. 1. 1.] (rgb)'
13.6064 	EXP 	displayPicture: image = '.\\resources\\well.jpg'
13.6064 	EXP 	polygon_2: opacity = 1.0
13.6064 	EXP 	polygon_2: fillColor = '[1. 1. 1.] (rgb)'
13.6231 	EXP 	displayPicture: image = '.\\resources\\well.jpg'
13.6231 	EXP 	polygon_2: opacity = 1.0
13.6231 	EXP 	polygon_2: fillColor = '[1. 1. 1.] (rgb)'
13.6398 	EXP 	displayPicture: image = '.\\resources\\acousticguitar02.jpg'
13.6398 	EXP 	polygon_2: opacity = 0.0
13.6398 	EXP 	polygon_2: fillColor = '[1. 1. 1.] (rgb)'
13.6564 	EXP 	displayPicture: image = '.\\resources\\acousticguitar02.jpg'
13.6564 	EXP 	polygon_2: opacity = 0.0
13.6564 	EXP 	polygon_2: fillColor = '[1. 1. 1.] (rgb)'
13.6731 	EXP 	displayPicture: image = '.\\resources\\acousticguitar02.jpg'
13.6731 	EXP 	polygon_2: opacity = 0.0
13.6731 	EXP 	polygon_2: fillColor = '[1. 1. 1.] (rgb)'
13.6898 	EXP 	displayPicture: image = '.\\resources\\acousticguitar02.jpg'
13.6898 	EXP 	polygon_2: opacity = 0.0
13.6898 	EXP 	polygon_2: fillColor = '[1. 1. 1.] (rgb)'
13.7064 	EXP 	displayPicture: image = '.\\resources\\acousticguitar02.jpg'
13.7064 	EXP 	polygon_2: opacity = 0.0
13.7064 	EXP 	polygon_2: fillColor = '[1. 1. 1.] (rgb)'
13.7231 	EXP 	displayPicture: image = '.\\resources\\acousticguitar02.jpg'
13.7231 	EXP 	polygon_2: opacity = 0.0
13.7231 	EXP 	polygon_2: fillColor = '[1. 1. 1.] (rgb)'
13.7398 	EXP 	displayPicture: image = '.\\resources\\acousticguitar02.jpg'
13.7398 	EXP 	polygon_2: opacity = 0.0
13.7398 	EXP 	polygon_2: fillColor = '[1. 1. 1.] (rgb)'
13.7564 	EXP 	displayPicture: image = '.\\resources\\acousticguitar02.jpg'
13.7564 	EXP 	polygon_2: opacity = 0.0
13.7564 	EXP 	polygon_2: fillColor = '[1. 1. 1.] (rgb)'
13.7731 	EXP 	displayPicture: image = '.\\resources\\acousticguitar02.jpg'
13.7731 	EXP 	polygon_2: opacity = 0.0
13.7731 	EXP 	polygon_2: fillColor = '[1. 1. 1.] (rgb)'
13.7897 	EXP 	displayPicture: image = '.\\resources\\acousticguitar02.jpg'
13.7897 	EXP 	polygon_2: opacity = 0.0
13.7897 	EXP 	polygon_2: fillColor = '[1. 1. 1.] (rgb)'
13.8064 	EXP 	displayPicture: image = '.\\resources\\acousticguitar02.jpg'
13.8064 	EXP 	polygon_2: opacity = 0.0
13.8064 	EXP 	polygon_2: fillColor = '[1. 1. 1.] (rgb)'
13.8231 	EXP 	displayPicture: image = '.\\resources\\acousticguitar02.jpg'
13.8231 	EXP 	polygon_2: opacity = 0.0
13.8231 	EXP 	polygon_2: fillColor = '[1. 1. 1.] (rgb)'
13.8397 	EXP 	displayPicture: image = '.\\resources\\acousticguitar02.jpg'
13.8397 	EXP 	polygon_2: opacity = 1.0
13.8397 	EXP 	polygon_2: fillColor = '[1. 1. 1.] (rgb)'
13.8564 	EXP 	displayPicture: image = '.\\resources\\acousticguitar02.jpg'
13.8564 	EXP 	polygon_2: opacity = 1.0
13.8564 	EXP 	polygon_2: fillColor = '[1. 1. 1.] (rgb)'
13.8731 	EXP 	displayPicture: image = '.\\resources\\acousticguitar02.jpg'
13.8731 	EXP 	polygon_2: opacity = 1.0
13.8731 	EXP 	polygon_2: fillColor = '[1. 1. 1.] (rgb)'
13.8897 	EXP 	displayPicture: image = '.\\resources\\statue.jpg'
13.8897 	EXP 	polygon_2: opacity = 0.0
13.8897 	EXP 	polygon_2: fillColor = '[1. 1. 1.] (rgb)'
13.9064 	EXP 	displayPicture: image = '.\\resources\\statue.jpg'
13.9064 	EXP 	polygon_2: opacity = 0.0
13.9064 	EXP 	polygon_2: fillColor = '[1. 1. 1.] (rgb)'
13.9231 	EXP 	displayPicture: image = '.\\resources\\statue.jpg'
13.9231 	EXP 	polygon_2: opacity = 0.0
13.9231 	EXP 	polygon_2: fillColor = '[1. 1. 1.] (rgb)'
13.9397 	EXP 	displayPicture: image = '.\\resources\\statue.jpg'
13.9397 	EXP 	polygon_2: opacity = 0.0
13.9397 	EXP 	polygon_2: fillColor = '[1. 1. 1.] (rgb)'
13.9564 	EXP 	displayPicture: image = '.\\resources\\statue.jpg'
13.9564 	EXP 	polygon_2: opacity = 0.0
13.9564 	EXP 	polygon_2: fillColor = '[1. 1. 1.] (rgb)'
13.9731 	EXP 	displayPicture: image = '.\\resources\\statue.jpg'
13.9731 	EXP 	polygon_2: opacity = 0.0
13.9731 	EXP 	polygon_2: fillColor = '[1. 1. 1.] (rgb)'
13.9897 	EXP 	displayPicture: image = '.\\resources\\statue.jpg'
13.9897 	EXP 	polygon_2: opacity = 0.0
13.9897 	EXP 	polygon_2: fillColor = '[1. 1. 1.] (rgb)'
14.0064 	EXP 	displayPicture: image = '.\\resources\\statue.jpg'
14.0064 	EXP 	polygon_2: opacity = 0.0
14.0064 	EXP 	polygon_2: fillColor = '[1. 1. 1.] (rgb)'
14.0231 	EXP 	displayPicture: image = '.\\resources\\statue.jpg'
14.0231 	EXP 	polygon_2: opacity = 0.0
14.0231 	EXP 	polygon_2: fillColor = '[1. 1. 1.] (rgb)'
14.0397 	EXP 	displayPicture: image = '.\\resources\\statue.jpg'
14.0397 	EXP 	polygon_2: opacity = 0.0
14.0397 	EXP 	polygon_2: fillColor = '[1. 1. 1.] (rgb)'
14.0564 	EXP 	displayPicture: image = '.\\resources\\statue.jpg'
14.0564 	EXP 	polygon_2: opacity = 0.0
14.0564 	EXP 	polygon_2: fillColor = '[1. 1. 1.] (rgb)'
14.0731 	EXP 	displayPicture: image = '.\\resources\\statue.jpg'
14.0731 	EXP 	polygon_2: opacity = 0.0
14.0731 	EXP 	polygon_2: fillColor = '[1. 1. 1.] (rgb)'
14.0897 	EXP 	displayPicture: image = '.\\resources\\statue.jpg'
14.0897 	EXP 	polygon_2: opacity = 1.0
14.0897 	EXP 	polygon_2: fillColor = '[1. 1. 1.] (rgb)'
14.1064 	EXP 	displayPicture: image = '.\\resources\\statue.jpg'
14.1064 	EXP 	polygon_2: opacity = 1.0
14.1064 	EXP 	polygon_2: fillColor = '[1. 1. 1.] (rgb)'
14.1231 	EXP 	displayPicture: image = '.\\resources\\statue.jpg'
14.1231 	EXP 	polygon_2: opacity = 1.0
14.1231 	EXP 	polygon_2: fillColor = '[1. 1. 1.] (rgb)'
14.1397 	EXP 	displayPicture: image = '.\\resources\\ironingboard01.jpg'
14.1397 	EXP 	polygon_2: opacity = 0.0
14.1397 	EXP 	polygon_2: fillColor = '[1. 1. 1.] (rgb)'
14.1564 	EXP 	displayPicture: image = '.\\resources\\ironingboard01.jpg'
14.1564 	EXP 	polygon_2: opacity = 0.0
14.1564 	EXP 	polygon_2: fillColor = '[1. 1. 1.] (rgb)'
14.1730 	EXP 	displayPicture: image = '.\\resources\\ironingboard01.jpg'
14.1730 	EXP 	polygon_2: opacity = 0.0
14.1730 	EXP 	polygon_2: fillColor = '[1. 1. 1.] (rgb)'
14.1897 	EXP 	displayPicture: image = '.\\resources\\ironingboard01.jpg'
14.1897 	EXP 	polygon_2: opacity = 0.0
14.1897 	EXP 	polygon_2: fillColor = '[1. 1. 1.] (rgb)'
14.2064 	EXP 	displayPicture: image = '.\\resources\\ironingboard01.jpg'
14.2064 	EXP 	polygon_2: opacity = 0.0
14.2064 	EXP 	polygon_2: fillColor = '[1. 1. 1.] (rgb)'
14.2230 	EXP 	displayPicture: image = '.\\resources\\ironingboard01.jpg'
14.2230 	EXP 	polygon_2: opacity = 0.0
14.2230 	EXP 	polygon_2: fillColor = '[1. 1. 1.] (rgb)'
14.2397 	EXP 	displayPicture: image = '.\\resources\\ironingboard01.jpg'
14.2397 	EXP 	polygon_2: opacity = 0.0
14.2397 	EXP 	polygon_2: fillColor = '[1. 1. 1.] (rgb)'
14.2564 	EXP 	displayPicture: image = '.\\resources\\ironingboard01.jpg'
14.2564 	EXP 	polygon_2: opacity = 0.0
14.2564 	EXP 	polygon_2: fillColor = '[1. 1. 1.] (rgb)'
14.2731 	EXP 	displayPicture: image = '.\\resources\\ironingboard01.jpg'
14.2731 	EXP 	polygon_2: opacity = 0.0
14.2731 	EXP 	polygon_2: fillColor = '[1. 1. 1.] (rgb)'
14.2897 	EXP 	displayPicture: image = '.\\resources\\ironingboard01.jpg'
14.2897 	EXP 	polygon_2: opacity = 0.0
14.2897 	EXP 	polygon_2: fillColor = '[1. 1. 1.] (rgb)'
14.3064 	EXP 	displayPicture: image = '.\\resources\\ironingboard01.jpg'
14.3064 	EXP 	polygon_2: opacity = 0.0
14.3064 	EXP 	polygon_2: fillColor = '[1. 1. 1.] (rgb)'
14.3230 	EXP 	displayPicture: image = '.\\resources\\ironingboard01.jpg'
14.3230 	EXP 	polygon_2: opacity = 0.0
14.3230 	EXP 	polygon_2: fillColor = '[1. 1. 1.] (rgb)'
14.3397 	EXP 	displayPicture: image = '.\\resources\\ironingboard01.jpg'
14.3397 	EXP 	polygon_2: opacity = 1.0
14.3397 	EXP 	polygon_2: fillColor = '[1. 1. 1.] (rgb)'
14.3564 	EXP 	displayPicture: image = '.\\resources\\ironingboard01.jpg'
14.3564 	EXP 	polygon_2: opacity = 1.0
14.3564 	EXP 	polygon_2: fillColor = '[1. 1. 1.] (rgb)'
14.3731 	EXP 	displayPicture: image = '.\\resources\\ironingboard01.jpg'
14.3731 	EXP 	polygon_2: opacity = 1.0
14.3731 	EXP 	polygon_2: fillColor = '[1. 1. 1.] (rgb)'
14.3897 	EXP 	displayPicture: image = '.\\resources\\raccoon.jpg'
14.3897 	EXP 	polygon_2: opacity = 0.0
14.3897 	EXP 	polygon_2: fillColor = '[1. 1. 1.] (rgb)'
14.4064 	EXP 	displayPicture: image = '.\\resources\\raccoon.jpg'
14.4064 	EXP 	polygon_2: opacity = 0.0
14.4064 	EXP 	polygon_2: fillColor = '[1. 1. 1.] (rgb)'
14.4230 	EXP 	displayPicture: image = '.\\resources\\raccoon.jpg'
14.4230 	EXP 	polygon_2: opacity = 0.0
14.4230 	EXP 	polygon_2: fillColor = '[1. 1. 1.] (rgb)'
14.4397 	EXP 	displayPicture: image = '.\\resources\\raccoon.jpg'
14.4397 	EXP 	polygon_2: opacity = 0.0
14.4397 	EXP 	polygon_2: fillColor = '[1. 1. 1.] (rgb)'
14.4564 	EXP 	displayPicture: image = '.\\resources\\raccoon.jpg'
14.4564 	EXP 	polygon_2: opacity = 0.0
14.4564 	EXP 	polygon_2: fillColor = '[1. 1. 1.] (rgb)'
14.4730 	EXP 	displayPicture: image = '.\\resources\\raccoon.jpg'
14.4730 	EXP 	polygon_2: opacity = 0.0
14.4730 	EXP 	polygon_2: fillColor = '[1. 1. 1.] (rgb)'
14.4897 	EXP 	displayPicture: image = '.\\resources\\raccoon.jpg'
14.4897 	EXP 	polygon_2: opacity = 0.0
14.4897 	EXP 	polygon_2: fillColor = '[1. 1. 1.] (rgb)'
14.5064 	EXP 	displayPicture: image = '.\\resources\\raccoon.jpg'
14.5064 	EXP 	polygon_2: opacity = 0.0
14.5064 	EXP 	polygon_2: fillColor = '[1. 1. 1.] (rgb)'
14.5230 	EXP 	displayPicture: image = '.\\resources\\raccoon.jpg'
14.5230 	EXP 	polygon_2: opacity = 0.0
14.5230 	EXP 	polygon_2: fillColor = '[1. 1. 1.] (rgb)'
14.5397 	EXP 	displayPicture: image = '.\\resources\\raccoon.jpg'
14.5397 	EXP 	polygon_2: opacity = 0.0
14.5397 	EXP 	polygon_2: fillColor = '[1. 1. 1.] (rgb)'
14.5564 	EXP 	displayPicture: image = '.\\resources\\raccoon.jpg'
14.5564 	EXP 	polygon_2: opacity = 0.0
14.5564 	EXP 	polygon_2: fillColor = '[1. 1. 1.] (rgb)'
14.5731 	EXP 	displayPicture: image = '.\\resources\\raccoon.jpg'
14.5731 	EXP 	polygon_2: opacity = 0.0
14.5731 	EXP 	polygon_2: fillColor = '[1. 1. 1.] (rgb)'
14.5897 	EXP 	displayPicture: image = '.\\resources\\raccoon.jpg'
14.5897 	EXP 	polygon_2: opacity = 1.0
14.5897 	EXP 	polygon_2: fillColor = '[1. 1. 1.] (rgb)'
14.6064 	EXP 	displayPicture: image = '.\\resources\\raccoon.jpg'
14.6064 	EXP 	polygon_2: opacity = 1.0
14.6064 	EXP 	polygon_2: fillColor = '[1. 1. 1.] (rgb)'
14.6231 	EXP 	displayPicture: image = '.\\resources\\raccoon.jpg'
14.6231 	EXP 	polygon_2: opacity = 1.0
14.6231 	EXP 	polygon_2: fillColor = '[1. 1. 1.] (rgb)'
14.6564 	EXP 	displayPicture: image = '.\\resources\\dreamcatcher.jpg'
14.6564 	EXP 	polygon_2: opacity = 0.0
14.6564 	EXP 	polygon_2: fillColor = '[1. 1. 1.] (rgb)'
14.6730 	EXP 	displayPicture: image = '.\\resources\\dreamcatcher.jpg'
14.6730 	EXP 	polygon_2: opacity = 0.0
14.6730 	EXP 	polygon_2: fillColor = '[1. 1. 1.] (rgb)'
14.6897 	EXP 	displayPicture: image = '.\\resources\\dreamcatcher.jpg'
14.6897 	EXP 	polygon_2: opacity = 0.0
14.6897 	EXP 	polygon_2: fillColor = '[1. 1. 1.] (rgb)'
14.7064 	EXP 	displayPicture: image = '.\\resources\\dreamcatcher.jpg'
14.7064 	EXP 	polygon_2: opacity = 0.0
14.7064 	EXP 	polygon_2: fillColor = '[1. 1. 1.] (rgb)'
14.7230 	EXP 	displayPicture: image = '.\\resources\\dreamcatcher.jpg'
14.7230 	EXP 	polygon_2: opacity = 0.0
14.7230 	EXP 	polygon_2: fillColor = '[1. 1. 1.] (rgb)'
14.7397 	EXP 	displayPicture: image = '.\\resources\\dreamcatcher.jpg'
14.7397 	EXP 	polygon_2: opacity = 0.0
14.7397 	EXP 	polygon_2: fillColor = '[1. 1. 1.] (rgb)'
14.7564 	EXP 	displayPicture: image = '.\\resources\\dreamcatcher.jpg'
14.7564 	EXP 	polygon_2: opacity = 0.0
14.7564 	EXP 	polygon_2: fillColor = '[1. 1. 1.] (rgb)'
14.7730 	EXP 	displayPicture: image = '.\\resources\\dreamcatcher.jpg'
14.7730 	EXP 	polygon_2: opacity = 0.0
14.7730 	EXP 	polygon_2: fillColor = '[1. 1. 1.] (rgb)'
14.7897 	EXP 	displayPicture: image = '.\\resources\\dreamcatcher.jpg'
14.7897 	EXP 	polygon_2: opacity = 0.0
14.7897 	EXP 	polygon_2: fillColor = '[1. 1. 1.] (rgb)'
14.8063 	EXP 	displayPicture: image = '.\\resources\\dreamcatcher.jpg'
14.8063 	EXP 	polygon_2: opacity = 0.0
14.8063 	EXP 	polygon_2: fillColor = '[1. 1. 1.] (rgb)'
14.8230 	EXP 	displayPicture: image = '.\\resources\\dreamcatcher.jpg'
14.8230 	EXP 	polygon_2: opacity = 0.0
14.8230 	EXP 	polygon_2: fillColor = '[1. 1. 1.] (rgb)'
14.8397 	EXP 	displayPicture: image = '.\\resources\\dreamcatcher.jpg'
14.8397 	EXP 	polygon_2: opacity = 1.0
14.8397 	EXP 	polygon_2: fillColor = '[1. 1. 1.] (rgb)'
14.8563 	EXP 	displayPicture: image = '.\\resources\\dreamcatcher.jpg'
14.8563 	EXP 	polygon_2: opacity = 1.0
14.8563 	EXP 	polygon_2: fillColor = '[1. 1. 1.] (rgb)'
14.8730 	EXP 	displayPicture: image = '.\\resources\\dreamcatcher.jpg'
14.8730 	EXP 	polygon_2: opacity = 1.0
14.8730 	EXP 	polygon_2: fillColor = '[1. 1. 1.] (rgb)'
14.8897 	EXP 	displayPicture: image = '.\\resources\\acorn.jpg'
14.8897 	EXP 	polygon_2: opacity = 0.0
14.8897 	EXP 	polygon_2: fillColor = '[1. 1. 1.] (rgb)'
14.9063 	EXP 	displayPicture: image = '.\\resources\\acorn.jpg'
14.9063 	EXP 	polygon_2: opacity = 0.0
14.9063 	EXP 	polygon_2: fillColor = '[1. 1. 1.] (rgb)'
14.9230 	EXP 	displayPicture: image = '.\\resources\\acorn.jpg'
14.9230 	EXP 	polygon_2: opacity = 0.0
14.9230 	EXP 	polygon_2: fillColor = '[1. 1. 1.] (rgb)'
14.9397 	EXP 	displayPicture: image = '.\\resources\\acorn.jpg'
14.9397 	EXP 	polygon_2: opacity = 0.0
14.9397 	EXP 	polygon_2: fillColor = '[1. 1. 1.] (rgb)'
14.9563 	EXP 	displayPicture: image = '.\\resources\\acorn.jpg'
14.9563 	EXP 	polygon_2: opacity = 0.0
14.9563 	EXP 	polygon_2: fillColor = '[1. 1. 1.] (rgb)'
14.9730 	EXP 	displayPicture: image = '.\\resources\\acorn.jpg'
14.9730 	EXP 	polygon_2: opacity = 0.0
14.9730 	EXP 	polygon_2: fillColor = '[1. 1. 1.] (rgb)'
14.9897 	EXP 	displayPicture: image = '.\\resources\\acorn.jpg'
14.9897 	EXP 	polygon_2: opacity = 0.0
14.9897 	EXP 	polygon_2: fillColor = '[1. 1. 1.] (rgb)'
15.0063 	EXP 	displayPicture: image = '.\\resources\\acorn.jpg'
15.0063 	EXP 	polygon_2: opacity = 0.0
15.0063 	EXP 	polygon_2: fillColor = '[1. 1. 1.] (rgb)'
15.0230 	EXP 	displayPicture: image = '.\\resources\\acorn.jpg'
15.0230 	EXP 	polygon_2: opacity = 0.0
15.0230 	EXP 	polygon_2: fillColor = '[1. 1. 1.] (rgb)'
15.0396 	EXP 	displayPicture: image = '.\\resources\\acorn.jpg'
15.0396 	EXP 	polygon_2: opacity = 0.0
15.0396 	EXP 	polygon_2: fillColor = '[1. 1. 1.] (rgb)'
15.0563 	EXP 	displayPicture: image = '.\\resources\\acorn.jpg'
15.0563 	EXP 	polygon_2: opacity = 0.0
15.0563 	EXP 	polygon_2: fillColor = '[1. 1. 1.] (rgb)'
15.0730 	EXP 	displayPicture: image = '.\\resources\\acorn.jpg'
15.0730 	EXP 	polygon_2: opacity = 0.0
15.0730 	EXP 	polygon_2: fillColor = '[1. 1. 1.] (rgb)'
15.0897 	EXP 	displayPicture: image = '.\\resources\\acorn.jpg'
15.0897 	EXP 	polygon_2: opacity = 1.0
15.0897 	EXP 	polygon_2: fillColor = '[1. 1. 1.] (rgb)'
15.1063 	EXP 	displayPicture: image = '.\\resources\\acorn.jpg'
15.1063 	EXP 	polygon_2: opacity = 1.0
15.1063 	EXP 	polygon_2: fillColor = '[1. 1. 1.] (rgb)'
15.1230 	EXP 	displayPicture: image = '.\\resources\\acorn.jpg'
15.1230 	EXP 	polygon_2: opacity = 1.0
15.1230 	EXP 	polygon_2: fillColor = '[1. 1. 1.] (rgb)'
15.1563 	EXP 	displayPicture: image = '.\\resources\\acorn.jpg'
15.1563 	EXP 	polygon_2: opacity = 0.0
15.1563 	EXP 	polygon_2: fillColor = '[1. 1. 1.] (rgb)'
15.1563 	EXP 	displayPicture: autoDraw = False
15.1563 	EXP 	polygon_2: autoDraw = False
15.1563 	EXP 	option1_t1: image = '.\\resources\\magneticcompass.jpg'
15.1563 	EXP 	polygon_4: autoDraw = True
15.1563 	EXP 	option1_t1: autoDraw = True
16.2187 	DATA 	Keypress: right
16.2397 	EXP 	polygon_4: autoDraw = False
16.2397 	EXP 	option1_t1: autoDraw = False
16.2397 	EXP 	option1_t2: image = '.\\resources\\wallclock.jpg'
16.2397 	EXP 	polygon_5: autoDraw = True
16.2397 	EXP 	option1_t2: autoDraw = True
16.6206 	DATA 	Keypress: left
16.6397 	EXP 	polygon_5: autoDraw = False
16.6397 	EXP 	option1_t2: autoDraw = False
16.6397 	EXP 	feedbackText: text = '2/2 Correct'
16.6397 	EXP 	feedbackText: autoDraw = True
17.6561 	EXP 	feedbackText: autoDraw = False
17.6561 	EXP 	text: text = ''
17.6561 	EXP 	text: autoDraw = True
17.6561 	EXP 	text: autoDraw = False
17.6561 	EXP 	text_4: autoDraw = True
18.5886 	EXP 	Imported conditionAB_main.xlsx as conditions, 232 conditions, 9 params
18.5892 	EXP 	Created sequence: sequential, trialTypes=232, nReps=1, seed=None
18.5895 	EXP 	New trial (rep=0, index=0): OrderedDict([('trialType', 'AB'), ('cndTyp', 'lag6'), ('lag', 6), ('T1_loc', 5), ('T2_loc', 11), ('stimLen', 0.2), ('isi', 0.05), ('skipProb', 0.5), ('phase', 'ramp')])
18.6041 	DATA 	Keypress: space
18.6227 	EXP 	text_4: autoDraw = False
18.6227 	EXP 	option1_2: image = '.\\resources\\well.jpg'
18.6227 	EXP 	option2_2: image = '.\\resources\\birdnest.jpg'
18.6227 	EXP 	option1_2: autoDraw = True
18.6227 	EXP 	option2_2: autoDraw = True
21.1059 	EXP 	text_5: autoDraw = True
21.3726 	EXP 	option1_2: autoDraw = False
21.3726 	EXP 	option2_2: autoDraw = False
21.5892 	EXP 	option1_2: autoDraw = False
21.5892 	EXP 	option2_2: autoDraw = False
21.5892 	EXP 	text_5: autoDraw = False
21.5892 	EXP 	displayPicture_2: autoDraw = True
21.5892 	EXP 	displayPicture_2: image = '.\\resources\\triangle.jpg'
21.5892 	EXP 	polygon_10: autoDraw = True
21.5892 	EXP 	polygon_10: opacity = 1.0
21.5892 	EXP 	polygon_10: fillColor = '[1. 1. 1.] (rgb)'
21.6225 	EXP 	displayPicture_2: image = '.\\resources\\birdfeeder.jpg'
21.6225 	EXP 	polygon_10: opacity = 0.0
21.6225 	EXP 	polygon_10: fillColor = '[1. 1. 1.] (rgb)'
21.6392 	EXP 	displayPicture_2: image = '.\\resources\\birdfeeder.jpg'
21.6392 	EXP 	polygon_10: opacity = 1.0
21.6392 	EXP 	polygon_10: fillColor = '[1. 1. 1.] (rgb)'
21.6559 	EXP 	displayPicture_2: image = '.\\resources\\raccoon.jpg'
21.6559 	EXP 	polygon_10: opacity = 0.0
21.6559 	EXP 	polygon_10: fillColor = '[1. 1. 1.] (rgb)'
21.6725 	EXP 	displayPicture_2: image = '.\\resources\\raccoon.jpg'
21.6725 	EXP 	polygon_10: opacity = 1.0
21.6725 	EXP 	polygon_10: fillColor = '[1. 1. 1.] (rgb)'
21.6892 	EXP 	displayPicture_2: image = '.\\resources\\magneticcompass.jpg'
21.6892 	EXP 	polygon_10: opacity = 0.0
21.6892 	EXP 	polygon_10: fillColor = '[1. 1. 1.] (rgb)'
21.7059 	EXP 	displayPicture_2: image = '.\\resources\\magneticcompass.jpg'
21.7059 	EXP 	polygon_10: opacity = 1.0
21.7059 	EXP 	polygon_10: fillColor = '[1. 1. 1.] (rgb)'
21.7392 	EXP 	displayPicture_2: image = '.\\resources\\jellybean.jpg'
21.7392 	EXP 	polygon_10: opacity = 0.0
21.7392 	EXP 	polygon_10: fillColor = '[1. 1. 1.] (rgb)'
21.7559 	EXP 	displayPicture_2: image = '.\\resources\\jellybean.jpg'
21.7559 	EXP 	polygon_10: opacity = 1.0
21.7559 	EXP 	polygon_10: fillColor = '[1. 1. 1.] (rgb)'
21.7725 	EXP 	displayPicture_2: image = '.\\resources\\donut.jpg'
21.7725 	EXP 	polygon_10: opacity = 0.0
21.7725 	EXP 	polygon_10: fillColor = '[1. 1. 1.] (rgb)'
21.7892 	EXP 	displayPicture_2: image = '.\\resources\\donut.jpg'
21.7892 	EXP 	polygon_10: opacity = 1.0
21.7892 	EXP 	polygon_10: fillColor = '[1. 1. 1.] (rgb)'
21.8059 	EXP 	displayPicture_2: image = '.\\resources\\swordfish.jpg'
21.8059 	EXP 	polygon_10: opacity = 0.0
21.8059 	EXP 	polygon_10: fillColor = '[1. 1. 1.] (rgb)'
21.8225 	EXP 	displayPicture_2: image = '.\\resources\\swordfish.jpg'
21.8225 	EXP 	polygon_10: opacity = 1.0
21.8225 	EXP 	polygon_10: fillColor = '[1. 1. 1.] (rgb)'
21.8392 	EXP 	displayPicture_2: image = '.\\resources\\eyepatch.jpg'
21.8392 	EXP 	polygon_10: opacity = 0.0
21.8392 	EXP 	polygon_10: fillColor = '[1. 1. 1.] (rgb)'
21.8559 	EXP 	displayPicture_2: image = '.\\resources\\eyepatch.jpg'
21.8559 	EXP 	polygon_10: opacity = 1.0
21.8559 	EXP 	polygon_10: fillColor = '[1. 1. 1.] (rgb)'
21.8725 	EXP 	displayPicture_2: image = '.\\resources\\banjo.jpg'
21.8725 	EXP 	polygon_10: opacity = 0.0
21.8725 	EXP 	polygon_10: fillColor = '[1. 1. 1.] (rgb)'
21.8892 	EXP 	displayPicture_2: image = '.\\resources\\banjo.jpg'
21.8892 	EXP 	polygon_10: opacity = 1.0
21.8892 	EXP 	polygon_10: fillColor = '[1. 1. 1.] (rgb)'
21.9059 	EXP 	displayPicture_2: image = '.\\resources\\statue.jpg'
21.9059 	EXP 	polygon_10: opacity = 0.0
21.9059 	EXP 	polygon_10: fillColor = '[1. 1. 1.] (rgb)'
21.9225 	EXP 	displayPicture_2: image = '.\\resources\\statue.jpg'
21.9225 	EXP 	polygon_10: opacity = 1.0
21.9225 	EXP 	polygon_10: fillColor = '[1. 1. 1.] (rgb)'
21.9558 	EXP 	displayPicture_2: image = '.\\resources\\whiteout.jpg'
21.9558 	EXP 	polygon_10: opacity = 0.0
21.9558 	EXP 	polygon_10: fillColor = '[1. 1. 1.] (rgb)'
21.9725 	EXP 	displayPicture_2: image = '.\\resources\\whiteout.jpg'
21.9725 	EXP 	polygon_10: opacity = 1.0
21.9725 	EXP 	polygon_10: fillColor = '[1. 1. 1.] (rgb)'
21.9892 	EXP 	displayPicture_2: image = '.\\resources\\sheep.jpg'
21.9892 	EXP 	polygon_10: opacity = 0.0
21.9892 	EXP 	polygon_10: fillColor = '[1. 1. 1.] (rgb)'
22.0058 	EXP 	displayPicture_2: image = '.\\resources\\sheep.jpg'
22.0058 	EXP 	polygon_10: opacity = 1.0
22.0058 	EXP 	polygon_10: fillColor = '[1. 1. 1.] (rgb)'
22.0225 	EXP 	displayPicture_2: image = '.\\resources\\lightswitch01.jpg'
22.0225 	EXP 	polygon_10: opacity = 0.0
22.0225 	EXP 	polygon_10: fillColor = '[1. 1. 1.] (rgb)'
22.0392 	EXP 	displayPicture_2: image = '.\\resources\\lightswitch01.jpg'
22.0392 	EXP 	polygon_10: opacity = 1.0
22.0392 	EXP 	polygon_10: fillColor = '[1. 1. 1.] (rgb)'
22.0559 	EXP 	displayPicture_2: image = '.\\resources\\dreamcatcher.jpg'
22.0559 	EXP 	polygon_10: opacity = 0.0
22.0559 	EXP 	polygon_10: fillColor = '[1. 1. 1.] (rgb)'
22.0725 	EXP 	displayPicture_2: image = '.\\resources\\dreamcatcher.jpg'
22.0725 	EXP 	polygon_10: opacity = 1.0
22.0725 	EXP 	polygon_10: fillColor = '[1. 1. 1.] (rgb)'
22.1059 	EXP 	displayPicture_2: image = '.\\resources\\dreamcatcher.jpg'
22.1059 	EXP 	polygon_10: opacity = 0.0
22.1059 	EXP 	polygon_10: fillColor = '[1. 1. 1.] (rgb)'
22.1059 	EXP 	displayPicture_2: autoDraw = False
22.1059 	EXP 	polygon_10: autoDraw = False
22.1059 	EXP 	option1_t1_2: image = '.\\resources\\birdnest.jpg'
22.1059 	EXP 	polygon_7: autoDraw = True
22.1059 	EXP 	option1_t1_2: autoDraw = True
22.4602 	DATA 	Keypress: escape
22.6406 	EXP 	window1: mouseVisible = True
