0.7949 	WARNING 	We strongly recommend you activate the PTB sound engine in PsychoPy prefs as the preferred audio engine. Its timing is vastly superior. Your prefs are currently set to use ['sounddevice', 'PTB', 'pyo', 'pygame'] (in that order).
3.9743 	WARNING 	User requested fullscreen with size [1024  768], but screen is actually [1920, 1080]. Using actual size
4.8623 	EXP 	Created window1 = Window(allowGUI=False, allowStencil=False, args=UNKNOWN, autoLog=True, bitsMode=UNKNOWN, blendMode='avg', bpc=(8, 8, 8), color=array([0., 0., 0.]), colorSpace='rgb', depthBits=8, fullscr=<method-wrapper '__getattribute__' of attributeSetter object at 0x000001B7B0EBEC88>, gamma=None, gammaErrorPolicy='raise', kwargs=UNKNOWN, lms=UNKNOWN, monitor=<psychopy.monitors.calibTools.Monitor object at 0x000001B7B0C4F2E8>, multiSample=False, name='window1', numSamples=2, pos=[0.0, 0.0], screen=0, size=array([1920, 1080]), stencilBits=0, stereo=False, units='height', useFBO=True, useRetina=False, viewOri=0.0, viewPos=None, viewScale=None, waitBlanking=True, winType='pyglet')
4.8627 	EXP 	window1: mouseVisible = True
4.8627 	EXP 	window1: recordFrameIntervals = False
5.0286 	EXP 	window1: recordFrameIntervals = True
5.2121 	EXP 	window1: recordFrameIntervals = False
5.2742 	EXP 	Created polygon = Rect(__class__=<class 'psychopy.visual.rect.Rect'>, autoDraw=False, autoLog=True, closeShape=True, color=method-wrapper(...), colorSpace=None, contrast=1.0, depth=-3.0, fillColor=array([1., 0., 0.]), fillColorSpace='rgb', fillRGB=array([1., 0., 0.]), interpolate=True, lineColor=array([1., 1., 1.]), lineColorSpace='rgb', lineRGB=array([1., 1., 1.]), lineWidth=1, name='polygon', opacity=1.0, ori=array(0.), pos=array([0., 0.]), size=array([0.6, 0.6]), units='height', vertices=ndarray(...), win=Window(...))
5.2788 	EXP 	Created displayPicture = ImageStim(__class__=<class 'psychopy.visual.image.ImageStim'>, autoLog=True, color=array([1., 1., 1.]), colorSpace='rgb', contrast=1.0, depth=-4.0, flipHoriz=False, flipVert=False, image='sin', interpolate=True, mask=None, maskParams=None, name='displayPicture', opacity=1.0, ori=0.0, pos=array([0., 0.]), size=array([0.25, 0.25]), texRes=128, units='height', win=Window(...))
5.2814 	EXP 	Created option1_t1 = ImageStim(__class__=<class 'psychopy.visual.image.ImageStim'>, autoLog=True, color=array([1., 1., 1.]), colorSpace='rgb', contrast=1.0, depth=-1.0, flipHoriz=False, flipVert=False, image='sin', interpolate=True, mask=None, maskParams=None, name='option1_t1', opacity=1.0, ori=0.0, pos=array([-0.3,  0. ]), size=array([0.25, 0.25]), texRes=128, units='height', win=Window(...))
5.2838 	EXP 	Created option2_t1 = ImageStim(__class__=<class 'psychopy.visual.image.ImageStim'>, autoLog=True, color=array([1., 1., 1.]), colorSpace='rgb', contrast=1.0, depth=-2.0, flipHoriz=False, flipVert=False, image='sin', interpolate=True, mask=None, maskParams=None, name='option2_t1', opacity=1.0, ori=0.0, pos=array([0.3, 0. ]), size=array([0.25, 0.25]), texRes=128, units='height', win=Window(...))
5.2862 	EXP 	Created option1_t2 = ImageStim(__class__=<class 'psychopy.visual.image.ImageStim'>, autoLog=True, color=array([1., 1., 1.]), colorSpace='rgb', contrast=1.0, depth=-1.0, flipHoriz=False, flipVert=False, image='sin', interpolate=True, mask=None, maskParams=None, name='option1_t2', opacity=1.0, ori=0.0, pos=array([0.3, 0. ]), size=array([0.25, 0.25]), texRes=128, units='height', win=Window(...))
5.2886 	EXP 	Created option2_t2 = ImageStim(__class__=<class 'psychopy.visual.image.ImageStim'>, autoLog=True, color=array([1., 1., 1.]), colorSpace='rgb', contrast=1.0, depth=-2.0, flipHoriz=False, flipVert=False, image='sin', interpolate=True, mask=None, maskParams=None, name='option2_t2', opacity=1.0, ori=0.0, pos=array([-0.3,  0. ]), size=array([0.25, 0.25]), texRes=128, units='height', win=Window(...))
5.3530 	EXP 	Imported conditionAB.xlsx as conditions, 360 conditions, 9 params
5.3539 	EXP 	Created sequence: random, trialTypes=360, nReps=1, seed=None
5.3542 	EXP 	New trial (rep=0, index=0): OrderedDict([('trialType', 'AB'), ('cndTyp', 'prime'), ('lag', 4), ('T1_loc', 5), ('gap', 0.0), ('T2_loc', 9), ('primePos', 7), ('stimLen', 0.4), ('isi', 0.04)])
5.4428 	EXP 	polygon: autoDraw = True
5.4428 	EXP 	polygon: opacity = 0.0
5.4428 	EXP 	displayPicture: autoDraw = True
5.4428 	EXP 	displayPicture: image = 'C:\\Users\\Employee\\Google Drive\\UP\\MyResearch\\TaskProgramming\\AB_pic\\resources\\funnel.jpg'
5.4619 	EXP 	polygon: opacity = 0.0
5.4619 	EXP 	displayPicture: image = 'C:\\Users\\Employee\\Google Drive\\UP\\MyResearch\\TaskProgramming\\AB_pic\\resources\\funnel.jpg'
5.4785 	EXP 	polygon: opacity = 0.0
5.4785 	EXP 	displayPicture: image = 'C:\\Users\\Employee\\Google Drive\\UP\\MyResearch\\TaskProgramming\\AB_pic\\resources\\funnel.jpg'
5.4952 	EXP 	polygon: opacity = 0.0
5.4952 	EXP 	displayPicture: image = 'C:\\Users\\Employee\\Google Drive\\UP\\MyResearch\\TaskProgramming\\AB_pic\\resources\\funnel.jpg'
5.5119 	EXP 	polygon: opacity = 0.0
5.5119 	EXP 	displayPicture: image = 'C:\\Users\\Employee\\Google Drive\\UP\\MyResearch\\TaskProgramming\\AB_pic\\resources\\funnel.jpg'
5.5285 	EXP 	polygon: opacity = 0.0
5.5285 	EXP 	displayPicture: image = 'C:\\Users\\Employee\\Google Drive\\UP\\MyResearch\\TaskProgramming\\AB_pic\\resources\\funnel.jpg'
5.5452 	EXP 	polygon: opacity = 0.0
5.5452 	EXP 	displayPicture: image = 'C:\\Users\\Employee\\Google Drive\\UP\\MyResearch\\TaskProgramming\\AB_pic\\resources\\funnel.jpg'
5.5619 	EXP 	polygon: opacity = 0.0
5.5619 	EXP 	displayPicture: image = 'C:\\Users\\Employee\\Google Drive\\UP\\MyResearch\\TaskProgramming\\AB_pic\\resources\\funnel.jpg'
5.5785 	EXP 	polygon: opacity = 0.0
5.5785 	EXP 	displayPicture: image = 'C:\\Users\\Employee\\Google Drive\\UP\\MyResearch\\TaskProgramming\\AB_pic\\resources\\funnel.jpg'
5.5952 	EXP 	polygon: opacity = 0.0
5.5952 	EXP 	displayPicture: image = 'C:\\Users\\Employee\\Google Drive\\UP\\MyResearch\\TaskProgramming\\AB_pic\\resources\\funnel.jpg'
5.6285 	EXP 	polygon: opacity = 0.0
5.6285 	EXP 	displayPicture: image = 'C:\\Users\\Employee\\Google Drive\\UP\\MyResearch\\TaskProgramming\\AB_pic\\resources\\funnel.jpg'
5.6452 	EXP 	polygon: opacity = 0.0
5.6452 	EXP 	displayPicture: image = 'C:\\Users\\Employee\\Google Drive\\UP\\MyResearch\\TaskProgramming\\AB_pic\\resources\\funnel.jpg'
5.6619 	EXP 	polygon: opacity = 0.0
5.6619 	EXP 	displayPicture: image = 'C:\\Users\\Employee\\Google Drive\\UP\\MyResearch\\TaskProgramming\\AB_pic\\resources\\funnel.jpg'
5.6785 	EXP 	polygon: opacity = 0.0
5.6785 	EXP 	displayPicture: image = 'C:\\Users\\Employee\\Google Drive\\UP\\MyResearch\\TaskProgramming\\AB_pic\\resources\\funnel.jpg'
5.6952 	EXP 	polygon: opacity = 0.0
5.6952 	EXP 	displayPicture: image = 'C:\\Users\\Employee\\Google Drive\\UP\\MyResearch\\TaskProgramming\\AB_pic\\resources\\funnel.jpg'
5.7119 	EXP 	polygon: opacity = 0.0
5.7119 	EXP 	displayPicture: image = 'C:\\Users\\Employee\\Google Drive\\UP\\MyResearch\\TaskProgramming\\AB_pic\\resources\\funnel.jpg'
5.7285 	EXP 	polygon: opacity = 0.0
5.7285 	EXP 	displayPicture: image = 'C:\\Users\\Employee\\Google Drive\\UP\\MyResearch\\TaskProgramming\\AB_pic\\resources\\funnel.jpg'
5.7451 	EXP 	polygon: opacity = 0.0
5.7451 	EXP 	displayPicture: image = 'C:\\Users\\Employee\\Google Drive\\UP\\MyResearch\\TaskProgramming\\AB_pic\\resources\\funnel.jpg'
5.7619 	EXP 	polygon: opacity = 0.0
5.7619 	EXP 	displayPicture: image = 'C:\\Users\\Employee\\Google Drive\\UP\\MyResearch\\TaskProgramming\\AB_pic\\resources\\funnel.jpg'
5.7786 	EXP 	polygon: opacity = 0.0
5.7786 	EXP 	displayPicture: image = 'C:\\Users\\Employee\\Google Drive\\UP\\MyResearch\\TaskProgramming\\AB_pic\\resources\\hammerheadshark.jpg'
5.7952 	EXP 	polygon: opacity = 0.0
5.7952 	EXP 	displayPicture: image = 'C:\\Users\\Employee\\Google Drive\\UP\\MyResearch\\TaskProgramming\\AB_pic\\resources\\hammerheadshark.jpg'
5.8118 	EXP 	polygon: opacity = 0.0
5.8118 	EXP 	displayPicture: image = 'C:\\Users\\Employee\\Google Drive\\UP\\MyResearch\\TaskProgramming\\AB_pic\\resources\\hammerheadshark.jpg'
5.8285 	EXP 	polygon: opacity = 0.0
5.8285 	EXP 	displayPicture: image = 'C:\\Users\\Employee\\Google Drive\\UP\\MyResearch\\TaskProgramming\\AB_pic\\resources\\hammerheadshark.jpg'
5.8451 	EXP 	polygon: opacity = 0.0
5.8451 	EXP 	displayPicture: image = 'C:\\Users\\Employee\\Google Drive\\UP\\MyResearch\\TaskProgramming\\AB_pic\\resources\\hammerheadshark.jpg'
5.8618 	EXP 	polygon: opacity = 0.0
5.8618 	EXP 	displayPicture: image = 'C:\\Users\\Employee\\Google Drive\\UP\\MyResearch\\TaskProgramming\\AB_pic\\resources\\hammerheadshark.jpg'
5.8785 	EXP 	polygon: opacity = 0.0
5.8785 	EXP 	displayPicture: image = 'C:\\Users\\Employee\\Google Drive\\UP\\MyResearch\\TaskProgramming\\AB_pic\\resources\\hammerheadshark.jpg'
5.9118 	EXP 	polygon: opacity = 0.0
5.9118 	EXP 	displayPicture: image = 'C:\\Users\\Employee\\Google Drive\\UP\\MyResearch\\TaskProgramming\\AB_pic\\resources\\hammerheadshark.jpg'
5.9285 	EXP 	polygon: opacity = 0.0
5.9285 	EXP 	displayPicture: image = 'C:\\Users\\Employee\\Google Drive\\UP\\MyResearch\\TaskProgramming\\AB_pic\\resources\\hammerheadshark.jpg'
5.9452 	EXP 	polygon: opacity = 0.0
5.9452 	EXP 	displayPicture: image = 'C:\\Users\\Employee\\Google Drive\\UP\\MyResearch\\TaskProgramming\\AB_pic\\resources\\hammerheadshark.jpg'
5.9620 	EXP 	polygon: opacity = 0.0
5.9620 	EXP 	displayPicture: image = 'C:\\Users\\Employee\\Google Drive\\UP\\MyResearch\\TaskProgramming\\AB_pic\\resources\\hammerheadshark.jpg'
5.9785 	EXP 	polygon: opacity = 0.0
5.9785 	EXP 	displayPicture: image = 'C:\\Users\\Employee\\Google Drive\\UP\\MyResearch\\TaskProgramming\\AB_pic\\resources\\hammerheadshark.jpg'
5.9951 	EXP 	polygon: opacity = 0.0
5.9951 	EXP 	displayPicture: image = 'C:\\Users\\Employee\\Google Drive\\UP\\MyResearch\\TaskProgramming\\AB_pic\\resources\\hammerheadshark.jpg'
6.0118 	EXP 	polygon: opacity = 0.0
6.0118 	EXP 	displayPicture: image = 'C:\\Users\\Employee\\Google Drive\\UP\\MyResearch\\TaskProgramming\\AB_pic\\resources\\hammerheadshark.jpg'
6.0285 	EXP 	polygon: opacity = 0.0
6.0285 	EXP 	displayPicture: image = 'C:\\Users\\Employee\\Google Drive\\UP\\MyResearch\\TaskProgramming\\AB_pic\\resources\\hammerheadshark.jpg'
6.0451 	EXP 	polygon: opacity = 0.0
6.0451 	EXP 	displayPicture: image = 'C:\\Users\\Employee\\Google Drive\\UP\\MyResearch\\TaskProgramming\\AB_pic\\resources\\hammerheadshark.jpg'
6.0618 	EXP 	polygon: opacity = 0.0
6.0618 	EXP 	displayPicture: image = 'C:\\Users\\Employee\\Google Drive\\UP\\MyResearch\\TaskProgramming\\AB_pic\\resources\\hammerheadshark.jpg'
6.0785 	EXP 	polygon: opacity = 0.0
6.0785 	EXP 	displayPicture: image = 'C:\\Users\\Employee\\Google Drive\\UP\\MyResearch\\TaskProgramming\\AB_pic\\resources\\hammerheadshark.jpg'
6.0951 	EXP 	polygon: opacity = 0.0
6.0951 	EXP 	displayPicture: image = 'C:\\Users\\Employee\\Google Drive\\UP\\MyResearch\\TaskProgramming\\AB_pic\\resources\\hammerheadshark.jpg'
6.1118 	EXP 	polygon: opacity = 0.0
6.1118 	EXP 	displayPicture: image = 'C:\\Users\\Employee\\Google Drive\\UP\\MyResearch\\TaskProgramming\\AB_pic\\resources\\hammerheadshark.jpg'
6.1288 	EXP 	polygon: opacity = 0.0
6.1288 	EXP 	displayPicture: image = 'C:\\Users\\Employee\\Google Drive\\UP\\MyResearch\\TaskProgramming\\AB_pic\\resources\\hammerheadshark.jpg'
6.1452 	EXP 	polygon: opacity = 0.0
6.1452 	EXP 	displayPicture: image = 'C:\\Users\\Employee\\Google Drive\\UP\\MyResearch\\TaskProgramming\\AB_pic\\resources\\hammerheadshark.jpg'
6.1618 	EXP 	polygon: opacity = 0.0
6.1618 	EXP 	displayPicture: image = 'C:\\Users\\Employee\\Google Drive\\UP\\MyResearch\\TaskProgramming\\AB_pic\\resources\\hammerheadshark.jpg'
6.1785 	EXP 	polygon: opacity = 0.0
6.1785 	EXP 	displayPicture: image = 'C:\\Users\\Employee\\Google Drive\\UP\\MyResearch\\TaskProgramming\\AB_pic\\resources\\calendar.jpg'
6.1951 	EXP 	polygon: opacity = 0.0
6.1951 	EXP 	displayPicture: image = 'C:\\Users\\Employee\\Google Drive\\UP\\MyResearch\\TaskProgramming\\AB_pic\\resources\\calendar.jpg'
6.2118 	EXP 	polygon: opacity = 0.0
6.2118 	EXP 	displayPicture: image = 'C:\\Users\\Employee\\Google Drive\\UP\\MyResearch\\TaskProgramming\\AB_pic\\resources\\calendar.jpg'
6.2285 	EXP 	polygon: opacity = 0.0
6.2285 	EXP 	displayPicture: image = 'C:\\Users\\Employee\\Google Drive\\UP\\MyResearch\\TaskProgramming\\AB_pic\\resources\\calendar.jpg'
6.2451 	EXP 	polygon: opacity = 0.0
6.2451 	EXP 	displayPicture: image = 'C:\\Users\\Employee\\Google Drive\\UP\\MyResearch\\TaskProgramming\\AB_pic\\resources\\calendar.jpg'
6.2619 	EXP 	polygon: opacity = 0.0
6.2619 	EXP 	displayPicture: image = 'C:\\Users\\Employee\\Google Drive\\UP\\MyResearch\\TaskProgramming\\AB_pic\\resources\\calendar.jpg'
6.2785 	EXP 	polygon: opacity = 0.0
6.2785 	EXP 	displayPicture: image = 'C:\\Users\\Employee\\Google Drive\\UP\\MyResearch\\TaskProgramming\\AB_pic\\resources\\calendar.jpg'
6.2952 	EXP 	polygon: opacity = 0.0
6.2952 	EXP 	displayPicture: image = 'C:\\Users\\Employee\\Google Drive\\UP\\MyResearch\\TaskProgramming\\AB_pic\\resources\\calendar.jpg'
6.3119 	EXP 	polygon: opacity = 0.0
6.3119 	EXP 	displayPicture: image = 'C:\\Users\\Employee\\Google Drive\\UP\\MyResearch\\TaskProgramming\\AB_pic\\resources\\calendar.jpg'
6.3285 	EXP 	polygon: opacity = 0.0
6.3285 	EXP 	displayPicture: image = 'C:\\Users\\Employee\\Google Drive\\UP\\MyResearch\\TaskProgramming\\AB_pic\\resources\\calendar.jpg'
6.3452 	EXP 	polygon: opacity = 0.0
6.3452 	EXP 	displayPicture: image = 'C:\\Users\\Employee\\Google Drive\\UP\\MyResearch\\TaskProgramming\\AB_pic\\resources\\calendar.jpg'
6.3618 	EXP 	polygon: opacity = 0.0
6.3618 	EXP 	displayPicture: image = 'C:\\Users\\Employee\\Google Drive\\UP\\MyResearch\\TaskProgramming\\AB_pic\\resources\\calendar.jpg'
6.3785 	EXP 	polygon: opacity = 0.0
6.3785 	EXP 	displayPicture: image = 'C:\\Users\\Employee\\Google Drive\\UP\\MyResearch\\TaskProgramming\\AB_pic\\resources\\calendar.jpg'
6.3952 	EXP 	polygon: opacity = 0.0
6.3952 	EXP 	displayPicture: image = 'C:\\Users\\Employee\\Google Drive\\UP\\MyResearch\\TaskProgramming\\AB_pic\\resources\\calendar.jpg'
6.4118 	EXP 	polygon: opacity = 0.0
6.4118 	EXP 	displayPicture: image = 'C:\\Users\\Employee\\Google Drive\\UP\\MyResearch\\TaskProgramming\\AB_pic\\resources\\calendar.jpg'
6.4285 	EXP 	polygon: opacity = 0.0
6.4285 	EXP 	displayPicture: image = 'C:\\Users\\Employee\\Google Drive\\UP\\MyResearch\\TaskProgramming\\AB_pic\\resources\\calendar.jpg'
6.4452 	EXP 	polygon: opacity = 0.0
6.4452 	EXP 	displayPicture: image = 'C:\\Users\\Employee\\Google Drive\\UP\\MyResearch\\TaskProgramming\\AB_pic\\resources\\calendar.jpg'
6.4619 	EXP 	polygon: opacity = 0.0
6.4619 	EXP 	displayPicture: image = 'C:\\Users\\Employee\\Google Drive\\UP\\MyResearch\\TaskProgramming\\AB_pic\\resources\\calendar.jpg'
6.4785 	EXP 	polygon: opacity = 0.0
6.4785 	EXP 	displayPicture: image = 'C:\\Users\\Employee\\Google Drive\\UP\\MyResearch\\TaskProgramming\\AB_pic\\resources\\calendar.jpg'
6.4952 	EXP 	polygon: opacity = 0.0
6.4952 	EXP 	displayPicture: image = 'C:\\Users\\Employee\\Google Drive\\UP\\MyResearch\\TaskProgramming\\AB_pic\\resources\\calendar.jpg'
6.5119 	EXP 	polygon: opacity = 0.0
6.5119 	EXP 	displayPicture: image = 'C:\\Users\\Employee\\Google Drive\\UP\\MyResearch\\TaskProgramming\\AB_pic\\resources\\calendar.jpg'
6.5285 	EXP 	polygon: opacity = 0.0
6.5285 	EXP 	displayPicture: image = 'C:\\Users\\Employee\\Google Drive\\UP\\MyResearch\\TaskProgramming\\AB_pic\\resources\\calendar.jpg'
6.5448 	EXP 	polygon: opacity = 0.0
6.5448 	EXP 	displayPicture: image = 'C:\\Users\\Employee\\Google Drive\\UP\\MyResearch\\TaskProgramming\\AB_pic\\resources\\calendar.jpg'
6.5615 	EXP 	polygon: opacity = 0.0
6.5615 	EXP 	displayPicture: image = 'C:\\Users\\Employee\\Google Drive\\UP\\MyResearch\\TaskProgramming\\AB_pic\\resources\\calendar.jpg'
6.5781 	EXP 	polygon: opacity = 0.0
6.5781 	EXP 	displayPicture: image = 'C:\\Users\\Employee\\Google Drive\\UP\\MyResearch\\TaskProgramming\\AB_pic\\resources\\surfboard.jpg'
6.5948 	EXP 	polygon: opacity = 0.0
6.5948 	EXP 	displayPicture: image = 'C:\\Users\\Employee\\Google Drive\\UP\\MyResearch\\TaskProgramming\\AB_pic\\resources\\surfboard.jpg'
6.6115 	EXP 	polygon: opacity = 0.0
6.6115 	EXP 	displayPicture: image = 'C:\\Users\\Employee\\Google Drive\\UP\\MyResearch\\TaskProgramming\\AB_pic\\resources\\surfboard.jpg'
6.6281 	EXP 	polygon: opacity = 0.0
6.6281 	EXP 	displayPicture: image = 'C:\\Users\\Employee\\Google Drive\\UP\\MyResearch\\TaskProgramming\\AB_pic\\resources\\surfboard.jpg'
6.6448 	EXP 	polygon: opacity = 0.0
6.6448 	EXP 	displayPicture: image = 'C:\\Users\\Employee\\Google Drive\\UP\\MyResearch\\TaskProgramming\\AB_pic\\resources\\surfboard.jpg'
6.6615 	EXP 	polygon: opacity = 0.0
6.6615 	EXP 	displayPicture: image = 'C:\\Users\\Employee\\Google Drive\\UP\\MyResearch\\TaskProgramming\\AB_pic\\resources\\surfboard.jpg'
6.6781 	EXP 	polygon: opacity = 0.0
6.6781 	EXP 	displayPicture: image = 'C:\\Users\\Employee\\Google Drive\\UP\\MyResearch\\TaskProgramming\\AB_pic\\resources\\surfboard.jpg'
6.6948 	EXP 	polygon: opacity = 0.0
6.6948 	EXP 	displayPicture: image = 'C:\\Users\\Employee\\Google Drive\\UP\\MyResearch\\TaskProgramming\\AB_pic\\resources\\surfboard.jpg'
6.7114 	EXP 	polygon: opacity = 0.0
6.7114 	EXP 	displayPicture: image = 'C:\\Users\\Employee\\Google Drive\\UP\\MyResearch\\TaskProgramming\\AB_pic\\resources\\surfboard.jpg'
6.7281 	EXP 	polygon: opacity = 0.0
6.7281 	EXP 	displayPicture: image = 'C:\\Users\\Employee\\Google Drive\\UP\\MyResearch\\TaskProgramming\\AB_pic\\resources\\surfboard.jpg'
6.7448 	EXP 	polygon: opacity = 0.0
6.7448 	EXP 	displayPicture: image = 'C:\\Users\\Employee\\Google Drive\\UP\\MyResearch\\TaskProgramming\\AB_pic\\resources\\surfboard.jpg'
6.7615 	EXP 	polygon: opacity = 0.0
6.7615 	EXP 	displayPicture: image = 'C:\\Users\\Employee\\Google Drive\\UP\\MyResearch\\TaskProgramming\\AB_pic\\resources\\surfboard.jpg'
6.7781 	EXP 	polygon: opacity = 0.0
6.7781 	EXP 	displayPicture: image = 'C:\\Users\\Employee\\Google Drive\\UP\\MyResearch\\TaskProgramming\\AB_pic\\resources\\surfboard.jpg'
6.7948 	EXP 	polygon: opacity = 0.0
6.7948 	EXP 	displayPicture: image = 'C:\\Users\\Employee\\Google Drive\\UP\\MyResearch\\TaskProgramming\\AB_pic\\resources\\surfboard.jpg'
6.8115 	EXP 	polygon: opacity = 0.0
6.8115 	EXP 	displayPicture: image = 'C:\\Users\\Employee\\Google Drive\\UP\\MyResearch\\TaskProgramming\\AB_pic\\resources\\surfboard.jpg'
6.8281 	EXP 	polygon: opacity = 0.0
6.8281 	EXP 	displayPicture: image = 'C:\\Users\\Employee\\Google Drive\\UP\\MyResearch\\TaskProgramming\\AB_pic\\resources\\surfboard.jpg'
6.8448 	EXP 	polygon: opacity = 0.0
6.8448 	EXP 	displayPicture: image = 'C:\\Users\\Employee\\Google Drive\\UP\\MyResearch\\TaskProgramming\\AB_pic\\resources\\surfboard.jpg'
6.8615 	EXP 	polygon: opacity = 0.0
6.8615 	EXP 	displayPicture: image = 'C:\\Users\\Employee\\Google Drive\\UP\\MyResearch\\TaskProgramming\\AB_pic\\resources\\surfboard.jpg'
6.8781 	EXP 	polygon: opacity = 0.0
6.8781 	EXP 	displayPicture: image = 'C:\\Users\\Employee\\Google Drive\\UP\\MyResearch\\TaskProgramming\\AB_pic\\resources\\surfboard.jpg'
6.8948 	EXP 	polygon: opacity = 0.0
6.8948 	EXP 	displayPicture: image = 'C:\\Users\\Employee\\Google Drive\\UP\\MyResearch\\TaskProgramming\\AB_pic\\resources\\surfboard.jpg'
6.9115 	EXP 	polygon: opacity = 0.0
6.9115 	EXP 	displayPicture: image = 'C:\\Users\\Employee\\Google Drive\\UP\\MyResearch\\TaskProgramming\\AB_pic\\resources\\surfboard.jpg'
6.9281 	EXP 	polygon: opacity = 0.0
6.9281 	EXP 	displayPicture: image = 'C:\\Users\\Employee\\Google Drive\\UP\\MyResearch\\TaskProgramming\\AB_pic\\resources\\surfboard.jpg'
6.9448 	EXP 	polygon: opacity = 0.0
6.9448 	EXP 	displayPicture: image = 'C:\\Users\\Employee\\Google Drive\\UP\\MyResearch\\TaskProgramming\\AB_pic\\resources\\surfboard.jpg'
6.9615 	EXP 	polygon: opacity = 0.0
6.9615 	EXP 	displayPicture: image = 'C:\\Users\\Employee\\Google Drive\\UP\\MyResearch\\TaskProgramming\\AB_pic\\resources\\surfboard.jpg'
6.9781 	EXP 	polygon: opacity = 0.0
6.9781 	EXP 	displayPicture: image = 'C:\\Users\\Employee\\Google Drive\\UP\\MyResearch\\TaskProgramming\\AB_pic\\resources\\dragonfly01.jpg'
6.9948 	EXP 	polygon: opacity = 0.0
6.9948 	EXP 	displayPicture: image = 'C:\\Users\\Employee\\Google Drive\\UP\\MyResearch\\TaskProgramming\\AB_pic\\resources\\dragonfly01.jpg'
7.0114 	EXP 	polygon: opacity = 0.0
7.0114 	EXP 	displayPicture: image = 'C:\\Users\\Employee\\Google Drive\\UP\\MyResearch\\TaskProgramming\\AB_pic\\resources\\dragonfly01.jpg'
7.0281 	EXP 	polygon: opacity = 0.0
7.0281 	EXP 	displayPicture: image = 'C:\\Users\\Employee\\Google Drive\\UP\\MyResearch\\TaskProgramming\\AB_pic\\resources\\dragonfly01.jpg'
7.0448 	EXP 	polygon: opacity = 0.0
7.0448 	EXP 	displayPicture: image = 'C:\\Users\\Employee\\Google Drive\\UP\\MyResearch\\TaskProgramming\\AB_pic\\resources\\dragonfly01.jpg'
7.0615 	EXP 	polygon: opacity = 0.0
7.0615 	EXP 	displayPicture: image = 'C:\\Users\\Employee\\Google Drive\\UP\\MyResearch\\TaskProgramming\\AB_pic\\resources\\dragonfly01.jpg'
7.0781 	EXP 	polygon: opacity = 0.0
7.0781 	EXP 	displayPicture: image = 'C:\\Users\\Employee\\Google Drive\\UP\\MyResearch\\TaskProgramming\\AB_pic\\resources\\dragonfly01.jpg'
7.0948 	EXP 	polygon: opacity = 0.0
7.0948 	EXP 	displayPicture: image = 'C:\\Users\\Employee\\Google Drive\\UP\\MyResearch\\TaskProgramming\\AB_pic\\resources\\dragonfly01.jpg'
7.1115 	EXP 	polygon: opacity = 0.0
7.1115 	EXP 	displayPicture: image = 'C:\\Users\\Employee\\Google Drive\\UP\\MyResearch\\TaskProgramming\\AB_pic\\resources\\dragonfly01.jpg'
7.1281 	EXP 	polygon: opacity = 0.0
7.1281 	EXP 	displayPicture: image = 'C:\\Users\\Employee\\Google Drive\\UP\\MyResearch\\TaskProgramming\\AB_pic\\resources\\dragonfly01.jpg'
7.1447 	EXP 	polygon: opacity = 0.0
7.1447 	EXP 	displayPicture: image = 'C:\\Users\\Employee\\Google Drive\\UP\\MyResearch\\TaskProgramming\\AB_pic\\resources\\dragonfly01.jpg'
7.1614 	EXP 	polygon: opacity = 0.0
7.1614 	EXP 	displayPicture: image = 'C:\\Users\\Employee\\Google Drive\\UP\\MyResearch\\TaskProgramming\\AB_pic\\resources\\dragonfly01.jpg'
7.1781 	EXP 	polygon: opacity = 0.0
7.1781 	EXP 	displayPicture: image = 'C:\\Users\\Employee\\Google Drive\\UP\\MyResearch\\TaskProgramming\\AB_pic\\resources\\dragonfly01.jpg'
7.1948 	EXP 	polygon: opacity = 0.0
7.1948 	EXP 	displayPicture: image = 'C:\\Users\\Employee\\Google Drive\\UP\\MyResearch\\TaskProgramming\\AB_pic\\resources\\dragonfly01.jpg'
7.2114 	EXP 	polygon: opacity = 0.0
7.2114 	EXP 	displayPicture: image = 'C:\\Users\\Employee\\Google Drive\\UP\\MyResearch\\TaskProgramming\\AB_pic\\resources\\dragonfly01.jpg'
7.2281 	EXP 	polygon: opacity = 0.0
7.2281 	EXP 	displayPicture: image = 'C:\\Users\\Employee\\Google Drive\\UP\\MyResearch\\TaskProgramming\\AB_pic\\resources\\dragonfly01.jpg'
7.2448 	EXP 	polygon: opacity = 0.0
7.2448 	EXP 	displayPicture: image = 'C:\\Users\\Employee\\Google Drive\\UP\\MyResearch\\TaskProgramming\\AB_pic\\resources\\dragonfly01.jpg'
7.2614 	EXP 	polygon: opacity = 0.0
7.2614 	EXP 	displayPicture: image = 'C:\\Users\\Employee\\Google Drive\\UP\\MyResearch\\TaskProgramming\\AB_pic\\resources\\dragonfly01.jpg'
7.2781 	EXP 	polygon: opacity = 0.0
7.2781 	EXP 	displayPicture: image = 'C:\\Users\\Employee\\Google Drive\\UP\\MyResearch\\TaskProgramming\\AB_pic\\resources\\dragonfly01.jpg'
7.2948 	EXP 	polygon: opacity = 0.0
7.2948 	EXP 	displayPicture: image = 'C:\\Users\\Employee\\Google Drive\\UP\\MyResearch\\TaskProgramming\\AB_pic\\resources\\dragonfly01.jpg'
7.3114 	EXP 	polygon: opacity = 0.0
7.3114 	EXP 	displayPicture: image = 'C:\\Users\\Employee\\Google Drive\\UP\\MyResearch\\TaskProgramming\\AB_pic\\resources\\dragonfly01.jpg'
7.3281 	EXP 	polygon: opacity = 0.0
7.3281 	EXP 	displayPicture: image = 'C:\\Users\\Employee\\Google Drive\\UP\\MyResearch\\TaskProgramming\\AB_pic\\resources\\dragonfly01.jpg'
7.3448 	EXP 	polygon: opacity = 0.0
7.3448 	EXP 	displayPicture: image = 'C:\\Users\\Employee\\Google Drive\\UP\\MyResearch\\TaskProgramming\\AB_pic\\resources\\dragonfly01.jpg'
7.3614 	EXP 	polygon: opacity = 0.0
7.3614 	EXP 	displayPicture: image = 'C:\\Users\\Employee\\Google Drive\\UP\\MyResearch\\TaskProgramming\\AB_pic\\resources\\dragonfly01.jpg'
7.3781 	EXP 	polygon: opacity = 0.0
7.3781 	EXP 	displayPicture: image = 'C:\\Users\\Employee\\Google Drive\\UP\\MyResearch\\TaskProgramming\\AB_pic\\resources\\hulahoop.jpg'
7.3948 	EXP 	polygon: opacity = 0.0
7.3948 	EXP 	displayPicture: image = 'C:\\Users\\Employee\\Google Drive\\UP\\MyResearch\\TaskProgramming\\AB_pic\\resources\\hulahoop.jpg'
7.4114 	EXP 	polygon: opacity = 0.0
7.4114 	EXP 	displayPicture: image = 'C:\\Users\\Employee\\Google Drive\\UP\\MyResearch\\TaskProgramming\\AB_pic\\resources\\hulahoop.jpg'
7.4281 	EXP 	polygon: opacity = 0.0
7.4281 	EXP 	displayPicture: image = 'C:\\Users\\Employee\\Google Drive\\UP\\MyResearch\\TaskProgramming\\AB_pic\\resources\\hulahoop.jpg'
7.4447 	EXP 	polygon: opacity = 0.0
7.4447 	EXP 	displayPicture: image = 'C:\\Users\\Employee\\Google Drive\\UP\\MyResearch\\TaskProgramming\\AB_pic\\resources\\hulahoop.jpg'
7.4614 	EXP 	polygon: opacity = 0.0
7.4614 	EXP 	displayPicture: image = 'C:\\Users\\Employee\\Google Drive\\UP\\MyResearch\\TaskProgramming\\AB_pic\\resources\\hulahoop.jpg'
7.4781 	EXP 	polygon: opacity = 0.0
7.4781 	EXP 	displayPicture: image = 'C:\\Users\\Employee\\Google Drive\\UP\\MyResearch\\TaskProgramming\\AB_pic\\resources\\hulahoop.jpg'
7.4947 	EXP 	polygon: opacity = 0.0
7.4947 	EXP 	displayPicture: image = 'C:\\Users\\Employee\\Google Drive\\UP\\MyResearch\\TaskProgramming\\AB_pic\\resources\\hulahoop.jpg'
7.5114 	EXP 	polygon: opacity = 0.0
7.5114 	EXP 	displayPicture: image = 'C:\\Users\\Employee\\Google Drive\\UP\\MyResearch\\TaskProgramming\\AB_pic\\resources\\hulahoop.jpg'
7.5281 	EXP 	polygon: opacity = 0.0
7.5281 	EXP 	displayPicture: image = 'C:\\Users\\Employee\\Google Drive\\UP\\MyResearch\\TaskProgramming\\AB_pic\\resources\\hulahoop.jpg'
7.5447 	EXP 	polygon: opacity = 0.0
7.5447 	EXP 	displayPicture: image = 'C:\\Users\\Employee\\Google Drive\\UP\\MyResearch\\TaskProgramming\\AB_pic\\resources\\hulahoop.jpg'
7.5614 	EXP 	polygon: opacity = 0.0
7.5614 	EXP 	displayPicture: image = 'C:\\Users\\Employee\\Google Drive\\UP\\MyResearch\\TaskProgramming\\AB_pic\\resources\\hulahoop.jpg'
7.5781 	EXP 	polygon: opacity = 0.0
7.5781 	EXP 	displayPicture: image = 'C:\\Users\\Employee\\Google Drive\\UP\\MyResearch\\TaskProgramming\\AB_pic\\resources\\hulahoop.jpg'
7.5947 	EXP 	polygon: opacity = 0.0
7.5947 	EXP 	displayPicture: image = 'C:\\Users\\Employee\\Google Drive\\UP\\MyResearch\\TaskProgramming\\AB_pic\\resources\\hulahoop.jpg'
7.6114 	EXP 	polygon: opacity = 0.0
7.6114 	EXP 	displayPicture: image = 'C:\\Users\\Employee\\Google Drive\\UP\\MyResearch\\TaskProgramming\\AB_pic\\resources\\hulahoop.jpg'
7.6281 	EXP 	polygon: opacity = 0.0
7.6281 	EXP 	displayPicture: image = 'C:\\Users\\Employee\\Google Drive\\UP\\MyResearch\\TaskProgramming\\AB_pic\\resources\\hulahoop.jpg'
7.6447 	EXP 	polygon: opacity = 0.0
7.6447 	EXP 	displayPicture: image = 'C:\\Users\\Employee\\Google Drive\\UP\\MyResearch\\TaskProgramming\\AB_pic\\resources\\hulahoop.jpg'
7.6614 	EXP 	polygon: opacity = 0.0
7.6614 	EXP 	displayPicture: image = 'C:\\Users\\Employee\\Google Drive\\UP\\MyResearch\\TaskProgramming\\AB_pic\\resources\\hulahoop.jpg'
7.6781 	EXP 	polygon: opacity = 0.0
7.6781 	EXP 	displayPicture: image = 'C:\\Users\\Employee\\Google Drive\\UP\\MyResearch\\TaskProgramming\\AB_pic\\resources\\hulahoop.jpg'
7.6947 	EXP 	polygon: opacity = 0.0
7.6947 	EXP 	displayPicture: image = 'C:\\Users\\Employee\\Google Drive\\UP\\MyResearch\\TaskProgramming\\AB_pic\\resources\\hulahoop.jpg'
7.7114 	EXP 	polygon: opacity = 0.0
7.7114 	EXP 	displayPicture: image = 'C:\\Users\\Employee\\Google Drive\\UP\\MyResearch\\TaskProgramming\\AB_pic\\resources\\hulahoop.jpg'
7.7281 	EXP 	polygon: opacity = 0.0
7.7281 	EXP 	displayPicture: image = 'C:\\Users\\Employee\\Google Drive\\UP\\MyResearch\\TaskProgramming\\AB_pic\\resources\\hulahoop.jpg'
7.7447 	EXP 	polygon: opacity = 0.0
7.7447 	EXP 	displayPicture: image = 'C:\\Users\\Employee\\Google Drive\\UP\\MyResearch\\TaskProgramming\\AB_pic\\resources\\hulahoop.jpg'
7.7614 	EXP 	polygon: opacity = 0.0
7.7614 	EXP 	displayPicture: image = 'C:\\Users\\Employee\\Google Drive\\UP\\MyResearch\\TaskProgramming\\AB_pic\\resources\\hulahoop.jpg'
7.7780 	EXP 	polygon: opacity = 0.0
7.7780 	EXP 	displayPicture: image = 'C:\\Users\\Employee\\Google Drive\\UP\\MyResearch\\TaskProgramming\\AB_pic\\resources\\christmaslights.jpg'
7.7947 	EXP 	polygon: opacity = 0.0
7.7947 	EXP 	displayPicture: image = 'C:\\Users\\Employee\\Google Drive\\UP\\MyResearch\\TaskProgramming\\AB_pic\\resources\\christmaslights.jpg'
7.8114 	EXP 	polygon: opacity = 0.0
7.8114 	EXP 	displayPicture: image = 'C:\\Users\\Employee\\Google Drive\\UP\\MyResearch\\TaskProgramming\\AB_pic\\resources\\christmaslights.jpg'
7.8280 	EXP 	polygon: opacity = 0.0
7.8280 	EXP 	displayPicture: image = 'C:\\Users\\Employee\\Google Drive\\UP\\MyResearch\\TaskProgramming\\AB_pic\\resources\\christmaslights.jpg'
7.8447 	EXP 	polygon: opacity = 0.0
7.8447 	EXP 	displayPicture: image = 'C:\\Users\\Employee\\Google Drive\\UP\\MyResearch\\TaskProgramming\\AB_pic\\resources\\christmaslights.jpg'
7.8614 	EXP 	polygon: opacity = 0.0
7.8614 	EXP 	displayPicture: image = 'C:\\Users\\Employee\\Google Drive\\UP\\MyResearch\\TaskProgramming\\AB_pic\\resources\\christmaslights.jpg'
7.8780 	EXP 	polygon: opacity = 0.0
7.8780 	EXP 	displayPicture: image = 'C:\\Users\\Employee\\Google Drive\\UP\\MyResearch\\TaskProgramming\\AB_pic\\resources\\christmaslights.jpg'
7.8947 	EXP 	polygon: opacity = 0.0
7.8947 	EXP 	displayPicture: image = 'C:\\Users\\Employee\\Google Drive\\UP\\MyResearch\\TaskProgramming\\AB_pic\\resources\\christmaslights.jpg'
7.9114 	EXP 	polygon: opacity = 0.0
7.9114 	EXP 	displayPicture: image = 'C:\\Users\\Employee\\Google Drive\\UP\\MyResearch\\TaskProgramming\\AB_pic\\resources\\christmaslights.jpg'
7.9280 	EXP 	polygon: opacity = 0.0
7.9280 	EXP 	displayPicture: image = 'C:\\Users\\Employee\\Google Drive\\UP\\MyResearch\\TaskProgramming\\AB_pic\\resources\\christmaslights.jpg'
7.9447 	EXP 	polygon: opacity = 0.0
7.9447 	EXP 	displayPicture: image = 'C:\\Users\\Employee\\Google Drive\\UP\\MyResearch\\TaskProgramming\\AB_pic\\resources\\christmaslights.jpg'
7.9614 	EXP 	polygon: opacity = 0.0
7.9614 	EXP 	displayPicture: image = 'C:\\Users\\Employee\\Google Drive\\UP\\MyResearch\\TaskProgramming\\AB_pic\\resources\\christmaslights.jpg'
7.9780 	EXP 	polygon: opacity = 0.0
7.9780 	EXP 	displayPicture: image = 'C:\\Users\\Employee\\Google Drive\\UP\\MyResearch\\TaskProgramming\\AB_pic\\resources\\christmaslights.jpg'
7.9947 	EXP 	polygon: opacity = 0.0
7.9947 	EXP 	displayPicture: image = 'C:\\Users\\Employee\\Google Drive\\UP\\MyResearch\\TaskProgramming\\AB_pic\\resources\\christmaslights.jpg'
8.0114 	EXP 	polygon: opacity = 0.0
8.0114 	EXP 	displayPicture: image = 'C:\\Users\\Employee\\Google Drive\\UP\\MyResearch\\TaskProgramming\\AB_pic\\resources\\christmaslights.jpg'
8.0282 	EXP 	polygon: opacity = 0.0
8.0282 	EXP 	displayPicture: image = 'C:\\Users\\Employee\\Google Drive\\UP\\MyResearch\\TaskProgramming\\AB_pic\\resources\\christmaslights.jpg'
8.0447 	EXP 	polygon: opacity = 0.0
8.0447 	EXP 	displayPicture: image = 'C:\\Users\\Employee\\Google Drive\\UP\\MyResearch\\TaskProgramming\\AB_pic\\resources\\christmaslights.jpg'
8.0613 	EXP 	polygon: opacity = 0.0
8.0613 	EXP 	displayPicture: image = 'C:\\Users\\Employee\\Google Drive\\UP\\MyResearch\\TaskProgramming\\AB_pic\\resources\\christmaslights.jpg'
8.0780 	EXP 	polygon: opacity = 0.0
8.0780 	EXP 	displayPicture: image = 'C:\\Users\\Employee\\Google Drive\\UP\\MyResearch\\TaskProgramming\\AB_pic\\resources\\christmaslights.jpg'
8.0947 	EXP 	polygon: opacity = 0.0
8.0947 	EXP 	displayPicture: image = 'C:\\Users\\Employee\\Google Drive\\UP\\MyResearch\\TaskProgramming\\AB_pic\\resources\\christmaslights.jpg'
8.1114 	EXP 	polygon: opacity = 0.0
8.1114 	EXP 	displayPicture: image = 'C:\\Users\\Employee\\Google Drive\\UP\\MyResearch\\TaskProgramming\\AB_pic\\resources\\christmaslights.jpg'
8.1280 	EXP 	polygon: opacity = 0.0
8.1280 	EXP 	displayPicture: image = 'C:\\Users\\Employee\\Google Drive\\UP\\MyResearch\\TaskProgramming\\AB_pic\\resources\\christmaslights.jpg'
8.1447 	EXP 	polygon: opacity = 0.0
8.1447 	EXP 	displayPicture: image = 'C:\\Users\\Employee\\Google Drive\\UP\\MyResearch\\TaskProgramming\\AB_pic\\resources\\christmaslights.jpg'
8.1613 	EXP 	polygon: opacity = 0.0
8.1613 	EXP 	displayPicture: image = 'C:\\Users\\Employee\\Google Drive\\UP\\MyResearch\\TaskProgramming\\AB_pic\\resources\\christmaslights.jpg'
8.1780 	EXP 	polygon: opacity = 0.0
8.1780 	EXP 	displayPicture: image = 'C:\\Users\\Employee\\Google Drive\\UP\\MyResearch\\TaskProgramming\\AB_pic\\resources\\parrot01.jpg'
8.1947 	EXP 	polygon: opacity = 0.0
8.1947 	EXP 	displayPicture: image = 'C:\\Users\\Employee\\Google Drive\\UP\\MyResearch\\TaskProgramming\\AB_pic\\resources\\parrot01.jpg'
8.2114 	EXP 	polygon: opacity = 0.0
8.2114 	EXP 	displayPicture: image = 'C:\\Users\\Employee\\Google Drive\\UP\\MyResearch\\TaskProgramming\\AB_pic\\resources\\parrot01.jpg'
8.2281 	EXP 	polygon: opacity = 0.0
8.2281 	EXP 	displayPicture: image = 'C:\\Users\\Employee\\Google Drive\\UP\\MyResearch\\TaskProgramming\\AB_pic\\resources\\parrot01.jpg'
8.2447 	EXP 	polygon: opacity = 0.0
8.2447 	EXP 	displayPicture: image = 'C:\\Users\\Employee\\Google Drive\\UP\\MyResearch\\TaskProgramming\\AB_pic\\resources\\parrot01.jpg'
8.2614 	EXP 	polygon: opacity = 0.0
8.2614 	EXP 	displayPicture: image = 'C:\\Users\\Employee\\Google Drive\\UP\\MyResearch\\TaskProgramming\\AB_pic\\resources\\parrot01.jpg'
8.2780 	EXP 	polygon: opacity = 0.0
8.2780 	EXP 	displayPicture: image = 'C:\\Users\\Employee\\Google Drive\\UP\\MyResearch\\TaskProgramming\\AB_pic\\resources\\parrot01.jpg'
8.2947 	EXP 	polygon: opacity = 0.0
8.2947 	EXP 	displayPicture: image = 'C:\\Users\\Employee\\Google Drive\\UP\\MyResearch\\TaskProgramming\\AB_pic\\resources\\parrot01.jpg'
8.3114 	EXP 	polygon: opacity = 0.0
8.3114 	EXP 	displayPicture: image = 'C:\\Users\\Employee\\Google Drive\\UP\\MyResearch\\TaskProgramming\\AB_pic\\resources\\parrot01.jpg'
8.3280 	EXP 	polygon: opacity = 0.0
8.3280 	EXP 	displayPicture: image = 'C:\\Users\\Employee\\Google Drive\\UP\\MyResearch\\TaskProgramming\\AB_pic\\resources\\parrot01.jpg'
8.3447 	EXP 	polygon: opacity = 0.0
8.3447 	EXP 	displayPicture: image = 'C:\\Users\\Employee\\Google Drive\\UP\\MyResearch\\TaskProgramming\\AB_pic\\resources\\parrot01.jpg'
8.3614 	EXP 	polygon: opacity = 0.0
8.3614 	EXP 	displayPicture: image = 'C:\\Users\\Employee\\Google Drive\\UP\\MyResearch\\TaskProgramming\\AB_pic\\resources\\parrot01.jpg'
8.3780 	EXP 	polygon: opacity = 0.0
8.3780 	EXP 	displayPicture: image = 'C:\\Users\\Employee\\Google Drive\\UP\\MyResearch\\TaskProgramming\\AB_pic\\resources\\parrot01.jpg'
8.3947 	EXP 	polygon: opacity = 0.0
8.3947 	EXP 	displayPicture: image = 'C:\\Users\\Employee\\Google Drive\\UP\\MyResearch\\TaskProgramming\\AB_pic\\resources\\parrot01.jpg'
8.4113 	EXP 	polygon: opacity = 0.0
8.4113 	EXP 	displayPicture: image = 'C:\\Users\\Employee\\Google Drive\\UP\\MyResearch\\TaskProgramming\\AB_pic\\resources\\parrot01.jpg'
8.4280 	EXP 	polygon: opacity = 0.0
8.4280 	EXP 	displayPicture: image = 'C:\\Users\\Employee\\Google Drive\\UP\\MyResearch\\TaskProgramming\\AB_pic\\resources\\parrot01.jpg'
8.4446 	EXP 	polygon: opacity = 0.0
8.4446 	EXP 	displayPicture: image = 'C:\\Users\\Employee\\Google Drive\\UP\\MyResearch\\TaskProgramming\\AB_pic\\resources\\parrot01.jpg'
8.4614 	EXP 	polygon: opacity = 0.0
8.4614 	EXP 	displayPicture: image = 'C:\\Users\\Employee\\Google Drive\\UP\\MyResearch\\TaskProgramming\\AB_pic\\resources\\parrot01.jpg'
8.4780 	EXP 	polygon: opacity = 0.0
8.4780 	EXP 	displayPicture: image = 'C:\\Users\\Employee\\Google Drive\\UP\\MyResearch\\TaskProgramming\\AB_pic\\resources\\parrot01.jpg'
8.4947 	EXP 	polygon: opacity = 0.0
8.4947 	EXP 	displayPicture: image = 'C:\\Users\\Employee\\Google Drive\\UP\\MyResearch\\TaskProgramming\\AB_pic\\resources\\parrot01.jpg'
8.5113 	EXP 	polygon: opacity = 0.0
8.5113 	EXP 	displayPicture: image = 'C:\\Users\\Employee\\Google Drive\\UP\\MyResearch\\TaskProgramming\\AB_pic\\resources\\parrot01.jpg'
8.5280 	EXP 	polygon: opacity = 0.0
8.5280 	EXP 	displayPicture: image = 'C:\\Users\\Employee\\Google Drive\\UP\\MyResearch\\TaskProgramming\\AB_pic\\resources\\parrot01.jpg'
8.5447 	EXP 	polygon: opacity = 0.0
8.5447 	EXP 	displayPicture: image = 'C:\\Users\\Employee\\Google Drive\\UP\\MyResearch\\TaskProgramming\\AB_pic\\resources\\parrot01.jpg'
8.5613 	EXP 	polygon: opacity = 0.0
8.5613 	EXP 	displayPicture: image = 'C:\\Users\\Employee\\Google Drive\\UP\\MyResearch\\TaskProgramming\\AB_pic\\resources\\parrot01.jpg'
8.5780 	EXP 	polygon: opacity = 1.0
8.5780 	EXP 	displayPicture: image = 'C:\\Users\\Employee\\Google Drive\\UP\\MyResearch\\TaskProgramming\\AB_pic\\resources\\showerhead01.jpg'
8.5946 	EXP 	polygon: opacity = 1.0
8.5946 	EXP 	displayPicture: image = 'C:\\Users\\Employee\\Google Drive\\UP\\MyResearch\\TaskProgramming\\AB_pic\\resources\\showerhead01.jpg'
8.6113 	EXP 	polygon: opacity = 1.0
8.6113 	EXP 	displayPicture: image = 'C:\\Users\\Employee\\Google Drive\\UP\\MyResearch\\TaskProgramming\\AB_pic\\resources\\showerhead01.jpg'
8.6280 	EXP 	polygon: opacity = 1.0
8.6280 	EXP 	displayPicture: image = 'C:\\Users\\Employee\\Google Drive\\UP\\MyResearch\\TaskProgramming\\AB_pic\\resources\\showerhead01.jpg'
8.6446 	EXP 	polygon: opacity = 1.0
8.6446 	EXP 	displayPicture: image = 'C:\\Users\\Employee\\Google Drive\\UP\\MyResearch\\TaskProgramming\\AB_pic\\resources\\showerhead01.jpg'
8.6613 	EXP 	polygon: opacity = 1.0
8.6613 	EXP 	displayPicture: image = 'C:\\Users\\Employee\\Google Drive\\UP\\MyResearch\\TaskProgramming\\AB_pic\\resources\\showerhead01.jpg'
8.6780 	EXP 	polygon: opacity = 1.0
8.6780 	EXP 	displayPicture: image = 'C:\\Users\\Employee\\Google Drive\\UP\\MyResearch\\TaskProgramming\\AB_pic\\resources\\showerhead01.jpg'
8.6947 	EXP 	polygon: opacity = 1.0
8.6947 	EXP 	displayPicture: image = 'C:\\Users\\Employee\\Google Drive\\UP\\MyResearch\\TaskProgramming\\AB_pic\\resources\\showerhead01.jpg'
8.7113 	EXP 	polygon: opacity = 1.0
8.7113 	EXP 	displayPicture: image = 'C:\\Users\\Employee\\Google Drive\\UP\\MyResearch\\TaskProgramming\\AB_pic\\resources\\showerhead01.jpg'
8.7280 	EXP 	polygon: opacity = 1.0
8.7280 	EXP 	displayPicture: image = 'C:\\Users\\Employee\\Google Drive\\UP\\MyResearch\\TaskProgramming\\AB_pic\\resources\\showerhead01.jpg'
8.7446 	EXP 	polygon: opacity = 1.0
8.7446 	EXP 	displayPicture: image = 'C:\\Users\\Employee\\Google Drive\\UP\\MyResearch\\TaskProgramming\\AB_pic\\resources\\showerhead01.jpg'
8.7613 	EXP 	polygon: opacity = 1.0
8.7613 	EXP 	displayPicture: image = 'C:\\Users\\Employee\\Google Drive\\UP\\MyResearch\\TaskProgramming\\AB_pic\\resources\\showerhead01.jpg'
8.7780 	EXP 	polygon: opacity = 1.0
8.7780 	EXP 	displayPicture: image = 'C:\\Users\\Employee\\Google Drive\\UP\\MyResearch\\TaskProgramming\\AB_pic\\resources\\showerhead01.jpg'
8.7946 	EXP 	polygon: opacity = 1.0
8.7946 	EXP 	displayPicture: image = 'C:\\Users\\Employee\\Google Drive\\UP\\MyResearch\\TaskProgramming\\AB_pic\\resources\\showerhead01.jpg'
8.8113 	EXP 	polygon: opacity = 1.0
8.8113 	EXP 	displayPicture: image = 'C:\\Users\\Employee\\Google Drive\\UP\\MyResearch\\TaskProgramming\\AB_pic\\resources\\showerhead01.jpg'
8.8280 	EXP 	polygon: opacity = 1.0
8.8280 	EXP 	displayPicture: image = 'C:\\Users\\Employee\\Google Drive\\UP\\MyResearch\\TaskProgramming\\AB_pic\\resources\\showerhead01.jpg'
8.8446 	EXP 	polygon: opacity = 1.0
8.8446 	EXP 	displayPicture: image = 'C:\\Users\\Employee\\Google Drive\\UP\\MyResearch\\TaskProgramming\\AB_pic\\resources\\showerhead01.jpg'
8.8613 	EXP 	polygon: opacity = 1.0
8.8613 	EXP 	displayPicture: image = 'C:\\Users\\Employee\\Google Drive\\UP\\MyResearch\\TaskProgramming\\AB_pic\\resources\\showerhead01.jpg'
8.8780 	EXP 	polygon: opacity = 1.0
8.8780 	EXP 	displayPicture: image = 'C:\\Users\\Employee\\Google Drive\\UP\\MyResearch\\TaskProgramming\\AB_pic\\resources\\showerhead01.jpg'
8.8947 	EXP 	polygon: opacity = 1.0
8.8947 	EXP 	displayPicture: image = 'C:\\Users\\Employee\\Google Drive\\UP\\MyResearch\\TaskProgramming\\AB_pic\\resources\\showerhead01.jpg'
8.9113 	EXP 	polygon: opacity = 1.0
8.9113 	EXP 	displayPicture: image = 'C:\\Users\\Employee\\Google Drive\\UP\\MyResearch\\TaskProgramming\\AB_pic\\resources\\showerhead01.jpg'
8.9280 	EXP 	polygon: opacity = 1.0
8.9280 	EXP 	displayPicture: image = 'C:\\Users\\Employee\\Google Drive\\UP\\MyResearch\\TaskProgramming\\AB_pic\\resources\\showerhead01.jpg'
8.9446 	EXP 	polygon: opacity = 1.0
8.9446 	EXP 	displayPicture: image = 'C:\\Users\\Employee\\Google Drive\\UP\\MyResearch\\TaskProgramming\\AB_pic\\resources\\showerhead01.jpg'
8.9613 	EXP 	polygon: opacity = 1.0
8.9613 	EXP 	displayPicture: image = 'C:\\Users\\Employee\\Google Drive\\UP\\MyResearch\\TaskProgramming\\AB_pic\\resources\\showerhead01.jpg'
8.9780 	EXP 	polygon: opacity = 0.0
8.9780 	EXP 	displayPicture: image = 'C:\\Users\\Employee\\Google Drive\\UP\\MyResearch\\TaskProgramming\\AB_pic\\resources\\foldingchair.jpg'
8.9946 	EXP 	polygon: opacity = 0.0
8.9946 	EXP 	displayPicture: image = 'C:\\Users\\Employee\\Google Drive\\UP\\MyResearch\\TaskProgramming\\AB_pic\\resources\\foldingchair.jpg'
9.0113 	EXP 	polygon: opacity = 0.0
9.0113 	EXP 	displayPicture: image = 'C:\\Users\\Employee\\Google Drive\\UP\\MyResearch\\TaskProgramming\\AB_pic\\resources\\foldingchair.jpg'
9.0279 	EXP 	polygon: opacity = 0.0
9.0279 	EXP 	displayPicture: image = 'C:\\Users\\Employee\\Google Drive\\UP\\MyResearch\\TaskProgramming\\AB_pic\\resources\\foldingchair.jpg'
9.0446 	EXP 	polygon: opacity = 0.0
9.0446 	EXP 	displayPicture: image = 'C:\\Users\\Employee\\Google Drive\\UP\\MyResearch\\TaskProgramming\\AB_pic\\resources\\foldingchair.jpg'
9.0613 	EXP 	polygon: opacity = 0.0
9.0613 	EXP 	displayPicture: image = 'C:\\Users\\Employee\\Google Drive\\UP\\MyResearch\\TaskProgramming\\AB_pic\\resources\\foldingchair.jpg'
9.0780 	EXP 	polygon: opacity = 0.0
9.0780 	EXP 	displayPicture: image = 'C:\\Users\\Employee\\Google Drive\\UP\\MyResearch\\TaskProgramming\\AB_pic\\resources\\foldingchair.jpg'
9.0946 	EXP 	polygon: opacity = 0.0
9.0946 	EXP 	displayPicture: image = 'C:\\Users\\Employee\\Google Drive\\UP\\MyResearch\\TaskProgramming\\AB_pic\\resources\\foldingchair.jpg'
9.1113 	EXP 	polygon: opacity = 0.0
9.1113 	EXP 	displayPicture: image = 'C:\\Users\\Employee\\Google Drive\\UP\\MyResearch\\TaskProgramming\\AB_pic\\resources\\foldingchair.jpg'
9.1279 	EXP 	polygon: opacity = 0.0
9.1279 	EXP 	displayPicture: image = 'C:\\Users\\Employee\\Google Drive\\UP\\MyResearch\\TaskProgramming\\AB_pic\\resources\\foldingchair.jpg'
9.1446 	EXP 	polygon: opacity = 0.0
9.1446 	EXP 	displayPicture: image = 'C:\\Users\\Employee\\Google Drive\\UP\\MyResearch\\TaskProgramming\\AB_pic\\resources\\foldingchair.jpg'
9.1613 	EXP 	polygon: opacity = 0.0
9.1613 	EXP 	displayPicture: image = 'C:\\Users\\Employee\\Google Drive\\UP\\MyResearch\\TaskProgramming\\AB_pic\\resources\\foldingchair.jpg'
9.1779 	EXP 	polygon: opacity = 0.0
9.1779 	EXP 	displayPicture: image = 'C:\\Users\\Employee\\Google Drive\\UP\\MyResearch\\TaskProgramming\\AB_pic\\resources\\foldingchair.jpg'
9.1946 	EXP 	polygon: opacity = 0.0
9.1946 	EXP 	displayPicture: image = 'C:\\Users\\Employee\\Google Drive\\UP\\MyResearch\\TaskProgramming\\AB_pic\\resources\\foldingchair.jpg'
9.2113 	EXP 	polygon: opacity = 0.0
9.2113 	EXP 	displayPicture: image = 'C:\\Users\\Employee\\Google Drive\\UP\\MyResearch\\TaskProgramming\\AB_pic\\resources\\foldingchair.jpg'
9.2279 	EXP 	polygon: opacity = 0.0
9.2279 	EXP 	displayPicture: image = 'C:\\Users\\Employee\\Google Drive\\UP\\MyResearch\\TaskProgramming\\AB_pic\\resources\\foldingchair.jpg'
9.2446 	EXP 	polygon: opacity = 0.0
9.2446 	EXP 	displayPicture: image = 'C:\\Users\\Employee\\Google Drive\\UP\\MyResearch\\TaskProgramming\\AB_pic\\resources\\foldingchair.jpg'
9.2613 	EXP 	polygon: opacity = 0.0
9.2613 	EXP 	displayPicture: image = 'C:\\Users\\Employee\\Google Drive\\UP\\MyResearch\\TaskProgramming\\AB_pic\\resources\\foldingchair.jpg'
9.2780 	EXP 	polygon: opacity = 0.0
9.2780 	EXP 	displayPicture: image = 'C:\\Users\\Employee\\Google Drive\\UP\\MyResearch\\TaskProgramming\\AB_pic\\resources\\foldingchair.jpg'
9.2946 	EXP 	polygon: opacity = 0.0
9.2946 	EXP 	displayPicture: image = 'C:\\Users\\Employee\\Google Drive\\UP\\MyResearch\\TaskProgramming\\AB_pic\\resources\\foldingchair.jpg'
9.3113 	EXP 	polygon: opacity = 0.0
9.3113 	EXP 	displayPicture: image = 'C:\\Users\\Employee\\Google Drive\\UP\\MyResearch\\TaskProgramming\\AB_pic\\resources\\foldingchair.jpg'
9.3280 	EXP 	polygon: opacity = 0.0
9.3280 	EXP 	displayPicture: image = 'C:\\Users\\Employee\\Google Drive\\UP\\MyResearch\\TaskProgramming\\AB_pic\\resources\\foldingchair.jpg'
9.3446 	EXP 	polygon: opacity = 0.0
9.3446 	EXP 	displayPicture: image = 'C:\\Users\\Employee\\Google Drive\\UP\\MyResearch\\TaskProgramming\\AB_pic\\resources\\foldingchair.jpg'
9.3613 	EXP 	polygon: opacity = 0.0
9.3613 	EXP 	displayPicture: image = 'C:\\Users\\Employee\\Google Drive\\UP\\MyResearch\\TaskProgramming\\AB_pic\\resources\\foldingchair.jpg'
9.3780 	EXP 	polygon: opacity = 0.0
9.3780 	EXP 	displayPicture: image = 'C:\\Users\\Employee\\Google Drive\\UP\\MyResearch\\TaskProgramming\\AB_pic\\resources\\cashregister01.jpg'
9.3946 	EXP 	polygon: opacity = 0.0
9.3946 	EXP 	displayPicture: image = 'C:\\Users\\Employee\\Google Drive\\UP\\MyResearch\\TaskProgramming\\AB_pic\\resources\\cashregister01.jpg'
9.4113 	EXP 	polygon: opacity = 0.0
9.4113 	EXP 	displayPicture: image = 'C:\\Users\\Employee\\Google Drive\\UP\\MyResearch\\TaskProgramming\\AB_pic\\resources\\cashregister01.jpg'
9.4280 	EXP 	polygon: opacity = 0.0
9.4280 	EXP 	displayPicture: image = 'C:\\Users\\Employee\\Google Drive\\UP\\MyResearch\\TaskProgramming\\AB_pic\\resources\\cashregister01.jpg'
9.4446 	EXP 	polygon: opacity = 0.0
9.4446 	EXP 	displayPicture: image = 'C:\\Users\\Employee\\Google Drive\\UP\\MyResearch\\TaskProgramming\\AB_pic\\resources\\cashregister01.jpg'
9.4613 	EXP 	polygon: opacity = 0.0
9.4613 	EXP 	displayPicture: image = 'C:\\Users\\Employee\\Google Drive\\UP\\MyResearch\\TaskProgramming\\AB_pic\\resources\\cashregister01.jpg'
9.4780 	EXP 	polygon: opacity = 0.0
9.4780 	EXP 	displayPicture: image = 'C:\\Users\\Employee\\Google Drive\\UP\\MyResearch\\TaskProgramming\\AB_pic\\resources\\cashregister01.jpg'
9.4946 	EXP 	polygon: opacity = 0.0
9.4946 	EXP 	displayPicture: image = 'C:\\Users\\Employee\\Google Drive\\UP\\MyResearch\\TaskProgramming\\AB_pic\\resources\\cashregister01.jpg'
9.5113 	EXP 	polygon: opacity = 0.0
9.5113 	EXP 	displayPicture: image = 'C:\\Users\\Employee\\Google Drive\\UP\\MyResearch\\TaskProgramming\\AB_pic\\resources\\cashregister01.jpg'
9.5280 	EXP 	polygon: opacity = 0.0
9.5280 	EXP 	displayPicture: image = 'C:\\Users\\Employee\\Google Drive\\UP\\MyResearch\\TaskProgramming\\AB_pic\\resources\\cashregister01.jpg'
9.5446 	EXP 	polygon: opacity = 0.0
9.5446 	EXP 	displayPicture: image = 'C:\\Users\\Employee\\Google Drive\\UP\\MyResearch\\TaskProgramming\\AB_pic\\resources\\cashregister01.jpg'
9.5613 	EXP 	polygon: opacity = 0.0
9.5613 	EXP 	displayPicture: image = 'C:\\Users\\Employee\\Google Drive\\UP\\MyResearch\\TaskProgramming\\AB_pic\\resources\\cashregister01.jpg'
9.5779 	EXP 	polygon: opacity = 0.0
9.5779 	EXP 	displayPicture: image = 'C:\\Users\\Employee\\Google Drive\\UP\\MyResearch\\TaskProgramming\\AB_pic\\resources\\cashregister01.jpg'
9.5946 	EXP 	polygon: opacity = 0.0
9.5946 	EXP 	displayPicture: image = 'C:\\Users\\Employee\\Google Drive\\UP\\MyResearch\\TaskProgramming\\AB_pic\\resources\\cashregister01.jpg'
9.6113 	EXP 	polygon: opacity = 0.0
9.6113 	EXP 	displayPicture: image = 'C:\\Users\\Employee\\Google Drive\\UP\\MyResearch\\TaskProgramming\\AB_pic\\resources\\cashregister01.jpg'
9.6280 	EXP 	polygon: opacity = 0.0
9.6280 	EXP 	displayPicture: image = 'C:\\Users\\Employee\\Google Drive\\UP\\MyResearch\\TaskProgramming\\AB_pic\\resources\\cashregister01.jpg'
9.6446 	EXP 	polygon: opacity = 0.0
9.6446 	EXP 	displayPicture: image = 'C:\\Users\\Employee\\Google Drive\\UP\\MyResearch\\TaskProgramming\\AB_pic\\resources\\cashregister01.jpg'
9.6613 	EXP 	polygon: opacity = 0.0
9.6613 	EXP 	displayPicture: image = 'C:\\Users\\Employee\\Google Drive\\UP\\MyResearch\\TaskProgramming\\AB_pic\\resources\\cashregister01.jpg'
9.6780 	EXP 	polygon: opacity = 0.0
9.6780 	EXP 	displayPicture: image = 'C:\\Users\\Employee\\Google Drive\\UP\\MyResearch\\TaskProgramming\\AB_pic\\resources\\cashregister01.jpg'
9.6946 	EXP 	polygon: opacity = 0.0
9.6946 	EXP 	displayPicture: image = 'C:\\Users\\Employee\\Google Drive\\UP\\MyResearch\\TaskProgramming\\AB_pic\\resources\\cashregister01.jpg'
9.7113 	EXP 	polygon: opacity = 0.0
9.7113 	EXP 	displayPicture: image = 'C:\\Users\\Employee\\Google Drive\\UP\\MyResearch\\TaskProgramming\\AB_pic\\resources\\cashregister01.jpg'
9.7279 	EXP 	polygon: opacity = 0.0
9.7279 	EXP 	displayPicture: image = 'C:\\Users\\Employee\\Google Drive\\UP\\MyResearch\\TaskProgramming\\AB_pic\\resources\\cashregister01.jpg'
9.7446 	EXP 	polygon: opacity = 0.0
9.7446 	EXP 	displayPicture: image = 'C:\\Users\\Employee\\Google Drive\\UP\\MyResearch\\TaskProgramming\\AB_pic\\resources\\cashregister01.jpg'
9.7613 	EXP 	polygon: opacity = 0.0
9.7613 	EXP 	displayPicture: image = 'C:\\Users\\Employee\\Google Drive\\UP\\MyResearch\\TaskProgramming\\AB_pic\\resources\\cashregister01.jpg'
9.7779 	EXP 	polygon: opacity = 0.0
9.7779 	EXP 	displayPicture: image = 'C:\\Users\\Employee\\Google Drive\\UP\\MyResearch\\TaskProgramming\\AB_pic\\resources\\shower.jpg'
9.7946 	EXP 	polygon: opacity = 0.0
9.7946 	EXP 	displayPicture: image = 'C:\\Users\\Employee\\Google Drive\\UP\\MyResearch\\TaskProgramming\\AB_pic\\resources\\shower.jpg'
9.8113 	EXP 	polygon: opacity = 0.0
9.8113 	EXP 	displayPicture: image = 'C:\\Users\\Employee\\Google Drive\\UP\\MyResearch\\TaskProgramming\\AB_pic\\resources\\shower.jpg'
9.8279 	EXP 	polygon: opacity = 0.0
9.8279 	EXP 	displayPicture: image = 'C:\\Users\\Employee\\Google Drive\\UP\\MyResearch\\TaskProgramming\\AB_pic\\resources\\shower.jpg'
9.8446 	EXP 	polygon: opacity = 0.0
9.8446 	EXP 	displayPicture: image = 'C:\\Users\\Employee\\Google Drive\\UP\\MyResearch\\TaskProgramming\\AB_pic\\resources\\shower.jpg'
9.8613 	EXP 	polygon: opacity = 0.0
9.8613 	EXP 	displayPicture: image = 'C:\\Users\\Employee\\Google Drive\\UP\\MyResearch\\TaskProgramming\\AB_pic\\resources\\shower.jpg'
9.8779 	EXP 	polygon: opacity = 0.0
9.8779 	EXP 	displayPicture: image = 'C:\\Users\\Employee\\Google Drive\\UP\\MyResearch\\TaskProgramming\\AB_pic\\resources\\shower.jpg'
9.8946 	EXP 	polygon: opacity = 0.0
9.8946 	EXP 	displayPicture: image = 'C:\\Users\\Employee\\Google Drive\\UP\\MyResearch\\TaskProgramming\\AB_pic\\resources\\shower.jpg'
9.9113 	EXP 	polygon: opacity = 0.0
9.9113 	EXP 	displayPicture: image = 'C:\\Users\\Employee\\Google Drive\\UP\\MyResearch\\TaskProgramming\\AB_pic\\resources\\shower.jpg'
9.9279 	EXP 	polygon: opacity = 0.0
9.9279 	EXP 	displayPicture: image = 'C:\\Users\\Employee\\Google Drive\\UP\\MyResearch\\TaskProgramming\\AB_pic\\resources\\shower.jpg'
9.9446 	EXP 	polygon: opacity = 0.0
9.9446 	EXP 	displayPicture: image = 'C:\\Users\\Employee\\Google Drive\\UP\\MyResearch\\TaskProgramming\\AB_pic\\resources\\shower.jpg'
9.9612 	EXP 	polygon: opacity = 0.0
9.9612 	EXP 	displayPicture: image = 'C:\\Users\\Employee\\Google Drive\\UP\\MyResearch\\TaskProgramming\\AB_pic\\resources\\shower.jpg'
9.9779 	EXP 	polygon: opacity = 0.0
9.9779 	EXP 	displayPicture: image = 'C:\\Users\\Employee\\Google Drive\\UP\\MyResearch\\TaskProgramming\\AB_pic\\resources\\shower.jpg'
9.9946 	EXP 	polygon: opacity = 0.0
9.9946 	EXP 	displayPicture: image = 'C:\\Users\\Employee\\Google Drive\\UP\\MyResearch\\TaskProgramming\\AB_pic\\resources\\shower.jpg'
10.0112 	EXP 	polygon: opacity = 0.0
10.0112 	EXP 	displayPicture: image = 'C:\\Users\\Employee\\Google Drive\\UP\\MyResearch\\TaskProgramming\\AB_pic\\resources\\shower.jpg'
10.0279 	EXP 	polygon: opacity = 0.0
10.0279 	EXP 	displayPicture: image = 'C:\\Users\\Employee\\Google Drive\\UP\\MyResearch\\TaskProgramming\\AB_pic\\resources\\shower.jpg'
10.0446 	EXP 	polygon: opacity = 0.0
10.0446 	EXP 	displayPicture: image = 'C:\\Users\\Employee\\Google Drive\\UP\\MyResearch\\TaskProgramming\\AB_pic\\resources\\shower.jpg'
10.0612 	EXP 	polygon: opacity = 0.0
10.0612 	EXP 	displayPicture: image = 'C:\\Users\\Employee\\Google Drive\\UP\\MyResearch\\TaskProgramming\\AB_pic\\resources\\shower.jpg'
10.0779 	EXP 	polygon: opacity = 0.0
10.0779 	EXP 	displayPicture: image = 'C:\\Users\\Employee\\Google Drive\\UP\\MyResearch\\TaskProgramming\\AB_pic\\resources\\shower.jpg'
10.0946 	EXP 	polygon: opacity = 0.0
10.0946 	EXP 	displayPicture: image = 'C:\\Users\\Employee\\Google Drive\\UP\\MyResearch\\TaskProgramming\\AB_pic\\resources\\shower.jpg'
10.1113 	EXP 	polygon: opacity = 0.0
10.1113 	EXP 	displayPicture: image = 'C:\\Users\\Employee\\Google Drive\\UP\\MyResearch\\TaskProgramming\\AB_pic\\resources\\shower.jpg'
10.1279 	EXP 	polygon: opacity = 0.0
10.1279 	EXP 	displayPicture: image = 'C:\\Users\\Employee\\Google Drive\\UP\\MyResearch\\TaskProgramming\\AB_pic\\resources\\shower.jpg'
10.1446 	EXP 	polygon: opacity = 0.0
10.1446 	EXP 	displayPicture: image = 'C:\\Users\\Employee\\Google Drive\\UP\\MyResearch\\TaskProgramming\\AB_pic\\resources\\shower.jpg'
10.1613 	EXP 	polygon: opacity = 0.0
10.1613 	EXP 	displayPicture: image = 'C:\\Users\\Employee\\Google Drive\\UP\\MyResearch\\TaskProgramming\\AB_pic\\resources\\shower.jpg'
10.1779 	EXP 	polygon: opacity = 0.0
10.1779 	EXP 	displayPicture: image = 'C:\\Users\\Employee\\Google Drive\\UP\\MyResearch\\TaskProgramming\\AB_pic\\resources\\sausage.jpg'
10.1946 	EXP 	polygon: opacity = 0.0
10.1946 	EXP 	displayPicture: image = 'C:\\Users\\Employee\\Google Drive\\UP\\MyResearch\\TaskProgramming\\AB_pic\\resources\\sausage.jpg'
10.2113 	EXP 	polygon: opacity = 0.0
10.2113 	EXP 	displayPicture: image = 'C:\\Users\\Employee\\Google Drive\\UP\\MyResearch\\TaskProgramming\\AB_pic\\resources\\sausage.jpg'
10.2279 	EXP 	polygon: opacity = 0.0
10.2279 	EXP 	displayPicture: image = 'C:\\Users\\Employee\\Google Drive\\UP\\MyResearch\\TaskProgramming\\AB_pic\\resources\\sausage.jpg'
10.2446 	EXP 	polygon: opacity = 0.0
10.2446 	EXP 	displayPicture: image = 'C:\\Users\\Employee\\Google Drive\\UP\\MyResearch\\TaskProgramming\\AB_pic\\resources\\sausage.jpg'
10.2612 	EXP 	polygon: opacity = 0.0
10.2612 	EXP 	displayPicture: image = 'C:\\Users\\Employee\\Google Drive\\UP\\MyResearch\\TaskProgramming\\AB_pic\\resources\\sausage.jpg'
10.2779 	EXP 	polygon: opacity = 0.0
10.2779 	EXP 	displayPicture: image = 'C:\\Users\\Employee\\Google Drive\\UP\\MyResearch\\TaskProgramming\\AB_pic\\resources\\sausage.jpg'
10.2946 	EXP 	polygon: opacity = 0.0
10.2946 	EXP 	displayPicture: image = 'C:\\Users\\Employee\\Google Drive\\UP\\MyResearch\\TaskProgramming\\AB_pic\\resources\\sausage.jpg'
10.3113 	EXP 	polygon: opacity = 0.0
10.3113 	EXP 	displayPicture: image = 'C:\\Users\\Employee\\Google Drive\\UP\\MyResearch\\TaskProgramming\\AB_pic\\resources\\sausage.jpg'
10.3279 	EXP 	polygon: opacity = 0.0
10.3279 	EXP 	displayPicture: image = 'C:\\Users\\Employee\\Google Drive\\UP\\MyResearch\\TaskProgramming\\AB_pic\\resources\\sausage.jpg'
10.3446 	EXP 	polygon: opacity = 0.0
10.3446 	EXP 	displayPicture: image = 'C:\\Users\\Employee\\Google Drive\\UP\\MyResearch\\TaskProgramming\\AB_pic\\resources\\sausage.jpg'
10.3612 	EXP 	polygon: opacity = 0.0
10.3612 	EXP 	displayPicture: image = 'C:\\Users\\Employee\\Google Drive\\UP\\MyResearch\\TaskProgramming\\AB_pic\\resources\\sausage.jpg'
10.3779 	EXP 	polygon: opacity = 0.0
10.3779 	EXP 	displayPicture: image = 'C:\\Users\\Employee\\Google Drive\\UP\\MyResearch\\TaskProgramming\\AB_pic\\resources\\sausage.jpg'
10.3946 	EXP 	polygon: opacity = 0.0
10.3946 	EXP 	displayPicture: image = 'C:\\Users\\Employee\\Google Drive\\UP\\MyResearch\\TaskProgramming\\AB_pic\\resources\\sausage.jpg'
10.4112 	EXP 	polygon: opacity = 0.0
10.4112 	EXP 	displayPicture: image = 'C:\\Users\\Employee\\Google Drive\\UP\\MyResearch\\TaskProgramming\\AB_pic\\resources\\sausage.jpg'
10.4279 	EXP 	polygon: opacity = 0.0
10.4279 	EXP 	displayPicture: image = 'C:\\Users\\Employee\\Google Drive\\UP\\MyResearch\\TaskProgramming\\AB_pic\\resources\\sausage.jpg'
10.4445 	EXP 	polygon: opacity = 0.0
10.4445 	EXP 	displayPicture: image = 'C:\\Users\\Employee\\Google Drive\\UP\\MyResearch\\TaskProgramming\\AB_pic\\resources\\sausage.jpg'
10.4613 	EXP 	polygon: opacity = 0.0
10.4613 	EXP 	displayPicture: image = 'C:\\Users\\Employee\\Google Drive\\UP\\MyResearch\\TaskProgramming\\AB_pic\\resources\\sausage.jpg'
10.4779 	EXP 	polygon: opacity = 0.0
10.4779 	EXP 	displayPicture: image = 'C:\\Users\\Employee\\Google Drive\\UP\\MyResearch\\TaskProgramming\\AB_pic\\resources\\sausage.jpg'
10.4946 	EXP 	polygon: opacity = 0.0
10.4946 	EXP 	displayPicture: image = 'C:\\Users\\Employee\\Google Drive\\UP\\MyResearch\\TaskProgramming\\AB_pic\\resources\\sausage.jpg'
10.5112 	EXP 	polygon: opacity = 0.0
10.5112 	EXP 	displayPicture: image = 'C:\\Users\\Employee\\Google Drive\\UP\\MyResearch\\TaskProgramming\\AB_pic\\resources\\sausage.jpg'
10.5279 	EXP 	polygon: opacity = 0.0
10.5279 	EXP 	displayPicture: image = 'C:\\Users\\Employee\\Google Drive\\UP\\MyResearch\\TaskProgramming\\AB_pic\\resources\\sausage.jpg'
10.5445 	EXP 	polygon: opacity = 0.0
10.5445 	EXP 	displayPicture: image = 'C:\\Users\\Employee\\Google Drive\\UP\\MyResearch\\TaskProgramming\\AB_pic\\resources\\sausage.jpg'
10.5612 	EXP 	polygon: opacity = 0.0
10.5612 	EXP 	displayPicture: image = 'C:\\Users\\Employee\\Google Drive\\UP\\MyResearch\\TaskProgramming\\AB_pic\\resources\\sausage.jpg'
10.5779 	EXP 	polygon: opacity = 0.0
10.5779 	EXP 	displayPicture: image = 'C:\\Users\\Employee\\Google Drive\\UP\\MyResearch\\TaskProgramming\\AB_pic\\resources\\chair.jpg'
10.5945 	EXP 	polygon: opacity = 0.0
10.5945 	EXP 	displayPicture: image = 'C:\\Users\\Employee\\Google Drive\\UP\\MyResearch\\TaskProgramming\\AB_pic\\resources\\chair.jpg'
10.6112 	EXP 	polygon: opacity = 0.0
10.6112 	EXP 	displayPicture: image = 'C:\\Users\\Employee\\Google Drive\\UP\\MyResearch\\TaskProgramming\\AB_pic\\resources\\chair.jpg'
10.6279 	EXP 	polygon: opacity = 0.0
10.6279 	EXP 	displayPicture: image = 'C:\\Users\\Employee\\Google Drive\\UP\\MyResearch\\TaskProgramming\\AB_pic\\resources\\chair.jpg'
10.6445 	EXP 	polygon: opacity = 0.0
10.6445 	EXP 	displayPicture: image = 'C:\\Users\\Employee\\Google Drive\\UP\\MyResearch\\TaskProgramming\\AB_pic\\resources\\chair.jpg'
10.6612 	EXP 	polygon: opacity = 0.0
10.6612 	EXP 	displayPicture: image = 'C:\\Users\\Employee\\Google Drive\\UP\\MyResearch\\TaskProgramming\\AB_pic\\resources\\chair.jpg'
10.6779 	EXP 	polygon: opacity = 0.0
10.6779 	EXP 	displayPicture: image = 'C:\\Users\\Employee\\Google Drive\\UP\\MyResearch\\TaskProgramming\\AB_pic\\resources\\chair.jpg'
10.6945 	EXP 	polygon: opacity = 0.0
10.6945 	EXP 	displayPicture: image = 'C:\\Users\\Employee\\Google Drive\\UP\\MyResearch\\TaskProgramming\\AB_pic\\resources\\chair.jpg'
10.7112 	EXP 	polygon: opacity = 0.0
10.7112 	EXP 	displayPicture: image = 'C:\\Users\\Employee\\Google Drive\\UP\\MyResearch\\TaskProgramming\\AB_pic\\resources\\chair.jpg'
10.7279 	EXP 	polygon: opacity = 0.0
10.7279 	EXP 	displayPicture: image = 'C:\\Users\\Employee\\Google Drive\\UP\\MyResearch\\TaskProgramming\\AB_pic\\resources\\chair.jpg'
10.7445 	EXP 	polygon: opacity = 0.0
10.7445 	EXP 	displayPicture: image = 'C:\\Users\\Employee\\Google Drive\\UP\\MyResearch\\TaskProgramming\\AB_pic\\resources\\chair.jpg'
10.7612 	EXP 	polygon: opacity = 0.0
10.7612 	EXP 	displayPicture: image = 'C:\\Users\\Employee\\Google Drive\\UP\\MyResearch\\TaskProgramming\\AB_pic\\resources\\chair.jpg'
10.7779 	EXP 	polygon: opacity = 0.0
10.7779 	EXP 	displayPicture: image = 'C:\\Users\\Employee\\Google Drive\\UP\\MyResearch\\TaskProgramming\\AB_pic\\resources\\chair.jpg'
10.7945 	EXP 	polygon: opacity = 0.0
10.7945 	EXP 	displayPicture: image = 'C:\\Users\\Employee\\Google Drive\\UP\\MyResearch\\TaskProgramming\\AB_pic\\resources\\chair.jpg'
10.8112 	EXP 	polygon: opacity = 0.0
10.8112 	EXP 	displayPicture: image = 'C:\\Users\\Employee\\Google Drive\\UP\\MyResearch\\TaskProgramming\\AB_pic\\resources\\chair.jpg'
10.8278 	EXP 	polygon: opacity = 0.0
10.8278 	EXP 	displayPicture: image = 'C:\\Users\\Employee\\Google Drive\\UP\\MyResearch\\TaskProgramming\\AB_pic\\resources\\chair.jpg'
10.8445 	EXP 	polygon: opacity = 0.0
10.8445 	EXP 	displayPicture: image = 'C:\\Users\\Employee\\Google Drive\\UP\\MyResearch\\TaskProgramming\\AB_pic\\resources\\chair.jpg'
10.8612 	EXP 	polygon: opacity = 0.0
10.8612 	EXP 	displayPicture: image = 'C:\\Users\\Employee\\Google Drive\\UP\\MyResearch\\TaskProgramming\\AB_pic\\resources\\chair.jpg'
10.8779 	EXP 	polygon: opacity = 0.0
10.8779 	EXP 	displayPicture: image = 'C:\\Users\\Employee\\Google Drive\\UP\\MyResearch\\TaskProgramming\\AB_pic\\resources\\chair.jpg'
10.8945 	EXP 	polygon: opacity = 0.0
10.8945 	EXP 	displayPicture: image = 'C:\\Users\\Employee\\Google Drive\\UP\\MyResearch\\TaskProgramming\\AB_pic\\resources\\chair.jpg'
10.9112 	EXP 	polygon: opacity = 0.0
10.9112 	EXP 	displayPicture: image = 'C:\\Users\\Employee\\Google Drive\\UP\\MyResearch\\TaskProgramming\\AB_pic\\resources\\chair.jpg'
10.9279 	EXP 	polygon: opacity = 0.0
10.9279 	EXP 	displayPicture: image = 'C:\\Users\\Employee\\Google Drive\\UP\\MyResearch\\TaskProgramming\\AB_pic\\resources\\chair.jpg'
10.9445 	EXP 	polygon: opacity = 0.0
10.9445 	EXP 	displayPicture: image = 'C:\\Users\\Employee\\Google Drive\\UP\\MyResearch\\TaskProgramming\\AB_pic\\resources\\chair.jpg'
10.9612 	EXP 	polygon: opacity = 0.0
10.9612 	EXP 	displayPicture: image = 'C:\\Users\\Employee\\Google Drive\\UP\\MyResearch\\TaskProgramming\\AB_pic\\resources\\chair.jpg'
10.9779 	EXP 	polygon: opacity = 0.0
10.9779 	EXP 	displayPicture: image = 'C:\\Users\\Employee\\Google Drive\\UP\\MyResearch\\TaskProgramming\\AB_pic\\resources\\bat.jpg'
10.9945 	EXP 	polygon: opacity = 0.0
10.9945 	EXP 	displayPicture: image = 'C:\\Users\\Employee\\Google Drive\\UP\\MyResearch\\TaskProgramming\\AB_pic\\resources\\bat.jpg'
11.0112 	EXP 	polygon: opacity = 0.0
11.0112 	EXP 	displayPicture: image = 'C:\\Users\\Employee\\Google Drive\\UP\\MyResearch\\TaskProgramming\\AB_pic\\resources\\bat.jpg'
11.0278 	EXP 	polygon: opacity = 0.0
11.0278 	EXP 	displayPicture: image = 'C:\\Users\\Employee\\Google Drive\\UP\\MyResearch\\TaskProgramming\\AB_pic\\resources\\bat.jpg'
11.0445 	EXP 	polygon: opacity = 0.0
11.0445 	EXP 	displayPicture: image = 'C:\\Users\\Employee\\Google Drive\\UP\\MyResearch\\TaskProgramming\\AB_pic\\resources\\bat.jpg'
11.0612 	EXP 	polygon: opacity = 0.0
11.0612 	EXP 	displayPicture: image = 'C:\\Users\\Employee\\Google Drive\\UP\\MyResearch\\TaskProgramming\\AB_pic\\resources\\bat.jpg'
11.0778 	EXP 	polygon: opacity = 0.0
11.0778 	EXP 	displayPicture: image = 'C:\\Users\\Employee\\Google Drive\\UP\\MyResearch\\TaskProgramming\\AB_pic\\resources\\bat.jpg'
11.0945 	EXP 	polygon: opacity = 0.0
11.0945 	EXP 	displayPicture: image = 'C:\\Users\\Employee\\Google Drive\\UP\\MyResearch\\TaskProgramming\\AB_pic\\resources\\bat.jpg'
11.1112 	EXP 	polygon: opacity = 0.0
11.1112 	EXP 	displayPicture: image = 'C:\\Users\\Employee\\Google Drive\\UP\\MyResearch\\TaskProgramming\\AB_pic\\resources\\bat.jpg'
11.1278 	EXP 	polygon: opacity = 0.0
11.1278 	EXP 	displayPicture: image = 'C:\\Users\\Employee\\Google Drive\\UP\\MyResearch\\TaskProgramming\\AB_pic\\resources\\bat.jpg'
11.1445 	EXP 	polygon: opacity = 0.0
11.1445 	EXP 	displayPicture: image = 'C:\\Users\\Employee\\Google Drive\\UP\\MyResearch\\TaskProgramming\\AB_pic\\resources\\bat.jpg'
11.1612 	EXP 	polygon: opacity = 0.0
11.1612 	EXP 	displayPicture: image = 'C:\\Users\\Employee\\Google Drive\\UP\\MyResearch\\TaskProgramming\\AB_pic\\resources\\bat.jpg'
11.1779 	EXP 	polygon: opacity = 0.0
11.1779 	EXP 	displayPicture: image = 'C:\\Users\\Employee\\Google Drive\\UP\\MyResearch\\TaskProgramming\\AB_pic\\resources\\bat.jpg'
11.1945 	EXP 	polygon: opacity = 0.0
11.1945 	EXP 	displayPicture: image = 'C:\\Users\\Employee\\Google Drive\\UP\\MyResearch\\TaskProgramming\\AB_pic\\resources\\bat.jpg'
11.2112 	EXP 	polygon: opacity = 0.0
11.2112 	EXP 	displayPicture: image = 'C:\\Users\\Employee\\Google Drive\\UP\\MyResearch\\TaskProgramming\\AB_pic\\resources\\bat.jpg'
11.2278 	EXP 	polygon: opacity = 0.0
11.2278 	EXP 	displayPicture: image = 'C:\\Users\\Employee\\Google Drive\\UP\\MyResearch\\TaskProgramming\\AB_pic\\resources\\bat.jpg'
11.2445 	EXP 	polygon: opacity = 0.0
11.2445 	EXP 	displayPicture: image = 'C:\\Users\\Employee\\Google Drive\\UP\\MyResearch\\TaskProgramming\\AB_pic\\resources\\bat.jpg'
11.2612 	EXP 	polygon: opacity = 0.0
11.2612 	EXP 	displayPicture: image = 'C:\\Users\\Employee\\Google Drive\\UP\\MyResearch\\TaskProgramming\\AB_pic\\resources\\bat.jpg'
11.2778 	EXP 	polygon: opacity = 0.0
11.2778 	EXP 	displayPicture: image = 'C:\\Users\\Employee\\Google Drive\\UP\\MyResearch\\TaskProgramming\\AB_pic\\resources\\bat.jpg'
11.2945 	EXP 	polygon: opacity = 0.0
11.2945 	EXP 	displayPicture: image = 'C:\\Users\\Employee\\Google Drive\\UP\\MyResearch\\TaskProgramming\\AB_pic\\resources\\bat.jpg'
11.3112 	EXP 	polygon: opacity = 0.0
11.3112 	EXP 	displayPicture: image = 'C:\\Users\\Employee\\Google Drive\\UP\\MyResearch\\TaskProgramming\\AB_pic\\resources\\bat.jpg'
11.3278 	EXP 	polygon: opacity = 0.0
11.3278 	EXP 	displayPicture: image = 'C:\\Users\\Employee\\Google Drive\\UP\\MyResearch\\TaskProgramming\\AB_pic\\resources\\bat.jpg'
11.3445 	EXP 	polygon: opacity = 0.0
11.3445 	EXP 	displayPicture: image = 'C:\\Users\\Employee\\Google Drive\\UP\\MyResearch\\TaskProgramming\\AB_pic\\resources\\bat.jpg'
11.3612 	EXP 	polygon: opacity = 0.0
11.3612 	EXP 	displayPicture: image = 'C:\\Users\\Employee\\Google Drive\\UP\\MyResearch\\TaskProgramming\\AB_pic\\resources\\bat.jpg'
11.3945 	EXP 	polygon: opacity = 0.0
11.3945 	EXP 	displayPicture: image = 'C:\\Users\\Employee\\Google Drive\\UP\\MyResearch\\TaskProgramming\\AB_pic\\resources\\bat.jpg'
11.3945 	EXP 	polygon: autoDraw = False
11.3945 	EXP 	displayPicture: autoDraw = False
11.3945 	EXP 	option1_t1: image = 'C:\\Users\\Employee\\Google Drive\\UP\\MyResearch\\TaskProgramming\\AB_pic\\resources\\dragonfly01.jpg'
11.3945 	EXP 	option2_t1: image = 'C:\\Users\\Employee\\Google Drive\\UP\\MyResearch\\TaskProgramming\\AB_pic\\resources\\acousticguitar02.jpg'
11.3945 	EXP 	option1_t1: autoDraw = True
11.3945 	EXP 	option2_t1: autoDraw = True
16.2822 	DATA 	Keypress: escape
16.4239 	EXP 	window1: mouseVisible = True
