0.8497 	WARNING 	We strongly recommend you activate the PTB sound engine in PsychoPy prefs as the preferred audio engine. Its timing is vastly superior. Your prefs are currently set to use ['sounddevice', 'PTB', 'pyo', 'pygame'] (in that order).
4.7482 	WARNING 	User requested fullscreen with size [1024  768], but screen is actually [1920, 1080]. Using actual size
5.6402 	EXP 	Created window1 = Window(allowGUI=False, allowStencil=False, args=UNKNOWN, autoLog=True, bitsMode=UNKNOWN, blendMode='avg', bpc=(8, 8, 8), color=array([0., 0., 0.]), colorSpace='rgb', depthBits=8, fullscr=<method-wrapper '__getattribute__' of attributeSetter object at 0x00000180D60EBF28>, gamma=None, gammaErrorPolicy='raise', kwargs=UNKNOWN, lms=UNKNOWN, monitor=<psychopy.monitors.calibTools.Monitor object at 0x00000180D5E43588>, multiSample=False, name='window1', numSamples=2, pos=[0.0, 0.0], screen=0, size=array([1920, 1080]), stencilBits=0, stereo=False, units='height', useFBO=True, useRetina=False, viewOri=0.0, viewPos=None, viewScale=None, waitBlanking=True, winType='pyglet')
5.6405 	EXP 	window1: mouseVisible = True
5.6406 	EXP 	window1: recordFrameIntervals = False
5.8065 	EXP 	window1: recordFrameIntervals = True
5.9899 	EXP 	window1: recordFrameIntervals = False
6.1744 	EXP 	Created text_3 = TextStim(__class__=<class 'psychopy.visual.text.TextStim'>, alignHoriz=method-wrapper(...), alignText='center', alignVert=method-wrapper(...), anchorHoriz='center', anchorVert='center', antialias=True, autoLog=True, bold=False, color='white', colorSpace='named', contrast=1.0, depth=0.0, flipHoriz=False, flipVert=False, font='Arial', fontFiles=[], height=0.05, italic=False, languageStyle='LTR', name='text_3', opacity=1.0, ori=0, pos=array([0., 0.]), rgb=array([255., 255., 255.]), text=str(...), units='height', win=Window(...), wrapWidth=1.5)
6.1788 	EXP 	Created option1 = ImageStim(__class__=<class 'psychopy.visual.image.ImageStim'>, autoLog=True, color=array([1., 1., 1.]), colorSpace='rgb', contrast=1.0, depth=-1.0, flipHoriz=False, flipVert=False, image='sin', interpolate=True, mask=None, maskParams=None, name='option1', opacity=1.0, ori=0.0, pos=array([-0.3,  0. ]), size=array([0.25, 0.25]), texRes=128, units='height', win=Window(...))
6.1811 	EXP 	Created option2 = ImageStim(__class__=<class 'psychopy.visual.image.ImageStim'>, autoLog=True, color=array([1., 1., 1.]), colorSpace='rgb', contrast=1.0, depth=-2.0, flipHoriz=False, flipVert=False, image='sin', interpolate=True, mask=None, maskParams=None, name='option2', opacity=1.0, ori=0.0, pos=array([0.3, 0. ]), size=array([0.25, 0.25]), texRes=128, units='height', win=Window(...))
6.1895 	EXP 	Created text_2 = TextStim(__class__=<class 'psychopy.visual.text.TextStim'>, alignHoriz=method-wrapper(...), alignText='center', alignVert=method-wrapper(...), anchorHoriz='center', anchorVert='center', antialias=True, autoLog=True, bold=False, color='white', colorSpace='named', contrast=1.0, depth=-3.0, flipHoriz=False, flipVert=False, font='Arial', fontFiles=[], height=0.1, italic=False, languageStyle='LTR', name='text_2', opacity=1.0, ori=0, pos=array([0., 0.]), rgb=array([255., 255., 255.]), text='+', units='height', win=Window(...), wrapWidth=1)
6.1920 	EXP 	Created displayPicture = ImageStim(__class__=<class 'psychopy.visual.image.ImageStim'>, autoLog=True, color=array([1., 1., 1.]), colorSpace='rgb', contrast=1.0, depth=-6.0, flipHoriz=False, flipVert=False, image='sin', interpolate=True, mask=None, maskParams=None, name='displayPicture', opacity=1.0, ori=0.0, pos=array([0., 0.]), size=array([0.25, 0.25]), texRes=128, units='height', win=Window(...))
6.1932 	EXP 	Created polygon_2 = Rect(__class__=<class 'psychopy.visual.rect.Rect'>, autoDraw=False, autoLog=True, closeShape=True, color=method-wrapper(...), colorSpace=None, contrast=1.0, depth=-7.0, fillColor=array([1., 1., 1.]), fillColorSpace='rgb', fillRGB=array([1., 1., 1.]), interpolate=True, lineColor=array([1., 1., 1.]), lineColorSpace='rgb', lineRGB=array([1., 1., 1.]), lineWidth=0, name='polygon_2', opacity=1.0, ori=array(0.), pos=array([0., 0.]), size=array([0.25, 0.25]), units='height', vertices=ndarray(...), win=Window(...))
6.1947 	EXP 	Created polygon_4 = ShapeStim(__class__=<class 'psychopy.visual.shape.ShapeStim'>, autoDraw=False, autoLog=True, closeShape=True, contrast=1.0, depth=0.0, fillColor=array([1., 0., 0.]), fillColorSpace='rgb', interpolate=True, lineColor=array([1., 1., 1.]), lineColorSpace='rgb', lineWidth=1, name='polygon_4', opacity=1.0, ori=array(0.), pos=array([0., 0.]), size=array([1., 1.]), units='height', vertices=ndarray(...), win=Window(...), windingRule=None)
6.1970 	EXP 	Created option1_t1 = ImageStim(__class__=<class 'psychopy.visual.image.ImageStim'>, autoLog=True, color=array([1., 1., 1.]), colorSpace='rgb', contrast=1.0, depth=-2.0, flipHoriz=False, flipVert=False, image='sin', interpolate=True, mask=None, maskParams=None, name='option1_t1', opacity=1.0, ori=0.0, pos=array([0., 0.]), size=array([0.25, 0.25]), texRes=128, units='height', win=Window(...))
6.1988 	EXP 	Created polygon_5 = ShapeStim(__class__=<class 'psychopy.visual.shape.ShapeStim'>, autoDraw=False, autoLog=True, closeShape=True, contrast=1.0, depth=0.0, fillColor=array([0., 0., 1.]), fillColorSpace='rgb', interpolate=True, lineColor=array([1., 1., 1.]), lineColorSpace='rgb', lineWidth=1, name='polygon_5', opacity=1.0, ori=array(0.), pos=array([0., 0.]), size=array([0.7, 0.7]), units='height', vertices=ndarray(...), win=Window(...), windingRule=None)
6.2011 	EXP 	Created option1_t2 = ImageStim(__class__=<class 'psychopy.visual.image.ImageStim'>, autoLog=True, color=array([1., 1., 1.]), colorSpace='rgb', contrast=1.0, depth=-2.0, flipHoriz=False, flipVert=False, image='sin', interpolate=True, mask=None, maskParams=None, name='option1_t2', opacity=1.0, ori=0.0, pos=array([0., 0.]), size=array([0.25, 0.25]), texRes=128, units='height', win=Window(...))
6.2152 	EXP 	Created feedbackText = TextStim(__class__=<class 'psychopy.visual.text.TextStim'>, alignHoriz=method-wrapper(...), alignText='center', alignVert=method-wrapper(...), anchorHoriz='center', anchorVert='center', antialias=True, autoLog=True, bold=False, color='white', colorSpace='named', contrast=1.0, depth=-1.0, flipHoriz=False, flipVert=False, font='Arial', fontFiles=[], height=0.1, italic=False, languageStyle='LTR', name='feedbackText', opacity=1.0, ori=0, pos=array([0., 0.]), rgb=array([255., 255., 255.]), text='default text', units='height', win=Window(...), wrapWidth=1)
6.2179 	EXP 	Created text = TextStim(__class__=<class 'psychopy.visual.text.TextStim'>, alignHoriz=method-wrapper(...), alignText='center', alignVert=method-wrapper(...), anchorHoriz='center', anchorVert='center', antialias=True, autoLog=True, bold=False, color='white', colorSpace='named', contrast=1.0, depth=-3.0, flipHoriz=False, flipVert=False, font='Arial', fontFiles=[], height=0.1, italic=False, languageStyle='LTR', name='text', opacity=1.0, ori=0, pos=array([0., 0.]), rgb=array([255., 255., 255.]), text='default text', units='height', win=Window(...), wrapWidth=1)
6.2447 	EXP 	Created text_4 = TextStim(__class__=<class 'psychopy.visual.text.TextStim'>, alignHoriz=method-wrapper(...), alignText='center', alignVert=method-wrapper(...), anchorHoriz='center', anchorVert='center', antialias=True, autoLog=True, bold=False, color='white', colorSpace='named', contrast=1.0, depth=0.0, flipHoriz=False, flipVert=False, font='Arial', fontFiles=[], height=0.05, italic=False, languageStyle='LTR', name='text_4', opacity=1.0, ori=0, pos=array([0., 0.]), rgb=array([255., 255., 255.]), text=str(...), units='height', win=Window(...), wrapWidth=1.5)
6.2474 	EXP 	Created option1_2 = ImageStim(__class__=<class 'psychopy.visual.image.ImageStim'>, autoLog=True, color=array([1., 1., 1.]), colorSpace='rgb', contrast=1.0, depth=-1.0, flipHoriz=False, flipVert=False, image='sin', interpolate=True, mask=None, maskParams=None, name='option1_2', opacity=1.0, ori=0.0, pos=array([-0.3,  0. ]), size=array([0.25, 0.25]), texRes=128, units='height', win=Window(...))
6.2502 	EXP 	Created option2_2 = ImageStim(__class__=<class 'psychopy.visual.image.ImageStim'>, autoLog=True, color=array([1., 1., 1.]), colorSpace='rgb', contrast=1.0, depth=-2.0, flipHoriz=False, flipVert=False, image='sin', interpolate=True, mask=None, maskParams=None, name='option2_2', opacity=1.0, ori=0.0, pos=array([0.3, 0. ]), size=array([0.25, 0.25]), texRes=128, units='height', win=Window(...))
6.2518 	EXP 	Created text_5 = TextStim(__class__=<class 'psychopy.visual.text.TextStim'>, alignHoriz=method-wrapper(...), alignText='center', alignVert=method-wrapper(...), anchorHoriz='center', anchorVert='center', antialias=True, autoLog=True, bold=False, color='white', colorSpace='named', contrast=1.0, depth=-3.0, flipHoriz=False, flipVert=False, font='Arial', fontFiles=[], height=0.1, italic=False, languageStyle='LTR', name='text_5', opacity=1.0, ori=0, pos=array([0., 0.]), rgb=array([255., 255., 255.]), text='+', units='height', win=Window(...), wrapWidth=1)
6.2541 	EXP 	Created displayPicture_2 = ImageStim(__class__=<class 'psychopy.visual.image.ImageStim'>, autoLog=True, color=array([1., 1., 1.]), colorSpace='rgb', contrast=1.0, depth=-6.0, flipHoriz=False, flipVert=False, image='sin', interpolate=True, mask=None, maskParams=None, name='displayPicture_2', opacity=1.0, ori=0.0, pos=array([0., 0.]), size=array([0.25, 0.25]), texRes=128, units='height', win=Window(...))
6.2555 	EXP 	Created polygon_10 = Rect(__class__=<class 'psychopy.visual.rect.Rect'>, autoDraw=False, autoLog=True, closeShape=True, color=method-wrapper(...), colorSpace=None, contrast=1.0, depth=-7.0, fillColor=array([1., 1., 1.]), fillColorSpace='rgb', fillRGB=array([1., 1., 1.]), interpolate=True, lineColor=array([1., 1., 1.]), lineColorSpace='rgb', lineRGB=array([1., 1., 1.]), lineWidth=0, name='polygon_10', opacity=1.0, ori=array(0.), pos=array([0., 0.]), size=array([0.25, 0.25]), units='height', vertices=ndarray(...), win=Window(...))
6.2571 	EXP 	Created polygon_7 = ShapeStim(__class__=<class 'psychopy.visual.shape.ShapeStim'>, autoDraw=False, autoLog=True, closeShape=True, contrast=1.0, depth=0.0, fillColor=array([1., 0., 0.]), fillColorSpace='rgb', interpolate=True, lineColor=array([1., 1., 1.]), lineColorSpace='rgb', lineWidth=1, name='polygon_7', opacity=1.0, ori=array(0.), pos=array([0., 0.]), size=array([1., 1.]), units='height', vertices=ndarray(...), win=Window(...), windingRule=None)
6.2594 	EXP 	Created option1_t1_2 = ImageStim(__class__=<class 'psychopy.visual.image.ImageStim'>, autoLog=True, color=array([1., 1., 1.]), colorSpace='rgb', contrast=1.0, depth=-2.0, flipHoriz=False, flipVert=False, image='sin', interpolate=True, mask=None, maskParams=None, name='option1_t1_2', opacity=1.0, ori=0.0, pos=array([0., 0.]), size=array([0.25, 0.25]), texRes=128, units='height', win=Window(...))
6.2610 	EXP 	Created polygon_6 = ShapeStim(__class__=<class 'psychopy.visual.shape.ShapeStim'>, autoDraw=False, autoLog=True, closeShape=True, contrast=1.0, depth=0.0, fillColor=array([0., 0., 1.]), fillColorSpace='rgb', interpolate=True, lineColor=array([1., 1., 1.]), lineColorSpace='rgb', lineWidth=1, name='polygon_6', opacity=1.0, ori=array(0.), pos=array([0., 0.]), size=array([0.7, 0.7]), units='height', vertices=ndarray(...), win=Window(...), windingRule=None)
6.2632 	EXP 	Created option1_t2_2 = ImageStim(__class__=<class 'psychopy.visual.image.ImageStim'>, autoLog=True, color=array([1., 1., 1.]), colorSpace='rgb', contrast=1.0, depth=-2.0, flipHoriz=False, flipVert=False, image='sin', interpolate=True, mask=None, maskParams=None, name='option1_t2_2', opacity=1.0, ori=0.0, pos=array([0., 0.]), size=array([0.25, 0.25]), texRes=128, units='height', win=Window(...))
6.2661 	EXP 	Created text = TextStim(__class__=<class 'psychopy.visual.text.TextStim'>, alignHoriz=method-wrapper(...), alignText='center', alignVert=method-wrapper(...), anchorHoriz='center', anchorVert='center', antialias=True, autoLog=True, bold=False, color='white', colorSpace='named', contrast=1.0, depth=-3.0, flipHoriz=False, flipVert=False, font='Arial', fontFiles=[], height=0.1, italic=False, languageStyle='LTR', name='text', opacity=1.0, ori=0, pos=array([0., 0.]), rgb=array([255., 255., 255.]), text='default text', units='height', win=Window(...), wrapWidth=1)
6.3583 	EXP 	text_3: autoDraw = True
7.7524 	EXP 	Imported conditionAB.xlsx as conditions, 1 conditions, 8 params
7.7527 	EXP 	Created sequence: random, trialTypes=1, nReps=1, seed=None
7.7529 	EXP 	New trial (rep=0, index=0): OrderedDict([('trialType', 'AB'), ('cndTyp', 'lag6'), ('lag', 6), ('T1_loc', 5), ('T2_loc', 11), ('stimLen', 0.2), ('isi', 0.05), ('skipProb', 0.5)])
7.7800 	DATA 	Keypress: space
7.7894 	EXP 	text_3: autoDraw = False
7.7894 	EXP 	option1: image = '.\\resources\\badmintonracket.jpg'
7.7894 	EXP 	option2: image = '.\\resources\\leafblower01.jpg'
7.7894 	EXP 	option1: autoDraw = True
7.7894 	EXP 	option2: autoDraw = True
10.2728 	EXP 	text_2: autoDraw = True
10.5394 	EXP 	option1: autoDraw = False
10.5394 	EXP 	option2: autoDraw = False
10.7561 	EXP 	option1: autoDraw = False
10.7561 	EXP 	option2: autoDraw = False
10.7561 	EXP 	text_2: autoDraw = False
10.7561 	EXP 	displayPicture: autoDraw = True
10.7561 	EXP 	displayPicture: image = '.\\resources\\apron.jpg'
10.7561 	EXP 	polygon_2: autoDraw = True
10.7561 	EXP 	polygon_2: opacity = 0.0
10.7561 	EXP 	polygon_2: fillColor = '[1. 1. 1.] (rgb)'
10.7728 	EXP 	displayPicture: image = '.\\resources\\apron.jpg'
10.7728 	EXP 	polygon_2: opacity = 0.0
10.7728 	EXP 	polygon_2: fillColor = '[1. 1. 1.] (rgb)'
10.7894 	EXP 	displayPicture: image = '.\\resources\\apron.jpg'
10.7894 	EXP 	polygon_2: opacity = 0.0
10.7894 	EXP 	polygon_2: fillColor = '[1. 1. 1.] (rgb)'
10.8061 	EXP 	displayPicture: image = '.\\resources\\apron.jpg'
10.8061 	EXP 	polygon_2: opacity = 0.0
10.8061 	EXP 	polygon_2: fillColor = '[1. 1. 1.] (rgb)'
10.8228 	EXP 	displayPicture: image = '.\\resources\\apron.jpg'
10.8228 	EXP 	polygon_2: opacity = 0.0
10.8228 	EXP 	polygon_2: fillColor = '[1. 1. 1.] (rgb)'
10.8394 	EXP 	displayPicture: image = '.\\resources\\apron.jpg'
10.8394 	EXP 	polygon_2: opacity = 0.0
10.8394 	EXP 	polygon_2: fillColor = '[1. 1. 1.] (rgb)'
10.8561 	EXP 	displayPicture: image = '.\\resources\\apron.jpg'
10.8561 	EXP 	polygon_2: opacity = 0.0
10.8561 	EXP 	polygon_2: fillColor = '[1. 1. 1.] (rgb)'
10.8727 	EXP 	displayPicture: image = '.\\resources\\apron.jpg'
10.8727 	EXP 	polygon_2: opacity = 0.0
10.8727 	EXP 	polygon_2: fillColor = '[1. 1. 1.] (rgb)'
10.8894 	EXP 	displayPicture: image = '.\\resources\\apron.jpg'
10.8894 	EXP 	polygon_2: opacity = 0.0
10.8894 	EXP 	polygon_2: fillColor = '[1. 1. 1.] (rgb)'
10.9061 	EXP 	displayPicture: image = '.\\resources\\apron.jpg'
10.9061 	EXP 	polygon_2: opacity = 0.0
10.9061 	EXP 	polygon_2: fillColor = '[1. 1. 1.] (rgb)'
10.9228 	EXP 	displayPicture: image = '.\\resources\\apron.jpg'
10.9228 	EXP 	polygon_2: opacity = 0.0
10.9228 	EXP 	polygon_2: fillColor = '[1. 1. 1.] (rgb)'
10.9394 	EXP 	displayPicture: image = '.\\resources\\apron.jpg'
10.9394 	EXP 	polygon_2: opacity = 0.0
10.9394 	EXP 	polygon_2: fillColor = '[1. 1. 1.] (rgb)'
10.9561 	EXP 	displayPicture: image = '.\\resources\\apron.jpg'
10.9561 	EXP 	polygon_2: opacity = 1.0
10.9561 	EXP 	polygon_2: fillColor = '[1. 1. 1.] (rgb)'
10.9728 	EXP 	displayPicture: image = '.\\resources\\apron.jpg'
10.9728 	EXP 	polygon_2: opacity = 1.0
10.9728 	EXP 	polygon_2: fillColor = '[1. 1. 1.] (rgb)'
10.9894 	EXP 	displayPicture: image = '.\\resources\\apron.jpg'
10.9894 	EXP 	polygon_2: opacity = 1.0
10.9894 	EXP 	polygon_2: fillColor = '[1. 1. 1.] (rgb)'
11.0061 	EXP 	displayPicture: image = '.\\resources\\stubbywrench01a.jpg'
11.0061 	EXP 	polygon_2: opacity = 0.0
11.0061 	EXP 	polygon_2: fillColor = '[1. 1. 1.] (rgb)'
11.0227 	EXP 	displayPicture: image = '.\\resources\\stubbywrench01a.jpg'
11.0227 	EXP 	polygon_2: opacity = 0.0
11.0227 	EXP 	polygon_2: fillColor = '[1. 1. 1.] (rgb)'
11.0394 	EXP 	displayPicture: image = '.\\resources\\stubbywrench01a.jpg'
11.0394 	EXP 	polygon_2: opacity = 0.0
11.0394 	EXP 	polygon_2: fillColor = '[1. 1. 1.] (rgb)'
11.0561 	EXP 	displayPicture: image = '.\\resources\\stubbywrench01a.jpg'
11.0561 	EXP 	polygon_2: opacity = 0.0
11.0561 	EXP 	polygon_2: fillColor = '[1. 1. 1.] (rgb)'
11.0727 	EXP 	displayPicture: image = '.\\resources\\stubbywrench01a.jpg'
11.0727 	EXP 	polygon_2: opacity = 0.0
11.0727 	EXP 	polygon_2: fillColor = '[1. 1. 1.] (rgb)'
11.0894 	EXP 	displayPicture: image = '.\\resources\\stubbywrench01a.jpg'
11.0894 	EXP 	polygon_2: opacity = 0.0
11.0894 	EXP 	polygon_2: fillColor = '[1. 1. 1.] (rgb)'
11.1061 	EXP 	displayPicture: image = '.\\resources\\stubbywrench01a.jpg'
11.1061 	EXP 	polygon_2: opacity = 0.0
11.1061 	EXP 	polygon_2: fillColor = '[1. 1. 1.] (rgb)'
11.1227 	EXP 	displayPicture: image = '.\\resources\\stubbywrench01a.jpg'
11.1227 	EXP 	polygon_2: opacity = 0.0
11.1227 	EXP 	polygon_2: fillColor = '[1. 1. 1.] (rgb)'
11.1394 	EXP 	displayPicture: image = '.\\resources\\stubbywrench01a.jpg'
11.1394 	EXP 	polygon_2: opacity = 0.0
11.1394 	EXP 	polygon_2: fillColor = '[1. 1. 1.] (rgb)'
11.1560 	EXP 	displayPicture: image = '.\\resources\\stubbywrench01a.jpg'
11.1560 	EXP 	polygon_2: opacity = 0.0
11.1560 	EXP 	polygon_2: fillColor = '[1. 1. 1.] (rgb)'
11.1728 	EXP 	displayPicture: image = '.\\resources\\stubbywrench01a.jpg'
11.1728 	EXP 	polygon_2: opacity = 0.0
11.1728 	EXP 	polygon_2: fillColor = '[1. 1. 1.] (rgb)'
11.1894 	EXP 	displayPicture: image = '.\\resources\\stubbywrench01a.jpg'
11.1894 	EXP 	polygon_2: opacity = 0.0
11.1894 	EXP 	polygon_2: fillColor = '[1. 1. 1.] (rgb)'
11.2060 	EXP 	displayPicture: image = '.\\resources\\stubbywrench01a.jpg'
11.2060 	EXP 	polygon_2: opacity = 1.0
11.2060 	EXP 	polygon_2: fillColor = '[1. 1. 1.] (rgb)'
11.2227 	EXP 	displayPicture: image = '.\\resources\\stubbywrench01a.jpg'
11.2227 	EXP 	polygon_2: opacity = 1.0
11.2227 	EXP 	polygon_2: fillColor = '[1. 1. 1.] (rgb)'
11.2394 	EXP 	displayPicture: image = '.\\resources\\stubbywrench01a.jpg'
11.2394 	EXP 	polygon_2: opacity = 1.0
11.2394 	EXP 	polygon_2: fillColor = '[1. 1. 1.] (rgb)'
11.2561 	EXP 	displayPicture: image = '.\\resources\\vulture.jpg'
11.2561 	EXP 	polygon_2: opacity = 0.0
11.2561 	EXP 	polygon_2: fillColor = '[1. 1. 1.] (rgb)'
11.2727 	EXP 	displayPicture: image = '.\\resources\\vulture.jpg'
11.2727 	EXP 	polygon_2: opacity = 0.0
11.2727 	EXP 	polygon_2: fillColor = '[1. 1. 1.] (rgb)'
11.2896 	EXP 	displayPicture: image = '.\\resources\\vulture.jpg'
11.2896 	EXP 	polygon_2: opacity = 0.0
11.2896 	EXP 	polygon_2: fillColor = '[1. 1. 1.] (rgb)'
11.3061 	EXP 	displayPicture: image = '.\\resources\\vulture.jpg'
11.3061 	EXP 	polygon_2: opacity = 0.0
11.3061 	EXP 	polygon_2: fillColor = '[1. 1. 1.] (rgb)'
11.3228 	EXP 	displayPicture: image = '.\\resources\\vulture.jpg'
11.3228 	EXP 	polygon_2: opacity = 0.0
11.3228 	EXP 	polygon_2: fillColor = '[1. 1. 1.] (rgb)'
11.3394 	EXP 	displayPicture: image = '.\\resources\\vulture.jpg'
11.3394 	EXP 	polygon_2: opacity = 0.0
11.3394 	EXP 	polygon_2: fillColor = '[1. 1. 1.] (rgb)'
11.3561 	EXP 	displayPicture: image = '.\\resources\\vulture.jpg'
11.3561 	EXP 	polygon_2: opacity = 0.0
11.3561 	EXP 	polygon_2: fillColor = '[1. 1. 1.] (rgb)'
11.3727 	EXP 	displayPicture: image = '.\\resources\\vulture.jpg'
11.3727 	EXP 	polygon_2: opacity = 0.0
11.3727 	EXP 	polygon_2: fillColor = '[1. 1. 1.] (rgb)'
11.3894 	EXP 	displayPicture: image = '.\\resources\\vulture.jpg'
11.3894 	EXP 	polygon_2: opacity = 0.0
11.3894 	EXP 	polygon_2: fillColor = '[1. 1. 1.] (rgb)'
11.4061 	EXP 	displayPicture: image = '.\\resources\\vulture.jpg'
11.4061 	EXP 	polygon_2: opacity = 0.0
11.4061 	EXP 	polygon_2: fillColor = '[1. 1. 1.] (rgb)'
11.4227 	EXP 	displayPicture: image = '.\\resources\\vulture.jpg'
11.4227 	EXP 	polygon_2: opacity = 0.0
11.4227 	EXP 	polygon_2: fillColor = '[1. 1. 1.] (rgb)'
11.4394 	EXP 	displayPicture: image = '.\\resources\\vulture.jpg'
11.4394 	EXP 	polygon_2: opacity = 0.0
11.4394 	EXP 	polygon_2: fillColor = '[1. 1. 1.] (rgb)'
11.4560 	EXP 	displayPicture: image = '.\\resources\\vulture.jpg'
11.4560 	EXP 	polygon_2: opacity = 1.0
11.4560 	EXP 	polygon_2: fillColor = '[1. 1. 1.] (rgb)'
11.4727 	EXP 	displayPicture: image = '.\\resources\\vulture.jpg'
11.4727 	EXP 	polygon_2: opacity = 1.0
11.4727 	EXP 	polygon_2: fillColor = '[1. 1. 1.] (rgb)'
11.4894 	EXP 	displayPicture: image = '.\\resources\\vulture.jpg'
11.4894 	EXP 	polygon_2: opacity = 1.0
11.4894 	EXP 	polygon_2: fillColor = '[1. 1. 1.] (rgb)'
11.5061 	EXP 	displayPicture: image = '.\\resources\\baseballbat.jpg'
11.5061 	EXP 	polygon_2: opacity = 0.0
11.5061 	EXP 	polygon_2: fillColor = '[1. 1. 1.] (rgb)'
11.5227 	EXP 	displayPicture: image = '.\\resources\\baseballbat.jpg'
11.5227 	EXP 	polygon_2: opacity = 0.0
11.5227 	EXP 	polygon_2: fillColor = '[1. 1. 1.] (rgb)'
11.5394 	EXP 	displayPicture: image = '.\\resources\\baseballbat.jpg'
11.5394 	EXP 	polygon_2: opacity = 0.0
11.5394 	EXP 	polygon_2: fillColor = '[1. 1. 1.] (rgb)'
11.5561 	EXP 	displayPicture: image = '.\\resources\\baseballbat.jpg'
11.5561 	EXP 	polygon_2: opacity = 0.0
11.5561 	EXP 	polygon_2: fillColor = '[1. 1. 1.] (rgb)'
11.5727 	EXP 	displayPicture: image = '.\\resources\\baseballbat.jpg'
11.5727 	EXP 	polygon_2: opacity = 0.0
11.5727 	EXP 	polygon_2: fillColor = '[1. 1. 1.] (rgb)'
11.5894 	EXP 	displayPicture: image = '.\\resources\\baseballbat.jpg'
11.5894 	EXP 	polygon_2: opacity = 0.0
11.5894 	EXP 	polygon_2: fillColor = '[1. 1. 1.] (rgb)'
11.6061 	EXP 	displayPicture: image = '.\\resources\\baseballbat.jpg'
11.6061 	EXP 	polygon_2: opacity = 0.0
11.6061 	EXP 	polygon_2: fillColor = '[1. 1. 1.] (rgb)'
11.6225 	EXP 	displayPicture: image = '.\\resources\\baseballbat.jpg'
11.6225 	EXP 	polygon_2: opacity = 0.0
11.6225 	EXP 	polygon_2: fillColor = '[1. 1. 1.] (rgb)'
11.6392 	EXP 	displayPicture: image = '.\\resources\\baseballbat.jpg'
11.6392 	EXP 	polygon_2: opacity = 0.0
11.6392 	EXP 	polygon_2: fillColor = '[1. 1. 1.] (rgb)'
11.6558 	EXP 	displayPicture: image = '.\\resources\\baseballbat.jpg'
11.6558 	EXP 	polygon_2: opacity = 0.0
11.6558 	EXP 	polygon_2: fillColor = '[1. 1. 1.] (rgb)'
11.6725 	EXP 	displayPicture: image = '.\\resources\\baseballbat.jpg'
11.6725 	EXP 	polygon_2: opacity = 0.0
11.6725 	EXP 	polygon_2: fillColor = '[1. 1. 1.] (rgb)'
11.6892 	EXP 	displayPicture: image = '.\\resources\\baseballbat.jpg'
11.6892 	EXP 	polygon_2: opacity = 0.0
11.6892 	EXP 	polygon_2: fillColor = '[1. 1. 1.] (rgb)'
11.7058 	EXP 	displayPicture: image = '.\\resources\\baseballbat.jpg'
11.7058 	EXP 	polygon_2: opacity = 1.0
11.7058 	EXP 	polygon_2: fillColor = '[1. 1. 1.] (rgb)'
11.7225 	EXP 	displayPicture: image = '.\\resources\\baseballbat.jpg'
11.7225 	EXP 	polygon_2: opacity = 1.0
11.7225 	EXP 	polygon_2: fillColor = '[1. 1. 1.] (rgb)'
11.7392 	EXP 	displayPicture: image = '.\\resources\\baseballbat.jpg'
11.7392 	EXP 	polygon_2: opacity = 1.0
11.7392 	EXP 	polygon_2: fillColor = '[1. 1. 1.] (rgb)'
11.7558 	EXP 	displayPicture: image = '.\\resources\\christmastree.jpg'
11.7558 	EXP 	polygon_2: opacity = 0.0
11.7558 	EXP 	polygon_2: fillColor = '[1. 1. 1.] (rgb)'
11.7725 	EXP 	displayPicture: image = '.\\resources\\christmastree.jpg'
11.7725 	EXP 	polygon_2: opacity = 0.0
11.7725 	EXP 	polygon_2: fillColor = '[1. 1. 1.] (rgb)'
11.7891 	EXP 	displayPicture: image = '.\\resources\\christmastree.jpg'
11.7891 	EXP 	polygon_2: opacity = 0.0
11.7891 	EXP 	polygon_2: fillColor = '[1. 1. 1.] (rgb)'
11.8058 	EXP 	displayPicture: image = '.\\resources\\christmastree.jpg'
11.8058 	EXP 	polygon_2: opacity = 0.0
11.8058 	EXP 	polygon_2: fillColor = '[1. 1. 1.] (rgb)'
11.8225 	EXP 	displayPicture: image = '.\\resources\\christmastree.jpg'
11.8225 	EXP 	polygon_2: opacity = 0.0
11.8225 	EXP 	polygon_2: fillColor = '[1. 1. 1.] (rgb)'
11.8391 	EXP 	displayPicture: image = '.\\resources\\christmastree.jpg'
11.8391 	EXP 	polygon_2: opacity = 0.0
11.8391 	EXP 	polygon_2: fillColor = '[1. 1. 1.] (rgb)'
11.8558 	EXP 	displayPicture: image = '.\\resources\\christmastree.jpg'
11.8558 	EXP 	polygon_2: opacity = 0.0
11.8558 	EXP 	polygon_2: fillColor = '[1. 1. 1.] (rgb)'
11.8725 	EXP 	displayPicture: image = '.\\resources\\christmastree.jpg'
11.8725 	EXP 	polygon_2: opacity = 0.0
11.8725 	EXP 	polygon_2: fillColor = '[1. 1. 1.] (rgb)'
11.8891 	EXP 	displayPicture: image = '.\\resources\\christmastree.jpg'
11.8891 	EXP 	polygon_2: opacity = 0.0
11.8891 	EXP 	polygon_2: fillColor = '[1. 1. 1.] (rgb)'
11.9058 	EXP 	displayPicture: image = '.\\resources\\christmastree.jpg'
11.9058 	EXP 	polygon_2: opacity = 0.0
11.9058 	EXP 	polygon_2: fillColor = '[1. 1. 1.] (rgb)'
11.9225 	EXP 	displayPicture: image = '.\\resources\\christmastree.jpg'
11.9225 	EXP 	polygon_2: opacity = 0.0
11.9225 	EXP 	polygon_2: fillColor = '[1. 1. 1.] (rgb)'
11.9391 	EXP 	displayPicture: image = '.\\resources\\christmastree.jpg'
11.9391 	EXP 	polygon_2: opacity = 0.0
11.9391 	EXP 	polygon_2: fillColor = '[1. 1. 1.] (rgb)'
11.9558 	EXP 	displayPicture: image = '.\\resources\\christmastree.jpg'
11.9558 	EXP 	polygon_2: opacity = 1.0
11.9558 	EXP 	polygon_2: fillColor = '[1. 1. 1.] (rgb)'
11.9725 	EXP 	displayPicture: image = '.\\resources\\christmastree.jpg'
11.9725 	EXP 	polygon_2: opacity = 1.0
11.9725 	EXP 	polygon_2: fillColor = '[1. 1. 1.] (rgb)'
11.9891 	EXP 	displayPicture: image = '.\\resources\\christmastree.jpg'
11.9891 	EXP 	polygon_2: opacity = 1.0
11.9891 	EXP 	polygon_2: fillColor = '[1. 1. 1.] (rgb)'
12.0058 	EXP 	displayPicture: image = '.\\resources\\englishcucumber.jpg'
12.0058 	EXP 	polygon_2: opacity = 0.0
12.0058 	EXP 	polygon_2: fillColor = '[1. 1. 1.] (rgb)'
12.0225 	EXP 	displayPicture: image = '.\\resources\\englishcucumber.jpg'
12.0225 	EXP 	polygon_2: opacity = 0.0
12.0225 	EXP 	polygon_2: fillColor = '[1. 1. 1.] (rgb)'
12.0391 	EXP 	displayPicture: image = '.\\resources\\englishcucumber.jpg'
12.0391 	EXP 	polygon_2: opacity = 0.0
12.0391 	EXP 	polygon_2: fillColor = '[1. 1. 1.] (rgb)'
12.0558 	EXP 	displayPicture: image = '.\\resources\\englishcucumber.jpg'
12.0558 	EXP 	polygon_2: opacity = 0.0
12.0558 	EXP 	polygon_2: fillColor = '[1. 1. 1.] (rgb)'
12.0724 	EXP 	displayPicture: image = '.\\resources\\englishcucumber.jpg'
12.0724 	EXP 	polygon_2: opacity = 0.0
12.0724 	EXP 	polygon_2: fillColor = '[1. 1. 1.] (rgb)'
12.0891 	EXP 	displayPicture: image = '.\\resources\\englishcucumber.jpg'
12.0891 	EXP 	polygon_2: opacity = 0.0
12.0891 	EXP 	polygon_2: fillColor = '[1. 1. 1.] (rgb)'
12.1058 	EXP 	displayPicture: image = '.\\resources\\englishcucumber.jpg'
12.1058 	EXP 	polygon_2: opacity = 0.0
12.1058 	EXP 	polygon_2: fillColor = '[1. 1. 1.] (rgb)'
12.1225 	EXP 	displayPicture: image = '.\\resources\\englishcucumber.jpg'
12.1225 	EXP 	polygon_2: opacity = 0.0
12.1225 	EXP 	polygon_2: fillColor = '[1. 1. 1.] (rgb)'
12.1391 	EXP 	displayPicture: image = '.\\resources\\englishcucumber.jpg'
12.1391 	EXP 	polygon_2: opacity = 0.0
12.1391 	EXP 	polygon_2: fillColor = '[1. 1. 1.] (rgb)'
12.1558 	EXP 	displayPicture: image = '.\\resources\\englishcucumber.jpg'
12.1558 	EXP 	polygon_2: opacity = 0.0
12.1558 	EXP 	polygon_2: fillColor = '[1. 1. 1.] (rgb)'
12.1725 	EXP 	displayPicture: image = '.\\resources\\englishcucumber.jpg'
12.1725 	EXP 	polygon_2: opacity = 0.0
12.1725 	EXP 	polygon_2: fillColor = '[1. 1. 1.] (rgb)'
12.1891 	EXP 	displayPicture: image = '.\\resources\\englishcucumber.jpg'
12.1891 	EXP 	polygon_2: opacity = 0.0
12.1891 	EXP 	polygon_2: fillColor = '[1. 1. 1.] (rgb)'
12.2058 	EXP 	displayPicture: image = '.\\resources\\englishcucumber.jpg'
12.2058 	EXP 	polygon_2: opacity = 1.0
12.2058 	EXP 	polygon_2: fillColor = '[1. 1. 1.] (rgb)'
12.2225 	EXP 	displayPicture: image = '.\\resources\\englishcucumber.jpg'
12.2225 	EXP 	polygon_2: opacity = 1.0
12.2225 	EXP 	polygon_2: fillColor = '[1. 1. 1.] (rgb)'
12.2391 	EXP 	displayPicture: image = '.\\resources\\englishcucumber.jpg'
12.2391 	EXP 	polygon_2: opacity = 1.0
12.2391 	EXP 	polygon_2: fillColor = '[1. 1. 1.] (rgb)'
12.2558 	EXP 	displayPicture: image = '.\\resources\\wheelchair.jpg'
12.2558 	EXP 	polygon_2: opacity = 0.0
12.2558 	EXP 	polygon_2: fillColor = '[1. 1. 1.] (rgb)'
12.2725 	EXP 	displayPicture: image = '.\\resources\\wheelchair.jpg'
12.2725 	EXP 	polygon_2: opacity = 0.0
12.2725 	EXP 	polygon_2: fillColor = '[1. 1. 1.] (rgb)'
12.2891 	EXP 	displayPicture: image = '.\\resources\\wheelchair.jpg'
12.2891 	EXP 	polygon_2: opacity = 0.0
12.2891 	EXP 	polygon_2: fillColor = '[1. 1. 1.] (rgb)'
12.3058 	EXP 	displayPicture: image = '.\\resources\\wheelchair.jpg'
12.3058 	EXP 	polygon_2: opacity = 0.0
12.3058 	EXP 	polygon_2: fillColor = '[1. 1. 1.] (rgb)'
12.3224 	EXP 	displayPicture: image = '.\\resources\\wheelchair.jpg'
12.3224 	EXP 	polygon_2: opacity = 0.0
12.3224 	EXP 	polygon_2: fillColor = '[1. 1. 1.] (rgb)'
12.3391 	EXP 	displayPicture: image = '.\\resources\\wheelchair.jpg'
12.3391 	EXP 	polygon_2: opacity = 0.0
12.3391 	EXP 	polygon_2: fillColor = '[1. 1. 1.] (rgb)'
12.3558 	EXP 	displayPicture: image = '.\\resources\\wheelchair.jpg'
12.3558 	EXP 	polygon_2: opacity = 0.0
12.3558 	EXP 	polygon_2: fillColor = '[1. 1. 1.] (rgb)'
12.3724 	EXP 	displayPicture: image = '.\\resources\\wheelchair.jpg'
12.3724 	EXP 	polygon_2: opacity = 0.0
12.3724 	EXP 	polygon_2: fillColor = '[1. 1. 1.] (rgb)'
12.3891 	EXP 	displayPicture: image = '.\\resources\\wheelchair.jpg'
12.3891 	EXP 	polygon_2: opacity = 0.0
12.3891 	EXP 	polygon_2: fillColor = '[1. 1. 1.] (rgb)'
12.4058 	EXP 	displayPicture: image = '.\\resources\\wheelchair.jpg'
12.4058 	EXP 	polygon_2: opacity = 0.0
12.4058 	EXP 	polygon_2: fillColor = '[1. 1. 1.] (rgb)'
12.4224 	EXP 	displayPicture: image = '.\\resources\\wheelchair.jpg'
12.4224 	EXP 	polygon_2: opacity = 0.0
12.4224 	EXP 	polygon_2: fillColor = '[1. 1. 1.] (rgb)'
12.4391 	EXP 	displayPicture: image = '.\\resources\\wheelchair.jpg'
12.4391 	EXP 	polygon_2: opacity = 0.0
12.4391 	EXP 	polygon_2: fillColor = '[1. 1. 1.] (rgb)'
12.4558 	EXP 	displayPicture: image = '.\\resources\\wheelchair.jpg'
12.4558 	EXP 	polygon_2: opacity = 1.0
12.4558 	EXP 	polygon_2: fillColor = '[1. 1. 1.] (rgb)'
12.4724 	EXP 	displayPicture: image = '.\\resources\\wheelchair.jpg'
12.4724 	EXP 	polygon_2: opacity = 1.0
12.4724 	EXP 	polygon_2: fillColor = '[1. 1. 1.] (rgb)'
12.4891 	EXP 	displayPicture: image = '.\\resources\\wheelchair.jpg'
12.4891 	EXP 	polygon_2: opacity = 1.0
12.4891 	EXP 	polygon_2: fillColor = '[1. 1. 1.] (rgb)'
12.5058 	EXP 	displayPicture: image = '.\\resources\\foosballtable.jpg'
12.5058 	EXP 	polygon_2: opacity = 0.0
12.5058 	EXP 	polygon_2: fillColor = '[1. 1. 1.] (rgb)'
12.5224 	EXP 	displayPicture: image = '.\\resources\\foosballtable.jpg'
12.5224 	EXP 	polygon_2: opacity = 0.0
12.5224 	EXP 	polygon_2: fillColor = '[1. 1. 1.] (rgb)'
12.5391 	EXP 	displayPicture: image = '.\\resources\\foosballtable.jpg'
12.5391 	EXP 	polygon_2: opacity = 0.0
12.5391 	EXP 	polygon_2: fillColor = '[1. 1. 1.] (rgb)'
12.5558 	EXP 	displayPicture: image = '.\\resources\\foosballtable.jpg'
12.5558 	EXP 	polygon_2: opacity = 0.0
12.5558 	EXP 	polygon_2: fillColor = '[1. 1. 1.] (rgb)'
12.5724 	EXP 	displayPicture: image = '.\\resources\\foosballtable.jpg'
12.5724 	EXP 	polygon_2: opacity = 0.0
12.5724 	EXP 	polygon_2: fillColor = '[1. 1. 1.] (rgb)'
12.5891 	EXP 	displayPicture: image = '.\\resources\\foosballtable.jpg'
12.5891 	EXP 	polygon_2: opacity = 0.0
12.5891 	EXP 	polygon_2: fillColor = '[1. 1. 1.] (rgb)'
12.6058 	EXP 	displayPicture: image = '.\\resources\\foosballtable.jpg'
12.6058 	EXP 	polygon_2: opacity = 0.0
12.6058 	EXP 	polygon_2: fillColor = '[1. 1. 1.] (rgb)'
12.6224 	EXP 	displayPicture: image = '.\\resources\\foosballtable.jpg'
12.6224 	EXP 	polygon_2: opacity = 0.0
12.6224 	EXP 	polygon_2: fillColor = '[1. 1. 1.] (rgb)'
12.6391 	EXP 	displayPicture: image = '.\\resources\\foosballtable.jpg'
12.6391 	EXP 	polygon_2: opacity = 0.0
12.6391 	EXP 	polygon_2: fillColor = '[1. 1. 1.] (rgb)'
12.6558 	EXP 	displayPicture: image = '.\\resources\\foosballtable.jpg'
12.6558 	EXP 	polygon_2: opacity = 0.0
12.6558 	EXP 	polygon_2: fillColor = '[1. 1. 1.] (rgb)'
12.6724 	EXP 	displayPicture: image = '.\\resources\\foosballtable.jpg'
12.6724 	EXP 	polygon_2: opacity = 0.0
12.6724 	EXP 	polygon_2: fillColor = '[1. 1. 1.] (rgb)'
12.6891 	EXP 	displayPicture: image = '.\\resources\\foosballtable.jpg'
12.6891 	EXP 	polygon_2: opacity = 0.0
12.6891 	EXP 	polygon_2: fillColor = '[1. 1. 1.] (rgb)'
12.7058 	EXP 	displayPicture: image = '.\\resources\\foosballtable.jpg'
12.7058 	EXP 	polygon_2: opacity = 1.0
12.7058 	EXP 	polygon_2: fillColor = '[1. 1. 1.] (rgb)'
12.7224 	EXP 	displayPicture: image = '.\\resources\\foosballtable.jpg'
12.7224 	EXP 	polygon_2: opacity = 1.0
12.7224 	EXP 	polygon_2: fillColor = '[1. 1. 1.] (rgb)'
12.7391 	EXP 	displayPicture: image = '.\\resources\\foosballtable.jpg'
12.7391 	EXP 	polygon_2: opacity = 1.0
12.7391 	EXP 	polygon_2: fillColor = '[1. 1. 1.] (rgb)'
12.7558 	EXP 	displayPicture: image = '.\\resources\\athleticsock.jpg'
12.7558 	EXP 	polygon_2: opacity = 0.0
12.7558 	EXP 	polygon_2: fillColor = '[1. 1. 1.] (rgb)'
12.7724 	EXP 	displayPicture: image = '.\\resources\\athleticsock.jpg'
12.7724 	EXP 	polygon_2: opacity = 0.0
12.7724 	EXP 	polygon_2: fillColor = '[1. 1. 1.] (rgb)'
12.7891 	EXP 	displayPicture: image = '.\\resources\\athleticsock.jpg'
12.7891 	EXP 	polygon_2: opacity = 0.0
12.7891 	EXP 	polygon_2: fillColor = '[1. 1. 1.] (rgb)'
12.8058 	EXP 	displayPicture: image = '.\\resources\\athleticsock.jpg'
12.8058 	EXP 	polygon_2: opacity = 0.0
12.8058 	EXP 	polygon_2: fillColor = '[1. 1. 1.] (rgb)'
12.8224 	EXP 	displayPicture: image = '.\\resources\\athleticsock.jpg'
12.8224 	EXP 	polygon_2: opacity = 0.0
12.8224 	EXP 	polygon_2: fillColor = '[1. 1. 1.] (rgb)'
12.8391 	EXP 	displayPicture: image = '.\\resources\\athleticsock.jpg'
12.8391 	EXP 	polygon_2: opacity = 0.0
12.8391 	EXP 	polygon_2: fillColor = '[1. 1. 1.] (rgb)'
12.8558 	EXP 	displayPicture: image = '.\\resources\\athleticsock.jpg'
12.8558 	EXP 	polygon_2: opacity = 0.0
12.8558 	EXP 	polygon_2: fillColor = '[1. 1. 1.] (rgb)'
12.8724 	EXP 	displayPicture: image = '.\\resources\\athleticsock.jpg'
12.8724 	EXP 	polygon_2: opacity = 0.0
12.8724 	EXP 	polygon_2: fillColor = '[1. 1. 1.] (rgb)'
12.8891 	EXP 	displayPicture: image = '.\\resources\\athleticsock.jpg'
12.8891 	EXP 	polygon_2: opacity = 0.0
12.8891 	EXP 	polygon_2: fillColor = '[1. 1. 1.] (rgb)'
12.9058 	EXP 	displayPicture: image = '.\\resources\\athleticsock.jpg'
12.9058 	EXP 	polygon_2: opacity = 0.0
12.9058 	EXP 	polygon_2: fillColor = '[1. 1. 1.] (rgb)'
12.9224 	EXP 	displayPicture: image = '.\\resources\\athleticsock.jpg'
12.9224 	EXP 	polygon_2: opacity = 0.0
12.9224 	EXP 	polygon_2: fillColor = '[1. 1. 1.] (rgb)'
12.9391 	EXP 	displayPicture: image = '.\\resources\\athleticsock.jpg'
12.9391 	EXP 	polygon_2: opacity = 0.0
12.9391 	EXP 	polygon_2: fillColor = '[1. 1. 1.] (rgb)'
12.9558 	EXP 	displayPicture: image = '.\\resources\\athleticsock.jpg'
12.9558 	EXP 	polygon_2: opacity = 1.0
12.9558 	EXP 	polygon_2: fillColor = '[1. 1. 1.] (rgb)'
12.9724 	EXP 	displayPicture: image = '.\\resources\\athleticsock.jpg'
12.9724 	EXP 	polygon_2: opacity = 1.0
12.9724 	EXP 	polygon_2: fillColor = '[1. 1. 1.] (rgb)'
12.9891 	EXP 	displayPicture: image = '.\\resources\\athleticsock.jpg'
12.9891 	EXP 	polygon_2: opacity = 1.0
12.9891 	EXP 	polygon_2: fillColor = '[1. 1. 1.] (rgb)'
13.0058 	EXP 	displayPicture: image = '.\\resources\\acorn.jpg'
13.0058 	EXP 	polygon_2: opacity = 0.0
13.0058 	EXP 	polygon_2: fillColor = '[1. 1. 1.] (rgb)'
13.0224 	EXP 	displayPicture: image = '.\\resources\\acorn.jpg'
13.0224 	EXP 	polygon_2: opacity = 0.0
13.0224 	EXP 	polygon_2: fillColor = '[1. 1. 1.] (rgb)'
13.0391 	EXP 	displayPicture: image = '.\\resources\\acorn.jpg'
13.0391 	EXP 	polygon_2: opacity = 0.0
13.0391 	EXP 	polygon_2: fillColor = '[1. 1. 1.] (rgb)'
13.0557 	EXP 	displayPicture: image = '.\\resources\\acorn.jpg'
13.0557 	EXP 	polygon_2: opacity = 0.0
13.0557 	EXP 	polygon_2: fillColor = '[1. 1. 1.] (rgb)'
13.0724 	EXP 	displayPicture: image = '.\\resources\\acorn.jpg'
13.0724 	EXP 	polygon_2: opacity = 0.0
13.0724 	EXP 	polygon_2: fillColor = '[1. 1. 1.] (rgb)'
13.0890 	EXP 	displayPicture: image = '.\\resources\\acorn.jpg'
13.0890 	EXP 	polygon_2: opacity = 0.0
13.0890 	EXP 	polygon_2: fillColor = '[1. 1. 1.] (rgb)'
13.1057 	EXP 	displayPicture: image = '.\\resources\\acorn.jpg'
13.1057 	EXP 	polygon_2: opacity = 0.0
13.1057 	EXP 	polygon_2: fillColor = '[1. 1. 1.] (rgb)'
13.1224 	EXP 	displayPicture: image = '.\\resources\\acorn.jpg'
13.1224 	EXP 	polygon_2: opacity = 0.0
13.1224 	EXP 	polygon_2: fillColor = '[1. 1. 1.] (rgb)'
13.1390 	EXP 	displayPicture: image = '.\\resources\\acorn.jpg'
13.1390 	EXP 	polygon_2: opacity = 0.0
13.1390 	EXP 	polygon_2: fillColor = '[1. 1. 1.] (rgb)'
13.1557 	EXP 	displayPicture: image = '.\\resources\\acorn.jpg'
13.1557 	EXP 	polygon_2: opacity = 0.0
13.1557 	EXP 	polygon_2: fillColor = '[1. 1. 1.] (rgb)'
13.1724 	EXP 	displayPicture: image = '.\\resources\\acorn.jpg'
13.1724 	EXP 	polygon_2: opacity = 0.0
13.1724 	EXP 	polygon_2: fillColor = '[1. 1. 1.] (rgb)'
13.1891 	EXP 	displayPicture: image = '.\\resources\\acorn.jpg'
13.1891 	EXP 	polygon_2: opacity = 0.0
13.1891 	EXP 	polygon_2: fillColor = '[1. 1. 1.] (rgb)'
13.2057 	EXP 	displayPicture: image = '.\\resources\\acorn.jpg'
13.2057 	EXP 	polygon_2: opacity = 1.0
13.2057 	EXP 	polygon_2: fillColor = '[1. 1. 1.] (rgb)'
13.2224 	EXP 	displayPicture: image = '.\\resources\\acorn.jpg'
13.2224 	EXP 	polygon_2: opacity = 1.0
13.2224 	EXP 	polygon_2: fillColor = '[1. 1. 1.] (rgb)'
13.2391 	EXP 	displayPicture: image = '.\\resources\\acorn.jpg'
13.2391 	EXP 	polygon_2: opacity = 1.0
13.2391 	EXP 	polygon_2: fillColor = '[1. 1. 1.] (rgb)'
13.2557 	EXP 	displayPicture: image = '.\\resources\\leafblower01.jpg'
13.2557 	EXP 	polygon_2: opacity = 0.0
13.2557 	EXP 	polygon_2: fillColor = '[1. 1. 1.] (rgb)'
13.2724 	EXP 	displayPicture: image = '.\\resources\\leafblower01.jpg'
13.2724 	EXP 	polygon_2: opacity = 0.0
13.2724 	EXP 	polygon_2: fillColor = '[1. 1. 1.] (rgb)'
13.2890 	EXP 	displayPicture: image = '.\\resources\\leafblower01.jpg'
13.2890 	EXP 	polygon_2: opacity = 0.0
13.2890 	EXP 	polygon_2: fillColor = '[1. 1. 1.] (rgb)'
13.3057 	EXP 	displayPicture: image = '.\\resources\\leafblower01.jpg'
13.3057 	EXP 	polygon_2: opacity = 0.0
13.3057 	EXP 	polygon_2: fillColor = '[1. 1. 1.] (rgb)'
13.3224 	EXP 	displayPicture: image = '.\\resources\\leafblower01.jpg'
13.3224 	EXP 	polygon_2: opacity = 0.0
13.3224 	EXP 	polygon_2: fillColor = '[1. 1. 1.] (rgb)'
13.3391 	EXP 	displayPicture: image = '.\\resources\\leafblower01.jpg'
13.3391 	EXP 	polygon_2: opacity = 0.0
13.3391 	EXP 	polygon_2: fillColor = '[1. 1. 1.] (rgb)'
13.3557 	EXP 	displayPicture: image = '.\\resources\\leafblower01.jpg'
13.3557 	EXP 	polygon_2: opacity = 0.0
13.3557 	EXP 	polygon_2: fillColor = '[1. 1. 1.] (rgb)'
13.3724 	EXP 	displayPicture: image = '.\\resources\\leafblower01.jpg'
13.3724 	EXP 	polygon_2: opacity = 0.0
13.3724 	EXP 	polygon_2: fillColor = '[1. 1. 1.] (rgb)'
13.3890 	EXP 	displayPicture: image = '.\\resources\\leafblower01.jpg'
13.3890 	EXP 	polygon_2: opacity = 0.0
13.3890 	EXP 	polygon_2: fillColor = '[1. 1. 1.] (rgb)'
13.4057 	EXP 	displayPicture: image = '.\\resources\\leafblower01.jpg'
13.4057 	EXP 	polygon_2: opacity = 0.0
13.4057 	EXP 	polygon_2: fillColor = '[1. 1. 1.] (rgb)'
13.4224 	EXP 	displayPicture: image = '.\\resources\\leafblower01.jpg'
13.4224 	EXP 	polygon_2: opacity = 0.0
13.4224 	EXP 	polygon_2: fillColor = '[1. 1. 1.] (rgb)'
13.4390 	EXP 	displayPicture: image = '.\\resources\\leafblower01.jpg'
13.4390 	EXP 	polygon_2: opacity = 0.0
13.4390 	EXP 	polygon_2: fillColor = '[1. 1. 1.] (rgb)'
13.4557 	EXP 	displayPicture: image = '.\\resources\\leafblower01.jpg'
13.4557 	EXP 	polygon_2: opacity = 1.0
13.4557 	EXP 	polygon_2: fillColor = '[1. 1. 1.] (rgb)'
13.4724 	EXP 	displayPicture: image = '.\\resources\\leafblower01.jpg'
13.4724 	EXP 	polygon_2: opacity = 1.0
13.4724 	EXP 	polygon_2: fillColor = '[1. 1. 1.] (rgb)'
13.4890 	EXP 	displayPicture: image = '.\\resources\\leafblower01.jpg'
13.4890 	EXP 	polygon_2: opacity = 1.0
13.4890 	EXP 	polygon_2: fillColor = '[1. 1. 1.] (rgb)'
13.5057 	EXP 	displayPicture: image = '.\\resources\\holdfast.jpg'
13.5057 	EXP 	polygon_2: opacity = 0.0
13.5057 	EXP 	polygon_2: fillColor = '[1. 1. 1.] (rgb)'
13.5224 	EXP 	displayPicture: image = '.\\resources\\holdfast.jpg'
13.5224 	EXP 	polygon_2: opacity = 0.0
13.5224 	EXP 	polygon_2: fillColor = '[1. 1. 1.] (rgb)'
13.5390 	EXP 	displayPicture: image = '.\\resources\\holdfast.jpg'
13.5390 	EXP 	polygon_2: opacity = 0.0
13.5390 	EXP 	polygon_2: fillColor = '[1. 1. 1.] (rgb)'
13.5557 	EXP 	displayPicture: image = '.\\resources\\holdfast.jpg'
13.5557 	EXP 	polygon_2: opacity = 0.0
13.5557 	EXP 	polygon_2: fillColor = '[1. 1. 1.] (rgb)'
13.5724 	EXP 	displayPicture: image = '.\\resources\\holdfast.jpg'
13.5724 	EXP 	polygon_2: opacity = 0.0
13.5724 	EXP 	polygon_2: fillColor = '[1. 1. 1.] (rgb)'
13.5890 	EXP 	displayPicture: image = '.\\resources\\holdfast.jpg'
13.5890 	EXP 	polygon_2: opacity = 0.0
13.5890 	EXP 	polygon_2: fillColor = '[1. 1. 1.] (rgb)'
13.6057 	EXP 	displayPicture: image = '.\\resources\\holdfast.jpg'
13.6057 	EXP 	polygon_2: opacity = 0.0
13.6057 	EXP 	polygon_2: fillColor = '[1. 1. 1.] (rgb)'
13.6224 	EXP 	displayPicture: image = '.\\resources\\holdfast.jpg'
13.6224 	EXP 	polygon_2: opacity = 0.0
13.6224 	EXP 	polygon_2: fillColor = '[1. 1. 1.] (rgb)'
13.6390 	EXP 	displayPicture: image = '.\\resources\\holdfast.jpg'
13.6390 	EXP 	polygon_2: opacity = 0.0
13.6390 	EXP 	polygon_2: fillColor = '[1. 1. 1.] (rgb)'
13.6557 	EXP 	displayPicture: image = '.\\resources\\holdfast.jpg'
13.6557 	EXP 	polygon_2: opacity = 0.0
13.6557 	EXP 	polygon_2: fillColor = '[1. 1. 1.] (rgb)'
13.6723 	EXP 	displayPicture: image = '.\\resources\\holdfast.jpg'
13.6723 	EXP 	polygon_2: opacity = 0.0
13.6723 	EXP 	polygon_2: fillColor = '[1. 1. 1.] (rgb)'
13.6890 	EXP 	displayPicture: image = '.\\resources\\holdfast.jpg'
13.6890 	EXP 	polygon_2: opacity = 0.0
13.6890 	EXP 	polygon_2: fillColor = '[1. 1. 1.] (rgb)'
13.7057 	EXP 	displayPicture: image = '.\\resources\\holdfast.jpg'
13.7057 	EXP 	polygon_2: opacity = 1.0
13.7057 	EXP 	polygon_2: fillColor = '[1. 1. 1.] (rgb)'
13.7223 	EXP 	displayPicture: image = '.\\resources\\holdfast.jpg'
13.7223 	EXP 	polygon_2: opacity = 1.0
13.7223 	EXP 	polygon_2: fillColor = '[1. 1. 1.] (rgb)'
13.7390 	EXP 	displayPicture: image = '.\\resources\\holdfast.jpg'
13.7390 	EXP 	polygon_2: opacity = 1.0
13.7390 	EXP 	polygon_2: fillColor = '[1. 1. 1.] (rgb)'
13.7724 	EXP 	displayPicture: image = '.\\resources\\waterfall.jpg'
13.7724 	EXP 	polygon_2: opacity = 0.0
13.7724 	EXP 	polygon_2: fillColor = '[1. 1. 1.] (rgb)'
13.7890 	EXP 	displayPicture: image = '.\\resources\\waterfall.jpg'
13.7890 	EXP 	polygon_2: opacity = 0.0
13.7890 	EXP 	polygon_2: fillColor = '[1. 1. 1.] (rgb)'
13.8057 	EXP 	displayPicture: image = '.\\resources\\waterfall.jpg'
13.8057 	EXP 	polygon_2: opacity = 0.0
13.8057 	EXP 	polygon_2: fillColor = '[1. 1. 1.] (rgb)'
13.8224 	EXP 	displayPicture: image = '.\\resources\\waterfall.jpg'
13.8224 	EXP 	polygon_2: opacity = 0.0
13.8224 	EXP 	polygon_2: fillColor = '[1. 1. 1.] (rgb)'
13.8390 	EXP 	displayPicture: image = '.\\resources\\waterfall.jpg'
13.8390 	EXP 	polygon_2: opacity = 0.0
13.8390 	EXP 	polygon_2: fillColor = '[1. 1. 1.] (rgb)'
13.8557 	EXP 	displayPicture: image = '.\\resources\\waterfall.jpg'
13.8557 	EXP 	polygon_2: opacity = 0.0
13.8557 	EXP 	polygon_2: fillColor = '[1. 1. 1.] (rgb)'
13.8724 	EXP 	displayPicture: image = '.\\resources\\waterfall.jpg'
13.8724 	EXP 	polygon_2: opacity = 0.0
13.8724 	EXP 	polygon_2: fillColor = '[1. 1. 1.] (rgb)'
13.8890 	EXP 	displayPicture: image = '.\\resources\\waterfall.jpg'
13.8890 	EXP 	polygon_2: opacity = 0.0
13.8890 	EXP 	polygon_2: fillColor = '[1. 1. 1.] (rgb)'
13.9057 	EXP 	displayPicture: image = '.\\resources\\waterfall.jpg'
13.9057 	EXP 	polygon_2: opacity = 0.0
13.9057 	EXP 	polygon_2: fillColor = '[1. 1. 1.] (rgb)'
13.9224 	EXP 	displayPicture: image = '.\\resources\\waterfall.jpg'
13.9224 	EXP 	polygon_2: opacity = 0.0
13.9224 	EXP 	polygon_2: fillColor = '[1. 1. 1.] (rgb)'
13.9390 	EXP 	displayPicture: image = '.\\resources\\waterfall.jpg'
13.9390 	EXP 	polygon_2: opacity = 0.0
13.9390 	EXP 	polygon_2: fillColor = '[1. 1. 1.] (rgb)'
13.9557 	EXP 	displayPicture: image = '.\\resources\\waterfall.jpg'
13.9557 	EXP 	polygon_2: opacity = 1.0
13.9557 	EXP 	polygon_2: fillColor = '[1. 1. 1.] (rgb)'
13.9723 	EXP 	displayPicture: image = '.\\resources\\waterfall.jpg'
13.9723 	EXP 	polygon_2: opacity = 1.0
13.9723 	EXP 	polygon_2: fillColor = '[1. 1. 1.] (rgb)'
13.9890 	EXP 	displayPicture: image = '.\\resources\\waterfall.jpg'
13.9890 	EXP 	polygon_2: opacity = 1.0
13.9890 	EXP 	polygon_2: fillColor = '[1. 1. 1.] (rgb)'
14.0057 	EXP 	displayPicture: image = '.\\resources\\ostrich.jpg'
14.0057 	EXP 	polygon_2: opacity = 0.0
14.0057 	EXP 	polygon_2: fillColor = '[1. 1. 1.] (rgb)'
14.0223 	EXP 	displayPicture: image = '.\\resources\\ostrich.jpg'
14.0223 	EXP 	polygon_2: opacity = 0.0
14.0223 	EXP 	polygon_2: fillColor = '[1. 1. 1.] (rgb)'
14.0390 	EXP 	displayPicture: image = '.\\resources\\ostrich.jpg'
14.0390 	EXP 	polygon_2: opacity = 0.0
14.0390 	EXP 	polygon_2: fillColor = '[1. 1. 1.] (rgb)'
14.0557 	EXP 	displayPicture: image = '.\\resources\\ostrich.jpg'
14.0557 	EXP 	polygon_2: opacity = 0.0
14.0557 	EXP 	polygon_2: fillColor = '[1. 1. 1.] (rgb)'
14.0723 	EXP 	displayPicture: image = '.\\resources\\ostrich.jpg'
14.0723 	EXP 	polygon_2: opacity = 0.0
14.0723 	EXP 	polygon_2: fillColor = '[1. 1. 1.] (rgb)'
14.0890 	EXP 	displayPicture: image = '.\\resources\\ostrich.jpg'
14.0890 	EXP 	polygon_2: opacity = 0.0
14.0890 	EXP 	polygon_2: fillColor = '[1. 1. 1.] (rgb)'
14.1057 	EXP 	displayPicture: image = '.\\resources\\ostrich.jpg'
14.1057 	EXP 	polygon_2: opacity = 0.0
14.1057 	EXP 	polygon_2: fillColor = '[1. 1. 1.] (rgb)'
14.1223 	EXP 	displayPicture: image = '.\\resources\\ostrich.jpg'
14.1223 	EXP 	polygon_2: opacity = 0.0
14.1223 	EXP 	polygon_2: fillColor = '[1. 1. 1.] (rgb)'
14.1390 	EXP 	displayPicture: image = '.\\resources\\ostrich.jpg'
14.1390 	EXP 	polygon_2: opacity = 0.0
14.1390 	EXP 	polygon_2: fillColor = '[1. 1. 1.] (rgb)'
14.1557 	EXP 	displayPicture: image = '.\\resources\\ostrich.jpg'
14.1557 	EXP 	polygon_2: opacity = 0.0
14.1557 	EXP 	polygon_2: fillColor = '[1. 1. 1.] (rgb)'
14.1724 	EXP 	displayPicture: image = '.\\resources\\ostrich.jpg'
14.1724 	EXP 	polygon_2: opacity = 0.0
14.1724 	EXP 	polygon_2: fillColor = '[1. 1. 1.] (rgb)'
14.1890 	EXP 	displayPicture: image = '.\\resources\\ostrich.jpg'
14.1890 	EXP 	polygon_2: opacity = 0.0
14.1890 	EXP 	polygon_2: fillColor = '[1. 1. 1.] (rgb)'
14.2057 	EXP 	displayPicture: image = '.\\resources\\ostrich.jpg'
14.2057 	EXP 	polygon_2: opacity = 1.0
14.2057 	EXP 	polygon_2: fillColor = '[1. 1. 1.] (rgb)'
14.2223 	EXP 	displayPicture: image = '.\\resources\\ostrich.jpg'
14.2223 	EXP 	polygon_2: opacity = 1.0
14.2223 	EXP 	polygon_2: fillColor = '[1. 1. 1.] (rgb)'
14.2390 	EXP 	displayPicture: image = '.\\resources\\ostrich.jpg'
14.2390 	EXP 	polygon_2: opacity = 1.0
14.2390 	EXP 	polygon_2: fillColor = '[1. 1. 1.] (rgb)'
14.2557 	EXP 	displayPicture: image = '.\\resources\\ostrich.jpg'
14.2557 	EXP 	polygon_2: opacity = 0.0
14.2557 	EXP 	polygon_2: fillColor = '[1. 1. 1.] (rgb)'
14.2557 	EXP 	displayPicture: autoDraw = False
14.2557 	EXP 	polygon_2: autoDraw = False
14.2557 	EXP 	option1_t1: image = '.\\resources\\badmintonracket.jpg'
14.2557 	EXP 	polygon_4: autoDraw = True
14.2557 	EXP 	option1_t1: autoDraw = True
15.3937 	DATA 	Keypress: left
15.4389 	EXP 	polygon_4: autoDraw = False
15.4389 	EXP 	option1_t1: autoDraw = False
15.4389 	EXP 	option1_t2: image = '.\\resources\\leafblower01.jpg'
15.4389 	EXP 	polygon_5: autoDraw = True
15.4389 	EXP 	option1_t2: autoDraw = True
15.6869 	DATA 	Keypress: right
15.6889 	EXP 	polygon_5: autoDraw = False
15.6889 	EXP 	option1_t2: autoDraw = False
15.6889 	EXP 	feedbackText: text = '2/2 Correct'
15.6889 	EXP 	feedbackText: autoDraw = True
16.6888 	EXP 	feedbackText: autoDraw = False
16.6888 	EXP 	feedbackText: autoDraw = False
16.6888 	EXP 	text: text = ''
16.6888 	EXP 	text: autoDraw = True
16.6888 	EXP 	text: autoDraw = False
16.6888 	EXP 	text_4: autoDraw = True
18.2431 	DATA 	Keypress: space
18.2987 	EXP 	Imported conditionAB_main.xlsx as conditions, 232 conditions, 9 params
18.2992 	EXP 	Created sequence: sequential, trialTypes=232, nReps=1, seed=None
18.2995 	EXP 	New trial (rep=0, index=0): OrderedDict([('trialType', 'AB'), ('cndTyp', 'lag6'), ('lag', 6), ('T1_loc', 5), ('T2_loc', 11), ('stimLen', 0.2), ('isi', 0.05), ('skipProb', 0.5), ('phase', 'ramp')])
18.3220 	EXP 	text_4: autoDraw = False
18.3220 	EXP 	option1_2: image = '.\\resources\\airhockeytable.jpg'
18.3220 	EXP 	option2_2: image = '.\\resources\\athleticsock.jpg'
18.3220 	EXP 	option1_2: autoDraw = True
18.3220 	EXP 	option2_2: autoDraw = True
20.8054 	EXP 	text_5: autoDraw = True
21.0721 	EXP 	option1_2: autoDraw = False
21.0721 	EXP 	option2_2: autoDraw = False
21.2887 	EXP 	option1_2: autoDraw = False
21.2887 	EXP 	option2_2: autoDraw = False
21.2887 	EXP 	text_5: autoDraw = False
21.2887 	EXP 	displayPicture_2: autoDraw = True
21.2887 	EXP 	displayPicture_2: image = '.\\resources\\ostrich.jpg'
21.2887 	EXP 	polygon_10: autoDraw = True
21.2887 	EXP 	polygon_10: opacity = 1.0
21.2887 	EXP 	polygon_10: fillColor = '[1. 1. 1.] (rgb)'
21.3054 	EXP 	displayPicture_2: image = '.\\resources\\badmintonracket.jpg'
21.3054 	EXP 	polygon_10: opacity = 0.0
21.3054 	EXP 	polygon_10: fillColor = '[1. 1. 1.] (rgb)'
21.3220 	EXP 	displayPicture_2: image = '.\\resources\\badmintonracket.jpg'
21.3220 	EXP 	polygon_10: opacity = 1.0
21.3220 	EXP 	polygon_10: fillColor = '[1. 1. 1.] (rgb)'
21.3387 	EXP 	displayPicture_2: image = '.\\resources\\leafblower01.jpg'
21.3387 	EXP 	polygon_10: opacity = 0.0
21.3387 	EXP 	polygon_10: fillColor = '[1. 1. 1.] (rgb)'
21.3554 	EXP 	displayPicture_2: image = '.\\resources\\leafblower01.jpg'
21.3554 	EXP 	polygon_10: opacity = 1.0
21.3554 	EXP 	polygon_10: fillColor = '[1. 1. 1.] (rgb)'
21.3721 	EXP 	displayPicture_2: image = '.\\resources\\bench01.jpg'
21.3721 	EXP 	polygon_10: opacity = 0.0
21.3721 	EXP 	polygon_10: fillColor = '[1. 1. 1.] (rgb)'
21.3887 	EXP 	displayPicture_2: image = '.\\resources\\bench01.jpg'
21.3887 	EXP 	polygon_10: opacity = 1.0
21.3887 	EXP 	polygon_10: fillColor = '[1. 1. 1.] (rgb)'
21.4052 	EXP 	displayPicture_2: image = '.\\resources\\zebra.jpg'
21.4052 	EXP 	polygon_10: opacity = 0.0
21.4052 	EXP 	polygon_10: fillColor = '[1. 1. 1.] (rgb)'
21.4221 	EXP 	displayPicture_2: image = '.\\resources\\zebra.jpg'
21.4221 	EXP 	polygon_10: opacity = 1.0
21.4221 	EXP 	polygon_10: fillColor = '[1. 1. 1.] (rgb)'
21.4387 	EXP 	displayPicture_2: image = '.\\resources\\baseballbat.jpg'
21.4387 	EXP 	polygon_10: opacity = 0.0
21.4387 	EXP 	polygon_10: fillColor = '[1. 1. 1.] (rgb)'
21.4554 	EXP 	displayPicture_2: image = '.\\resources\\baseballbat.jpg'
21.4554 	EXP 	polygon_10: opacity = 1.0
21.4554 	EXP 	polygon_10: fillColor = '[1. 1. 1.] (rgb)'
21.4721 	EXP 	displayPicture_2: image = '.\\resources\\microwave.jpg'
21.4721 	EXP 	polygon_10: opacity = 0.0
21.4721 	EXP 	polygon_10: fillColor = '[1. 1. 1.] (rgb)'
21.4887 	EXP 	displayPicture_2: image = '.\\resources\\microwave.jpg'
21.4887 	EXP 	polygon_10: opacity = 1.0
21.4887 	EXP 	polygon_10: fillColor = '[1. 1. 1.] (rgb)'
21.5054 	EXP 	displayPicture_2: image = '.\\resources\\wheelchair.jpg'
21.5054 	EXP 	polygon_10: opacity = 0.0
21.5054 	EXP 	polygon_10: fillColor = '[1. 1. 1.] (rgb)'
21.5221 	EXP 	displayPicture_2: image = '.\\resources\\wheelchair.jpg'
21.5221 	EXP 	polygon_10: opacity = 1.0
21.5221 	EXP 	polygon_10: fillColor = '[1. 1. 1.] (rgb)'
21.5387 	EXP 	displayPicture_2: image = '.\\resources\\donut.jpg'
21.5387 	EXP 	polygon_10: opacity = 0.0
21.5387 	EXP 	polygon_10: fillColor = '[1. 1. 1.] (rgb)'
21.5554 	EXP 	displayPicture_2: image = '.\\resources\\donut.jpg'
21.5554 	EXP 	polygon_10: opacity = 1.0
21.5554 	EXP 	polygon_10: fillColor = '[1. 1. 1.] (rgb)'
21.5721 	EXP 	displayPicture_2: image = '.\\resources\\stubbywrench01a.jpg'
21.5721 	EXP 	polygon_10: opacity = 0.0
21.5721 	EXP 	polygon_10: fillColor = '[1. 1. 1.] (rgb)'
21.5887 	EXP 	displayPicture_2: image = '.\\resources\\stubbywrench01a.jpg'
21.5887 	EXP 	polygon_10: opacity = 1.0
21.5887 	EXP 	polygon_10: fillColor = '[1. 1. 1.] (rgb)'
21.6054 	EXP 	displayPicture_2: image = '.\\resources\\athleticsock.jpg'
21.6054 	EXP 	polygon_10: opacity = 0.0
21.6054 	EXP 	polygon_10: fillColor = '[1. 1. 1.] (rgb)'
21.6220 	EXP 	displayPicture_2: image = '.\\resources\\athleticsock.jpg'
21.6220 	EXP 	polygon_10: opacity = 1.0
21.6220 	EXP 	polygon_10: fillColor = '[1. 1. 1.] (rgb)'
21.6387 	EXP 	displayPicture_2: image = '.\\resources\\porcupine.jpg'
21.6387 	EXP 	polygon_10: opacity = 0.0
21.6387 	EXP 	polygon_10: fillColor = '[1. 1. 1.] (rgb)'
21.6554 	EXP 	displayPicture_2: image = '.\\resources\\porcupine.jpg'
21.6554 	EXP 	polygon_10: opacity = 1.0
21.6554 	EXP 	polygon_10: fillColor = '[1. 1. 1.] (rgb)'
21.6720 	EXP 	displayPicture_2: image = '.\\resources\\holdfast.jpg'
21.6720 	EXP 	polygon_10: opacity = 0.0
21.6720 	EXP 	polygon_10: fillColor = '[1. 1. 1.] (rgb)'
21.6887 	EXP 	displayPicture_2: image = '.\\resources\\holdfast.jpg'
21.6887 	EXP 	polygon_10: opacity = 1.0
21.6887 	EXP 	polygon_10: fillColor = '[1. 1. 1.] (rgb)'
21.7054 	EXP 	displayPicture_2: image = '.\\resources\\bumpercar.jpg'
21.7054 	EXP 	polygon_10: opacity = 0.0
21.7054 	EXP 	polygon_10: fillColor = '[1. 1. 1.] (rgb)'
21.7220 	EXP 	displayPicture_2: image = '.\\resources\\bumpercar.jpg'
21.7220 	EXP 	polygon_10: opacity = 1.0
21.7220 	EXP 	polygon_10: fillColor = '[1. 1. 1.] (rgb)'
21.7385 	EXP 	displayPicture_2: image = '.\\resources\\bumpercar.jpg'
21.7385 	EXP 	polygon_10: opacity = 0.0
21.7385 	EXP 	polygon_10: fillColor = '[1. 1. 1.] (rgb)'
21.7385 	EXP 	displayPicture_2: autoDraw = False
21.7385 	EXP 	polygon_10: autoDraw = False
21.7385 	EXP 	option1_t1_2: image = '.\\resources\\airhockeytable.jpg'
21.7385 	EXP 	polygon_7: autoDraw = True
21.7385 	EXP 	option1_t1_2: autoDraw = True
23.6935 	DATA 	Keypress: escape
23.8778 	EXP 	window1: mouseVisible = True
