0.8109 	WARNING 	We strongly recommend you activate the PTB sound engine in PsychoPy prefs as the preferred audio engine. Its timing is vastly superior. Your prefs are currently set to use ['sounddevice', 'PTB', 'pyo', 'pygame'] (in that order).
12.8272 	WARNING 	User requested fullscreen with size [1024  768], but screen is actually [1920, 1080]. Using actual size
13.7252 	EXP 	Created window1 = Window(allowGUI=False, allowStencil=False, args=UNKNOWN, autoLog=True, bitsMode=UNKNOWN, blendMode='avg', bpc=(8, 8, 8), color=array([0., 0., 0.]), colorSpace='rgb', depthBits=8, fullscr=<method-wrapper '__getattribute__' of attributeSetter object at 0x000001D817606278>, gamma=None, gammaErrorPolicy='raise', kwargs=UNKNOWN, lms=UNKNOWN, monitor=<psychopy.monitors.calibTools.Monitor object at 0x000001D817593898>, multiSample=False, name='window1', numSamples=2, pos=[0.0, 0.0], screen=0, size=array([1920, 1080]), stencilBits=0, stereo=False, units='height', useFBO=True, useRetina=False, viewOri=0.0, viewPos=None, viewScale=None, waitBlanking=True, winType='pyglet')
13.7256 	EXP 	window1: mouseVisible = True
13.7256 	EXP 	window1: recordFrameIntervals = False
13.8915 	EXP 	window1: recordFrameIntervals = True
14.0750 	EXP 	window1: recordFrameIntervals = False
14.1520 	EXP 	Created polygon = Rect(__class__=<class 'psychopy.visual.rect.Rect'>, autoDraw=False, autoLog=True, closeShape=True, color=method-wrapper(...), colorSpace=None, contrast=1.0, depth=-5.0, fillColor=array([1., 0., 0.]), fillColorSpace='rgb', fillRGB=array([1., 0., 0.]), interpolate=True, lineColor=array([1., 1., 1.]), lineColorSpace='rgb', lineRGB=array([1., 1., 1.]), lineWidth=1, name='polygon', opacity=1.0, ori=array(0.), pos=array([0., 0.]), size=array([0.6, 0.6]), units='height', vertices=ndarray(...), win=Window(...))
14.1568 	EXP 	Created displayPicture = ImageStim(__class__=<class 'psychopy.visual.image.ImageStim'>, autoLog=True, color=array([1., 1., 1.]), colorSpace='rgb', contrast=1.0, depth=-6.0, flipHoriz=False, flipVert=False, image='sin', interpolate=True, mask=None, maskParams=None, name='displayPicture', opacity=1.0, ori=0.0, pos=array([0., 0.]), size=array([0.25, 0.25]), texRes=128, units='height', win=Window(...))
14.1580 	EXP 	Created polygon_2 = Rect(__class__=<class 'psychopy.visual.rect.Rect'>, autoDraw=False, autoLog=True, closeShape=True, color=method-wrapper(...), colorSpace=None, contrast=1.0, depth=-7.0, fillColor=array([1., 1., 1.]), fillColorSpace='rgb', fillRGB=array([1., 1., 1.]), interpolate=True, lineColor=array([1., 1., 1.]), lineColorSpace='rgb', lineRGB=array([1., 1., 1.]), lineWidth=0, name='polygon_2', opacity=1.0, ori=array(0.), pos=array([0., 0.]), size=array([0.25, 0.25]), units='height', vertices=ndarray(...), win=Window(...))
14.1613 	EXP 	Created option1_t1 = ImageStim(__class__=<class 'psychopy.visual.image.ImageStim'>, autoLog=True, color=array([1., 1., 1.]), colorSpace='rgb', contrast=1.0, depth=-1.0, flipHoriz=False, flipVert=False, image='sin', interpolate=True, mask=None, maskParams=None, name='option1_t1', opacity=1.0, ori=0.0, pos=array([-0.3,  0. ]), size=array([0.25, 0.25]), texRes=128, units='height', win=Window(...))
14.1646 	EXP 	Created option2_t1 = ImageStim(__class__=<class 'psychopy.visual.image.ImageStim'>, autoLog=True, color=array([1., 1., 1.]), colorSpace='rgb', contrast=1.0, depth=-2.0, flipHoriz=False, flipVert=False, image='sin', interpolate=True, mask=None, maskParams=None, name='option2_t1', opacity=1.0, ori=0.0, pos=array([0.3, 0. ]), size=array([0.25, 0.25]), texRes=128, units='height', win=Window(...))
14.1672 	EXP 	Created option1_t2 = ImageStim(__class__=<class 'psychopy.visual.image.ImageStim'>, autoLog=True, color=array([1., 1., 1.]), colorSpace='rgb', contrast=1.0, depth=-1.0, flipHoriz=False, flipVert=False, image='sin', interpolate=True, mask=None, maskParams=None, name='option1_t2', opacity=1.0, ori=0.0, pos=array([0.3, 0. ]), size=array([0.25, 0.25]), texRes=128, units='height', win=Window(...))
14.1698 	EXP 	Created option2_t2 = ImageStim(__class__=<class 'psychopy.visual.image.ImageStim'>, autoLog=True, color=array([1., 1., 1.]), colorSpace='rgb', contrast=1.0, depth=-2.0, flipHoriz=False, flipVert=False, image='sin', interpolate=True, mask=None, maskParams=None, name='option2_t2', opacity=1.0, ori=0.0, pos=array([-0.3,  0. ]), size=array([0.25, 0.25]), texRes=128, units='height', win=Window(...))
14.2162 	EXP 	Created text = TextStim(__class__=<class 'psychopy.visual.text.TextStim'>, alignHoriz=method-wrapper(...), alignText='center', alignVert=method-wrapper(...), anchorHoriz='center', anchorVert='center', antialias=True, autoLog=True, bold=False, color='white', colorSpace='named', contrast=1.0, depth=-3.0, flipHoriz=False, flipVert=False, font='Arial', fontFiles=[], height=0.1, italic=False, languageStyle='LTR', name='text', opacity=1.0, ori=0, pos=array([0., 0.]), rgb=array([255., 255., 255.]), text='default text', units='height', win=Window(...), wrapWidth=1)
14.2547 	EXP 	Imported conditionAB.xlsx as conditions, 160 conditions, 7 params
14.2552 	EXP 	Created sequence: random, trialTypes=160, nReps=1, seed=None
14.2555 	EXP 	New trial (rep=0, index=0): OrderedDict([('trialType', 'AB'), ('cndTyp', 'lag2'), ('lag', 2), ('T1_loc', 5), ('T2_loc', 7), ('stimLen', 0.1), ('isi', 0.2)])
14.3538 	EXP 	polygon: autoDraw = True
14.3538 	EXP 	polygon: opacity = 0.0
14.3538 	EXP 	displayPicture: autoDraw = True
14.3538 	EXP 	displayPicture: image = 'C:\\Users\\Employee\\Google Drive\\UP\\MyResearch\\TaskProgramming\\AB_pic\\resources\\callbell.jpg'
14.3538 	EXP 	polygon_2: autoDraw = True
14.3538 	EXP 	polygon_2: opacity = 0.0
14.3538 	EXP 	polygon_2: fillColor = '[1. 1. 1.] (rgb)'
14.3917 	EXP 	polygon: opacity = 0.0
14.3917 	EXP 	displayPicture: image = 'C:\\Users\\Employee\\Google Drive\\UP\\MyResearch\\TaskProgramming\\AB_pic\\resources\\callbell.jpg'
14.3917 	EXP 	polygon_2: opacity = 1.0
14.3917 	EXP 	polygon_2: fillColor = '[1. 1. 1.] (rgb)'
14.4248 	EXP 	polygon: opacity = 0.0
14.4248 	EXP 	displayPicture: image = 'C:\\Users\\Employee\\Google Drive\\UP\\MyResearch\\TaskProgramming\\AB_pic\\resources\\callbell.jpg'
14.4248 	EXP 	polygon_2: opacity = 1.0
14.4248 	EXP 	polygon_2: fillColor = '[1. 1. 1.] (rgb)'
14.4581 	EXP 	polygon: opacity = 0.0
14.4581 	EXP 	displayPicture: image = 'C:\\Users\\Employee\\Google Drive\\UP\\MyResearch\\TaskProgramming\\AB_pic\\resources\\callbell.jpg'
14.4581 	EXP 	polygon_2: opacity = 1.0
14.4581 	EXP 	polygon_2: fillColor = '[1. 1. 1.] (rgb)'
14.4914 	EXP 	polygon: opacity = 0.0
14.4914 	EXP 	displayPicture: image = 'C:\\Users\\Employee\\Google Drive\\UP\\MyResearch\\TaskProgramming\\AB_pic\\resources\\callbell.jpg'
14.4914 	EXP 	polygon_2: opacity = 1.0
14.4914 	EXP 	polygon_2: fillColor = '[1. 1. 1.] (rgb)'
14.5247 	EXP 	polygon: opacity = 0.0
14.5247 	EXP 	displayPicture: image = 'C:\\Users\\Employee\\Google Drive\\UP\\MyResearch\\TaskProgramming\\AB_pic\\resources\\callbell.jpg'
14.5247 	EXP 	polygon_2: opacity = 1.0
14.5247 	EXP 	polygon_2: fillColor = '[1. 1. 1.] (rgb)'
14.5580 	EXP 	polygon: opacity = 0.0
14.5580 	EXP 	displayPicture: image = 'C:\\Users\\Employee\\Google Drive\\UP\\MyResearch\\TaskProgramming\\AB_pic\\resources\\callbell.jpg'
14.5580 	EXP 	polygon_2: opacity = 1.0
14.5580 	EXP 	polygon_2: fillColor = '[1. 1. 1.] (rgb)'
14.5914 	EXP 	polygon: opacity = 0.0
14.5914 	EXP 	displayPicture: image = 'C:\\Users\\Employee\\Google Drive\\UP\\MyResearch\\TaskProgramming\\AB_pic\\resources\\pokerchips.jpg'
14.5914 	EXP 	polygon_2: opacity = 0.0
14.5914 	EXP 	polygon_2: fillColor = '[1. 1. 1.] (rgb)'
14.6247 	EXP 	polygon: opacity = 0.0
14.6247 	EXP 	displayPicture: image = 'C:\\Users\\Employee\\Google Drive\\UP\\MyResearch\\TaskProgramming\\AB_pic\\resources\\pokerchips.jpg'
14.6247 	EXP 	polygon_2: opacity = 0.0
14.6247 	EXP 	polygon_2: fillColor = '[1. 1. 1.] (rgb)'
14.6583 	EXP 	polygon: opacity = 0.0
14.6583 	EXP 	displayPicture: image = 'C:\\Users\\Employee\\Google Drive\\UP\\MyResearch\\TaskProgramming\\AB_pic\\resources\\pokerchips.jpg'
14.6583 	EXP 	polygon_2: opacity = 0.0
14.6583 	EXP 	polygon_2: fillColor = '[1. 1. 1.] (rgb)'
14.6914 	EXP 	polygon: opacity = 0.0
14.6914 	EXP 	displayPicture: image = 'C:\\Users\\Employee\\Google Drive\\UP\\MyResearch\\TaskProgramming\\AB_pic\\resources\\pokerchips.jpg'
14.6914 	EXP 	polygon_2: opacity = 1.0
14.6914 	EXP 	polygon_2: fillColor = '[1. 1. 1.] (rgb)'
14.7248 	EXP 	polygon: opacity = 0.0
14.7248 	EXP 	displayPicture: image = 'C:\\Users\\Employee\\Google Drive\\UP\\MyResearch\\TaskProgramming\\AB_pic\\resources\\pokerchips.jpg'
14.7248 	EXP 	polygon_2: opacity = 1.0
14.7248 	EXP 	polygon_2: fillColor = '[1. 1. 1.] (rgb)'
14.7581 	EXP 	polygon: opacity = 0.0
14.7581 	EXP 	displayPicture: image = 'C:\\Users\\Employee\\Google Drive\\UP\\MyResearch\\TaskProgramming\\AB_pic\\resources\\pokerchips.jpg'
14.7581 	EXP 	polygon_2: opacity = 1.0
14.7581 	EXP 	polygon_2: fillColor = '[1. 1. 1.] (rgb)'
14.7915 	EXP 	polygon: opacity = 0.0
14.7915 	EXP 	displayPicture: image = 'C:\\Users\\Employee\\Google Drive\\UP\\MyResearch\\TaskProgramming\\AB_pic\\resources\\pokerchips.jpg'
14.7915 	EXP 	polygon_2: opacity = 1.0
14.7915 	EXP 	polygon_2: fillColor = '[1. 1. 1.] (rgb)'
14.8248 	EXP 	polygon: opacity = 0.0
14.8248 	EXP 	displayPicture: image = 'C:\\Users\\Employee\\Google Drive\\UP\\MyResearch\\TaskProgramming\\AB_pic\\resources\\pokerchips.jpg'
14.8248 	EXP 	polygon_2: opacity = 1.0
14.8248 	EXP 	polygon_2: fillColor = '[1. 1. 1.] (rgb)'
14.8581 	EXP 	polygon: opacity = 0.0
14.8581 	EXP 	displayPicture: image = 'C:\\Users\\Employee\\Google Drive\\UP\\MyResearch\\TaskProgramming\\AB_pic\\resources\\pokerchips.jpg'
14.8581 	EXP 	polygon_2: opacity = 1.0
14.8581 	EXP 	polygon_2: fillColor = '[1. 1. 1.] (rgb)'
14.8914 	EXP 	polygon: opacity = 0.0
14.8914 	EXP 	displayPicture: image = 'C:\\Users\\Employee\\Google Drive\\UP\\MyResearch\\TaskProgramming\\AB_pic\\resources\\dromedary.jpg'
14.8914 	EXP 	polygon_2: opacity = 0.0
14.8914 	EXP 	polygon_2: fillColor = '[1. 1. 1.] (rgb)'
14.9250 	EXP 	polygon: opacity = 0.0
14.9250 	EXP 	displayPicture: image = 'C:\\Users\\Employee\\Google Drive\\UP\\MyResearch\\TaskProgramming\\AB_pic\\resources\\dromedary.jpg'
14.9250 	EXP 	polygon_2: opacity = 0.0
14.9250 	EXP 	polygon_2: fillColor = '[1. 1. 1.] (rgb)'
14.9581 	EXP 	polygon: opacity = 0.0
14.9581 	EXP 	displayPicture: image = 'C:\\Users\\Employee\\Google Drive\\UP\\MyResearch\\TaskProgramming\\AB_pic\\resources\\dromedary.jpg'
14.9581 	EXP 	polygon_2: opacity = 0.0
14.9581 	EXP 	polygon_2: fillColor = '[1. 1. 1.] (rgb)'
14.9914 	EXP 	polygon: opacity = 0.0
14.9914 	EXP 	displayPicture: image = 'C:\\Users\\Employee\\Google Drive\\UP\\MyResearch\\TaskProgramming\\AB_pic\\resources\\dromedary.jpg'
14.9914 	EXP 	polygon_2: opacity = 1.0
14.9914 	EXP 	polygon_2: fillColor = '[1. 1. 1.] (rgb)'
15.0248 	EXP 	polygon: opacity = 0.0
15.0248 	EXP 	displayPicture: image = 'C:\\Users\\Employee\\Google Drive\\UP\\MyResearch\\TaskProgramming\\AB_pic\\resources\\dromedary.jpg'
15.0248 	EXP 	polygon_2: opacity = 1.0
15.0248 	EXP 	polygon_2: fillColor = '[1. 1. 1.] (rgb)'
15.0580 	EXP 	polygon: opacity = 0.0
15.0580 	EXP 	displayPicture: image = 'C:\\Users\\Employee\\Google Drive\\UP\\MyResearch\\TaskProgramming\\AB_pic\\resources\\dromedary.jpg'
15.0580 	EXP 	polygon_2: opacity = 1.0
15.0580 	EXP 	polygon_2: fillColor = '[1. 1. 1.] (rgb)'
15.0914 	EXP 	polygon: opacity = 0.0
15.0914 	EXP 	displayPicture: image = 'C:\\Users\\Employee\\Google Drive\\UP\\MyResearch\\TaskProgramming\\AB_pic\\resources\\dromedary.jpg'
15.0914 	EXP 	polygon_2: opacity = 1.0
15.0914 	EXP 	polygon_2: fillColor = '[1. 1. 1.] (rgb)'
15.1247 	EXP 	polygon: opacity = 0.0
15.1247 	EXP 	displayPicture: image = 'C:\\Users\\Employee\\Google Drive\\UP\\MyResearch\\TaskProgramming\\AB_pic\\resources\\dromedary.jpg'
15.1247 	EXP 	polygon_2: opacity = 1.0
15.1247 	EXP 	polygon_2: fillColor = '[1. 1. 1.] (rgb)'
15.1580 	EXP 	polygon: opacity = 0.0
15.1580 	EXP 	displayPicture: image = 'C:\\Users\\Employee\\Google Drive\\UP\\MyResearch\\TaskProgramming\\AB_pic\\resources\\dromedary.jpg'
15.1580 	EXP 	polygon_2: opacity = 1.0
15.1580 	EXP 	polygon_2: fillColor = '[1. 1. 1.] (rgb)'
15.1914 	EXP 	polygon: opacity = 0.0
15.1914 	EXP 	displayPicture: image = 'C:\\Users\\Employee\\Google Drive\\UP\\MyResearch\\TaskProgramming\\AB_pic\\resources\\pooltable.jpg'
15.1914 	EXP 	polygon_2: opacity = 0.0
15.1914 	EXP 	polygon_2: fillColor = '[1. 1. 1.] (rgb)'
15.2247 	EXP 	polygon: opacity = 0.0
15.2247 	EXP 	displayPicture: image = 'C:\\Users\\Employee\\Google Drive\\UP\\MyResearch\\TaskProgramming\\AB_pic\\resources\\pooltable.jpg'
15.2247 	EXP 	polygon_2: opacity = 0.0
15.2247 	EXP 	polygon_2: fillColor = '[1. 1. 1.] (rgb)'
15.2580 	EXP 	polygon: opacity = 0.0
15.2580 	EXP 	displayPicture: image = 'C:\\Users\\Employee\\Google Drive\\UP\\MyResearch\\TaskProgramming\\AB_pic\\resources\\pooltable.jpg'
15.2580 	EXP 	polygon_2: opacity = 0.0
15.2580 	EXP 	polygon_2: fillColor = '[1. 1. 1.] (rgb)'
15.2914 	EXP 	polygon: opacity = 0.0
15.2914 	EXP 	displayPicture: image = 'C:\\Users\\Employee\\Google Drive\\UP\\MyResearch\\TaskProgramming\\AB_pic\\resources\\pooltable.jpg'
15.2914 	EXP 	polygon_2: opacity = 1.0
15.2914 	EXP 	polygon_2: fillColor = '[1. 1. 1.] (rgb)'
15.3247 	EXP 	polygon: opacity = 0.0
15.3247 	EXP 	displayPicture: image = 'C:\\Users\\Employee\\Google Drive\\UP\\MyResearch\\TaskProgramming\\AB_pic\\resources\\pooltable.jpg'
15.3247 	EXP 	polygon_2: opacity = 1.0
15.3247 	EXP 	polygon_2: fillColor = '[1. 1. 1.] (rgb)'
15.3581 	EXP 	polygon: opacity = 0.0
15.3581 	EXP 	displayPicture: image = 'C:\\Users\\Employee\\Google Drive\\UP\\MyResearch\\TaskProgramming\\AB_pic\\resources\\pooltable.jpg'
15.3581 	EXP 	polygon_2: opacity = 1.0
15.3581 	EXP 	polygon_2: fillColor = '[1. 1. 1.] (rgb)'
15.3914 	EXP 	polygon: opacity = 0.0
15.3914 	EXP 	displayPicture: image = 'C:\\Users\\Employee\\Google Drive\\UP\\MyResearch\\TaskProgramming\\AB_pic\\resources\\pooltable.jpg'
15.3914 	EXP 	polygon_2: opacity = 1.0
15.3914 	EXP 	polygon_2: fillColor = '[1. 1. 1.] (rgb)'
15.4247 	EXP 	polygon: opacity = 0.0
15.4247 	EXP 	displayPicture: image = 'C:\\Users\\Employee\\Google Drive\\UP\\MyResearch\\TaskProgramming\\AB_pic\\resources\\pooltable.jpg'
15.4247 	EXP 	polygon_2: opacity = 1.0
15.4247 	EXP 	polygon_2: fillColor = '[1. 1. 1.] (rgb)'
15.4581 	EXP 	polygon: opacity = 0.0
15.4581 	EXP 	displayPicture: image = 'C:\\Users\\Employee\\Google Drive\\UP\\MyResearch\\TaskProgramming\\AB_pic\\resources\\pooltable.jpg'
15.4581 	EXP 	polygon_2: opacity = 1.0
15.4581 	EXP 	polygon_2: fillColor = '[1. 1. 1.] (rgb)'
15.4914 	EXP 	polygon: opacity = 1.0
15.4914 	EXP 	displayPicture: image = 'C:\\Users\\Employee\\Google Drive\\UP\\MyResearch\\TaskProgramming\\AB_pic\\resources\\crown.jpg'
15.4914 	EXP 	polygon_2: opacity = 0.0
15.4914 	EXP 	polygon_2: fillColor = '[1. 1. 1.] (rgb)'
15.5247 	EXP 	polygon: opacity = 1.0
15.5247 	EXP 	displayPicture: image = 'C:\\Users\\Employee\\Google Drive\\UP\\MyResearch\\TaskProgramming\\AB_pic\\resources\\crown.jpg'
15.5247 	EXP 	polygon_2: opacity = 0.0
15.5247 	EXP 	polygon_2: fillColor = '[1. 1. 1.] (rgb)'
15.5580 	EXP 	polygon: opacity = 1.0
15.5580 	EXP 	displayPicture: image = 'C:\\Users\\Employee\\Google Drive\\UP\\MyResearch\\TaskProgramming\\AB_pic\\resources\\crown.jpg'
15.5580 	EXP 	polygon_2: opacity = 0.0
15.5580 	EXP 	polygon_2: fillColor = '[1. 1. 1.] (rgb)'
15.5913 	EXP 	polygon: opacity = 1.0
15.5913 	EXP 	displayPicture: image = 'C:\\Users\\Employee\\Google Drive\\UP\\MyResearch\\TaskProgramming\\AB_pic\\resources\\crown.jpg'
15.5913 	EXP 	polygon_2: opacity = 1.0
15.5913 	EXP 	polygon_2: fillColor = '[1. 1. 1.] (rgb)'
15.6247 	EXP 	polygon: opacity = 1.0
15.6247 	EXP 	displayPicture: image = 'C:\\Users\\Employee\\Google Drive\\UP\\MyResearch\\TaskProgramming\\AB_pic\\resources\\crown.jpg'
15.6247 	EXP 	polygon_2: opacity = 1.0
15.6247 	EXP 	polygon_2: fillColor = '[1. 1. 1.] (rgb)'
15.6580 	EXP 	polygon: opacity = 1.0
15.6580 	EXP 	displayPicture: image = 'C:\\Users\\Employee\\Google Drive\\UP\\MyResearch\\TaskProgramming\\AB_pic\\resources\\crown.jpg'
15.6580 	EXP 	polygon_2: opacity = 1.0
15.6580 	EXP 	polygon_2: fillColor = '[1. 1. 1.] (rgb)'
15.6913 	EXP 	polygon: opacity = 1.0
15.6913 	EXP 	displayPicture: image = 'C:\\Users\\Employee\\Google Drive\\UP\\MyResearch\\TaskProgramming\\AB_pic\\resources\\crown.jpg'
15.6913 	EXP 	polygon_2: opacity = 1.0
15.6913 	EXP 	polygon_2: fillColor = '[1. 1. 1.] (rgb)'
15.7247 	EXP 	polygon: opacity = 1.0
15.7247 	EXP 	displayPicture: image = 'C:\\Users\\Employee\\Google Drive\\UP\\MyResearch\\TaskProgramming\\AB_pic\\resources\\crown.jpg'
15.7247 	EXP 	polygon_2: opacity = 1.0
15.7247 	EXP 	polygon_2: fillColor = '[1. 1. 1.] (rgb)'
15.7580 	EXP 	polygon: opacity = 1.0
15.7580 	EXP 	displayPicture: image = 'C:\\Users\\Employee\\Google Drive\\UP\\MyResearch\\TaskProgramming\\AB_pic\\resources\\crown.jpg'
15.7580 	EXP 	polygon_2: opacity = 1.0
15.7580 	EXP 	polygon_2: fillColor = '[1. 1. 1.] (rgb)'
15.7914 	EXP 	polygon: opacity = 0.0
15.7914 	EXP 	displayPicture: image = 'C:\\Users\\Employee\\Google Drive\\UP\\MyResearch\\TaskProgramming\\AB_pic\\resources\\jellybean.jpg'
15.7914 	EXP 	polygon_2: opacity = 0.0
15.7914 	EXP 	polygon_2: fillColor = '[1. 1. 1.] (rgb)'
15.8247 	EXP 	polygon: opacity = 0.0
15.8247 	EXP 	displayPicture: image = 'C:\\Users\\Employee\\Google Drive\\UP\\MyResearch\\TaskProgramming\\AB_pic\\resources\\jellybean.jpg'
15.8247 	EXP 	polygon_2: opacity = 0.0
15.8247 	EXP 	polygon_2: fillColor = '[1. 1. 1.] (rgb)'
15.8580 	EXP 	polygon: opacity = 0.0
15.8580 	EXP 	displayPicture: image = 'C:\\Users\\Employee\\Google Drive\\UP\\MyResearch\\TaskProgramming\\AB_pic\\resources\\jellybean.jpg'
15.8580 	EXP 	polygon_2: opacity = 0.0
15.8580 	EXP 	polygon_2: fillColor = '[1. 1. 1.] (rgb)'
15.8913 	EXP 	polygon: opacity = 0.0
15.8913 	EXP 	displayPicture: image = 'C:\\Users\\Employee\\Google Drive\\UP\\MyResearch\\TaskProgramming\\AB_pic\\resources\\jellybean.jpg'
15.8913 	EXP 	polygon_2: opacity = 1.0
15.8913 	EXP 	polygon_2: fillColor = '[1. 1. 1.] (rgb)'
15.9247 	EXP 	polygon: opacity = 0.0
15.9247 	EXP 	displayPicture: image = 'C:\\Users\\Employee\\Google Drive\\UP\\MyResearch\\TaskProgramming\\AB_pic\\resources\\jellybean.jpg'
15.9247 	EXP 	polygon_2: opacity = 1.0
15.9247 	EXP 	polygon_2: fillColor = '[1. 1. 1.] (rgb)'
15.9580 	EXP 	polygon: opacity = 0.0
15.9580 	EXP 	displayPicture: image = 'C:\\Users\\Employee\\Google Drive\\UP\\MyResearch\\TaskProgramming\\AB_pic\\resources\\jellybean.jpg'
15.9580 	EXP 	polygon_2: opacity = 1.0
15.9580 	EXP 	polygon_2: fillColor = '[1. 1. 1.] (rgb)'
15.9913 	EXP 	polygon: opacity = 0.0
15.9913 	EXP 	displayPicture: image = 'C:\\Users\\Employee\\Google Drive\\UP\\MyResearch\\TaskProgramming\\AB_pic\\resources\\jellybean.jpg'
15.9913 	EXP 	polygon_2: opacity = 1.0
15.9913 	EXP 	polygon_2: fillColor = '[1. 1. 1.] (rgb)'
16.0247 	EXP 	polygon: opacity = 0.0
16.0247 	EXP 	displayPicture: image = 'C:\\Users\\Employee\\Google Drive\\UP\\MyResearch\\TaskProgramming\\AB_pic\\resources\\jellybean.jpg'
16.0247 	EXP 	polygon_2: opacity = 1.0
16.0247 	EXP 	polygon_2: fillColor = '[1. 1. 1.] (rgb)'
16.0580 	EXP 	polygon: opacity = 0.0
16.0580 	EXP 	displayPicture: image = 'C:\\Users\\Employee\\Google Drive\\UP\\MyResearch\\TaskProgramming\\AB_pic\\resources\\jellybean.jpg'
16.0580 	EXP 	polygon_2: opacity = 1.0
16.0580 	EXP 	polygon_2: fillColor = '[1. 1. 1.] (rgb)'
16.0913 	EXP 	polygon: opacity = 1.0
16.0913 	EXP 	displayPicture: image = 'C:\\Users\\Employee\\Google Drive\\UP\\MyResearch\\TaskProgramming\\AB_pic\\resources\\snowshovel.jpg'
16.0913 	EXP 	polygon_2: opacity = 0.0
16.0913 	EXP 	polygon_2: fillColor = '[1. 1. 1.] (rgb)'
16.1247 	EXP 	polygon: opacity = 1.0
16.1247 	EXP 	displayPicture: image = 'C:\\Users\\Employee\\Google Drive\\UP\\MyResearch\\TaskProgramming\\AB_pic\\resources\\snowshovel.jpg'
16.1247 	EXP 	polygon_2: opacity = 0.0
16.1247 	EXP 	polygon_2: fillColor = '[1. 1. 1.] (rgb)'
16.1580 	EXP 	polygon: opacity = 1.0
16.1580 	EXP 	displayPicture: image = 'C:\\Users\\Employee\\Google Drive\\UP\\MyResearch\\TaskProgramming\\AB_pic\\resources\\snowshovel.jpg'
16.1580 	EXP 	polygon_2: opacity = 0.0
16.1580 	EXP 	polygon_2: fillColor = '[1. 1. 1.] (rgb)'
16.1913 	EXP 	polygon: opacity = 1.0
16.1913 	EXP 	displayPicture: image = 'C:\\Users\\Employee\\Google Drive\\UP\\MyResearch\\TaskProgramming\\AB_pic\\resources\\snowshovel.jpg'
16.1913 	EXP 	polygon_2: opacity = 1.0
16.1913 	EXP 	polygon_2: fillColor = '[1. 1. 1.] (rgb)'
16.2246 	EXP 	polygon: opacity = 1.0
16.2246 	EXP 	displayPicture: image = 'C:\\Users\\Employee\\Google Drive\\UP\\MyResearch\\TaskProgramming\\AB_pic\\resources\\snowshovel.jpg'
16.2246 	EXP 	polygon_2: opacity = 1.0
16.2246 	EXP 	polygon_2: fillColor = '[1. 1. 1.] (rgb)'
16.2580 	EXP 	polygon: opacity = 1.0
16.2580 	EXP 	displayPicture: image = 'C:\\Users\\Employee\\Google Drive\\UP\\MyResearch\\TaskProgramming\\AB_pic\\resources\\snowshovel.jpg'
16.2580 	EXP 	polygon_2: opacity = 1.0
16.2580 	EXP 	polygon_2: fillColor = '[1. 1. 1.] (rgb)'
16.2913 	EXP 	polygon: opacity = 1.0
16.2913 	EXP 	displayPicture: image = 'C:\\Users\\Employee\\Google Drive\\UP\\MyResearch\\TaskProgramming\\AB_pic\\resources\\snowshovel.jpg'
16.2913 	EXP 	polygon_2: opacity = 1.0
16.2913 	EXP 	polygon_2: fillColor = '[1. 1. 1.] (rgb)'
16.3247 	EXP 	polygon: opacity = 1.0
16.3247 	EXP 	displayPicture: image = 'C:\\Users\\Employee\\Google Drive\\UP\\MyResearch\\TaskProgramming\\AB_pic\\resources\\snowshovel.jpg'
16.3247 	EXP 	polygon_2: opacity = 1.0
16.3247 	EXP 	polygon_2: fillColor = '[1. 1. 1.] (rgb)'
16.3580 	EXP 	polygon: opacity = 1.0
16.3580 	EXP 	displayPicture: image = 'C:\\Users\\Employee\\Google Drive\\UP\\MyResearch\\TaskProgramming\\AB_pic\\resources\\snowshovel.jpg'
16.3580 	EXP 	polygon_2: opacity = 1.0
16.3580 	EXP 	polygon_2: fillColor = '[1. 1. 1.] (rgb)'
16.3913 	EXP 	polygon: opacity = 0.0
16.3913 	EXP 	displayPicture: image = 'C:\\Users\\Employee\\Google Drive\\UP\\MyResearch\\TaskProgramming\\AB_pic\\resources\\rooster.jpg'
16.3913 	EXP 	polygon_2: opacity = 0.0
16.3913 	EXP 	polygon_2: fillColor = '[1. 1. 1.] (rgb)'
16.4246 	EXP 	polygon: opacity = 0.0
16.4246 	EXP 	displayPicture: image = 'C:\\Users\\Employee\\Google Drive\\UP\\MyResearch\\TaskProgramming\\AB_pic\\resources\\rooster.jpg'
16.4246 	EXP 	polygon_2: opacity = 0.0
16.4246 	EXP 	polygon_2: fillColor = '[1. 1. 1.] (rgb)'
16.4580 	EXP 	polygon: opacity = 0.0
16.4580 	EXP 	displayPicture: image = 'C:\\Users\\Employee\\Google Drive\\UP\\MyResearch\\TaskProgramming\\AB_pic\\resources\\rooster.jpg'
16.4580 	EXP 	polygon_2: opacity = 0.0
16.4580 	EXP 	polygon_2: fillColor = '[1. 1. 1.] (rgb)'
16.4913 	EXP 	polygon: opacity = 0.0
16.4913 	EXP 	displayPicture: image = 'C:\\Users\\Employee\\Google Drive\\UP\\MyResearch\\TaskProgramming\\AB_pic\\resources\\rooster.jpg'
16.4913 	EXP 	polygon_2: opacity = 1.0
16.4913 	EXP 	polygon_2: fillColor = '[1. 1. 1.] (rgb)'
16.5246 	EXP 	polygon: opacity = 0.0
16.5246 	EXP 	displayPicture: image = 'C:\\Users\\Employee\\Google Drive\\UP\\MyResearch\\TaskProgramming\\AB_pic\\resources\\rooster.jpg'
16.5246 	EXP 	polygon_2: opacity = 1.0
16.5246 	EXP 	polygon_2: fillColor = '[1. 1. 1.] (rgb)'
16.5580 	EXP 	polygon: opacity = 0.0
16.5580 	EXP 	displayPicture: image = 'C:\\Users\\Employee\\Google Drive\\UP\\MyResearch\\TaskProgramming\\AB_pic\\resources\\rooster.jpg'
16.5580 	EXP 	polygon_2: opacity = 1.0
16.5580 	EXP 	polygon_2: fillColor = '[1. 1. 1.] (rgb)'
16.5913 	EXP 	polygon: opacity = 0.0
16.5913 	EXP 	displayPicture: image = 'C:\\Users\\Employee\\Google Drive\\UP\\MyResearch\\TaskProgramming\\AB_pic\\resources\\rooster.jpg'
16.5913 	EXP 	polygon_2: opacity = 1.0
16.5913 	EXP 	polygon_2: fillColor = '[1. 1. 1.] (rgb)'
16.6246 	EXP 	polygon: opacity = 0.0
16.6246 	EXP 	displayPicture: image = 'C:\\Users\\Employee\\Google Drive\\UP\\MyResearch\\TaskProgramming\\AB_pic\\resources\\rooster.jpg'
16.6246 	EXP 	polygon_2: opacity = 1.0
16.6246 	EXP 	polygon_2: fillColor = '[1. 1. 1.] (rgb)'
16.6579 	EXP 	polygon: opacity = 0.0
16.6579 	EXP 	displayPicture: image = 'C:\\Users\\Employee\\Google Drive\\UP\\MyResearch\\TaskProgramming\\AB_pic\\resources\\rooster.jpg'
16.6579 	EXP 	polygon_2: opacity = 1.0
16.6579 	EXP 	polygon_2: fillColor = '[1. 1. 1.] (rgb)'
16.6913 	EXP 	polygon: opacity = 0.0
16.6913 	EXP 	displayPicture: image = 'C:\\Users\\Employee\\Google Drive\\UP\\MyResearch\\TaskProgramming\\AB_pic\\resources\\foosballtable.jpg'
16.6913 	EXP 	polygon_2: opacity = 0.0
16.6913 	EXP 	polygon_2: fillColor = '[1. 1. 1.] (rgb)'
16.7246 	EXP 	polygon: opacity = 0.0
16.7246 	EXP 	displayPicture: image = 'C:\\Users\\Employee\\Google Drive\\UP\\MyResearch\\TaskProgramming\\AB_pic\\resources\\foosballtable.jpg'
16.7246 	EXP 	polygon_2: opacity = 0.0
16.7246 	EXP 	polygon_2: fillColor = '[1. 1. 1.] (rgb)'
16.7579 	EXP 	polygon: opacity = 0.0
16.7579 	EXP 	displayPicture: image = 'C:\\Users\\Employee\\Google Drive\\UP\\MyResearch\\TaskProgramming\\AB_pic\\resources\\foosballtable.jpg'
16.7579 	EXP 	polygon_2: opacity = 0.0
16.7579 	EXP 	polygon_2: fillColor = '[1. 1. 1.] (rgb)'
16.7913 	EXP 	polygon: opacity = 0.0
16.7913 	EXP 	displayPicture: image = 'C:\\Users\\Employee\\Google Drive\\UP\\MyResearch\\TaskProgramming\\AB_pic\\resources\\foosballtable.jpg'
16.7913 	EXP 	polygon_2: opacity = 1.0
16.7913 	EXP 	polygon_2: fillColor = '[1. 1. 1.] (rgb)'
16.8246 	EXP 	polygon: opacity = 0.0
16.8246 	EXP 	displayPicture: image = 'C:\\Users\\Employee\\Google Drive\\UP\\MyResearch\\TaskProgramming\\AB_pic\\resources\\foosballtable.jpg'
16.8246 	EXP 	polygon_2: opacity = 1.0
16.8246 	EXP 	polygon_2: fillColor = '[1. 1. 1.] (rgb)'
16.8579 	EXP 	polygon: opacity = 0.0
16.8579 	EXP 	displayPicture: image = 'C:\\Users\\Employee\\Google Drive\\UP\\MyResearch\\TaskProgramming\\AB_pic\\resources\\foosballtable.jpg'
16.8579 	EXP 	polygon_2: opacity = 1.0
16.8579 	EXP 	polygon_2: fillColor = '[1. 1. 1.] (rgb)'
16.8913 	EXP 	polygon: opacity = 0.0
16.8913 	EXP 	displayPicture: image = 'C:\\Users\\Employee\\Google Drive\\UP\\MyResearch\\TaskProgramming\\AB_pic\\resources\\foosballtable.jpg'
16.8913 	EXP 	polygon_2: opacity = 1.0
16.8913 	EXP 	polygon_2: fillColor = '[1. 1. 1.] (rgb)'
16.9246 	EXP 	polygon: opacity = 0.0
16.9246 	EXP 	displayPicture: image = 'C:\\Users\\Employee\\Google Drive\\UP\\MyResearch\\TaskProgramming\\AB_pic\\resources\\foosballtable.jpg'
16.9246 	EXP 	polygon_2: opacity = 1.0
16.9246 	EXP 	polygon_2: fillColor = '[1. 1. 1.] (rgb)'
16.9579 	EXP 	polygon: opacity = 0.0
16.9579 	EXP 	displayPicture: image = 'C:\\Users\\Employee\\Google Drive\\UP\\MyResearch\\TaskProgramming\\AB_pic\\resources\\foosballtable.jpg'
16.9579 	EXP 	polygon_2: opacity = 1.0
16.9579 	EXP 	polygon_2: fillColor = '[1. 1. 1.] (rgb)'
16.9912 	EXP 	polygon: opacity = 0.0
16.9912 	EXP 	displayPicture: image = 'C:\\Users\\Employee\\Google Drive\\UP\\MyResearch\\TaskProgramming\\AB_pic\\resources\\volleyball.jpg'
16.9912 	EXP 	polygon_2: opacity = 0.0
16.9912 	EXP 	polygon_2: fillColor = '[1. 1. 1.] (rgb)'
17.0246 	EXP 	polygon: opacity = 0.0
17.0246 	EXP 	displayPicture: image = 'C:\\Users\\Employee\\Google Drive\\UP\\MyResearch\\TaskProgramming\\AB_pic\\resources\\volleyball.jpg'
17.0246 	EXP 	polygon_2: opacity = 0.0
17.0246 	EXP 	polygon_2: fillColor = '[1. 1. 1.] (rgb)'
17.0579 	EXP 	polygon: opacity = 0.0
17.0579 	EXP 	displayPicture: image = 'C:\\Users\\Employee\\Google Drive\\UP\\MyResearch\\TaskProgramming\\AB_pic\\resources\\volleyball.jpg'
17.0579 	EXP 	polygon_2: opacity = 0.0
17.0579 	EXP 	polygon_2: fillColor = '[1. 1. 1.] (rgb)'
17.0912 	EXP 	polygon: opacity = 0.0
17.0912 	EXP 	displayPicture: image = 'C:\\Users\\Employee\\Google Drive\\UP\\MyResearch\\TaskProgramming\\AB_pic\\resources\\volleyball.jpg'
17.0912 	EXP 	polygon_2: opacity = 1.0
17.0912 	EXP 	polygon_2: fillColor = '[1. 1. 1.] (rgb)'
17.1246 	EXP 	polygon: opacity = 0.0
17.1246 	EXP 	displayPicture: image = 'C:\\Users\\Employee\\Google Drive\\UP\\MyResearch\\TaskProgramming\\AB_pic\\resources\\volleyball.jpg'
17.1246 	EXP 	polygon_2: opacity = 1.0
17.1246 	EXP 	polygon_2: fillColor = '[1. 1. 1.] (rgb)'
17.1579 	EXP 	polygon: opacity = 0.0
17.1579 	EXP 	displayPicture: image = 'C:\\Users\\Employee\\Google Drive\\UP\\MyResearch\\TaskProgramming\\AB_pic\\resources\\volleyball.jpg'
17.1579 	EXP 	polygon_2: opacity = 1.0
17.1579 	EXP 	polygon_2: fillColor = '[1. 1. 1.] (rgb)'
17.1912 	EXP 	polygon: opacity = 0.0
17.1912 	EXP 	displayPicture: image = 'C:\\Users\\Employee\\Google Drive\\UP\\MyResearch\\TaskProgramming\\AB_pic\\resources\\volleyball.jpg'
17.1912 	EXP 	polygon_2: opacity = 1.0
17.1912 	EXP 	polygon_2: fillColor = '[1. 1. 1.] (rgb)'
17.2246 	EXP 	polygon: opacity = 0.0
17.2246 	EXP 	displayPicture: image = 'C:\\Users\\Employee\\Google Drive\\UP\\MyResearch\\TaskProgramming\\AB_pic\\resources\\volleyball.jpg'
17.2246 	EXP 	polygon_2: opacity = 1.0
17.2246 	EXP 	polygon_2: fillColor = '[1. 1. 1.] (rgb)'
17.2579 	EXP 	polygon: opacity = 0.0
17.2579 	EXP 	displayPicture: image = 'C:\\Users\\Employee\\Google Drive\\UP\\MyResearch\\TaskProgramming\\AB_pic\\resources\\volleyball.jpg'
17.2579 	EXP 	polygon_2: opacity = 1.0
17.2579 	EXP 	polygon_2: fillColor = '[1. 1. 1.] (rgb)'
17.2912 	EXP 	polygon: opacity = 0.0
17.2912 	EXP 	displayPicture: image = 'C:\\Users\\Employee\\Google Drive\\UP\\MyResearch\\TaskProgramming\\AB_pic\\resources\\volleyball.jpg'
17.2912 	EXP 	polygon_2: opacity = 0.0
17.2912 	EXP 	polygon_2: fillColor = '[1. 1. 1.] (rgb)'
17.2912 	EXP 	polygon: autoDraw = False
17.2912 	EXP 	displayPicture: autoDraw = False
17.2912 	EXP 	polygon_2: autoDraw = False
17.2912 	EXP 	option1_t1: image = 'C:\\Users\\Employee\\Google Drive\\UP\\MyResearch\\TaskProgramming\\AB_pic\\resources\\crown.jpg'
17.2912 	EXP 	option2_t1: image = 'C:\\Users\\Employee\\Google Drive\\UP\\MyResearch\\TaskProgramming\\AB_pic\\resources\\snowboard.jpg'
17.2912 	EXP 	option1_t1: autoDraw = True
17.2912 	EXP 	option2_t1: autoDraw = True
18.5287 	DATA 	Keypress: escape
18.6723 	EXP 	window1: mouseVisible = True
