0.7715 	WARNING 	We strongly recommend you activate the PTB sound engine in PsychoPy prefs as the preferred audio engine. Its timing is vastly superior. Your prefs are currently set to use ['sounddevice', 'PTB', 'pyo', 'pygame'] (in that order).
3.7669 	WARNING 	User requested fullscreen with size [1024  768], but screen is actually [1920, 1080]. Using actual size
4.6239 	EXP 	Created window1 = Window(allowGUI=False, allowStencil=False, autoLog=True, backendConf=UNKNOWN, bitsMode=UNKNOWN, blendMode='avg', bpc=(8, 8, 8), color=array([0, 0, 0]), colorSpace='rgb', depthBits=8, fullscr=<method-wrapper '__getattribute__' of attributeSetter object at 0x000002558C362F60>, gamma=None, gammaErrorPolicy='raise', lms=UNKNOWN, monitor=<psychopy.monitors.calibTools.Monitor object at 0x000002558C2C0630>, multiSample=False, name='window1', numSamples=2, pos=[0.0, 0.0], screen=0, size=array([1920, 1080]), stencilBits=0, stereo=False, units='height', useFBO=True, useRetina=False, viewOri=0.0, viewPos=None, viewScale=None, waitBlanking=True, winType='pyglet')
4.6243 	EXP 	window1: mouseVisible = True
4.6243 	EXP 	window1: recordFrameIntervals = False
4.7903 	EXP 	window1: recordFrameIntervals = True
4.9737 	EXP 	window1: recordFrameIntervals = False
5.1432 	EXP 	Created option1 = ImageStim(__class__=<class 'psychopy.visual.image.ImageStim'>, autoLog=True, color=array([1, 1, 1]), colorSpace='rgb', contrast=1.0, depth=-1.0, flipHoriz=False, flipVert=False, image='sin', interpolate=True, mask=None, maskParams=None, name='option1', opacity=1, ori=0.0, pos=array([0. , 0.3]), size=array([0.25, 0.25]), texRes=128, units='height', win=Window(...))
5.2034 	EXP 	Created text_2 = TextStim(__class__=<class 'psychopy.visual.text.TextStim'>, alignHoriz=method-wrapper(...), alignText='center', alignVert=method-wrapper(...), anchorHoriz='center', anchorVert='center', antialias=True, autoLog=True, bold=False, color=array([1, 1, 1]), colorSpace='rgb', contrast=1.0, depth=-2.0, flipHoriz=False, flipVert=False, font='Arial', fontFiles=[], height=0.1, italic=False, languageStyle='LTR', name='text_2', opacity=1, ori=0, pos=array([0., 0.]), rgb=UNKNOWN, text='+', units='height', win=Window(...), wrapWidth=1)
5.2071 	EXP 	Created displayPicture = ImageStim(__class__=<class 'psychopy.visual.image.ImageStim'>, autoLog=True, color=array([1, 1, 1]), colorSpace='rgb', contrast=1.0, depth=-6.0, flipHoriz=False, flipVert=False, image='sin', interpolate=True, mask=None, maskParams=None, name='displayPicture', opacity=1, ori=0.0, pos=array([0., 0.]), size=array([0.25, 0.25]), texRes=128, units='height', win=Window(...))
5.2079 	EXP 	Created polygon_2 = Rect(__class__=<class 'psychopy.visual.rect.Rect'>, autoDraw=False, autoLog=True, closeShape=True, color=method-wrapper(...), colorSpace='rgb', contrast=None, depth=-7.0, fillColor=array([1, 1, 1]), fillColorSpace='rgb', fillRGB=UNKNOWN, interpolate=True, lineColor=array([1, 1, 1]), lineColorSpace='rgb', lineRGB=UNKNOWN, lineWidth=0, name='polygon_2', opacity=1.0, ori=0.0, pos=array([0., 0.]), size=array([0.25, 0.25]), units='height', vertices=ndarray(...), win=Window(...))
5.2087 	EXP 	Created polygon_4 = ShapeStim(__class__=<class 'psychopy.visual.shape.ShapeStim'>, autoDraw=False, autoLog=True, closeShape=True, color=method-wrapper(...), colorSpace='rgb', contrast=None, depth=0.0, fillColor=array([1, 0, 0]), fillColorSpace='rgb', fillRGB=UNKNOWN, interpolate=True, lineColor=array([1, 1, 1]), lineColorSpace='rgb', lineRGB=UNKNOWN, lineWidth=1, name='polygon_4', opacity=1, ori=0.0, pos=array([0., 0.]), size=array([1., 1.]), units='height', vertices=ndarray(...), win=Window(...), windingRule=None)
5.2129 	EXP 	Created option1_t1 = ImageStim(__class__=<class 'psychopy.visual.image.ImageStim'>, autoLog=True, color=array([1, 1, 1]), colorSpace='rgb', contrast=1.0, depth=-2.0, flipHoriz=False, flipVert=False, image='sin', interpolate=True, mask=None, maskParams=None, name='option1_t1', opacity=1, ori=0.0, pos=array([0., 0.]), size=array([0.25, 0.25]), texRes=128, units='height', win=Window(...))
5.2140 	EXP 	Created polygon_5 = ShapeStim(__class__=<class 'psychopy.visual.shape.ShapeStim'>, autoDraw=False, autoLog=True, closeShape=True, color=method-wrapper(...), colorSpace='rgb', contrast=None, depth=0.0, fillColor=array([0, 0, 1]), fillColorSpace='rgb', fillRGB=UNKNOWN, interpolate=True, lineColor=array([1, 1, 1]), lineColorSpace='rgb', lineRGB=UNKNOWN, lineWidth=1, name='polygon_5', opacity=1, ori=0.0, pos=array([0., 0.]), size=array([0.7, 0.7]), units='height', vertices=ndarray(...), win=Window(...), windingRule=None)
5.2417 	EXP 	Created option1_3 = ImageStim(__class__=<class 'psychopy.visual.image.ImageStim'>, autoLog=True, color=array([1, 1, 1]), colorSpace='rgb', contrast=1.0, depth=-1.0, flipHoriz=False, flipVert=False, image='sin', interpolate=True, mask=None, maskParams=None, name='option1_3', opacity=1, ori=0.0, pos=array([0. , 0.3]), size=array([0.25, 0.25]), texRes=128, units='height', win=Window(...))
5.2432 	EXP 	Created text_7 = TextStim(__class__=<class 'psychopy.visual.text.TextStim'>, alignHoriz=method-wrapper(...), alignText='center', alignVert=method-wrapper(...), anchorHoriz='center', anchorVert='center', antialias=True, autoLog=True, bold=False, color=array([1, 1, 1]), colorSpace='rgb', contrast=1.0, depth=-2.0, flipHoriz=False, flipVert=False, font='Arial', fontFiles=[], height=0.1, italic=False, languageStyle='LTR', name='text_7', opacity=1, ori=0, pos=array([0., 0.]), rgb=UNKNOWN, text='+', units='height', win=Window(...), wrapWidth=1)
5.2503 	EXP 	Created displayPicture_4 = ImageStim(__class__=<class 'psychopy.visual.image.ImageStim'>, autoLog=True, color=array([1, 1, 1]), colorSpace='rgb', contrast=1.0, depth=-6.0, flipHoriz=False, flipVert=False, image='sin', interpolate=True, mask=None, maskParams=None, name='displayPicture_4', opacity=1, ori=0.0, pos=array([0., 0.]), size=array([0.25, 0.25]), texRes=128, units='height', win=Window(...))
5.2511 	EXP 	Created polygon_16 = Rect(__class__=<class 'psychopy.visual.rect.Rect'>, autoDraw=False, autoLog=True, closeShape=True, color=method-wrapper(...), colorSpace='rgb', contrast=None, depth=-7.0, fillColor=array([1, 1, 1]), fillColorSpace='rgb', fillRGB=UNKNOWN, interpolate=True, lineColor=array([1, 1, 1]), lineColorSpace='rgb', lineRGB=UNKNOWN, lineWidth=0, name='polygon_16', opacity=1.0, ori=0.0, pos=array([0., 0.]), size=array([0.25, 0.25]), units='height', vertices=ndarray(...), win=Window(...))
5.2519 	EXP 	Created polygon_7 = ShapeStim(__class__=<class 'psychopy.visual.shape.ShapeStim'>, autoDraw=False, autoLog=True, closeShape=True, color=method-wrapper(...), colorSpace='rgb', contrast=None, depth=0.0, fillColor=array([1, 0, 0]), fillColorSpace='rgb', fillRGB=UNKNOWN, interpolate=True, lineColor=array([1, 1, 1]), lineColorSpace='rgb', lineRGB=UNKNOWN, lineWidth=1, name='polygon_7', opacity=1, ori=0.0, pos=array([0., 0.]), size=array([1., 1.]), units='height', vertices=ndarray(...), win=Window(...), windingRule=None)
5.2566 	EXP 	Created option1_t1_2 = ImageStim(__class__=<class 'psychopy.visual.image.ImageStim'>, autoLog=True, color=array([1, 1, 1]), colorSpace='rgb', contrast=1.0, depth=-2.0, flipHoriz=False, flipVert=False, image='sin', interpolate=True, mask=None, maskParams=None, name='option1_t1_2', opacity=1, ori=0.0, pos=array([0., 0.]), size=array([0.25, 0.25]), texRes=128, units='height', win=Window(...))
5.2576 	EXP 	Created polygon_17 = ShapeStim(__class__=<class 'psychopy.visual.shape.ShapeStim'>, autoDraw=False, autoLog=True, closeShape=True, color=method-wrapper(...), colorSpace='rgb', contrast=None, depth=0.0, fillColor=array([0, 0, 1]), fillColorSpace='rgb', fillRGB=UNKNOWN, interpolate=True, lineColor=array([1, 1, 1]), lineColorSpace='rgb', lineRGB=UNKNOWN, lineWidth=1, name='polygon_17', opacity=1, ori=0.0, pos=array([0., 0.]), size=array([0.7, 0.7]), units='height', vertices=ndarray(...), win=Window(...), windingRule=None)
5.3275 	EXP 	textbox: autoLog = True
5.3275 	EXP 	textbox_2: autoLog = True
5.3275 	EXP 	textbox_3: autoLog = True
5.3275 	EXP 	textbox_6: autoLog = True
5.3275 	EXP 	textbox_4: autoLog = True
5.3275 	EXP 	textbox_5: autoLog = True
5.3275 	EXP 	textbox_6: autoLog = True
5.3275 	EXP 	textbox: autoDraw = True
5.7860 	EXP 	Imported conditionAB.xlsx as conditions, 14 conditions, 8 params
5.7863 	EXP 	Created sequence: random, trialTypes=14, nReps=1, seed=None
5.7866 	EXP 	New trial (rep=0, index=0): {'trialType': 'AB', 'cndTyp': 'lag1', 'lag': 1, 'T1_loc': 4, 'T2_loc': 5, 'stimLen': 0.2, 'isi': 0.05, 'skipProb': 0.5}
5.7961 	DATA 	Keypress: space
5.8068 	EXP 	textbox: autoDraw = False
5.8068 	EXP 	option1: image = '.\\resources\\ostrich.jpg'
5.8068 	EXP 	option1: autoDraw = True
8.2896 	EXP 	text_2: autoDraw = True
8.5567 	EXP 	option1: autoDraw = False
8.8066 	EXP 	text_2: autoDraw = False
8.8066 	EXP 	option1: autoDraw = False
8.8066 	EXP 	text_2: autoDraw = False
8.8066 	EXP 	displayPicture: autoDraw = True
8.8066 	EXP 	displayPicture: image = '.\\resources\\swordfish.jpg'
8.8066 	EXP 	polygon_2: autoDraw = True
8.8233 	EXP 	displayPicture: image = '.\\resources\\swordfish.jpg'
8.8400 	EXP 	displayPicture: image = '.\\resources\\swordfish.jpg'
8.8567 	EXP 	displayPicture: image = '.\\resources\\swordfish.jpg'
8.8733 	EXP 	displayPicture: image = '.\\resources\\swordfish.jpg'
8.8900 	EXP 	displayPicture: image = '.\\resources\\swordfish.jpg'
8.9067 	EXP 	displayPicture: image = '.\\resources\\swordfish.jpg'
8.9233 	EXP 	displayPicture: image = '.\\resources\\swordfish.jpg'
8.9400 	EXP 	displayPicture: image = '.\\resources\\swordfish.jpg'
8.9566 	EXP 	displayPicture: image = '.\\resources\\swordfish.jpg'
8.9733 	EXP 	displayPicture: image = '.\\resources\\swordfish.jpg'
8.9900 	EXP 	displayPicture: image = '.\\resources\\swordfish.jpg'
9.0066 	EXP 	displayPicture: image = '.\\resources\\swordfish.jpg'
9.0233 	EXP 	displayPicture: image = '.\\resources\\swordfish.jpg'
9.0400 	EXP 	displayPicture: image = '.\\resources\\christmaslights.jpg'
9.0566 	EXP 	displayPicture: image = '.\\resources\\christmaslights.jpg'
9.0733 	EXP 	displayPicture: image = '.\\resources\\christmaslights.jpg'
9.0900 	EXP 	displayPicture: image = '.\\resources\\christmaslights.jpg'
9.1067 	EXP 	displayPicture: image = '.\\resources\\christmaslights.jpg'
9.1233 	EXP 	displayPicture: image = '.\\resources\\christmaslights.jpg'
9.1399 	EXP 	displayPicture: image = '.\\resources\\christmaslights.jpg'
9.1566 	EXP 	displayPicture: image = '.\\resources\\christmaslights.jpg'
9.1733 	EXP 	displayPicture: image = '.\\resources\\christmaslights.jpg'
9.1900 	EXP 	displayPicture: image = '.\\resources\\christmaslights.jpg'
9.2066 	EXP 	displayPicture: image = '.\\resources\\christmaslights.jpg'
9.2233 	EXP 	displayPicture: image = '.\\resources\\christmaslights.jpg'
9.2399 	EXP 	displayPicture: image = '.\\resources\\christmaslights.jpg'
9.2566 	EXP 	displayPicture: image = '.\\resources\\christmaslights.jpg'
9.2733 	EXP 	displayPicture: image = '.\\resources\\christmaslights.jpg'
9.2899 	EXP 	displayPicture: image = '.\\resources\\chimney.jpg'
9.3066 	EXP 	displayPicture: image = '.\\resources\\chimney.jpg'
9.3233 	EXP 	displayPicture: image = '.\\resources\\chimney.jpg'
9.3399 	EXP 	displayPicture: image = '.\\resources\\chimney.jpg'
9.3566 	EXP 	displayPicture: image = '.\\resources\\chimney.jpg'
9.3733 	EXP 	displayPicture: image = '.\\resources\\chimney.jpg'
9.3896 	EXP 	displayPicture: image = '.\\resources\\chimney.jpg'
9.4063 	EXP 	displayPicture: image = '.\\resources\\chimney.jpg'
9.4229 	EXP 	displayPicture: image = '.\\resources\\chimney.jpg'
9.4396 	EXP 	displayPicture: image = '.\\resources\\chimney.jpg'
9.4562 	EXP 	displayPicture: image = '.\\resources\\chimney.jpg'
9.4729 	EXP 	displayPicture: image = '.\\resources\\chimney.jpg'
9.4896 	EXP 	displayPicture: image = '.\\resources\\chimney.jpg'
9.5062 	EXP 	displayPicture: image = '.\\resources\\chimney.jpg'
9.5229 	EXP 	displayPicture: image = '.\\resources\\chimney.jpg'
9.5396 	EXP 	displayPicture: image = '.\\resources\\ostrich.jpg'
9.5563 	EXP 	displayPicture: image = '.\\resources\\ostrich.jpg'
9.5730 	EXP 	displayPicture: image = '.\\resources\\ostrich.jpg'
9.5896 	EXP 	displayPicture: image = '.\\resources\\ostrich.jpg'
9.6062 	EXP 	displayPicture: image = '.\\resources\\ostrich.jpg'
9.6229 	EXP 	displayPicture: image = '.\\resources\\ostrich.jpg'
9.6396 	EXP 	displayPicture: image = '.\\resources\\ostrich.jpg'
9.6562 	EXP 	displayPicture: image = '.\\resources\\ostrich.jpg'
9.6729 	EXP 	displayPicture: image = '.\\resources\\ostrich.jpg'
9.6896 	EXP 	displayPicture: image = '.\\resources\\ostrich.jpg'
9.7062 	EXP 	displayPicture: image = '.\\resources\\ostrich.jpg'
9.7229 	EXP 	displayPicture: image = '.\\resources\\ostrich.jpg'
9.7396 	EXP 	displayPicture: image = '.\\resources\\ostrich.jpg'
9.7562 	EXP 	displayPicture: image = '.\\resources\\ostrich.jpg'
9.7729 	EXP 	displayPicture: image = '.\\resources\\ostrich.jpg'
9.7896 	EXP 	displayPicture: image = 'blender.jpg'
9.8062 	EXP 	displayPicture: image = 'blender.jpg'
9.8229 	EXP 	displayPicture: image = 'blender.jpg'
9.8396 	EXP 	displayPicture: image = 'blender.jpg'
9.8562 	EXP 	displayPicture: image = 'blender.jpg'
9.8729 	EXP 	displayPicture: image = 'blender.jpg'
9.8896 	EXP 	displayPicture: image = 'blender.jpg'
9.9062 	EXP 	displayPicture: image = 'blender.jpg'
9.9229 	EXP 	displayPicture: image = 'blender.jpg'
9.9395 	EXP 	displayPicture: image = 'blender.jpg'
9.9562 	EXP 	displayPicture: image = 'blender.jpg'
9.9729 	EXP 	displayPicture: image = 'blender.jpg'
9.9895 	EXP 	displayPicture: image = 'blender.jpg'
10.0062 	EXP 	displayPicture: image = 'blender.jpg'
10.0229 	EXP 	displayPicture: image = 'blender.jpg'
10.0395 	EXP 	displayPicture: image = '.\\resources\\drumset.jpg'
10.0562 	EXP 	displayPicture: image = '.\\resources\\drumset.jpg'
10.0729 	EXP 	displayPicture: image = '.\\resources\\drumset.jpg'
10.0895 	EXP 	displayPicture: image = '.\\resources\\drumset.jpg'
10.1062 	EXP 	displayPicture: image = '.\\resources\\drumset.jpg'
10.1229 	EXP 	displayPicture: image = '.\\resources\\drumset.jpg'
10.1395 	EXP 	displayPicture: image = '.\\resources\\drumset.jpg'
10.1562 	EXP 	displayPicture: image = '.\\resources\\drumset.jpg'
10.1729 	EXP 	displayPicture: image = '.\\resources\\drumset.jpg'
10.1895 	EXP 	displayPicture: image = '.\\resources\\drumset.jpg'
10.2062 	EXP 	displayPicture: image = '.\\resources\\drumset.jpg'
10.2229 	EXP 	displayPicture: image = '.\\resources\\drumset.jpg'
10.2395 	EXP 	displayPicture: image = '.\\resources\\drumset.jpg'
10.2562 	EXP 	displayPicture: image = '.\\resources\\drumset.jpg'
10.2729 	EXP 	displayPicture: image = '.\\resources\\drumset.jpg'
10.2895 	EXP 	displayPicture: image = '.\\resources\\dandelion.jpg'
10.3062 	EXP 	displayPicture: image = '.\\resources\\dandelion.jpg'
10.3229 	EXP 	displayPicture: image = '.\\resources\\dandelion.jpg'
10.3395 	EXP 	displayPicture: image = '.\\resources\\dandelion.jpg'
10.3562 	EXP 	displayPicture: image = '.\\resources\\dandelion.jpg'
10.3728 	EXP 	displayPicture: image = '.\\resources\\dandelion.jpg'
10.3895 	EXP 	displayPicture: image = '.\\resources\\dandelion.jpg'
10.4062 	EXP 	displayPicture: image = '.\\resources\\dandelion.jpg'
10.4229 	EXP 	displayPicture: image = '.\\resources\\dandelion.jpg'
10.4395 	EXP 	displayPicture: image = '.\\resources\\dandelion.jpg'
10.4562 	EXP 	displayPicture: image = '.\\resources\\dandelion.jpg'
10.4728 	EXP 	displayPicture: image = '.\\resources\\dandelion.jpg'
10.4895 	EXP 	displayPicture: image = '.\\resources\\dandelion.jpg'
10.5062 	EXP 	displayPicture: image = '.\\resources\\dandelion.jpg'
10.5229 	EXP 	displayPicture: image = '.\\resources\\dandelion.jpg'
10.5395 	EXP 	displayPicture: image = '.\\resources\\kiwi03.jpg'
10.5562 	EXP 	displayPicture: image = '.\\resources\\kiwi03.jpg'
10.5729 	EXP 	displayPicture: image = '.\\resources\\kiwi03.jpg'
10.5895 	EXP 	displayPicture: image = '.\\resources\\kiwi03.jpg'
10.6062 	EXP 	displayPicture: image = '.\\resources\\kiwi03.jpg'
10.6229 	EXP 	displayPicture: image = '.\\resources\\kiwi03.jpg'
10.6395 	EXP 	displayPicture: image = '.\\resources\\kiwi03.jpg'
10.6562 	EXP 	displayPicture: image = '.\\resources\\kiwi03.jpg'
10.6729 	EXP 	displayPicture: image = '.\\resources\\kiwi03.jpg'
10.6895 	EXP 	displayPicture: image = '.\\resources\\kiwi03.jpg'
10.7062 	EXP 	displayPicture: image = '.\\resources\\kiwi03.jpg'
10.7229 	EXP 	displayPicture: image = '.\\resources\\kiwi03.jpg'
10.7395 	EXP 	displayPicture: image = '.\\resources\\kiwi03.jpg'
10.7561 	EXP 	displayPicture: image = '.\\resources\\kiwi03.jpg'
10.7728 	EXP 	displayPicture: image = '.\\resources\\kiwi03.jpg'
10.8062 	EXP 	displayPicture: image = '.\\resources\\kiwi03.jpg'
10.8062 	EXP 	displayPicture: autoDraw = False
10.8062 	EXP 	polygon_2: autoDraw = False
10.8062 	EXP 	option1_t1: image = '.\\resources\\ostrich.jpg'
10.8062 	EXP 	polygon_4: autoDraw = True
10.8062 	EXP 	option1_t1: autoDraw = True
11.2316 	DATA 	Keypress: right
11.2561 	EXP 	polygon_4: autoDraw = False
11.2561 	EXP 	option1_t1: autoDraw = False
11.2561 	EXP 	polygon_5: autoDraw = True
11.2561 	EXP 	textbox_2: autoDraw = True
11.7359 	DATA 	Keypress: right
11.7561 	EXP 	polygon_5: autoDraw = False
11.7561 	EXP 	textbox_2: autoDraw = False
11.7561 	EXP 	textbox_3: autoDraw = True
12.7527 	EXP 	New trial (rep=0, index=1): {'trialType': 'AB', 'cndTyp': 'lag1', 'lag': 1, 'T1_loc': 3, 'T2_loc': 4, 'stimLen': 0.2, 'isi': 0.05, 'skipProb': 0.5}
12.7727 	EXP 	textbox_3: autoDraw = False
12.7727 	EXP 	textbox_6: autoDraw = True
12.7727 	EXP 	textbox_6: autoDraw = False
12.7727 	EXP 	option1: image = '.\\resources\\platypus.jpg'
12.7727 	EXP 	option1: autoDraw = True
13.9752 	DATA 	Keypress: escape
14.1298 	EXP 	window1: mouseVisible = True
