0.8669 	WARNING 	We strongly recommend you activate the PTB sound engine in PsychoPy prefs as the preferred audio engine. Its timing is vastly superior. Your prefs are currently set to use ['sounddevice', 'PTB', 'pyo', 'pygame'] (in that order).
5.0129 	WARNING 	User requested fullscreen with size [1024  768], but screen is actually [1920, 1080]. Using actual size
5.9278 	EXP 	Created window1 = Window(allowGUI=False, allowStencil=False, args=UNKNOWN, autoLog=True, bitsMode=UNKNOWN, blendMode='avg', bpc=(8, 8, 8), color=array([0., 0., 0.]), colorSpace='rgb', depthBits=8, fullscr=<method-wrapper '__getattribute__' of attributeSetter object at 0x000001C040C83EB8>, gamma=None, gammaErrorPolicy='raise', kwargs=UNKNOWN, lms=UNKNOWN, monitor=<psychopy.monitors.calibTools.Monitor object at 0x000001C0409D3518>, multiSample=False, name='window1', numSamples=2, pos=[0.0, 0.0], screen=0, size=array([1920, 1080]), stencilBits=0, stereo=False, units='height', useFBO=True, useRetina=False, viewOri=0.0, viewPos=None, viewScale=None, waitBlanking=True, winType='pyglet')
5.9282 	EXP 	window1: mouseVisible = True
5.9282 	EXP 	window1: recordFrameIntervals = False
6.0940 	EXP 	window1: recordFrameIntervals = True
6.2775 	EXP 	window1: recordFrameIntervals = False
6.4446 	EXP 	Created text_3 = TextStim(__class__=<class 'psychopy.visual.text.TextStim'>, alignHoriz=method-wrapper(...), alignText='center', alignVert=method-wrapper(...), anchorHoriz='center', anchorVert='center', antialias=True, autoLog=True, bold=False, color='white', colorSpace='named', contrast=1.0, depth=0.0, flipHoriz=False, flipVert=False, font='Arial', fontFiles=[], height=0.05, italic=False, languageStyle='LTR', name='text_3', opacity=1.0, ori=0, pos=array([0., 0.]), rgb=array([255., 255., 255.]), text=str(...), units='height', win=Window(...), wrapWidth=1.5)
6.4493 	EXP 	Created option1 = ImageStim(__class__=<class 'psychopy.visual.image.ImageStim'>, autoLog=True, color=array([1., 1., 1.]), colorSpace='rgb', contrast=1.0, depth=-1.0, flipHoriz=False, flipVert=False, image='sin', interpolate=True, mask=None, maskParams=None, name='option1', opacity=1.0, ori=0.0, pos=array([-0.3,  0. ]), size=array([0.25, 0.25]), texRes=128, units='height', win=Window(...))
6.4520 	EXP 	Created option2 = ImageStim(__class__=<class 'psychopy.visual.image.ImageStim'>, autoLog=True, color=array([1., 1., 1.]), colorSpace='rgb', contrast=1.0, depth=-2.0, flipHoriz=False, flipVert=False, image='sin', interpolate=True, mask=None, maskParams=None, name='option2', opacity=1.0, ori=0.0, pos=array([0.3, 0. ]), size=array([0.25, 0.25]), texRes=128, units='height', win=Window(...))
6.4608 	EXP 	Created text_2 = TextStim(__class__=<class 'psychopy.visual.text.TextStim'>, alignHoriz=method-wrapper(...), alignText='center', alignVert=method-wrapper(...), anchorHoriz='center', anchorVert='center', antialias=True, autoLog=True, bold=False, color='white', colorSpace='named', contrast=1.0, depth=-3.0, flipHoriz=False, flipVert=False, font='Arial', fontFiles=[], height=0.1, italic=False, languageStyle='LTR', name='text_2', opacity=1.0, ori=0, pos=array([0., 0.]), rgb=array([255., 255., 255.]), text='+', units='height', win=Window(...), wrapWidth=1)
6.4643 	EXP 	Created displayPicture = ImageStim(__class__=<class 'psychopy.visual.image.ImageStim'>, autoLog=True, color=array([1., 1., 1.]), colorSpace='rgb', contrast=1.0, depth=-6.0, flipHoriz=False, flipVert=False, image='sin', interpolate=True, mask=None, maskParams=None, name='displayPicture', opacity=1.0, ori=0.0, pos=array([0., 0.]), size=array([0.25, 0.25]), texRes=128, units='height', win=Window(...))
6.4656 	EXP 	Created polygon_2 = Rect(__class__=<class 'psychopy.visual.rect.Rect'>, autoDraw=False, autoLog=True, closeShape=True, color=method-wrapper(...), colorSpace=None, contrast=1.0, depth=-7.0, fillColor=array([1., 1., 1.]), fillColorSpace='rgb', fillRGB=array([1., 1., 1.]), interpolate=True, lineColor=array([1., 1., 1.]), lineColorSpace='rgb', lineRGB=array([1., 1., 1.]), lineWidth=0, name='polygon_2', opacity=1.0, ori=array(0.), pos=array([0., 0.]), size=array([0.25, 0.25]), units='height', vertices=ndarray(...), win=Window(...))
6.4671 	EXP 	Created polygon_4 = ShapeStim(__class__=<class 'psychopy.visual.shape.ShapeStim'>, autoDraw=False, autoLog=True, closeShape=True, contrast=1.0, depth=0.0, fillColor=array([1., 0., 0.]), fillColorSpace='rgb', interpolate=True, lineColor=array([1., 1., 1.]), lineColorSpace='rgb', lineWidth=1, name='polygon_4', opacity=1.0, ori=array(0.), pos=array([0., 0.]), size=array([1., 1.]), units='height', vertices=ndarray(...), win=Window(...), windingRule=None)
6.4700 	EXP 	Created option1_t1 = ImageStim(__class__=<class 'psychopy.visual.image.ImageStim'>, autoLog=True, color=array([1., 1., 1.]), colorSpace='rgb', contrast=1.0, depth=-2.0, flipHoriz=False, flipVert=False, image='sin', interpolate=True, mask=None, maskParams=None, name='option1_t1', opacity=1.0, ori=0.0, pos=array([0., 0.]), size=array([0.25, 0.25]), texRes=128, units='height', win=Window(...))
6.4719 	EXP 	Created polygon_5 = ShapeStim(__class__=<class 'psychopy.visual.shape.ShapeStim'>, autoDraw=False, autoLog=True, closeShape=True, contrast=1.0, depth=0.0, fillColor=array([0., 0., 1.]), fillColorSpace='rgb', interpolate=True, lineColor=array([1., 1., 1.]), lineColorSpace='rgb', lineWidth=1, name='polygon_5', opacity=1.0, ori=array(0.), pos=array([0., 0.]), size=array([0.7, 0.7]), units='height', vertices=ndarray(...), win=Window(...), windingRule=None)
6.4747 	EXP 	Created option1_t2 = ImageStim(__class__=<class 'psychopy.visual.image.ImageStim'>, autoLog=True, color=array([1., 1., 1.]), colorSpace='rgb', contrast=1.0, depth=-2.0, flipHoriz=False, flipVert=False, image='sin', interpolate=True, mask=None, maskParams=None, name='option1_t2', opacity=1.0, ori=0.0, pos=array([0., 0.]), size=array([0.25, 0.25]), texRes=128, units='height', win=Window(...))
6.4924 	EXP 	Created feedbackText = TextStim(__class__=<class 'psychopy.visual.text.TextStim'>, alignHoriz=method-wrapper(...), alignText='center', alignVert=method-wrapper(...), anchorHoriz='center', anchorVert='center', antialias=True, autoLog=True, bold=False, color='white', colorSpace='named', contrast=1.0, depth=-1.0, flipHoriz=False, flipVert=False, font='Arial', fontFiles=[], height=0.1, italic=False, languageStyle='LTR', name='feedbackText', opacity=1.0, ori=0, pos=array([0., 0.]), rgb=array([255., 255., 255.]), text='default text', units='height', win=Window(...), wrapWidth=1)
6.4959 	EXP 	Created text = TextStim(__class__=<class 'psychopy.visual.text.TextStim'>, alignHoriz=method-wrapper(...), alignText='center', alignVert=method-wrapper(...), anchorHoriz='center', anchorVert='center', antialias=True, autoLog=True, bold=False, color='white', colorSpace='named', contrast=1.0, depth=-3.0, flipHoriz=False, flipVert=False, font='Arial', fontFiles=[], height=0.1, italic=False, languageStyle='LTR', name='text', opacity=1.0, ori=0, pos=array([0., 0.]), rgb=array([255., 255., 255.]), text='default text', units='height', win=Window(...), wrapWidth=1)
6.5265 	EXP 	Created text_4 = TextStim(__class__=<class 'psychopy.visual.text.TextStim'>, alignHoriz=method-wrapper(...), alignText='center', alignVert=method-wrapper(...), anchorHoriz='center', anchorVert='center', antialias=True, autoLog=True, bold=False, color='white', colorSpace='named', contrast=1.0, depth=0.0, flipHoriz=False, flipVert=False, font='Arial', fontFiles=[], height=0.05, italic=False, languageStyle='LTR', name='text_4', opacity=1.0, ori=0, pos=array([0., 0.]), rgb=array([255., 255., 255.]), text=str(...), units='height', win=Window(...), wrapWidth=1.5)
6.5297 	EXP 	Created option1_2 = ImageStim(__class__=<class 'psychopy.visual.image.ImageStim'>, autoLog=True, color=array([1., 1., 1.]), colorSpace='rgb', contrast=1.0, depth=-1.0, flipHoriz=False, flipVert=False, image='sin', interpolate=True, mask=None, maskParams=None, name='option1_2', opacity=1.0, ori=0.0, pos=array([-0.3,  0. ]), size=array([0.25, 0.25]), texRes=128, units='height', win=Window(...))
6.5324 	EXP 	Created option2_2 = ImageStim(__class__=<class 'psychopy.visual.image.ImageStim'>, autoLog=True, color=array([1., 1., 1.]), colorSpace='rgb', contrast=1.0, depth=-2.0, flipHoriz=False, flipVert=False, image='sin', interpolate=True, mask=None, maskParams=None, name='option2_2', opacity=1.0, ori=0.0, pos=array([0.3, 0. ]), size=array([0.25, 0.25]), texRes=128, units='height', win=Window(...))
6.5340 	EXP 	Created text_5 = TextStim(__class__=<class 'psychopy.visual.text.TextStim'>, alignHoriz=method-wrapper(...), alignText='center', alignVert=method-wrapper(...), anchorHoriz='center', anchorVert='center', antialias=True, autoLog=True, bold=False, color='white', colorSpace='named', contrast=1.0, depth=-3.0, flipHoriz=False, flipVert=False, font='Arial', fontFiles=[], height=0.1, italic=False, languageStyle='LTR', name='text_5', opacity=1.0, ori=0, pos=array([0., 0.]), rgb=array([255., 255., 255.]), text='+', units='height', win=Window(...), wrapWidth=1)
6.5365 	EXP 	Created displayPicture_2 = ImageStim(__class__=<class 'psychopy.visual.image.ImageStim'>, autoLog=True, color=array([1., 1., 1.]), colorSpace='rgb', contrast=1.0, depth=-6.0, flipHoriz=False, flipVert=False, image='sin', interpolate=True, mask=None, maskParams=None, name='displayPicture_2', opacity=1.0, ori=0.0, pos=array([0., 0.]), size=array([0.25, 0.25]), texRes=128, units='height', win=Window(...))
6.5377 	EXP 	Created polygon_10 = Rect(__class__=<class 'psychopy.visual.rect.Rect'>, autoDraw=False, autoLog=True, closeShape=True, color=method-wrapper(...), colorSpace=None, contrast=1.0, depth=-7.0, fillColor=array([1., 1., 1.]), fillColorSpace='rgb', fillRGB=array([1., 1., 1.]), interpolate=True, lineColor=array([1., 1., 1.]), lineColorSpace='rgb', lineRGB=array([1., 1., 1.]), lineWidth=0, name='polygon_10', opacity=1.0, ori=array(0.), pos=array([0., 0.]), size=array([0.25, 0.25]), units='height', vertices=ndarray(...), win=Window(...))
6.5389 	EXP 	Created polygon_7 = ShapeStim(__class__=<class 'psychopy.visual.shape.ShapeStim'>, autoDraw=False, autoLog=True, closeShape=True, contrast=1.0, depth=0.0, fillColor=array([1., 0., 0.]), fillColorSpace='rgb', interpolate=True, lineColor=array([1., 1., 1.]), lineColorSpace='rgb', lineWidth=1, name='polygon_7', opacity=1.0, ori=array(0.), pos=array([0., 0.]), size=array([1., 1.]), units='height', vertices=ndarray(...), win=Window(...), windingRule=None)
6.5414 	EXP 	Created option1_t1_2 = ImageStim(__class__=<class 'psychopy.visual.image.ImageStim'>, autoLog=True, color=array([1., 1., 1.]), colorSpace='rgb', contrast=1.0, depth=-2.0, flipHoriz=False, flipVert=False, image='sin', interpolate=True, mask=None, maskParams=None, name='option1_t1_2', opacity=1.0, ori=0.0, pos=array([0., 0.]), size=array([0.25, 0.25]), texRes=128, units='height', win=Window(...))
6.5429 	EXP 	Created polygon_6 = ShapeStim(__class__=<class 'psychopy.visual.shape.ShapeStim'>, autoDraw=False, autoLog=True, closeShape=True, contrast=1.0, depth=0.0, fillColor=array([0., 0., 1.]), fillColorSpace='rgb', interpolate=True, lineColor=array([1., 1., 1.]), lineColorSpace='rgb', lineWidth=1, name='polygon_6', opacity=1.0, ori=array(0.), pos=array([0., 0.]), size=array([0.7, 0.7]), units='height', vertices=ndarray(...), win=Window(...), windingRule=None)
6.5451 	EXP 	Created option1_t2_2 = ImageStim(__class__=<class 'psychopy.visual.image.ImageStim'>, autoLog=True, color=array([1., 1., 1.]), colorSpace='rgb', contrast=1.0, depth=-2.0, flipHoriz=False, flipVert=False, image='sin', interpolate=True, mask=None, maskParams=None, name='option1_t2_2', opacity=1.0, ori=0.0, pos=array([0., 0.]), size=array([0.25, 0.25]), texRes=128, units='height', win=Window(...))
6.5481 	EXP 	Created text = TextStim(__class__=<class 'psychopy.visual.text.TextStim'>, alignHoriz=method-wrapper(...), alignText='center', alignVert=method-wrapper(...), anchorHoriz='center', anchorVert='center', antialias=True, autoLog=True, bold=False, color='white', colorSpace='named', contrast=1.0, depth=-3.0, flipHoriz=False, flipVert=False, font='Arial', fontFiles=[], height=0.1, italic=False, languageStyle='LTR', name='text', opacity=1.0, ori=0, pos=array([0., 0.]), rgb=array([255., 255., 255.]), text='default text', units='height', win=Window(...), wrapWidth=1)
6.6397 	EXP 	text_3: autoDraw = True
8.6418 	EXP 	Imported conditionAB.xlsx as conditions, 1 conditions, 8 params
8.6421 	EXP 	Created sequence: random, trialTypes=1, nReps=1, seed=None
8.6424 	EXP 	New trial (rep=0, index=0): OrderedDict([('trialType', 'AB'), ('cndTyp', 'lag6'), ('lag', 6), ('T1_loc', 5), ('T2_loc', 11), ('stimLen', 0.2), ('isi', 0.05), ('skipProb', 0.5)])
8.6590 	DATA 	Keypress: space
8.6772 	EXP 	text_3: autoDraw = False
8.6772 	EXP 	option1: image = '.\\resources\\cheetah.jpg'
8.6772 	EXP 	option2: image = '.\\resources\\beerbottle.jpg'
8.6772 	EXP 	option1: autoDraw = True
8.6772 	EXP 	option2: autoDraw = True
11.1600 	EXP 	text_2: autoDraw = True
11.4266 	EXP 	option1: autoDraw = False
11.4266 	EXP 	option2: autoDraw = False
11.6432 	EXP 	option1: autoDraw = False
11.6432 	EXP 	option2: autoDraw = False
11.6432 	EXP 	text_2: autoDraw = False
11.6432 	EXP 	displayPicture: autoDraw = True
11.6432 	EXP 	displayPicture: image = '.\\resources\\tulip02.jpg'
11.6432 	EXP 	polygon_2: autoDraw = True
11.6432 	EXP 	polygon_2: opacity = 0.0
11.6432 	EXP 	polygon_2: fillColor = '[1. 1. 1.] (rgb)'
11.6599 	EXP 	displayPicture: image = '.\\resources\\tulip02.jpg'
11.6599 	EXP 	polygon_2: opacity = 0.0
11.6599 	EXP 	polygon_2: fillColor = '[1. 1. 1.] (rgb)'
11.6771 	EXP 	displayPicture: image = '.\\resources\\tulip02.jpg'
11.6771 	EXP 	polygon_2: opacity = 0.0
11.6771 	EXP 	polygon_2: fillColor = '[1. 1. 1.] (rgb)'
11.6933 	EXP 	displayPicture: image = '.\\resources\\tulip02.jpg'
11.6933 	EXP 	polygon_2: opacity = 0.0
11.6933 	EXP 	polygon_2: fillColor = '[1. 1. 1.] (rgb)'
11.7103 	EXP 	displayPicture: image = '.\\resources\\tulip02.jpg'
11.7103 	EXP 	polygon_2: opacity = 0.0
11.7103 	EXP 	polygon_2: fillColor = '[1. 1. 1.] (rgb)'
11.7267 	EXP 	displayPicture: image = '.\\resources\\tulip02.jpg'
11.7267 	EXP 	polygon_2: opacity = 0.0
11.7267 	EXP 	polygon_2: fillColor = '[1. 1. 1.] (rgb)'
11.7433 	EXP 	displayPicture: image = '.\\resources\\tulip02.jpg'
11.7433 	EXP 	polygon_2: opacity = 0.0
11.7433 	EXP 	polygon_2: fillColor = '[1. 1. 1.] (rgb)'
11.7600 	EXP 	displayPicture: image = '.\\resources\\tulip02.jpg'
11.7600 	EXP 	polygon_2: opacity = 0.0
11.7600 	EXP 	polygon_2: fillColor = '[1. 1. 1.] (rgb)'
11.7766 	EXP 	displayPicture: image = '.\\resources\\tulip02.jpg'
11.7766 	EXP 	polygon_2: opacity = 0.0
11.7766 	EXP 	polygon_2: fillColor = '[1. 1. 1.] (rgb)'
11.7933 	EXP 	displayPicture: image = '.\\resources\\tulip02.jpg'
11.7933 	EXP 	polygon_2: opacity = 0.0
11.7933 	EXP 	polygon_2: fillColor = '[1. 1. 1.] (rgb)'
11.8100 	EXP 	displayPicture: image = '.\\resources\\tulip02.jpg'
11.8100 	EXP 	polygon_2: opacity = 0.0
11.8100 	EXP 	polygon_2: fillColor = '[1. 1. 1.] (rgb)'
11.8267 	EXP 	displayPicture: image = '.\\resources\\tulip02.jpg'
11.8267 	EXP 	polygon_2: opacity = 0.0
11.8267 	EXP 	polygon_2: fillColor = '[1. 1. 1.] (rgb)'
11.8436 	EXP 	displayPicture: image = '.\\resources\\tulip02.jpg'
11.8436 	EXP 	polygon_2: opacity = 1.0
11.8436 	EXP 	polygon_2: fillColor = '[1. 1. 1.] (rgb)'
11.8600 	EXP 	displayPicture: image = '.\\resources\\tulip02.jpg'
11.8600 	EXP 	polygon_2: opacity = 1.0
11.8600 	EXP 	polygon_2: fillColor = '[1. 1. 1.] (rgb)'
11.8766 	EXP 	displayPicture: image = '.\\resources\\tulip02.jpg'
11.8766 	EXP 	polygon_2: opacity = 1.0
11.8766 	EXP 	polygon_2: fillColor = '[1. 1. 1.] (rgb)'
11.8933 	EXP 	displayPicture: image = '.\\resources\\mouse.jpg'
11.8933 	EXP 	polygon_2: opacity = 0.0
11.8933 	EXP 	polygon_2: fillColor = '[1. 1. 1.] (rgb)'
11.9099 	EXP 	displayPicture: image = '.\\resources\\mouse.jpg'
11.9099 	EXP 	polygon_2: opacity = 0.0
11.9099 	EXP 	polygon_2: fillColor = '[1. 1. 1.] (rgb)'
11.9271 	EXP 	displayPicture: image = '.\\resources\\mouse.jpg'
11.9271 	EXP 	polygon_2: opacity = 0.0
11.9271 	EXP 	polygon_2: fillColor = '[1. 1. 1.] (rgb)'
11.9433 	EXP 	displayPicture: image = '.\\resources\\mouse.jpg'
11.9433 	EXP 	polygon_2: opacity = 0.0
11.9433 	EXP 	polygon_2: fillColor = '[1. 1. 1.] (rgb)'
11.9599 	EXP 	displayPicture: image = '.\\resources\\mouse.jpg'
11.9599 	EXP 	polygon_2: opacity = 0.0
11.9599 	EXP 	polygon_2: fillColor = '[1. 1. 1.] (rgb)'
11.9766 	EXP 	displayPicture: image = '.\\resources\\mouse.jpg'
11.9766 	EXP 	polygon_2: opacity = 0.0
11.9766 	EXP 	polygon_2: fillColor = '[1. 1. 1.] (rgb)'
11.9938 	EXP 	displayPicture: image = '.\\resources\\mouse.jpg'
11.9938 	EXP 	polygon_2: opacity = 0.0
11.9938 	EXP 	polygon_2: fillColor = '[1. 1. 1.] (rgb)'
12.0099 	EXP 	displayPicture: image = '.\\resources\\mouse.jpg'
12.0099 	EXP 	polygon_2: opacity = 0.0
12.0099 	EXP 	polygon_2: fillColor = '[1. 1. 1.] (rgb)'
12.0266 	EXP 	displayPicture: image = '.\\resources\\mouse.jpg'
12.0266 	EXP 	polygon_2: opacity = 0.0
12.0266 	EXP 	polygon_2: fillColor = '[1. 1. 1.] (rgb)'
12.0437 	EXP 	displayPicture: image = '.\\resources\\mouse.jpg'
12.0437 	EXP 	polygon_2: opacity = 0.0
12.0437 	EXP 	polygon_2: fillColor = '[1. 1. 1.] (rgb)'
12.0599 	EXP 	displayPicture: image = '.\\resources\\mouse.jpg'
12.0599 	EXP 	polygon_2: opacity = 0.0
12.0599 	EXP 	polygon_2: fillColor = '[1. 1. 1.] (rgb)'
12.0766 	EXP 	displayPicture: image = '.\\resources\\mouse.jpg'
12.0766 	EXP 	polygon_2: opacity = 0.0
12.0766 	EXP 	polygon_2: fillColor = '[1. 1. 1.] (rgb)'
12.0933 	EXP 	displayPicture: image = '.\\resources\\mouse.jpg'
12.0933 	EXP 	polygon_2: opacity = 1.0
12.0933 	EXP 	polygon_2: fillColor = '[1. 1. 1.] (rgb)'
12.1104 	EXP 	displayPicture: image = '.\\resources\\mouse.jpg'
12.1104 	EXP 	polygon_2: opacity = 1.0
12.1104 	EXP 	polygon_2: fillColor = '[1. 1. 1.] (rgb)'
12.1266 	EXP 	displayPicture: image = '.\\resources\\mouse.jpg'
12.1266 	EXP 	polygon_2: opacity = 1.0
12.1266 	EXP 	polygon_2: fillColor = '[1. 1. 1.] (rgb)'
12.1433 	EXP 	displayPicture: image = '.\\resources\\discoball.jpg'
12.1433 	EXP 	polygon_2: opacity = 0.0
12.1433 	EXP 	polygon_2: fillColor = '[1. 1. 1.] (rgb)'
12.1599 	EXP 	displayPicture: image = '.\\resources\\discoball.jpg'
12.1599 	EXP 	polygon_2: opacity = 0.0
12.1599 	EXP 	polygon_2: fillColor = '[1. 1. 1.] (rgb)'
12.1766 	EXP 	displayPicture: image = '.\\resources\\discoball.jpg'
12.1766 	EXP 	polygon_2: opacity = 0.0
12.1766 	EXP 	polygon_2: fillColor = '[1. 1. 1.] (rgb)'
12.1933 	EXP 	displayPicture: image = '.\\resources\\discoball.jpg'
12.1933 	EXP 	polygon_2: opacity = 0.0
12.1933 	EXP 	polygon_2: fillColor = '[1. 1. 1.] (rgb)'
12.2099 	EXP 	displayPicture: image = '.\\resources\\discoball.jpg'
12.2099 	EXP 	polygon_2: opacity = 0.0
12.2099 	EXP 	polygon_2: fillColor = '[1. 1. 1.] (rgb)'
12.2266 	EXP 	displayPicture: image = '.\\resources\\discoball.jpg'
12.2266 	EXP 	polygon_2: opacity = 0.0
12.2266 	EXP 	polygon_2: fillColor = '[1. 1. 1.] (rgb)'
12.2433 	EXP 	displayPicture: image = '.\\resources\\discoball.jpg'
12.2433 	EXP 	polygon_2: opacity = 0.0
12.2433 	EXP 	polygon_2: fillColor = '[1. 1. 1.] (rgb)'
12.2600 	EXP 	displayPicture: image = '.\\resources\\discoball.jpg'
12.2600 	EXP 	polygon_2: opacity = 0.0
12.2600 	EXP 	polygon_2: fillColor = '[1. 1. 1.] (rgb)'
12.2766 	EXP 	displayPicture: image = '.\\resources\\discoball.jpg'
12.2766 	EXP 	polygon_2: opacity = 0.0
12.2766 	EXP 	polygon_2: fillColor = '[1. 1. 1.] (rgb)'
12.2940 	EXP 	displayPicture: image = '.\\resources\\discoball.jpg'
12.2940 	EXP 	polygon_2: opacity = 0.0
12.2940 	EXP 	polygon_2: fillColor = '[1. 1. 1.] (rgb)'
12.3101 	EXP 	displayPicture: image = '.\\resources\\discoball.jpg'
12.3101 	EXP 	polygon_2: opacity = 0.0
12.3101 	EXP 	polygon_2: fillColor = '[1. 1. 1.] (rgb)'
12.3266 	EXP 	displayPicture: image = '.\\resources\\discoball.jpg'
12.3266 	EXP 	polygon_2: opacity = 0.0
12.3266 	EXP 	polygon_2: fillColor = '[1. 1. 1.] (rgb)'
12.3433 	EXP 	displayPicture: image = '.\\resources\\discoball.jpg'
12.3433 	EXP 	polygon_2: opacity = 1.0
12.3433 	EXP 	polygon_2: fillColor = '[1. 1. 1.] (rgb)'
12.3599 	EXP 	displayPicture: image = '.\\resources\\discoball.jpg'
12.3599 	EXP 	polygon_2: opacity = 1.0
12.3599 	EXP 	polygon_2: fillColor = '[1. 1. 1.] (rgb)'
12.3766 	EXP 	displayPicture: image = '.\\resources\\discoball.jpg'
12.3766 	EXP 	polygon_2: opacity = 1.0
12.3766 	EXP 	polygon_2: fillColor = '[1. 1. 1.] (rgb)'
12.4104 	EXP 	displayPicture: image = '.\\resources\\anchor.jpg'
12.4104 	EXP 	polygon_2: opacity = 0.0
12.4104 	EXP 	polygon_2: fillColor = '[1. 1. 1.] (rgb)'
12.4266 	EXP 	displayPicture: image = '.\\resources\\anchor.jpg'
12.4266 	EXP 	polygon_2: opacity = 0.0
12.4266 	EXP 	polygon_2: fillColor = '[1. 1. 1.] (rgb)'
12.4437 	EXP 	displayPicture: image = '.\\resources\\anchor.jpg'
12.4437 	EXP 	polygon_2: opacity = 0.0
12.4437 	EXP 	polygon_2: fillColor = '[1. 1. 1.] (rgb)'
12.4599 	EXP 	displayPicture: image = '.\\resources\\anchor.jpg'
12.4599 	EXP 	polygon_2: opacity = 0.0
12.4599 	EXP 	polygon_2: fillColor = '[1. 1. 1.] (rgb)'
12.4766 	EXP 	displayPicture: image = '.\\resources\\anchor.jpg'
12.4766 	EXP 	polygon_2: opacity = 0.0
12.4766 	EXP 	polygon_2: fillColor = '[1. 1. 1.] (rgb)'
12.4932 	EXP 	displayPicture: image = '.\\resources\\anchor.jpg'
12.4932 	EXP 	polygon_2: opacity = 0.0
12.4932 	EXP 	polygon_2: fillColor = '[1. 1. 1.] (rgb)'
12.5104 	EXP 	displayPicture: image = '.\\resources\\anchor.jpg'
12.5104 	EXP 	polygon_2: opacity = 0.0
12.5104 	EXP 	polygon_2: fillColor = '[1. 1. 1.] (rgb)'
12.5270 	EXP 	displayPicture: image = '.\\resources\\anchor.jpg'
12.5270 	EXP 	polygon_2: opacity = 0.0
12.5270 	EXP 	polygon_2: fillColor = '[1. 1. 1.] (rgb)'
12.5432 	EXP 	displayPicture: image = '.\\resources\\anchor.jpg'
12.5432 	EXP 	polygon_2: opacity = 0.0
12.5432 	EXP 	polygon_2: fillColor = '[1. 1. 1.] (rgb)'
12.5604 	EXP 	displayPicture: image = '.\\resources\\anchor.jpg'
12.5604 	EXP 	polygon_2: opacity = 0.0
12.5604 	EXP 	polygon_2: fillColor = '[1. 1. 1.] (rgb)'
12.5766 	EXP 	displayPicture: image = '.\\resources\\anchor.jpg'
12.5766 	EXP 	polygon_2: opacity = 0.0
12.5766 	EXP 	polygon_2: fillColor = '[1. 1. 1.] (rgb)'
12.5932 	EXP 	displayPicture: image = '.\\resources\\anchor.jpg'
12.5932 	EXP 	polygon_2: opacity = 1.0
12.5932 	EXP 	polygon_2: fillColor = '[1. 1. 1.] (rgb)'
12.6099 	EXP 	displayPicture: image = '.\\resources\\anchor.jpg'
12.6099 	EXP 	polygon_2: opacity = 1.0
12.6099 	EXP 	polygon_2: fillColor = '[1. 1. 1.] (rgb)'
12.6270 	EXP 	displayPicture: image = '.\\resources\\anchor.jpg'
12.6270 	EXP 	polygon_2: opacity = 1.0
12.6270 	EXP 	polygon_2: fillColor = '[1. 1. 1.] (rgb)'
12.6432 	EXP 	displayPicture: image = '.\\resources\\beerbottle.jpg'
12.6432 	EXP 	polygon_2: opacity = 0.0
12.6432 	EXP 	polygon_2: fillColor = '[1. 1. 1.] (rgb)'
12.6599 	EXP 	displayPicture: image = '.\\resources\\beerbottle.jpg'
12.6599 	EXP 	polygon_2: opacity = 0.0
12.6599 	EXP 	polygon_2: fillColor = '[1. 1. 1.] (rgb)'
12.6766 	EXP 	displayPicture: image = '.\\resources\\beerbottle.jpg'
12.6766 	EXP 	polygon_2: opacity = 0.0
12.6766 	EXP 	polygon_2: fillColor = '[1. 1. 1.] (rgb)'
12.6932 	EXP 	displayPicture: image = '.\\resources\\beerbottle.jpg'
12.6932 	EXP 	polygon_2: opacity = 0.0
12.6932 	EXP 	polygon_2: fillColor = '[1. 1. 1.] (rgb)'
12.7099 	EXP 	displayPicture: image = '.\\resources\\beerbottle.jpg'
12.7099 	EXP 	polygon_2: opacity = 0.0
12.7099 	EXP 	polygon_2: fillColor = '[1. 1. 1.] (rgb)'
12.7266 	EXP 	displayPicture: image = '.\\resources\\beerbottle.jpg'
12.7266 	EXP 	polygon_2: opacity = 0.0
12.7266 	EXP 	polygon_2: fillColor = '[1. 1. 1.] (rgb)'
12.7432 	EXP 	displayPicture: image = '.\\resources\\beerbottle.jpg'
12.7432 	EXP 	polygon_2: opacity = 0.0
12.7432 	EXP 	polygon_2: fillColor = '[1. 1. 1.] (rgb)'
12.7599 	EXP 	displayPicture: image = '.\\resources\\beerbottle.jpg'
12.7599 	EXP 	polygon_2: opacity = 0.0
12.7599 	EXP 	polygon_2: fillColor = '[1. 1. 1.] (rgb)'
12.7765 	EXP 	displayPicture: image = '.\\resources\\beerbottle.jpg'
12.7765 	EXP 	polygon_2: opacity = 0.0
12.7765 	EXP 	polygon_2: fillColor = '[1. 1. 1.] (rgb)'
12.7932 	EXP 	displayPicture: image = '.\\resources\\beerbottle.jpg'
12.7932 	EXP 	polygon_2: opacity = 0.0
12.7932 	EXP 	polygon_2: fillColor = '[1. 1. 1.] (rgb)'
12.8099 	EXP 	displayPicture: image = '.\\resources\\beerbottle.jpg'
12.8099 	EXP 	polygon_2: opacity = 0.0
12.8099 	EXP 	polygon_2: fillColor = '[1. 1. 1.] (rgb)'
12.8266 	EXP 	displayPicture: image = '.\\resources\\beerbottle.jpg'
12.8266 	EXP 	polygon_2: opacity = 0.0
12.8266 	EXP 	polygon_2: fillColor = '[1. 1. 1.] (rgb)'
12.8432 	EXP 	displayPicture: image = '.\\resources\\beerbottle.jpg'
12.8432 	EXP 	polygon_2: opacity = 1.0
12.8432 	EXP 	polygon_2: fillColor = '[1. 1. 1.] (rgb)'
12.8599 	EXP 	displayPicture: image = '.\\resources\\beerbottle.jpg'
12.8599 	EXP 	polygon_2: opacity = 1.0
12.8599 	EXP 	polygon_2: fillColor = '[1. 1. 1.] (rgb)'
12.8766 	EXP 	displayPicture: image = '.\\resources\\beerbottle.jpg'
12.8766 	EXP 	polygon_2: opacity = 1.0
12.8766 	EXP 	polygon_2: fillColor = '[1. 1. 1.] (rgb)'
12.8932 	EXP 	displayPicture: image = '.\\resources\\basketball01.jpg'
12.8932 	EXP 	polygon_2: opacity = 0.0
12.8932 	EXP 	polygon_2: fillColor = '[1. 1. 1.] (rgb)'
12.9099 	EXP 	displayPicture: image = '.\\resources\\basketball01.jpg'
12.9099 	EXP 	polygon_2: opacity = 0.0
12.9099 	EXP 	polygon_2: fillColor = '[1. 1. 1.] (rgb)'
12.9266 	EXP 	displayPicture: image = '.\\resources\\basketball01.jpg'
12.9266 	EXP 	polygon_2: opacity = 0.0
12.9266 	EXP 	polygon_2: fillColor = '[1. 1. 1.] (rgb)'
12.9432 	EXP 	displayPicture: image = '.\\resources\\basketball01.jpg'
12.9432 	EXP 	polygon_2: opacity = 0.0
12.9432 	EXP 	polygon_2: fillColor = '[1. 1. 1.] (rgb)'
12.9599 	EXP 	displayPicture: image = '.\\resources\\basketball01.jpg'
12.9599 	EXP 	polygon_2: opacity = 0.0
12.9599 	EXP 	polygon_2: fillColor = '[1. 1. 1.] (rgb)'
12.9766 	EXP 	displayPicture: image = '.\\resources\\basketball01.jpg'
12.9766 	EXP 	polygon_2: opacity = 0.0
12.9766 	EXP 	polygon_2: fillColor = '[1. 1. 1.] (rgb)'
12.9932 	EXP 	displayPicture: image = '.\\resources\\basketball01.jpg'
12.9932 	EXP 	polygon_2: opacity = 0.0
12.9932 	EXP 	polygon_2: fillColor = '[1. 1. 1.] (rgb)'
13.0099 	EXP 	displayPicture: image = '.\\resources\\basketball01.jpg'
13.0099 	EXP 	polygon_2: opacity = 0.0
13.0099 	EXP 	polygon_2: fillColor = '[1. 1. 1.] (rgb)'
13.0266 	EXP 	displayPicture: image = '.\\resources\\basketball01.jpg'
13.0266 	EXP 	polygon_2: opacity = 0.0
13.0266 	EXP 	polygon_2: fillColor = '[1. 1. 1.] (rgb)'
13.0432 	EXP 	displayPicture: image = '.\\resources\\basketball01.jpg'
13.0432 	EXP 	polygon_2: opacity = 0.0
13.0432 	EXP 	polygon_2: fillColor = '[1. 1. 1.] (rgb)'
13.0599 	EXP 	displayPicture: image = '.\\resources\\basketball01.jpg'
13.0599 	EXP 	polygon_2: opacity = 0.0
13.0599 	EXP 	polygon_2: fillColor = '[1. 1. 1.] (rgb)'
13.0765 	EXP 	displayPicture: image = '.\\resources\\basketball01.jpg'
13.0765 	EXP 	polygon_2: opacity = 0.0
13.0765 	EXP 	polygon_2: fillColor = '[1. 1. 1.] (rgb)'
13.0932 	EXP 	displayPicture: image = '.\\resources\\basketball01.jpg'
13.0932 	EXP 	polygon_2: opacity = 1.0
13.0932 	EXP 	polygon_2: fillColor = '[1. 1. 1.] (rgb)'
13.1099 	EXP 	displayPicture: image = '.\\resources\\basketball01.jpg'
13.1099 	EXP 	polygon_2: opacity = 1.0
13.1099 	EXP 	polygon_2: fillColor = '[1. 1. 1.] (rgb)'
13.1265 	EXP 	displayPicture: image = '.\\resources\\basketball01.jpg'
13.1265 	EXP 	polygon_2: opacity = 1.0
13.1265 	EXP 	polygon_2: fillColor = '[1. 1. 1.] (rgb)'
13.1432 	EXP 	displayPicture: image = '.\\resources\\foldingchair.jpg'
13.1432 	EXP 	polygon_2: opacity = 0.0
13.1432 	EXP 	polygon_2: fillColor = '[1. 1. 1.] (rgb)'
13.1599 	EXP 	displayPicture: image = '.\\resources\\foldingchair.jpg'
13.1599 	EXP 	polygon_2: opacity = 0.0
13.1599 	EXP 	polygon_2: fillColor = '[1. 1. 1.] (rgb)'
13.1765 	EXP 	displayPicture: image = '.\\resources\\foldingchair.jpg'
13.1765 	EXP 	polygon_2: opacity = 0.0
13.1765 	EXP 	polygon_2: fillColor = '[1. 1. 1.] (rgb)'
13.1932 	EXP 	displayPicture: image = '.\\resources\\foldingchair.jpg'
13.1932 	EXP 	polygon_2: opacity = 0.0
13.1932 	EXP 	polygon_2: fillColor = '[1. 1. 1.] (rgb)'
13.2099 	EXP 	displayPicture: image = '.\\resources\\foldingchair.jpg'
13.2099 	EXP 	polygon_2: opacity = 0.0
13.2099 	EXP 	polygon_2: fillColor = '[1. 1. 1.] (rgb)'
13.2265 	EXP 	displayPicture: image = '.\\resources\\foldingchair.jpg'
13.2265 	EXP 	polygon_2: opacity = 0.0
13.2265 	EXP 	polygon_2: fillColor = '[1. 1. 1.] (rgb)'
13.2432 	EXP 	displayPicture: image = '.\\resources\\foldingchair.jpg'
13.2432 	EXP 	polygon_2: opacity = 0.0
13.2432 	EXP 	polygon_2: fillColor = '[1. 1. 1.] (rgb)'
13.2598 	EXP 	displayPicture: image = '.\\resources\\foldingchair.jpg'
13.2598 	EXP 	polygon_2: opacity = 0.0
13.2598 	EXP 	polygon_2: fillColor = '[1. 1. 1.] (rgb)'
13.2765 	EXP 	displayPicture: image = '.\\resources\\foldingchair.jpg'
13.2765 	EXP 	polygon_2: opacity = 0.0
13.2765 	EXP 	polygon_2: fillColor = '[1. 1. 1.] (rgb)'
13.2932 	EXP 	displayPicture: image = '.\\resources\\foldingchair.jpg'
13.2932 	EXP 	polygon_2: opacity = 0.0
13.2932 	EXP 	polygon_2: fillColor = '[1. 1. 1.] (rgb)'
13.3099 	EXP 	displayPicture: image = '.\\resources\\foldingchair.jpg'
13.3099 	EXP 	polygon_2: opacity = 0.0
13.3099 	EXP 	polygon_2: fillColor = '[1. 1. 1.] (rgb)'
13.3265 	EXP 	displayPicture: image = '.\\resources\\foldingchair.jpg'
13.3265 	EXP 	polygon_2: opacity = 0.0
13.3265 	EXP 	polygon_2: fillColor = '[1. 1. 1.] (rgb)'
13.3432 	EXP 	displayPicture: image = '.\\resources\\foldingchair.jpg'
13.3432 	EXP 	polygon_2: opacity = 1.0
13.3432 	EXP 	polygon_2: fillColor = '[1. 1. 1.] (rgb)'
13.3599 	EXP 	displayPicture: image = '.\\resources\\foldingchair.jpg'
13.3599 	EXP 	polygon_2: opacity = 1.0
13.3599 	EXP 	polygon_2: fillColor = '[1. 1. 1.] (rgb)'
13.3765 	EXP 	displayPicture: image = '.\\resources\\foldingchair.jpg'
13.3765 	EXP 	polygon_2: opacity = 1.0
13.3765 	EXP 	polygon_2: fillColor = '[1. 1. 1.] (rgb)'
13.3932 	EXP 	displayPicture: image = '.\\resources\\parachute.jpg'
13.3932 	EXP 	polygon_2: opacity = 0.0
13.3932 	EXP 	polygon_2: fillColor = '[1. 1. 1.] (rgb)'
13.4098 	EXP 	displayPicture: image = '.\\resources\\parachute.jpg'
13.4098 	EXP 	polygon_2: opacity = 0.0
13.4098 	EXP 	polygon_2: fillColor = '[1. 1. 1.] (rgb)'
13.4265 	EXP 	displayPicture: image = '.\\resources\\parachute.jpg'
13.4265 	EXP 	polygon_2: opacity = 0.0
13.4265 	EXP 	polygon_2: fillColor = '[1. 1. 1.] (rgb)'
13.4432 	EXP 	displayPicture: image = '.\\resources\\parachute.jpg'
13.4432 	EXP 	polygon_2: opacity = 0.0
13.4432 	EXP 	polygon_2: fillColor = '[1. 1. 1.] (rgb)'
13.4599 	EXP 	displayPicture: image = '.\\resources\\parachute.jpg'
13.4599 	EXP 	polygon_2: opacity = 0.0
13.4599 	EXP 	polygon_2: fillColor = '[1. 1. 1.] (rgb)'
13.4765 	EXP 	displayPicture: image = '.\\resources\\parachute.jpg'
13.4765 	EXP 	polygon_2: opacity = 0.0
13.4765 	EXP 	polygon_2: fillColor = '[1. 1. 1.] (rgb)'
13.4932 	EXP 	displayPicture: image = '.\\resources\\parachute.jpg'
13.4932 	EXP 	polygon_2: opacity = 0.0
13.4932 	EXP 	polygon_2: fillColor = '[1. 1. 1.] (rgb)'
13.5098 	EXP 	displayPicture: image = '.\\resources\\parachute.jpg'
13.5098 	EXP 	polygon_2: opacity = 0.0
13.5098 	EXP 	polygon_2: fillColor = '[1. 1. 1.] (rgb)'
13.5265 	EXP 	displayPicture: image = '.\\resources\\parachute.jpg'
13.5265 	EXP 	polygon_2: opacity = 0.0
13.5265 	EXP 	polygon_2: fillColor = '[1. 1. 1.] (rgb)'
13.5431 	EXP 	displayPicture: image = '.\\resources\\parachute.jpg'
13.5431 	EXP 	polygon_2: opacity = 0.0
13.5431 	EXP 	polygon_2: fillColor = '[1. 1. 1.] (rgb)'
13.5599 	EXP 	displayPicture: image = '.\\resources\\parachute.jpg'
13.5599 	EXP 	polygon_2: opacity = 0.0
13.5599 	EXP 	polygon_2: fillColor = '[1. 1. 1.] (rgb)'
13.5765 	EXP 	displayPicture: image = '.\\resources\\parachute.jpg'
13.5765 	EXP 	polygon_2: opacity = 0.0
13.5765 	EXP 	polygon_2: fillColor = '[1. 1. 1.] (rgb)'
13.5931 	EXP 	displayPicture: image = '.\\resources\\parachute.jpg'
13.5931 	EXP 	polygon_2: opacity = 1.0
13.5931 	EXP 	polygon_2: fillColor = '[1. 1. 1.] (rgb)'
13.6098 	EXP 	displayPicture: image = '.\\resources\\parachute.jpg'
13.6098 	EXP 	polygon_2: opacity = 1.0
13.6098 	EXP 	polygon_2: fillColor = '[1. 1. 1.] (rgb)'
13.6265 	EXP 	displayPicture: image = '.\\resources\\parachute.jpg'
13.6265 	EXP 	polygon_2: opacity = 1.0
13.6265 	EXP 	polygon_2: fillColor = '[1. 1. 1.] (rgb)'
13.6432 	EXP 	displayPicture: image = '.\\resources\\triangle.jpg'
13.6432 	EXP 	polygon_2: opacity = 0.0
13.6432 	EXP 	polygon_2: fillColor = '[1. 1. 1.] (rgb)'
13.6599 	EXP 	displayPicture: image = '.\\resources\\triangle.jpg'
13.6599 	EXP 	polygon_2: opacity = 0.0
13.6599 	EXP 	polygon_2: fillColor = '[1. 1. 1.] (rgb)'
13.6765 	EXP 	displayPicture: image = '.\\resources\\triangle.jpg'
13.6765 	EXP 	polygon_2: opacity = 0.0
13.6765 	EXP 	polygon_2: fillColor = '[1. 1. 1.] (rgb)'
13.6931 	EXP 	displayPicture: image = '.\\resources\\triangle.jpg'
13.6931 	EXP 	polygon_2: opacity = 0.0
13.6931 	EXP 	polygon_2: fillColor = '[1. 1. 1.] (rgb)'
13.7098 	EXP 	displayPicture: image = '.\\resources\\triangle.jpg'
13.7098 	EXP 	polygon_2: opacity = 0.0
13.7098 	EXP 	polygon_2: fillColor = '[1. 1. 1.] (rgb)'
13.7265 	EXP 	displayPicture: image = '.\\resources\\triangle.jpg'
13.7265 	EXP 	polygon_2: opacity = 0.0
13.7265 	EXP 	polygon_2: fillColor = '[1. 1. 1.] (rgb)'
13.7432 	EXP 	displayPicture: image = '.\\resources\\triangle.jpg'
13.7432 	EXP 	polygon_2: opacity = 0.0
13.7432 	EXP 	polygon_2: fillColor = '[1. 1. 1.] (rgb)'
13.7598 	EXP 	displayPicture: image = '.\\resources\\triangle.jpg'
13.7598 	EXP 	polygon_2: opacity = 0.0
13.7598 	EXP 	polygon_2: fillColor = '[1. 1. 1.] (rgb)'
13.7765 	EXP 	displayPicture: image = '.\\resources\\triangle.jpg'
13.7765 	EXP 	polygon_2: opacity = 0.0
13.7765 	EXP 	polygon_2: fillColor = '[1. 1. 1.] (rgb)'
13.7932 	EXP 	displayPicture: image = '.\\resources\\triangle.jpg'
13.7932 	EXP 	polygon_2: opacity = 0.0
13.7932 	EXP 	polygon_2: fillColor = '[1. 1. 1.] (rgb)'
13.8098 	EXP 	displayPicture: image = '.\\resources\\triangle.jpg'
13.8098 	EXP 	polygon_2: opacity = 0.0
13.8098 	EXP 	polygon_2: fillColor = '[1. 1. 1.] (rgb)'
13.8265 	EXP 	displayPicture: image = '.\\resources\\triangle.jpg'
13.8265 	EXP 	polygon_2: opacity = 0.0
13.8265 	EXP 	polygon_2: fillColor = '[1. 1. 1.] (rgb)'
13.8432 	EXP 	displayPicture: image = '.\\resources\\triangle.jpg'
13.8432 	EXP 	polygon_2: opacity = 1.0
13.8432 	EXP 	polygon_2: fillColor = '[1. 1. 1.] (rgb)'
13.8598 	EXP 	displayPicture: image = '.\\resources\\triangle.jpg'
13.8598 	EXP 	polygon_2: opacity = 1.0
13.8598 	EXP 	polygon_2: fillColor = '[1. 1. 1.] (rgb)'
13.8765 	EXP 	displayPicture: image = '.\\resources\\triangle.jpg'
13.8765 	EXP 	polygon_2: opacity = 1.0
13.8765 	EXP 	polygon_2: fillColor = '[1. 1. 1.] (rgb)'
13.8931 	EXP 	displayPicture: image = '.\\resources\\toyanimal05.jpg'
13.8931 	EXP 	polygon_2: opacity = 0.0
13.8931 	EXP 	polygon_2: fillColor = '[1. 1. 1.] (rgb)'
13.9098 	EXP 	displayPicture: image = '.\\resources\\toyanimal05.jpg'
13.9098 	EXP 	polygon_2: opacity = 0.0
13.9098 	EXP 	polygon_2: fillColor = '[1. 1. 1.] (rgb)'
13.9265 	EXP 	displayPicture: image = '.\\resources\\toyanimal05.jpg'
13.9265 	EXP 	polygon_2: opacity = 0.0
13.9265 	EXP 	polygon_2: fillColor = '[1. 1. 1.] (rgb)'
13.9432 	EXP 	displayPicture: image = '.\\resources\\toyanimal05.jpg'
13.9432 	EXP 	polygon_2: opacity = 0.0
13.9432 	EXP 	polygon_2: fillColor = '[1. 1. 1.] (rgb)'
13.9598 	EXP 	displayPicture: image = '.\\resources\\toyanimal05.jpg'
13.9598 	EXP 	polygon_2: opacity = 0.0
13.9598 	EXP 	polygon_2: fillColor = '[1. 1. 1.] (rgb)'
13.9765 	EXP 	displayPicture: image = '.\\resources\\toyanimal05.jpg'
13.9765 	EXP 	polygon_2: opacity = 0.0
13.9765 	EXP 	polygon_2: fillColor = '[1. 1. 1.] (rgb)'
13.9932 	EXP 	displayPicture: image = '.\\resources\\toyanimal05.jpg'
13.9932 	EXP 	polygon_2: opacity = 0.0
13.9932 	EXP 	polygon_2: fillColor = '[1. 1. 1.] (rgb)'
14.0098 	EXP 	displayPicture: image = '.\\resources\\toyanimal05.jpg'
14.0098 	EXP 	polygon_2: opacity = 0.0
14.0098 	EXP 	polygon_2: fillColor = '[1. 1. 1.] (rgb)'
14.0265 	EXP 	displayPicture: image = '.\\resources\\toyanimal05.jpg'
14.0265 	EXP 	polygon_2: opacity = 0.0
14.0265 	EXP 	polygon_2: fillColor = '[1. 1. 1.] (rgb)'
14.0431 	EXP 	displayPicture: image = '.\\resources\\toyanimal05.jpg'
14.0431 	EXP 	polygon_2: opacity = 0.0
14.0431 	EXP 	polygon_2: fillColor = '[1. 1. 1.] (rgb)'
14.0598 	EXP 	displayPicture: image = '.\\resources\\toyanimal05.jpg'
14.0598 	EXP 	polygon_2: opacity = 0.0
14.0598 	EXP 	polygon_2: fillColor = '[1. 1. 1.] (rgb)'
14.0765 	EXP 	displayPicture: image = '.\\resources\\toyanimal05.jpg'
14.0765 	EXP 	polygon_2: opacity = 0.0
14.0765 	EXP 	polygon_2: fillColor = '[1. 1. 1.] (rgb)'
14.0932 	EXP 	displayPicture: image = '.\\resources\\toyanimal05.jpg'
14.0932 	EXP 	polygon_2: opacity = 1.0
14.0932 	EXP 	polygon_2: fillColor = '[1. 1. 1.] (rgb)'
14.1098 	EXP 	displayPicture: image = '.\\resources\\toyanimal05.jpg'
14.1098 	EXP 	polygon_2: opacity = 1.0
14.1098 	EXP 	polygon_2: fillColor = '[1. 1. 1.] (rgb)'
14.1265 	EXP 	displayPicture: image = '.\\resources\\toyanimal05.jpg'
14.1265 	EXP 	polygon_2: opacity = 1.0
14.1265 	EXP 	polygon_2: fillColor = '[1. 1. 1.] (rgb)'
14.1432 	EXP 	displayPicture: image = '.\\resources\\hammerheadshark.jpg'
14.1432 	EXP 	polygon_2: opacity = 0.0
14.1432 	EXP 	polygon_2: fillColor = '[1. 1. 1.] (rgb)'
14.1598 	EXP 	displayPicture: image = '.\\resources\\hammerheadshark.jpg'
14.1598 	EXP 	polygon_2: opacity = 0.0
14.1598 	EXP 	polygon_2: fillColor = '[1. 1. 1.] (rgb)'
14.1765 	EXP 	displayPicture: image = '.\\resources\\hammerheadshark.jpg'
14.1765 	EXP 	polygon_2: opacity = 0.0
14.1765 	EXP 	polygon_2: fillColor = '[1. 1. 1.] (rgb)'
14.1932 	EXP 	displayPicture: image = '.\\resources\\hammerheadshark.jpg'
14.1932 	EXP 	polygon_2: opacity = 0.0
14.1932 	EXP 	polygon_2: fillColor = '[1. 1. 1.] (rgb)'
14.2098 	EXP 	displayPicture: image = '.\\resources\\hammerheadshark.jpg'
14.2098 	EXP 	polygon_2: opacity = 0.0
14.2098 	EXP 	polygon_2: fillColor = '[1. 1. 1.] (rgb)'
14.2265 	EXP 	displayPicture: image = '.\\resources\\hammerheadshark.jpg'
14.2265 	EXP 	polygon_2: opacity = 0.0
14.2265 	EXP 	polygon_2: fillColor = '[1. 1. 1.] (rgb)'
14.2432 	EXP 	displayPicture: image = '.\\resources\\hammerheadshark.jpg'
14.2432 	EXP 	polygon_2: opacity = 0.0
14.2432 	EXP 	polygon_2: fillColor = '[1. 1. 1.] (rgb)'
14.2598 	EXP 	displayPicture: image = '.\\resources\\hammerheadshark.jpg'
14.2598 	EXP 	polygon_2: opacity = 0.0
14.2598 	EXP 	polygon_2: fillColor = '[1. 1. 1.] (rgb)'
14.2765 	EXP 	displayPicture: image = '.\\resources\\hammerheadshark.jpg'
14.2765 	EXP 	polygon_2: opacity = 0.0
14.2765 	EXP 	polygon_2: fillColor = '[1. 1. 1.] (rgb)'
14.2931 	EXP 	displayPicture: image = '.\\resources\\hammerheadshark.jpg'
14.2931 	EXP 	polygon_2: opacity = 0.0
14.2931 	EXP 	polygon_2: fillColor = '[1. 1. 1.] (rgb)'
14.3098 	EXP 	displayPicture: image = '.\\resources\\hammerheadshark.jpg'
14.3098 	EXP 	polygon_2: opacity = 0.0
14.3098 	EXP 	polygon_2: fillColor = '[1. 1. 1.] (rgb)'
14.3265 	EXP 	displayPicture: image = '.\\resources\\hammerheadshark.jpg'
14.3265 	EXP 	polygon_2: opacity = 0.0
14.3265 	EXP 	polygon_2: fillColor = '[1. 1. 1.] (rgb)'
14.3432 	EXP 	displayPicture: image = '.\\resources\\hammerheadshark.jpg'
14.3432 	EXP 	polygon_2: opacity = 1.0
14.3432 	EXP 	polygon_2: fillColor = '[1. 1. 1.] (rgb)'
14.3598 	EXP 	displayPicture: image = '.\\resources\\hammerheadshark.jpg'
14.3598 	EXP 	polygon_2: opacity = 1.0
14.3598 	EXP 	polygon_2: fillColor = '[1. 1. 1.] (rgb)'
14.3764 	EXP 	displayPicture: image = '.\\resources\\hammerheadshark.jpg'
14.3764 	EXP 	polygon_2: opacity = 1.0
14.3764 	EXP 	polygon_2: fillColor = '[1. 1. 1.] (rgb)'
14.4098 	EXP 	displayPicture: image = '.\\resources\\christmastree.jpg'
14.4098 	EXP 	polygon_2: opacity = 0.0
14.4098 	EXP 	polygon_2: fillColor = '[1. 1. 1.] (rgb)'
14.4265 	EXP 	displayPicture: image = '.\\resources\\christmastree.jpg'
14.4265 	EXP 	polygon_2: opacity = 0.0
14.4265 	EXP 	polygon_2: fillColor = '[1. 1. 1.] (rgb)'
14.4431 	EXP 	displayPicture: image = '.\\resources\\christmastree.jpg'
14.4431 	EXP 	polygon_2: opacity = 0.0
14.4431 	EXP 	polygon_2: fillColor = '[1. 1. 1.] (rgb)'
14.4598 	EXP 	displayPicture: image = '.\\resources\\christmastree.jpg'
14.4598 	EXP 	polygon_2: opacity = 0.0
14.4598 	EXP 	polygon_2: fillColor = '[1. 1. 1.] (rgb)'
14.4764 	EXP 	displayPicture: image = '.\\resources\\christmastree.jpg'
14.4764 	EXP 	polygon_2: opacity = 0.0
14.4764 	EXP 	polygon_2: fillColor = '[1. 1. 1.] (rgb)'
14.4931 	EXP 	displayPicture: image = '.\\resources\\christmastree.jpg'
14.4931 	EXP 	polygon_2: opacity = 0.0
14.4931 	EXP 	polygon_2: fillColor = '[1. 1. 1.] (rgb)'
14.5098 	EXP 	displayPicture: image = '.\\resources\\christmastree.jpg'
14.5098 	EXP 	polygon_2: opacity = 0.0
14.5098 	EXP 	polygon_2: fillColor = '[1. 1. 1.] (rgb)'
14.5264 	EXP 	displayPicture: image = '.\\resources\\christmastree.jpg'
14.5264 	EXP 	polygon_2: opacity = 0.0
14.5264 	EXP 	polygon_2: fillColor = '[1. 1. 1.] (rgb)'
14.5431 	EXP 	displayPicture: image = '.\\resources\\christmastree.jpg'
14.5431 	EXP 	polygon_2: opacity = 0.0
14.5431 	EXP 	polygon_2: fillColor = '[1. 1. 1.] (rgb)'
14.5597 	EXP 	displayPicture: image = '.\\resources\\christmastree.jpg'
14.5597 	EXP 	polygon_2: opacity = 0.0
14.5597 	EXP 	polygon_2: fillColor = '[1. 1. 1.] (rgb)'
14.5764 	EXP 	displayPicture: image = '.\\resources\\christmastree.jpg'
14.5764 	EXP 	polygon_2: opacity = 0.0
14.5764 	EXP 	polygon_2: fillColor = '[1. 1. 1.] (rgb)'
14.5931 	EXP 	displayPicture: image = '.\\resources\\christmastree.jpg'
14.5931 	EXP 	polygon_2: opacity = 1.0
14.5931 	EXP 	polygon_2: fillColor = '[1. 1. 1.] (rgb)'
14.6098 	EXP 	displayPicture: image = '.\\resources\\christmastree.jpg'
14.6098 	EXP 	polygon_2: opacity = 1.0
14.6098 	EXP 	polygon_2: fillColor = '[1. 1. 1.] (rgb)'
14.6264 	EXP 	displayPicture: image = '.\\resources\\christmastree.jpg'
14.6264 	EXP 	polygon_2: opacity = 1.0
14.6264 	EXP 	polygon_2: fillColor = '[1. 1. 1.] (rgb)'
14.6431 	EXP 	displayPicture: image = '.\\resources\\acorn.jpg'
14.6431 	EXP 	polygon_2: opacity = 0.0
14.6431 	EXP 	polygon_2: fillColor = '[1. 1. 1.] (rgb)'
14.6598 	EXP 	displayPicture: image = '.\\resources\\acorn.jpg'
14.6598 	EXP 	polygon_2: opacity = 0.0
14.6598 	EXP 	polygon_2: fillColor = '[1. 1. 1.] (rgb)'
14.6764 	EXP 	displayPicture: image = '.\\resources\\acorn.jpg'
14.6764 	EXP 	polygon_2: opacity = 0.0
14.6764 	EXP 	polygon_2: fillColor = '[1. 1. 1.] (rgb)'
14.6931 	EXP 	displayPicture: image = '.\\resources\\acorn.jpg'
14.6931 	EXP 	polygon_2: opacity = 0.0
14.6931 	EXP 	polygon_2: fillColor = '[1. 1. 1.] (rgb)'
14.7098 	EXP 	displayPicture: image = '.\\resources\\acorn.jpg'
14.7098 	EXP 	polygon_2: opacity = 0.0
14.7098 	EXP 	polygon_2: fillColor = '[1. 1. 1.] (rgb)'
14.7265 	EXP 	displayPicture: image = '.\\resources\\acorn.jpg'
14.7265 	EXP 	polygon_2: opacity = 0.0
14.7265 	EXP 	polygon_2: fillColor = '[1. 1. 1.] (rgb)'
14.7431 	EXP 	displayPicture: image = '.\\resources\\acorn.jpg'
14.7431 	EXP 	polygon_2: opacity = 0.0
14.7431 	EXP 	polygon_2: fillColor = '[1. 1. 1.] (rgb)'
14.7598 	EXP 	displayPicture: image = '.\\resources\\acorn.jpg'
14.7598 	EXP 	polygon_2: opacity = 0.0
14.7598 	EXP 	polygon_2: fillColor = '[1. 1. 1.] (rgb)'
14.7764 	EXP 	displayPicture: image = '.\\resources\\acorn.jpg'
14.7764 	EXP 	polygon_2: opacity = 0.0
14.7764 	EXP 	polygon_2: fillColor = '[1. 1. 1.] (rgb)'
14.7931 	EXP 	displayPicture: image = '.\\resources\\acorn.jpg'
14.7931 	EXP 	polygon_2: opacity = 0.0
14.7931 	EXP 	polygon_2: fillColor = '[1. 1. 1.] (rgb)'
14.8098 	EXP 	displayPicture: image = '.\\resources\\acorn.jpg'
14.8098 	EXP 	polygon_2: opacity = 0.0
14.8098 	EXP 	polygon_2: fillColor = '[1. 1. 1.] (rgb)'
14.8264 	EXP 	displayPicture: image = '.\\resources\\acorn.jpg'
14.8264 	EXP 	polygon_2: opacity = 0.0
14.8264 	EXP 	polygon_2: fillColor = '[1. 1. 1.] (rgb)'
14.8431 	EXP 	displayPicture: image = '.\\resources\\acorn.jpg'
14.8431 	EXP 	polygon_2: opacity = 1.0
14.8431 	EXP 	polygon_2: fillColor = '[1. 1. 1.] (rgb)'
14.8598 	EXP 	displayPicture: image = '.\\resources\\acorn.jpg'
14.8598 	EXP 	polygon_2: opacity = 1.0
14.8598 	EXP 	polygon_2: fillColor = '[1. 1. 1.] (rgb)'
14.8764 	EXP 	displayPicture: image = '.\\resources\\acorn.jpg'
14.8764 	EXP 	polygon_2: opacity = 1.0
14.8764 	EXP 	polygon_2: fillColor = '[1. 1. 1.] (rgb)'
14.9098 	EXP 	displayPicture: image = '.\\resources\\smokingpipe.jpg'
14.9098 	EXP 	polygon_2: opacity = 0.0
14.9098 	EXP 	polygon_2: fillColor = '[1. 1. 1.] (rgb)'
14.9265 	EXP 	displayPicture: image = '.\\resources\\smokingpipe.jpg'
14.9265 	EXP 	polygon_2: opacity = 0.0
14.9265 	EXP 	polygon_2: fillColor = '[1. 1. 1.] (rgb)'
14.9431 	EXP 	displayPicture: image = '.\\resources\\smokingpipe.jpg'
14.9431 	EXP 	polygon_2: opacity = 0.0
14.9431 	EXP 	polygon_2: fillColor = '[1. 1. 1.] (rgb)'
14.9598 	EXP 	displayPicture: image = '.\\resources\\smokingpipe.jpg'
14.9598 	EXP 	polygon_2: opacity = 0.0
14.9598 	EXP 	polygon_2: fillColor = '[1. 1. 1.] (rgb)'
14.9764 	EXP 	displayPicture: image = '.\\resources\\smokingpipe.jpg'
14.9764 	EXP 	polygon_2: opacity = 0.0
14.9764 	EXP 	polygon_2: fillColor = '[1. 1. 1.] (rgb)'
14.9931 	EXP 	displayPicture: image = '.\\resources\\smokingpipe.jpg'
14.9931 	EXP 	polygon_2: opacity = 0.0
14.9931 	EXP 	polygon_2: fillColor = '[1. 1. 1.] (rgb)'
15.0098 	EXP 	displayPicture: image = '.\\resources\\smokingpipe.jpg'
15.0098 	EXP 	polygon_2: opacity = 0.0
15.0098 	EXP 	polygon_2: fillColor = '[1. 1. 1.] (rgb)'
15.0264 	EXP 	displayPicture: image = '.\\resources\\smokingpipe.jpg'
15.0264 	EXP 	polygon_2: opacity = 0.0
15.0264 	EXP 	polygon_2: fillColor = '[1. 1. 1.] (rgb)'
15.0432 	EXP 	displayPicture: image = '.\\resources\\smokingpipe.jpg'
15.0432 	EXP 	polygon_2: opacity = 0.0
15.0432 	EXP 	polygon_2: fillColor = '[1. 1. 1.] (rgb)'
15.0598 	EXP 	displayPicture: image = '.\\resources\\smokingpipe.jpg'
15.0598 	EXP 	polygon_2: opacity = 0.0
15.0598 	EXP 	polygon_2: fillColor = '[1. 1. 1.] (rgb)'
15.0764 	EXP 	displayPicture: image = '.\\resources\\smokingpipe.jpg'
15.0764 	EXP 	polygon_2: opacity = 0.0
15.0764 	EXP 	polygon_2: fillColor = '[1. 1. 1.] (rgb)'
15.0930 	EXP 	displayPicture: image = '.\\resources\\smokingpipe.jpg'
15.0930 	EXP 	polygon_2: opacity = 1.0
15.0930 	EXP 	polygon_2: fillColor = '[1. 1. 1.] (rgb)'
15.1097 	EXP 	displayPicture: image = '.\\resources\\smokingpipe.jpg'
15.1097 	EXP 	polygon_2: opacity = 1.0
15.1097 	EXP 	polygon_2: fillColor = '[1. 1. 1.] (rgb)'
15.1264 	EXP 	displayPicture: image = '.\\resources\\smokingpipe.jpg'
15.1264 	EXP 	polygon_2: opacity = 1.0
15.1264 	EXP 	polygon_2: fillColor = '[1. 1. 1.] (rgb)'
15.1597 	EXP 	displayPicture: image = '.\\resources\\smokingpipe.jpg'
15.1597 	EXP 	polygon_2: opacity = 0.0
15.1597 	EXP 	polygon_2: fillColor = '[1. 1. 1.] (rgb)'
15.1597 	EXP 	displayPicture: autoDraw = False
15.1597 	EXP 	polygon_2: autoDraw = False
15.1597 	EXP 	option1_t1: image = '.\\resources\\beerbottle.jpg'
15.1597 	EXP 	polygon_4: autoDraw = True
15.1597 	EXP 	option1_t1: autoDraw = True
17.6887 	DATA 	Keypress: right
17.7095 	EXP 	polygon_4: autoDraw = False
17.7095 	EXP 	option1_t1: autoDraw = False
17.7095 	EXP 	option1_t2: image = '.\\resources\\cheetah.jpg'
17.7095 	EXP 	polygon_5: autoDraw = True
17.7095 	EXP 	option1_t2: autoDraw = True
18.1585 	DATA 	Keypress: left
18.1762 	EXP 	polygon_5: autoDraw = False
18.1762 	EXP 	option1_t2: autoDraw = False
18.1762 	EXP 	feedbackText: text = '2/2 Correct'
18.1762 	EXP 	feedbackText: autoDraw = True
19.1929 	EXP 	feedbackText: autoDraw = False
19.1929 	EXP 	text: text = ''
19.1929 	EXP 	text: autoDraw = True
19.1929 	EXP 	text: autoDraw = False
19.1929 	EXP 	text_4: autoDraw = True
46.4930 	EXP 	Imported conditionAB_main.xlsx as conditions, 232 conditions, 9 params
46.4936 	EXP 	Created sequence: sequential, trialTypes=232, nReps=1, seed=None
46.4939 	EXP 	New trial (rep=0, index=0): OrderedDict([('trialType', 'AB'), ('cndTyp', 'lag6'), ('lag', 6), ('T1_loc', 5), ('T2_loc', 11), ('stimLen', 0.2), ('isi', 0.05), ('skipProb', 0.5), ('phase', 'ramp')])
46.5102 	DATA 	Keypress: space
46.5247 	EXP 	text_4: autoDraw = False
46.5247 	EXP 	option1_2: image = '.\\resources\\tulip02.jpg'
46.5247 	EXP 	option2_2: image = '.\\resources\\kneepad01c.jpg'
46.5247 	EXP 	option1_2: autoDraw = True
46.5247 	EXP 	option2_2: autoDraw = True
49.0075 	EXP 	text_5: autoDraw = True
49.2741 	EXP 	option1_2: autoDraw = False
49.2741 	EXP 	option2_2: autoDraw = False
49.5075 	EXP 	option1_2: autoDraw = False
49.5075 	EXP 	option2_2: autoDraw = False
49.5075 	EXP 	text_5: autoDraw = False
49.5075 	EXP 	displayPicture_2: autoDraw = True
49.5075 	EXP 	displayPicture_2: image = '.\\resources\\englishcucumber.jpg'
49.5075 	EXP 	polygon_10: autoDraw = True
49.5075 	EXP 	polygon_10: opacity = 1.0
49.5075 	EXP 	polygon_10: fillColor = '[1. 1. 1.] (rgb)'
49.5241 	EXP 	displayPicture_2: image = '.\\resources\\anchor.jpg'
49.5241 	EXP 	polygon_10: opacity = 0.0
49.5241 	EXP 	polygon_10: fillColor = '[1. 1. 1.] (rgb)'
49.5408 	EXP 	displayPicture_2: image = '.\\resources\\anchor.jpg'
49.5408 	EXP 	polygon_10: opacity = 1.0
49.5408 	EXP 	polygon_10: fillColor = '[1. 1. 1.] (rgb)'
49.5575 	EXP 	displayPicture_2: image = '.\\resources\\frenchfries.jpg'
49.5575 	EXP 	polygon_10: opacity = 0.0
49.5575 	EXP 	polygon_10: fillColor = '[1. 1. 1.] (rgb)'
49.5742 	EXP 	displayPicture_2: image = '.\\resources\\frenchfries.jpg'
49.5742 	EXP 	polygon_10: opacity = 1.0
49.5742 	EXP 	polygon_10: fillColor = '[1. 1. 1.] (rgb)'
49.5908 	EXP 	displayPicture_2: image = '.\\resources\\cheetah.jpg'
49.5908 	EXP 	polygon_10: opacity = 0.0
49.5908 	EXP 	polygon_10: fillColor = '[1. 1. 1.] (rgb)'
49.6075 	EXP 	displayPicture_2: image = '.\\resources\\cheetah.jpg'
49.6075 	EXP 	polygon_10: opacity = 1.0
49.6075 	EXP 	polygon_10: fillColor = '[1. 1. 1.] (rgb)'
49.6241 	EXP 	displayPicture_2: image = '.\\resources\\pigeon.jpg'
49.6241 	EXP 	polygon_10: opacity = 0.0
49.6241 	EXP 	polygon_10: fillColor = '[1. 1. 1.] (rgb)'
49.6408 	EXP 	displayPicture_2: image = '.\\resources\\pigeon.jpg'
49.6408 	EXP 	polygon_10: opacity = 1.0
49.6408 	EXP 	polygon_10: fillColor = '[1. 1. 1.] (rgb)'
49.6741 	EXP 	displayPicture_2: image = '.\\resources\\soccerball.jpg'
49.6741 	EXP 	polygon_10: opacity = 0.0
49.6741 	EXP 	polygon_10: fillColor = '[1. 1. 1.] (rgb)'
49.6908 	EXP 	displayPicture_2: image = '.\\resources\\soccerball.jpg'
49.6908 	EXP 	polygon_10: opacity = 1.0
49.6908 	EXP 	polygon_10: fillColor = '[1. 1. 1.] (rgb)'
49.7074 	EXP 	displayPicture_2: image = '.\\resources\\triangle.jpg'
49.7074 	EXP 	polygon_10: opacity = 0.0
49.7074 	EXP 	polygon_10: fillColor = '[1. 1. 1.] (rgb)'
49.7241 	EXP 	displayPicture_2: image = '.\\resources\\triangle.jpg'
49.7241 	EXP 	polygon_10: opacity = 1.0
49.7241 	EXP 	polygon_10: fillColor = '[1. 1. 1.] (rgb)'
49.7408 	EXP 	displayPicture_2: image = '.\\resources\\hammerheadshark.jpg'
49.7408 	EXP 	polygon_10: opacity = 0.0
49.7408 	EXP 	polygon_10: fillColor = '[1. 1. 1.] (rgb)'
49.7575 	EXP 	displayPicture_2: image = '.\\resources\\hammerheadshark.jpg'
49.7575 	EXP 	polygon_10: opacity = 1.0
49.7575 	EXP 	polygon_10: fillColor = '[1. 1. 1.] (rgb)'
49.7741 	EXP 	displayPicture_2: image = '.\\resources\\ceilingfan01.jpg'
49.7741 	EXP 	polygon_10: opacity = 0.0
49.7741 	EXP 	polygon_10: fillColor = '[1. 1. 1.] (rgb)'
49.7908 	EXP 	displayPicture_2: image = '.\\resources\\ceilingfan01.jpg'
49.7908 	EXP 	polygon_10: opacity = 1.0
49.7908 	EXP 	polygon_10: fillColor = '[1. 1. 1.] (rgb)'
49.8074 	EXP 	displayPicture_2: image = '.\\resources\\ipad02.jpg'
49.8074 	EXP 	polygon_10: opacity = 0.0
49.8074 	EXP 	polygon_10: fillColor = '[1. 1. 1.] (rgb)'
49.8241 	EXP 	displayPicture_2: image = '.\\resources\\ipad02.jpg'
49.8241 	EXP 	polygon_10: opacity = 1.0
49.8241 	EXP 	polygon_10: fillColor = '[1. 1. 1.] (rgb)'
49.8408 	EXP 	displayPicture_2: image = '.\\resources\\kneepad01c.jpg'
49.8408 	EXP 	polygon_10: opacity = 0.0
49.8408 	EXP 	polygon_10: fillColor = '[1. 1. 1.] (rgb)'
49.8574 	EXP 	displayPicture_2: image = '.\\resources\\kneepad01c.jpg'
49.8574 	EXP 	polygon_10: opacity = 1.0
49.8574 	EXP 	polygon_10: fillColor = '[1. 1. 1.] (rgb)'
49.8741 	EXP 	displayPicture_2: image = '.\\resources\\snowman.jpg'
49.8741 	EXP 	polygon_10: opacity = 0.0
49.8741 	EXP 	polygon_10: fillColor = '[1. 1. 1.] (rgb)'
49.8908 	EXP 	displayPicture_2: image = '.\\resources\\snowman.jpg'
49.8908 	EXP 	polygon_10: opacity = 1.0
49.8908 	EXP 	polygon_10: fillColor = '[1. 1. 1.] (rgb)'
49.9074 	EXP 	displayPicture_2: image = '.\\resources\\beerbottle.jpg'
49.9074 	EXP 	polygon_10: opacity = 0.0
49.9074 	EXP 	polygon_10: fillColor = '[1. 1. 1.] (rgb)'
49.9241 	EXP 	displayPicture_2: image = '.\\resources\\beerbottle.jpg'
49.9241 	EXP 	polygon_10: opacity = 1.0
49.9241 	EXP 	polygon_10: fillColor = '[1. 1. 1.] (rgb)'
49.9408 	EXP 	displayPicture_2: image = '.\\resources\\parachute.jpg'
49.9408 	EXP 	polygon_10: opacity = 0.0
49.9408 	EXP 	polygon_10: fillColor = '[1. 1. 1.] (rgb)'
49.9574 	EXP 	displayPicture_2: image = '.\\resources\\parachute.jpg'
49.9574 	EXP 	polygon_10: opacity = 1.0
49.9574 	EXP 	polygon_10: fillColor = '[1. 1. 1.] (rgb)'
49.9907 	EXP 	displayPicture_2: image = '.\\resources\\parachute.jpg'
49.9907 	EXP 	polygon_10: opacity = 0.0
49.9907 	EXP 	polygon_10: fillColor = '[1. 1. 1.] (rgb)'
49.9907 	EXP 	displayPicture_2: autoDraw = False
49.9907 	EXP 	polygon_10: autoDraw = False
49.9907 	EXP 	option1_t1_2: image = '.\\resources\\tulip02.jpg'
49.9907 	EXP 	polygon_7: autoDraw = True
49.9907 	EXP 	option1_t1_2: autoDraw = True
54.2439 	DATA 	Keypress: escape
54.4850 	EXP 	window1: mouseVisible = True
