0.8537 	WARNING 	We strongly recommend you activate the PTB sound engine in PsychoPy prefs as the preferred audio engine. Its timing is vastly superior. Your prefs are currently set to use ['sounddevice', 'PTB', 'pyo', 'pygame'] (in that order).
4.0204 	WARNING 	User requested fullscreen with size [1024  768], but screen is actually [1920, 1080]. Using actual size
4.9397 	EXP 	Created window1 = Window(allowGUI=False, allowStencil=False, args=UNKNOWN, autoLog=True, bitsMode=UNKNOWN, blendMode='avg', bpc=(8, 8, 8), color=array([0., 0., 0.]), colorSpace='rgb', depthBits=8, fullscr=<method-wrapper '__getattribute__' of attributeSetter object at 0x000001CCD4AC4EB8>, gamma=None, gammaErrorPolicy='raise', kwargs=UNKNOWN, lms=UNKNOWN, monitor=<psychopy.monitors.calibTools.Monitor object at 0x000001CCD4812518>, multiSample=False, name='window1', numSamples=2, pos=[0.0, 0.0], screen=0, size=array([1920, 1080]), stencilBits=0, stereo=False, units='height', useFBO=True, useRetina=False, viewOri=0.0, viewPos=None, viewScale=None, waitBlanking=True, winType='pyglet')
4.9401 	EXP 	window1: mouseVisible = True
4.9401 	EXP 	window1: recordFrameIntervals = False
5.1060 	EXP 	window1: recordFrameIntervals = True
5.2895 	EXP 	window1: recordFrameIntervals = False
5.4721 	EXP 	Created text_3 = TextStim(__class__=<class 'psychopy.visual.text.TextStim'>, alignHoriz=method-wrapper(...), alignText='center', alignVert=method-wrapper(...), anchorHoriz='center', anchorVert='center', antialias=True, autoLog=True, bold=False, color='white', colorSpace='named', contrast=1.0, depth=0.0, flipHoriz=False, flipVert=False, font='Arial', fontFiles=[], height=0.05, italic=False, languageStyle='LTR', name='text_3', opacity=1.0, ori=0, pos=array([0., 0.]), rgb=array([255., 255., 255.]), text=str(...), units='height', win=Window(...), wrapWidth=1.5)
5.4767 	EXP 	Created option1 = ImageStim(__class__=<class 'psychopy.visual.image.ImageStim'>, autoLog=True, color=array([1., 1., 1.]), colorSpace='rgb', contrast=1.0, depth=-1.0, flipHoriz=False, flipVert=False, image='sin', interpolate=True, mask=None, maskParams=None, name='option1', opacity=1.0, ori=0.0, pos=array([-0.3,  0. ]), size=array([0.25, 0.25]), texRes=128, units='height', win=Window(...))
5.4792 	EXP 	Created option2 = ImageStim(__class__=<class 'psychopy.visual.image.ImageStim'>, autoLog=True, color=array([1., 1., 1.]), colorSpace='rgb', contrast=1.0, depth=-2.0, flipHoriz=False, flipVert=False, image='sin', interpolate=True, mask=None, maskParams=None, name='option2', opacity=1.0, ori=0.0, pos=array([0.3, 0. ]), size=array([0.25, 0.25]), texRes=128, units='height', win=Window(...))
5.4873 	EXP 	Created text_2 = TextStim(__class__=<class 'psychopy.visual.text.TextStim'>, alignHoriz=method-wrapper(...), alignText='center', alignVert=method-wrapper(...), anchorHoriz='center', anchorVert='center', antialias=True, autoLog=True, bold=False, color='white', colorSpace='named', contrast=1.0, depth=-3.0, flipHoriz=False, flipVert=False, font='Arial', fontFiles=[], height=0.1, italic=False, languageStyle='LTR', name='text_2', opacity=1.0, ori=0, pos=array([0., 0.]), rgb=array([255., 255., 255.]), text='+', units='height', win=Window(...), wrapWidth=1)
5.4898 	EXP 	Created displayPicture = ImageStim(__class__=<class 'psychopy.visual.image.ImageStim'>, autoLog=True, color=array([1., 1., 1.]), colorSpace='rgb', contrast=1.0, depth=-6.0, flipHoriz=False, flipVert=False, image='sin', interpolate=True, mask=None, maskParams=None, name='displayPicture', opacity=1.0, ori=0.0, pos=array([0., 0.]), size=array([0.25, 0.25]), texRes=128, units='height', win=Window(...))
5.4910 	EXP 	Created polygon_2 = Rect(__class__=<class 'psychopy.visual.rect.Rect'>, autoDraw=False, autoLog=True, closeShape=True, color=method-wrapper(...), colorSpace=None, contrast=1.0, depth=-7.0, fillColor=array([1., 1., 1.]), fillColorSpace='rgb', fillRGB=array([1., 1., 1.]), interpolate=True, lineColor=array([1., 1., 1.]), lineColorSpace='rgb', lineRGB=array([1., 1., 1.]), lineWidth=0, name='polygon_2', opacity=1.0, ori=array(0.), pos=array([0., 0.]), size=array([0.25, 0.25]), units='height', vertices=ndarray(...), win=Window(...))
5.4923 	EXP 	Created polygon_4 = ShapeStim(__class__=<class 'psychopy.visual.shape.ShapeStim'>, autoDraw=False, autoLog=True, closeShape=True, contrast=1.0, depth=0.0, fillColor=array([1., 0., 0.]), fillColorSpace='rgb', interpolate=True, lineColor=array([1., 1., 1.]), lineColorSpace='rgb', lineWidth=1, name='polygon_4', opacity=1.0, ori=array(0.), pos=array([0., 0.]), size=array([1., 1.]), units='height', vertices=ndarray(...), win=Window(...), windingRule=None)
5.4947 	EXP 	Created option1_t1 = ImageStim(__class__=<class 'psychopy.visual.image.ImageStim'>, autoLog=True, color=array([1., 1., 1.]), colorSpace='rgb', contrast=1.0, depth=-2.0, flipHoriz=False, flipVert=False, image='sin', interpolate=True, mask=None, maskParams=None, name='option1_t1', opacity=1.0, ori=0.0, pos=array([0., 0.]), size=array([0.25, 0.25]), texRes=128, units='height', win=Window(...))
5.4963 	EXP 	Created polygon_5 = ShapeStim(__class__=<class 'psychopy.visual.shape.ShapeStim'>, autoDraw=False, autoLog=True, closeShape=True, contrast=1.0, depth=0.0, fillColor=array([0., 0., 1.]), fillColorSpace='rgb', interpolate=True, lineColor=array([1., 1., 1.]), lineColorSpace='rgb', lineWidth=1, name='polygon_5', opacity=1.0, ori=array(0.), pos=array([0., 0.]), size=array([0.7, 0.7]), units='height', vertices=ndarray(...), win=Window(...), windingRule=None)
5.4988 	EXP 	Created option1_t2 = ImageStim(__class__=<class 'psychopy.visual.image.ImageStim'>, autoLog=True, color=array([1., 1., 1.]), colorSpace='rgb', contrast=1.0, depth=-2.0, flipHoriz=False, flipVert=False, image='sin', interpolate=True, mask=None, maskParams=None, name='option1_t2', opacity=1.0, ori=0.0, pos=array([0., 0.]), size=array([0.25, 0.25]), texRes=128, units='height', win=Window(...))
5.5138 	EXP 	Created feedbackText = TextStim(__class__=<class 'psychopy.visual.text.TextStim'>, alignHoriz=method-wrapper(...), alignText='center', alignVert=method-wrapper(...), anchorHoriz='center', anchorVert='center', antialias=True, autoLog=True, bold=False, color='white', colorSpace='named', contrast=1.0, depth=-1.0, flipHoriz=False, flipVert=False, font='Arial', fontFiles=[], height=0.1, italic=False, languageStyle='LTR', name='feedbackText', opacity=1.0, ori=0, pos=array([0., 0.]), rgb=array([255., 255., 255.]), text='default text', units='height', win=Window(...), wrapWidth=1)
5.5165 	EXP 	Created text = TextStim(__class__=<class 'psychopy.visual.text.TextStim'>, alignHoriz=method-wrapper(...), alignText='center', alignVert=method-wrapper(...), anchorHoriz='center', anchorVert='center', antialias=True, autoLog=True, bold=False, color='white', colorSpace='named', contrast=1.0, depth=-3.0, flipHoriz=False, flipVert=False, font='Arial', fontFiles=[], height=0.1, italic=False, languageStyle='LTR', name='text', opacity=1.0, ori=0, pos=array([0., 0.]), rgb=array([255., 255., 255.]), text='default text', units='height', win=Window(...), wrapWidth=1)
5.5432 	EXP 	Created text_4 = TextStim(__class__=<class 'psychopy.visual.text.TextStim'>, alignHoriz=method-wrapper(...), alignText='center', alignVert=method-wrapper(...), anchorHoriz='center', anchorVert='center', antialias=True, autoLog=True, bold=False, color='white', colorSpace='named', contrast=1.0, depth=0.0, flipHoriz=False, flipVert=False, font='Arial', fontFiles=[], height=0.05, italic=False, languageStyle='LTR', name='text_4', opacity=1.0, ori=0, pos=array([0., 0.]), rgb=array([255., 255., 255.]), text=str(...), units='height', win=Window(...), wrapWidth=1.5)
5.5460 	EXP 	Created option1_2 = ImageStim(__class__=<class 'psychopy.visual.image.ImageStim'>, autoLog=True, color=array([1., 1., 1.]), colorSpace='rgb', contrast=1.0, depth=-1.0, flipHoriz=False, flipVert=False, image='sin', interpolate=True, mask=None, maskParams=None, name='option1_2', opacity=1.0, ori=0.0, pos=array([-0.3,  0. ]), size=array([0.25, 0.25]), texRes=128, units='height', win=Window(...))
5.5486 	EXP 	Created option2_2 = ImageStim(__class__=<class 'psychopy.visual.image.ImageStim'>, autoLog=True, color=array([1., 1., 1.]), colorSpace='rgb', contrast=1.0, depth=-2.0, flipHoriz=False, flipVert=False, image='sin', interpolate=True, mask=None, maskParams=None, name='option2_2', opacity=1.0, ori=0.0, pos=array([0.3, 0. ]), size=array([0.25, 0.25]), texRes=128, units='height', win=Window(...))
5.5501 	EXP 	Created text_5 = TextStim(__class__=<class 'psychopy.visual.text.TextStim'>, alignHoriz=method-wrapper(...), alignText='center', alignVert=method-wrapper(...), anchorHoriz='center', anchorVert='center', antialias=True, autoLog=True, bold=False, color='white', colorSpace='named', contrast=1.0, depth=-3.0, flipHoriz=False, flipVert=False, font='Arial', fontFiles=[], height=0.1, italic=False, languageStyle='LTR', name='text_5', opacity=1.0, ori=0, pos=array([0., 0.]), rgb=array([255., 255., 255.]), text='+', units='height', win=Window(...), wrapWidth=1)
5.5528 	EXP 	Created displayPicture_3 = ImageStim(__class__=<class 'psychopy.visual.image.ImageStim'>, autoLog=True, color=array([1., 1., 1.]), colorSpace='rgb', contrast=1.0, depth=-6.0, flipHoriz=False, flipVert=False, image='sin', interpolate=True, mask=None, maskParams=None, name='displayPicture_3', opacity=1.0, ori=0.0, pos=array([0., 0.]), size=array([0.25, 0.25]), texRes=128, units='height', win=Window(...))
5.5541 	EXP 	Created polygon_13 = Rect(__class__=<class 'psychopy.visual.rect.Rect'>, autoDraw=False, autoLog=True, closeShape=True, color=method-wrapper(...), colorSpace=None, contrast=1.0, depth=-7.0, fillColor=array([1., 1., 1.]), fillColorSpace='rgb', fillRGB=array([1., 1., 1.]), interpolate=True, lineColor=array([1., 1., 1.]), lineColorSpace='rgb', lineRGB=array([1., 1., 1.]), lineWidth=0, name='polygon_13', opacity=1.0, ori=array(0.), pos=array([0., 0.]), size=array([0.25, 0.25]), units='height', vertices=ndarray(...), win=Window(...))
5.5553 	EXP 	Created polygon_7 = ShapeStim(__class__=<class 'psychopy.visual.shape.ShapeStim'>, autoDraw=False, autoLog=True, closeShape=True, contrast=1.0, depth=0.0, fillColor=array([1., 0., 0.]), fillColorSpace='rgb', interpolate=True, lineColor=array([1., 1., 1.]), lineColorSpace='rgb', lineWidth=1, name='polygon_7', opacity=1.0, ori=array(0.), pos=array([0., 0.]), size=array([1., 1.]), units='height', vertices=ndarray(...), win=Window(...), windingRule=None)
5.5580 	EXP 	Created option1_t1_2 = ImageStim(__class__=<class 'psychopy.visual.image.ImageStim'>, autoLog=True, color=array([1., 1., 1.]), colorSpace='rgb', contrast=1.0, depth=-2.0, flipHoriz=False, flipVert=False, image='sin', interpolate=True, mask=None, maskParams=None, name='option1_t1_2', opacity=1.0, ori=0.0, pos=array([0., 0.]), size=array([0.25, 0.25]), texRes=128, units='height', win=Window(...))
5.5596 	EXP 	Created polygon_6 = ShapeStim(__class__=<class 'psychopy.visual.shape.ShapeStim'>, autoDraw=False, autoLog=True, closeShape=True, contrast=1.0, depth=0.0, fillColor=array([0., 0., 1.]), fillColorSpace='rgb', interpolate=True, lineColor=array([1., 1., 1.]), lineColorSpace='rgb', lineWidth=1, name='polygon_6', opacity=1.0, ori=array(0.), pos=array([0., 0.]), size=array([0.7, 0.7]), units='height', vertices=ndarray(...), win=Window(...), windingRule=None)
5.5621 	EXP 	Created option1_t2_2 = ImageStim(__class__=<class 'psychopy.visual.image.ImageStim'>, autoLog=True, color=array([1., 1., 1.]), colorSpace='rgb', contrast=1.0, depth=-2.0, flipHoriz=False, flipVert=False, image='sin', interpolate=True, mask=None, maskParams=None, name='option1_t2_2', opacity=1.0, ori=0.0, pos=array([0., 0.]), size=array([0.25, 0.25]), texRes=128, units='height', win=Window(...))
5.5649 	EXP 	Created text = TextStim(__class__=<class 'psychopy.visual.text.TextStim'>, alignHoriz=method-wrapper(...), alignText='center', alignVert=method-wrapper(...), anchorHoriz='center', anchorVert='center', antialias=True, autoLog=True, bold=False, color='white', colorSpace='named', contrast=1.0, depth=-3.0, flipHoriz=False, flipVert=False, font='Arial', fontFiles=[], height=0.1, italic=False, languageStyle='LTR', name='text', opacity=1.0, ori=0, pos=array([0., 0.]), rgb=array([255., 255., 255.]), text='default text', units='height', win=Window(...), wrapWidth=1)
5.6558 	EXP 	text_3: autoDraw = True
6.8526 	EXP 	Imported conditionAB.xlsx as conditions, 1 conditions, 8 params
6.8529 	EXP 	Created sequence: random, trialTypes=1, nReps=1, seed=None
6.8532 	EXP 	New trial (rep=0, index=0): OrderedDict([('trialType', 'AB'), ('cndTyp', 'lag6'), ('lag', 6), ('T1_loc', 5), ('T2_loc', 11), ('stimLen', 0.2), ('isi', 0.05), ('skipProb', 0.5)])
6.8709 	DATA 	Keypress: space
6.8892 	EXP 	text_3: autoDraw = False
6.8892 	EXP 	option1: image = '.\\resources\\wallclock.jpg'
6.8892 	EXP 	option2: image = '.\\resources\\stubbywrench01a.jpg'
6.8892 	EXP 	option1: autoDraw = True
6.8892 	EXP 	option2: autoDraw = True
9.3720 	EXP 	text_2: autoDraw = True
9.6386 	EXP 	option1: autoDraw = False
9.6386 	EXP 	option2: autoDraw = False
9.8721 	EXP 	option1: autoDraw = False
9.8721 	EXP 	option2: autoDraw = False
9.8721 	EXP 	text_2: autoDraw = False
9.8721 	EXP 	displayPicture: autoDraw = True
9.8721 	EXP 	displayPicture: image = '.\\resources\\bluejay.jpg'
9.8721 	EXP 	polygon_2: autoDraw = True
9.8721 	EXP 	polygon_2: opacity = 0.0
9.8721 	EXP 	polygon_2: fillColor = '[1. 1. 1.] (rgb)'
9.8886 	EXP 	displayPicture: image = '.\\resources\\bluejay.jpg'
9.8886 	EXP 	polygon_2: opacity = 0.0
9.8886 	EXP 	polygon_2: fillColor = '[1. 1. 1.] (rgb)'
9.9053 	EXP 	displayPicture: image = '.\\resources\\bluejay.jpg'
9.9053 	EXP 	polygon_2: opacity = 0.0
9.9053 	EXP 	polygon_2: fillColor = '[1. 1. 1.] (rgb)'
9.9219 	EXP 	displayPicture: image = '.\\resources\\bluejay.jpg'
9.9219 	EXP 	polygon_2: opacity = 0.0
9.9219 	EXP 	polygon_2: fillColor = '[1. 1. 1.] (rgb)'
9.9386 	EXP 	displayPicture: image = '.\\resources\\bluejay.jpg'
9.9386 	EXP 	polygon_2: opacity = 0.0
9.9386 	EXP 	polygon_2: fillColor = '[1. 1. 1.] (rgb)'
9.9553 	EXP 	displayPicture: image = '.\\resources\\bluejay.jpg'
9.9553 	EXP 	polygon_2: opacity = 0.0
9.9553 	EXP 	polygon_2: fillColor = '[1. 1. 1.] (rgb)'
9.9719 	EXP 	displayPicture: image = '.\\resources\\bluejay.jpg'
9.9719 	EXP 	polygon_2: opacity = 0.0
9.9719 	EXP 	polygon_2: fillColor = '[1. 1. 1.] (rgb)'
9.9886 	EXP 	displayPicture: image = '.\\resources\\bluejay.jpg'
9.9886 	EXP 	polygon_2: opacity = 0.0
9.9886 	EXP 	polygon_2: fillColor = '[1. 1. 1.] (rgb)'
10.0053 	EXP 	displayPicture: image = '.\\resources\\bluejay.jpg'
10.0053 	EXP 	polygon_2: opacity = 0.0
10.0053 	EXP 	polygon_2: fillColor = '[1. 1. 1.] (rgb)'
10.0219 	EXP 	displayPicture: image = '.\\resources\\bluejay.jpg'
10.0219 	EXP 	polygon_2: opacity = 0.0
10.0219 	EXP 	polygon_2: fillColor = '[1. 1. 1.] (rgb)'
10.0386 	EXP 	displayPicture: image = '.\\resources\\bluejay.jpg'
10.0386 	EXP 	polygon_2: opacity = 0.0
10.0386 	EXP 	polygon_2: fillColor = '[1. 1. 1.] (rgb)'
10.0553 	EXP 	displayPicture: image = '.\\resources\\bluejay.jpg'
10.0553 	EXP 	polygon_2: opacity = 1.0
10.0553 	EXP 	polygon_2: fillColor = '[1. 1. 1.] (rgb)'
10.0720 	EXP 	displayPicture: image = '.\\resources\\bluejay.jpg'
10.0720 	EXP 	polygon_2: opacity = 1.0
10.0720 	EXP 	polygon_2: fillColor = '[1. 1. 1.] (rgb)'
10.0886 	EXP 	displayPicture: image = '.\\resources\\bluejay.jpg'
10.0886 	EXP 	polygon_2: opacity = 1.0
10.0886 	EXP 	polygon_2: fillColor = '[1. 1. 1.] (rgb)'
10.1053 	EXP 	displayPicture: image = '.\\resources\\bullet.jpg'
10.1053 	EXP 	polygon_2: opacity = 0.0
10.1053 	EXP 	polygon_2: fillColor = '[1. 1. 1.] (rgb)'
10.1219 	EXP 	displayPicture: image = '.\\resources\\bullet.jpg'
10.1219 	EXP 	polygon_2: opacity = 0.0
10.1219 	EXP 	polygon_2: fillColor = '[1. 1. 1.] (rgb)'
10.1386 	EXP 	displayPicture: image = '.\\resources\\bullet.jpg'
10.1386 	EXP 	polygon_2: opacity = 0.0
10.1386 	EXP 	polygon_2: fillColor = '[1. 1. 1.] (rgb)'
10.1553 	EXP 	displayPicture: image = '.\\resources\\bullet.jpg'
10.1553 	EXP 	polygon_2: opacity = 0.0
10.1553 	EXP 	polygon_2: fillColor = '[1. 1. 1.] (rgb)'
10.1719 	EXP 	displayPicture: image = '.\\resources\\bullet.jpg'
10.1719 	EXP 	polygon_2: opacity = 0.0
10.1719 	EXP 	polygon_2: fillColor = '[1. 1. 1.] (rgb)'
10.1886 	EXP 	displayPicture: image = '.\\resources\\bullet.jpg'
10.1886 	EXP 	polygon_2: opacity = 0.0
10.1886 	EXP 	polygon_2: fillColor = '[1. 1. 1.] (rgb)'
10.2053 	EXP 	displayPicture: image = '.\\resources\\bullet.jpg'
10.2053 	EXP 	polygon_2: opacity = 0.0
10.2053 	EXP 	polygon_2: fillColor = '[1. 1. 1.] (rgb)'
10.2219 	EXP 	displayPicture: image = '.\\resources\\bullet.jpg'
10.2219 	EXP 	polygon_2: opacity = 0.0
10.2219 	EXP 	polygon_2: fillColor = '[1. 1. 1.] (rgb)'
10.2386 	EXP 	displayPicture: image = '.\\resources\\bullet.jpg'
10.2386 	EXP 	polygon_2: opacity = 0.0
10.2386 	EXP 	polygon_2: fillColor = '[1. 1. 1.] (rgb)'
10.2552 	EXP 	displayPicture: image = '.\\resources\\bullet.jpg'
10.2552 	EXP 	polygon_2: opacity = 0.0
10.2552 	EXP 	polygon_2: fillColor = '[1. 1. 1.] (rgb)'
10.2719 	EXP 	displayPicture: image = '.\\resources\\bullet.jpg'
10.2719 	EXP 	polygon_2: opacity = 0.0
10.2719 	EXP 	polygon_2: fillColor = '[1. 1. 1.] (rgb)'
10.2886 	EXP 	displayPicture: image = '.\\resources\\bullet.jpg'
10.2886 	EXP 	polygon_2: opacity = 0.0
10.2886 	EXP 	polygon_2: fillColor = '[1. 1. 1.] (rgb)'
10.3053 	EXP 	displayPicture: image = '.\\resources\\bullet.jpg'
10.3053 	EXP 	polygon_2: opacity = 1.0
10.3053 	EXP 	polygon_2: fillColor = '[1. 1. 1.] (rgb)'
10.3220 	EXP 	displayPicture: image = '.\\resources\\bullet.jpg'
10.3220 	EXP 	polygon_2: opacity = 1.0
10.3220 	EXP 	polygon_2: fillColor = '[1. 1. 1.] (rgb)'
10.3386 	EXP 	displayPicture: image = '.\\resources\\bullet.jpg'
10.3386 	EXP 	polygon_2: opacity = 1.0
10.3386 	EXP 	polygon_2: fillColor = '[1. 1. 1.] (rgb)'
10.3553 	EXP 	displayPicture: image = '.\\resources\\surfboard.jpg'
10.3553 	EXP 	polygon_2: opacity = 0.0
10.3553 	EXP 	polygon_2: fillColor = '[1. 1. 1.] (rgb)'
10.3719 	EXP 	displayPicture: image = '.\\resources\\surfboard.jpg'
10.3719 	EXP 	polygon_2: opacity = 0.0
10.3719 	EXP 	polygon_2: fillColor = '[1. 1. 1.] (rgb)'
10.3888 	EXP 	displayPicture: image = '.\\resources\\surfboard.jpg'
10.3888 	EXP 	polygon_2: opacity = 0.0
10.3888 	EXP 	polygon_2: fillColor = '[1. 1. 1.] (rgb)'
10.4053 	EXP 	displayPicture: image = '.\\resources\\surfboard.jpg'
10.4053 	EXP 	polygon_2: opacity = 0.0
10.4053 	EXP 	polygon_2: fillColor = '[1. 1. 1.] (rgb)'
10.4219 	EXP 	displayPicture: image = '.\\resources\\surfboard.jpg'
10.4219 	EXP 	polygon_2: opacity = 0.0
10.4219 	EXP 	polygon_2: fillColor = '[1. 1. 1.] (rgb)'
10.4386 	EXP 	displayPicture: image = '.\\resources\\surfboard.jpg'
10.4386 	EXP 	polygon_2: opacity = 0.0
10.4386 	EXP 	polygon_2: fillColor = '[1. 1. 1.] (rgb)'
10.4552 	EXP 	displayPicture: image = '.\\resources\\surfboard.jpg'
10.4552 	EXP 	polygon_2: opacity = 0.0
10.4552 	EXP 	polygon_2: fillColor = '[1. 1. 1.] (rgb)'
10.4719 	EXP 	displayPicture: image = '.\\resources\\surfboard.jpg'
10.4719 	EXP 	polygon_2: opacity = 0.0
10.4719 	EXP 	polygon_2: fillColor = '[1. 1. 1.] (rgb)'
10.4886 	EXP 	displayPicture: image = '.\\resources\\surfboard.jpg'
10.4886 	EXP 	polygon_2: opacity = 0.0
10.4886 	EXP 	polygon_2: fillColor = '[1. 1. 1.] (rgb)'
10.5052 	EXP 	displayPicture: image = '.\\resources\\surfboard.jpg'
10.5052 	EXP 	polygon_2: opacity = 0.0
10.5052 	EXP 	polygon_2: fillColor = '[1. 1. 1.] (rgb)'
10.5219 	EXP 	displayPicture: image = '.\\resources\\surfboard.jpg'
10.5219 	EXP 	polygon_2: opacity = 0.0
10.5219 	EXP 	polygon_2: fillColor = '[1. 1. 1.] (rgb)'
10.5386 	EXP 	displayPicture: image = '.\\resources\\surfboard.jpg'
10.5386 	EXP 	polygon_2: opacity = 0.0
10.5386 	EXP 	polygon_2: fillColor = '[1. 1. 1.] (rgb)'
10.5552 	EXP 	displayPicture: image = '.\\resources\\surfboard.jpg'
10.5552 	EXP 	polygon_2: opacity = 1.0
10.5552 	EXP 	polygon_2: fillColor = '[1. 1. 1.] (rgb)'
10.5719 	EXP 	displayPicture: image = '.\\resources\\surfboard.jpg'
10.5719 	EXP 	polygon_2: opacity = 1.0
10.5719 	EXP 	polygon_2: fillColor = '[1. 1. 1.] (rgb)'
10.5886 	EXP 	displayPicture: image = '.\\resources\\surfboard.jpg'
10.5886 	EXP 	polygon_2: opacity = 1.0
10.5886 	EXP 	polygon_2: fillColor = '[1. 1. 1.] (rgb)'
10.6052 	EXP 	displayPicture: image = '.\\resources\\worldmap.jpg'
10.6052 	EXP 	polygon_2: opacity = 0.0
10.6052 	EXP 	polygon_2: fillColor = '[1. 1. 1.] (rgb)'
10.6219 	EXP 	displayPicture: image = '.\\resources\\worldmap.jpg'
10.6219 	EXP 	polygon_2: opacity = 0.0
10.6219 	EXP 	polygon_2: fillColor = '[1. 1. 1.] (rgb)'
10.6386 	EXP 	displayPicture: image = '.\\resources\\worldmap.jpg'
10.6386 	EXP 	polygon_2: opacity = 0.0
10.6386 	EXP 	polygon_2: fillColor = '[1. 1. 1.] (rgb)'
10.6552 	EXP 	displayPicture: image = '.\\resources\\worldmap.jpg'
10.6552 	EXP 	polygon_2: opacity = 0.0
10.6552 	EXP 	polygon_2: fillColor = '[1. 1. 1.] (rgb)'
10.6719 	EXP 	displayPicture: image = '.\\resources\\worldmap.jpg'
10.6719 	EXP 	polygon_2: opacity = 0.0
10.6719 	EXP 	polygon_2: fillColor = '[1. 1. 1.] (rgb)'
10.6886 	EXP 	displayPicture: image = '.\\resources\\worldmap.jpg'
10.6886 	EXP 	polygon_2: opacity = 0.0
10.6886 	EXP 	polygon_2: fillColor = '[1. 1. 1.] (rgb)'
10.7052 	EXP 	displayPicture: image = '.\\resources\\worldmap.jpg'
10.7052 	EXP 	polygon_2: opacity = 0.0
10.7052 	EXP 	polygon_2: fillColor = '[1. 1. 1.] (rgb)'
10.7219 	EXP 	displayPicture: image = '.\\resources\\worldmap.jpg'
10.7219 	EXP 	polygon_2: opacity = 0.0
10.7219 	EXP 	polygon_2: fillColor = '[1. 1. 1.] (rgb)'
10.7386 	EXP 	displayPicture: image = '.\\resources\\worldmap.jpg'
10.7386 	EXP 	polygon_2: opacity = 0.0
10.7386 	EXP 	polygon_2: fillColor = '[1. 1. 1.] (rgb)'
10.7552 	EXP 	displayPicture: image = '.\\resources\\worldmap.jpg'
10.7552 	EXP 	polygon_2: opacity = 0.0
10.7552 	EXP 	polygon_2: fillColor = '[1. 1. 1.] (rgb)'
10.7719 	EXP 	displayPicture: image = '.\\resources\\worldmap.jpg'
10.7719 	EXP 	polygon_2: opacity = 0.0
10.7719 	EXP 	polygon_2: fillColor = '[1. 1. 1.] (rgb)'
10.7886 	EXP 	displayPicture: image = '.\\resources\\worldmap.jpg'
10.7886 	EXP 	polygon_2: opacity = 0.0
10.7886 	EXP 	polygon_2: fillColor = '[1. 1. 1.] (rgb)'
10.8052 	EXP 	displayPicture: image = '.\\resources\\worldmap.jpg'
10.8052 	EXP 	polygon_2: opacity = 1.0
10.8052 	EXP 	polygon_2: fillColor = '[1. 1. 1.] (rgb)'
10.8219 	EXP 	displayPicture: image = '.\\resources\\worldmap.jpg'
10.8219 	EXP 	polygon_2: opacity = 1.0
10.8219 	EXP 	polygon_2: fillColor = '[1. 1. 1.] (rgb)'
10.8385 	EXP 	displayPicture: image = '.\\resources\\worldmap.jpg'
10.8385 	EXP 	polygon_2: opacity = 1.0
10.8385 	EXP 	polygon_2: fillColor = '[1. 1. 1.] (rgb)'
10.8552 	EXP 	displayPicture: image = '.\\resources\\wallclock.jpg'
10.8552 	EXP 	polygon_2: opacity = 0.0
10.8552 	EXP 	polygon_2: fillColor = '[1. 1. 1.] (rgb)'
10.8719 	EXP 	displayPicture: image = '.\\resources\\wallclock.jpg'
10.8719 	EXP 	polygon_2: opacity = 0.0
10.8719 	EXP 	polygon_2: fillColor = '[1. 1. 1.] (rgb)'
10.8886 	EXP 	displayPicture: image = '.\\resources\\wallclock.jpg'
10.8886 	EXP 	polygon_2: opacity = 0.0
10.8886 	EXP 	polygon_2: fillColor = '[1. 1. 1.] (rgb)'
10.9052 	EXP 	displayPicture: image = '.\\resources\\wallclock.jpg'
10.9052 	EXP 	polygon_2: opacity = 0.0
10.9052 	EXP 	polygon_2: fillColor = '[1. 1. 1.] (rgb)'
10.9219 	EXP 	displayPicture: image = '.\\resources\\wallclock.jpg'
10.9219 	EXP 	polygon_2: opacity = 0.0
10.9219 	EXP 	polygon_2: fillColor = '[1. 1. 1.] (rgb)'
10.9386 	EXP 	displayPicture: image = '.\\resources\\wallclock.jpg'
10.9386 	EXP 	polygon_2: opacity = 0.0
10.9386 	EXP 	polygon_2: fillColor = '[1. 1. 1.] (rgb)'
10.9552 	EXP 	displayPicture: image = '.\\resources\\wallclock.jpg'
10.9552 	EXP 	polygon_2: opacity = 0.0
10.9552 	EXP 	polygon_2: fillColor = '[1. 1. 1.] (rgb)'
10.9719 	EXP 	displayPicture: image = '.\\resources\\wallclock.jpg'
10.9719 	EXP 	polygon_2: opacity = 0.0
10.9719 	EXP 	polygon_2: fillColor = '[1. 1. 1.] (rgb)'
10.9886 	EXP 	displayPicture: image = '.\\resources\\wallclock.jpg'
10.9886 	EXP 	polygon_2: opacity = 0.0
10.9886 	EXP 	polygon_2: fillColor = '[1. 1. 1.] (rgb)'
11.0052 	EXP 	displayPicture: image = '.\\resources\\wallclock.jpg'
11.0052 	EXP 	polygon_2: opacity = 0.0
11.0052 	EXP 	polygon_2: fillColor = '[1. 1. 1.] (rgb)'
11.0219 	EXP 	displayPicture: image = '.\\resources\\wallclock.jpg'
11.0219 	EXP 	polygon_2: opacity = 0.0
11.0219 	EXP 	polygon_2: fillColor = '[1. 1. 1.] (rgb)'
11.0386 	EXP 	displayPicture: image = '.\\resources\\wallclock.jpg'
11.0386 	EXP 	polygon_2: opacity = 0.0
11.0386 	EXP 	polygon_2: fillColor = '[1. 1. 1.] (rgb)'
11.0552 	EXP 	displayPicture: image = '.\\resources\\wallclock.jpg'
11.0552 	EXP 	polygon_2: opacity = 1.0
11.0552 	EXP 	polygon_2: fillColor = '[1. 1. 1.] (rgb)'
11.0719 	EXP 	displayPicture: image = '.\\resources\\wallclock.jpg'
11.0719 	EXP 	polygon_2: opacity = 1.0
11.0719 	EXP 	polygon_2: fillColor = '[1. 1. 1.] (rgb)'
11.0885 	EXP 	displayPicture: image = '.\\resources\\wallclock.jpg'
11.0885 	EXP 	polygon_2: opacity = 1.0
11.0885 	EXP 	polygon_2: fillColor = '[1. 1. 1.] (rgb)'
11.1052 	EXP 	displayPicture: image = '.\\resources\\armadillo.jpg'
11.1052 	EXP 	polygon_2: opacity = 0.0
11.1052 	EXP 	polygon_2: fillColor = '[1. 1. 1.] (rgb)'
11.1219 	EXP 	displayPicture: image = '.\\resources\\armadillo.jpg'
11.1219 	EXP 	polygon_2: opacity = 0.0
11.1219 	EXP 	polygon_2: fillColor = '[1. 1. 1.] (rgb)'
11.1385 	EXP 	displayPicture: image = '.\\resources\\armadillo.jpg'
11.1385 	EXP 	polygon_2: opacity = 0.0
11.1385 	EXP 	polygon_2: fillColor = '[1. 1. 1.] (rgb)'
11.1552 	EXP 	displayPicture: image = '.\\resources\\armadillo.jpg'
11.1552 	EXP 	polygon_2: opacity = 0.0
11.1552 	EXP 	polygon_2: fillColor = '[1. 1. 1.] (rgb)'
11.1719 	EXP 	displayPicture: image = '.\\resources\\armadillo.jpg'
11.1719 	EXP 	polygon_2: opacity = 0.0
11.1719 	EXP 	polygon_2: fillColor = '[1. 1. 1.] (rgb)'
11.1885 	EXP 	displayPicture: image = '.\\resources\\armadillo.jpg'
11.1885 	EXP 	polygon_2: opacity = 0.0
11.1885 	EXP 	polygon_2: fillColor = '[1. 1. 1.] (rgb)'
11.2052 	EXP 	displayPicture: image = '.\\resources\\armadillo.jpg'
11.2052 	EXP 	polygon_2: opacity = 0.0
11.2052 	EXP 	polygon_2: fillColor = '[1. 1. 1.] (rgb)'
11.2219 	EXP 	displayPicture: image = '.\\resources\\armadillo.jpg'
11.2219 	EXP 	polygon_2: opacity = 0.0
11.2219 	EXP 	polygon_2: fillColor = '[1. 1. 1.] (rgb)'
11.2385 	EXP 	displayPicture: image = '.\\resources\\armadillo.jpg'
11.2385 	EXP 	polygon_2: opacity = 0.0
11.2385 	EXP 	polygon_2: fillColor = '[1. 1. 1.] (rgb)'
11.2552 	EXP 	displayPicture: image = '.\\resources\\armadillo.jpg'
11.2552 	EXP 	polygon_2: opacity = 0.0
11.2552 	EXP 	polygon_2: fillColor = '[1. 1. 1.] (rgb)'
11.2718 	EXP 	displayPicture: image = '.\\resources\\armadillo.jpg'
11.2718 	EXP 	polygon_2: opacity = 0.0
11.2718 	EXP 	polygon_2: fillColor = '[1. 1. 1.] (rgb)'
11.2885 	EXP 	displayPicture: image = '.\\resources\\armadillo.jpg'
11.2885 	EXP 	polygon_2: opacity = 0.0
11.2885 	EXP 	polygon_2: fillColor = '[1. 1. 1.] (rgb)'
11.3052 	EXP 	displayPicture: image = '.\\resources\\armadillo.jpg'
11.3052 	EXP 	polygon_2: opacity = 1.0
11.3052 	EXP 	polygon_2: fillColor = '[1. 1. 1.] (rgb)'
11.3218 	EXP 	displayPicture: image = '.\\resources\\armadillo.jpg'
11.3218 	EXP 	polygon_2: opacity = 1.0
11.3218 	EXP 	polygon_2: fillColor = '[1. 1. 1.] (rgb)'
11.3385 	EXP 	displayPicture: image = '.\\resources\\armadillo.jpg'
11.3385 	EXP 	polygon_2: opacity = 1.0
11.3385 	EXP 	polygon_2: fillColor = '[1. 1. 1.] (rgb)'
11.3552 	EXP 	displayPicture: image = '.\\resources\\curtain.jpg'
11.3552 	EXP 	polygon_2: opacity = 0.0
11.3552 	EXP 	polygon_2: fillColor = '[1. 1. 1.] (rgb)'
11.3718 	EXP 	displayPicture: image = '.\\resources\\curtain.jpg'
11.3718 	EXP 	polygon_2: opacity = 0.0
11.3718 	EXP 	polygon_2: fillColor = '[1. 1. 1.] (rgb)'
11.3885 	EXP 	displayPicture: image = '.\\resources\\curtain.jpg'
11.3885 	EXP 	polygon_2: opacity = 0.0
11.3885 	EXP 	polygon_2: fillColor = '[1. 1. 1.] (rgb)'
11.4052 	EXP 	displayPicture: image = '.\\resources\\curtain.jpg'
11.4052 	EXP 	polygon_2: opacity = 0.0
11.4052 	EXP 	polygon_2: fillColor = '[1. 1. 1.] (rgb)'
11.4219 	EXP 	displayPicture: image = '.\\resources\\curtain.jpg'
11.4219 	EXP 	polygon_2: opacity = 0.0
11.4219 	EXP 	polygon_2: fillColor = '[1. 1. 1.] (rgb)'
11.4385 	EXP 	displayPicture: image = '.\\resources\\curtain.jpg'
11.4385 	EXP 	polygon_2: opacity = 0.0
11.4385 	EXP 	polygon_2: fillColor = '[1. 1. 1.] (rgb)'
11.4552 	EXP 	displayPicture: image = '.\\resources\\curtain.jpg'
11.4552 	EXP 	polygon_2: opacity = 0.0
11.4552 	EXP 	polygon_2: fillColor = '[1. 1. 1.] (rgb)'
11.4719 	EXP 	displayPicture: image = '.\\resources\\curtain.jpg'
11.4719 	EXP 	polygon_2: opacity = 0.0
11.4719 	EXP 	polygon_2: fillColor = '[1. 1. 1.] (rgb)'
11.4885 	EXP 	displayPicture: image = '.\\resources\\curtain.jpg'
11.4885 	EXP 	polygon_2: opacity = 0.0
11.4885 	EXP 	polygon_2: fillColor = '[1. 1. 1.] (rgb)'
11.5052 	EXP 	displayPicture: image = '.\\resources\\curtain.jpg'
11.5052 	EXP 	polygon_2: opacity = 0.0
11.5052 	EXP 	polygon_2: fillColor = '[1. 1. 1.] (rgb)'
11.5218 	EXP 	displayPicture: image = '.\\resources\\curtain.jpg'
11.5218 	EXP 	polygon_2: opacity = 0.0
11.5218 	EXP 	polygon_2: fillColor = '[1. 1. 1.] (rgb)'
11.5385 	EXP 	displayPicture: image = '.\\resources\\curtain.jpg'
11.5385 	EXP 	polygon_2: opacity = 0.0
11.5385 	EXP 	polygon_2: fillColor = '[1. 1. 1.] (rgb)'
11.5552 	EXP 	displayPicture: image = '.\\resources\\curtain.jpg'
11.5552 	EXP 	polygon_2: opacity = 1.0
11.5552 	EXP 	polygon_2: fillColor = '[1. 1. 1.] (rgb)'
11.5719 	EXP 	displayPicture: image = '.\\resources\\curtain.jpg'
11.5719 	EXP 	polygon_2: opacity = 1.0
11.5719 	EXP 	polygon_2: fillColor = '[1. 1. 1.] (rgb)'
11.5885 	EXP 	displayPicture: image = '.\\resources\\curtain.jpg'
11.5885 	EXP 	polygon_2: opacity = 1.0
11.5885 	EXP 	polygon_2: fillColor = '[1. 1. 1.] (rgb)'
11.6052 	EXP 	displayPicture: image = '.\\resources\\motorcycle.jpg'
11.6052 	EXP 	polygon_2: opacity = 0.0
11.6052 	EXP 	polygon_2: fillColor = '[1. 1. 1.] (rgb)'
11.6218 	EXP 	displayPicture: image = '.\\resources\\motorcycle.jpg'
11.6218 	EXP 	polygon_2: opacity = 0.0
11.6218 	EXP 	polygon_2: fillColor = '[1. 1. 1.] (rgb)'
11.6385 	EXP 	displayPicture: image = '.\\resources\\motorcycle.jpg'
11.6385 	EXP 	polygon_2: opacity = 0.0
11.6385 	EXP 	polygon_2: fillColor = '[1. 1. 1.] (rgb)'
11.6552 	EXP 	displayPicture: image = '.\\resources\\motorcycle.jpg'
11.6552 	EXP 	polygon_2: opacity = 0.0
11.6552 	EXP 	polygon_2: fillColor = '[1. 1. 1.] (rgb)'
11.6718 	EXP 	displayPicture: image = '.\\resources\\motorcycle.jpg'
11.6718 	EXP 	polygon_2: opacity = 0.0
11.6718 	EXP 	polygon_2: fillColor = '[1. 1. 1.] (rgb)'
11.6885 	EXP 	displayPicture: image = '.\\resources\\motorcycle.jpg'
11.6885 	EXP 	polygon_2: opacity = 0.0
11.6885 	EXP 	polygon_2: fillColor = '[1. 1. 1.] (rgb)'
11.7052 	EXP 	displayPicture: image = '.\\resources\\motorcycle.jpg'
11.7052 	EXP 	polygon_2: opacity = 0.0
11.7052 	EXP 	polygon_2: fillColor = '[1. 1. 1.] (rgb)'
11.7218 	EXP 	displayPicture: image = '.\\resources\\motorcycle.jpg'
11.7218 	EXP 	polygon_2: opacity = 0.0
11.7218 	EXP 	polygon_2: fillColor = '[1. 1. 1.] (rgb)'
11.7385 	EXP 	displayPicture: image = '.\\resources\\motorcycle.jpg'
11.7385 	EXP 	polygon_2: opacity = 0.0
11.7385 	EXP 	polygon_2: fillColor = '[1. 1. 1.] (rgb)'
11.7552 	EXP 	displayPicture: image = '.\\resources\\motorcycle.jpg'
11.7552 	EXP 	polygon_2: opacity = 0.0
11.7552 	EXP 	polygon_2: fillColor = '[1. 1. 1.] (rgb)'
11.7718 	EXP 	displayPicture: image = '.\\resources\\motorcycle.jpg'
11.7718 	EXP 	polygon_2: opacity = 0.0
11.7718 	EXP 	polygon_2: fillColor = '[1. 1. 1.] (rgb)'
11.7885 	EXP 	displayPicture: image = '.\\resources\\motorcycle.jpg'
11.7885 	EXP 	polygon_2: opacity = 0.0
11.7885 	EXP 	polygon_2: fillColor = '[1. 1. 1.] (rgb)'
11.8052 	EXP 	displayPicture: image = '.\\resources\\motorcycle.jpg'
11.8052 	EXP 	polygon_2: opacity = 1.0
11.8052 	EXP 	polygon_2: fillColor = '[1. 1. 1.] (rgb)'
11.8218 	EXP 	displayPicture: image = '.\\resources\\motorcycle.jpg'
11.8218 	EXP 	polygon_2: opacity = 1.0
11.8218 	EXP 	polygon_2: fillColor = '[1. 1. 1.] (rgb)'
11.8385 	EXP 	displayPicture: image = '.\\resources\\motorcycle.jpg'
11.8385 	EXP 	polygon_2: opacity = 1.0
11.8385 	EXP 	polygon_2: fillColor = '[1. 1. 1.] (rgb)'
11.8552 	EXP 	displayPicture: image = '.\\resources\\kneepad01c.jpg'
11.8552 	EXP 	polygon_2: opacity = 0.0
11.8552 	EXP 	polygon_2: fillColor = '[1. 1. 1.] (rgb)'
11.8718 	EXP 	displayPicture: image = '.\\resources\\kneepad01c.jpg'
11.8718 	EXP 	polygon_2: opacity = 0.0
11.8718 	EXP 	polygon_2: fillColor = '[1. 1. 1.] (rgb)'
11.8885 	EXP 	displayPicture: image = '.\\resources\\kneepad01c.jpg'
11.8885 	EXP 	polygon_2: opacity = 0.0
11.8885 	EXP 	polygon_2: fillColor = '[1. 1. 1.] (rgb)'
11.9052 	EXP 	displayPicture: image = '.\\resources\\kneepad01c.jpg'
11.9052 	EXP 	polygon_2: opacity = 0.0
11.9052 	EXP 	polygon_2: fillColor = '[1. 1. 1.] (rgb)'
11.9218 	EXP 	displayPicture: image = '.\\resources\\kneepad01c.jpg'
11.9218 	EXP 	polygon_2: opacity = 0.0
11.9218 	EXP 	polygon_2: fillColor = '[1. 1. 1.] (rgb)'
11.9385 	EXP 	displayPicture: image = '.\\resources\\kneepad01c.jpg'
11.9385 	EXP 	polygon_2: opacity = 0.0
11.9385 	EXP 	polygon_2: fillColor = '[1. 1. 1.] (rgb)'
11.9551 	EXP 	displayPicture: image = '.\\resources\\kneepad01c.jpg'
11.9551 	EXP 	polygon_2: opacity = 0.0
11.9551 	EXP 	polygon_2: fillColor = '[1. 1. 1.] (rgb)'
11.9718 	EXP 	displayPicture: image = '.\\resources\\kneepad01c.jpg'
11.9718 	EXP 	polygon_2: opacity = 0.0
11.9718 	EXP 	polygon_2: fillColor = '[1. 1. 1.] (rgb)'
11.9885 	EXP 	displayPicture: image = '.\\resources\\kneepad01c.jpg'
11.9885 	EXP 	polygon_2: opacity = 0.0
11.9885 	EXP 	polygon_2: fillColor = '[1. 1. 1.] (rgb)'
12.0052 	EXP 	displayPicture: image = '.\\resources\\kneepad01c.jpg'
12.0052 	EXP 	polygon_2: opacity = 0.0
12.0052 	EXP 	polygon_2: fillColor = '[1. 1. 1.] (rgb)'
12.0218 	EXP 	displayPicture: image = '.\\resources\\kneepad01c.jpg'
12.0218 	EXP 	polygon_2: opacity = 0.0
12.0218 	EXP 	polygon_2: fillColor = '[1. 1. 1.] (rgb)'
12.0385 	EXP 	displayPicture: image = '.\\resources\\kneepad01c.jpg'
12.0385 	EXP 	polygon_2: opacity = 0.0
12.0385 	EXP 	polygon_2: fillColor = '[1. 1. 1.] (rgb)'
12.0552 	EXP 	displayPicture: image = '.\\resources\\kneepad01c.jpg'
12.0552 	EXP 	polygon_2: opacity = 1.0
12.0552 	EXP 	polygon_2: fillColor = '[1. 1. 1.] (rgb)'
12.0720 	EXP 	displayPicture: image = '.\\resources\\kneepad01c.jpg'
12.0720 	EXP 	polygon_2: opacity = 1.0
12.0720 	EXP 	polygon_2: fillColor = '[1. 1. 1.] (rgb)'
12.0885 	EXP 	displayPicture: image = '.\\resources\\kneepad01c.jpg'
12.0885 	EXP 	polygon_2: opacity = 1.0
12.0885 	EXP 	polygon_2: fillColor = '[1. 1. 1.] (rgb)'
12.1051 	EXP 	displayPicture: image = '.\\resources\\masquerademask01.jpg'
12.1051 	EXP 	polygon_2: opacity = 0.0
12.1051 	EXP 	polygon_2: fillColor = '[1. 1. 1.] (rgb)'
12.1218 	EXP 	displayPicture: image = '.\\resources\\masquerademask01.jpg'
12.1218 	EXP 	polygon_2: opacity = 0.0
12.1218 	EXP 	polygon_2: fillColor = '[1. 1. 1.] (rgb)'
12.1385 	EXP 	displayPicture: image = '.\\resources\\masquerademask01.jpg'
12.1385 	EXP 	polygon_2: opacity = 0.0
12.1385 	EXP 	polygon_2: fillColor = '[1. 1. 1.] (rgb)'
12.1552 	EXP 	displayPicture: image = '.\\resources\\masquerademask01.jpg'
12.1552 	EXP 	polygon_2: opacity = 0.0
12.1552 	EXP 	polygon_2: fillColor = '[1. 1. 1.] (rgb)'
12.1718 	EXP 	displayPicture: image = '.\\resources\\masquerademask01.jpg'
12.1718 	EXP 	polygon_2: opacity = 0.0
12.1718 	EXP 	polygon_2: fillColor = '[1. 1. 1.] (rgb)'
12.1885 	EXP 	displayPicture: image = '.\\resources\\masquerademask01.jpg'
12.1885 	EXP 	polygon_2: opacity = 0.0
12.1885 	EXP 	polygon_2: fillColor = '[1. 1. 1.] (rgb)'
12.2051 	EXP 	displayPicture: image = '.\\resources\\masquerademask01.jpg'
12.2051 	EXP 	polygon_2: opacity = 0.0
12.2051 	EXP 	polygon_2: fillColor = '[1. 1. 1.] (rgb)'
12.2218 	EXP 	displayPicture: image = '.\\resources\\masquerademask01.jpg'
12.2218 	EXP 	polygon_2: opacity = 0.0
12.2218 	EXP 	polygon_2: fillColor = '[1. 1. 1.] (rgb)'
12.2385 	EXP 	displayPicture: image = '.\\resources\\masquerademask01.jpg'
12.2385 	EXP 	polygon_2: opacity = 0.0
12.2385 	EXP 	polygon_2: fillColor = '[1. 1. 1.] (rgb)'
12.2551 	EXP 	displayPicture: image = '.\\resources\\masquerademask01.jpg'
12.2551 	EXP 	polygon_2: opacity = 0.0
12.2551 	EXP 	polygon_2: fillColor = '[1. 1. 1.] (rgb)'
12.2718 	EXP 	displayPicture: image = '.\\resources\\masquerademask01.jpg'
12.2718 	EXP 	polygon_2: opacity = 0.0
12.2718 	EXP 	polygon_2: fillColor = '[1. 1. 1.] (rgb)'
12.2885 	EXP 	displayPicture: image = '.\\resources\\masquerademask01.jpg'
12.2885 	EXP 	polygon_2: opacity = 0.0
12.2885 	EXP 	polygon_2: fillColor = '[1. 1. 1.] (rgb)'
12.3051 	EXP 	displayPicture: image = '.\\resources\\masquerademask01.jpg'
12.3051 	EXP 	polygon_2: opacity = 1.0
12.3051 	EXP 	polygon_2: fillColor = '[1. 1. 1.] (rgb)'
12.3218 	EXP 	displayPicture: image = '.\\resources\\masquerademask01.jpg'
12.3218 	EXP 	polygon_2: opacity = 1.0
12.3218 	EXP 	polygon_2: fillColor = '[1. 1. 1.] (rgb)'
12.3385 	EXP 	displayPicture: image = '.\\resources\\masquerademask01.jpg'
12.3385 	EXP 	polygon_2: opacity = 1.0
12.3385 	EXP 	polygon_2: fillColor = '[1. 1. 1.] (rgb)'
12.3551 	EXP 	displayPicture: image = '.\\resources\\stubbywrench01a.jpg'
12.3551 	EXP 	polygon_2: opacity = 0.0
12.3551 	EXP 	polygon_2: fillColor = '[1. 1. 1.] (rgb)'
12.3718 	EXP 	displayPicture: image = '.\\resources\\stubbywrench01a.jpg'
12.3718 	EXP 	polygon_2: opacity = 0.0
12.3718 	EXP 	polygon_2: fillColor = '[1. 1. 1.] (rgb)'
12.3885 	EXP 	displayPicture: image = '.\\resources\\stubbywrench01a.jpg'
12.3885 	EXP 	polygon_2: opacity = 0.0
12.3885 	EXP 	polygon_2: fillColor = '[1. 1. 1.] (rgb)'
12.4051 	EXP 	displayPicture: image = '.\\resources\\stubbywrench01a.jpg'
12.4051 	EXP 	polygon_2: opacity = 0.0
12.4051 	EXP 	polygon_2: fillColor = '[1. 1. 1.] (rgb)'
12.4218 	EXP 	displayPicture: image = '.\\resources\\stubbywrench01a.jpg'
12.4218 	EXP 	polygon_2: opacity = 0.0
12.4218 	EXP 	polygon_2: fillColor = '[1. 1. 1.] (rgb)'
12.4385 	EXP 	displayPicture: image = '.\\resources\\stubbywrench01a.jpg'
12.4385 	EXP 	polygon_2: opacity = 0.0
12.4385 	EXP 	polygon_2: fillColor = '[1. 1. 1.] (rgb)'
12.4551 	EXP 	displayPicture: image = '.\\resources\\stubbywrench01a.jpg'
12.4551 	EXP 	polygon_2: opacity = 0.0
12.4551 	EXP 	polygon_2: fillColor = '[1. 1. 1.] (rgb)'
12.4718 	EXP 	displayPicture: image = '.\\resources\\stubbywrench01a.jpg'
12.4718 	EXP 	polygon_2: opacity = 0.0
12.4718 	EXP 	polygon_2: fillColor = '[1. 1. 1.] (rgb)'
12.4885 	EXP 	displayPicture: image = '.\\resources\\stubbywrench01a.jpg'
12.4885 	EXP 	polygon_2: opacity = 0.0
12.4885 	EXP 	polygon_2: fillColor = '[1. 1. 1.] (rgb)'
12.5051 	EXP 	displayPicture: image = '.\\resources\\stubbywrench01a.jpg'
12.5051 	EXP 	polygon_2: opacity = 0.0
12.5051 	EXP 	polygon_2: fillColor = '[1. 1. 1.] (rgb)'
12.5218 	EXP 	displayPicture: image = '.\\resources\\stubbywrench01a.jpg'
12.5218 	EXP 	polygon_2: opacity = 0.0
12.5218 	EXP 	polygon_2: fillColor = '[1. 1. 1.] (rgb)'
12.5385 	EXP 	displayPicture: image = '.\\resources\\stubbywrench01a.jpg'
12.5385 	EXP 	polygon_2: opacity = 0.0
12.5385 	EXP 	polygon_2: fillColor = '[1. 1. 1.] (rgb)'
12.5551 	EXP 	displayPicture: image = '.\\resources\\stubbywrench01a.jpg'
12.5551 	EXP 	polygon_2: opacity = 1.0
12.5551 	EXP 	polygon_2: fillColor = '[1. 1. 1.] (rgb)'
12.5718 	EXP 	displayPicture: image = '.\\resources\\stubbywrench01a.jpg'
12.5718 	EXP 	polygon_2: opacity = 1.0
12.5718 	EXP 	polygon_2: fillColor = '[1. 1. 1.] (rgb)'
12.5885 	EXP 	displayPicture: image = '.\\resources\\stubbywrench01a.jpg'
12.5885 	EXP 	polygon_2: opacity = 1.0
12.5885 	EXP 	polygon_2: fillColor = '[1. 1. 1.] (rgb)'
12.6051 	EXP 	displayPicture: image = '.\\resources\\holdfast.jpg'
12.6051 	EXP 	polygon_2: opacity = 0.0
12.6051 	EXP 	polygon_2: fillColor = '[1. 1. 1.] (rgb)'
12.6218 	EXP 	displayPicture: image = '.\\resources\\holdfast.jpg'
12.6218 	EXP 	polygon_2: opacity = 0.0
12.6218 	EXP 	polygon_2: fillColor = '[1. 1. 1.] (rgb)'
12.6384 	EXP 	displayPicture: image = '.\\resources\\holdfast.jpg'
12.6384 	EXP 	polygon_2: opacity = 0.0
12.6384 	EXP 	polygon_2: fillColor = '[1. 1. 1.] (rgb)'
12.6551 	EXP 	displayPicture: image = '.\\resources\\holdfast.jpg'
12.6551 	EXP 	polygon_2: opacity = 0.0
12.6551 	EXP 	polygon_2: fillColor = '[1. 1. 1.] (rgb)'
12.6718 	EXP 	displayPicture: image = '.\\resources\\holdfast.jpg'
12.6718 	EXP 	polygon_2: opacity = 0.0
12.6718 	EXP 	polygon_2: fillColor = '[1. 1. 1.] (rgb)'
12.6885 	EXP 	displayPicture: image = '.\\resources\\holdfast.jpg'
12.6885 	EXP 	polygon_2: opacity = 0.0
12.6885 	EXP 	polygon_2: fillColor = '[1. 1. 1.] (rgb)'
12.7051 	EXP 	displayPicture: image = '.\\resources\\holdfast.jpg'
12.7051 	EXP 	polygon_2: opacity = 0.0
12.7051 	EXP 	polygon_2: fillColor = '[1. 1. 1.] (rgb)'
12.7218 	EXP 	displayPicture: image = '.\\resources\\holdfast.jpg'
12.7218 	EXP 	polygon_2: opacity = 0.0
12.7218 	EXP 	polygon_2: fillColor = '[1. 1. 1.] (rgb)'
12.7384 	EXP 	displayPicture: image = '.\\resources\\holdfast.jpg'
12.7384 	EXP 	polygon_2: opacity = 0.0
12.7384 	EXP 	polygon_2: fillColor = '[1. 1. 1.] (rgb)'
12.7551 	EXP 	displayPicture: image = '.\\resources\\holdfast.jpg'
12.7551 	EXP 	polygon_2: opacity = 0.0
12.7551 	EXP 	polygon_2: fillColor = '[1. 1. 1.] (rgb)'
12.7718 	EXP 	displayPicture: image = '.\\resources\\holdfast.jpg'
12.7718 	EXP 	polygon_2: opacity = 0.0
12.7718 	EXP 	polygon_2: fillColor = '[1. 1. 1.] (rgb)'
12.7884 	EXP 	displayPicture: image = '.\\resources\\holdfast.jpg'
12.7884 	EXP 	polygon_2: opacity = 0.0
12.7884 	EXP 	polygon_2: fillColor = '[1. 1. 1.] (rgb)'
12.8051 	EXP 	displayPicture: image = '.\\resources\\holdfast.jpg'
12.8051 	EXP 	polygon_2: opacity = 1.0
12.8051 	EXP 	polygon_2: fillColor = '[1. 1. 1.] (rgb)'
12.8218 	EXP 	displayPicture: image = '.\\resources\\holdfast.jpg'
12.8218 	EXP 	polygon_2: opacity = 1.0
12.8218 	EXP 	polygon_2: fillColor = '[1. 1. 1.] (rgb)'
12.8384 	EXP 	displayPicture: image = '.\\resources\\holdfast.jpg'
12.8384 	EXP 	polygon_2: opacity = 1.0
12.8384 	EXP 	polygon_2: fillColor = '[1. 1. 1.] (rgb)'
12.8551 	EXP 	displayPicture: image = '.\\resources\\stool01.jpg'
12.8551 	EXP 	polygon_2: opacity = 0.0
12.8551 	EXP 	polygon_2: fillColor = '[1. 1. 1.] (rgb)'
12.8718 	EXP 	displayPicture: image = '.\\resources\\stool01.jpg'
12.8718 	EXP 	polygon_2: opacity = 0.0
12.8718 	EXP 	polygon_2: fillColor = '[1. 1. 1.] (rgb)'
12.8885 	EXP 	displayPicture: image = '.\\resources\\stool01.jpg'
12.8885 	EXP 	polygon_2: opacity = 0.0
12.8885 	EXP 	polygon_2: fillColor = '[1. 1. 1.] (rgb)'
12.9051 	EXP 	displayPicture: image = '.\\resources\\stool01.jpg'
12.9051 	EXP 	polygon_2: opacity = 0.0
12.9051 	EXP 	polygon_2: fillColor = '[1. 1. 1.] (rgb)'
12.9218 	EXP 	displayPicture: image = '.\\resources\\stool01.jpg'
12.9218 	EXP 	polygon_2: opacity = 0.0
12.9218 	EXP 	polygon_2: fillColor = '[1. 1. 1.] (rgb)'
12.9384 	EXP 	displayPicture: image = '.\\resources\\stool01.jpg'
12.9384 	EXP 	polygon_2: opacity = 0.0
12.9384 	EXP 	polygon_2: fillColor = '[1. 1. 1.] (rgb)'
12.9551 	EXP 	displayPicture: image = '.\\resources\\stool01.jpg'
12.9551 	EXP 	polygon_2: opacity = 0.0
12.9551 	EXP 	polygon_2: fillColor = '[1. 1. 1.] (rgb)'
12.9717 	EXP 	displayPicture: image = '.\\resources\\stool01.jpg'
12.9717 	EXP 	polygon_2: opacity = 0.0
12.9717 	EXP 	polygon_2: fillColor = '[1. 1. 1.] (rgb)'
12.9884 	EXP 	displayPicture: image = '.\\resources\\stool01.jpg'
12.9884 	EXP 	polygon_2: opacity = 0.0
12.9884 	EXP 	polygon_2: fillColor = '[1. 1. 1.] (rgb)'
13.0051 	EXP 	displayPicture: image = '.\\resources\\stool01.jpg'
13.0051 	EXP 	polygon_2: opacity = 0.0
13.0051 	EXP 	polygon_2: fillColor = '[1. 1. 1.] (rgb)'
13.0218 	EXP 	displayPicture: image = '.\\resources\\stool01.jpg'
13.0218 	EXP 	polygon_2: opacity = 0.0
13.0218 	EXP 	polygon_2: fillColor = '[1. 1. 1.] (rgb)'
13.0384 	EXP 	displayPicture: image = '.\\resources\\stool01.jpg'
13.0384 	EXP 	polygon_2: opacity = 0.0
13.0384 	EXP 	polygon_2: fillColor = '[1. 1. 1.] (rgb)'
13.0551 	EXP 	displayPicture: image = '.\\resources\\stool01.jpg'
13.0551 	EXP 	polygon_2: opacity = 1.0
13.0551 	EXP 	polygon_2: fillColor = '[1. 1. 1.] (rgb)'
13.0718 	EXP 	displayPicture: image = '.\\resources\\stool01.jpg'
13.0718 	EXP 	polygon_2: opacity = 1.0
13.0718 	EXP 	polygon_2: fillColor = '[1. 1. 1.] (rgb)'
13.0884 	EXP 	displayPicture: image = '.\\resources\\stool01.jpg'
13.0884 	EXP 	polygon_2: opacity = 1.0
13.0884 	EXP 	polygon_2: fillColor = '[1. 1. 1.] (rgb)'
13.1051 	EXP 	displayPicture: image = '.\\resources\\electricguitar01.jpg'
13.1051 	EXP 	polygon_2: opacity = 0.0
13.1051 	EXP 	polygon_2: fillColor = '[1. 1. 1.] (rgb)'
13.1217 	EXP 	displayPicture: image = '.\\resources\\electricguitar01.jpg'
13.1217 	EXP 	polygon_2: opacity = 0.0
13.1217 	EXP 	polygon_2: fillColor = '[1. 1. 1.] (rgb)'
13.1384 	EXP 	displayPicture: image = '.\\resources\\electricguitar01.jpg'
13.1384 	EXP 	polygon_2: opacity = 0.0
13.1384 	EXP 	polygon_2: fillColor = '[1. 1. 1.] (rgb)'
13.1551 	EXP 	displayPicture: image = '.\\resources\\electricguitar01.jpg'
13.1551 	EXP 	polygon_2: opacity = 0.0
13.1551 	EXP 	polygon_2: fillColor = '[1. 1. 1.] (rgb)'
13.1717 	EXP 	displayPicture: image = '.\\resources\\electricguitar01.jpg'
13.1717 	EXP 	polygon_2: opacity = 0.0
13.1717 	EXP 	polygon_2: fillColor = '[1. 1. 1.] (rgb)'
13.1884 	EXP 	displayPicture: image = '.\\resources\\electricguitar01.jpg'
13.1884 	EXP 	polygon_2: opacity = 0.0
13.1884 	EXP 	polygon_2: fillColor = '[1. 1. 1.] (rgb)'
13.2051 	EXP 	displayPicture: image = '.\\resources\\electricguitar01.jpg'
13.2051 	EXP 	polygon_2: opacity = 0.0
13.2051 	EXP 	polygon_2: fillColor = '[1. 1. 1.] (rgb)'
13.2217 	EXP 	displayPicture: image = '.\\resources\\electricguitar01.jpg'
13.2217 	EXP 	polygon_2: opacity = 0.0
13.2217 	EXP 	polygon_2: fillColor = '[1. 1. 1.] (rgb)'
13.2384 	EXP 	displayPicture: image = '.\\resources\\electricguitar01.jpg'
13.2384 	EXP 	polygon_2: opacity = 0.0
13.2384 	EXP 	polygon_2: fillColor = '[1. 1. 1.] (rgb)'
13.2551 	EXP 	displayPicture: image = '.\\resources\\electricguitar01.jpg'
13.2551 	EXP 	polygon_2: opacity = 0.0
13.2551 	EXP 	polygon_2: fillColor = '[1. 1. 1.] (rgb)'
13.2717 	EXP 	displayPicture: image = '.\\resources\\electricguitar01.jpg'
13.2717 	EXP 	polygon_2: opacity = 0.0
13.2717 	EXP 	polygon_2: fillColor = '[1. 1. 1.] (rgb)'
13.2884 	EXP 	displayPicture: image = '.\\resources\\electricguitar01.jpg'
13.2884 	EXP 	polygon_2: opacity = 0.0
13.2884 	EXP 	polygon_2: fillColor = '[1. 1. 1.] (rgb)'
13.3051 	EXP 	displayPicture: image = '.\\resources\\electricguitar01.jpg'
13.3051 	EXP 	polygon_2: opacity = 1.0
13.3051 	EXP 	polygon_2: fillColor = '[1. 1. 1.] (rgb)'
13.3217 	EXP 	displayPicture: image = '.\\resources\\electricguitar01.jpg'
13.3217 	EXP 	polygon_2: opacity = 1.0
13.3217 	EXP 	polygon_2: fillColor = '[1. 1. 1.] (rgb)'
13.3384 	EXP 	displayPicture: image = '.\\resources\\electricguitar01.jpg'
13.3384 	EXP 	polygon_2: opacity = 1.0
13.3384 	EXP 	polygon_2: fillColor = '[1. 1. 1.] (rgb)'
13.3719 	EXP 	displayPicture: image = '.\\resources\\electricguitar01.jpg'
13.3719 	EXP 	polygon_2: opacity = 0.0
13.3719 	EXP 	polygon_2: fillColor = '[1. 1. 1.] (rgb)'
13.3719 	EXP 	displayPicture: autoDraw = False
13.3719 	EXP 	polygon_2: autoDraw = False
13.3719 	EXP 	option1_t1: image = '.\\resources\\wallclock.jpg'
13.3719 	EXP 	polygon_4: autoDraw = True
13.3719 	EXP 	option1_t1: autoDraw = True
13.8504 	DATA 	Keypress: right
13.8717 	EXP 	polygon_4: autoDraw = False
13.8717 	EXP 	option1_t1: autoDraw = False
13.8717 	EXP 	option1_t2: image = '.\\resources\\stubbywrench01a.jpg'
13.8717 	EXP 	polygon_5: autoDraw = True
13.8717 	EXP 	option1_t2: autoDraw = True
13.9929 	DATA 	Keypress: right
14.0384 	EXP 	polygon_5: autoDraw = False
14.0384 	EXP 	option1_t2: autoDraw = False
14.0384 	EXP 	feedbackText: text = '2/2 Correct'
14.0384 	EXP 	feedbackText: autoDraw = True
15.0550 	EXP 	feedbackText: autoDraw = False
15.0550 	EXP 	text: text = ''
15.0550 	EXP 	text: autoDraw = True
15.0550 	EXP 	text: autoDraw = False
15.0550 	EXP 	text_4: autoDraw = True
16.1881 	EXP 	Imported conditionAB_main.xlsx as conditions, 232 conditions, 9 params
16.1887 	EXP 	Created sequence: sequential, trialTypes=232, nReps=1, seed=None
16.1890 	EXP 	New trial (rep=0, index=0): OrderedDict([('trialType', 'AB'), ('cndTyp', 'lag6'), ('lag', 6), ('T1_loc', 5), ('T2_loc', 11), ('stimLen', 0.2), ('isi', 0.05), ('skipProb', 0.5), ('phase', 'ramp')])
16.2040 	DATA 	Keypress: space
16.2215 	EXP 	text_4: autoDraw = False
16.2215 	EXP 	option1_2: image = '.\\resources\\harmonica.jpg'
16.2215 	EXP 	option2_2: image = '.\\resources\\stool01.jpg'
16.2215 	EXP 	option1_2: autoDraw = True
16.2215 	EXP 	option2_2: autoDraw = True
18.7047 	EXP 	text_5: autoDraw = True
18.9713 	EXP 	option1_2: autoDraw = False
18.9713 	EXP 	option2_2: autoDraw = False
19.1880 	EXP 	option1_2: autoDraw = False
19.1880 	EXP 	option2_2: autoDraw = False
19.1880 	EXP 	text_5: autoDraw = False
19.1880 	EXP 	displayPicture_3: autoDraw = True
19.1880 	EXP 	displayPicture_3: image = '.\\resources\\sword01.jpg'
19.1880 	EXP 	polygon_13: autoDraw = True
19.1880 	EXP 	polygon_13: opacity = 1.0
19.1880 	EXP 	polygon_13: fillColor = '[1. 1. 1.] (rgb)'
19.2046 	EXP 	displayPicture_3: image = '.\\resources\\bullet.jpg'
19.2046 	EXP 	polygon_13: opacity = 0.0
19.2046 	EXP 	polygon_13: fillColor = '[1. 1. 1.] (rgb)'
19.2213 	EXP 	displayPicture_3: image = '.\\resources\\bullet.jpg'
19.2213 	EXP 	polygon_13: opacity = 1.0
19.2213 	EXP 	polygon_13: fillColor = '[1. 1. 1.] (rgb)'
19.2380 	EXP 	displayPicture_3: image = '.\\resources\\floorlamp.jpg'
19.2380 	EXP 	polygon_13: opacity = 0.0
19.2380 	EXP 	polygon_13: fillColor = '[1. 1. 1.] (rgb)'
19.2546 	EXP 	displayPicture_3: image = '.\\resources\\floorlamp.jpg'
19.2546 	EXP 	polygon_13: opacity = 1.0
19.2546 	EXP 	polygon_13: fillColor = '[1. 1. 1.] (rgb)'
19.2713 	EXP 	displayPicture_3: image = '.\\resources\\bluejay.jpg'
19.2713 	EXP 	polygon_13: opacity = 0.0
19.2713 	EXP 	polygon_13: fillColor = '[1. 1. 1.] (rgb)'
19.2880 	EXP 	displayPicture_3: image = '.\\resources\\bluejay.jpg'
19.2880 	EXP 	polygon_13: opacity = 1.0
19.2880 	EXP 	polygon_13: fillColor = '[1. 1. 1.] (rgb)'
19.3046 	EXP 	displayPicture_3: image = '.\\resources\\surfboard.jpg'
19.3046 	EXP 	polygon_13: opacity = 0.0
19.3046 	EXP 	polygon_13: fillColor = '[1. 1. 1.] (rgb)'
19.3213 	EXP 	displayPicture_3: image = '.\\resources\\surfboard.jpg'
19.3213 	EXP 	polygon_13: opacity = 1.0
19.3213 	EXP 	polygon_13: fillColor = '[1. 1. 1.] (rgb)'
19.3380 	EXP 	displayPicture_3: image = '.\\resources\\masquerademask01.jpg'
19.3380 	EXP 	polygon_13: opacity = 0.0
19.3380 	EXP 	polygon_13: fillColor = '[1. 1. 1.] (rgb)'
19.3546 	EXP 	displayPicture_3: image = '.\\resources\\masquerademask01.jpg'
19.3546 	EXP 	polygon_13: opacity = 1.0
19.3546 	EXP 	polygon_13: fillColor = '[1. 1. 1.] (rgb)'
19.3713 	EXP 	displayPicture_3: image = '.\\resources\\stubbywrench01a.jpg'
19.3713 	EXP 	polygon_13: opacity = 0.0
19.3713 	EXP 	polygon_13: fillColor = '[1. 1. 1.] (rgb)'
19.3880 	EXP 	displayPicture_3: image = '.\\resources\\stubbywrench01a.jpg'
19.3880 	EXP 	polygon_13: opacity = 1.0
19.3880 	EXP 	polygon_13: fillColor = '[1. 1. 1.] (rgb)'
19.4046 	EXP 	displayPicture_3: image = '.\\resources\\curtain.jpg'
19.4046 	EXP 	polygon_13: opacity = 0.0
19.4046 	EXP 	polygon_13: fillColor = '[1. 1. 1.] (rgb)'
19.4213 	EXP 	displayPicture_3: image = '.\\resources\\curtain.jpg'
19.4213 	EXP 	polygon_13: opacity = 1.0
19.4213 	EXP 	polygon_13: fillColor = '[1. 1. 1.] (rgb)'
19.4380 	EXP 	displayPicture_3: image = '.\\resources\\armadillo.jpg'
19.4380 	EXP 	polygon_13: opacity = 0.0
19.4380 	EXP 	polygon_13: fillColor = '[1. 1. 1.] (rgb)'
19.4546 	EXP 	displayPicture_3: image = '.\\resources\\armadillo.jpg'
19.4546 	EXP 	polygon_13: opacity = 1.0
19.4546 	EXP 	polygon_13: fillColor = '[1. 1. 1.] (rgb)'
19.4713 	EXP 	displayPicture_3: image = '.\\resources\\kneepad01c.jpg'
19.4713 	EXP 	polygon_13: opacity = 0.0
19.4713 	EXP 	polygon_13: fillColor = '[1. 1. 1.] (rgb)'
19.4880 	EXP 	displayPicture_3: image = '.\\resources\\kneepad01c.jpg'
19.4880 	EXP 	polygon_13: opacity = 1.0
19.4880 	EXP 	polygon_13: fillColor = '[1. 1. 1.] (rgb)'
19.5046 	EXP 	displayPicture_3: image = '.\\resources\\hockeystick.jpg'
19.5046 	EXP 	polygon_13: opacity = 0.0
19.5046 	EXP 	polygon_13: fillColor = '[1. 1. 1.] (rgb)'
19.5213 	EXP 	displayPicture_3: image = '.\\resources\\hockeystick.jpg'
19.5213 	EXP 	polygon_13: opacity = 1.0
19.5213 	EXP 	polygon_13: fillColor = '[1. 1. 1.] (rgb)'
19.5380 	EXP 	displayPicture_3: image = '.\\resources\\motorcycle.jpg'
19.5380 	EXP 	polygon_13: opacity = 0.0
19.5380 	EXP 	polygon_13: fillColor = '[1. 1. 1.] (rgb)'
19.5546 	EXP 	displayPicture_3: image = '.\\resources\\motorcycle.jpg'
19.5546 	EXP 	polygon_13: opacity = 1.0
19.5546 	EXP 	polygon_13: fillColor = '[1. 1. 1.] (rgb)'
19.5713 	EXP 	displayPicture_3: image = '.\\resources\\nosmokingsign.jpg'
19.5713 	EXP 	polygon_13: opacity = 0.0
19.5713 	EXP 	polygon_13: fillColor = '[1. 1. 1.] (rgb)'
19.5879 	EXP 	displayPicture_3: image = '.\\resources\\nosmokingsign.jpg'
19.5879 	EXP 	polygon_13: opacity = 1.0
19.5879 	EXP 	polygon_13: fillColor = '[1. 1. 1.] (rgb)'
19.6046 	EXP 	displayPicture_3: image = '.\\resources\\electricguitar01.jpg'
19.6046 	EXP 	polygon_13: opacity = 0.0
19.6046 	EXP 	polygon_13: fillColor = '[1. 1. 1.] (rgb)'
19.6213 	EXP 	displayPicture_3: image = '.\\resources\\electricguitar01.jpg'
19.6213 	EXP 	polygon_13: opacity = 1.0
19.6213 	EXP 	polygon_13: fillColor = '[1. 1. 1.] (rgb)'
19.6547 	EXP 	displayPicture_3: image = '.\\resources\\electricguitar01.jpg'
19.6547 	EXP 	polygon_13: opacity = 0.0
19.6547 	EXP 	polygon_13: fillColor = '[1. 1. 1.] (rgb)'
19.6547 	EXP 	displayPicture_3: autoDraw = False
19.6547 	EXP 	polygon_13: autoDraw = False
19.6547 	EXP 	option1_t1_2: image = '.\\resources\\stool01.jpg'
19.6547 	EXP 	polygon_7: autoDraw = True
19.6547 	EXP 	option1_t1_2: autoDraw = True
21.1331 	DATA 	Keypress: right
21.1545 	EXP 	polygon_7: autoDraw = False
21.1545 	EXP 	option1_t1_2: autoDraw = False
21.1545 	EXP 	option1_t2_2: image = '.\\resources\\harmonica.jpg'
21.1545 	EXP 	polygon_6: autoDraw = True
21.1545 	EXP 	option1_t2_2: autoDraw = True
21.2124 	EXP 	New trial (rep=0, index=1): OrderedDict([('trialType', 'AB'), ('cndTyp', 'lag4'), ('lag', 4), ('T1_loc', 4), ('T2_loc', 8), ('stimLen', 0.193334), ('isi', 0.046666667), ('skipProb', 0.48), ('phase', 'ramp')])
21.2186 	DATA 	Keypress: left
21.2380 	EXP 	polygon_6: autoDraw = False
21.2380 	EXP 	option1_t2_2: autoDraw = False
21.2380 	EXP 	text: text = ''
21.2380 	EXP 	text: autoDraw = True
21.2380 	EXP 	text: autoDraw = False
21.2380 	EXP 	option1_2: image = '.\\resources\\fortunecookie.jpg'
21.2380 	EXP 	option2_2: image = '.\\resources\\parkingmeter.jpg'
21.2380 	EXP 	option1_2: autoDraw = True
21.2380 	EXP 	option2_2: autoDraw = True
21.7232 	DATA 	Keypress: escape
21.8803 	EXP 	window1: mouseVisible = True
