0.8391 	WARNING 	We strongly recommend you activate the PTB sound engine in PsychoPy prefs as the preferred audio engine. Its timing is vastly superior. Your prefs are currently set to use ['sounddevice', 'PTB', 'pyo', 'pygame'] (in that order).
4.4600 	WARNING 	User requested fullscreen with size [1024  768], but screen is actually [1920, 1080]. Using actual size
5.3433 	EXP 	Created window1 = Window(allowGUI=False, allowStencil=False, args=UNKNOWN, autoLog=True, bitsMode=UNKNOWN, blendMode='avg', bpc=(8, 8, 8), color=array([0., 0., 0.]), colorSpace='rgb', depthBits=8, fullscr=<method-wrapper '__getattribute__' of attributeSetter object at 0x0000020169AB4EF0>, gamma=None, gammaErrorPolicy='raise', kwargs=UNKNOWN, lms=UNKNOWN, monitor=<psychopy.monitors.calibTools.Monitor object at 0x0000020169801550>, multiSample=False, name='window1', numSamples=2, pos=[0.0, 0.0], screen=0, size=array([1920, 1080]), stencilBits=0, stereo=False, units='height', useFBO=True, useRetina=False, viewOri=0.0, viewPos=None, viewScale=None, waitBlanking=True, winType='pyglet')
5.3436 	EXP 	window1: mouseVisible = True
5.3436 	EXP 	window1: recordFrameIntervals = False
5.5096 	EXP 	window1: recordFrameIntervals = True
5.6931 	EXP 	window1: recordFrameIntervals = False
5.8430 	EXP 	Created text_3 = TextStim(__class__=<class 'psychopy.visual.text.TextStim'>, alignHoriz=method-wrapper(...), alignText='center', alignVert=method-wrapper(...), anchorHoriz='center', anchorVert='center', antialias=True, autoLog=True, bold=False, color='white', colorSpace='named', contrast=1.0, depth=0.0, flipHoriz=False, flipVert=False, font='Arial', fontFiles=[], height=0.1, italic=False, languageStyle='LTR', name='text_3', opacity=1.0, ori=0, pos=array([0., 0.]), rgb=array([255., 255., 255.]), text=str(...), units='height', win=Window(...), wrapWidth=1)
5.8471 	EXP 	Created option1 = ImageStim(__class__=<class 'psychopy.visual.image.ImageStim'>, autoLog=True, color=array([1., 1., 1.]), colorSpace='rgb', contrast=1.0, depth=-1.0, flipHoriz=False, flipVert=False, image='sin', interpolate=True, mask=None, maskParams=None, name='option1', opacity=1.0, ori=0.0, pos=array([-0.3,  0. ]), size=array([0.25, 0.25]), texRes=128, units='height', win=Window(...))
5.8494 	EXP 	Created option2 = ImageStim(__class__=<class 'psychopy.visual.image.ImageStim'>, autoLog=True, color=array([1., 1., 1.]), colorSpace='rgb', contrast=1.0, depth=-2.0, flipHoriz=False, flipVert=False, image='sin', interpolate=True, mask=None, maskParams=None, name='option2', opacity=1.0, ori=0.0, pos=array([0.3, 0. ]), size=array([0.25, 0.25]), texRes=128, units='height', win=Window(...))
5.8529 	EXP 	Created text_2 = TextStim(__class__=<class 'psychopy.visual.text.TextStim'>, alignHoriz=method-wrapper(...), alignText='center', alignVert=method-wrapper(...), anchorHoriz='center', anchorVert='center', antialias=True, autoLog=True, bold=False, color='white', colorSpace='named', contrast=1.0, depth=-3.0, flipHoriz=False, flipVert=False, font='Arial', fontFiles=[], height=0.1, italic=False, languageStyle='LTR', name='text_2', opacity=1.0, ori=0, pos=array([0., 0.]), rgb=array([255., 255., 255.]), text='+', units='height', win=Window(...), wrapWidth=1)
5.8552 	EXP 	Created displayPicture = ImageStim(__class__=<class 'psychopy.visual.image.ImageStim'>, autoLog=True, color=array([1., 1., 1.]), colorSpace='rgb', contrast=1.0, depth=-6.0, flipHoriz=False, flipVert=False, image='sin', interpolate=True, mask=None, maskParams=None, name='displayPicture', opacity=1.0, ori=0.0, pos=array([0., 0.]), size=array([0.25, 0.25]), texRes=128, units='height', win=Window(...))
5.8565 	EXP 	Created polygon_2 = Rect(__class__=<class 'psychopy.visual.rect.Rect'>, autoDraw=False, autoLog=True, closeShape=True, color=method-wrapper(...), colorSpace=None, contrast=1.0, depth=-7.0, fillColor=array([1., 1., 1.]), fillColorSpace='rgb', fillRGB=array([1., 1., 1.]), interpolate=True, lineColor=array([1., 1., 1.]), lineColorSpace='rgb', lineRGB=array([1., 1., 1.]), lineWidth=0, name='polygon_2', opacity=1.0, ori=array(0.), pos=array([0., 0.]), size=array([0.25, 0.25]), units='height', vertices=ndarray(...), win=Window(...))
5.8579 	EXP 	Created polygon_4 = ShapeStim(__class__=<class 'psychopy.visual.shape.ShapeStim'>, autoDraw=False, autoLog=True, closeShape=True, contrast=1.0, depth=0.0, fillColor=array([1., 0., 0.]), fillColorSpace='rgb', interpolate=True, lineColor=array([1., 1., 1.]), lineColorSpace='rgb', lineWidth=1, name='polygon_4', opacity=1.0, ori=array(0.), pos=array([0., 0.]), size=array([1., 1.]), units='height', vertices=ndarray(...), win=Window(...), windingRule=None)
5.8601 	EXP 	Created option1_t1 = ImageStim(__class__=<class 'psychopy.visual.image.ImageStim'>, autoLog=True, color=array([1., 1., 1.]), colorSpace='rgb', contrast=1.0, depth=-2.0, flipHoriz=False, flipVert=False, image='sin', interpolate=True, mask=None, maskParams=None, name='option1_t1', opacity=1.0, ori=0.0, pos=array([0., 0.]), size=array([0.25, 0.25]), texRes=128, units='height', win=Window(...))
5.8627 	EXP 	Created polygon_5 = ShapeStim(__class__=<class 'psychopy.visual.shape.ShapeStim'>, autoDraw=False, autoLog=True, closeShape=True, contrast=1.0, depth=0.0, fillColor=array([0., 0., 1.]), fillColorSpace='rgb', interpolate=True, lineColor=array([1., 1., 1.]), lineColorSpace='rgb', lineWidth=1, name='polygon_5', opacity=1.0, ori=array(0.), pos=array([0., 0.]), size=array([0.7, 0.7]), units='height', vertices=ndarray(...), win=Window(...), windingRule=None)
5.8650 	EXP 	Created option1_t2 = ImageStim(__class__=<class 'psychopy.visual.image.ImageStim'>, autoLog=True, color=array([1., 1., 1.]), colorSpace='rgb', contrast=1.0, depth=-2.0, flipHoriz=False, flipVert=False, image='sin', interpolate=True, mask=None, maskParams=None, name='option1_t2', opacity=1.0, ori=0.0, pos=array([0., 0.]), size=array([0.25, 0.25]), texRes=128, units='height', win=Window(...))
5.8736 	EXP 	Created feedbackText = TextStim(__class__=<class 'psychopy.visual.text.TextStim'>, alignHoriz=method-wrapper(...), alignText='center', alignVert=method-wrapper(...), anchorHoriz='center', anchorVert='center', antialias=True, autoLog=True, bold=False, color='white', colorSpace='named', contrast=1.0, depth=-1.0, flipHoriz=False, flipVert=False, font='Arial', fontFiles=[], height=0.1, italic=False, languageStyle='LTR', name='feedbackText', opacity=1.0, ori=0, pos=array([0., 0.]), rgb=array([255., 255., 255.]), text='default text', units='height', win=Window(...), wrapWidth=1)
5.8770 	EXP 	Created text = TextStim(__class__=<class 'psychopy.visual.text.TextStim'>, alignHoriz=method-wrapper(...), alignText='center', alignVert=method-wrapper(...), anchorHoriz='center', anchorVert='center', antialias=True, autoLog=True, bold=False, color='white', colorSpace='named', contrast=1.0, depth=-3.0, flipHoriz=False, flipVert=False, font='Arial', fontFiles=[], height=0.1, italic=False, languageStyle='LTR', name='text', opacity=1.0, ori=0, pos=array([0., 0.]), rgb=array([255., 255., 255.]), text='default text', units='height', win=Window(...), wrapWidth=1)
5.9096 	EXP 	Created text_4 = TextStim(__class__=<class 'psychopy.visual.text.TextStim'>, alignHoriz=method-wrapper(...), alignText='center', alignVert=method-wrapper(...), anchorHoriz='center', anchorVert='center', antialias=True, autoLog=True, bold=False, color='white', colorSpace='named', contrast=1.0, depth=0.0, flipHoriz=False, flipVert=False, font='Arial', fontFiles=[], height=0.1, italic=False, languageStyle='LTR', name='text_4', opacity=1.0, ori=0, pos=array([0., 0.]), rgb=array([255., 255., 255.]), text=str(...), units='height', win=Window(...), wrapWidth=1)
5.9122 	EXP 	Created option1_2 = ImageStim(__class__=<class 'psychopy.visual.image.ImageStim'>, autoLog=True, color=array([1., 1., 1.]), colorSpace='rgb', contrast=1.0, depth=-1.0, flipHoriz=False, flipVert=False, image='sin', interpolate=True, mask=None, maskParams=None, name='option1_2', opacity=1.0, ori=0.0, pos=array([-0.3,  0. ]), size=array([0.25, 0.25]), texRes=128, units='height', win=Window(...))
5.9145 	EXP 	Created option2_2 = ImageStim(__class__=<class 'psychopy.visual.image.ImageStim'>, autoLog=True, color=array([1., 1., 1.]), colorSpace='rgb', contrast=1.0, depth=-2.0, flipHoriz=False, flipVert=False, image='sin', interpolate=True, mask=None, maskParams=None, name='option2_2', opacity=1.0, ori=0.0, pos=array([0.3, 0. ]), size=array([0.25, 0.25]), texRes=128, units='height', win=Window(...))
5.9161 	EXP 	Created text_5 = TextStim(__class__=<class 'psychopy.visual.text.TextStim'>, alignHoriz=method-wrapper(...), alignText='center', alignVert=method-wrapper(...), anchorHoriz='center', anchorVert='center', antialias=True, autoLog=True, bold=False, color='white', colorSpace='named', contrast=1.0, depth=-3.0, flipHoriz=False, flipVert=False, font='Arial', fontFiles=[], height=0.1, italic=False, languageStyle='LTR', name='text_5', opacity=1.0, ori=0, pos=array([0., 0.]), rgb=array([255., 255., 255.]), text='+', units='height', win=Window(...), wrapWidth=1)
5.9184 	EXP 	Created displayPicture_2 = ImageStim(__class__=<class 'psychopy.visual.image.ImageStim'>, autoLog=True, color=array([1., 1., 1.]), colorSpace='rgb', contrast=1.0, depth=-6.0, flipHoriz=False, flipVert=False, image='sin', interpolate=True, mask=None, maskParams=None, name='displayPicture_2', opacity=1.0, ori=0.0, pos=array([0., 0.]), size=array([0.25, 0.25]), texRes=128, units='height', win=Window(...))
5.9196 	EXP 	Created polygon_10 = Rect(__class__=<class 'psychopy.visual.rect.Rect'>, autoDraw=False, autoLog=True, closeShape=True, color=method-wrapper(...), colorSpace=None, contrast=1.0, depth=-7.0, fillColor=array([1., 1., 1.]), fillColorSpace='rgb', fillRGB=array([1., 1., 1.]), interpolate=True, lineColor=array([1., 1., 1.]), lineColorSpace='rgb', lineRGB=array([1., 1., 1.]), lineWidth=0, name='polygon_10', opacity=1.0, ori=array(0.), pos=array([0., 0.]), size=array([0.25, 0.25]), units='height', vertices=ndarray(...), win=Window(...))
5.9209 	EXP 	Created polygon_7 = ShapeStim(__class__=<class 'psychopy.visual.shape.ShapeStim'>, autoDraw=False, autoLog=True, closeShape=True, contrast=1.0, depth=0.0, fillColor=array([1., 0., 0.]), fillColorSpace='rgb', interpolate=True, lineColor=array([1., 1., 1.]), lineColorSpace='rgb', lineWidth=1, name='polygon_7', opacity=1.0, ori=array(0.), pos=array([0., 0.]), size=array([1., 1.]), units='height', vertices=ndarray(...), win=Window(...), windingRule=None)
5.9232 	EXP 	Created option1_t1_2 = ImageStim(__class__=<class 'psychopy.visual.image.ImageStim'>, autoLog=True, color=array([1., 1., 1.]), colorSpace='rgb', contrast=1.0, depth=-2.0, flipHoriz=False, flipVert=False, image='sin', interpolate=True, mask=None, maskParams=None, name='option1_t1_2', opacity=1.0, ori=0.0, pos=array([0., 0.]), size=array([0.25, 0.25]), texRes=128, units='height', win=Window(...))
5.9249 	EXP 	Created polygon_6 = ShapeStim(__class__=<class 'psychopy.visual.shape.ShapeStim'>, autoDraw=False, autoLog=True, closeShape=True, contrast=1.0, depth=0.0, fillColor=array([0., 0., 1.]), fillColorSpace='rgb', interpolate=True, lineColor=array([1., 1., 1.]), lineColorSpace='rgb', lineWidth=1, name='polygon_6', opacity=1.0, ori=array(0.), pos=array([0., 0.]), size=array([0.7, 0.7]), units='height', vertices=ndarray(...), win=Window(...), windingRule=None)
5.9272 	EXP 	Created option1_t2_2 = ImageStim(__class__=<class 'psychopy.visual.image.ImageStim'>, autoLog=True, color=array([1., 1., 1.]), colorSpace='rgb', contrast=1.0, depth=-2.0, flipHoriz=False, flipVert=False, image='sin', interpolate=True, mask=None, maskParams=None, name='option1_t2_2', opacity=1.0, ori=0.0, pos=array([0., 0.]), size=array([0.25, 0.25]), texRes=128, units='height', win=Window(...))
5.9310 	EXP 	Created text = TextStim(__class__=<class 'psychopy.visual.text.TextStim'>, alignHoriz=method-wrapper(...), alignText='center', alignVert=method-wrapper(...), anchorHoriz='center', anchorVert='center', antialias=True, autoLog=True, bold=False, color='white', colorSpace='named', contrast=1.0, depth=-3.0, flipHoriz=False, flipVert=False, font='Arial', fontFiles=[], height=0.1, italic=False, languageStyle='LTR', name='text', opacity=1.0, ori=0, pos=array([0., 0.]), rgb=array([255., 255., 255.]), text='default text', units='height', win=Window(...), wrapWidth=1)
6.0210 	EXP 	text_3: autoDraw = True
30.4759 	EXP 	Imported conditionAB.xlsx as conditions, 28 conditions, 8 params
30.4763 	EXP 	Created sequence: random, trialTypes=28, nReps=1, seed=None
30.4766 	EXP 	New trial (rep=0, index=0): OrderedDict([('trialType', 'AB'), ('cndTyp', 'lag4'), ('lag', 4), ('T1_loc', 4), ('T2_loc', 8), ('stimLen', 0.5), ('isi', 0.05), ('skipProb', 0.5)])
30.4993 	DATA 	Keypress: space
30.5078 	EXP 	text_3: autoDraw = False
30.5078 	EXP 	option1: image = '.\\resources\\rollerblade.jpg'
30.5078 	EXP 	option2: image = '.\\resources\\totempole.jpg'
30.5078 	EXP 	option1: autoDraw = True
30.5078 	EXP 	option2: autoDraw = True
32.9915 	EXP 	text_2: autoDraw = True
33.2582 	EXP 	option1: autoDraw = False
33.2582 	EXP 	option2: autoDraw = False
33.4915 	EXP 	option1: autoDraw = False
33.4915 	EXP 	option2: autoDraw = False
33.4915 	EXP 	text_2: autoDraw = False
33.4915 	EXP 	displayPicture: autoDraw = True
33.4915 	EXP 	displayPicture: image = '.\\resources\\trophy01.jpg'
33.4915 	EXP 	polygon_2: autoDraw = True
33.4915 	EXP 	polygon_2: opacity = 0.0
33.4915 	EXP 	polygon_2: fillColor = '[1. 1. 1.] (rgb)'
33.5078 	EXP 	displayPicture: image = '.\\resources\\trophy01.jpg'
33.5078 	EXP 	polygon_2: opacity = 0.0
33.5078 	EXP 	polygon_2: fillColor = '[1. 1. 1.] (rgb)'
33.5244 	EXP 	displayPicture: image = '.\\resources\\trophy01.jpg'
33.5244 	EXP 	polygon_2: opacity = 0.0
33.5244 	EXP 	polygon_2: fillColor = '[1. 1. 1.] (rgb)'
33.5411 	EXP 	displayPicture: image = '.\\resources\\trophy01.jpg'
33.5411 	EXP 	polygon_2: opacity = 0.0
33.5411 	EXP 	polygon_2: fillColor = '[1. 1. 1.] (rgb)'
33.5585 	EXP 	displayPicture: image = '.\\resources\\trophy01.jpg'
33.5585 	EXP 	polygon_2: opacity = 0.0
33.5585 	EXP 	polygon_2: fillColor = '[1. 1. 1.] (rgb)'
33.5744 	EXP 	displayPicture: image = '.\\resources\\trophy01.jpg'
33.5744 	EXP 	polygon_2: opacity = 0.0
33.5744 	EXP 	polygon_2: fillColor = '[1. 1. 1.] (rgb)'
33.5911 	EXP 	displayPicture: image = '.\\resources\\trophy01.jpg'
33.5911 	EXP 	polygon_2: opacity = 0.0
33.5911 	EXP 	polygon_2: fillColor = '[1. 1. 1.] (rgb)'
33.6082 	EXP 	displayPicture: image = '.\\resources\\trophy01.jpg'
33.6082 	EXP 	polygon_2: opacity = 0.0
33.6082 	EXP 	polygon_2: fillColor = '[1. 1. 1.] (rgb)'
33.6244 	EXP 	displayPicture: image = '.\\resources\\trophy01.jpg'
33.6244 	EXP 	polygon_2: opacity = 0.0
33.6244 	EXP 	polygon_2: fillColor = '[1. 1. 1.] (rgb)'
33.6411 	EXP 	displayPicture: image = '.\\resources\\trophy01.jpg'
33.6411 	EXP 	polygon_2: opacity = 0.0
33.6411 	EXP 	polygon_2: fillColor = '[1. 1. 1.] (rgb)'
33.6583 	EXP 	displayPicture: image = '.\\resources\\trophy01.jpg'
33.6583 	EXP 	polygon_2: opacity = 0.0
33.6583 	EXP 	polygon_2: fillColor = '[1. 1. 1.] (rgb)'
33.6744 	EXP 	displayPicture: image = '.\\resources\\trophy01.jpg'
33.6744 	EXP 	polygon_2: opacity = 0.0
33.6744 	EXP 	polygon_2: fillColor = '[1. 1. 1.] (rgb)'
33.6911 	EXP 	displayPicture: image = '.\\resources\\trophy01.jpg'
33.6911 	EXP 	polygon_2: opacity = 0.0
33.6911 	EXP 	polygon_2: fillColor = '[1. 1. 1.] (rgb)'
33.7077 	EXP 	displayPicture: image = '.\\resources\\trophy01.jpg'
33.7077 	EXP 	polygon_2: opacity = 0.0
33.7077 	EXP 	polygon_2: fillColor = '[1. 1. 1.] (rgb)'
33.7244 	EXP 	displayPicture: image = '.\\resources\\trophy01.jpg'
33.7244 	EXP 	polygon_2: opacity = 0.0
33.7244 	EXP 	polygon_2: fillColor = '[1. 1. 1.] (rgb)'
33.7410 	EXP 	displayPicture: image = '.\\resources\\trophy01.jpg'
33.7410 	EXP 	polygon_2: opacity = 0.0
33.7410 	EXP 	polygon_2: fillColor = '[1. 1. 1.] (rgb)'
33.7577 	EXP 	displayPicture: image = '.\\resources\\trophy01.jpg'
33.7577 	EXP 	polygon_2: opacity = 0.0
33.7577 	EXP 	polygon_2: fillColor = '[1. 1. 1.] (rgb)'
33.7744 	EXP 	displayPicture: image = '.\\resources\\trophy01.jpg'
33.7744 	EXP 	polygon_2: opacity = 0.0
33.7744 	EXP 	polygon_2: fillColor = '[1. 1. 1.] (rgb)'
33.7911 	EXP 	displayPicture: image = '.\\resources\\trophy01.jpg'
33.7911 	EXP 	polygon_2: opacity = 0.0
33.7911 	EXP 	polygon_2: fillColor = '[1. 1. 1.] (rgb)'
33.8077 	EXP 	displayPicture: image = '.\\resources\\trophy01.jpg'
33.8077 	EXP 	polygon_2: opacity = 0.0
33.8077 	EXP 	polygon_2: fillColor = '[1. 1. 1.] (rgb)'
33.8244 	EXP 	displayPicture: image = '.\\resources\\trophy01.jpg'
33.8244 	EXP 	polygon_2: opacity = 0.0
33.8244 	EXP 	polygon_2: fillColor = '[1. 1. 1.] (rgb)'
33.8411 	EXP 	displayPicture: image = '.\\resources\\trophy01.jpg'
33.8411 	EXP 	polygon_2: opacity = 0.0
33.8411 	EXP 	polygon_2: fillColor = '[1. 1. 1.] (rgb)'
33.8577 	EXP 	displayPicture: image = '.\\resources\\trophy01.jpg'
33.8577 	EXP 	polygon_2: opacity = 0.0
33.8577 	EXP 	polygon_2: fillColor = '[1. 1. 1.] (rgb)'
33.8744 	EXP 	displayPicture: image = '.\\resources\\trophy01.jpg'
33.8744 	EXP 	polygon_2: opacity = 0.0
33.8744 	EXP 	polygon_2: fillColor = '[1. 1. 1.] (rgb)'
33.8911 	EXP 	displayPicture: image = '.\\resources\\trophy01.jpg'
33.8911 	EXP 	polygon_2: opacity = 0.0
33.8911 	EXP 	polygon_2: fillColor = '[1. 1. 1.] (rgb)'
33.9077 	EXP 	displayPicture: image = '.\\resources\\trophy01.jpg'
33.9077 	EXP 	polygon_2: opacity = 0.0
33.9077 	EXP 	polygon_2: fillColor = '[1. 1. 1.] (rgb)'
33.9244 	EXP 	displayPicture: image = '.\\resources\\trophy01.jpg'
33.9244 	EXP 	polygon_2: opacity = 0.0
33.9244 	EXP 	polygon_2: fillColor = '[1. 1. 1.] (rgb)'
33.9411 	EXP 	displayPicture: image = '.\\resources\\trophy01.jpg'
33.9411 	EXP 	polygon_2: opacity = 0.0
33.9411 	EXP 	polygon_2: fillColor = '[1. 1. 1.] (rgb)'
33.9577 	EXP 	displayPicture: image = '.\\resources\\trophy01.jpg'
33.9577 	EXP 	polygon_2: opacity = 0.0
33.9577 	EXP 	polygon_2: fillColor = '[1. 1. 1.] (rgb)'
33.9744 	EXP 	displayPicture: image = '.\\resources\\trophy01.jpg'
33.9744 	EXP 	polygon_2: opacity = 1.0
33.9744 	EXP 	polygon_2: fillColor = '[1. 1. 1.] (rgb)'
33.9910 	EXP 	displayPicture: image = '.\\resources\\trophy01.jpg'
33.9910 	EXP 	polygon_2: opacity = 1.0
33.9910 	EXP 	polygon_2: fillColor = '[1. 1. 1.] (rgb)'
34.0079 	EXP 	displayPicture: image = '.\\resources\\trophy01.jpg'
34.0079 	EXP 	polygon_2: opacity = 1.0
34.0079 	EXP 	polygon_2: fillColor = '[1. 1. 1.] (rgb)'
34.0243 	EXP 	displayPicture: image = '.\\resources\\table01.jpg'
34.0243 	EXP 	polygon_2: opacity = 0.0
34.0243 	EXP 	polygon_2: fillColor = '[1. 1. 1.] (rgb)'
34.0411 	EXP 	displayPicture: image = '.\\resources\\table01.jpg'
34.0411 	EXP 	polygon_2: opacity = 0.0
34.0411 	EXP 	polygon_2: fillColor = '[1. 1. 1.] (rgb)'
34.0577 	EXP 	displayPicture: image = '.\\resources\\table01.jpg'
34.0577 	EXP 	polygon_2: opacity = 0.0
34.0577 	EXP 	polygon_2: fillColor = '[1. 1. 1.] (rgb)'
34.0743 	EXP 	displayPicture: image = '.\\resources\\table01.jpg'
34.0743 	EXP 	polygon_2: opacity = 0.0
34.0743 	EXP 	polygon_2: fillColor = '[1. 1. 1.] (rgb)'
34.0910 	EXP 	displayPicture: image = '.\\resources\\table01.jpg'
34.0910 	EXP 	polygon_2: opacity = 0.0
34.0910 	EXP 	polygon_2: fillColor = '[1. 1. 1.] (rgb)'
34.1077 	EXP 	displayPicture: image = '.\\resources\\table01.jpg'
34.1077 	EXP 	polygon_2: opacity = 0.0
34.1077 	EXP 	polygon_2: fillColor = '[1. 1. 1.] (rgb)'
34.1244 	EXP 	displayPicture: image = '.\\resources\\table01.jpg'
34.1244 	EXP 	polygon_2: opacity = 0.0
34.1244 	EXP 	polygon_2: fillColor = '[1. 1. 1.] (rgb)'
34.1410 	EXP 	displayPicture: image = '.\\resources\\table01.jpg'
34.1410 	EXP 	polygon_2: opacity = 0.0
34.1410 	EXP 	polygon_2: fillColor = '[1. 1. 1.] (rgb)'
34.1577 	EXP 	displayPicture: image = '.\\resources\\table01.jpg'
34.1577 	EXP 	polygon_2: opacity = 0.0
34.1577 	EXP 	polygon_2: fillColor = '[1. 1. 1.] (rgb)'
34.1743 	EXP 	displayPicture: image = '.\\resources\\table01.jpg'
34.1743 	EXP 	polygon_2: opacity = 0.0
34.1743 	EXP 	polygon_2: fillColor = '[1. 1. 1.] (rgb)'
34.1910 	EXP 	displayPicture: image = '.\\resources\\table01.jpg'
34.1910 	EXP 	polygon_2: opacity = 0.0
34.1910 	EXP 	polygon_2: fillColor = '[1. 1. 1.] (rgb)'
34.2076 	EXP 	displayPicture: image = '.\\resources\\table01.jpg'
34.2076 	EXP 	polygon_2: opacity = 0.0
34.2076 	EXP 	polygon_2: fillColor = '[1. 1. 1.] (rgb)'
34.2243 	EXP 	displayPicture: image = '.\\resources\\table01.jpg'
34.2243 	EXP 	polygon_2: opacity = 0.0
34.2243 	EXP 	polygon_2: fillColor = '[1. 1. 1.] (rgb)'
34.2410 	EXP 	displayPicture: image = '.\\resources\\table01.jpg'
34.2410 	EXP 	polygon_2: opacity = 0.0
34.2410 	EXP 	polygon_2: fillColor = '[1. 1. 1.] (rgb)'
34.2577 	EXP 	displayPicture: image = '.\\resources\\table01.jpg'
34.2577 	EXP 	polygon_2: opacity = 0.0
34.2577 	EXP 	polygon_2: fillColor = '[1. 1. 1.] (rgb)'
34.2744 	EXP 	displayPicture: image = '.\\resources\\table01.jpg'
34.2744 	EXP 	polygon_2: opacity = 0.0
34.2744 	EXP 	polygon_2: fillColor = '[1. 1. 1.] (rgb)'
34.2910 	EXP 	displayPicture: image = '.\\resources\\table01.jpg'
34.2910 	EXP 	polygon_2: opacity = 0.0
34.2910 	EXP 	polygon_2: fillColor = '[1. 1. 1.] (rgb)'
34.3077 	EXP 	displayPicture: image = '.\\resources\\table01.jpg'
34.3077 	EXP 	polygon_2: opacity = 0.0
34.3077 	EXP 	polygon_2: fillColor = '[1. 1. 1.] (rgb)'
34.3243 	EXP 	displayPicture: image = '.\\resources\\table01.jpg'
34.3243 	EXP 	polygon_2: opacity = 0.0
34.3243 	EXP 	polygon_2: fillColor = '[1. 1. 1.] (rgb)'
34.3410 	EXP 	displayPicture: image = '.\\resources\\table01.jpg'
34.3410 	EXP 	polygon_2: opacity = 0.0
34.3410 	EXP 	polygon_2: fillColor = '[1. 1. 1.] (rgb)'
34.3577 	EXP 	displayPicture: image = '.\\resources\\table01.jpg'
34.3577 	EXP 	polygon_2: opacity = 0.0
34.3577 	EXP 	polygon_2: fillColor = '[1. 1. 1.] (rgb)'
34.3743 	EXP 	displayPicture: image = '.\\resources\\table01.jpg'
34.3743 	EXP 	polygon_2: opacity = 0.0
34.3743 	EXP 	polygon_2: fillColor = '[1. 1. 1.] (rgb)'
34.3910 	EXP 	displayPicture: image = '.\\resources\\table01.jpg'
34.3910 	EXP 	polygon_2: opacity = 0.0
34.3910 	EXP 	polygon_2: fillColor = '[1. 1. 1.] (rgb)'
34.4077 	EXP 	displayPicture: image = '.\\resources\\table01.jpg'
34.4077 	EXP 	polygon_2: opacity = 0.0
34.4077 	EXP 	polygon_2: fillColor = '[1. 1. 1.] (rgb)'
34.4243 	EXP 	displayPicture: image = '.\\resources\\table01.jpg'
34.4243 	EXP 	polygon_2: opacity = 0.0
34.4243 	EXP 	polygon_2: fillColor = '[1. 1. 1.] (rgb)'
34.4409 	EXP 	displayPicture: image = '.\\resources\\table01.jpg'
34.4409 	EXP 	polygon_2: opacity = 0.0
34.4409 	EXP 	polygon_2: fillColor = '[1. 1. 1.] (rgb)'
34.4576 	EXP 	displayPicture: image = '.\\resources\\table01.jpg'
34.4576 	EXP 	polygon_2: opacity = 0.0
34.4576 	EXP 	polygon_2: fillColor = '[1. 1. 1.] (rgb)'
34.4743 	EXP 	displayPicture: image = '.\\resources\\table01.jpg'
34.4743 	EXP 	polygon_2: opacity = 0.0
34.4743 	EXP 	polygon_2: fillColor = '[1. 1. 1.] (rgb)'
34.4910 	EXP 	displayPicture: image = '.\\resources\\table01.jpg'
34.4910 	EXP 	polygon_2: opacity = 0.0
34.4910 	EXP 	polygon_2: fillColor = '[1. 1. 1.] (rgb)'
34.5077 	EXP 	displayPicture: image = '.\\resources\\table01.jpg'
34.5077 	EXP 	polygon_2: opacity = 0.0
34.5077 	EXP 	polygon_2: fillColor = '[1. 1. 1.] (rgb)'
34.5243 	EXP 	displayPicture: image = '.\\resources\\table01.jpg'
34.5243 	EXP 	polygon_2: opacity = 1.0
34.5243 	EXP 	polygon_2: fillColor = '[1. 1. 1.] (rgb)'
34.5410 	EXP 	displayPicture: image = '.\\resources\\table01.jpg'
34.5410 	EXP 	polygon_2: opacity = 1.0
34.5410 	EXP 	polygon_2: fillColor = '[1. 1. 1.] (rgb)'
34.5576 	EXP 	displayPicture: image = '.\\resources\\table01.jpg'
34.5576 	EXP 	polygon_2: opacity = 1.0
34.5576 	EXP 	polygon_2: fillColor = '[1. 1. 1.] (rgb)'
34.5743 	EXP 	displayPicture: image = '.\\resources\\dandelion.jpg'
34.5743 	EXP 	polygon_2: opacity = 0.0
34.5743 	EXP 	polygon_2: fillColor = '[1. 1. 1.] (rgb)'
34.5910 	EXP 	displayPicture: image = '.\\resources\\dandelion.jpg'
34.5910 	EXP 	polygon_2: opacity = 0.0
34.5910 	EXP 	polygon_2: fillColor = '[1. 1. 1.] (rgb)'
34.6076 	EXP 	displayPicture: image = '.\\resources\\dandelion.jpg'
34.6076 	EXP 	polygon_2: opacity = 0.0
34.6076 	EXP 	polygon_2: fillColor = '[1. 1. 1.] (rgb)'
34.6243 	EXP 	displayPicture: image = '.\\resources\\dandelion.jpg'
34.6243 	EXP 	polygon_2: opacity = 0.0
34.6243 	EXP 	polygon_2: fillColor = '[1. 1. 1.] (rgb)'
34.6410 	EXP 	displayPicture: image = '.\\resources\\dandelion.jpg'
34.6410 	EXP 	polygon_2: opacity = 0.0
34.6410 	EXP 	polygon_2: fillColor = '[1. 1. 1.] (rgb)'
34.6577 	EXP 	displayPicture: image = '.\\resources\\dandelion.jpg'
34.6577 	EXP 	polygon_2: opacity = 0.0
34.6577 	EXP 	polygon_2: fillColor = '[1. 1. 1.] (rgb)'
34.6743 	EXP 	displayPicture: image = '.\\resources\\dandelion.jpg'
34.6743 	EXP 	polygon_2: opacity = 0.0
34.6743 	EXP 	polygon_2: fillColor = '[1. 1. 1.] (rgb)'
34.6910 	EXP 	displayPicture: image = '.\\resources\\dandelion.jpg'
34.6910 	EXP 	polygon_2: opacity = 0.0
34.6910 	EXP 	polygon_2: fillColor = '[1. 1. 1.] (rgb)'
34.7077 	EXP 	displayPicture: image = '.\\resources\\dandelion.jpg'
34.7077 	EXP 	polygon_2: opacity = 0.0
34.7077 	EXP 	polygon_2: fillColor = '[1. 1. 1.] (rgb)'
34.7243 	EXP 	displayPicture: image = '.\\resources\\dandelion.jpg'
34.7243 	EXP 	polygon_2: opacity = 0.0
34.7243 	EXP 	polygon_2: fillColor = '[1. 1. 1.] (rgb)'
34.7410 	EXP 	displayPicture: image = '.\\resources\\dandelion.jpg'
34.7410 	EXP 	polygon_2: opacity = 0.0
34.7410 	EXP 	polygon_2: fillColor = '[1. 1. 1.] (rgb)'
34.7576 	EXP 	displayPicture: image = '.\\resources\\dandelion.jpg'
34.7576 	EXP 	polygon_2: opacity = 0.0
34.7576 	EXP 	polygon_2: fillColor = '[1. 1. 1.] (rgb)'
34.7743 	EXP 	displayPicture: image = '.\\resources\\dandelion.jpg'
34.7743 	EXP 	polygon_2: opacity = 0.0
34.7743 	EXP 	polygon_2: fillColor = '[1. 1. 1.] (rgb)'
34.7911 	EXP 	displayPicture: image = '.\\resources\\dandelion.jpg'
34.7911 	EXP 	polygon_2: opacity = 0.0
34.7911 	EXP 	polygon_2: fillColor = '[1. 1. 1.] (rgb)'
34.8077 	EXP 	displayPicture: image = '.\\resources\\dandelion.jpg'
34.8077 	EXP 	polygon_2: opacity = 0.0
34.8077 	EXP 	polygon_2: fillColor = '[1. 1. 1.] (rgb)'
34.8243 	EXP 	displayPicture: image = '.\\resources\\dandelion.jpg'
34.8243 	EXP 	polygon_2: opacity = 0.0
34.8243 	EXP 	polygon_2: fillColor = '[1. 1. 1.] (rgb)'
34.8410 	EXP 	displayPicture: image = '.\\resources\\dandelion.jpg'
34.8410 	EXP 	polygon_2: opacity = 0.0
34.8410 	EXP 	polygon_2: fillColor = '[1. 1. 1.] (rgb)'
34.8576 	EXP 	displayPicture: image = '.\\resources\\dandelion.jpg'
34.8576 	EXP 	polygon_2: opacity = 0.0
34.8576 	EXP 	polygon_2: fillColor = '[1. 1. 1.] (rgb)'
34.8743 	EXP 	displayPicture: image = '.\\resources\\dandelion.jpg'
34.8743 	EXP 	polygon_2: opacity = 0.0
34.8743 	EXP 	polygon_2: fillColor = '[1. 1. 1.] (rgb)'
34.8910 	EXP 	displayPicture: image = '.\\resources\\dandelion.jpg'
34.8910 	EXP 	polygon_2: opacity = 0.0
34.8910 	EXP 	polygon_2: fillColor = '[1. 1. 1.] (rgb)'
34.9076 	EXP 	displayPicture: image = '.\\resources\\dandelion.jpg'
34.9076 	EXP 	polygon_2: opacity = 0.0
34.9076 	EXP 	polygon_2: fillColor = '[1. 1. 1.] (rgb)'
34.9243 	EXP 	displayPicture: image = '.\\resources\\dandelion.jpg'
34.9243 	EXP 	polygon_2: opacity = 0.0
34.9243 	EXP 	polygon_2: fillColor = '[1. 1. 1.] (rgb)'
34.9410 	EXP 	displayPicture: image = '.\\resources\\dandelion.jpg'
34.9410 	EXP 	polygon_2: opacity = 0.0
34.9410 	EXP 	polygon_2: fillColor = '[1. 1. 1.] (rgb)'
34.9576 	EXP 	displayPicture: image = '.\\resources\\dandelion.jpg'
34.9576 	EXP 	polygon_2: opacity = 0.0
34.9576 	EXP 	polygon_2: fillColor = '[1. 1. 1.] (rgb)'
34.9743 	EXP 	displayPicture: image = '.\\resources\\dandelion.jpg'
34.9743 	EXP 	polygon_2: opacity = 0.0
34.9743 	EXP 	polygon_2: fillColor = '[1. 1. 1.] (rgb)'
34.9910 	EXP 	displayPicture: image = '.\\resources\\dandelion.jpg'
34.9910 	EXP 	polygon_2: opacity = 0.0
34.9910 	EXP 	polygon_2: fillColor = '[1. 1. 1.] (rgb)'
35.0076 	EXP 	displayPicture: image = '.\\resources\\dandelion.jpg'
35.0076 	EXP 	polygon_2: opacity = 0.0
35.0076 	EXP 	polygon_2: fillColor = '[1. 1. 1.] (rgb)'
35.0243 	EXP 	displayPicture: image = '.\\resources\\dandelion.jpg'
35.0243 	EXP 	polygon_2: opacity = 0.0
35.0243 	EXP 	polygon_2: fillColor = '[1. 1. 1.] (rgb)'
35.0409 	EXP 	displayPicture: image = '.\\resources\\dandelion.jpg'
35.0409 	EXP 	polygon_2: opacity = 0.0
35.0409 	EXP 	polygon_2: fillColor = '[1. 1. 1.] (rgb)'
35.0576 	EXP 	displayPicture: image = '.\\resources\\dandelion.jpg'
35.0576 	EXP 	polygon_2: opacity = 0.0
35.0576 	EXP 	polygon_2: fillColor = '[1. 1. 1.] (rgb)'
35.0743 	EXP 	displayPicture: image = '.\\resources\\dandelion.jpg'
35.0743 	EXP 	polygon_2: opacity = 1.0
35.0743 	EXP 	polygon_2: fillColor = '[1. 1. 1.] (rgb)'
35.0909 	EXP 	displayPicture: image = '.\\resources\\dandelion.jpg'
35.0909 	EXP 	polygon_2: opacity = 1.0
35.0909 	EXP 	polygon_2: fillColor = '[1. 1. 1.] (rgb)'
35.1076 	EXP 	displayPicture: image = '.\\resources\\dandelion.jpg'
35.1076 	EXP 	polygon_2: opacity = 1.0
35.1076 	EXP 	polygon_2: fillColor = '[1. 1. 1.] (rgb)'
35.1243 	EXP 	displayPicture: image = '.\\resources\\bowlingball.jpg'
35.1243 	EXP 	polygon_2: opacity = 0.0
35.1243 	EXP 	polygon_2: fillColor = '[1. 1. 1.] (rgb)'
35.1410 	EXP 	displayPicture: image = '.\\resources\\bowlingball.jpg'
35.1410 	EXP 	polygon_2: opacity = 0.0
35.1410 	EXP 	polygon_2: fillColor = '[1. 1. 1.] (rgb)'
35.1576 	EXP 	displayPicture: image = '.\\resources\\bowlingball.jpg'
35.1576 	EXP 	polygon_2: opacity = 0.0
35.1576 	EXP 	polygon_2: fillColor = '[1. 1. 1.] (rgb)'
35.1743 	EXP 	displayPicture: image = '.\\resources\\bowlingball.jpg'
35.1743 	EXP 	polygon_2: opacity = 0.0
35.1743 	EXP 	polygon_2: fillColor = '[1. 1. 1.] (rgb)'
35.1910 	EXP 	displayPicture: image = '.\\resources\\bowlingball.jpg'
35.1910 	EXP 	polygon_2: opacity = 0.0
35.1910 	EXP 	polygon_2: fillColor = '[1. 1. 1.] (rgb)'
35.2076 	EXP 	displayPicture: image = '.\\resources\\bowlingball.jpg'
35.2076 	EXP 	polygon_2: opacity = 0.0
35.2076 	EXP 	polygon_2: fillColor = '[1. 1. 1.] (rgb)'
35.2243 	EXP 	displayPicture: image = '.\\resources\\bowlingball.jpg'
35.2243 	EXP 	polygon_2: opacity = 0.0
35.2243 	EXP 	polygon_2: fillColor = '[1. 1. 1.] (rgb)'
35.2409 	EXP 	displayPicture: image = '.\\resources\\bowlingball.jpg'
35.2409 	EXP 	polygon_2: opacity = 0.0
35.2409 	EXP 	polygon_2: fillColor = '[1. 1. 1.] (rgb)'
35.2576 	EXP 	displayPicture: image = '.\\resources\\bowlingball.jpg'
35.2576 	EXP 	polygon_2: opacity = 0.0
35.2576 	EXP 	polygon_2: fillColor = '[1. 1. 1.] (rgb)'
35.2743 	EXP 	displayPicture: image = '.\\resources\\bowlingball.jpg'
35.2743 	EXP 	polygon_2: opacity = 0.0
35.2743 	EXP 	polygon_2: fillColor = '[1. 1. 1.] (rgb)'
35.2909 	EXP 	displayPicture: image = '.\\resources\\bowlingball.jpg'
35.2909 	EXP 	polygon_2: opacity = 0.0
35.2909 	EXP 	polygon_2: fillColor = '[1. 1. 1.] (rgb)'
35.3076 	EXP 	displayPicture: image = '.\\resources\\bowlingball.jpg'
35.3076 	EXP 	polygon_2: opacity = 0.0
35.3076 	EXP 	polygon_2: fillColor = '[1. 1. 1.] (rgb)'
35.3243 	EXP 	displayPicture: image = '.\\resources\\bowlingball.jpg'
35.3243 	EXP 	polygon_2: opacity = 0.0
35.3243 	EXP 	polygon_2: fillColor = '[1. 1. 1.] (rgb)'
35.3409 	EXP 	displayPicture: image = '.\\resources\\bowlingball.jpg'
35.3409 	EXP 	polygon_2: opacity = 0.0
35.3409 	EXP 	polygon_2: fillColor = '[1. 1. 1.] (rgb)'
35.3576 	EXP 	displayPicture: image = '.\\resources\\bowlingball.jpg'
35.3576 	EXP 	polygon_2: opacity = 0.0
35.3576 	EXP 	polygon_2: fillColor = '[1. 1. 1.] (rgb)'
35.3743 	EXP 	displayPicture: image = '.\\resources\\bowlingball.jpg'
35.3743 	EXP 	polygon_2: opacity = 0.0
35.3743 	EXP 	polygon_2: fillColor = '[1. 1. 1.] (rgb)'
35.3909 	EXP 	displayPicture: image = '.\\resources\\bowlingball.jpg'
35.3909 	EXP 	polygon_2: opacity = 0.0
35.3909 	EXP 	polygon_2: fillColor = '[1. 1. 1.] (rgb)'
35.4076 	EXP 	displayPicture: image = '.\\resources\\bowlingball.jpg'
35.4076 	EXP 	polygon_2: opacity = 0.0
35.4076 	EXP 	polygon_2: fillColor = '[1. 1. 1.] (rgb)'
35.4243 	EXP 	displayPicture: image = '.\\resources\\bowlingball.jpg'
35.4243 	EXP 	polygon_2: opacity = 0.0
35.4243 	EXP 	polygon_2: fillColor = '[1. 1. 1.] (rgb)'
35.4409 	EXP 	displayPicture: image = '.\\resources\\bowlingball.jpg'
35.4409 	EXP 	polygon_2: opacity = 0.0
35.4409 	EXP 	polygon_2: fillColor = '[1. 1. 1.] (rgb)'
35.4576 	EXP 	displayPicture: image = '.\\resources\\bowlingball.jpg'
35.4576 	EXP 	polygon_2: opacity = 0.0
35.4576 	EXP 	polygon_2: fillColor = '[1. 1. 1.] (rgb)'
35.4744 	EXP 	displayPicture: image = '.\\resources\\bowlingball.jpg'
35.4744 	EXP 	polygon_2: opacity = 0.0
35.4744 	EXP 	polygon_2: fillColor = '[1. 1. 1.] (rgb)'
35.4909 	EXP 	displayPicture: image = '.\\resources\\bowlingball.jpg'
35.4909 	EXP 	polygon_2: opacity = 0.0
35.4909 	EXP 	polygon_2: fillColor = '[1. 1. 1.] (rgb)'
35.5076 	EXP 	displayPicture: image = '.\\resources\\bowlingball.jpg'
35.5076 	EXP 	polygon_2: opacity = 0.0
35.5076 	EXP 	polygon_2: fillColor = '[1. 1. 1.] (rgb)'
35.5243 	EXP 	displayPicture: image = '.\\resources\\bowlingball.jpg'
35.5243 	EXP 	polygon_2: opacity = 0.0
35.5243 	EXP 	polygon_2: fillColor = '[1. 1. 1.] (rgb)'
35.5410 	EXP 	displayPicture: image = '.\\resources\\bowlingball.jpg'
35.5410 	EXP 	polygon_2: opacity = 0.0
35.5410 	EXP 	polygon_2: fillColor = '[1. 1. 1.] (rgb)'
35.5576 	EXP 	displayPicture: image = '.\\resources\\bowlingball.jpg'
35.5576 	EXP 	polygon_2: opacity = 0.0
35.5576 	EXP 	polygon_2: fillColor = '[1. 1. 1.] (rgb)'
35.5743 	EXP 	displayPicture: image = '.\\resources\\bowlingball.jpg'
35.5743 	EXP 	polygon_2: opacity = 0.0
35.5743 	EXP 	polygon_2: fillColor = '[1. 1. 1.] (rgb)'
35.5909 	EXP 	displayPicture: image = '.\\resources\\bowlingball.jpg'
35.5909 	EXP 	polygon_2: opacity = 0.0
35.5909 	EXP 	polygon_2: fillColor = '[1. 1. 1.] (rgb)'
35.6076 	EXP 	displayPicture: image = '.\\resources\\bowlingball.jpg'
35.6076 	EXP 	polygon_2: opacity = 0.0
35.6076 	EXP 	polygon_2: fillColor = '[1. 1. 1.] (rgb)'
35.6243 	EXP 	displayPicture: image = '.\\resources\\bowlingball.jpg'
35.6243 	EXP 	polygon_2: opacity = 1.0
35.6243 	EXP 	polygon_2: fillColor = '[1. 1. 1.] (rgb)'
35.6409 	EXP 	displayPicture: image = '.\\resources\\bowlingball.jpg'
35.6409 	EXP 	polygon_2: opacity = 1.0
35.6409 	EXP 	polygon_2: fillColor = '[1. 1. 1.] (rgb)'
35.6576 	EXP 	displayPicture: image = '.\\resources\\bowlingball.jpg'
35.6576 	EXP 	polygon_2: opacity = 1.0
35.6576 	EXP 	polygon_2: fillColor = '[1. 1. 1.] (rgb)'
35.6909 	EXP 	displayPicture: image = '.\\resources\\spicerack.jpg'
35.6909 	EXP 	polygon_2: opacity = 0.0
35.6909 	EXP 	polygon_2: fillColor = '[1. 1. 1.] (rgb)'
35.7076 	EXP 	displayPicture: image = '.\\resources\\spicerack.jpg'
35.7076 	EXP 	polygon_2: opacity = 0.0
35.7076 	EXP 	polygon_2: fillColor = '[1. 1. 1.] (rgb)'
35.7243 	EXP 	displayPicture: image = '.\\resources\\spicerack.jpg'
35.7243 	EXP 	polygon_2: opacity = 0.0
35.7243 	EXP 	polygon_2: fillColor = '[1. 1. 1.] (rgb)'
35.7409 	EXP 	displayPicture: image = '.\\resources\\spicerack.jpg'
35.7409 	EXP 	polygon_2: opacity = 0.0
35.7409 	EXP 	polygon_2: fillColor = '[1. 1. 1.] (rgb)'
35.7576 	EXP 	displayPicture: image = '.\\resources\\spicerack.jpg'
35.7576 	EXP 	polygon_2: opacity = 0.0
35.7576 	EXP 	polygon_2: fillColor = '[1. 1. 1.] (rgb)'
35.7743 	EXP 	displayPicture: image = '.\\resources\\spicerack.jpg'
35.7743 	EXP 	polygon_2: opacity = 0.0
35.7743 	EXP 	polygon_2: fillColor = '[1. 1. 1.] (rgb)'
35.7909 	EXP 	displayPicture: image = '.\\resources\\spicerack.jpg'
35.7909 	EXP 	polygon_2: opacity = 0.0
35.7909 	EXP 	polygon_2: fillColor = '[1. 1. 1.] (rgb)'
35.8076 	EXP 	displayPicture: image = '.\\resources\\spicerack.jpg'
35.8076 	EXP 	polygon_2: opacity = 0.0
35.8076 	EXP 	polygon_2: fillColor = '[1. 1. 1.] (rgb)'
35.8243 	EXP 	displayPicture: image = '.\\resources\\spicerack.jpg'
35.8243 	EXP 	polygon_2: opacity = 0.0
35.8243 	EXP 	polygon_2: fillColor = '[1. 1. 1.] (rgb)'
35.8409 	EXP 	displayPicture: image = '.\\resources\\spicerack.jpg'
35.8409 	EXP 	polygon_2: opacity = 0.0
35.8409 	EXP 	polygon_2: fillColor = '[1. 1. 1.] (rgb)'
35.8576 	EXP 	displayPicture: image = '.\\resources\\spicerack.jpg'
35.8576 	EXP 	polygon_2: opacity = 0.0
35.8576 	EXP 	polygon_2: fillColor = '[1. 1. 1.] (rgb)'
35.8743 	EXP 	displayPicture: image = '.\\resources\\spicerack.jpg'
35.8743 	EXP 	polygon_2: opacity = 0.0
35.8743 	EXP 	polygon_2: fillColor = '[1. 1. 1.] (rgb)'
35.8909 	EXP 	displayPicture: image = '.\\resources\\spicerack.jpg'
35.8909 	EXP 	polygon_2: opacity = 0.0
35.8909 	EXP 	polygon_2: fillColor = '[1. 1. 1.] (rgb)'
35.9076 	EXP 	displayPicture: image = '.\\resources\\spicerack.jpg'
35.9076 	EXP 	polygon_2: opacity = 0.0
35.9076 	EXP 	polygon_2: fillColor = '[1. 1. 1.] (rgb)'
35.9243 	EXP 	displayPicture: image = '.\\resources\\spicerack.jpg'
35.9243 	EXP 	polygon_2: opacity = 0.0
35.9243 	EXP 	polygon_2: fillColor = '[1. 1. 1.] (rgb)'
35.9409 	EXP 	displayPicture: image = '.\\resources\\spicerack.jpg'
35.9409 	EXP 	polygon_2: opacity = 0.0
35.9409 	EXP 	polygon_2: fillColor = '[1. 1. 1.] (rgb)'
35.9576 	EXP 	displayPicture: image = '.\\resources\\spicerack.jpg'
35.9576 	EXP 	polygon_2: opacity = 0.0
35.9576 	EXP 	polygon_2: fillColor = '[1. 1. 1.] (rgb)'
35.9742 	EXP 	displayPicture: image = '.\\resources\\spicerack.jpg'
35.9742 	EXP 	polygon_2: opacity = 0.0
35.9742 	EXP 	polygon_2: fillColor = '[1. 1. 1.] (rgb)'
35.9909 	EXP 	displayPicture: image = '.\\resources\\spicerack.jpg'
35.9909 	EXP 	polygon_2: opacity = 0.0
35.9909 	EXP 	polygon_2: fillColor = '[1. 1. 1.] (rgb)'
36.0076 	EXP 	displayPicture: image = '.\\resources\\spicerack.jpg'
36.0076 	EXP 	polygon_2: opacity = 0.0
36.0076 	EXP 	polygon_2: fillColor = '[1. 1. 1.] (rgb)'
36.0242 	EXP 	displayPicture: image = '.\\resources\\spicerack.jpg'
36.0242 	EXP 	polygon_2: opacity = 0.0
36.0242 	EXP 	polygon_2: fillColor = '[1. 1. 1.] (rgb)'
36.0409 	EXP 	displayPicture: image = '.\\resources\\spicerack.jpg'
36.0409 	EXP 	polygon_2: opacity = 0.0
36.0409 	EXP 	polygon_2: fillColor = '[1. 1. 1.] (rgb)'
36.0576 	EXP 	displayPicture: image = '.\\resources\\spicerack.jpg'
36.0576 	EXP 	polygon_2: opacity = 0.0
36.0576 	EXP 	polygon_2: fillColor = '[1. 1. 1.] (rgb)'
36.0742 	EXP 	displayPicture: image = '.\\resources\\spicerack.jpg'
36.0742 	EXP 	polygon_2: opacity = 0.0
36.0742 	EXP 	polygon_2: fillColor = '[1. 1. 1.] (rgb)'
36.0909 	EXP 	displayPicture: image = '.\\resources\\spicerack.jpg'
36.0909 	EXP 	polygon_2: opacity = 0.0
36.0909 	EXP 	polygon_2: fillColor = '[1. 1. 1.] (rgb)'
36.1076 	EXP 	displayPicture: image = '.\\resources\\spicerack.jpg'
36.1076 	EXP 	polygon_2: opacity = 0.0
36.1076 	EXP 	polygon_2: fillColor = '[1. 1. 1.] (rgb)'
36.1242 	EXP 	displayPicture: image = '.\\resources\\spicerack.jpg'
36.1242 	EXP 	polygon_2: opacity = 0.0
36.1242 	EXP 	polygon_2: fillColor = '[1. 1. 1.] (rgb)'
36.1409 	EXP 	displayPicture: image = '.\\resources\\spicerack.jpg'
36.1409 	EXP 	polygon_2: opacity = 0.0
36.1409 	EXP 	polygon_2: fillColor = '[1. 1. 1.] (rgb)'
36.1576 	EXP 	displayPicture: image = '.\\resources\\spicerack.jpg'
36.1576 	EXP 	polygon_2: opacity = 0.0
36.1576 	EXP 	polygon_2: fillColor = '[1. 1. 1.] (rgb)'
36.1742 	EXP 	displayPicture: image = '.\\resources\\spicerack.jpg'
36.1742 	EXP 	polygon_2: opacity = 1.0
36.1742 	EXP 	polygon_2: fillColor = '[1. 1. 1.] (rgb)'
36.1909 	EXP 	displayPicture: image = '.\\resources\\spicerack.jpg'
36.1909 	EXP 	polygon_2: opacity = 1.0
36.1909 	EXP 	polygon_2: fillColor = '[1. 1. 1.] (rgb)'
36.2076 	EXP 	displayPicture: image = '.\\resources\\spicerack.jpg'
36.2076 	EXP 	polygon_2: opacity = 1.0
36.2076 	EXP 	polygon_2: fillColor = '[1. 1. 1.] (rgb)'
36.2242 	EXP 	displayPicture: image = '.\\resources\\paperairplane.jpg'
36.2242 	EXP 	polygon_2: opacity = 0.0
36.2242 	EXP 	polygon_2: fillColor = '[1. 1. 1.] (rgb)'
36.2409 	EXP 	displayPicture: image = '.\\resources\\paperairplane.jpg'
36.2409 	EXP 	polygon_2: opacity = 0.0
36.2409 	EXP 	polygon_2: fillColor = '[1. 1. 1.] (rgb)'
36.2576 	EXP 	displayPicture: image = '.\\resources\\paperairplane.jpg'
36.2576 	EXP 	polygon_2: opacity = 0.0
36.2576 	EXP 	polygon_2: fillColor = '[1. 1. 1.] (rgb)'
36.2742 	EXP 	displayPicture: image = '.\\resources\\paperairplane.jpg'
36.2742 	EXP 	polygon_2: opacity = 0.0
36.2742 	EXP 	polygon_2: fillColor = '[1. 1. 1.] (rgb)'
36.2909 	EXP 	displayPicture: image = '.\\resources\\paperairplane.jpg'
36.2909 	EXP 	polygon_2: opacity = 0.0
36.2909 	EXP 	polygon_2: fillColor = '[1. 1. 1.] (rgb)'
36.3076 	EXP 	displayPicture: image = '.\\resources\\paperairplane.jpg'
36.3076 	EXP 	polygon_2: opacity = 0.0
36.3076 	EXP 	polygon_2: fillColor = '[1. 1. 1.] (rgb)'
36.3242 	EXP 	displayPicture: image = '.\\resources\\paperairplane.jpg'
36.3242 	EXP 	polygon_2: opacity = 0.0
36.3242 	EXP 	polygon_2: fillColor = '[1. 1. 1.] (rgb)'
36.3409 	EXP 	displayPicture: image = '.\\resources\\paperairplane.jpg'
36.3409 	EXP 	polygon_2: opacity = 0.0
36.3409 	EXP 	polygon_2: fillColor = '[1. 1. 1.] (rgb)'
36.3575 	EXP 	displayPicture: image = '.\\resources\\paperairplane.jpg'
36.3575 	EXP 	polygon_2: opacity = 0.0
36.3575 	EXP 	polygon_2: fillColor = '[1. 1. 1.] (rgb)'
36.3742 	EXP 	displayPicture: image = '.\\resources\\paperairplane.jpg'
36.3742 	EXP 	polygon_2: opacity = 0.0
36.3742 	EXP 	polygon_2: fillColor = '[1. 1. 1.] (rgb)'
36.3909 	EXP 	displayPicture: image = '.\\resources\\paperairplane.jpg'
36.3909 	EXP 	polygon_2: opacity = 0.0
36.3909 	EXP 	polygon_2: fillColor = '[1. 1. 1.] (rgb)'
36.4076 	EXP 	displayPicture: image = '.\\resources\\paperairplane.jpg'
36.4076 	EXP 	polygon_2: opacity = 0.0
36.4076 	EXP 	polygon_2: fillColor = '[1. 1. 1.] (rgb)'
36.4242 	EXP 	displayPicture: image = '.\\resources\\paperairplane.jpg'
36.4242 	EXP 	polygon_2: opacity = 0.0
36.4242 	EXP 	polygon_2: fillColor = '[1. 1. 1.] (rgb)'
36.4409 	EXP 	displayPicture: image = '.\\resources\\paperairplane.jpg'
36.4409 	EXP 	polygon_2: opacity = 0.0
36.4409 	EXP 	polygon_2: fillColor = '[1. 1. 1.] (rgb)'
36.4575 	EXP 	displayPicture: image = '.\\resources\\paperairplane.jpg'
36.4575 	EXP 	polygon_2: opacity = 0.0
36.4575 	EXP 	polygon_2: fillColor = '[1. 1. 1.] (rgb)'
36.4742 	EXP 	displayPicture: image = '.\\resources\\paperairplane.jpg'
36.4742 	EXP 	polygon_2: opacity = 0.0
36.4742 	EXP 	polygon_2: fillColor = '[1. 1. 1.] (rgb)'
36.4909 	EXP 	displayPicture: image = '.\\resources\\paperairplane.jpg'
36.4909 	EXP 	polygon_2: opacity = 0.0
36.4909 	EXP 	polygon_2: fillColor = '[1. 1. 1.] (rgb)'
36.5076 	EXP 	displayPicture: image = '.\\resources\\paperairplane.jpg'
36.5076 	EXP 	polygon_2: opacity = 0.0
36.5076 	EXP 	polygon_2: fillColor = '[1. 1. 1.] (rgb)'
36.5242 	EXP 	displayPicture: image = '.\\resources\\paperairplane.jpg'
36.5242 	EXP 	polygon_2: opacity = 0.0
36.5242 	EXP 	polygon_2: fillColor = '[1. 1. 1.] (rgb)'
36.5409 	EXP 	displayPicture: image = '.\\resources\\paperairplane.jpg'
36.5409 	EXP 	polygon_2: opacity = 0.0
36.5409 	EXP 	polygon_2: fillColor = '[1. 1. 1.] (rgb)'
36.5576 	EXP 	displayPicture: image = '.\\resources\\paperairplane.jpg'
36.5576 	EXP 	polygon_2: opacity = 0.0
36.5576 	EXP 	polygon_2: fillColor = '[1. 1. 1.] (rgb)'
36.5742 	EXP 	displayPicture: image = '.\\resources\\paperairplane.jpg'
36.5742 	EXP 	polygon_2: opacity = 0.0
36.5742 	EXP 	polygon_2: fillColor = '[1. 1. 1.] (rgb)'
36.5909 	EXP 	displayPicture: image = '.\\resources\\paperairplane.jpg'
36.5909 	EXP 	polygon_2: opacity = 0.0
36.5909 	EXP 	polygon_2: fillColor = '[1. 1. 1.] (rgb)'
36.6075 	EXP 	displayPicture: image = '.\\resources\\paperairplane.jpg'
36.6075 	EXP 	polygon_2: opacity = 0.0
36.6075 	EXP 	polygon_2: fillColor = '[1. 1. 1.] (rgb)'
36.6242 	EXP 	displayPicture: image = '.\\resources\\paperairplane.jpg'
36.6242 	EXP 	polygon_2: opacity = 0.0
36.6242 	EXP 	polygon_2: fillColor = '[1. 1. 1.] (rgb)'
36.6409 	EXP 	displayPicture: image = '.\\resources\\paperairplane.jpg'
36.6409 	EXP 	polygon_2: opacity = 0.0
36.6409 	EXP 	polygon_2: fillColor = '[1. 1. 1.] (rgb)'
36.6575 	EXP 	displayPicture: image = '.\\resources\\paperairplane.jpg'
36.6575 	EXP 	polygon_2: opacity = 0.0
36.6575 	EXP 	polygon_2: fillColor = '[1. 1. 1.] (rgb)'
36.6742 	EXP 	displayPicture: image = '.\\resources\\paperairplane.jpg'
36.6742 	EXP 	polygon_2: opacity = 0.0
36.6742 	EXP 	polygon_2: fillColor = '[1. 1. 1.] (rgb)'
36.6908 	EXP 	displayPicture: image = '.\\resources\\paperairplane.jpg'
36.6908 	EXP 	polygon_2: opacity = 0.0
36.6908 	EXP 	polygon_2: fillColor = '[1. 1. 1.] (rgb)'
36.7075 	EXP 	displayPicture: image = '.\\resources\\paperairplane.jpg'
36.7075 	EXP 	polygon_2: opacity = 0.0
36.7075 	EXP 	polygon_2: fillColor = '[1. 1. 1.] (rgb)'
36.7242 	EXP 	displayPicture: image = '.\\resources\\paperairplane.jpg'
36.7242 	EXP 	polygon_2: opacity = 1.0
36.7242 	EXP 	polygon_2: fillColor = '[1. 1. 1.] (rgb)'
36.7409 	EXP 	displayPicture: image = '.\\resources\\paperairplane.jpg'
36.7409 	EXP 	polygon_2: opacity = 1.0
36.7409 	EXP 	polygon_2: fillColor = '[1. 1. 1.] (rgb)'
36.7575 	EXP 	displayPicture: image = '.\\resources\\paperairplane.jpg'
36.7575 	EXP 	polygon_2: opacity = 1.0
36.7575 	EXP 	polygon_2: fillColor = '[1. 1. 1.] (rgb)'
36.7910 	EXP 	displayPicture: image = '.\\resources\\football.jpg'
36.7910 	EXP 	polygon_2: opacity = 0.0
36.7910 	EXP 	polygon_2: fillColor = '[1. 1. 1.] (rgb)'
36.8075 	EXP 	displayPicture: image = '.\\resources\\football.jpg'
36.8075 	EXP 	polygon_2: opacity = 0.0
36.8075 	EXP 	polygon_2: fillColor = '[1. 1. 1.] (rgb)'
36.8242 	EXP 	displayPicture: image = '.\\resources\\football.jpg'
36.8242 	EXP 	polygon_2: opacity = 0.0
36.8242 	EXP 	polygon_2: fillColor = '[1. 1. 1.] (rgb)'
36.8408 	EXP 	displayPicture: image = '.\\resources\\football.jpg'
36.8408 	EXP 	polygon_2: opacity = 0.0
36.8408 	EXP 	polygon_2: fillColor = '[1. 1. 1.] (rgb)'
36.8575 	EXP 	displayPicture: image = '.\\resources\\football.jpg'
36.8575 	EXP 	polygon_2: opacity = 0.0
36.8575 	EXP 	polygon_2: fillColor = '[1. 1. 1.] (rgb)'
36.8742 	EXP 	displayPicture: image = '.\\resources\\football.jpg'
36.8742 	EXP 	polygon_2: opacity = 0.0
36.8742 	EXP 	polygon_2: fillColor = '[1. 1. 1.] (rgb)'
36.8909 	EXP 	displayPicture: image = '.\\resources\\football.jpg'
36.8909 	EXP 	polygon_2: opacity = 0.0
36.8909 	EXP 	polygon_2: fillColor = '[1. 1. 1.] (rgb)'
36.9075 	EXP 	displayPicture: image = '.\\resources\\football.jpg'
36.9075 	EXP 	polygon_2: opacity = 0.0
36.9075 	EXP 	polygon_2: fillColor = '[1. 1. 1.] (rgb)'
36.9242 	EXP 	displayPicture: image = '.\\resources\\football.jpg'
36.9242 	EXP 	polygon_2: opacity = 0.0
36.9242 	EXP 	polygon_2: fillColor = '[1. 1. 1.] (rgb)'
36.9409 	EXP 	displayPicture: image = '.\\resources\\football.jpg'
36.9409 	EXP 	polygon_2: opacity = 0.0
36.9409 	EXP 	polygon_2: fillColor = '[1. 1. 1.] (rgb)'
36.9575 	EXP 	displayPicture: image = '.\\resources\\football.jpg'
36.9575 	EXP 	polygon_2: opacity = 0.0
36.9575 	EXP 	polygon_2: fillColor = '[1. 1. 1.] (rgb)'
36.9742 	EXP 	displayPicture: image = '.\\resources\\football.jpg'
36.9742 	EXP 	polygon_2: opacity = 0.0
36.9742 	EXP 	polygon_2: fillColor = '[1. 1. 1.] (rgb)'
36.9908 	EXP 	displayPicture: image = '.\\resources\\football.jpg'
36.9908 	EXP 	polygon_2: opacity = 0.0
36.9908 	EXP 	polygon_2: fillColor = '[1. 1. 1.] (rgb)'
37.0075 	EXP 	displayPicture: image = '.\\resources\\football.jpg'
37.0075 	EXP 	polygon_2: opacity = 0.0
37.0075 	EXP 	polygon_2: fillColor = '[1. 1. 1.] (rgb)'
37.0242 	EXP 	displayPicture: image = '.\\resources\\football.jpg'
37.0242 	EXP 	polygon_2: opacity = 0.0
37.0242 	EXP 	polygon_2: fillColor = '[1. 1. 1.] (rgb)'
37.0409 	EXP 	displayPicture: image = '.\\resources\\football.jpg'
37.0409 	EXP 	polygon_2: opacity = 0.0
37.0409 	EXP 	polygon_2: fillColor = '[1. 1. 1.] (rgb)'
37.0575 	EXP 	displayPicture: image = '.\\resources\\football.jpg'
37.0575 	EXP 	polygon_2: opacity = 0.0
37.0575 	EXP 	polygon_2: fillColor = '[1. 1. 1.] (rgb)'
37.0742 	EXP 	displayPicture: image = '.\\resources\\football.jpg'
37.0742 	EXP 	polygon_2: opacity = 0.0
37.0742 	EXP 	polygon_2: fillColor = '[1. 1. 1.] (rgb)'
37.0908 	EXP 	displayPicture: image = '.\\resources\\football.jpg'
37.0908 	EXP 	polygon_2: opacity = 0.0
37.0908 	EXP 	polygon_2: fillColor = '[1. 1. 1.] (rgb)'
37.1075 	EXP 	displayPicture: image = '.\\resources\\football.jpg'
37.1075 	EXP 	polygon_2: opacity = 0.0
37.1075 	EXP 	polygon_2: fillColor = '[1. 1. 1.] (rgb)'
37.1242 	EXP 	displayPicture: image = '.\\resources\\football.jpg'
37.1242 	EXP 	polygon_2: opacity = 0.0
37.1242 	EXP 	polygon_2: fillColor = '[1. 1. 1.] (rgb)'
37.1408 	EXP 	displayPicture: image = '.\\resources\\football.jpg'
37.1408 	EXP 	polygon_2: opacity = 0.0
37.1408 	EXP 	polygon_2: fillColor = '[1. 1. 1.] (rgb)'
37.1575 	EXP 	displayPicture: image = '.\\resources\\football.jpg'
37.1575 	EXP 	polygon_2: opacity = 0.0
37.1575 	EXP 	polygon_2: fillColor = '[1. 1. 1.] (rgb)'
37.1742 	EXP 	displayPicture: image = '.\\resources\\football.jpg'
37.1742 	EXP 	polygon_2: opacity = 0.0
37.1742 	EXP 	polygon_2: fillColor = '[1. 1. 1.] (rgb)'
37.1908 	EXP 	displayPicture: image = '.\\resources\\football.jpg'
37.1908 	EXP 	polygon_2: opacity = 0.0
37.1908 	EXP 	polygon_2: fillColor = '[1. 1. 1.] (rgb)'
37.2075 	EXP 	displayPicture: image = '.\\resources\\football.jpg'
37.2075 	EXP 	polygon_2: opacity = 0.0
37.2075 	EXP 	polygon_2: fillColor = '[1. 1. 1.] (rgb)'
37.2242 	EXP 	displayPicture: image = '.\\resources\\football.jpg'
37.2242 	EXP 	polygon_2: opacity = 0.0
37.2242 	EXP 	polygon_2: fillColor = '[1. 1. 1.] (rgb)'
37.2408 	EXP 	displayPicture: image = '.\\resources\\football.jpg'
37.2408 	EXP 	polygon_2: opacity = 0.0
37.2408 	EXP 	polygon_2: fillColor = '[1. 1. 1.] (rgb)'
37.2575 	EXP 	displayPicture: image = '.\\resources\\football.jpg'
37.2575 	EXP 	polygon_2: opacity = 0.0
37.2575 	EXP 	polygon_2: fillColor = '[1. 1. 1.] (rgb)'
37.2742 	EXP 	displayPicture: image = '.\\resources\\football.jpg'
37.2742 	EXP 	polygon_2: opacity = 1.0
37.2742 	EXP 	polygon_2: fillColor = '[1. 1. 1.] (rgb)'
37.2908 	EXP 	displayPicture: image = '.\\resources\\football.jpg'
37.2908 	EXP 	polygon_2: opacity = 1.0
37.2908 	EXP 	polygon_2: fillColor = '[1. 1. 1.] (rgb)'
37.3075 	EXP 	displayPicture: image = '.\\resources\\football.jpg'
37.3075 	EXP 	polygon_2: opacity = 1.0
37.3075 	EXP 	polygon_2: fillColor = '[1. 1. 1.] (rgb)'
37.3242 	EXP 	displayPicture: image = '.\\resources\\rollerblade.jpg'
37.3242 	EXP 	polygon_2: opacity = 0.0
37.3242 	EXP 	polygon_2: fillColor = '[1. 1. 1.] (rgb)'
37.3408 	EXP 	displayPicture: image = '.\\resources\\rollerblade.jpg'
37.3408 	EXP 	polygon_2: opacity = 0.0
37.3408 	EXP 	polygon_2: fillColor = '[1. 1. 1.] (rgb)'
37.3575 	EXP 	displayPicture: image = '.\\resources\\rollerblade.jpg'
37.3575 	EXP 	polygon_2: opacity = 0.0
37.3575 	EXP 	polygon_2: fillColor = '[1. 1. 1.] (rgb)'
37.3742 	EXP 	displayPicture: image = '.\\resources\\rollerblade.jpg'
37.3742 	EXP 	polygon_2: opacity = 0.0
37.3742 	EXP 	polygon_2: fillColor = '[1. 1. 1.] (rgb)'
37.3908 	EXP 	displayPicture: image = '.\\resources\\rollerblade.jpg'
37.3908 	EXP 	polygon_2: opacity = 0.0
37.3908 	EXP 	polygon_2: fillColor = '[1. 1. 1.] (rgb)'
37.4075 	EXP 	displayPicture: image = '.\\resources\\rollerblade.jpg'
37.4075 	EXP 	polygon_2: opacity = 0.0
37.4075 	EXP 	polygon_2: fillColor = '[1. 1. 1.] (rgb)'
37.4242 	EXP 	displayPicture: image = '.\\resources\\rollerblade.jpg'
37.4242 	EXP 	polygon_2: opacity = 0.0
37.4242 	EXP 	polygon_2: fillColor = '[1. 1. 1.] (rgb)'
37.4408 	EXP 	displayPicture: image = '.\\resources\\rollerblade.jpg'
37.4408 	EXP 	polygon_2: opacity = 0.0
37.4408 	EXP 	polygon_2: fillColor = '[1. 1. 1.] (rgb)'
37.4575 	EXP 	displayPicture: image = '.\\resources\\rollerblade.jpg'
37.4575 	EXP 	polygon_2: opacity = 0.0
37.4575 	EXP 	polygon_2: fillColor = '[1. 1. 1.] (rgb)'
37.4741 	EXP 	displayPicture: image = '.\\resources\\rollerblade.jpg'
37.4741 	EXP 	polygon_2: opacity = 0.0
37.4741 	EXP 	polygon_2: fillColor = '[1. 1. 1.] (rgb)'
37.4909 	EXP 	displayPicture: image = '.\\resources\\rollerblade.jpg'
37.4909 	EXP 	polygon_2: opacity = 0.0
37.4909 	EXP 	polygon_2: fillColor = '[1. 1. 1.] (rgb)'
37.5075 	EXP 	displayPicture: image = '.\\resources\\rollerblade.jpg'
37.5075 	EXP 	polygon_2: opacity = 0.0
37.5075 	EXP 	polygon_2: fillColor = '[1. 1. 1.] (rgb)'
37.5242 	EXP 	displayPicture: image = '.\\resources\\rollerblade.jpg'
37.5242 	EXP 	polygon_2: opacity = 0.0
37.5242 	EXP 	polygon_2: fillColor = '[1. 1. 1.] (rgb)'
37.5408 	EXP 	displayPicture: image = '.\\resources\\rollerblade.jpg'
37.5408 	EXP 	polygon_2: opacity = 0.0
37.5408 	EXP 	polygon_2: fillColor = '[1. 1. 1.] (rgb)'
37.5575 	EXP 	displayPicture: image = '.\\resources\\rollerblade.jpg'
37.5575 	EXP 	polygon_2: opacity = 0.0
37.5575 	EXP 	polygon_2: fillColor = '[1. 1. 1.] (rgb)'
37.5742 	EXP 	displayPicture: image = '.\\resources\\rollerblade.jpg'
37.5742 	EXP 	polygon_2: opacity = 0.0
37.5742 	EXP 	polygon_2: fillColor = '[1. 1. 1.] (rgb)'
37.5908 	EXP 	displayPicture: image = '.\\resources\\rollerblade.jpg'
37.5908 	EXP 	polygon_2: opacity = 0.0
37.5908 	EXP 	polygon_2: fillColor = '[1. 1. 1.] (rgb)'
37.6075 	EXP 	displayPicture: image = '.\\resources\\rollerblade.jpg'
37.6075 	EXP 	polygon_2: opacity = 0.0
37.6075 	EXP 	polygon_2: fillColor = '[1. 1. 1.] (rgb)'
37.6241 	EXP 	displayPicture: image = '.\\resources\\rollerblade.jpg'
37.6241 	EXP 	polygon_2: opacity = 0.0
37.6241 	EXP 	polygon_2: fillColor = '[1. 1. 1.] (rgb)'
37.6408 	EXP 	displayPicture: image = '.\\resources\\rollerblade.jpg'
37.6408 	EXP 	polygon_2: opacity = 0.0
37.6408 	EXP 	polygon_2: fillColor = '[1. 1. 1.] (rgb)'
37.6575 	EXP 	displayPicture: image = '.\\resources\\rollerblade.jpg'
37.6575 	EXP 	polygon_2: opacity = 0.0
37.6575 	EXP 	polygon_2: fillColor = '[1. 1. 1.] (rgb)'
37.6741 	EXP 	displayPicture: image = '.\\resources\\rollerblade.jpg'
37.6741 	EXP 	polygon_2: opacity = 0.0
37.6741 	EXP 	polygon_2: fillColor = '[1. 1. 1.] (rgb)'
37.6908 	EXP 	displayPicture: image = '.\\resources\\rollerblade.jpg'
37.6908 	EXP 	polygon_2: opacity = 0.0
37.6908 	EXP 	polygon_2: fillColor = '[1. 1. 1.] (rgb)'
37.7075 	EXP 	displayPicture: image = '.\\resources\\rollerblade.jpg'
37.7075 	EXP 	polygon_2: opacity = 0.0
37.7075 	EXP 	polygon_2: fillColor = '[1. 1. 1.] (rgb)'
37.7241 	EXP 	displayPicture: image = '.\\resources\\rollerblade.jpg'
37.7241 	EXP 	polygon_2: opacity = 0.0
37.7241 	EXP 	polygon_2: fillColor = '[1. 1. 1.] (rgb)'
37.7408 	EXP 	displayPicture: image = '.\\resources\\rollerblade.jpg'
37.7408 	EXP 	polygon_2: opacity = 0.0
37.7408 	EXP 	polygon_2: fillColor = '[1. 1. 1.] (rgb)'
37.7575 	EXP 	displayPicture: image = '.\\resources\\rollerblade.jpg'
37.7575 	EXP 	polygon_2: opacity = 0.0
37.7575 	EXP 	polygon_2: fillColor = '[1. 1. 1.] (rgb)'
37.7741 	EXP 	displayPicture: image = '.\\resources\\rollerblade.jpg'
37.7741 	EXP 	polygon_2: opacity = 0.0
37.7741 	EXP 	polygon_2: fillColor = '[1. 1. 1.] (rgb)'
37.7908 	EXP 	displayPicture: image = '.\\resources\\rollerblade.jpg'
37.7908 	EXP 	polygon_2: opacity = 0.0
37.7908 	EXP 	polygon_2: fillColor = '[1. 1. 1.] (rgb)'
37.8075 	EXP 	displayPicture: image = '.\\resources\\rollerblade.jpg'
37.8075 	EXP 	polygon_2: opacity = 0.0
37.8075 	EXP 	polygon_2: fillColor = '[1. 1. 1.] (rgb)'
37.8242 	EXP 	displayPicture: image = '.\\resources\\rollerblade.jpg'
37.8242 	EXP 	polygon_2: opacity = 1.0
37.8242 	EXP 	polygon_2: fillColor = '[1. 1. 1.] (rgb)'
37.8408 	EXP 	displayPicture: image = '.\\resources\\rollerblade.jpg'
37.8408 	EXP 	polygon_2: opacity = 1.0
37.8408 	EXP 	polygon_2: fillColor = '[1. 1. 1.] (rgb)'
37.8575 	EXP 	displayPicture: image = '.\\resources\\rollerblade.jpg'
37.8575 	EXP 	polygon_2: opacity = 1.0
37.8575 	EXP 	polygon_2: fillColor = '[1. 1. 1.] (rgb)'
37.8908 	EXP 	displayPicture: image = '.\\resources\\lollipop04.jpg'
37.8908 	EXP 	polygon_2: opacity = 0.0
37.8908 	EXP 	polygon_2: fillColor = '[1. 1. 1.] (rgb)'
37.9075 	EXP 	displayPicture: image = '.\\resources\\lollipop04.jpg'
37.9075 	EXP 	polygon_2: opacity = 0.0
37.9075 	EXP 	polygon_2: fillColor = '[1. 1. 1.] (rgb)'
37.9241 	EXP 	displayPicture: image = '.\\resources\\lollipop04.jpg'
37.9241 	EXP 	polygon_2: opacity = 0.0
37.9241 	EXP 	polygon_2: fillColor = '[1. 1. 1.] (rgb)'
37.9408 	EXP 	displayPicture: image = '.\\resources\\lollipop04.jpg'
37.9408 	EXP 	polygon_2: opacity = 0.0
37.9408 	EXP 	polygon_2: fillColor = '[1. 1. 1.] (rgb)'
37.9575 	EXP 	displayPicture: image = '.\\resources\\lollipop04.jpg'
37.9575 	EXP 	polygon_2: opacity = 0.0
37.9575 	EXP 	polygon_2: fillColor = '[1. 1. 1.] (rgb)'
37.9741 	EXP 	displayPicture: image = '.\\resources\\lollipop04.jpg'
37.9741 	EXP 	polygon_2: opacity = 0.0
37.9741 	EXP 	polygon_2: fillColor = '[1. 1. 1.] (rgb)'
37.9908 	EXP 	displayPicture: image = '.\\resources\\lollipop04.jpg'
37.9908 	EXP 	polygon_2: opacity = 0.0
37.9908 	EXP 	polygon_2: fillColor = '[1. 1. 1.] (rgb)'
38.0075 	EXP 	displayPicture: image = '.\\resources\\lollipop04.jpg'
38.0075 	EXP 	polygon_2: opacity = 0.0
38.0075 	EXP 	polygon_2: fillColor = '[1. 1. 1.] (rgb)'
38.0241 	EXP 	displayPicture: image = '.\\resources\\lollipop04.jpg'
38.0241 	EXP 	polygon_2: opacity = 0.0
38.0241 	EXP 	polygon_2: fillColor = '[1. 1. 1.] (rgb)'
38.0408 	EXP 	displayPicture: image = '.\\resources\\lollipop04.jpg'
38.0408 	EXP 	polygon_2: opacity = 0.0
38.0408 	EXP 	polygon_2: fillColor = '[1. 1. 1.] (rgb)'
38.0574 	EXP 	displayPicture: image = '.\\resources\\lollipop04.jpg'
38.0574 	EXP 	polygon_2: opacity = 0.0
38.0574 	EXP 	polygon_2: fillColor = '[1. 1. 1.] (rgb)'
38.0741 	EXP 	displayPicture: image = '.\\resources\\lollipop04.jpg'
38.0741 	EXP 	polygon_2: opacity = 0.0
38.0741 	EXP 	polygon_2: fillColor = '[1. 1. 1.] (rgb)'
38.0908 	EXP 	displayPicture: image = '.\\resources\\lollipop04.jpg'
38.0908 	EXP 	polygon_2: opacity = 0.0
38.0908 	EXP 	polygon_2: fillColor = '[1. 1. 1.] (rgb)'
38.1074 	EXP 	displayPicture: image = '.\\resources\\lollipop04.jpg'
38.1074 	EXP 	polygon_2: opacity = 0.0
38.1074 	EXP 	polygon_2: fillColor = '[1. 1. 1.] (rgb)'
38.1241 	EXP 	displayPicture: image = '.\\resources\\lollipop04.jpg'
38.1241 	EXP 	polygon_2: opacity = 0.0
38.1241 	EXP 	polygon_2: fillColor = '[1. 1. 1.] (rgb)'
38.1408 	EXP 	displayPicture: image = '.\\resources\\lollipop04.jpg'
38.1408 	EXP 	polygon_2: opacity = 0.0
38.1408 	EXP 	polygon_2: fillColor = '[1. 1. 1.] (rgb)'
38.1575 	EXP 	displayPicture: image = '.\\resources\\lollipop04.jpg'
38.1575 	EXP 	polygon_2: opacity = 0.0
38.1575 	EXP 	polygon_2: fillColor = '[1. 1. 1.] (rgb)'
38.1741 	EXP 	displayPicture: image = '.\\resources\\lollipop04.jpg'
38.1741 	EXP 	polygon_2: opacity = 0.0
38.1741 	EXP 	polygon_2: fillColor = '[1. 1. 1.] (rgb)'
38.1908 	EXP 	displayPicture: image = '.\\resources\\lollipop04.jpg'
38.1908 	EXP 	polygon_2: opacity = 0.0
38.1908 	EXP 	polygon_2: fillColor = '[1. 1. 1.] (rgb)'
38.2075 	EXP 	displayPicture: image = '.\\resources\\lollipop04.jpg'
38.2075 	EXP 	polygon_2: opacity = 0.0
38.2075 	EXP 	polygon_2: fillColor = '[1. 1. 1.] (rgb)'
38.2241 	EXP 	displayPicture: image = '.\\resources\\lollipop04.jpg'
38.2241 	EXP 	polygon_2: opacity = 0.0
38.2241 	EXP 	polygon_2: fillColor = '[1. 1. 1.] (rgb)'
38.2408 	EXP 	displayPicture: image = '.\\resources\\lollipop04.jpg'
38.2408 	EXP 	polygon_2: opacity = 0.0
38.2408 	EXP 	polygon_2: fillColor = '[1. 1. 1.] (rgb)'
38.2574 	EXP 	displayPicture: image = '.\\resources\\lollipop04.jpg'
38.2574 	EXP 	polygon_2: opacity = 0.0
38.2574 	EXP 	polygon_2: fillColor = '[1. 1. 1.] (rgb)'
38.2741 	EXP 	displayPicture: image = '.\\resources\\lollipop04.jpg'
38.2741 	EXP 	polygon_2: opacity = 0.0
38.2741 	EXP 	polygon_2: fillColor = '[1. 1. 1.] (rgb)'
38.2908 	EXP 	displayPicture: image = '.\\resources\\lollipop04.jpg'
38.2908 	EXP 	polygon_2: opacity = 0.0
38.2908 	EXP 	polygon_2: fillColor = '[1. 1. 1.] (rgb)'
38.3074 	EXP 	displayPicture: image = '.\\resources\\lollipop04.jpg'
38.3074 	EXP 	polygon_2: opacity = 0.0
38.3074 	EXP 	polygon_2: fillColor = '[1. 1. 1.] (rgb)'
38.3241 	EXP 	displayPicture: image = '.\\resources\\lollipop04.jpg'
38.3241 	EXP 	polygon_2: opacity = 0.0
38.3241 	EXP 	polygon_2: fillColor = '[1. 1. 1.] (rgb)'
38.3408 	EXP 	displayPicture: image = '.\\resources\\lollipop04.jpg'
38.3408 	EXP 	polygon_2: opacity = 0.0
38.3408 	EXP 	polygon_2: fillColor = '[1. 1. 1.] (rgb)'
38.3574 	EXP 	displayPicture: image = '.\\resources\\lollipop04.jpg'
38.3574 	EXP 	polygon_2: opacity = 0.0
38.3574 	EXP 	polygon_2: fillColor = '[1. 1. 1.] (rgb)'
38.3741 	EXP 	displayPicture: image = '.\\resources\\lollipop04.jpg'
38.3741 	EXP 	polygon_2: opacity = 1.0
38.3741 	EXP 	polygon_2: fillColor = '[1. 1. 1.] (rgb)'
38.3908 	EXP 	displayPicture: image = '.\\resources\\lollipop04.jpg'
38.3908 	EXP 	polygon_2: opacity = 1.0
38.3908 	EXP 	polygon_2: fillColor = '[1. 1. 1.] (rgb)'
38.4074 	EXP 	displayPicture: image = '.\\resources\\lollipop04.jpg'
38.4074 	EXP 	polygon_2: opacity = 1.0
38.4074 	EXP 	polygon_2: fillColor = '[1. 1. 1.] (rgb)'
38.4241 	EXP 	displayPicture: image = '.\\resources\\snowboard.jpg'
38.4241 	EXP 	polygon_2: opacity = 0.0
38.4241 	EXP 	polygon_2: fillColor = '[1. 1. 1.] (rgb)'
38.4408 	EXP 	displayPicture: image = '.\\resources\\snowboard.jpg'
38.4408 	EXP 	polygon_2: opacity = 0.0
38.4408 	EXP 	polygon_2: fillColor = '[1. 1. 1.] (rgb)'
38.4574 	EXP 	displayPicture: image = '.\\resources\\snowboard.jpg'
38.4574 	EXP 	polygon_2: opacity = 0.0
38.4574 	EXP 	polygon_2: fillColor = '[1. 1. 1.] (rgb)'
38.4741 	EXP 	displayPicture: image = '.\\resources\\snowboard.jpg'
38.4741 	EXP 	polygon_2: opacity = 0.0
38.4741 	EXP 	polygon_2: fillColor = '[1. 1. 1.] (rgb)'
38.4908 	EXP 	displayPicture: image = '.\\resources\\snowboard.jpg'
38.4908 	EXP 	polygon_2: opacity = 0.0
38.4908 	EXP 	polygon_2: fillColor = '[1. 1. 1.] (rgb)'
38.5074 	EXP 	displayPicture: image = '.\\resources\\snowboard.jpg'
38.5074 	EXP 	polygon_2: opacity = 0.0
38.5074 	EXP 	polygon_2: fillColor = '[1. 1. 1.] (rgb)'
38.5241 	EXP 	displayPicture: image = '.\\resources\\snowboard.jpg'
38.5241 	EXP 	polygon_2: opacity = 0.0
38.5241 	EXP 	polygon_2: fillColor = '[1. 1. 1.] (rgb)'
38.5408 	EXP 	displayPicture: image = '.\\resources\\snowboard.jpg'
38.5408 	EXP 	polygon_2: opacity = 0.0
38.5408 	EXP 	polygon_2: fillColor = '[1. 1. 1.] (rgb)'
38.5574 	EXP 	displayPicture: image = '.\\resources\\snowboard.jpg'
38.5574 	EXP 	polygon_2: opacity = 0.0
38.5574 	EXP 	polygon_2: fillColor = '[1. 1. 1.] (rgb)'
38.5741 	EXP 	displayPicture: image = '.\\resources\\snowboard.jpg'
38.5741 	EXP 	polygon_2: opacity = 0.0
38.5741 	EXP 	polygon_2: fillColor = '[1. 1. 1.] (rgb)'
38.5907 	EXP 	displayPicture: image = '.\\resources\\snowboard.jpg'
38.5907 	EXP 	polygon_2: opacity = 0.0
38.5907 	EXP 	polygon_2: fillColor = '[1. 1. 1.] (rgb)'
38.6074 	EXP 	displayPicture: image = '.\\resources\\snowboard.jpg'
38.6074 	EXP 	polygon_2: opacity = 0.0
38.6074 	EXP 	polygon_2: fillColor = '[1. 1. 1.] (rgb)'
38.6241 	EXP 	displayPicture: image = '.\\resources\\snowboard.jpg'
38.6241 	EXP 	polygon_2: opacity = 0.0
38.6241 	EXP 	polygon_2: fillColor = '[1. 1. 1.] (rgb)'
38.6407 	EXP 	displayPicture: image = '.\\resources\\snowboard.jpg'
38.6407 	EXP 	polygon_2: opacity = 0.0
38.6407 	EXP 	polygon_2: fillColor = '[1. 1. 1.] (rgb)'
38.6574 	EXP 	displayPicture: image = '.\\resources\\snowboard.jpg'
38.6574 	EXP 	polygon_2: opacity = 0.0
38.6574 	EXP 	polygon_2: fillColor = '[1. 1. 1.] (rgb)'
38.6740 	EXP 	displayPicture: image = '.\\resources\\snowboard.jpg'
38.6740 	EXP 	polygon_2: opacity = 0.0
38.6740 	EXP 	polygon_2: fillColor = '[1. 1. 1.] (rgb)'
38.6907 	EXP 	displayPicture: image = '.\\resources\\snowboard.jpg'
38.6907 	EXP 	polygon_2: opacity = 0.0
38.6907 	EXP 	polygon_2: fillColor = '[1. 1. 1.] (rgb)'
38.7074 	EXP 	displayPicture: image = '.\\resources\\snowboard.jpg'
38.7074 	EXP 	polygon_2: opacity = 0.0
38.7074 	EXP 	polygon_2: fillColor = '[1. 1. 1.] (rgb)'
38.7241 	EXP 	displayPicture: image = '.\\resources\\snowboard.jpg'
38.7241 	EXP 	polygon_2: opacity = 0.0
38.7241 	EXP 	polygon_2: fillColor = '[1. 1. 1.] (rgb)'
38.7408 	EXP 	displayPicture: image = '.\\resources\\snowboard.jpg'
38.7408 	EXP 	polygon_2: opacity = 0.0
38.7408 	EXP 	polygon_2: fillColor = '[1. 1. 1.] (rgb)'
38.7574 	EXP 	displayPicture: image = '.\\resources\\snowboard.jpg'
38.7574 	EXP 	polygon_2: opacity = 0.0
38.7574 	EXP 	polygon_2: fillColor = '[1. 1. 1.] (rgb)'
38.7741 	EXP 	displayPicture: image = '.\\resources\\snowboard.jpg'
38.7741 	EXP 	polygon_2: opacity = 0.0
38.7741 	EXP 	polygon_2: fillColor = '[1. 1. 1.] (rgb)'
38.7907 	EXP 	displayPicture: image = '.\\resources\\snowboard.jpg'
38.7907 	EXP 	polygon_2: opacity = 0.0
38.7907 	EXP 	polygon_2: fillColor = '[1. 1. 1.] (rgb)'
38.8074 	EXP 	displayPicture: image = '.\\resources\\snowboard.jpg'
38.8074 	EXP 	polygon_2: opacity = 0.0
38.8074 	EXP 	polygon_2: fillColor = '[1. 1. 1.] (rgb)'
38.8241 	EXP 	displayPicture: image = '.\\resources\\snowboard.jpg'
38.8241 	EXP 	polygon_2: opacity = 0.0
38.8241 	EXP 	polygon_2: fillColor = '[1. 1. 1.] (rgb)'
38.8407 	EXP 	displayPicture: image = '.\\resources\\snowboard.jpg'
38.8407 	EXP 	polygon_2: opacity = 0.0
38.8407 	EXP 	polygon_2: fillColor = '[1. 1. 1.] (rgb)'
38.8574 	EXP 	displayPicture: image = '.\\resources\\snowboard.jpg'
38.8574 	EXP 	polygon_2: opacity = 0.0
38.8574 	EXP 	polygon_2: fillColor = '[1. 1. 1.] (rgb)'
38.8741 	EXP 	displayPicture: image = '.\\resources\\snowboard.jpg'
38.8741 	EXP 	polygon_2: opacity = 0.0
38.8741 	EXP 	polygon_2: fillColor = '[1. 1. 1.] (rgb)'
38.8907 	EXP 	displayPicture: image = '.\\resources\\snowboard.jpg'
38.8907 	EXP 	polygon_2: opacity = 0.0
38.8907 	EXP 	polygon_2: fillColor = '[1. 1. 1.] (rgb)'
38.9074 	EXP 	displayPicture: image = '.\\resources\\snowboard.jpg'
38.9074 	EXP 	polygon_2: opacity = 0.0
38.9074 	EXP 	polygon_2: fillColor = '[1. 1. 1.] (rgb)'
38.9241 	EXP 	displayPicture: image = '.\\resources\\snowboard.jpg'
38.9241 	EXP 	polygon_2: opacity = 1.0
38.9241 	EXP 	polygon_2: fillColor = '[1. 1. 1.] (rgb)'
38.9407 	EXP 	displayPicture: image = '.\\resources\\snowboard.jpg'
38.9407 	EXP 	polygon_2: opacity = 1.0
38.9407 	EXP 	polygon_2: fillColor = '[1. 1. 1.] (rgb)'
38.9574 	EXP 	displayPicture: image = '.\\resources\\snowboard.jpg'
38.9574 	EXP 	polygon_2: opacity = 1.0
38.9574 	EXP 	polygon_2: fillColor = '[1. 1. 1.] (rgb)'
38.9907 	EXP 	displayPicture: image = '.\\resources\\escalator.jpg'
38.9907 	EXP 	polygon_2: opacity = 0.0
38.9907 	EXP 	polygon_2: fillColor = '[1. 1. 1.] (rgb)'
39.0074 	EXP 	displayPicture: image = '.\\resources\\escalator.jpg'
39.0074 	EXP 	polygon_2: opacity = 0.0
39.0074 	EXP 	polygon_2: fillColor = '[1. 1. 1.] (rgb)'
39.0241 	EXP 	displayPicture: image = '.\\resources\\escalator.jpg'
39.0241 	EXP 	polygon_2: opacity = 0.0
39.0241 	EXP 	polygon_2: fillColor = '[1. 1. 1.] (rgb)'
39.0407 	EXP 	displayPicture: image = '.\\resources\\escalator.jpg'
39.0407 	EXP 	polygon_2: opacity = 0.0
39.0407 	EXP 	polygon_2: fillColor = '[1. 1. 1.] (rgb)'
39.0574 	EXP 	displayPicture: image = '.\\resources\\escalator.jpg'
39.0574 	EXP 	polygon_2: opacity = 0.0
39.0574 	EXP 	polygon_2: fillColor = '[1. 1. 1.] (rgb)'
39.0741 	EXP 	displayPicture: image = '.\\resources\\escalator.jpg'
39.0741 	EXP 	polygon_2: opacity = 0.0
39.0741 	EXP 	polygon_2: fillColor = '[1. 1. 1.] (rgb)'
39.0907 	EXP 	displayPicture: image = '.\\resources\\escalator.jpg'
39.0907 	EXP 	polygon_2: opacity = 0.0
39.0907 	EXP 	polygon_2: fillColor = '[1. 1. 1.] (rgb)'
39.1074 	EXP 	displayPicture: image = '.\\resources\\escalator.jpg'
39.1074 	EXP 	polygon_2: opacity = 0.0
39.1074 	EXP 	polygon_2: fillColor = '[1. 1. 1.] (rgb)'
39.1241 	EXP 	displayPicture: image = '.\\resources\\escalator.jpg'
39.1241 	EXP 	polygon_2: opacity = 0.0
39.1241 	EXP 	polygon_2: fillColor = '[1. 1. 1.] (rgb)'
39.1407 	EXP 	displayPicture: image = '.\\resources\\escalator.jpg'
39.1407 	EXP 	polygon_2: opacity = 0.0
39.1407 	EXP 	polygon_2: fillColor = '[1. 1. 1.] (rgb)'
39.1574 	EXP 	displayPicture: image = '.\\resources\\escalator.jpg'
39.1574 	EXP 	polygon_2: opacity = 0.0
39.1574 	EXP 	polygon_2: fillColor = '[1. 1. 1.] (rgb)'
39.1740 	EXP 	displayPicture: image = '.\\resources\\escalator.jpg'
39.1740 	EXP 	polygon_2: opacity = 0.0
39.1740 	EXP 	polygon_2: fillColor = '[1. 1. 1.] (rgb)'
39.1907 	EXP 	displayPicture: image = '.\\resources\\escalator.jpg'
39.1907 	EXP 	polygon_2: opacity = 0.0
39.1907 	EXP 	polygon_2: fillColor = '[1. 1. 1.] (rgb)'
39.2074 	EXP 	displayPicture: image = '.\\resources\\escalator.jpg'
39.2074 	EXP 	polygon_2: opacity = 0.0
39.2074 	EXP 	polygon_2: fillColor = '[1. 1. 1.] (rgb)'
39.2240 	EXP 	displayPicture: image = '.\\resources\\escalator.jpg'
39.2240 	EXP 	polygon_2: opacity = 0.0
39.2240 	EXP 	polygon_2: fillColor = '[1. 1. 1.] (rgb)'
39.2407 	EXP 	displayPicture: image = '.\\resources\\escalator.jpg'
39.2407 	EXP 	polygon_2: opacity = 0.0
39.2407 	EXP 	polygon_2: fillColor = '[1. 1. 1.] (rgb)'
39.2574 	EXP 	displayPicture: image = '.\\resources\\escalator.jpg'
39.2574 	EXP 	polygon_2: opacity = 0.0
39.2574 	EXP 	polygon_2: fillColor = '[1. 1. 1.] (rgb)'
39.2740 	EXP 	displayPicture: image = '.\\resources\\escalator.jpg'
39.2740 	EXP 	polygon_2: opacity = 0.0
39.2740 	EXP 	polygon_2: fillColor = '[1. 1. 1.] (rgb)'
39.2907 	EXP 	displayPicture: image = '.\\resources\\escalator.jpg'
39.2907 	EXP 	polygon_2: opacity = 0.0
39.2907 	EXP 	polygon_2: fillColor = '[1. 1. 1.] (rgb)'
39.3074 	EXP 	displayPicture: image = '.\\resources\\escalator.jpg'
39.3074 	EXP 	polygon_2: opacity = 0.0
39.3074 	EXP 	polygon_2: fillColor = '[1. 1. 1.] (rgb)'
39.3241 	EXP 	displayPicture: image = '.\\resources\\escalator.jpg'
39.3241 	EXP 	polygon_2: opacity = 0.0
39.3241 	EXP 	polygon_2: fillColor = '[1. 1. 1.] (rgb)'
39.3407 	EXP 	displayPicture: image = '.\\resources\\escalator.jpg'
39.3407 	EXP 	polygon_2: opacity = 0.0
39.3407 	EXP 	polygon_2: fillColor = '[1. 1. 1.] (rgb)'
39.3574 	EXP 	displayPicture: image = '.\\resources\\escalator.jpg'
39.3574 	EXP 	polygon_2: opacity = 0.0
39.3574 	EXP 	polygon_2: fillColor = '[1. 1. 1.] (rgb)'
39.3740 	EXP 	displayPicture: image = '.\\resources\\escalator.jpg'
39.3740 	EXP 	polygon_2: opacity = 0.0
39.3740 	EXP 	polygon_2: fillColor = '[1. 1. 1.] (rgb)'
39.3907 	EXP 	displayPicture: image = '.\\resources\\escalator.jpg'
39.3907 	EXP 	polygon_2: opacity = 0.0
39.3907 	EXP 	polygon_2: fillColor = '[1. 1. 1.] (rgb)'
39.4074 	EXP 	displayPicture: image = '.\\resources\\escalator.jpg'
39.4074 	EXP 	polygon_2: opacity = 0.0
39.4074 	EXP 	polygon_2: fillColor = '[1. 1. 1.] (rgb)'
39.4240 	EXP 	displayPicture: image = '.\\resources\\escalator.jpg'
39.4240 	EXP 	polygon_2: opacity = 0.0
39.4240 	EXP 	polygon_2: fillColor = '[1. 1. 1.] (rgb)'
39.4407 	EXP 	displayPicture: image = '.\\resources\\escalator.jpg'
39.4407 	EXP 	polygon_2: opacity = 0.0
39.4407 	EXP 	polygon_2: fillColor = '[1. 1. 1.] (rgb)'
39.4574 	EXP 	displayPicture: image = '.\\resources\\escalator.jpg'
39.4574 	EXP 	polygon_2: opacity = 0.0
39.4574 	EXP 	polygon_2: fillColor = '[1. 1. 1.] (rgb)'
39.4742 	EXP 	displayPicture: image = '.\\resources\\escalator.jpg'
39.4742 	EXP 	polygon_2: opacity = 1.0
39.4742 	EXP 	polygon_2: fillColor = '[1. 1. 1.] (rgb)'
39.4907 	EXP 	displayPicture: image = '.\\resources\\escalator.jpg'
39.4907 	EXP 	polygon_2: opacity = 1.0
39.4907 	EXP 	polygon_2: fillColor = '[1. 1. 1.] (rgb)'
39.5073 	EXP 	displayPicture: image = '.\\resources\\escalator.jpg'
39.5073 	EXP 	polygon_2: opacity = 1.0
39.5073 	EXP 	polygon_2: fillColor = '[1. 1. 1.] (rgb)'
39.5408 	EXP 	displayPicture: image = '.\\resources\\escalator.jpg'
39.5408 	EXP 	polygon_2: opacity = 0.0
39.5408 	EXP 	polygon_2: fillColor = '[1. 1. 1.] (rgb)'
39.5408 	EXP 	displayPicture: autoDraw = False
39.5408 	EXP 	polygon_2: autoDraw = False
39.5408 	EXP 	option1_t1: image = '.\\resources\\totempole.jpg'
39.5408 	EXP 	polygon_4: autoDraw = True
39.5408 	EXP 	option1_t1: autoDraw = True
62.4683 	DATA 	Keypress: left
62.4892 	EXP 	polygon_4: autoDraw = False
62.4892 	EXP 	option1_t1: autoDraw = False
62.4892 	EXP 	option1_t2: image = '.\\resources\\rollerblade.jpg'
62.4892 	EXP 	polygon_5: autoDraw = True
62.4892 	EXP 	option1_t2: autoDraw = True
63.2023 	DATA 	Keypress: right
63.2225 	EXP 	polygon_5: autoDraw = False
63.2225 	EXP 	option1_t2: autoDraw = False
63.2225 	EXP 	feedbackText: text = '1/2 Correct'
63.2225 	EXP 	feedbackText: autoDraw = True
64.2082 	EXP 	New trial (rep=0, index=1): OrderedDict([('trialType', 'AB'), ('cndTyp', 'lag4'), ('lag', 4), ('T1_loc', 3), ('T2_loc', 7), ('stimLen', 0.5), ('isi', 0.05), ('skipProb', 0.5)])
64.2223 	EXP 	feedbackText: autoDraw = False
64.2223 	EXP 	text: text = ''
64.2223 	EXP 	text: autoDraw = True
64.2223 	EXP 	text: autoDraw = False
64.2223 	EXP 	option1: image = '.\\resources\\totempole.jpg'
64.2223 	EXP 	option2: image = '.\\resources\\paperairplane.jpg'
64.2223 	EXP 	option1: autoDraw = True
64.2223 	EXP 	option2: autoDraw = True
65.9916 	DATA 	Keypress: escape
66.2191 	EXP 	window1: mouseVisible = True
