0.8503 	WARNING 	We strongly recommend you activate the PTB sound engine in PsychoPy prefs as the preferred audio engine. Its timing is vastly superior. Your prefs are currently set to use ['sounddevice', 'PTB', 'pyo', 'pygame'] (in that order).
4.4528 	WARNING 	User requested fullscreen with size [1024  768], but screen is actually [1920, 1080]. Using actual size
5.3718 	EXP 	Created window1 = Window(allowGUI=False, allowStencil=False, args=UNKNOWN, autoLog=True, bitsMode=UNKNOWN, blendMode='avg', bpc=(8, 8, 8), color=array([0., 0., 0.]), colorSpace='rgb', depthBits=8, fullscr=<method-wrapper '__getattribute__' of attributeSetter object at 0x000001CE19155EF0>, gamma=None, gammaErrorPolicy='raise', kwargs=UNKNOWN, lms=UNKNOWN, monitor=<psychopy.monitors.calibTools.Monitor object at 0x000001CE18EA2550>, multiSample=False, name='window1', numSamples=2, pos=[0.0, 0.0], screen=0, size=array([1920, 1080]), stencilBits=0, stereo=False, units='height', useFBO=True, useRetina=False, viewOri=0.0, viewPos=None, viewScale=None, waitBlanking=True, winType='pyglet')
5.3722 	EXP 	window1: mouseVisible = True
5.3722 	EXP 	window1: recordFrameIntervals = False
5.5380 	EXP 	window1: recordFrameIntervals = True
5.7215 	EXP 	window1: recordFrameIntervals = False
5.8934 	EXP 	Created text_3 = TextStim(__class__=<class 'psychopy.visual.text.TextStim'>, alignHoriz=method-wrapper(...), alignText='center', alignVert=method-wrapper(...), anchorHoriz='center', anchorVert='center', antialias=True, autoLog=True, bold=False, color='white', colorSpace='named', contrast=1.0, depth=0.0, flipHoriz=False, flipVert=False, font='Arial', fontFiles=[], height=0.1, italic=False, languageStyle='LTR', name='text_3', opacity=1.0, ori=0, pos=array([0., 0.]), rgb=array([255., 255., 255.]), text=str(...), units='height', win=Window(...), wrapWidth=1)
5.8980 	EXP 	Created option1 = ImageStim(__class__=<class 'psychopy.visual.image.ImageStim'>, autoLog=True, color=array([1., 1., 1.]), colorSpace='rgb', contrast=1.0, depth=-1.0, flipHoriz=False, flipVert=False, image='sin', interpolate=True, mask=None, maskParams=None, name='option1', opacity=1.0, ori=0.0, pos=array([-0.3,  0. ]), size=array([0.25, 0.25]), texRes=128, units='height', win=Window(...))
5.9006 	EXP 	Created option2 = ImageStim(__class__=<class 'psychopy.visual.image.ImageStim'>, autoLog=True, color=array([1., 1., 1.]), colorSpace='rgb', contrast=1.0, depth=-2.0, flipHoriz=False, flipVert=False, image='sin', interpolate=True, mask=None, maskParams=None, name='option2', opacity=1.0, ori=0.0, pos=array([0.3, 0. ]), size=array([0.25, 0.25]), texRes=128, units='height', win=Window(...))
5.9043 	EXP 	Created text_2 = TextStim(__class__=<class 'psychopy.visual.text.TextStim'>, alignHoriz=method-wrapper(...), alignText='center', alignVert=method-wrapper(...), anchorHoriz='center', anchorVert='center', antialias=True, autoLog=True, bold=False, color='white', colorSpace='named', contrast=1.0, depth=-3.0, flipHoriz=False, flipVert=False, font='Arial', fontFiles=[], height=0.1, italic=False, languageStyle='LTR', name='text_2', opacity=1.0, ori=0, pos=array([0., 0.]), rgb=array([255., 255., 255.]), text='+', units='height', win=Window(...), wrapWidth=1)
5.9070 	EXP 	Created displayPicture = ImageStim(__class__=<class 'psychopy.visual.image.ImageStim'>, autoLog=True, color=array([1., 1., 1.]), colorSpace='rgb', contrast=1.0, depth=-6.0, flipHoriz=False, flipVert=False, image='sin', interpolate=True, mask=None, maskParams=None, name='displayPicture', opacity=1.0, ori=0.0, pos=array([0., 0.]), size=array([0.25, 0.25]), texRes=128, units='height', win=Window(...))
5.9083 	EXP 	Created polygon_2 = Rect(__class__=<class 'psychopy.visual.rect.Rect'>, autoDraw=False, autoLog=True, closeShape=True, color=method-wrapper(...), colorSpace=None, contrast=1.0, depth=-7.0, fillColor=array([1., 1., 1.]), fillColorSpace='rgb', fillRGB=array([1., 1., 1.]), interpolate=True, lineColor=array([1., 1., 1.]), lineColorSpace='rgb', lineRGB=array([1., 1., 1.]), lineWidth=0, name='polygon_2', opacity=1.0, ori=array(0.), pos=array([0., 0.]), size=array([0.25, 0.25]), units='height', vertices=ndarray(...), win=Window(...))
5.9095 	EXP 	Created polygon_4 = ShapeStim(__class__=<class 'psychopy.visual.shape.ShapeStim'>, autoDraw=False, autoLog=True, closeShape=True, contrast=1.0, depth=0.0, fillColor=array([1., 0., 0.]), fillColorSpace='rgb', interpolate=True, lineColor=array([1., 1., 1.]), lineColorSpace='rgb', lineWidth=1, name='polygon_4', opacity=1.0, ori=array(0.), pos=array([0., 0.]), size=array([1., 1.]), units='height', vertices=ndarray(...), win=Window(...), windingRule=None)
5.9119 	EXP 	Created option1_t1 = ImageStim(__class__=<class 'psychopy.visual.image.ImageStim'>, autoLog=True, color=array([1., 1., 1.]), colorSpace='rgb', contrast=1.0, depth=-2.0, flipHoriz=False, flipVert=False, image='sin', interpolate=True, mask=None, maskParams=None, name='option1_t1', opacity=1.0, ori=0.0, pos=array([0., 0.]), size=array([0.25, 0.25]), texRes=128, units='height', win=Window(...))
5.9134 	EXP 	Created polygon_5 = ShapeStim(__class__=<class 'psychopy.visual.shape.ShapeStim'>, autoDraw=False, autoLog=True, closeShape=True, contrast=1.0, depth=0.0, fillColor=array([0., 0., 1.]), fillColorSpace='rgb', interpolate=True, lineColor=array([1., 1., 1.]), lineColorSpace='rgb', lineWidth=1, name='polygon_5', opacity=1.0, ori=array(0.), pos=array([0., 0.]), size=array([0.7, 0.7]), units='height', vertices=ndarray(...), win=Window(...), windingRule=None)
5.9158 	EXP 	Created option1_t2 = ImageStim(__class__=<class 'psychopy.visual.image.ImageStim'>, autoLog=True, color=array([1., 1., 1.]), colorSpace='rgb', contrast=1.0, depth=-2.0, flipHoriz=False, flipVert=False, image='sin', interpolate=True, mask=None, maskParams=None, name='option1_t2', opacity=1.0, ori=0.0, pos=array([0., 0.]), size=array([0.25, 0.25]), texRes=128, units='height', win=Window(...))
5.9263 	EXP 	Created feedbackText = TextStim(__class__=<class 'psychopy.visual.text.TextStim'>, alignHoriz=method-wrapper(...), alignText='center', alignVert=method-wrapper(...), anchorHoriz='center', anchorVert='center', antialias=True, autoLog=True, bold=False, color='white', colorSpace='named', contrast=1.0, depth=-1.0, flipHoriz=False, flipVert=False, font='Arial', fontFiles=[], height=0.1, italic=False, languageStyle='LTR', name='feedbackText', opacity=1.0, ori=0, pos=array([0., 0.]), rgb=array([255., 255., 255.]), text='default text', units='height', win=Window(...), wrapWidth=1)
5.9297 	EXP 	Created text = TextStim(__class__=<class 'psychopy.visual.text.TextStim'>, alignHoriz=method-wrapper(...), alignText='center', alignVert=method-wrapper(...), anchorHoriz='center', anchorVert='center', antialias=True, autoLog=True, bold=False, color='white', colorSpace='named', contrast=1.0, depth=-3.0, flipHoriz=False, flipVert=False, font='Arial', fontFiles=[], height=0.1, italic=False, languageStyle='LTR', name='text', opacity=1.0, ori=0, pos=array([0., 0.]), rgb=array([255., 255., 255.]), text='default text', units='height', win=Window(...), wrapWidth=1)
5.9639 	EXP 	Created text_4 = TextStim(__class__=<class 'psychopy.visual.text.TextStim'>, alignHoriz=method-wrapper(...), alignText='center', alignVert=method-wrapper(...), anchorHoriz='center', anchorVert='center', antialias=True, autoLog=True, bold=False, color='white', colorSpace='named', contrast=1.0, depth=0.0, flipHoriz=False, flipVert=False, font='Arial', fontFiles=[], height=0.1, italic=False, languageStyle='LTR', name='text_4', opacity=1.0, ori=0, pos=array([0., 0.]), rgb=array([255., 255., 255.]), text=str(...), units='height', win=Window(...), wrapWidth=1)
5.9666 	EXP 	Created option1_2 = ImageStim(__class__=<class 'psychopy.visual.image.ImageStim'>, autoLog=True, color=array([1., 1., 1.]), colorSpace='rgb', contrast=1.0, depth=-1.0, flipHoriz=False, flipVert=False, image='sin', interpolate=True, mask=None, maskParams=None, name='option1_2', opacity=1.0, ori=0.0, pos=array([-0.3,  0. ]), size=array([0.25, 0.25]), texRes=128, units='height', win=Window(...))
5.9691 	EXP 	Created option2_2 = ImageStim(__class__=<class 'psychopy.visual.image.ImageStim'>, autoLog=True, color=array([1., 1., 1.]), colorSpace='rgb', contrast=1.0, depth=-2.0, flipHoriz=False, flipVert=False, image='sin', interpolate=True, mask=None, maskParams=None, name='option2_2', opacity=1.0, ori=0.0, pos=array([0.3, 0. ]), size=array([0.25, 0.25]), texRes=128, units='height', win=Window(...))
5.9708 	EXP 	Created text_5 = TextStim(__class__=<class 'psychopy.visual.text.TextStim'>, alignHoriz=method-wrapper(...), alignText='center', alignVert=method-wrapper(...), anchorHoriz='center', anchorVert='center', antialias=True, autoLog=True, bold=False, color='white', colorSpace='named', contrast=1.0, depth=-3.0, flipHoriz=False, flipVert=False, font='Arial', fontFiles=[], height=0.1, italic=False, languageStyle='LTR', name='text_5', opacity=1.0, ori=0, pos=array([0., 0.]), rgb=array([255., 255., 255.]), text='+', units='height', win=Window(...), wrapWidth=1)
5.9731 	EXP 	Created displayPicture_2 = ImageStim(__class__=<class 'psychopy.visual.image.ImageStim'>, autoLog=True, color=array([1., 1., 1.]), colorSpace='rgb', contrast=1.0, depth=-6.0, flipHoriz=False, flipVert=False, image='sin', interpolate=True, mask=None, maskParams=None, name='displayPicture_2', opacity=1.0, ori=0.0, pos=array([0., 0.]), size=array([0.25, 0.25]), texRes=128, units='height', win=Window(...))
5.9743 	EXP 	Created polygon_10 = Rect(__class__=<class 'psychopy.visual.rect.Rect'>, autoDraw=False, autoLog=True, closeShape=True, color=method-wrapper(...), colorSpace=None, contrast=1.0, depth=-7.0, fillColor=array([1., 1., 1.]), fillColorSpace='rgb', fillRGB=array([1., 1., 1.]), interpolate=True, lineColor=array([1., 1., 1.]), lineColorSpace='rgb', lineRGB=array([1., 1., 1.]), lineWidth=0, name='polygon_10', opacity=1.0, ori=array(0.), pos=array([0., 0.]), size=array([0.25, 0.25]), units='height', vertices=ndarray(...), win=Window(...))
5.9757 	EXP 	Created polygon_7 = ShapeStim(__class__=<class 'psychopy.visual.shape.ShapeStim'>, autoDraw=False, autoLog=True, closeShape=True, contrast=1.0, depth=0.0, fillColor=array([1., 0., 0.]), fillColorSpace='rgb', interpolate=True, lineColor=array([1., 1., 1.]), lineColorSpace='rgb', lineWidth=1, name='polygon_7', opacity=1.0, ori=array(0.), pos=array([0., 0.]), size=array([1., 1.]), units='height', vertices=ndarray(...), win=Window(...), windingRule=None)
5.9782 	EXP 	Created option1_t1_2 = ImageStim(__class__=<class 'psychopy.visual.image.ImageStim'>, autoLog=True, color=array([1., 1., 1.]), colorSpace='rgb', contrast=1.0, depth=-2.0, flipHoriz=False, flipVert=False, image='sin', interpolate=True, mask=None, maskParams=None, name='option1_t1_2', opacity=1.0, ori=0.0, pos=array([0., 0.]), size=array([0.25, 0.25]), texRes=128, units='height', win=Window(...))
5.9799 	EXP 	Created polygon_6 = ShapeStim(__class__=<class 'psychopy.visual.shape.ShapeStim'>, autoDraw=False, autoLog=True, closeShape=True, contrast=1.0, depth=0.0, fillColor=array([0., 0., 1.]), fillColorSpace='rgb', interpolate=True, lineColor=array([1., 1., 1.]), lineColorSpace='rgb', lineWidth=1, name='polygon_6', opacity=1.0, ori=array(0.), pos=array([0., 0.]), size=array([0.7, 0.7]), units='height', vertices=ndarray(...), win=Window(...), windingRule=None)
5.9829 	EXP 	Created option1_t2_2 = ImageStim(__class__=<class 'psychopy.visual.image.ImageStim'>, autoLog=True, color=array([1., 1., 1.]), colorSpace='rgb', contrast=1.0, depth=-2.0, flipHoriz=False, flipVert=False, image='sin', interpolate=True, mask=None, maskParams=None, name='option1_t2_2', opacity=1.0, ori=0.0, pos=array([0., 0.]), size=array([0.25, 0.25]), texRes=128, units='height', win=Window(...))
5.9867 	EXP 	Created text = TextStim(__class__=<class 'psychopy.visual.text.TextStim'>, alignHoriz=method-wrapper(...), alignText='center', alignVert=method-wrapper(...), anchorHoriz='center', anchorVert='center', antialias=True, autoLog=True, bold=False, color='white', colorSpace='named', contrast=1.0, depth=-3.0, flipHoriz=False, flipVert=False, font='Arial', fontFiles=[], height=0.1, italic=False, languageStyle='LTR', name='text', opacity=1.0, ori=0, pos=array([0., 0.]), rgb=array([255., 255., 255.]), text='default text', units='height', win=Window(...), wrapWidth=1)
6.0804 	EXP 	text_3: autoDraw = True
7.5712 	EXP 	Imported conditionAB.xlsx as conditions, 28 conditions, 8 params
7.5715 	EXP 	Created sequence: random, trialTypes=28, nReps=1, seed=None
7.5718 	EXP 	New trial (rep=0, index=0): OrderedDict([('trialType', 'AB'), ('cndTyp', 'lag2'), ('lag', 2), ('T1_loc', 4), ('T2_loc', 6), ('stimLen', 0.5), ('isi', 0.05), ('skipProb', 0.5)])
7.5912 	DATA 	Keypress: space
7.6046 	EXP 	text_3: autoDraw = False
7.6046 	EXP 	option1: image = '.\\resources\\mrpotatohead.jpg'
7.6046 	EXP 	option2: image = '.\\resources\\rubikcube.jpg'
7.6046 	EXP 	option1: autoDraw = True
7.6046 	EXP 	option2: autoDraw = True
10.0874 	EXP 	text_2: autoDraw = True
10.3541 	EXP 	option1: autoDraw = False
10.3541 	EXP 	option2: autoDraw = False
10.5875 	EXP 	option1: autoDraw = False
10.5875 	EXP 	option2: autoDraw = False
10.5875 	EXP 	text_2: autoDraw = False
10.5875 	EXP 	displayPicture: autoDraw = True
10.5875 	EXP 	displayPicture: image = '.\\resources\\knee.jpg'
10.5875 	EXP 	polygon_2: autoDraw = True
10.5875 	EXP 	polygon_2: opacity = 0.0
10.5875 	EXP 	polygon_2: fillColor = '[1. 1. 1.] (rgb)'
10.6040 	EXP 	displayPicture: image = '.\\resources\\knee.jpg'
10.6040 	EXP 	polygon_2: opacity = 0.0
10.6040 	EXP 	polygon_2: fillColor = '[1. 1. 1.] (rgb)'
10.6207 	EXP 	displayPicture: image = '.\\resources\\knee.jpg'
10.6207 	EXP 	polygon_2: opacity = 0.0
10.6207 	EXP 	polygon_2: fillColor = '[1. 1. 1.] (rgb)'
10.6374 	EXP 	displayPicture: image = '.\\resources\\knee.jpg'
10.6374 	EXP 	polygon_2: opacity = 0.0
10.6374 	EXP 	polygon_2: fillColor = '[1. 1. 1.] (rgb)'
10.6540 	EXP 	displayPicture: image = '.\\resources\\knee.jpg'
10.6540 	EXP 	polygon_2: opacity = 0.0
10.6540 	EXP 	polygon_2: fillColor = '[1. 1. 1.] (rgb)'
10.6708 	EXP 	displayPicture: image = '.\\resources\\knee.jpg'
10.6708 	EXP 	polygon_2: opacity = 0.0
10.6708 	EXP 	polygon_2: fillColor = '[1. 1. 1.] (rgb)'
10.6874 	EXP 	displayPicture: image = '.\\resources\\knee.jpg'
10.6874 	EXP 	polygon_2: opacity = 0.0
10.6874 	EXP 	polygon_2: fillColor = '[1. 1. 1.] (rgb)'
10.7040 	EXP 	displayPicture: image = '.\\resources\\knee.jpg'
10.7040 	EXP 	polygon_2: opacity = 0.0
10.7040 	EXP 	polygon_2: fillColor = '[1. 1. 1.] (rgb)'
10.7207 	EXP 	displayPicture: image = '.\\resources\\knee.jpg'
10.7207 	EXP 	polygon_2: opacity = 0.0
10.7207 	EXP 	polygon_2: fillColor = '[1. 1. 1.] (rgb)'
10.7374 	EXP 	displayPicture: image = '.\\resources\\knee.jpg'
10.7374 	EXP 	polygon_2: opacity = 0.0
10.7374 	EXP 	polygon_2: fillColor = '[1. 1. 1.] (rgb)'
10.7540 	EXP 	displayPicture: image = '.\\resources\\knee.jpg'
10.7540 	EXP 	polygon_2: opacity = 0.0
10.7540 	EXP 	polygon_2: fillColor = '[1. 1. 1.] (rgb)'
10.7711 	EXP 	displayPicture: image = '.\\resources\\knee.jpg'
10.7711 	EXP 	polygon_2: opacity = 0.0
10.7711 	EXP 	polygon_2: fillColor = '[1. 1. 1.] (rgb)'
10.7874 	EXP 	displayPicture: image = '.\\resources\\knee.jpg'
10.7874 	EXP 	polygon_2: opacity = 0.0
10.7874 	EXP 	polygon_2: fillColor = '[1. 1. 1.] (rgb)'
10.8040 	EXP 	displayPicture: image = '.\\resources\\knee.jpg'
10.8040 	EXP 	polygon_2: opacity = 0.0
10.8040 	EXP 	polygon_2: fillColor = '[1. 1. 1.] (rgb)'
10.8207 	EXP 	displayPicture: image = '.\\resources\\knee.jpg'
10.8207 	EXP 	polygon_2: opacity = 0.0
10.8207 	EXP 	polygon_2: fillColor = '[1. 1. 1.] (rgb)'
10.8373 	EXP 	displayPicture: image = '.\\resources\\knee.jpg'
10.8373 	EXP 	polygon_2: opacity = 0.0
10.8373 	EXP 	polygon_2: fillColor = '[1. 1. 1.] (rgb)'
10.8540 	EXP 	displayPicture: image = '.\\resources\\knee.jpg'
10.8540 	EXP 	polygon_2: opacity = 0.0
10.8540 	EXP 	polygon_2: fillColor = '[1. 1. 1.] (rgb)'
10.8707 	EXP 	displayPicture: image = '.\\resources\\knee.jpg'
10.8707 	EXP 	polygon_2: opacity = 0.0
10.8707 	EXP 	polygon_2: fillColor = '[1. 1. 1.] (rgb)'
10.8874 	EXP 	displayPicture: image = '.\\resources\\knee.jpg'
10.8874 	EXP 	polygon_2: opacity = 0.0
10.8874 	EXP 	polygon_2: fillColor = '[1. 1. 1.] (rgb)'
10.9040 	EXP 	displayPicture: image = '.\\resources\\knee.jpg'
10.9040 	EXP 	polygon_2: opacity = 0.0
10.9040 	EXP 	polygon_2: fillColor = '[1. 1. 1.] (rgb)'
10.9207 	EXP 	displayPicture: image = '.\\resources\\knee.jpg'
10.9207 	EXP 	polygon_2: opacity = 0.0
10.9207 	EXP 	polygon_2: fillColor = '[1. 1. 1.] (rgb)'
10.9373 	EXP 	displayPicture: image = '.\\resources\\knee.jpg'
10.9373 	EXP 	polygon_2: opacity = 0.0
10.9373 	EXP 	polygon_2: fillColor = '[1. 1. 1.] (rgb)'
10.9540 	EXP 	displayPicture: image = '.\\resources\\knee.jpg'
10.9540 	EXP 	polygon_2: opacity = 0.0
10.9540 	EXP 	polygon_2: fillColor = '[1. 1. 1.] (rgb)'
10.9707 	EXP 	displayPicture: image = '.\\resources\\knee.jpg'
10.9707 	EXP 	polygon_2: opacity = 0.0
10.9707 	EXP 	polygon_2: fillColor = '[1. 1. 1.] (rgb)'
10.9873 	EXP 	displayPicture: image = '.\\resources\\knee.jpg'
10.9873 	EXP 	polygon_2: opacity = 0.0
10.9873 	EXP 	polygon_2: fillColor = '[1. 1. 1.] (rgb)'
11.0040 	EXP 	displayPicture: image = '.\\resources\\knee.jpg'
11.0040 	EXP 	polygon_2: opacity = 0.0
11.0040 	EXP 	polygon_2: fillColor = '[1. 1. 1.] (rgb)'
11.0207 	EXP 	displayPicture: image = '.\\resources\\knee.jpg'
11.0207 	EXP 	polygon_2: opacity = 0.0
11.0207 	EXP 	polygon_2: fillColor = '[1. 1. 1.] (rgb)'
11.0373 	EXP 	displayPicture: image = '.\\resources\\knee.jpg'
11.0373 	EXP 	polygon_2: opacity = 0.0
11.0373 	EXP 	polygon_2: fillColor = '[1. 1. 1.] (rgb)'
11.0540 	EXP 	displayPicture: image = '.\\resources\\knee.jpg'
11.0540 	EXP 	polygon_2: opacity = 0.0
11.0540 	EXP 	polygon_2: fillColor = '[1. 1. 1.] (rgb)'
11.0707 	EXP 	displayPicture: image = '.\\resources\\knee.jpg'
11.0707 	EXP 	polygon_2: opacity = 1.0
11.0707 	EXP 	polygon_2: fillColor = '[1. 1. 1.] (rgb)'
11.0873 	EXP 	displayPicture: image = '.\\resources\\knee.jpg'
11.0873 	EXP 	polygon_2: opacity = 1.0
11.0873 	EXP 	polygon_2: fillColor = '[1. 1. 1.] (rgb)'
11.1040 	EXP 	displayPicture: image = '.\\resources\\knee.jpg'
11.1040 	EXP 	polygon_2: opacity = 1.0
11.1040 	EXP 	polygon_2: fillColor = '[1. 1. 1.] (rgb)'
11.1207 	EXP 	displayPicture: image = '.\\resources\\arrow02.jpg'
11.1207 	EXP 	polygon_2: opacity = 0.0
11.1207 	EXP 	polygon_2: fillColor = '[1. 1. 1.] (rgb)'
11.1373 	EXP 	displayPicture: image = '.\\resources\\arrow02.jpg'
11.1373 	EXP 	polygon_2: opacity = 0.0
11.1373 	EXP 	polygon_2: fillColor = '[1. 1. 1.] (rgb)'
11.1540 	EXP 	displayPicture: image = '.\\resources\\arrow02.jpg'
11.1540 	EXP 	polygon_2: opacity = 0.0
11.1540 	EXP 	polygon_2: fillColor = '[1. 1. 1.] (rgb)'
11.1707 	EXP 	displayPicture: image = '.\\resources\\arrow02.jpg'
11.1707 	EXP 	polygon_2: opacity = 0.0
11.1707 	EXP 	polygon_2: fillColor = '[1. 1. 1.] (rgb)'
11.1873 	EXP 	displayPicture: image = '.\\resources\\arrow02.jpg'
11.1873 	EXP 	polygon_2: opacity = 0.0
11.1873 	EXP 	polygon_2: fillColor = '[1. 1. 1.] (rgb)'
11.2040 	EXP 	displayPicture: image = '.\\resources\\arrow02.jpg'
11.2040 	EXP 	polygon_2: opacity = 0.0
11.2040 	EXP 	polygon_2: fillColor = '[1. 1. 1.] (rgb)'
11.2207 	EXP 	displayPicture: image = '.\\resources\\arrow02.jpg'
11.2207 	EXP 	polygon_2: opacity = 0.0
11.2207 	EXP 	polygon_2: fillColor = '[1. 1. 1.] (rgb)'
11.2373 	EXP 	displayPicture: image = '.\\resources\\arrow02.jpg'
11.2373 	EXP 	polygon_2: opacity = 0.0
11.2373 	EXP 	polygon_2: fillColor = '[1. 1. 1.] (rgb)'
11.2540 	EXP 	displayPicture: image = '.\\resources\\arrow02.jpg'
11.2540 	EXP 	polygon_2: opacity = 0.0
11.2540 	EXP 	polygon_2: fillColor = '[1. 1. 1.] (rgb)'
11.2707 	EXP 	displayPicture: image = '.\\resources\\arrow02.jpg'
11.2707 	EXP 	polygon_2: opacity = 0.0
11.2707 	EXP 	polygon_2: fillColor = '[1. 1. 1.] (rgb)'
11.2873 	EXP 	displayPicture: image = '.\\resources\\arrow02.jpg'
11.2873 	EXP 	polygon_2: opacity = 0.0
11.2873 	EXP 	polygon_2: fillColor = '[1. 1. 1.] (rgb)'
11.3040 	EXP 	displayPicture: image = '.\\resources\\arrow02.jpg'
11.3040 	EXP 	polygon_2: opacity = 0.0
11.3040 	EXP 	polygon_2: fillColor = '[1. 1. 1.] (rgb)'
11.3207 	EXP 	displayPicture: image = '.\\resources\\arrow02.jpg'
11.3207 	EXP 	polygon_2: opacity = 0.0
11.3207 	EXP 	polygon_2: fillColor = '[1. 1. 1.] (rgb)'
11.3373 	EXP 	displayPicture: image = '.\\resources\\arrow02.jpg'
11.3373 	EXP 	polygon_2: opacity = 0.0
11.3373 	EXP 	polygon_2: fillColor = '[1. 1. 1.] (rgb)'
11.3540 	EXP 	displayPicture: image = '.\\resources\\arrow02.jpg'
11.3540 	EXP 	polygon_2: opacity = 0.0
11.3540 	EXP 	polygon_2: fillColor = '[1. 1. 1.] (rgb)'
11.3706 	EXP 	displayPicture: image = '.\\resources\\arrow02.jpg'
11.3706 	EXP 	polygon_2: opacity = 0.0
11.3706 	EXP 	polygon_2: fillColor = '[1. 1. 1.] (rgb)'
11.3873 	EXP 	displayPicture: image = '.\\resources\\arrow02.jpg'
11.3873 	EXP 	polygon_2: opacity = 0.0
11.3873 	EXP 	polygon_2: fillColor = '[1. 1. 1.] (rgb)'
11.4040 	EXP 	displayPicture: image = '.\\resources\\arrow02.jpg'
11.4040 	EXP 	polygon_2: opacity = 0.0
11.4040 	EXP 	polygon_2: fillColor = '[1. 1. 1.] (rgb)'
11.4207 	EXP 	displayPicture: image = '.\\resources\\arrow02.jpg'
11.4207 	EXP 	polygon_2: opacity = 0.0
11.4207 	EXP 	polygon_2: fillColor = '[1. 1. 1.] (rgb)'
11.4373 	EXP 	displayPicture: image = '.\\resources\\arrow02.jpg'
11.4373 	EXP 	polygon_2: opacity = 0.0
11.4373 	EXP 	polygon_2: fillColor = '[1. 1. 1.] (rgb)'
11.4540 	EXP 	displayPicture: image = '.\\resources\\arrow02.jpg'
11.4540 	EXP 	polygon_2: opacity = 0.0
11.4540 	EXP 	polygon_2: fillColor = '[1. 1. 1.] (rgb)'
11.4707 	EXP 	displayPicture: image = '.\\resources\\arrow02.jpg'
11.4707 	EXP 	polygon_2: opacity = 0.0
11.4707 	EXP 	polygon_2: fillColor = '[1. 1. 1.] (rgb)'
11.4873 	EXP 	displayPicture: image = '.\\resources\\arrow02.jpg'
11.4873 	EXP 	polygon_2: opacity = 0.0
11.4873 	EXP 	polygon_2: fillColor = '[1. 1. 1.] (rgb)'
11.5040 	EXP 	displayPicture: image = '.\\resources\\arrow02.jpg'
11.5040 	EXP 	polygon_2: opacity = 0.0
11.5040 	EXP 	polygon_2: fillColor = '[1. 1. 1.] (rgb)'
11.5207 	EXP 	displayPicture: image = '.\\resources\\arrow02.jpg'
11.5207 	EXP 	polygon_2: opacity = 0.0
11.5207 	EXP 	polygon_2: fillColor = '[1. 1. 1.] (rgb)'
11.5373 	EXP 	displayPicture: image = '.\\resources\\arrow02.jpg'
11.5373 	EXP 	polygon_2: opacity = 0.0
11.5373 	EXP 	polygon_2: fillColor = '[1. 1. 1.] (rgb)'
11.5540 	EXP 	displayPicture: image = '.\\resources\\arrow02.jpg'
11.5540 	EXP 	polygon_2: opacity = 0.0
11.5540 	EXP 	polygon_2: fillColor = '[1. 1. 1.] (rgb)'
11.5706 	EXP 	displayPicture: image = '.\\resources\\arrow02.jpg'
11.5706 	EXP 	polygon_2: opacity = 0.0
11.5706 	EXP 	polygon_2: fillColor = '[1. 1. 1.] (rgb)'
11.5873 	EXP 	displayPicture: image = '.\\resources\\arrow02.jpg'
11.5873 	EXP 	polygon_2: opacity = 0.0
11.5873 	EXP 	polygon_2: fillColor = '[1. 1. 1.] (rgb)'
11.6040 	EXP 	displayPicture: image = '.\\resources\\arrow02.jpg'
11.6040 	EXP 	polygon_2: opacity = 0.0
11.6040 	EXP 	polygon_2: fillColor = '[1. 1. 1.] (rgb)'
11.6206 	EXP 	displayPicture: image = '.\\resources\\arrow02.jpg'
11.6206 	EXP 	polygon_2: opacity = 1.0
11.6206 	EXP 	polygon_2: fillColor = '[1. 1. 1.] (rgb)'
11.6373 	EXP 	displayPicture: image = '.\\resources\\arrow02.jpg'
11.6373 	EXP 	polygon_2: opacity = 1.0
11.6373 	EXP 	polygon_2: fillColor = '[1. 1. 1.] (rgb)'
11.6540 	EXP 	displayPicture: image = '.\\resources\\arrow02.jpg'
11.6540 	EXP 	polygon_2: opacity = 1.0
11.6540 	EXP 	polygon_2: fillColor = '[1. 1. 1.] (rgb)'
11.6706 	EXP 	displayPicture: image = '.\\resources\\seal.jpg'
11.6706 	EXP 	polygon_2: opacity = 0.0
11.6706 	EXP 	polygon_2: fillColor = '[1. 1. 1.] (rgb)'
11.6873 	EXP 	displayPicture: image = '.\\resources\\seal.jpg'
11.6873 	EXP 	polygon_2: opacity = 0.0
11.6873 	EXP 	polygon_2: fillColor = '[1. 1. 1.] (rgb)'
11.7040 	EXP 	displayPicture: image = '.\\resources\\seal.jpg'
11.7040 	EXP 	polygon_2: opacity = 0.0
11.7040 	EXP 	polygon_2: fillColor = '[1. 1. 1.] (rgb)'
11.7206 	EXP 	displayPicture: image = '.\\resources\\seal.jpg'
11.7206 	EXP 	polygon_2: opacity = 0.0
11.7206 	EXP 	polygon_2: fillColor = '[1. 1. 1.] (rgb)'
11.7373 	EXP 	displayPicture: image = '.\\resources\\seal.jpg'
11.7373 	EXP 	polygon_2: opacity = 0.0
11.7373 	EXP 	polygon_2: fillColor = '[1. 1. 1.] (rgb)'
11.7540 	EXP 	displayPicture: image = '.\\resources\\seal.jpg'
11.7540 	EXP 	polygon_2: opacity = 0.0
11.7540 	EXP 	polygon_2: fillColor = '[1. 1. 1.] (rgb)'
11.7707 	EXP 	displayPicture: image = '.\\resources\\seal.jpg'
11.7707 	EXP 	polygon_2: opacity = 0.0
11.7707 	EXP 	polygon_2: fillColor = '[1. 1. 1.] (rgb)'
11.7873 	EXP 	displayPicture: image = '.\\resources\\seal.jpg'
11.7873 	EXP 	polygon_2: opacity = 0.0
11.7873 	EXP 	polygon_2: fillColor = '[1. 1. 1.] (rgb)'
11.8040 	EXP 	displayPicture: image = '.\\resources\\seal.jpg'
11.8040 	EXP 	polygon_2: opacity = 0.0
11.8040 	EXP 	polygon_2: fillColor = '[1. 1. 1.] (rgb)'
11.8207 	EXP 	displayPicture: image = '.\\resources\\seal.jpg'
11.8207 	EXP 	polygon_2: opacity = 0.0
11.8207 	EXP 	polygon_2: fillColor = '[1. 1. 1.] (rgb)'
11.8373 	EXP 	displayPicture: image = '.\\resources\\seal.jpg'
11.8373 	EXP 	polygon_2: opacity = 0.0
11.8373 	EXP 	polygon_2: fillColor = '[1. 1. 1.] (rgb)'
11.8540 	EXP 	displayPicture: image = '.\\resources\\seal.jpg'
11.8540 	EXP 	polygon_2: opacity = 0.0
11.8540 	EXP 	polygon_2: fillColor = '[1. 1. 1.] (rgb)'
11.8706 	EXP 	displayPicture: image = '.\\resources\\seal.jpg'
11.8706 	EXP 	polygon_2: opacity = 0.0
11.8706 	EXP 	polygon_2: fillColor = '[1. 1. 1.] (rgb)'
11.8873 	EXP 	displayPicture: image = '.\\resources\\seal.jpg'
11.8873 	EXP 	polygon_2: opacity = 0.0
11.8873 	EXP 	polygon_2: fillColor = '[1. 1. 1.] (rgb)'
11.9040 	EXP 	displayPicture: image = '.\\resources\\seal.jpg'
11.9040 	EXP 	polygon_2: opacity = 0.0
11.9040 	EXP 	polygon_2: fillColor = '[1. 1. 1.] (rgb)'
11.9206 	EXP 	displayPicture: image = '.\\resources\\seal.jpg'
11.9206 	EXP 	polygon_2: opacity = 0.0
11.9206 	EXP 	polygon_2: fillColor = '[1. 1. 1.] (rgb)'
11.9373 	EXP 	displayPicture: image = '.\\resources\\seal.jpg'
11.9373 	EXP 	polygon_2: opacity = 0.0
11.9373 	EXP 	polygon_2: fillColor = '[1. 1. 1.] (rgb)'
11.9539 	EXP 	displayPicture: image = '.\\resources\\seal.jpg'
11.9539 	EXP 	polygon_2: opacity = 0.0
11.9539 	EXP 	polygon_2: fillColor = '[1. 1. 1.] (rgb)'
11.9706 	EXP 	displayPicture: image = '.\\resources\\seal.jpg'
11.9706 	EXP 	polygon_2: opacity = 0.0
11.9706 	EXP 	polygon_2: fillColor = '[1. 1. 1.] (rgb)'
11.9873 	EXP 	displayPicture: image = '.\\resources\\seal.jpg'
11.9873 	EXP 	polygon_2: opacity = 0.0
11.9873 	EXP 	polygon_2: fillColor = '[1. 1. 1.] (rgb)'
12.0039 	EXP 	displayPicture: image = '.\\resources\\seal.jpg'
12.0039 	EXP 	polygon_2: opacity = 0.0
12.0039 	EXP 	polygon_2: fillColor = '[1. 1. 1.] (rgb)'
12.0206 	EXP 	displayPicture: image = '.\\resources\\seal.jpg'
12.0206 	EXP 	polygon_2: opacity = 0.0
12.0206 	EXP 	polygon_2: fillColor = '[1. 1. 1.] (rgb)'
12.0373 	EXP 	displayPicture: image = '.\\resources\\seal.jpg'
12.0373 	EXP 	polygon_2: opacity = 0.0
12.0373 	EXP 	polygon_2: fillColor = '[1. 1. 1.] (rgb)'
12.0539 	EXP 	displayPicture: image = '.\\resources\\seal.jpg'
12.0539 	EXP 	polygon_2: opacity = 0.0
12.0539 	EXP 	polygon_2: fillColor = '[1. 1. 1.] (rgb)'
12.0706 	EXP 	displayPicture: image = '.\\resources\\seal.jpg'
12.0706 	EXP 	polygon_2: opacity = 0.0
12.0706 	EXP 	polygon_2: fillColor = '[1. 1. 1.] (rgb)'
12.0873 	EXP 	displayPicture: image = '.\\resources\\seal.jpg'
12.0873 	EXP 	polygon_2: opacity = 0.0
12.0873 	EXP 	polygon_2: fillColor = '[1. 1. 1.] (rgb)'
12.1040 	EXP 	displayPicture: image = '.\\resources\\seal.jpg'
12.1040 	EXP 	polygon_2: opacity = 0.0
12.1040 	EXP 	polygon_2: fillColor = '[1. 1. 1.] (rgb)'
12.1206 	EXP 	displayPicture: image = '.\\resources\\seal.jpg'
12.1206 	EXP 	polygon_2: opacity = 0.0
12.1206 	EXP 	polygon_2: fillColor = '[1. 1. 1.] (rgb)'
12.1373 	EXP 	displayPicture: image = '.\\resources\\seal.jpg'
12.1373 	EXP 	polygon_2: opacity = 0.0
12.1373 	EXP 	polygon_2: fillColor = '[1. 1. 1.] (rgb)'
12.1539 	EXP 	displayPicture: image = '.\\resources\\seal.jpg'
12.1539 	EXP 	polygon_2: opacity = 0.0
12.1539 	EXP 	polygon_2: fillColor = '[1. 1. 1.] (rgb)'
12.1706 	EXP 	displayPicture: image = '.\\resources\\seal.jpg'
12.1706 	EXP 	polygon_2: opacity = 1.0
12.1706 	EXP 	polygon_2: fillColor = '[1. 1. 1.] (rgb)'
12.1873 	EXP 	displayPicture: image = '.\\resources\\seal.jpg'
12.1873 	EXP 	polygon_2: opacity = 1.0
12.1873 	EXP 	polygon_2: fillColor = '[1. 1. 1.] (rgb)'
12.2039 	EXP 	displayPicture: image = '.\\resources\\seal.jpg'
12.2039 	EXP 	polygon_2: opacity = 1.0
12.2039 	EXP 	polygon_2: fillColor = '[1. 1. 1.] (rgb)'
12.2206 	EXP 	displayPicture: image = '.\\resources\\beerbottle.jpg'
12.2206 	EXP 	polygon_2: opacity = 0.0
12.2206 	EXP 	polygon_2: fillColor = '[1. 1. 1.] (rgb)'
12.2373 	EXP 	displayPicture: image = '.\\resources\\beerbottle.jpg'
12.2373 	EXP 	polygon_2: opacity = 0.0
12.2373 	EXP 	polygon_2: fillColor = '[1. 1. 1.] (rgb)'
12.2539 	EXP 	displayPicture: image = '.\\resources\\beerbottle.jpg'
12.2539 	EXP 	polygon_2: opacity = 0.0
12.2539 	EXP 	polygon_2: fillColor = '[1. 1. 1.] (rgb)'
12.2706 	EXP 	displayPicture: image = '.\\resources\\beerbottle.jpg'
12.2706 	EXP 	polygon_2: opacity = 0.0
12.2706 	EXP 	polygon_2: fillColor = '[1. 1. 1.] (rgb)'
12.2873 	EXP 	displayPicture: image = '.\\resources\\beerbottle.jpg'
12.2873 	EXP 	polygon_2: opacity = 0.0
12.2873 	EXP 	polygon_2: fillColor = '[1. 1. 1.] (rgb)'
12.3039 	EXP 	displayPicture: image = '.\\resources\\beerbottle.jpg'
12.3039 	EXP 	polygon_2: opacity = 0.0
12.3039 	EXP 	polygon_2: fillColor = '[1. 1. 1.] (rgb)'
12.3206 	EXP 	displayPicture: image = '.\\resources\\beerbottle.jpg'
12.3206 	EXP 	polygon_2: opacity = 0.0
12.3206 	EXP 	polygon_2: fillColor = '[1. 1. 1.] (rgb)'
12.3373 	EXP 	displayPicture: image = '.\\resources\\beerbottle.jpg'
12.3373 	EXP 	polygon_2: opacity = 0.0
12.3373 	EXP 	polygon_2: fillColor = '[1. 1. 1.] (rgb)'
12.3539 	EXP 	displayPicture: image = '.\\resources\\beerbottle.jpg'
12.3539 	EXP 	polygon_2: opacity = 0.0
12.3539 	EXP 	polygon_2: fillColor = '[1. 1. 1.] (rgb)'
12.3706 	EXP 	displayPicture: image = '.\\resources\\beerbottle.jpg'
12.3706 	EXP 	polygon_2: opacity = 0.0
12.3706 	EXP 	polygon_2: fillColor = '[1. 1. 1.] (rgb)'
12.3873 	EXP 	displayPicture: image = '.\\resources\\beerbottle.jpg'
12.3873 	EXP 	polygon_2: opacity = 0.0
12.3873 	EXP 	polygon_2: fillColor = '[1. 1. 1.] (rgb)'
12.4039 	EXP 	displayPicture: image = '.\\resources\\beerbottle.jpg'
12.4039 	EXP 	polygon_2: opacity = 0.0
12.4039 	EXP 	polygon_2: fillColor = '[1. 1. 1.] (rgb)'
12.4206 	EXP 	displayPicture: image = '.\\resources\\beerbottle.jpg'
12.4206 	EXP 	polygon_2: opacity = 0.0
12.4206 	EXP 	polygon_2: fillColor = '[1. 1. 1.] (rgb)'
12.4373 	EXP 	displayPicture: image = '.\\resources\\beerbottle.jpg'
12.4373 	EXP 	polygon_2: opacity = 0.0
12.4373 	EXP 	polygon_2: fillColor = '[1. 1. 1.] (rgb)'
12.4539 	EXP 	displayPicture: image = '.\\resources\\beerbottle.jpg'
12.4539 	EXP 	polygon_2: opacity = 0.0
12.4539 	EXP 	polygon_2: fillColor = '[1. 1. 1.] (rgb)'
12.4706 	EXP 	displayPicture: image = '.\\resources\\beerbottle.jpg'
12.4706 	EXP 	polygon_2: opacity = 0.0
12.4706 	EXP 	polygon_2: fillColor = '[1. 1. 1.] (rgb)'
12.4872 	EXP 	displayPicture: image = '.\\resources\\beerbottle.jpg'
12.4872 	EXP 	polygon_2: opacity = 0.0
12.4872 	EXP 	polygon_2: fillColor = '[1. 1. 1.] (rgb)'
12.5039 	EXP 	displayPicture: image = '.\\resources\\beerbottle.jpg'
12.5039 	EXP 	polygon_2: opacity = 0.0
12.5039 	EXP 	polygon_2: fillColor = '[1. 1. 1.] (rgb)'
12.5206 	EXP 	displayPicture: image = '.\\resources\\beerbottle.jpg'
12.5206 	EXP 	polygon_2: opacity = 0.0
12.5206 	EXP 	polygon_2: fillColor = '[1. 1. 1.] (rgb)'
12.5372 	EXP 	displayPicture: image = '.\\resources\\beerbottle.jpg'
12.5372 	EXP 	polygon_2: opacity = 0.0
12.5372 	EXP 	polygon_2: fillColor = '[1. 1. 1.] (rgb)'
12.5539 	EXP 	displayPicture: image = '.\\resources\\beerbottle.jpg'
12.5539 	EXP 	polygon_2: opacity = 0.0
12.5539 	EXP 	polygon_2: fillColor = '[1. 1. 1.] (rgb)'
12.5706 	EXP 	displayPicture: image = '.\\resources\\beerbottle.jpg'
12.5706 	EXP 	polygon_2: opacity = 0.0
12.5706 	EXP 	polygon_2: fillColor = '[1. 1. 1.] (rgb)'
12.5872 	EXP 	displayPicture: image = '.\\resources\\beerbottle.jpg'
12.5872 	EXP 	polygon_2: opacity = 0.0
12.5872 	EXP 	polygon_2: fillColor = '[1. 1. 1.] (rgb)'
12.6039 	EXP 	displayPicture: image = '.\\resources\\beerbottle.jpg'
12.6039 	EXP 	polygon_2: opacity = 0.0
12.6039 	EXP 	polygon_2: fillColor = '[1. 1. 1.] (rgb)'
12.6206 	EXP 	displayPicture: image = '.\\resources\\beerbottle.jpg'
12.6206 	EXP 	polygon_2: opacity = 0.0
12.6206 	EXP 	polygon_2: fillColor = '[1. 1. 1.] (rgb)'
12.6372 	EXP 	displayPicture: image = '.\\resources\\beerbottle.jpg'
12.6372 	EXP 	polygon_2: opacity = 0.0
12.6372 	EXP 	polygon_2: fillColor = '[1. 1. 1.] (rgb)'
12.6539 	EXP 	displayPicture: image = '.\\resources\\beerbottle.jpg'
12.6539 	EXP 	polygon_2: opacity = 0.0
12.6539 	EXP 	polygon_2: fillColor = '[1. 1. 1.] (rgb)'
12.6706 	EXP 	displayPicture: image = '.\\resources\\beerbottle.jpg'
12.6706 	EXP 	polygon_2: opacity = 0.0
12.6706 	EXP 	polygon_2: fillColor = '[1. 1. 1.] (rgb)'
12.6873 	EXP 	displayPicture: image = '.\\resources\\beerbottle.jpg'
12.6873 	EXP 	polygon_2: opacity = 0.0
12.6873 	EXP 	polygon_2: fillColor = '[1. 1. 1.] (rgb)'
12.7039 	EXP 	displayPicture: image = '.\\resources\\beerbottle.jpg'
12.7039 	EXP 	polygon_2: opacity = 0.0
12.7039 	EXP 	polygon_2: fillColor = '[1. 1. 1.] (rgb)'
12.7206 	EXP 	displayPicture: image = '.\\resources\\beerbottle.jpg'
12.7206 	EXP 	polygon_2: opacity = 1.0
12.7206 	EXP 	polygon_2: fillColor = '[1. 1. 1.] (rgb)'
12.7372 	EXP 	displayPicture: image = '.\\resources\\beerbottle.jpg'
12.7372 	EXP 	polygon_2: opacity = 1.0
12.7372 	EXP 	polygon_2: fillColor = '[1. 1. 1.] (rgb)'
12.7539 	EXP 	displayPicture: image = '.\\resources\\beerbottle.jpg'
12.7539 	EXP 	polygon_2: opacity = 1.0
12.7539 	EXP 	polygon_2: fillColor = '[1. 1. 1.] (rgb)'
12.7706 	EXP 	displayPicture: image = '.\\resources\\crab01.jpg'
12.7706 	EXP 	polygon_2: opacity = 0.0
12.7706 	EXP 	polygon_2: fillColor = '[1. 1. 1.] (rgb)'
12.7872 	EXP 	displayPicture: image = '.\\resources\\crab01.jpg'
12.7872 	EXP 	polygon_2: opacity = 0.0
12.7872 	EXP 	polygon_2: fillColor = '[1. 1. 1.] (rgb)'
12.8039 	EXP 	displayPicture: image = '.\\resources\\crab01.jpg'
12.8039 	EXP 	polygon_2: opacity = 0.0
12.8039 	EXP 	polygon_2: fillColor = '[1. 1. 1.] (rgb)'
12.8206 	EXP 	displayPicture: image = '.\\resources\\crab01.jpg'
12.8206 	EXP 	polygon_2: opacity = 0.0
12.8206 	EXP 	polygon_2: fillColor = '[1. 1. 1.] (rgb)'
12.8372 	EXP 	displayPicture: image = '.\\resources\\crab01.jpg'
12.8372 	EXP 	polygon_2: opacity = 0.0
12.8372 	EXP 	polygon_2: fillColor = '[1. 1. 1.] (rgb)'
12.8539 	EXP 	displayPicture: image = '.\\resources\\crab01.jpg'
12.8539 	EXP 	polygon_2: opacity = 0.0
12.8539 	EXP 	polygon_2: fillColor = '[1. 1. 1.] (rgb)'
12.8706 	EXP 	displayPicture: image = '.\\resources\\crab01.jpg'
12.8706 	EXP 	polygon_2: opacity = 0.0
12.8706 	EXP 	polygon_2: fillColor = '[1. 1. 1.] (rgb)'
12.8872 	EXP 	displayPicture: image = '.\\resources\\crab01.jpg'
12.8872 	EXP 	polygon_2: opacity = 0.0
12.8872 	EXP 	polygon_2: fillColor = '[1. 1. 1.] (rgb)'
12.9039 	EXP 	displayPicture: image = '.\\resources\\crab01.jpg'
12.9039 	EXP 	polygon_2: opacity = 0.0
12.9039 	EXP 	polygon_2: fillColor = '[1. 1. 1.] (rgb)'
12.9206 	EXP 	displayPicture: image = '.\\resources\\crab01.jpg'
12.9206 	EXP 	polygon_2: opacity = 0.0
12.9206 	EXP 	polygon_2: fillColor = '[1. 1. 1.] (rgb)'
12.9372 	EXP 	displayPicture: image = '.\\resources\\crab01.jpg'
12.9372 	EXP 	polygon_2: opacity = 0.0
12.9372 	EXP 	polygon_2: fillColor = '[1. 1. 1.] (rgb)'
12.9539 	EXP 	displayPicture: image = '.\\resources\\crab01.jpg'
12.9539 	EXP 	polygon_2: opacity = 0.0
12.9539 	EXP 	polygon_2: fillColor = '[1. 1. 1.] (rgb)'
12.9706 	EXP 	displayPicture: image = '.\\resources\\crab01.jpg'
12.9706 	EXP 	polygon_2: opacity = 0.0
12.9706 	EXP 	polygon_2: fillColor = '[1. 1. 1.] (rgb)'
12.9872 	EXP 	displayPicture: image = '.\\resources\\crab01.jpg'
12.9872 	EXP 	polygon_2: opacity = 0.0
12.9872 	EXP 	polygon_2: fillColor = '[1. 1. 1.] (rgb)'
13.0039 	EXP 	displayPicture: image = '.\\resources\\crab01.jpg'
13.0039 	EXP 	polygon_2: opacity = 0.0
13.0039 	EXP 	polygon_2: fillColor = '[1. 1. 1.] (rgb)'
13.0206 	EXP 	displayPicture: image = '.\\resources\\crab01.jpg'
13.0206 	EXP 	polygon_2: opacity = 0.0
13.0206 	EXP 	polygon_2: fillColor = '[1. 1. 1.] (rgb)'
13.0372 	EXP 	displayPicture: image = '.\\resources\\crab01.jpg'
13.0372 	EXP 	polygon_2: opacity = 0.0
13.0372 	EXP 	polygon_2: fillColor = '[1. 1. 1.] (rgb)'
13.0539 	EXP 	displayPicture: image = '.\\resources\\crab01.jpg'
13.0539 	EXP 	polygon_2: opacity = 0.0
13.0539 	EXP 	polygon_2: fillColor = '[1. 1. 1.] (rgb)'
13.0706 	EXP 	displayPicture: image = '.\\resources\\crab01.jpg'
13.0706 	EXP 	polygon_2: opacity = 0.0
13.0706 	EXP 	polygon_2: fillColor = '[1. 1. 1.] (rgb)'
13.0872 	EXP 	displayPicture: image = '.\\resources\\crab01.jpg'
13.0872 	EXP 	polygon_2: opacity = 0.0
13.0872 	EXP 	polygon_2: fillColor = '[1. 1. 1.] (rgb)'
13.1039 	EXP 	displayPicture: image = '.\\resources\\crab01.jpg'
13.1039 	EXP 	polygon_2: opacity = 0.0
13.1039 	EXP 	polygon_2: fillColor = '[1. 1. 1.] (rgb)'
13.1206 	EXP 	displayPicture: image = '.\\resources\\crab01.jpg'
13.1206 	EXP 	polygon_2: opacity = 0.0
13.1206 	EXP 	polygon_2: fillColor = '[1. 1. 1.] (rgb)'
13.1372 	EXP 	displayPicture: image = '.\\resources\\crab01.jpg'
13.1372 	EXP 	polygon_2: opacity = 0.0
13.1372 	EXP 	polygon_2: fillColor = '[1. 1. 1.] (rgb)'
13.1539 	EXP 	displayPicture: image = '.\\resources\\crab01.jpg'
13.1539 	EXP 	polygon_2: opacity = 0.0
13.1539 	EXP 	polygon_2: fillColor = '[1. 1. 1.] (rgb)'
13.1706 	EXP 	displayPicture: image = '.\\resources\\crab01.jpg'
13.1706 	EXP 	polygon_2: opacity = 0.0
13.1706 	EXP 	polygon_2: fillColor = '[1. 1. 1.] (rgb)'
13.1872 	EXP 	displayPicture: image = '.\\resources\\crab01.jpg'
13.1872 	EXP 	polygon_2: opacity = 0.0
13.1872 	EXP 	polygon_2: fillColor = '[1. 1. 1.] (rgb)'
13.2039 	EXP 	displayPicture: image = '.\\resources\\crab01.jpg'
13.2039 	EXP 	polygon_2: opacity = 0.0
13.2039 	EXP 	polygon_2: fillColor = '[1. 1. 1.] (rgb)'
13.2205 	EXP 	displayPicture: image = '.\\resources\\crab01.jpg'
13.2205 	EXP 	polygon_2: opacity = 0.0
13.2205 	EXP 	polygon_2: fillColor = '[1. 1. 1.] (rgb)'
13.2372 	EXP 	displayPicture: image = '.\\resources\\crab01.jpg'
13.2372 	EXP 	polygon_2: opacity = 0.0
13.2372 	EXP 	polygon_2: fillColor = '[1. 1. 1.] (rgb)'
13.2538 	EXP 	displayPicture: image = '.\\resources\\crab01.jpg'
13.2538 	EXP 	polygon_2: opacity = 0.0
13.2538 	EXP 	polygon_2: fillColor = '[1. 1. 1.] (rgb)'
13.2705 	EXP 	displayPicture: image = '.\\resources\\crab01.jpg'
13.2705 	EXP 	polygon_2: opacity = 1.0
13.2705 	EXP 	polygon_2: fillColor = '[1. 1. 1.] (rgb)'
13.2872 	EXP 	displayPicture: image = '.\\resources\\crab01.jpg'
13.2872 	EXP 	polygon_2: opacity = 1.0
13.2872 	EXP 	polygon_2: fillColor = '[1. 1. 1.] (rgb)'
13.3039 	EXP 	displayPicture: image = '.\\resources\\crab01.jpg'
13.3039 	EXP 	polygon_2: opacity = 1.0
13.3039 	EXP 	polygon_2: fillColor = '[1. 1. 1.] (rgb)'
13.3205 	EXP 	displayPicture: image = '.\\resources\\rubikcube.jpg'
13.3205 	EXP 	polygon_2: opacity = 0.0
13.3205 	EXP 	polygon_2: fillColor = '[1. 1. 1.] (rgb)'
13.3372 	EXP 	displayPicture: image = '.\\resources\\rubikcube.jpg'
13.3372 	EXP 	polygon_2: opacity = 0.0
13.3372 	EXP 	polygon_2: fillColor = '[1. 1. 1.] (rgb)'
13.3539 	EXP 	displayPicture: image = '.\\resources\\rubikcube.jpg'
13.3539 	EXP 	polygon_2: opacity = 0.0
13.3539 	EXP 	polygon_2: fillColor = '[1. 1. 1.] (rgb)'
13.3705 	EXP 	displayPicture: image = '.\\resources\\rubikcube.jpg'
13.3705 	EXP 	polygon_2: opacity = 0.0
13.3705 	EXP 	polygon_2: fillColor = '[1. 1. 1.] (rgb)'
13.3872 	EXP 	displayPicture: image = '.\\resources\\rubikcube.jpg'
13.3872 	EXP 	polygon_2: opacity = 0.0
13.3872 	EXP 	polygon_2: fillColor = '[1. 1. 1.] (rgb)'
13.4039 	EXP 	displayPicture: image = '.\\resources\\rubikcube.jpg'
13.4039 	EXP 	polygon_2: opacity = 0.0
13.4039 	EXP 	polygon_2: fillColor = '[1. 1. 1.] (rgb)'
13.4206 	EXP 	displayPicture: image = '.\\resources\\rubikcube.jpg'
13.4206 	EXP 	polygon_2: opacity = 0.0
13.4206 	EXP 	polygon_2: fillColor = '[1. 1. 1.] (rgb)'
13.4373 	EXP 	displayPicture: image = '.\\resources\\rubikcube.jpg'
13.4373 	EXP 	polygon_2: opacity = 0.0
13.4373 	EXP 	polygon_2: fillColor = '[1. 1. 1.] (rgb)'
13.4539 	EXP 	displayPicture: image = '.\\resources\\rubikcube.jpg'
13.4539 	EXP 	polygon_2: opacity = 0.0
13.4539 	EXP 	polygon_2: fillColor = '[1. 1. 1.] (rgb)'
13.4705 	EXP 	displayPicture: image = '.\\resources\\rubikcube.jpg'
13.4705 	EXP 	polygon_2: opacity = 0.0
13.4705 	EXP 	polygon_2: fillColor = '[1. 1. 1.] (rgb)'
13.4872 	EXP 	displayPicture: image = '.\\resources\\rubikcube.jpg'
13.4872 	EXP 	polygon_2: opacity = 0.0
13.4872 	EXP 	polygon_2: fillColor = '[1. 1. 1.] (rgb)'
13.5039 	EXP 	displayPicture: image = '.\\resources\\rubikcube.jpg'
13.5039 	EXP 	polygon_2: opacity = 0.0
13.5039 	EXP 	polygon_2: fillColor = '[1. 1. 1.] (rgb)'
13.5205 	EXP 	displayPicture: image = '.\\resources\\rubikcube.jpg'
13.5205 	EXP 	polygon_2: opacity = 0.0
13.5205 	EXP 	polygon_2: fillColor = '[1. 1. 1.] (rgb)'
13.5372 	EXP 	displayPicture: image = '.\\resources\\rubikcube.jpg'
13.5372 	EXP 	polygon_2: opacity = 0.0
13.5372 	EXP 	polygon_2: fillColor = '[1. 1. 1.] (rgb)'
13.5539 	EXP 	displayPicture: image = '.\\resources\\rubikcube.jpg'
13.5539 	EXP 	polygon_2: opacity = 0.0
13.5539 	EXP 	polygon_2: fillColor = '[1. 1. 1.] (rgb)'
13.5705 	EXP 	displayPicture: image = '.\\resources\\rubikcube.jpg'
13.5705 	EXP 	polygon_2: opacity = 0.0
13.5705 	EXP 	polygon_2: fillColor = '[1. 1. 1.] (rgb)'
13.5872 	EXP 	displayPicture: image = '.\\resources\\rubikcube.jpg'
13.5872 	EXP 	polygon_2: opacity = 0.0
13.5872 	EXP 	polygon_2: fillColor = '[1. 1. 1.] (rgb)'
13.6038 	EXP 	displayPicture: image = '.\\resources\\rubikcube.jpg'
13.6038 	EXP 	polygon_2: opacity = 0.0
13.6038 	EXP 	polygon_2: fillColor = '[1. 1. 1.] (rgb)'
13.6205 	EXP 	displayPicture: image = '.\\resources\\rubikcube.jpg'
13.6205 	EXP 	polygon_2: opacity = 0.0
13.6205 	EXP 	polygon_2: fillColor = '[1. 1. 1.] (rgb)'
13.6372 	EXP 	displayPicture: image = '.\\resources\\rubikcube.jpg'
13.6372 	EXP 	polygon_2: opacity = 0.0
13.6372 	EXP 	polygon_2: fillColor = '[1. 1. 1.] (rgb)'
13.6538 	EXP 	displayPicture: image = '.\\resources\\rubikcube.jpg'
13.6538 	EXP 	polygon_2: opacity = 0.0
13.6538 	EXP 	polygon_2: fillColor = '[1. 1. 1.] (rgb)'
13.6705 	EXP 	displayPicture: image = '.\\resources\\rubikcube.jpg'
13.6705 	EXP 	polygon_2: opacity = 0.0
13.6705 	EXP 	polygon_2: fillColor = '[1. 1. 1.] (rgb)'
13.6871 	EXP 	displayPicture: image = '.\\resources\\rubikcube.jpg'
13.6871 	EXP 	polygon_2: opacity = 0.0
13.6871 	EXP 	polygon_2: fillColor = '[1. 1. 1.] (rgb)'
13.7038 	EXP 	displayPicture: image = '.\\resources\\rubikcube.jpg'
13.7038 	EXP 	polygon_2: opacity = 0.0
13.7038 	EXP 	polygon_2: fillColor = '[1. 1. 1.] (rgb)'
13.7205 	EXP 	displayPicture: image = '.\\resources\\rubikcube.jpg'
13.7205 	EXP 	polygon_2: opacity = 0.0
13.7205 	EXP 	polygon_2: fillColor = '[1. 1. 1.] (rgb)'
13.7372 	EXP 	displayPicture: image = '.\\resources\\rubikcube.jpg'
13.7372 	EXP 	polygon_2: opacity = 0.0
13.7372 	EXP 	polygon_2: fillColor = '[1. 1. 1.] (rgb)'
13.7538 	EXP 	displayPicture: image = '.\\resources\\rubikcube.jpg'
13.7538 	EXP 	polygon_2: opacity = 0.0
13.7538 	EXP 	polygon_2: fillColor = '[1. 1. 1.] (rgb)'
13.7705 	EXP 	displayPicture: image = '.\\resources\\rubikcube.jpg'
13.7705 	EXP 	polygon_2: opacity = 0.0
13.7705 	EXP 	polygon_2: fillColor = '[1. 1. 1.] (rgb)'
13.7872 	EXP 	displayPicture: image = '.\\resources\\rubikcube.jpg'
13.7872 	EXP 	polygon_2: opacity = 0.0
13.7872 	EXP 	polygon_2: fillColor = '[1. 1. 1.] (rgb)'
13.8038 	EXP 	displayPicture: image = '.\\resources\\rubikcube.jpg'
13.8038 	EXP 	polygon_2: opacity = 0.0
13.8038 	EXP 	polygon_2: fillColor = '[1. 1. 1.] (rgb)'
13.8205 	EXP 	displayPicture: image = '.\\resources\\rubikcube.jpg'
13.8205 	EXP 	polygon_2: opacity = 1.0
13.8205 	EXP 	polygon_2: fillColor = '[1. 1. 1.] (rgb)'
13.8372 	EXP 	displayPicture: image = '.\\resources\\rubikcube.jpg'
13.8372 	EXP 	polygon_2: opacity = 1.0
13.8372 	EXP 	polygon_2: fillColor = '[1. 1. 1.] (rgb)'
13.8538 	EXP 	displayPicture: image = '.\\resources\\rubikcube.jpg'
13.8538 	EXP 	polygon_2: opacity = 1.0
13.8538 	EXP 	polygon_2: fillColor = '[1. 1. 1.] (rgb)'
13.8705 	EXP 	displayPicture: image = '.\\resources\\fortunecookie.jpg'
13.8705 	EXP 	polygon_2: opacity = 0.0
13.8705 	EXP 	polygon_2: fillColor = '[1. 1. 1.] (rgb)'
13.8871 	EXP 	displayPicture: image = '.\\resources\\fortunecookie.jpg'
13.8871 	EXP 	polygon_2: opacity = 0.0
13.8871 	EXP 	polygon_2: fillColor = '[1. 1. 1.] (rgb)'
13.9038 	EXP 	displayPicture: image = '.\\resources\\fortunecookie.jpg'
13.9038 	EXP 	polygon_2: opacity = 0.0
13.9038 	EXP 	polygon_2: fillColor = '[1. 1. 1.] (rgb)'
13.9205 	EXP 	displayPicture: image = '.\\resources\\fortunecookie.jpg'
13.9205 	EXP 	polygon_2: opacity = 0.0
13.9205 	EXP 	polygon_2: fillColor = '[1. 1. 1.] (rgb)'
13.9371 	EXP 	displayPicture: image = '.\\resources\\fortunecookie.jpg'
13.9371 	EXP 	polygon_2: opacity = 0.0
13.9371 	EXP 	polygon_2: fillColor = '[1. 1. 1.] (rgb)'
13.9538 	EXP 	displayPicture: image = '.\\resources\\fortunecookie.jpg'
13.9538 	EXP 	polygon_2: opacity = 0.0
13.9538 	EXP 	polygon_2: fillColor = '[1. 1. 1.] (rgb)'
13.9705 	EXP 	displayPicture: image = '.\\resources\\fortunecookie.jpg'
13.9705 	EXP 	polygon_2: opacity = 0.0
13.9705 	EXP 	polygon_2: fillColor = '[1. 1. 1.] (rgb)'
13.9872 	EXP 	displayPicture: image = '.\\resources\\fortunecookie.jpg'
13.9872 	EXP 	polygon_2: opacity = 0.0
13.9872 	EXP 	polygon_2: fillColor = '[1. 1. 1.] (rgb)'
14.0038 	EXP 	displayPicture: image = '.\\resources\\fortunecookie.jpg'
14.0038 	EXP 	polygon_2: opacity = 0.0
14.0038 	EXP 	polygon_2: fillColor = '[1. 1. 1.] (rgb)'
14.0205 	EXP 	displayPicture: image = '.\\resources\\fortunecookie.jpg'
14.0205 	EXP 	polygon_2: opacity = 0.0
14.0205 	EXP 	polygon_2: fillColor = '[1. 1. 1.] (rgb)'
14.0372 	EXP 	displayPicture: image = '.\\resources\\fortunecookie.jpg'
14.0372 	EXP 	polygon_2: opacity = 0.0
14.0372 	EXP 	polygon_2: fillColor = '[1. 1. 1.] (rgb)'
14.0538 	EXP 	displayPicture: image = '.\\resources\\fortunecookie.jpg'
14.0538 	EXP 	polygon_2: opacity = 0.0
14.0538 	EXP 	polygon_2: fillColor = '[1. 1. 1.] (rgb)'
14.0705 	EXP 	displayPicture: image = '.\\resources\\fortunecookie.jpg'
14.0705 	EXP 	polygon_2: opacity = 0.0
14.0705 	EXP 	polygon_2: fillColor = '[1. 1. 1.] (rgb)'
14.0871 	EXP 	displayPicture: image = '.\\resources\\fortunecookie.jpg'
14.0871 	EXP 	polygon_2: opacity = 0.0
14.0871 	EXP 	polygon_2: fillColor = '[1. 1. 1.] (rgb)'
14.1038 	EXP 	displayPicture: image = '.\\resources\\fortunecookie.jpg'
14.1038 	EXP 	polygon_2: opacity = 0.0
14.1038 	EXP 	polygon_2: fillColor = '[1. 1. 1.] (rgb)'
14.1205 	EXP 	displayPicture: image = '.\\resources\\fortunecookie.jpg'
14.1205 	EXP 	polygon_2: opacity = 0.0
14.1205 	EXP 	polygon_2: fillColor = '[1. 1. 1.] (rgb)'
14.1371 	EXP 	displayPicture: image = '.\\resources\\fortunecookie.jpg'
14.1371 	EXP 	polygon_2: opacity = 0.0
14.1371 	EXP 	polygon_2: fillColor = '[1. 1. 1.] (rgb)'
14.1538 	EXP 	displayPicture: image = '.\\resources\\fortunecookie.jpg'
14.1538 	EXP 	polygon_2: opacity = 0.0
14.1538 	EXP 	polygon_2: fillColor = '[1. 1. 1.] (rgb)'
14.1705 	EXP 	displayPicture: image = '.\\resources\\fortunecookie.jpg'
14.1705 	EXP 	polygon_2: opacity = 0.0
14.1705 	EXP 	polygon_2: fillColor = '[1. 1. 1.] (rgb)'
14.1871 	EXP 	displayPicture: image = '.\\resources\\fortunecookie.jpg'
14.1871 	EXP 	polygon_2: opacity = 0.0
14.1871 	EXP 	polygon_2: fillColor = '[1. 1. 1.] (rgb)'
14.2038 	EXP 	displayPicture: image = '.\\resources\\fortunecookie.jpg'
14.2038 	EXP 	polygon_2: opacity = 0.0
14.2038 	EXP 	polygon_2: fillColor = '[1. 1. 1.] (rgb)'
14.2205 	EXP 	displayPicture: image = '.\\resources\\fortunecookie.jpg'
14.2205 	EXP 	polygon_2: opacity = 0.0
14.2205 	EXP 	polygon_2: fillColor = '[1. 1. 1.] (rgb)'
14.2371 	EXP 	displayPicture: image = '.\\resources\\fortunecookie.jpg'
14.2371 	EXP 	polygon_2: opacity = 0.0
14.2371 	EXP 	polygon_2: fillColor = '[1. 1. 1.] (rgb)'
14.2538 	EXP 	displayPicture: image = '.\\resources\\fortunecookie.jpg'
14.2538 	EXP 	polygon_2: opacity = 0.0
14.2538 	EXP 	polygon_2: fillColor = '[1. 1. 1.] (rgb)'
14.2705 	EXP 	displayPicture: image = '.\\resources\\fortunecookie.jpg'
14.2705 	EXP 	polygon_2: opacity = 0.0
14.2705 	EXP 	polygon_2: fillColor = '[1. 1. 1.] (rgb)'
14.2871 	EXP 	displayPicture: image = '.\\resources\\fortunecookie.jpg'
14.2871 	EXP 	polygon_2: opacity = 0.0
14.2871 	EXP 	polygon_2: fillColor = '[1. 1. 1.] (rgb)'
14.3038 	EXP 	displayPicture: image = '.\\resources\\fortunecookie.jpg'
14.3038 	EXP 	polygon_2: opacity = 0.0
14.3038 	EXP 	polygon_2: fillColor = '[1. 1. 1.] (rgb)'
14.3205 	EXP 	displayPicture: image = '.\\resources\\fortunecookie.jpg'
14.3205 	EXP 	polygon_2: opacity = 0.0
14.3205 	EXP 	polygon_2: fillColor = '[1. 1. 1.] (rgb)'
14.3371 	EXP 	displayPicture: image = '.\\resources\\fortunecookie.jpg'
14.3371 	EXP 	polygon_2: opacity = 0.0
14.3371 	EXP 	polygon_2: fillColor = '[1. 1. 1.] (rgb)'
14.3538 	EXP 	displayPicture: image = '.\\resources\\fortunecookie.jpg'
14.3538 	EXP 	polygon_2: opacity = 0.0
14.3538 	EXP 	polygon_2: fillColor = '[1. 1. 1.] (rgb)'
14.3704 	EXP 	displayPicture: image = '.\\resources\\fortunecookie.jpg'
14.3704 	EXP 	polygon_2: opacity = 1.0
14.3704 	EXP 	polygon_2: fillColor = '[1. 1. 1.] (rgb)'
14.3871 	EXP 	displayPicture: image = '.\\resources\\fortunecookie.jpg'
14.3871 	EXP 	polygon_2: opacity = 1.0
14.3871 	EXP 	polygon_2: fillColor = '[1. 1. 1.] (rgb)'
14.4038 	EXP 	displayPicture: image = '.\\resources\\fortunecookie.jpg'
14.4038 	EXP 	polygon_2: opacity = 1.0
14.4038 	EXP 	polygon_2: fillColor = '[1. 1. 1.] (rgb)'
14.4205 	EXP 	displayPicture: image = '.\\resources\\elbow.jpg'
14.4205 	EXP 	polygon_2: opacity = 0.0
14.4205 	EXP 	polygon_2: fillColor = '[1. 1. 1.] (rgb)'
14.4371 	EXP 	displayPicture: image = '.\\resources\\elbow.jpg'
14.4371 	EXP 	polygon_2: opacity = 0.0
14.4371 	EXP 	polygon_2: fillColor = '[1. 1. 1.] (rgb)'
14.4538 	EXP 	displayPicture: image = '.\\resources\\elbow.jpg'
14.4538 	EXP 	polygon_2: opacity = 0.0
14.4538 	EXP 	polygon_2: fillColor = '[1. 1. 1.] (rgb)'
14.4705 	EXP 	displayPicture: image = '.\\resources\\elbow.jpg'
14.4705 	EXP 	polygon_2: opacity = 0.0
14.4705 	EXP 	polygon_2: fillColor = '[1. 1. 1.] (rgb)'
14.4871 	EXP 	displayPicture: image = '.\\resources\\elbow.jpg'
14.4871 	EXP 	polygon_2: opacity = 0.0
14.4871 	EXP 	polygon_2: fillColor = '[1. 1. 1.] (rgb)'
14.5038 	EXP 	displayPicture: image = '.\\resources\\elbow.jpg'
14.5038 	EXP 	polygon_2: opacity = 0.0
14.5038 	EXP 	polygon_2: fillColor = '[1. 1. 1.] (rgb)'
14.5205 	EXP 	displayPicture: image = '.\\resources\\elbow.jpg'
14.5205 	EXP 	polygon_2: opacity = 0.0
14.5205 	EXP 	polygon_2: fillColor = '[1. 1. 1.] (rgb)'
14.5371 	EXP 	displayPicture: image = '.\\resources\\elbow.jpg'
14.5371 	EXP 	polygon_2: opacity = 0.0
14.5371 	EXP 	polygon_2: fillColor = '[1. 1. 1.] (rgb)'
14.5538 	EXP 	displayPicture: image = '.\\resources\\elbow.jpg'
14.5538 	EXP 	polygon_2: opacity = 0.0
14.5538 	EXP 	polygon_2: fillColor = '[1. 1. 1.] (rgb)'
14.5705 	EXP 	displayPicture: image = '.\\resources\\elbow.jpg'
14.5705 	EXP 	polygon_2: opacity = 0.0
14.5705 	EXP 	polygon_2: fillColor = '[1. 1. 1.] (rgb)'
14.5871 	EXP 	displayPicture: image = '.\\resources\\elbow.jpg'
14.5871 	EXP 	polygon_2: opacity = 0.0
14.5871 	EXP 	polygon_2: fillColor = '[1. 1. 1.] (rgb)'
14.6038 	EXP 	displayPicture: image = '.\\resources\\elbow.jpg'
14.6038 	EXP 	polygon_2: opacity = 0.0
14.6038 	EXP 	polygon_2: fillColor = '[1. 1. 1.] (rgb)'
14.6205 	EXP 	displayPicture: image = '.\\resources\\elbow.jpg'
14.6205 	EXP 	polygon_2: opacity = 0.0
14.6205 	EXP 	polygon_2: fillColor = '[1. 1. 1.] (rgb)'
14.6371 	EXP 	displayPicture: image = '.\\resources\\elbow.jpg'
14.6371 	EXP 	polygon_2: opacity = 0.0
14.6371 	EXP 	polygon_2: fillColor = '[1. 1. 1.] (rgb)'
14.6538 	EXP 	displayPicture: image = '.\\resources\\elbow.jpg'
14.6538 	EXP 	polygon_2: opacity = 0.0
14.6538 	EXP 	polygon_2: fillColor = '[1. 1. 1.] (rgb)'
14.6704 	EXP 	displayPicture: image = '.\\resources\\elbow.jpg'
14.6704 	EXP 	polygon_2: opacity = 0.0
14.6704 	EXP 	polygon_2: fillColor = '[1. 1. 1.] (rgb)'
14.6871 	EXP 	displayPicture: image = '.\\resources\\elbow.jpg'
14.6871 	EXP 	polygon_2: opacity = 0.0
14.6871 	EXP 	polygon_2: fillColor = '[1. 1. 1.] (rgb)'
14.7038 	EXP 	displayPicture: image = '.\\resources\\elbow.jpg'
14.7038 	EXP 	polygon_2: opacity = 0.0
14.7038 	EXP 	polygon_2: fillColor = '[1. 1. 1.] (rgb)'
14.7204 	EXP 	displayPicture: image = '.\\resources\\elbow.jpg'
14.7204 	EXP 	polygon_2: opacity = 0.0
14.7204 	EXP 	polygon_2: fillColor = '[1. 1. 1.] (rgb)'
14.7371 	EXP 	displayPicture: image = '.\\resources\\elbow.jpg'
14.7371 	EXP 	polygon_2: opacity = 0.0
14.7371 	EXP 	polygon_2: fillColor = '[1. 1. 1.] (rgb)'
14.7538 	EXP 	displayPicture: image = '.\\resources\\elbow.jpg'
14.7538 	EXP 	polygon_2: opacity = 0.0
14.7538 	EXP 	polygon_2: fillColor = '[1. 1. 1.] (rgb)'
14.7705 	EXP 	displayPicture: image = '.\\resources\\elbow.jpg'
14.7705 	EXP 	polygon_2: opacity = 0.0
14.7705 	EXP 	polygon_2: fillColor = '[1. 1. 1.] (rgb)'
14.7871 	EXP 	displayPicture: image = '.\\resources\\elbow.jpg'
14.7871 	EXP 	polygon_2: opacity = 0.0
14.7871 	EXP 	polygon_2: fillColor = '[1. 1. 1.] (rgb)'
14.8038 	EXP 	displayPicture: image = '.\\resources\\elbow.jpg'
14.8038 	EXP 	polygon_2: opacity = 0.0
14.8038 	EXP 	polygon_2: fillColor = '[1. 1. 1.] (rgb)'
14.8204 	EXP 	displayPicture: image = '.\\resources\\elbow.jpg'
14.8204 	EXP 	polygon_2: opacity = 0.0
14.8204 	EXP 	polygon_2: fillColor = '[1. 1. 1.] (rgb)'
14.8371 	EXP 	displayPicture: image = '.\\resources\\elbow.jpg'
14.8371 	EXP 	polygon_2: opacity = 0.0
14.8371 	EXP 	polygon_2: fillColor = '[1. 1. 1.] (rgb)'
14.8538 	EXP 	displayPicture: image = '.\\resources\\elbow.jpg'
14.8538 	EXP 	polygon_2: opacity = 0.0
14.8538 	EXP 	polygon_2: fillColor = '[1. 1. 1.] (rgb)'
14.8704 	EXP 	displayPicture: image = '.\\resources\\elbow.jpg'
14.8704 	EXP 	polygon_2: opacity = 0.0
14.8704 	EXP 	polygon_2: fillColor = '[1. 1. 1.] (rgb)'
14.8871 	EXP 	displayPicture: image = '.\\resources\\elbow.jpg'
14.8871 	EXP 	polygon_2: opacity = 0.0
14.8871 	EXP 	polygon_2: fillColor = '[1. 1. 1.] (rgb)'
14.9038 	EXP 	displayPicture: image = '.\\resources\\elbow.jpg'
14.9038 	EXP 	polygon_2: opacity = 0.0
14.9038 	EXP 	polygon_2: fillColor = '[1. 1. 1.] (rgb)'
14.9204 	EXP 	displayPicture: image = '.\\resources\\elbow.jpg'
14.9204 	EXP 	polygon_2: opacity = 1.0
14.9204 	EXP 	polygon_2: fillColor = '[1. 1. 1.] (rgb)'
14.9371 	EXP 	displayPicture: image = '.\\resources\\elbow.jpg'
14.9371 	EXP 	polygon_2: opacity = 1.0
14.9371 	EXP 	polygon_2: fillColor = '[1. 1. 1.] (rgb)'
14.9538 	EXP 	displayPicture: image = '.\\resources\\elbow.jpg'
14.9538 	EXP 	polygon_2: opacity = 1.0
14.9538 	EXP 	polygon_2: fillColor = '[1. 1. 1.] (rgb)'
14.9704 	EXP 	displayPicture: image = '.\\resources\\bullet.jpg'
14.9704 	EXP 	polygon_2: opacity = 0.0
14.9704 	EXP 	polygon_2: fillColor = '[1. 1. 1.] (rgb)'
14.9871 	EXP 	displayPicture: image = '.\\resources\\bullet.jpg'
14.9871 	EXP 	polygon_2: opacity = 0.0
14.9871 	EXP 	polygon_2: fillColor = '[1. 1. 1.] (rgb)'
15.0037 	EXP 	displayPicture: image = '.\\resources\\bullet.jpg'
15.0037 	EXP 	polygon_2: opacity = 0.0
15.0037 	EXP 	polygon_2: fillColor = '[1. 1. 1.] (rgb)'
15.0204 	EXP 	displayPicture: image = '.\\resources\\bullet.jpg'
15.0204 	EXP 	polygon_2: opacity = 0.0
15.0204 	EXP 	polygon_2: fillColor = '[1. 1. 1.] (rgb)'
15.0371 	EXP 	displayPicture: image = '.\\resources\\bullet.jpg'
15.0371 	EXP 	polygon_2: opacity = 0.0
15.0371 	EXP 	polygon_2: fillColor = '[1. 1. 1.] (rgb)'
15.0537 	EXP 	displayPicture: image = '.\\resources\\bullet.jpg'
15.0537 	EXP 	polygon_2: opacity = 0.0
15.0537 	EXP 	polygon_2: fillColor = '[1. 1. 1.] (rgb)'
15.0704 	EXP 	displayPicture: image = '.\\resources\\bullet.jpg'
15.0704 	EXP 	polygon_2: opacity = 0.0
15.0704 	EXP 	polygon_2: fillColor = '[1. 1. 1.] (rgb)'
15.0871 	EXP 	displayPicture: image = '.\\resources\\bullet.jpg'
15.0871 	EXP 	polygon_2: opacity = 0.0
15.0871 	EXP 	polygon_2: fillColor = '[1. 1. 1.] (rgb)'
15.1038 	EXP 	displayPicture: image = '.\\resources\\bullet.jpg'
15.1038 	EXP 	polygon_2: opacity = 0.0
15.1038 	EXP 	polygon_2: fillColor = '[1. 1. 1.] (rgb)'
15.1204 	EXP 	displayPicture: image = '.\\resources\\bullet.jpg'
15.1204 	EXP 	polygon_2: opacity = 0.0
15.1204 	EXP 	polygon_2: fillColor = '[1. 1. 1.] (rgb)'
15.1371 	EXP 	displayPicture: image = '.\\resources\\bullet.jpg'
15.1371 	EXP 	polygon_2: opacity = 0.0
15.1371 	EXP 	polygon_2: fillColor = '[1. 1. 1.] (rgb)'
15.1537 	EXP 	displayPicture: image = '.\\resources\\bullet.jpg'
15.1537 	EXP 	polygon_2: opacity = 0.0
15.1537 	EXP 	polygon_2: fillColor = '[1. 1. 1.] (rgb)'
15.1704 	EXP 	displayPicture: image = '.\\resources\\bullet.jpg'
15.1704 	EXP 	polygon_2: opacity = 0.0
15.1704 	EXP 	polygon_2: fillColor = '[1. 1. 1.] (rgb)'
15.1871 	EXP 	displayPicture: image = '.\\resources\\bullet.jpg'
15.1871 	EXP 	polygon_2: opacity = 0.0
15.1871 	EXP 	polygon_2: fillColor = '[1. 1. 1.] (rgb)'
15.2037 	EXP 	displayPicture: image = '.\\resources\\bullet.jpg'
15.2037 	EXP 	polygon_2: opacity = 0.0
15.2037 	EXP 	polygon_2: fillColor = '[1. 1. 1.] (rgb)'
15.2204 	EXP 	displayPicture: image = '.\\resources\\bullet.jpg'
15.2204 	EXP 	polygon_2: opacity = 0.0
15.2204 	EXP 	polygon_2: fillColor = '[1. 1. 1.] (rgb)'
15.2371 	EXP 	displayPicture: image = '.\\resources\\bullet.jpg'
15.2371 	EXP 	polygon_2: opacity = 0.0
15.2371 	EXP 	polygon_2: fillColor = '[1. 1. 1.] (rgb)'
15.2537 	EXP 	displayPicture: image = '.\\resources\\bullet.jpg'
15.2537 	EXP 	polygon_2: opacity = 0.0
15.2537 	EXP 	polygon_2: fillColor = '[1. 1. 1.] (rgb)'
15.2704 	EXP 	displayPicture: image = '.\\resources\\bullet.jpg'
15.2704 	EXP 	polygon_2: opacity = 0.0
15.2704 	EXP 	polygon_2: fillColor = '[1. 1. 1.] (rgb)'
15.2871 	EXP 	displayPicture: image = '.\\resources\\bullet.jpg'
15.2871 	EXP 	polygon_2: opacity = 0.0
15.2871 	EXP 	polygon_2: fillColor = '[1. 1. 1.] (rgb)'
15.3037 	EXP 	displayPicture: image = '.\\resources\\bullet.jpg'
15.3037 	EXP 	polygon_2: opacity = 0.0
15.3037 	EXP 	polygon_2: fillColor = '[1. 1. 1.] (rgb)'
15.3204 	EXP 	displayPicture: image = '.\\resources\\bullet.jpg'
15.3204 	EXP 	polygon_2: opacity = 0.0
15.3204 	EXP 	polygon_2: fillColor = '[1. 1. 1.] (rgb)'
15.3371 	EXP 	displayPicture: image = '.\\resources\\bullet.jpg'
15.3371 	EXP 	polygon_2: opacity = 0.0
15.3371 	EXP 	polygon_2: fillColor = '[1. 1. 1.] (rgb)'
15.3537 	EXP 	displayPicture: image = '.\\resources\\bullet.jpg'
15.3537 	EXP 	polygon_2: opacity = 0.0
15.3537 	EXP 	polygon_2: fillColor = '[1. 1. 1.] (rgb)'
15.3704 	EXP 	displayPicture: image = '.\\resources\\bullet.jpg'
15.3704 	EXP 	polygon_2: opacity = 0.0
15.3704 	EXP 	polygon_2: fillColor = '[1. 1. 1.] (rgb)'
15.3870 	EXP 	displayPicture: image = '.\\resources\\bullet.jpg'
15.3870 	EXP 	polygon_2: opacity = 0.0
15.3870 	EXP 	polygon_2: fillColor = '[1. 1. 1.] (rgb)'
15.4037 	EXP 	displayPicture: image = '.\\resources\\bullet.jpg'
15.4037 	EXP 	polygon_2: opacity = 0.0
15.4037 	EXP 	polygon_2: fillColor = '[1. 1. 1.] (rgb)'
15.4204 	EXP 	displayPicture: image = '.\\resources\\bullet.jpg'
15.4204 	EXP 	polygon_2: opacity = 0.0
15.4204 	EXP 	polygon_2: fillColor = '[1. 1. 1.] (rgb)'
15.4371 	EXP 	displayPicture: image = '.\\resources\\bullet.jpg'
15.4371 	EXP 	polygon_2: opacity = 0.0
15.4371 	EXP 	polygon_2: fillColor = '[1. 1. 1.] (rgb)'
15.4537 	EXP 	displayPicture: image = '.\\resources\\bullet.jpg'
15.4537 	EXP 	polygon_2: opacity = 0.0
15.4537 	EXP 	polygon_2: fillColor = '[1. 1. 1.] (rgb)'
15.4704 	EXP 	displayPicture: image = '.\\resources\\bullet.jpg'
15.4704 	EXP 	polygon_2: opacity = 1.0
15.4704 	EXP 	polygon_2: fillColor = '[1. 1. 1.] (rgb)'
15.4870 	EXP 	displayPicture: image = '.\\resources\\bullet.jpg'
15.4870 	EXP 	polygon_2: opacity = 1.0
15.4870 	EXP 	polygon_2: fillColor = '[1. 1. 1.] (rgb)'
15.5037 	EXP 	displayPicture: image = '.\\resources\\bullet.jpg'
15.5037 	EXP 	polygon_2: opacity = 1.0
15.5037 	EXP 	polygon_2: fillColor = '[1. 1. 1.] (rgb)'
15.5370 	EXP 	displayPicture: image = '.\\resources\\bullet.jpg'
15.5370 	EXP 	polygon_2: opacity = 0.0
15.5370 	EXP 	polygon_2: fillColor = '[1. 1. 1.] (rgb)'
15.5370 	EXP 	displayPicture: autoDraw = False
15.5370 	EXP 	polygon_2: autoDraw = False
15.5370 	EXP 	option1_t1: image = '.\\resources\\mrpotatohead.jpg'
15.5370 	EXP 	polygon_4: autoDraw = True
15.5370 	EXP 	option1_t1: autoDraw = True
16.8325 	DATA 	Keypress: left
16.8536 	EXP 	polygon_4: autoDraw = False
16.8536 	EXP 	option1_t1: autoDraw = False
16.8536 	EXP 	option1_t2: image = '.\\resources\\rubikcube.jpg'
16.8536 	EXP 	polygon_5: autoDraw = True
16.8536 	EXP 	option1_t2: autoDraw = True
17.2909 	DATA 	Keypress: right
17.3036 	EXP 	polygon_5: autoDraw = False
17.3036 	EXP 	option1_t2: autoDraw = False
17.3036 	EXP 	feedbackText: text = '1/2 Correct'
17.3036 	EXP 	feedbackText: autoDraw = True
18.2904 	EXP 	New trial (rep=0, index=1): OrderedDict([('trialType', 'AB'), ('cndTyp', 'lag4'), ('lag', 4), ('T1_loc', 3), ('T2_loc', 7), ('stimLen', 0.5), ('isi', 0.05), ('skipProb', 0.5)])
18.3202 	EXP 	feedbackText: autoDraw = False
18.3202 	EXP 	text: text = ''
18.3202 	EXP 	text: autoDraw = True
18.3202 	EXP 	text: autoDraw = False
18.3202 	EXP 	option1: image = '.\\resources\\bullet.jpg'
18.3202 	EXP 	option2: image = '.\\resources\\dolphin01.jpg'
18.3202 	EXP 	option1: autoDraw = True
18.3202 	EXP 	option2: autoDraw = True
20.7867 	EXP 	text_2: autoDraw = True
21.0700 	EXP 	option1: autoDraw = False
21.0700 	EXP 	option2: autoDraw = False
21.2867 	EXP 	text_2: autoDraw = False
21.2867 	EXP 	option1: autoDraw = False
21.2867 	EXP 	option2: autoDraw = False
21.2867 	EXP 	text_2: autoDraw = False
21.2867 	EXP 	displayPicture: autoDraw = True
21.2867 	EXP 	displayPicture: image = '.\\resources\\fortunecookie.jpg'
21.2867 	EXP 	polygon_2: autoDraw = True
21.2867 	EXP 	polygon_2: opacity = 0.0
21.2867 	EXP 	polygon_2: fillColor = '[1. 1. 1.] (rgb)'
21.3033 	EXP 	displayPicture: image = '.\\resources\\fortunecookie.jpg'
21.3033 	EXP 	polygon_2: opacity = 0.0
21.3033 	EXP 	polygon_2: fillColor = '[1. 1. 1.] (rgb)'
21.3200 	EXP 	displayPicture: image = '.\\resources\\fortunecookie.jpg'
21.3200 	EXP 	polygon_2: opacity = 0.0
21.3200 	EXP 	polygon_2: fillColor = '[1. 1. 1.] (rgb)'
21.3367 	EXP 	displayPicture: image = '.\\resources\\fortunecookie.jpg'
21.3367 	EXP 	polygon_2: opacity = 0.0
21.3367 	EXP 	polygon_2: fillColor = '[1. 1. 1.] (rgb)'
21.3533 	EXP 	displayPicture: image = '.\\resources\\fortunecookie.jpg'
21.3533 	EXP 	polygon_2: opacity = 0.0
21.3533 	EXP 	polygon_2: fillColor = '[1. 1. 1.] (rgb)'
21.3700 	EXP 	displayPicture: image = '.\\resources\\fortunecookie.jpg'
21.3700 	EXP 	polygon_2: opacity = 0.0
21.3700 	EXP 	polygon_2: fillColor = '[1. 1. 1.] (rgb)'
21.3866 	EXP 	displayPicture: image = '.\\resources\\fortunecookie.jpg'
21.3866 	EXP 	polygon_2: opacity = 0.0
21.3866 	EXP 	polygon_2: fillColor = '[1. 1. 1.] (rgb)'
21.4033 	EXP 	displayPicture: image = '.\\resources\\fortunecookie.jpg'
21.4033 	EXP 	polygon_2: opacity = 0.0
21.4033 	EXP 	polygon_2: fillColor = '[1. 1. 1.] (rgb)'
21.4200 	EXP 	displayPicture: image = '.\\resources\\fortunecookie.jpg'
21.4200 	EXP 	polygon_2: opacity = 0.0
21.4200 	EXP 	polygon_2: fillColor = '[1. 1. 1.] (rgb)'
21.4366 	EXP 	displayPicture: image = '.\\resources\\fortunecookie.jpg'
21.4366 	EXP 	polygon_2: opacity = 0.0
21.4366 	EXP 	polygon_2: fillColor = '[1. 1. 1.] (rgb)'
21.4533 	EXP 	displayPicture: image = '.\\resources\\fortunecookie.jpg'
21.4533 	EXP 	polygon_2: opacity = 0.0
21.4533 	EXP 	polygon_2: fillColor = '[1. 1. 1.] (rgb)'
21.4700 	EXP 	displayPicture: image = '.\\resources\\fortunecookie.jpg'
21.4700 	EXP 	polygon_2: opacity = 0.0
21.4700 	EXP 	polygon_2: fillColor = '[1. 1. 1.] (rgb)'
21.4866 	EXP 	displayPicture: image = '.\\resources\\fortunecookie.jpg'
21.4866 	EXP 	polygon_2: opacity = 0.0
21.4866 	EXP 	polygon_2: fillColor = '[1. 1. 1.] (rgb)'
21.5033 	EXP 	displayPicture: image = '.\\resources\\fortunecookie.jpg'
21.5033 	EXP 	polygon_2: opacity = 0.0
21.5033 	EXP 	polygon_2: fillColor = '[1. 1. 1.] (rgb)'
21.5200 	EXP 	displayPicture: image = '.\\resources\\fortunecookie.jpg'
21.5200 	EXP 	polygon_2: opacity = 0.0
21.5200 	EXP 	polygon_2: fillColor = '[1. 1. 1.] (rgb)'
21.5367 	EXP 	displayPicture: image = '.\\resources\\fortunecookie.jpg'
21.5367 	EXP 	polygon_2: opacity = 0.0
21.5367 	EXP 	polygon_2: fillColor = '[1. 1. 1.] (rgb)'
21.5533 	EXP 	displayPicture: image = '.\\resources\\fortunecookie.jpg'
21.5533 	EXP 	polygon_2: opacity = 0.0
21.5533 	EXP 	polygon_2: fillColor = '[1. 1. 1.] (rgb)'
21.5700 	EXP 	displayPicture: image = '.\\resources\\fortunecookie.jpg'
21.5700 	EXP 	polygon_2: opacity = 0.0
21.5700 	EXP 	polygon_2: fillColor = '[1. 1. 1.] (rgb)'
21.5866 	EXP 	displayPicture: image = '.\\resources\\fortunecookie.jpg'
21.5866 	EXP 	polygon_2: opacity = 0.0
21.5866 	EXP 	polygon_2: fillColor = '[1. 1. 1.] (rgb)'
21.6033 	EXP 	displayPicture: image = '.\\resources\\fortunecookie.jpg'
21.6033 	EXP 	polygon_2: opacity = 0.0
21.6033 	EXP 	polygon_2: fillColor = '[1. 1. 1.] (rgb)'
21.6200 	EXP 	displayPicture: image = '.\\resources\\fortunecookie.jpg'
21.6200 	EXP 	polygon_2: opacity = 0.0
21.6200 	EXP 	polygon_2: fillColor = '[1. 1. 1.] (rgb)'
21.6366 	EXP 	displayPicture: image = '.\\resources\\fortunecookie.jpg'
21.6366 	EXP 	polygon_2: opacity = 0.0
21.6366 	EXP 	polygon_2: fillColor = '[1. 1. 1.] (rgb)'
21.6533 	EXP 	displayPicture: image = '.\\resources\\fortunecookie.jpg'
21.6533 	EXP 	polygon_2: opacity = 0.0
21.6533 	EXP 	polygon_2: fillColor = '[1. 1. 1.] (rgb)'
21.6699 	EXP 	displayPicture: image = '.\\resources\\fortunecookie.jpg'
21.6699 	EXP 	polygon_2: opacity = 0.0
21.6699 	EXP 	polygon_2: fillColor = '[1. 1. 1.] (rgb)'
21.6867 	EXP 	displayPicture: image = '.\\resources\\fortunecookie.jpg'
21.6867 	EXP 	polygon_2: opacity = 0.0
21.6867 	EXP 	polygon_2: fillColor = '[1. 1. 1.] (rgb)'
21.7033 	EXP 	displayPicture: image = '.\\resources\\fortunecookie.jpg'
21.7033 	EXP 	polygon_2: opacity = 0.0
21.7033 	EXP 	polygon_2: fillColor = '[1. 1. 1.] (rgb)'
21.7199 	EXP 	displayPicture: image = '.\\resources\\fortunecookie.jpg'
21.7199 	EXP 	polygon_2: opacity = 0.0
21.7199 	EXP 	polygon_2: fillColor = '[1. 1. 1.] (rgb)'
21.7366 	EXP 	displayPicture: image = '.\\resources\\fortunecookie.jpg'
21.7366 	EXP 	polygon_2: opacity = 0.0
21.7366 	EXP 	polygon_2: fillColor = '[1. 1. 1.] (rgb)'
21.7533 	EXP 	displayPicture: image = '.\\resources\\fortunecookie.jpg'
21.7533 	EXP 	polygon_2: opacity = 0.0
21.7533 	EXP 	polygon_2: fillColor = '[1. 1. 1.] (rgb)'
21.7699 	EXP 	displayPicture: image = '.\\resources\\fortunecookie.jpg'
21.7699 	EXP 	polygon_2: opacity = 0.0
21.7699 	EXP 	polygon_2: fillColor = '[1. 1. 1.] (rgb)'
21.7866 	EXP 	displayPicture: image = '.\\resources\\fortunecookie.jpg'
21.7866 	EXP 	polygon_2: opacity = 1.0
21.7866 	EXP 	polygon_2: fillColor = '[1. 1. 1.] (rgb)'
21.8033 	EXP 	displayPicture: image = '.\\resources\\fortunecookie.jpg'
21.8033 	EXP 	polygon_2: opacity = 1.0
21.8033 	EXP 	polygon_2: fillColor = '[1. 1. 1.] (rgb)'
21.8199 	EXP 	displayPicture: image = '.\\resources\\fortunecookie.jpg'
21.8199 	EXP 	polygon_2: opacity = 1.0
21.8199 	EXP 	polygon_2: fillColor = '[1. 1. 1.] (rgb)'
21.8366 	EXP 	displayPicture: image = '.\\resources\\bowtie.jpg'
21.8366 	EXP 	polygon_2: opacity = 0.0
21.8366 	EXP 	polygon_2: fillColor = '[1. 1. 1.] (rgb)'
21.8533 	EXP 	displayPicture: image = '.\\resources\\bowtie.jpg'
21.8533 	EXP 	polygon_2: opacity = 0.0
21.8533 	EXP 	polygon_2: fillColor = '[1. 1. 1.] (rgb)'
21.8699 	EXP 	displayPicture: image = '.\\resources\\bowtie.jpg'
21.8699 	EXP 	polygon_2: opacity = 0.0
21.8699 	EXP 	polygon_2: fillColor = '[1. 1. 1.] (rgb)'
21.8866 	EXP 	displayPicture: image = '.\\resources\\bowtie.jpg'
21.8866 	EXP 	polygon_2: opacity = 0.0
21.8866 	EXP 	polygon_2: fillColor = '[1. 1. 1.] (rgb)'
21.9033 	EXP 	displayPicture: image = '.\\resources\\bowtie.jpg'
21.9033 	EXP 	polygon_2: opacity = 0.0
21.9033 	EXP 	polygon_2: fillColor = '[1. 1. 1.] (rgb)'
21.9199 	EXP 	displayPicture: image = '.\\resources\\bowtie.jpg'
21.9199 	EXP 	polygon_2: opacity = 0.0
21.9199 	EXP 	polygon_2: fillColor = '[1. 1. 1.] (rgb)'
21.9366 	EXP 	displayPicture: image = '.\\resources\\bowtie.jpg'
21.9366 	EXP 	polygon_2: opacity = 0.0
21.9366 	EXP 	polygon_2: fillColor = '[1. 1. 1.] (rgb)'
21.9533 	EXP 	displayPicture: image = '.\\resources\\bowtie.jpg'
21.9533 	EXP 	polygon_2: opacity = 0.0
21.9533 	EXP 	polygon_2: fillColor = '[1. 1. 1.] (rgb)'
21.9699 	EXP 	displayPicture: image = '.\\resources\\bowtie.jpg'
21.9699 	EXP 	polygon_2: opacity = 0.0
21.9699 	EXP 	polygon_2: fillColor = '[1. 1. 1.] (rgb)'
21.9866 	EXP 	displayPicture: image = '.\\resources\\bowtie.jpg'
21.9866 	EXP 	polygon_2: opacity = 0.0
21.9866 	EXP 	polygon_2: fillColor = '[1. 1. 1.] (rgb)'
22.0033 	EXP 	displayPicture: image = '.\\resources\\bowtie.jpg'
22.0033 	EXP 	polygon_2: opacity = 0.0
22.0033 	EXP 	polygon_2: fillColor = '[1. 1. 1.] (rgb)'
22.0199 	EXP 	displayPicture: image = '.\\resources\\bowtie.jpg'
22.0199 	EXP 	polygon_2: opacity = 0.0
22.0199 	EXP 	polygon_2: fillColor = '[1. 1. 1.] (rgb)'
22.0366 	EXP 	displayPicture: image = '.\\resources\\bowtie.jpg'
22.0366 	EXP 	polygon_2: opacity = 0.0
22.0366 	EXP 	polygon_2: fillColor = '[1. 1. 1.] (rgb)'
22.0532 	EXP 	displayPicture: image = '.\\resources\\bowtie.jpg'
22.0532 	EXP 	polygon_2: opacity = 0.0
22.0532 	EXP 	polygon_2: fillColor = '[1. 1. 1.] (rgb)'
22.0699 	EXP 	displayPicture: image = '.\\resources\\bowtie.jpg'
22.0699 	EXP 	polygon_2: opacity = 0.0
22.0699 	EXP 	polygon_2: fillColor = '[1. 1. 1.] (rgb)'
22.0866 	EXP 	displayPicture: image = '.\\resources\\bowtie.jpg'
22.0866 	EXP 	polygon_2: opacity = 0.0
22.0866 	EXP 	polygon_2: fillColor = '[1. 1. 1.] (rgb)'
22.1032 	EXP 	displayPicture: image = '.\\resources\\bowtie.jpg'
22.1032 	EXP 	polygon_2: opacity = 0.0
22.1032 	EXP 	polygon_2: fillColor = '[1. 1. 1.] (rgb)'
22.1199 	EXP 	displayPicture: image = '.\\resources\\bowtie.jpg'
22.1199 	EXP 	polygon_2: opacity = 0.0
22.1199 	EXP 	polygon_2: fillColor = '[1. 1. 1.] (rgb)'
22.1366 	EXP 	displayPicture: image = '.\\resources\\bowtie.jpg'
22.1366 	EXP 	polygon_2: opacity = 0.0
22.1366 	EXP 	polygon_2: fillColor = '[1. 1. 1.] (rgb)'
22.1533 	EXP 	displayPicture: image = '.\\resources\\bowtie.jpg'
22.1533 	EXP 	polygon_2: opacity = 0.0
22.1533 	EXP 	polygon_2: fillColor = '[1. 1. 1.] (rgb)'
22.1699 	EXP 	displayPicture: image = '.\\resources\\bowtie.jpg'
22.1699 	EXP 	polygon_2: opacity = 0.0
22.1699 	EXP 	polygon_2: fillColor = '[1. 1. 1.] (rgb)'
22.1866 	EXP 	displayPicture: image = '.\\resources\\bowtie.jpg'
22.1866 	EXP 	polygon_2: opacity = 0.0
22.1866 	EXP 	polygon_2: fillColor = '[1. 1. 1.] (rgb)'
22.2032 	EXP 	displayPicture: image = '.\\resources\\bowtie.jpg'
22.2032 	EXP 	polygon_2: opacity = 0.0
22.2032 	EXP 	polygon_2: fillColor = '[1. 1. 1.] (rgb)'
22.2199 	EXP 	displayPicture: image = '.\\resources\\bowtie.jpg'
22.2199 	EXP 	polygon_2: opacity = 0.0
22.2199 	EXP 	polygon_2: fillColor = '[1. 1. 1.] (rgb)'
22.2366 	EXP 	displayPicture: image = '.\\resources\\bowtie.jpg'
22.2366 	EXP 	polygon_2: opacity = 0.0
22.2366 	EXP 	polygon_2: fillColor = '[1. 1. 1.] (rgb)'
22.2532 	EXP 	displayPicture: image = '.\\resources\\bowtie.jpg'
22.2532 	EXP 	polygon_2: opacity = 0.0
22.2532 	EXP 	polygon_2: fillColor = '[1. 1. 1.] (rgb)'
22.2699 	EXP 	displayPicture: image = '.\\resources\\bowtie.jpg'
22.2699 	EXP 	polygon_2: opacity = 0.0
22.2699 	EXP 	polygon_2: fillColor = '[1. 1. 1.] (rgb)'
22.2866 	EXP 	displayPicture: image = '.\\resources\\bowtie.jpg'
22.2866 	EXP 	polygon_2: opacity = 0.0
22.2866 	EXP 	polygon_2: fillColor = '[1. 1. 1.] (rgb)'
22.3032 	EXP 	displayPicture: image = '.\\resources\\bowtie.jpg'
22.3032 	EXP 	polygon_2: opacity = 0.0
22.3032 	EXP 	polygon_2: fillColor = '[1. 1. 1.] (rgb)'
22.3199 	EXP 	displayPicture: image = '.\\resources\\bowtie.jpg'
22.3199 	EXP 	polygon_2: opacity = 0.0
22.3199 	EXP 	polygon_2: fillColor = '[1. 1. 1.] (rgb)'
22.3366 	EXP 	displayPicture: image = '.\\resources\\bowtie.jpg'
22.3366 	EXP 	polygon_2: opacity = 1.0
22.3366 	EXP 	polygon_2: fillColor = '[1. 1. 1.] (rgb)'
22.3532 	EXP 	displayPicture: image = '.\\resources\\bowtie.jpg'
22.3532 	EXP 	polygon_2: opacity = 1.0
22.3532 	EXP 	polygon_2: fillColor = '[1. 1. 1.] (rgb)'
22.3699 	EXP 	displayPicture: image = '.\\resources\\bowtie.jpg'
22.3699 	EXP 	polygon_2: opacity = 1.0
22.3699 	EXP 	polygon_2: fillColor = '[1. 1. 1.] (rgb)'
22.3866 	EXP 	displayPicture: image = '.\\resources\\bullet.jpg'
22.3866 	EXP 	polygon_2: opacity = 0.0
22.3866 	EXP 	polygon_2: fillColor = '[1. 1. 1.] (rgb)'
22.4033 	EXP 	displayPicture: image = '.\\resources\\bullet.jpg'
22.4033 	EXP 	polygon_2: opacity = 0.0
22.4033 	EXP 	polygon_2: fillColor = '[1. 1. 1.] (rgb)'
22.4199 	EXP 	displayPicture: image = '.\\resources\\bullet.jpg'
22.4199 	EXP 	polygon_2: opacity = 0.0
22.4199 	EXP 	polygon_2: fillColor = '[1. 1. 1.] (rgb)'
22.4366 	EXP 	displayPicture: image = '.\\resources\\bullet.jpg'
22.4366 	EXP 	polygon_2: opacity = 0.0
22.4366 	EXP 	polygon_2: fillColor = '[1. 1. 1.] (rgb)'
22.4532 	EXP 	displayPicture: image = '.\\resources\\bullet.jpg'
22.4532 	EXP 	polygon_2: opacity = 0.0
22.4532 	EXP 	polygon_2: fillColor = '[1. 1. 1.] (rgb)'
22.4699 	EXP 	displayPicture: image = '.\\resources\\bullet.jpg'
22.4699 	EXP 	polygon_2: opacity = 0.0
22.4699 	EXP 	polygon_2: fillColor = '[1. 1. 1.] (rgb)'
22.4866 	EXP 	displayPicture: image = '.\\resources\\bullet.jpg'
22.4866 	EXP 	polygon_2: opacity = 0.0
22.4866 	EXP 	polygon_2: fillColor = '[1. 1. 1.] (rgb)'
22.5032 	EXP 	displayPicture: image = '.\\resources\\bullet.jpg'
22.5032 	EXP 	polygon_2: opacity = 0.0
22.5032 	EXP 	polygon_2: fillColor = '[1. 1. 1.] (rgb)'
22.5199 	EXP 	displayPicture: image = '.\\resources\\bullet.jpg'
22.5199 	EXP 	polygon_2: opacity = 0.0
22.5199 	EXP 	polygon_2: fillColor = '[1. 1. 1.] (rgb)'
22.5366 	EXP 	displayPicture: image = '.\\resources\\bullet.jpg'
22.5366 	EXP 	polygon_2: opacity = 0.0
22.5366 	EXP 	polygon_2: fillColor = '[1. 1. 1.] (rgb)'
22.5532 	EXP 	displayPicture: image = '.\\resources\\bullet.jpg'
22.5532 	EXP 	polygon_2: opacity = 0.0
22.5532 	EXP 	polygon_2: fillColor = '[1. 1. 1.] (rgb)'
22.5699 	EXP 	displayPicture: image = '.\\resources\\bullet.jpg'
22.5699 	EXP 	polygon_2: opacity = 0.0
22.5699 	EXP 	polygon_2: fillColor = '[1. 1. 1.] (rgb)'
22.5866 	EXP 	displayPicture: image = '.\\resources\\bullet.jpg'
22.5866 	EXP 	polygon_2: opacity = 0.0
22.5866 	EXP 	polygon_2: fillColor = '[1. 1. 1.] (rgb)'
22.6032 	EXP 	displayPicture: image = '.\\resources\\bullet.jpg'
22.6032 	EXP 	polygon_2: opacity = 0.0
22.6032 	EXP 	polygon_2: fillColor = '[1. 1. 1.] (rgb)'
22.6199 	EXP 	displayPicture: image = '.\\resources\\bullet.jpg'
22.6199 	EXP 	polygon_2: opacity = 0.0
22.6199 	EXP 	polygon_2: fillColor = '[1. 1. 1.] (rgb)'
22.6366 	EXP 	displayPicture: image = '.\\resources\\bullet.jpg'
22.6366 	EXP 	polygon_2: opacity = 0.0
22.6366 	EXP 	polygon_2: fillColor = '[1. 1. 1.] (rgb)'
22.6532 	EXP 	displayPicture: image = '.\\resources\\bullet.jpg'
22.6532 	EXP 	polygon_2: opacity = 0.0
22.6532 	EXP 	polygon_2: fillColor = '[1. 1. 1.] (rgb)'
22.6699 	EXP 	displayPicture: image = '.\\resources\\bullet.jpg'
22.6699 	EXP 	polygon_2: opacity = 0.0
22.6699 	EXP 	polygon_2: fillColor = '[1. 1. 1.] (rgb)'
22.6866 	EXP 	displayPicture: image = '.\\resources\\bullet.jpg'
22.6866 	EXP 	polygon_2: opacity = 0.0
22.6866 	EXP 	polygon_2: fillColor = '[1. 1. 1.] (rgb)'
22.7032 	EXP 	displayPicture: image = '.\\resources\\bullet.jpg'
22.7032 	EXP 	polygon_2: opacity = 0.0
22.7032 	EXP 	polygon_2: fillColor = '[1. 1. 1.] (rgb)'
22.7198 	EXP 	displayPicture: image = '.\\resources\\bullet.jpg'
22.7198 	EXP 	polygon_2: opacity = 0.0
22.7198 	EXP 	polygon_2: fillColor = '[1. 1. 1.] (rgb)'
22.7366 	EXP 	displayPicture: image = '.\\resources\\bullet.jpg'
22.7366 	EXP 	polygon_2: opacity = 0.0
22.7366 	EXP 	polygon_2: fillColor = '[1. 1. 1.] (rgb)'
22.7532 	EXP 	displayPicture: image = '.\\resources\\bullet.jpg'
22.7532 	EXP 	polygon_2: opacity = 0.0
22.7532 	EXP 	polygon_2: fillColor = '[1. 1. 1.] (rgb)'
22.7699 	EXP 	displayPicture: image = '.\\resources\\bullet.jpg'
22.7699 	EXP 	polygon_2: opacity = 0.0
22.7699 	EXP 	polygon_2: fillColor = '[1. 1. 1.] (rgb)'
22.7866 	EXP 	displayPicture: image = '.\\resources\\bullet.jpg'
22.7866 	EXP 	polygon_2: opacity = 0.0
22.7866 	EXP 	polygon_2: fillColor = '[1. 1. 1.] (rgb)'
22.8032 	EXP 	displayPicture: image = '.\\resources\\bullet.jpg'
22.8032 	EXP 	polygon_2: opacity = 0.0
22.8032 	EXP 	polygon_2: fillColor = '[1. 1. 1.] (rgb)'
22.8199 	EXP 	displayPicture: image = '.\\resources\\bullet.jpg'
22.8199 	EXP 	polygon_2: opacity = 0.0
22.8199 	EXP 	polygon_2: fillColor = '[1. 1. 1.] (rgb)'
22.8366 	EXP 	displayPicture: image = '.\\resources\\bullet.jpg'
22.8366 	EXP 	polygon_2: opacity = 0.0
22.8366 	EXP 	polygon_2: fillColor = '[1. 1. 1.] (rgb)'
22.8532 	EXP 	displayPicture: image = '.\\resources\\bullet.jpg'
22.8532 	EXP 	polygon_2: opacity = 0.0
22.8532 	EXP 	polygon_2: fillColor = '[1. 1. 1.] (rgb)'
22.8699 	EXP 	displayPicture: image = '.\\resources\\bullet.jpg'
22.8699 	EXP 	polygon_2: opacity = 0.0
22.8699 	EXP 	polygon_2: fillColor = '[1. 1. 1.] (rgb)'
22.8866 	EXP 	displayPicture: image = '.\\resources\\bullet.jpg'
22.8866 	EXP 	polygon_2: opacity = 1.0
22.8866 	EXP 	polygon_2: fillColor = '[1. 1. 1.] (rgb)'
22.9032 	EXP 	displayPicture: image = '.\\resources\\bullet.jpg'
22.9032 	EXP 	polygon_2: opacity = 1.0
22.9032 	EXP 	polygon_2: fillColor = '[1. 1. 1.] (rgb)'
22.9198 	EXP 	displayPicture: image = '.\\resources\\bullet.jpg'
22.9198 	EXP 	polygon_2: opacity = 1.0
22.9198 	EXP 	polygon_2: fillColor = '[1. 1. 1.] (rgb)'
22.9365 	EXP 	displayPicture: image = '.\\resources\\leafrake.jpg'
22.9365 	EXP 	polygon_2: opacity = 0.0
22.9365 	EXP 	polygon_2: fillColor = '[1. 1. 1.] (rgb)'
22.9532 	EXP 	displayPicture: image = '.\\resources\\leafrake.jpg'
22.9532 	EXP 	polygon_2: opacity = 0.0
22.9532 	EXP 	polygon_2: fillColor = '[1. 1. 1.] (rgb)'
22.9698 	EXP 	displayPicture: image = '.\\resources\\leafrake.jpg'
22.9698 	EXP 	polygon_2: opacity = 0.0
22.9698 	EXP 	polygon_2: fillColor = '[1. 1. 1.] (rgb)'
22.9865 	EXP 	displayPicture: image = '.\\resources\\leafrake.jpg'
22.9865 	EXP 	polygon_2: opacity = 0.0
22.9865 	EXP 	polygon_2: fillColor = '[1. 1. 1.] (rgb)'
23.0032 	EXP 	displayPicture: image = '.\\resources\\leafrake.jpg'
23.0032 	EXP 	polygon_2: opacity = 0.0
23.0032 	EXP 	polygon_2: fillColor = '[1. 1. 1.] (rgb)'
23.0198 	EXP 	displayPicture: image = '.\\resources\\leafrake.jpg'
23.0198 	EXP 	polygon_2: opacity = 0.0
23.0198 	EXP 	polygon_2: fillColor = '[1. 1. 1.] (rgb)'
23.0366 	EXP 	displayPicture: image = '.\\resources\\leafrake.jpg'
23.0366 	EXP 	polygon_2: opacity = 0.0
23.0366 	EXP 	polygon_2: fillColor = '[1. 1. 1.] (rgb)'
23.0532 	EXP 	displayPicture: image = '.\\resources\\leafrake.jpg'
23.0532 	EXP 	polygon_2: opacity = 0.0
23.0532 	EXP 	polygon_2: fillColor = '[1. 1. 1.] (rgb)'
23.0699 	EXP 	displayPicture: image = '.\\resources\\leafrake.jpg'
23.0699 	EXP 	polygon_2: opacity = 0.0
23.0699 	EXP 	polygon_2: fillColor = '[1. 1. 1.] (rgb)'
23.0865 	EXP 	displayPicture: image = '.\\resources\\leafrake.jpg'
23.0865 	EXP 	polygon_2: opacity = 0.0
23.0865 	EXP 	polygon_2: fillColor = '[1. 1. 1.] (rgb)'
23.1032 	EXP 	displayPicture: image = '.\\resources\\leafrake.jpg'
23.1032 	EXP 	polygon_2: opacity = 0.0
23.1032 	EXP 	polygon_2: fillColor = '[1. 1. 1.] (rgb)'
23.1199 	EXP 	displayPicture: image = '.\\resources\\leafrake.jpg'
23.1199 	EXP 	polygon_2: opacity = 0.0
23.1199 	EXP 	polygon_2: fillColor = '[1. 1. 1.] (rgb)'
23.1365 	EXP 	displayPicture: image = '.\\resources\\leafrake.jpg'
23.1365 	EXP 	polygon_2: opacity = 0.0
23.1365 	EXP 	polygon_2: fillColor = '[1. 1. 1.] (rgb)'
23.1532 	EXP 	displayPicture: image = '.\\resources\\leafrake.jpg'
23.1532 	EXP 	polygon_2: opacity = 0.0
23.1532 	EXP 	polygon_2: fillColor = '[1. 1. 1.] (rgb)'
23.1699 	EXP 	displayPicture: image = '.\\resources\\leafrake.jpg'
23.1699 	EXP 	polygon_2: opacity = 0.0
23.1699 	EXP 	polygon_2: fillColor = '[1. 1. 1.] (rgb)'
23.1865 	EXP 	displayPicture: image = '.\\resources\\leafrake.jpg'
23.1865 	EXP 	polygon_2: opacity = 0.0
23.1865 	EXP 	polygon_2: fillColor = '[1. 1. 1.] (rgb)'
23.2032 	EXP 	displayPicture: image = '.\\resources\\leafrake.jpg'
23.2032 	EXP 	polygon_2: opacity = 0.0
23.2032 	EXP 	polygon_2: fillColor = '[1. 1. 1.] (rgb)'
23.2198 	EXP 	displayPicture: image = '.\\resources\\leafrake.jpg'
23.2198 	EXP 	polygon_2: opacity = 0.0
23.2198 	EXP 	polygon_2: fillColor = '[1. 1. 1.] (rgb)'
23.2365 	EXP 	displayPicture: image = '.\\resources\\leafrake.jpg'
23.2365 	EXP 	polygon_2: opacity = 0.0
23.2365 	EXP 	polygon_2: fillColor = '[1. 1. 1.] (rgb)'
23.2532 	EXP 	displayPicture: image = '.\\resources\\leafrake.jpg'
23.2532 	EXP 	polygon_2: opacity = 0.0
23.2532 	EXP 	polygon_2: fillColor = '[1. 1. 1.] (rgb)'
23.2699 	EXP 	displayPicture: image = '.\\resources\\leafrake.jpg'
23.2699 	EXP 	polygon_2: opacity = 0.0
23.2699 	EXP 	polygon_2: fillColor = '[1. 1. 1.] (rgb)'
23.2865 	EXP 	displayPicture: image = '.\\resources\\leafrake.jpg'
23.2865 	EXP 	polygon_2: opacity = 0.0
23.2865 	EXP 	polygon_2: fillColor = '[1. 1. 1.] (rgb)'
23.3032 	EXP 	displayPicture: image = '.\\resources\\leafrake.jpg'
23.3032 	EXP 	polygon_2: opacity = 0.0
23.3032 	EXP 	polygon_2: fillColor = '[1. 1. 1.] (rgb)'
23.3198 	EXP 	displayPicture: image = '.\\resources\\leafrake.jpg'
23.3198 	EXP 	polygon_2: opacity = 0.0
23.3198 	EXP 	polygon_2: fillColor = '[1. 1. 1.] (rgb)'
23.3365 	EXP 	displayPicture: image = '.\\resources\\leafrake.jpg'
23.3365 	EXP 	polygon_2: opacity = 0.0
23.3365 	EXP 	polygon_2: fillColor = '[1. 1. 1.] (rgb)'
23.3532 	EXP 	displayPicture: image = '.\\resources\\leafrake.jpg'
23.3532 	EXP 	polygon_2: opacity = 0.0
23.3532 	EXP 	polygon_2: fillColor = '[1. 1. 1.] (rgb)'
23.3698 	EXP 	displayPicture: image = '.\\resources\\leafrake.jpg'
23.3698 	EXP 	polygon_2: opacity = 0.0
23.3698 	EXP 	polygon_2: fillColor = '[1. 1. 1.] (rgb)'
23.3865 	EXP 	displayPicture: image = '.\\resources\\leafrake.jpg'
23.3865 	EXP 	polygon_2: opacity = 0.0
23.3865 	EXP 	polygon_2: fillColor = '[1. 1. 1.] (rgb)'
23.4032 	EXP 	displayPicture: image = '.\\resources\\leafrake.jpg'
23.4032 	EXP 	polygon_2: opacity = 0.0
23.4032 	EXP 	polygon_2: fillColor = '[1. 1. 1.] (rgb)'
23.4199 	EXP 	displayPicture: image = '.\\resources\\leafrake.jpg'
23.4199 	EXP 	polygon_2: opacity = 0.0
23.4199 	EXP 	polygon_2: fillColor = '[1. 1. 1.] (rgb)'
23.4367 	EXP 	displayPicture: image = '.\\resources\\leafrake.jpg'
23.4367 	EXP 	polygon_2: opacity = 1.0
23.4367 	EXP 	polygon_2: fillColor = '[1. 1. 1.] (rgb)'
23.4532 	EXP 	displayPicture: image = '.\\resources\\leafrake.jpg'
23.4532 	EXP 	polygon_2: opacity = 1.0
23.4532 	EXP 	polygon_2: fillColor = '[1. 1. 1.] (rgb)'
23.4698 	EXP 	displayPicture: image = '.\\resources\\leafrake.jpg'
23.4698 	EXP 	polygon_2: opacity = 1.0
23.4698 	EXP 	polygon_2: fillColor = '[1. 1. 1.] (rgb)'
23.4865 	EXP 	displayPicture: image = '.\\resources\\elbow.jpg'
23.4865 	EXP 	polygon_2: opacity = 0.0
23.4865 	EXP 	polygon_2: fillColor = '[1. 1. 1.] (rgb)'
23.5032 	EXP 	displayPicture: image = '.\\resources\\elbow.jpg'
23.5032 	EXP 	polygon_2: opacity = 0.0
23.5032 	EXP 	polygon_2: fillColor = '[1. 1. 1.] (rgb)'
23.5198 	EXP 	displayPicture: image = '.\\resources\\elbow.jpg'
23.5198 	EXP 	polygon_2: opacity = 0.0
23.5198 	EXP 	polygon_2: fillColor = '[1. 1. 1.] (rgb)'
23.5365 	EXP 	displayPicture: image = '.\\resources\\elbow.jpg'
23.5365 	EXP 	polygon_2: opacity = 0.0
23.5365 	EXP 	polygon_2: fillColor = '[1. 1. 1.] (rgb)'
23.5531 	EXP 	displayPicture: image = '.\\resources\\elbow.jpg'
23.5531 	EXP 	polygon_2: opacity = 0.0
23.5531 	EXP 	polygon_2: fillColor = '[1. 1. 1.] (rgb)'
23.5698 	EXP 	displayPicture: image = '.\\resources\\elbow.jpg'
23.5698 	EXP 	polygon_2: opacity = 0.0
23.5698 	EXP 	polygon_2: fillColor = '[1. 1. 1.] (rgb)'
23.5865 	EXP 	displayPicture: image = '.\\resources\\elbow.jpg'
23.5865 	EXP 	polygon_2: opacity = 0.0
23.5865 	EXP 	polygon_2: fillColor = '[1. 1. 1.] (rgb)'
23.6031 	EXP 	displayPicture: image = '.\\resources\\elbow.jpg'
23.6031 	EXP 	polygon_2: opacity = 0.0
23.6031 	EXP 	polygon_2: fillColor = '[1. 1. 1.] (rgb)'
23.6198 	EXP 	displayPicture: image = '.\\resources\\elbow.jpg'
23.6198 	EXP 	polygon_2: opacity = 0.0
23.6198 	EXP 	polygon_2: fillColor = '[1. 1. 1.] (rgb)'
23.6365 	EXP 	displayPicture: image = '.\\resources\\elbow.jpg'
23.6365 	EXP 	polygon_2: opacity = 0.0
23.6365 	EXP 	polygon_2: fillColor = '[1. 1. 1.] (rgb)'
23.6532 	EXP 	displayPicture: image = '.\\resources\\elbow.jpg'
23.6532 	EXP 	polygon_2: opacity = 0.0
23.6532 	EXP 	polygon_2: fillColor = '[1. 1. 1.] (rgb)'
23.6698 	EXP 	displayPicture: image = '.\\resources\\elbow.jpg'
23.6698 	EXP 	polygon_2: opacity = 0.0
23.6698 	EXP 	polygon_2: fillColor = '[1. 1. 1.] (rgb)'
23.6865 	EXP 	displayPicture: image = '.\\resources\\elbow.jpg'
23.6865 	EXP 	polygon_2: opacity = 0.0
23.6865 	EXP 	polygon_2: fillColor = '[1. 1. 1.] (rgb)'
23.7032 	EXP 	displayPicture: image = '.\\resources\\elbow.jpg'
23.7032 	EXP 	polygon_2: opacity = 0.0
23.7032 	EXP 	polygon_2: fillColor = '[1. 1. 1.] (rgb)'
23.7198 	EXP 	displayPicture: image = '.\\resources\\elbow.jpg'
23.7198 	EXP 	polygon_2: opacity = 0.0
23.7198 	EXP 	polygon_2: fillColor = '[1. 1. 1.] (rgb)'
23.7365 	EXP 	displayPicture: image = '.\\resources\\elbow.jpg'
23.7365 	EXP 	polygon_2: opacity = 0.0
23.7365 	EXP 	polygon_2: fillColor = '[1. 1. 1.] (rgb)'
23.7531 	EXP 	displayPicture: image = '.\\resources\\elbow.jpg'
23.7531 	EXP 	polygon_2: opacity = 0.0
23.7531 	EXP 	polygon_2: fillColor = '[1. 1. 1.] (rgb)'
23.7698 	EXP 	displayPicture: image = '.\\resources\\elbow.jpg'
23.7698 	EXP 	polygon_2: opacity = 0.0
23.7698 	EXP 	polygon_2: fillColor = '[1. 1. 1.] (rgb)'
23.7739 	DATA 	Keypress: escape
23.7865 	EXP 	displayPicture: image = '.\\resources\\elbow.jpg'
23.7865 	EXP 	polygon_2: opacity = 0.0
23.7865 	EXP 	polygon_2: fillColor = '[1. 1. 1.] (rgb)'
23.8031 	EXP 	displayPicture: image = '.\\resources\\elbow.jpg'
23.8031 	EXP 	polygon_2: opacity = 0.0
23.8031 	EXP 	polygon_2: fillColor = '[1. 1. 1.] (rgb)'
23.8198 	EXP 	displayPicture: image = '.\\resources\\elbow.jpg'
23.8198 	EXP 	polygon_2: opacity = 0.0
23.8198 	EXP 	polygon_2: fillColor = '[1. 1. 1.] (rgb)'
23.8365 	EXP 	displayPicture: image = '.\\resources\\elbow.jpg'
23.8365 	EXP 	polygon_2: opacity = 0.0
23.8365 	EXP 	polygon_2: fillColor = '[1. 1. 1.] (rgb)'
23.8531 	EXP 	displayPicture: image = '.\\resources\\elbow.jpg'
23.8531 	EXP 	polygon_2: opacity = 0.0
23.8531 	EXP 	polygon_2: fillColor = '[1. 1. 1.] (rgb)'
23.8698 	EXP 	displayPicture: image = '.\\resources\\elbow.jpg'
23.8698 	EXP 	polygon_2: opacity = 0.0
23.8698 	EXP 	polygon_2: fillColor = '[1. 1. 1.] (rgb)'
23.9479 	EXP 	window1: mouseVisible = True
