0.7988 	WARNING 	We strongly recommend you activate the PTB sound engine in PsychoPy prefs as the preferred audio engine. Its timing is vastly superior. Your prefs are currently set to use ['sounddevice', 'PTB', 'pyo', 'pygame'] (in that order).
3.5918 	WARNING 	User requested fullscreen with size [1024  768], but screen is actually [1920, 1080]. Using actual size
4.4735 	EXP 	Created window1 = Window(allowGUI=False, allowStencil=False, args=UNKNOWN, autoLog=True, bitsMode=UNKNOWN, blendMode='avg', bpc=(8, 8, 8), color=array([0., 0., 0.]), colorSpace='rgb', depthBits=8, fullscr=<method-wrapper '__getattribute__' of attributeSetter object at 0x00000135CA592B38>, gamma=None, gammaErrorPolicy='raise', kwargs=UNKNOWN, lms=UNKNOWN, monitor=<psychopy.monitors.calibTools.Monitor object at 0x00000135CA2E0198>, multiSample=False, name='window1', numSamples=2, pos=[0.0, 0.0], screen=0, size=array([1920, 1080]), stencilBits=0, stereo=False, units='height', useFBO=True, useRetina=False, viewOri=0.0, viewPos=None, viewScale=None, waitBlanking=True, winType='pyglet')
4.4739 	EXP 	window1: mouseVisible = True
4.4739 	EXP 	window1: recordFrameIntervals = False
4.6398 	EXP 	window1: recordFrameIntervals = True
4.8232 	EXP 	window1: recordFrameIntervals = False
4.9056 	EXP 	Created polygon = Rect(__class__=<class 'psychopy.visual.rect.Rect'>, autoDraw=False, autoLog=True, closeShape=True, color=method-wrapper(...), colorSpace=None, contrast=1.0, depth=-3.0, fillColor=array([1., 0., 0.]), fillColorSpace='rgb', fillRGB=array([1., 0., 0.]), interpolate=True, lineColor=array([1., 1., 1.]), lineColorSpace='rgb', lineRGB=array([1., 1., 1.]), lineWidth=1, name='polygon', opacity=1.0, ori=array(0.), pos=array([0., 0.]), size=array([0.6, 0.6]), units='height', vertices=ndarray(...), win=Window(...))
4.9112 	EXP 	Created displayPicture = ImageStim(__class__=<class 'psychopy.visual.image.ImageStim'>, autoLog=True, color=array([1., 1., 1.]), colorSpace='rgb', contrast=1.0, depth=-4.0, flipHoriz=False, flipVert=False, image='sin', interpolate=True, mask=None, maskParams=None, name='displayPicture', opacity=1.0, ori=0.0, pos=array([0., 0.]), size=array([0.25, 0.25]), texRes=128, units='height', win=Window(...))
4.9141 	EXP 	Created option1_t1 = ImageStim(__class__=<class 'psychopy.visual.image.ImageStim'>, autoLog=True, color=array([1., 1., 1.]), colorSpace='rgb', contrast=1.0, depth=-1.0, flipHoriz=False, flipVert=False, image='sin', interpolate=True, mask=None, maskParams=None, name='option1_t1', opacity=1.0, ori=0.0, pos=array([-0.3,  0. ]), size=array([0.25, 0.25]), texRes=128, units='height', win=Window(...))
4.9167 	EXP 	Created option2_t1 = ImageStim(__class__=<class 'psychopy.visual.image.ImageStim'>, autoLog=True, color=array([1., 1., 1.]), colorSpace='rgb', contrast=1.0, depth=-2.0, flipHoriz=False, flipVert=False, image='sin', interpolate=True, mask=None, maskParams=None, name='option2_t1', opacity=1.0, ori=0.0, pos=array([0.3, 0. ]), size=array([0.25, 0.25]), texRes=128, units='height', win=Window(...))
4.9796 	EXP 	Imported conditionAB.xlsx as conditions, 360 conditions, 9 params
4.9805 	EXP 	Created sequence: random, trialTypes=360, nReps=1, seed=None
4.9808 	EXP 	New trial (rep=0, index=0): OrderedDict([('trialType', 'AB'), ('cndTyp', 'lag1'), ('lag', 1), ('T1_loc', 3), ('gap', 0.0), ('T2_loc', 4), ('primePos', 102), ('stimLen', 0.4), ('isi', 0.04)])
5.0711 	EXP 	polygon: autoDraw = True
5.0711 	EXP 	polygon: opacity = 0.0
5.0711 	EXP 	displayPicture: autoDraw = True
5.0711 	EXP 	displayPicture: image = 'C:\\Users\\Employee\\Google Drive\\UP\\MyResearch\\TaskProgramming\\AB_pic\\resources\\pirateflag.jpg'
5.0897 	EXP 	polygon: opacity = 0.0
5.0897 	EXP 	displayPicture: image = 'C:\\Users\\Employee\\Google Drive\\UP\\MyResearch\\TaskProgramming\\AB_pic\\resources\\pirateflag.jpg'
5.1064 	EXP 	polygon: opacity = 0.0
5.1064 	EXP 	displayPicture: image = 'C:\\Users\\Employee\\Google Drive\\UP\\MyResearch\\TaskProgramming\\AB_pic\\resources\\pirateflag.jpg'
5.1230 	EXP 	polygon: opacity = 0.0
5.1230 	EXP 	displayPicture: image = 'C:\\Users\\Employee\\Google Drive\\UP\\MyResearch\\TaskProgramming\\AB_pic\\resources\\pirateflag.jpg'
5.1397 	EXP 	polygon: opacity = 0.0
5.1397 	EXP 	displayPicture: image = 'C:\\Users\\Employee\\Google Drive\\UP\\MyResearch\\TaskProgramming\\AB_pic\\resources\\pirateflag.jpg'
5.1564 	EXP 	polygon: opacity = 0.0
5.1564 	EXP 	displayPicture: image = 'C:\\Users\\Employee\\Google Drive\\UP\\MyResearch\\TaskProgramming\\AB_pic\\resources\\pirateflag.jpg'
5.1730 	EXP 	polygon: opacity = 0.0
5.1730 	EXP 	displayPicture: image = 'C:\\Users\\Employee\\Google Drive\\UP\\MyResearch\\TaskProgramming\\AB_pic\\resources\\pirateflag.jpg'
5.1897 	EXP 	polygon: opacity = 0.0
5.1897 	EXP 	displayPicture: image = 'C:\\Users\\Employee\\Google Drive\\UP\\MyResearch\\TaskProgramming\\AB_pic\\resources\\pirateflag.jpg'
5.2064 	EXP 	polygon: opacity = 0.0
5.2064 	EXP 	displayPicture: image = 'C:\\Users\\Employee\\Google Drive\\UP\\MyResearch\\TaskProgramming\\AB_pic\\resources\\pirateflag.jpg'
5.2230 	EXP 	polygon: opacity = 0.0
5.2230 	EXP 	displayPicture: image = 'C:\\Users\\Employee\\Google Drive\\UP\\MyResearch\\TaskProgramming\\AB_pic\\resources\\pirateflag.jpg'
5.2564 	EXP 	polygon: opacity = 0.0
5.2564 	EXP 	displayPicture: image = 'C:\\Users\\Employee\\Google Drive\\UP\\MyResearch\\TaskProgramming\\AB_pic\\resources\\pirateflag.jpg'
5.2730 	EXP 	polygon: opacity = 0.0
5.2730 	EXP 	displayPicture: image = 'C:\\Users\\Employee\\Google Drive\\UP\\MyResearch\\TaskProgramming\\AB_pic\\resources\\pirateflag.jpg'
5.2897 	EXP 	polygon: opacity = 0.0
5.2897 	EXP 	displayPicture: image = 'C:\\Users\\Employee\\Google Drive\\UP\\MyResearch\\TaskProgramming\\AB_pic\\resources\\pirateflag.jpg'
5.3064 	EXP 	polygon: opacity = 0.0
5.3064 	EXP 	displayPicture: image = 'C:\\Users\\Employee\\Google Drive\\UP\\MyResearch\\TaskProgramming\\AB_pic\\resources\\pirateflag.jpg'
5.3231 	EXP 	polygon: opacity = 0.0
5.3231 	EXP 	displayPicture: image = 'C:\\Users\\Employee\\Google Drive\\UP\\MyResearch\\TaskProgramming\\AB_pic\\resources\\pirateflag.jpg'
5.3397 	EXP 	polygon: opacity = 0.0
5.3397 	EXP 	displayPicture: image = 'C:\\Users\\Employee\\Google Drive\\UP\\MyResearch\\TaskProgramming\\AB_pic\\resources\\pirateflag.jpg'
5.3564 	EXP 	polygon: opacity = 0.0
5.3564 	EXP 	displayPicture: image = 'C:\\Users\\Employee\\Google Drive\\UP\\MyResearch\\TaskProgramming\\AB_pic\\resources\\pirateflag.jpg'
5.3730 	EXP 	polygon: opacity = 0.0
5.3730 	EXP 	displayPicture: image = 'C:\\Users\\Employee\\Google Drive\\UP\\MyResearch\\TaskProgramming\\AB_pic\\resources\\pirateflag.jpg'
5.3897 	EXP 	polygon: opacity = 0.0
5.3897 	EXP 	displayPicture: image = 'C:\\Users\\Employee\\Google Drive\\UP\\MyResearch\\TaskProgramming\\AB_pic\\resources\\humanskeleton.jpg'
5.4063 	EXP 	polygon: opacity = 0.0
5.4063 	EXP 	displayPicture: image = 'C:\\Users\\Employee\\Google Drive\\UP\\MyResearch\\TaskProgramming\\AB_pic\\resources\\humanskeleton.jpg'
5.4230 	EXP 	polygon: opacity = 0.0
5.4230 	EXP 	displayPicture: image = 'C:\\Users\\Employee\\Google Drive\\UP\\MyResearch\\TaskProgramming\\AB_pic\\resources\\humanskeleton.jpg'
5.4397 	EXP 	polygon: opacity = 0.0
5.4397 	EXP 	displayPicture: image = 'C:\\Users\\Employee\\Google Drive\\UP\\MyResearch\\TaskProgramming\\AB_pic\\resources\\humanskeleton.jpg'
5.4564 	EXP 	polygon: opacity = 0.0
5.4564 	EXP 	displayPicture: image = 'C:\\Users\\Employee\\Google Drive\\UP\\MyResearch\\TaskProgramming\\AB_pic\\resources\\humanskeleton.jpg'
5.4730 	EXP 	polygon: opacity = 0.0
5.4730 	EXP 	displayPicture: image = 'C:\\Users\\Employee\\Google Drive\\UP\\MyResearch\\TaskProgramming\\AB_pic\\resources\\humanskeleton.jpg'
5.4897 	EXP 	polygon: opacity = 0.0
5.4897 	EXP 	displayPicture: image = 'C:\\Users\\Employee\\Google Drive\\UP\\MyResearch\\TaskProgramming\\AB_pic\\resources\\humanskeleton.jpg'
5.5063 	EXP 	polygon: opacity = 0.0
5.5063 	EXP 	displayPicture: image = 'C:\\Users\\Employee\\Google Drive\\UP\\MyResearch\\TaskProgramming\\AB_pic\\resources\\humanskeleton.jpg'
5.5227 	EXP 	polygon: opacity = 0.0
5.5227 	EXP 	displayPicture: image = 'C:\\Users\\Employee\\Google Drive\\UP\\MyResearch\\TaskProgramming\\AB_pic\\resources\\humanskeleton.jpg'
5.5397 	EXP 	polygon: opacity = 0.0
5.5397 	EXP 	displayPicture: image = 'C:\\Users\\Employee\\Google Drive\\UP\\MyResearch\\TaskProgramming\\AB_pic\\resources\\humanskeleton.jpg'
5.5564 	EXP 	polygon: opacity = 0.0
5.5564 	EXP 	displayPicture: image = 'C:\\Users\\Employee\\Google Drive\\UP\\MyResearch\\TaskProgramming\\AB_pic\\resources\\humanskeleton.jpg'
5.5732 	EXP 	polygon: opacity = 0.0
5.5732 	EXP 	displayPicture: image = 'C:\\Users\\Employee\\Google Drive\\UP\\MyResearch\\TaskProgramming\\AB_pic\\resources\\humanskeleton.jpg'
5.5897 	EXP 	polygon: opacity = 0.0
5.5897 	EXP 	displayPicture: image = 'C:\\Users\\Employee\\Google Drive\\UP\\MyResearch\\TaskProgramming\\AB_pic\\resources\\humanskeleton.jpg'
5.6064 	EXP 	polygon: opacity = 0.0
5.6064 	EXP 	displayPicture: image = 'C:\\Users\\Employee\\Google Drive\\UP\\MyResearch\\TaskProgramming\\AB_pic\\resources\\humanskeleton.jpg'
5.6230 	EXP 	polygon: opacity = 0.0
5.6230 	EXP 	displayPicture: image = 'C:\\Users\\Employee\\Google Drive\\UP\\MyResearch\\TaskProgramming\\AB_pic\\resources\\humanskeleton.jpg'
5.6397 	EXP 	polygon: opacity = 0.0
5.6397 	EXP 	displayPicture: image = 'C:\\Users\\Employee\\Google Drive\\UP\\MyResearch\\TaskProgramming\\AB_pic\\resources\\humanskeleton.jpg'
5.6563 	EXP 	polygon: opacity = 0.0
5.6563 	EXP 	displayPicture: image = 'C:\\Users\\Employee\\Google Drive\\UP\\MyResearch\\TaskProgramming\\AB_pic\\resources\\humanskeleton.jpg'
5.6730 	EXP 	polygon: opacity = 0.0
5.6730 	EXP 	displayPicture: image = 'C:\\Users\\Employee\\Google Drive\\UP\\MyResearch\\TaskProgramming\\AB_pic\\resources\\humanskeleton.jpg'
5.6896 	EXP 	polygon: opacity = 0.0
5.6896 	EXP 	displayPicture: image = 'C:\\Users\\Employee\\Google Drive\\UP\\MyResearch\\TaskProgramming\\AB_pic\\resources\\humanskeleton.jpg'
5.7063 	EXP 	polygon: opacity = 0.0
5.7063 	EXP 	displayPicture: image = 'C:\\Users\\Employee\\Google Drive\\UP\\MyResearch\\TaskProgramming\\AB_pic\\resources\\humanskeleton.jpg'
5.7230 	EXP 	polygon: opacity = 0.0
5.7230 	EXP 	displayPicture: image = 'C:\\Users\\Employee\\Google Drive\\UP\\MyResearch\\TaskProgramming\\AB_pic\\resources\\humanskeleton.jpg'
5.7399 	EXP 	polygon: opacity = 0.0
5.7399 	EXP 	displayPicture: image = 'C:\\Users\\Employee\\Google Drive\\UP\\MyResearch\\TaskProgramming\\AB_pic\\resources\\humanskeleton.jpg'
5.7564 	EXP 	polygon: opacity = 0.0
5.7564 	EXP 	displayPicture: image = 'C:\\Users\\Employee\\Google Drive\\UP\\MyResearch\\TaskProgramming\\AB_pic\\resources\\humanskeleton.jpg'
5.7731 	EXP 	polygon: opacity = 0.0
5.7731 	EXP 	displayPicture: image = 'C:\\Users\\Employee\\Google Drive\\UP\\MyResearch\\TaskProgramming\\AB_pic\\resources\\humanskeleton.jpg'
5.7897 	EXP 	polygon: opacity = 0.0
5.7897 	EXP 	displayPicture: image = 'C:\\Users\\Employee\\Google Drive\\UP\\MyResearch\\TaskProgramming\\AB_pic\\resources\\redfox.jpg'
5.8064 	EXP 	polygon: opacity = 0.0
5.8064 	EXP 	displayPicture: image = 'C:\\Users\\Employee\\Google Drive\\UP\\MyResearch\\TaskProgramming\\AB_pic\\resources\\redfox.jpg'
5.8230 	EXP 	polygon: opacity = 0.0
5.8230 	EXP 	displayPicture: image = 'C:\\Users\\Employee\\Google Drive\\UP\\MyResearch\\TaskProgramming\\AB_pic\\resources\\redfox.jpg'
5.8396 	EXP 	polygon: opacity = 0.0
5.8396 	EXP 	displayPicture: image = 'C:\\Users\\Employee\\Google Drive\\UP\\MyResearch\\TaskProgramming\\AB_pic\\resources\\redfox.jpg'
5.8563 	EXP 	polygon: opacity = 0.0
5.8563 	EXP 	displayPicture: image = 'C:\\Users\\Employee\\Google Drive\\UP\\MyResearch\\TaskProgramming\\AB_pic\\resources\\redfox.jpg'
5.8730 	EXP 	polygon: opacity = 0.0
5.8730 	EXP 	displayPicture: image = 'C:\\Users\\Employee\\Google Drive\\UP\\MyResearch\\TaskProgramming\\AB_pic\\resources\\redfox.jpg'
5.8897 	EXP 	polygon: opacity = 0.0
5.8897 	EXP 	displayPicture: image = 'C:\\Users\\Employee\\Google Drive\\UP\\MyResearch\\TaskProgramming\\AB_pic\\resources\\redfox.jpg'
5.9063 	EXP 	polygon: opacity = 0.0
5.9063 	EXP 	displayPicture: image = 'C:\\Users\\Employee\\Google Drive\\UP\\MyResearch\\TaskProgramming\\AB_pic\\resources\\redfox.jpg'
5.9230 	EXP 	polygon: opacity = 0.0
5.9230 	EXP 	displayPicture: image = 'C:\\Users\\Employee\\Google Drive\\UP\\MyResearch\\TaskProgramming\\AB_pic\\resources\\redfox.jpg'
5.9396 	EXP 	polygon: opacity = 0.0
5.9396 	EXP 	displayPicture: image = 'C:\\Users\\Employee\\Google Drive\\UP\\MyResearch\\TaskProgramming\\AB_pic\\resources\\redfox.jpg'
5.9561 	EXP 	polygon: opacity = 0.0
5.9561 	EXP 	displayPicture: image = 'C:\\Users\\Employee\\Google Drive\\UP\\MyResearch\\TaskProgramming\\AB_pic\\resources\\redfox.jpg'
5.9730 	EXP 	polygon: opacity = 0.0
5.9730 	EXP 	displayPicture: image = 'C:\\Users\\Employee\\Google Drive\\UP\\MyResearch\\TaskProgramming\\AB_pic\\resources\\redfox.jpg'
5.9896 	EXP 	polygon: opacity = 0.0
5.9896 	EXP 	displayPicture: image = 'C:\\Users\\Employee\\Google Drive\\UP\\MyResearch\\TaskProgramming\\AB_pic\\resources\\redfox.jpg'
6.0063 	EXP 	polygon: opacity = 0.0
6.0063 	EXP 	displayPicture: image = 'C:\\Users\\Employee\\Google Drive\\UP\\MyResearch\\TaskProgramming\\AB_pic\\resources\\redfox.jpg'
6.0230 	EXP 	polygon: opacity = 0.0
6.0230 	EXP 	displayPicture: image = 'C:\\Users\\Employee\\Google Drive\\UP\\MyResearch\\TaskProgramming\\AB_pic\\resources\\redfox.jpg'
6.0396 	EXP 	polygon: opacity = 0.0
6.0396 	EXP 	displayPicture: image = 'C:\\Users\\Employee\\Google Drive\\UP\\MyResearch\\TaskProgramming\\AB_pic\\resources\\redfox.jpg'
6.0563 	EXP 	polygon: opacity = 0.0
6.0563 	EXP 	displayPicture: image = 'C:\\Users\\Employee\\Google Drive\\UP\\MyResearch\\TaskProgramming\\AB_pic\\resources\\redfox.jpg'
6.0730 	EXP 	polygon: opacity = 0.0
6.0730 	EXP 	displayPicture: image = 'C:\\Users\\Employee\\Google Drive\\UP\\MyResearch\\TaskProgramming\\AB_pic\\resources\\redfox.jpg'
6.0896 	EXP 	polygon: opacity = 0.0
6.0896 	EXP 	displayPicture: image = 'C:\\Users\\Employee\\Google Drive\\UP\\MyResearch\\TaskProgramming\\AB_pic\\resources\\redfox.jpg'
6.1064 	EXP 	polygon: opacity = 0.0
6.1064 	EXP 	displayPicture: image = 'C:\\Users\\Employee\\Google Drive\\UP\\MyResearch\\TaskProgramming\\AB_pic\\resources\\redfox.jpg'
6.1227 	EXP 	polygon: opacity = 0.0
6.1227 	EXP 	displayPicture: image = 'C:\\Users\\Employee\\Google Drive\\UP\\MyResearch\\TaskProgramming\\AB_pic\\resources\\redfox.jpg'
6.1396 	EXP 	polygon: opacity = 0.0
6.1396 	EXP 	displayPicture: image = 'C:\\Users\\Employee\\Google Drive\\UP\\MyResearch\\TaskProgramming\\AB_pic\\resources\\redfox.jpg'
6.1564 	EXP 	polygon: opacity = 0.0
6.1564 	EXP 	displayPicture: image = 'C:\\Users\\Employee\\Google Drive\\UP\\MyResearch\\TaskProgramming\\AB_pic\\resources\\redfox.jpg'
6.1726 	EXP 	polygon: opacity = 0.0
6.1726 	EXP 	displayPicture: image = 'C:\\Users\\Employee\\Google Drive\\UP\\MyResearch\\TaskProgramming\\AB_pic\\resources\\redfox.jpg'
6.1893 	EXP 	polygon: opacity = 1.0
6.1893 	EXP 	displayPicture: image = 'C:\\Users\\Employee\\Google Drive\\UP\\MyResearch\\TaskProgramming\\AB_pic\\resources\\greathornowl.jpg'
6.2060 	EXP 	polygon: opacity = 1.0
6.2060 	EXP 	displayPicture: image = 'C:\\Users\\Employee\\Google Drive\\UP\\MyResearch\\TaskProgramming\\AB_pic\\resources\\greathornowl.jpg'
6.2226 	EXP 	polygon: opacity = 1.0
6.2226 	EXP 	displayPicture: image = 'C:\\Users\\Employee\\Google Drive\\UP\\MyResearch\\TaskProgramming\\AB_pic\\resources\\greathornowl.jpg'
6.2393 	EXP 	polygon: opacity = 1.0
6.2393 	EXP 	displayPicture: image = 'C:\\Users\\Employee\\Google Drive\\UP\\MyResearch\\TaskProgramming\\AB_pic\\resources\\greathornowl.jpg'
6.2560 	EXP 	polygon: opacity = 1.0
6.2560 	EXP 	displayPicture: image = 'C:\\Users\\Employee\\Google Drive\\UP\\MyResearch\\TaskProgramming\\AB_pic\\resources\\greathornowl.jpg'
6.2727 	EXP 	polygon: opacity = 1.0
6.2727 	EXP 	displayPicture: image = 'C:\\Users\\Employee\\Google Drive\\UP\\MyResearch\\TaskProgramming\\AB_pic\\resources\\greathornowl.jpg'
6.2893 	EXP 	polygon: opacity = 1.0
6.2893 	EXP 	displayPicture: image = 'C:\\Users\\Employee\\Google Drive\\UP\\MyResearch\\TaskProgramming\\AB_pic\\resources\\greathornowl.jpg'
6.3060 	EXP 	polygon: opacity = 1.0
6.3060 	EXP 	displayPicture: image = 'C:\\Users\\Employee\\Google Drive\\UP\\MyResearch\\TaskProgramming\\AB_pic\\resources\\greathornowl.jpg'
6.3226 	EXP 	polygon: opacity = 1.0
6.3226 	EXP 	displayPicture: image = 'C:\\Users\\Employee\\Google Drive\\UP\\MyResearch\\TaskProgramming\\AB_pic\\resources\\greathornowl.jpg'
6.3393 	EXP 	polygon: opacity = 1.0
6.3393 	EXP 	displayPicture: image = 'C:\\Users\\Employee\\Google Drive\\UP\\MyResearch\\TaskProgramming\\AB_pic\\resources\\greathornowl.jpg'
6.3560 	EXP 	polygon: opacity = 1.0
6.3560 	EXP 	displayPicture: image = 'C:\\Users\\Employee\\Google Drive\\UP\\MyResearch\\TaskProgramming\\AB_pic\\resources\\greathornowl.jpg'
6.3726 	EXP 	polygon: opacity = 1.0
6.3726 	EXP 	displayPicture: image = 'C:\\Users\\Employee\\Google Drive\\UP\\MyResearch\\TaskProgramming\\AB_pic\\resources\\greathornowl.jpg'
6.3893 	EXP 	polygon: opacity = 1.0
6.3893 	EXP 	displayPicture: image = 'C:\\Users\\Employee\\Google Drive\\UP\\MyResearch\\TaskProgramming\\AB_pic\\resources\\greathornowl.jpg'
6.4060 	EXP 	polygon: opacity = 1.0
6.4060 	EXP 	displayPicture: image = 'C:\\Users\\Employee\\Google Drive\\UP\\MyResearch\\TaskProgramming\\AB_pic\\resources\\greathornowl.jpg'
6.4226 	EXP 	polygon: opacity = 1.0
6.4226 	EXP 	displayPicture: image = 'C:\\Users\\Employee\\Google Drive\\UP\\MyResearch\\TaskProgramming\\AB_pic\\resources\\greathornowl.jpg'
6.4393 	EXP 	polygon: opacity = 1.0
6.4393 	EXP 	displayPicture: image = 'C:\\Users\\Employee\\Google Drive\\UP\\MyResearch\\TaskProgramming\\AB_pic\\resources\\greathornowl.jpg'
6.4560 	EXP 	polygon: opacity = 1.0
6.4560 	EXP 	displayPicture: image = 'C:\\Users\\Employee\\Google Drive\\UP\\MyResearch\\TaskProgramming\\AB_pic\\resources\\greathornowl.jpg'
6.4726 	EXP 	polygon: opacity = 1.0
6.4726 	EXP 	displayPicture: image = 'C:\\Users\\Employee\\Google Drive\\UP\\MyResearch\\TaskProgramming\\AB_pic\\resources\\greathornowl.jpg'
6.4893 	EXP 	polygon: opacity = 1.0
6.4893 	EXP 	displayPicture: image = 'C:\\Users\\Employee\\Google Drive\\UP\\MyResearch\\TaskProgramming\\AB_pic\\resources\\greathornowl.jpg'
6.5060 	EXP 	polygon: opacity = 1.0
6.5060 	EXP 	displayPicture: image = 'C:\\Users\\Employee\\Google Drive\\UP\\MyResearch\\TaskProgramming\\AB_pic\\resources\\greathornowl.jpg'
6.5226 	EXP 	polygon: opacity = 1.0
6.5226 	EXP 	displayPicture: image = 'C:\\Users\\Employee\\Google Drive\\UP\\MyResearch\\TaskProgramming\\AB_pic\\resources\\greathornowl.jpg'
6.5393 	EXP 	polygon: opacity = 1.0
6.5393 	EXP 	displayPicture: image = 'C:\\Users\\Employee\\Google Drive\\UP\\MyResearch\\TaskProgramming\\AB_pic\\resources\\greathornowl.jpg'
6.5560 	EXP 	polygon: opacity = 1.0
6.5560 	EXP 	displayPicture: image = 'C:\\Users\\Employee\\Google Drive\\UP\\MyResearch\\TaskProgramming\\AB_pic\\resources\\greathornowl.jpg'
6.5726 	EXP 	polygon: opacity = 1.0
6.5726 	EXP 	displayPicture: image = 'C:\\Users\\Employee\\Google Drive\\UP\\MyResearch\\TaskProgramming\\AB_pic\\resources\\greathornowl.jpg'
6.5896 	EXP 	polygon: opacity = 0.0
6.5896 	EXP 	displayPicture: image = 'C:\\Users\\Employee\\Google Drive\\UP\\MyResearch\\TaskProgramming\\AB_pic\\resources\\saltshaker03a.jpg'
6.6063 	EXP 	polygon: opacity = 0.0
6.6063 	EXP 	displayPicture: image = 'C:\\Users\\Employee\\Google Drive\\UP\\MyResearch\\TaskProgramming\\AB_pic\\resources\\saltshaker03a.jpg'
6.6226 	EXP 	polygon: opacity = 0.0
6.6226 	EXP 	displayPicture: image = 'C:\\Users\\Employee\\Google Drive\\UP\\MyResearch\\TaskProgramming\\AB_pic\\resources\\saltshaker03a.jpg'
6.6396 	EXP 	polygon: opacity = 0.0
6.6396 	EXP 	displayPicture: image = 'C:\\Users\\Employee\\Google Drive\\UP\\MyResearch\\TaskProgramming\\AB_pic\\resources\\saltshaker03a.jpg'
6.6563 	EXP 	polygon: opacity = 0.0
6.6563 	EXP 	displayPicture: image = 'C:\\Users\\Employee\\Google Drive\\UP\\MyResearch\\TaskProgramming\\AB_pic\\resources\\saltshaker03a.jpg'
6.6726 	EXP 	polygon: opacity = 0.0
6.6726 	EXP 	displayPicture: image = 'C:\\Users\\Employee\\Google Drive\\UP\\MyResearch\\TaskProgramming\\AB_pic\\resources\\saltshaker03a.jpg'
6.6896 	EXP 	polygon: opacity = 0.0
6.6896 	EXP 	displayPicture: image = 'C:\\Users\\Employee\\Google Drive\\UP\\MyResearch\\TaskProgramming\\AB_pic\\resources\\saltshaker03a.jpg'
6.7063 	EXP 	polygon: opacity = 0.0
6.7063 	EXP 	displayPicture: image = 'C:\\Users\\Employee\\Google Drive\\UP\\MyResearch\\TaskProgramming\\AB_pic\\resources\\saltshaker03a.jpg'
6.7230 	EXP 	polygon: opacity = 0.0
6.7230 	EXP 	displayPicture: image = 'C:\\Users\\Employee\\Google Drive\\UP\\MyResearch\\TaskProgramming\\AB_pic\\resources\\saltshaker03a.jpg'
6.7393 	EXP 	polygon: opacity = 0.0
6.7393 	EXP 	displayPicture: image = 'C:\\Users\\Employee\\Google Drive\\UP\\MyResearch\\TaskProgramming\\AB_pic\\resources\\saltshaker03a.jpg'
6.7563 	EXP 	polygon: opacity = 0.0
6.7563 	EXP 	displayPicture: image = 'C:\\Users\\Employee\\Google Drive\\UP\\MyResearch\\TaskProgramming\\AB_pic\\resources\\saltshaker03a.jpg'
6.7729 	EXP 	polygon: opacity = 0.0
6.7729 	EXP 	displayPicture: image = 'C:\\Users\\Employee\\Google Drive\\UP\\MyResearch\\TaskProgramming\\AB_pic\\resources\\saltshaker03a.jpg'
6.7893 	EXP 	polygon: opacity = 0.0
6.7893 	EXP 	displayPicture: image = 'C:\\Users\\Employee\\Google Drive\\UP\\MyResearch\\TaskProgramming\\AB_pic\\resources\\saltshaker03a.jpg'
6.8060 	EXP 	polygon: opacity = 0.0
6.8060 	EXP 	displayPicture: image = 'C:\\Users\\Employee\\Google Drive\\UP\\MyResearch\\TaskProgramming\\AB_pic\\resources\\saltshaker03a.jpg'
6.8230 	EXP 	polygon: opacity = 0.0
6.8230 	EXP 	displayPicture: image = 'C:\\Users\\Employee\\Google Drive\\UP\\MyResearch\\TaskProgramming\\AB_pic\\resources\\saltshaker03a.jpg'
6.8398 	EXP 	polygon: opacity = 0.0
6.8398 	EXP 	displayPicture: image = 'C:\\Users\\Employee\\Google Drive\\UP\\MyResearch\\TaskProgramming\\AB_pic\\resources\\saltshaker03a.jpg'
6.8560 	EXP 	polygon: opacity = 0.0
6.8560 	EXP 	displayPicture: image = 'C:\\Users\\Employee\\Google Drive\\UP\\MyResearch\\TaskProgramming\\AB_pic\\resources\\saltshaker03a.jpg'
6.8726 	EXP 	polygon: opacity = 0.0
6.8726 	EXP 	displayPicture: image = 'C:\\Users\\Employee\\Google Drive\\UP\\MyResearch\\TaskProgramming\\AB_pic\\resources\\saltshaker03a.jpg'
6.8897 	EXP 	polygon: opacity = 0.0
6.8897 	EXP 	displayPicture: image = 'C:\\Users\\Employee\\Google Drive\\UP\\MyResearch\\TaskProgramming\\AB_pic\\resources\\saltshaker03a.jpg'
6.9060 	EXP 	polygon: opacity = 0.0
6.9060 	EXP 	displayPicture: image = 'C:\\Users\\Employee\\Google Drive\\UP\\MyResearch\\TaskProgramming\\AB_pic\\resources\\saltshaker03a.jpg'
6.9227 	EXP 	polygon: opacity = 0.0
6.9227 	EXP 	displayPicture: image = 'C:\\Users\\Employee\\Google Drive\\UP\\MyResearch\\TaskProgramming\\AB_pic\\resources\\saltshaker03a.jpg'
6.9396 	EXP 	polygon: opacity = 0.0
6.9396 	EXP 	displayPicture: image = 'C:\\Users\\Employee\\Google Drive\\UP\\MyResearch\\TaskProgramming\\AB_pic\\resources\\saltshaker03a.jpg'
6.9559 	EXP 	polygon: opacity = 0.0
6.9559 	EXP 	displayPicture: image = 'C:\\Users\\Employee\\Google Drive\\UP\\MyResearch\\TaskProgramming\\AB_pic\\resources\\saltshaker03a.jpg'
6.9726 	EXP 	polygon: opacity = 0.0
6.9726 	EXP 	displayPicture: image = 'C:\\Users\\Employee\\Google Drive\\UP\\MyResearch\\TaskProgramming\\AB_pic\\resources\\saltshaker03a.jpg'
6.9893 	EXP 	polygon: opacity = 0.0
6.9893 	EXP 	displayPicture: image = 'C:\\Users\\Employee\\Google Drive\\UP\\MyResearch\\TaskProgramming\\AB_pic\\resources\\boxingglove01.jpg'
7.0060 	EXP 	polygon: opacity = 0.0
7.0060 	EXP 	displayPicture: image = 'C:\\Users\\Employee\\Google Drive\\UP\\MyResearch\\TaskProgramming\\AB_pic\\resources\\boxingglove01.jpg'
7.0226 	EXP 	polygon: opacity = 0.0
7.0226 	EXP 	displayPicture: image = 'C:\\Users\\Employee\\Google Drive\\UP\\MyResearch\\TaskProgramming\\AB_pic\\resources\\boxingglove01.jpg'
7.0393 	EXP 	polygon: opacity = 0.0
7.0393 	EXP 	displayPicture: image = 'C:\\Users\\Employee\\Google Drive\\UP\\MyResearch\\TaskProgramming\\AB_pic\\resources\\boxingglove01.jpg'
7.0560 	EXP 	polygon: opacity = 0.0
7.0560 	EXP 	displayPicture: image = 'C:\\Users\\Employee\\Google Drive\\UP\\MyResearch\\TaskProgramming\\AB_pic\\resources\\boxingglove01.jpg'
7.0726 	EXP 	polygon: opacity = 0.0
7.0726 	EXP 	displayPicture: image = 'C:\\Users\\Employee\\Google Drive\\UP\\MyResearch\\TaskProgramming\\AB_pic\\resources\\boxingglove01.jpg'
7.0893 	EXP 	polygon: opacity = 0.0
7.0893 	EXP 	displayPicture: image = 'C:\\Users\\Employee\\Google Drive\\UP\\MyResearch\\TaskProgramming\\AB_pic\\resources\\boxingglove01.jpg'
7.1059 	EXP 	polygon: opacity = 0.0
7.1059 	EXP 	displayPicture: image = 'C:\\Users\\Employee\\Google Drive\\UP\\MyResearch\\TaskProgramming\\AB_pic\\resources\\boxingglove01.jpg'
7.1226 	EXP 	polygon: opacity = 0.0
7.1226 	EXP 	displayPicture: image = 'C:\\Users\\Employee\\Google Drive\\UP\\MyResearch\\TaskProgramming\\AB_pic\\resources\\boxingglove01.jpg'
7.1393 	EXP 	polygon: opacity = 0.0
7.1393 	EXP 	displayPicture: image = 'C:\\Users\\Employee\\Google Drive\\UP\\MyResearch\\TaskProgramming\\AB_pic\\resources\\boxingglove01.jpg'
7.1559 	EXP 	polygon: opacity = 0.0
7.1559 	EXP 	displayPicture: image = 'C:\\Users\\Employee\\Google Drive\\UP\\MyResearch\\TaskProgramming\\AB_pic\\resources\\boxingglove01.jpg'
7.1726 	EXP 	polygon: opacity = 0.0
7.1726 	EXP 	displayPicture: image = 'C:\\Users\\Employee\\Google Drive\\UP\\MyResearch\\TaskProgramming\\AB_pic\\resources\\boxingglove01.jpg'
7.1893 	EXP 	polygon: opacity = 0.0
7.1893 	EXP 	displayPicture: image = 'C:\\Users\\Employee\\Google Drive\\UP\\MyResearch\\TaskProgramming\\AB_pic\\resources\\boxingglove01.jpg'
7.2059 	EXP 	polygon: opacity = 0.0
7.2059 	EXP 	displayPicture: image = 'C:\\Users\\Employee\\Google Drive\\UP\\MyResearch\\TaskProgramming\\AB_pic\\resources\\boxingglove01.jpg'
7.2226 	EXP 	polygon: opacity = 0.0
7.2226 	EXP 	displayPicture: image = 'C:\\Users\\Employee\\Google Drive\\UP\\MyResearch\\TaskProgramming\\AB_pic\\resources\\boxingglove01.jpg'
7.2393 	EXP 	polygon: opacity = 0.0
7.2393 	EXP 	displayPicture: image = 'C:\\Users\\Employee\\Google Drive\\UP\\MyResearch\\TaskProgramming\\AB_pic\\resources\\boxingglove01.jpg'
7.2560 	EXP 	polygon: opacity = 0.0
7.2560 	EXP 	displayPicture: image = 'C:\\Users\\Employee\\Google Drive\\UP\\MyResearch\\TaskProgramming\\AB_pic\\resources\\boxingglove01.jpg'
7.2726 	EXP 	polygon: opacity = 0.0
7.2726 	EXP 	displayPicture: image = 'C:\\Users\\Employee\\Google Drive\\UP\\MyResearch\\TaskProgramming\\AB_pic\\resources\\boxingglove01.jpg'
7.2893 	EXP 	polygon: opacity = 0.0
7.2893 	EXP 	displayPicture: image = 'C:\\Users\\Employee\\Google Drive\\UP\\MyResearch\\TaskProgramming\\AB_pic\\resources\\boxingglove01.jpg'
7.3060 	EXP 	polygon: opacity = 0.0
7.3060 	EXP 	displayPicture: image = 'C:\\Users\\Employee\\Google Drive\\UP\\MyResearch\\TaskProgramming\\AB_pic\\resources\\boxingglove01.jpg'
7.3226 	EXP 	polygon: opacity = 0.0
7.3226 	EXP 	displayPicture: image = 'C:\\Users\\Employee\\Google Drive\\UP\\MyResearch\\TaskProgramming\\AB_pic\\resources\\boxingglove01.jpg'
7.3393 	EXP 	polygon: opacity = 0.0
7.3393 	EXP 	displayPicture: image = 'C:\\Users\\Employee\\Google Drive\\UP\\MyResearch\\TaskProgramming\\AB_pic\\resources\\boxingglove01.jpg'
7.3560 	EXP 	polygon: opacity = 0.0
7.3560 	EXP 	displayPicture: image = 'C:\\Users\\Employee\\Google Drive\\UP\\MyResearch\\TaskProgramming\\AB_pic\\resources\\boxingglove01.jpg'
7.3726 	EXP 	polygon: opacity = 0.0
7.3726 	EXP 	displayPicture: image = 'C:\\Users\\Employee\\Google Drive\\UP\\MyResearch\\TaskProgramming\\AB_pic\\resources\\boxingglove01.jpg'
7.3893 	EXP 	polygon: opacity = 0.0
7.3893 	EXP 	displayPicture: image = 'C:\\Users\\Employee\\Google Drive\\UP\\MyResearch\\TaskProgramming\\AB_pic\\resources\\mummy.jpg'
7.4059 	EXP 	polygon: opacity = 0.0
7.4059 	EXP 	displayPicture: image = 'C:\\Users\\Employee\\Google Drive\\UP\\MyResearch\\TaskProgramming\\AB_pic\\resources\\mummy.jpg'
7.4226 	EXP 	polygon: opacity = 0.0
7.4226 	EXP 	displayPicture: image = 'C:\\Users\\Employee\\Google Drive\\UP\\MyResearch\\TaskProgramming\\AB_pic\\resources\\mummy.jpg'
7.4393 	EXP 	polygon: opacity = 0.0
7.4393 	EXP 	displayPicture: image = 'C:\\Users\\Employee\\Google Drive\\UP\\MyResearch\\TaskProgramming\\AB_pic\\resources\\mummy.jpg'
7.4559 	EXP 	polygon: opacity = 0.0
7.4559 	EXP 	displayPicture: image = 'C:\\Users\\Employee\\Google Drive\\UP\\MyResearch\\TaskProgramming\\AB_pic\\resources\\mummy.jpg'
7.4726 	EXP 	polygon: opacity = 0.0
7.4726 	EXP 	displayPicture: image = 'C:\\Users\\Employee\\Google Drive\\UP\\MyResearch\\TaskProgramming\\AB_pic\\resources\\mummy.jpg'
7.4892 	EXP 	polygon: opacity = 0.0
7.4892 	EXP 	displayPicture: image = 'C:\\Users\\Employee\\Google Drive\\UP\\MyResearch\\TaskProgramming\\AB_pic\\resources\\mummy.jpg'
7.5059 	EXP 	polygon: opacity = 0.0
7.5059 	EXP 	displayPicture: image = 'C:\\Users\\Employee\\Google Drive\\UP\\MyResearch\\TaskProgramming\\AB_pic\\resources\\mummy.jpg'
7.5226 	EXP 	polygon: opacity = 0.0
7.5226 	EXP 	displayPicture: image = 'C:\\Users\\Employee\\Google Drive\\UP\\MyResearch\\TaskProgramming\\AB_pic\\resources\\mummy.jpg'
7.5392 	EXP 	polygon: opacity = 0.0
7.5392 	EXP 	displayPicture: image = 'C:\\Users\\Employee\\Google Drive\\UP\\MyResearch\\TaskProgramming\\AB_pic\\resources\\mummy.jpg'
7.5559 	EXP 	polygon: opacity = 0.0
7.5559 	EXP 	displayPicture: image = 'C:\\Users\\Employee\\Google Drive\\UP\\MyResearch\\TaskProgramming\\AB_pic\\resources\\mummy.jpg'
7.5726 	EXP 	polygon: opacity = 0.0
7.5726 	EXP 	displayPicture: image = 'C:\\Users\\Employee\\Google Drive\\UP\\MyResearch\\TaskProgramming\\AB_pic\\resources\\mummy.jpg'
7.5892 	EXP 	polygon: opacity = 0.0
7.5892 	EXP 	displayPicture: image = 'C:\\Users\\Employee\\Google Drive\\UP\\MyResearch\\TaskProgramming\\AB_pic\\resources\\mummy.jpg'
7.6059 	EXP 	polygon: opacity = 0.0
7.6059 	EXP 	displayPicture: image = 'C:\\Users\\Employee\\Google Drive\\UP\\MyResearch\\TaskProgramming\\AB_pic\\resources\\mummy.jpg'
7.6226 	EXP 	polygon: opacity = 0.0
7.6226 	EXP 	displayPicture: image = 'C:\\Users\\Employee\\Google Drive\\UP\\MyResearch\\TaskProgramming\\AB_pic\\resources\\mummy.jpg'
7.6392 	EXP 	polygon: opacity = 0.0
7.6392 	EXP 	displayPicture: image = 'C:\\Users\\Employee\\Google Drive\\UP\\MyResearch\\TaskProgramming\\AB_pic\\resources\\mummy.jpg'
7.6559 	EXP 	polygon: opacity = 0.0
7.6559 	EXP 	displayPicture: image = 'C:\\Users\\Employee\\Google Drive\\UP\\MyResearch\\TaskProgramming\\AB_pic\\resources\\mummy.jpg'
7.6726 	EXP 	polygon: opacity = 0.0
7.6726 	EXP 	displayPicture: image = 'C:\\Users\\Employee\\Google Drive\\UP\\MyResearch\\TaskProgramming\\AB_pic\\resources\\mummy.jpg'
7.6893 	EXP 	polygon: opacity = 0.0
7.6893 	EXP 	displayPicture: image = 'C:\\Users\\Employee\\Google Drive\\UP\\MyResearch\\TaskProgramming\\AB_pic\\resources\\mummy.jpg'
7.7059 	EXP 	polygon: opacity = 0.0
7.7059 	EXP 	displayPicture: image = 'C:\\Users\\Employee\\Google Drive\\UP\\MyResearch\\TaskProgramming\\AB_pic\\resources\\mummy.jpg'
7.7226 	EXP 	polygon: opacity = 0.0
7.7226 	EXP 	displayPicture: image = 'C:\\Users\\Employee\\Google Drive\\UP\\MyResearch\\TaskProgramming\\AB_pic\\resources\\mummy.jpg'
7.7393 	EXP 	polygon: opacity = 0.0
7.7393 	EXP 	displayPicture: image = 'C:\\Users\\Employee\\Google Drive\\UP\\MyResearch\\TaskProgramming\\AB_pic\\resources\\mummy.jpg'
7.7559 	EXP 	polygon: opacity = 0.0
7.7559 	EXP 	displayPicture: image = 'C:\\Users\\Employee\\Google Drive\\UP\\MyResearch\\TaskProgramming\\AB_pic\\resources\\mummy.jpg'
7.7726 	EXP 	polygon: opacity = 0.0
7.7726 	EXP 	displayPicture: image = 'C:\\Users\\Employee\\Google Drive\\UP\\MyResearch\\TaskProgramming\\AB_pic\\resources\\mummy.jpg'
7.7892 	EXP 	polygon: opacity = 0.0
7.7892 	EXP 	displayPicture: image = 'C:\\Users\\Employee\\Google Drive\\UP\\MyResearch\\TaskProgramming\\AB_pic\\resources\\skunk.jpg'
7.8059 	EXP 	polygon: opacity = 0.0
7.8059 	EXP 	displayPicture: image = 'C:\\Users\\Employee\\Google Drive\\UP\\MyResearch\\TaskProgramming\\AB_pic\\resources\\skunk.jpg'
7.8226 	EXP 	polygon: opacity = 0.0
7.8226 	EXP 	displayPicture: image = 'C:\\Users\\Employee\\Google Drive\\UP\\MyResearch\\TaskProgramming\\AB_pic\\resources\\skunk.jpg'
7.8392 	EXP 	polygon: opacity = 0.0
7.8392 	EXP 	displayPicture: image = 'C:\\Users\\Employee\\Google Drive\\UP\\MyResearch\\TaskProgramming\\AB_pic\\resources\\skunk.jpg'
7.8559 	EXP 	polygon: opacity = 0.0
7.8559 	EXP 	displayPicture: image = 'C:\\Users\\Employee\\Google Drive\\UP\\MyResearch\\TaskProgramming\\AB_pic\\resources\\skunk.jpg'
7.8726 	EXP 	polygon: opacity = 0.0
7.8726 	EXP 	displayPicture: image = 'C:\\Users\\Employee\\Google Drive\\UP\\MyResearch\\TaskProgramming\\AB_pic\\resources\\skunk.jpg'
7.8892 	EXP 	polygon: opacity = 0.0
7.8892 	EXP 	displayPicture: image = 'C:\\Users\\Employee\\Google Drive\\UP\\MyResearch\\TaskProgramming\\AB_pic\\resources\\skunk.jpg'
7.9059 	EXP 	polygon: opacity = 0.0
7.9059 	EXP 	displayPicture: image = 'C:\\Users\\Employee\\Google Drive\\UP\\MyResearch\\TaskProgramming\\AB_pic\\resources\\skunk.jpg'
7.9226 	EXP 	polygon: opacity = 0.0
7.9226 	EXP 	displayPicture: image = 'C:\\Users\\Employee\\Google Drive\\UP\\MyResearch\\TaskProgramming\\AB_pic\\resources\\skunk.jpg'
7.9392 	EXP 	polygon: opacity = 0.0
7.9392 	EXP 	displayPicture: image = 'C:\\Users\\Employee\\Google Drive\\UP\\MyResearch\\TaskProgramming\\AB_pic\\resources\\skunk.jpg'
7.9559 	EXP 	polygon: opacity = 0.0
7.9559 	EXP 	displayPicture: image = 'C:\\Users\\Employee\\Google Drive\\UP\\MyResearch\\TaskProgramming\\AB_pic\\resources\\skunk.jpg'
7.9726 	EXP 	polygon: opacity = 0.0
7.9726 	EXP 	displayPicture: image = 'C:\\Users\\Employee\\Google Drive\\UP\\MyResearch\\TaskProgramming\\AB_pic\\resources\\skunk.jpg'
7.9892 	EXP 	polygon: opacity = 0.0
7.9892 	EXP 	displayPicture: image = 'C:\\Users\\Employee\\Google Drive\\UP\\MyResearch\\TaskProgramming\\AB_pic\\resources\\skunk.jpg'
8.0059 	EXP 	polygon: opacity = 0.0
8.0059 	EXP 	displayPicture: image = 'C:\\Users\\Employee\\Google Drive\\UP\\MyResearch\\TaskProgramming\\AB_pic\\resources\\skunk.jpg'
8.0226 	EXP 	polygon: opacity = 0.0
8.0226 	EXP 	displayPicture: image = 'C:\\Users\\Employee\\Google Drive\\UP\\MyResearch\\TaskProgramming\\AB_pic\\resources\\skunk.jpg'
8.0392 	EXP 	polygon: opacity = 0.0
8.0392 	EXP 	displayPicture: image = 'C:\\Users\\Employee\\Google Drive\\UP\\MyResearch\\TaskProgramming\\AB_pic\\resources\\skunk.jpg'
8.0559 	EXP 	polygon: opacity = 0.0
8.0559 	EXP 	displayPicture: image = 'C:\\Users\\Employee\\Google Drive\\UP\\MyResearch\\TaskProgramming\\AB_pic\\resources\\skunk.jpg'
8.0725 	EXP 	polygon: opacity = 0.0
8.0725 	EXP 	displayPicture: image = 'C:\\Users\\Employee\\Google Drive\\UP\\MyResearch\\TaskProgramming\\AB_pic\\resources\\skunk.jpg'
8.0892 	EXP 	polygon: opacity = 0.0
8.0892 	EXP 	displayPicture: image = 'C:\\Users\\Employee\\Google Drive\\UP\\MyResearch\\TaskProgramming\\AB_pic\\resources\\skunk.jpg'
8.1059 	EXP 	polygon: opacity = 0.0
8.1059 	EXP 	displayPicture: image = 'C:\\Users\\Employee\\Google Drive\\UP\\MyResearch\\TaskProgramming\\AB_pic\\resources\\skunk.jpg'
8.1225 	EXP 	polygon: opacity = 0.0
8.1225 	EXP 	displayPicture: image = 'C:\\Users\\Employee\\Google Drive\\UP\\MyResearch\\TaskProgramming\\AB_pic\\resources\\skunk.jpg'
8.1392 	EXP 	polygon: opacity = 0.0
8.1392 	EXP 	displayPicture: image = 'C:\\Users\\Employee\\Google Drive\\UP\\MyResearch\\TaskProgramming\\AB_pic\\resources\\skunk.jpg'
8.1559 	EXP 	polygon: opacity = 0.0
8.1559 	EXP 	displayPicture: image = 'C:\\Users\\Employee\\Google Drive\\UP\\MyResearch\\TaskProgramming\\AB_pic\\resources\\skunk.jpg'
8.1725 	EXP 	polygon: opacity = 0.0
8.1725 	EXP 	displayPicture: image = 'C:\\Users\\Employee\\Google Drive\\UP\\MyResearch\\TaskProgramming\\AB_pic\\resources\\skunk.jpg'
8.1892 	EXP 	polygon: opacity = 0.0
8.1892 	EXP 	displayPicture: image = 'C:\\Users\\Employee\\Google Drive\\UP\\MyResearch\\TaskProgramming\\AB_pic\\resources\\trampoline.jpg'
8.2059 	EXP 	polygon: opacity = 0.0
8.2059 	EXP 	displayPicture: image = 'C:\\Users\\Employee\\Google Drive\\UP\\MyResearch\\TaskProgramming\\AB_pic\\resources\\trampoline.jpg'
8.2226 	EXP 	polygon: opacity = 0.0
8.2226 	EXP 	displayPicture: image = 'C:\\Users\\Employee\\Google Drive\\UP\\MyResearch\\TaskProgramming\\AB_pic\\resources\\trampoline.jpg'
8.2392 	EXP 	polygon: opacity = 0.0
8.2392 	EXP 	displayPicture: image = 'C:\\Users\\Employee\\Google Drive\\UP\\MyResearch\\TaskProgramming\\AB_pic\\resources\\trampoline.jpg'
8.2559 	EXP 	polygon: opacity = 0.0
8.2559 	EXP 	displayPicture: image = 'C:\\Users\\Employee\\Google Drive\\UP\\MyResearch\\TaskProgramming\\AB_pic\\resources\\trampoline.jpg'
8.2725 	EXP 	polygon: opacity = 0.0
8.2725 	EXP 	displayPicture: image = 'C:\\Users\\Employee\\Google Drive\\UP\\MyResearch\\TaskProgramming\\AB_pic\\resources\\trampoline.jpg'
8.2892 	EXP 	polygon: opacity = 0.0
8.2892 	EXP 	displayPicture: image = 'C:\\Users\\Employee\\Google Drive\\UP\\MyResearch\\TaskProgramming\\AB_pic\\resources\\trampoline.jpg'
8.3059 	EXP 	polygon: opacity = 0.0
8.3059 	EXP 	displayPicture: image = 'C:\\Users\\Employee\\Google Drive\\UP\\MyResearch\\TaskProgramming\\AB_pic\\resources\\trampoline.jpg'
8.3226 	EXP 	polygon: opacity = 0.0
8.3226 	EXP 	displayPicture: image = 'C:\\Users\\Employee\\Google Drive\\UP\\MyResearch\\TaskProgramming\\AB_pic\\resources\\trampoline.jpg'
8.3392 	EXP 	polygon: opacity = 0.0
8.3392 	EXP 	displayPicture: image = 'C:\\Users\\Employee\\Google Drive\\UP\\MyResearch\\TaskProgramming\\AB_pic\\resources\\trampoline.jpg'
8.3559 	EXP 	polygon: opacity = 0.0
8.3559 	EXP 	displayPicture: image = 'C:\\Users\\Employee\\Google Drive\\UP\\MyResearch\\TaskProgramming\\AB_pic\\resources\\trampoline.jpg'
8.3725 	EXP 	polygon: opacity = 0.0
8.3725 	EXP 	displayPicture: image = 'C:\\Users\\Employee\\Google Drive\\UP\\MyResearch\\TaskProgramming\\AB_pic\\resources\\trampoline.jpg'
8.3892 	EXP 	polygon: opacity = 0.0
8.3892 	EXP 	displayPicture: image = 'C:\\Users\\Employee\\Google Drive\\UP\\MyResearch\\TaskProgramming\\AB_pic\\resources\\trampoline.jpg'
8.4059 	EXP 	polygon: opacity = 0.0
8.4059 	EXP 	displayPicture: image = 'C:\\Users\\Employee\\Google Drive\\UP\\MyResearch\\TaskProgramming\\AB_pic\\resources\\trampoline.jpg'
8.4225 	EXP 	polygon: opacity = 0.0
8.4225 	EXP 	displayPicture: image = 'C:\\Users\\Employee\\Google Drive\\UP\\MyResearch\\TaskProgramming\\AB_pic\\resources\\trampoline.jpg'
8.4392 	EXP 	polygon: opacity = 0.0
8.4392 	EXP 	displayPicture: image = 'C:\\Users\\Employee\\Google Drive\\UP\\MyResearch\\TaskProgramming\\AB_pic\\resources\\trampoline.jpg'
8.4558 	EXP 	polygon: opacity = 0.0
8.4558 	EXP 	displayPicture: image = 'C:\\Users\\Employee\\Google Drive\\UP\\MyResearch\\TaskProgramming\\AB_pic\\resources\\trampoline.jpg'
8.4725 	EXP 	polygon: opacity = 0.0
8.4725 	EXP 	displayPicture: image = 'C:\\Users\\Employee\\Google Drive\\UP\\MyResearch\\TaskProgramming\\AB_pic\\resources\\trampoline.jpg'
8.4891 	EXP 	polygon: opacity = 0.0
8.4891 	EXP 	displayPicture: image = 'C:\\Users\\Employee\\Google Drive\\UP\\MyResearch\\TaskProgramming\\AB_pic\\resources\\trampoline.jpg'
8.5058 	EXP 	polygon: opacity = 0.0
8.5058 	EXP 	displayPicture: image = 'C:\\Users\\Employee\\Google Drive\\UP\\MyResearch\\TaskProgramming\\AB_pic\\resources\\trampoline.jpg'
8.5225 	EXP 	polygon: opacity = 0.0
8.5225 	EXP 	displayPicture: image = 'C:\\Users\\Employee\\Google Drive\\UP\\MyResearch\\TaskProgramming\\AB_pic\\resources\\trampoline.jpg'
8.5392 	EXP 	polygon: opacity = 0.0
8.5392 	EXP 	displayPicture: image = 'C:\\Users\\Employee\\Google Drive\\UP\\MyResearch\\TaskProgramming\\AB_pic\\resources\\trampoline.jpg'
8.6225 	EXP 	polygon: opacity = 0.0
8.6225 	EXP 	displayPicture: image = 'C:\\Users\\Employee\\Google Drive\\UP\\MyResearch\\TaskProgramming\\AB_pic\\resources\\trampoline.jpg'
8.6392 	EXP 	polygon: opacity = 0.0
8.6392 	EXP 	displayPicture: image = 'C:\\Users\\Employee\\Google Drive\\UP\\MyResearch\\TaskProgramming\\AB_pic\\resources\\pokerchips.jpg'
8.6559 	EXP 	polygon: opacity = 0.0
8.6559 	EXP 	displayPicture: image = 'C:\\Users\\Employee\\Google Drive\\UP\\MyResearch\\TaskProgramming\\AB_pic\\resources\\pokerchips.jpg'
8.6725 	EXP 	polygon: opacity = 0.0
8.6725 	EXP 	displayPicture: image = 'C:\\Users\\Employee\\Google Drive\\UP\\MyResearch\\TaskProgramming\\AB_pic\\resources\\pokerchips.jpg'
8.6892 	EXP 	polygon: opacity = 0.0
8.6892 	EXP 	displayPicture: image = 'C:\\Users\\Employee\\Google Drive\\UP\\MyResearch\\TaskProgramming\\AB_pic\\resources\\pokerchips.jpg'
8.7059 	EXP 	polygon: opacity = 0.0
8.7059 	EXP 	displayPicture: image = 'C:\\Users\\Employee\\Google Drive\\UP\\MyResearch\\TaskProgramming\\AB_pic\\resources\\pokerchips.jpg'
8.7225 	EXP 	polygon: opacity = 0.0
8.7225 	EXP 	displayPicture: image = 'C:\\Users\\Employee\\Google Drive\\UP\\MyResearch\\TaskProgramming\\AB_pic\\resources\\pokerchips.jpg'
8.7392 	EXP 	polygon: opacity = 0.0
8.7392 	EXP 	displayPicture: image = 'C:\\Users\\Employee\\Google Drive\\UP\\MyResearch\\TaskProgramming\\AB_pic\\resources\\pokerchips.jpg'
8.7559 	EXP 	polygon: opacity = 0.0
8.7559 	EXP 	displayPicture: image = 'C:\\Users\\Employee\\Google Drive\\UP\\MyResearch\\TaskProgramming\\AB_pic\\resources\\pokerchips.jpg'
8.7725 	EXP 	polygon: opacity = 0.0
8.7725 	EXP 	displayPicture: image = 'C:\\Users\\Employee\\Google Drive\\UP\\MyResearch\\TaskProgramming\\AB_pic\\resources\\pokerchips.jpg'
8.7892 	EXP 	polygon: opacity = 0.0
8.7892 	EXP 	displayPicture: image = 'C:\\Users\\Employee\\Google Drive\\UP\\MyResearch\\TaskProgramming\\AB_pic\\resources\\pokerchips.jpg'
8.8059 	EXP 	polygon: opacity = 0.0
8.8059 	EXP 	displayPicture: image = 'C:\\Users\\Employee\\Google Drive\\UP\\MyResearch\\TaskProgramming\\AB_pic\\resources\\pokerchips.jpg'
8.8225 	EXP 	polygon: opacity = 0.0
8.8225 	EXP 	displayPicture: image = 'C:\\Users\\Employee\\Google Drive\\UP\\MyResearch\\TaskProgramming\\AB_pic\\resources\\pokerchips.jpg'
8.8392 	EXP 	polygon: opacity = 0.0
8.8392 	EXP 	displayPicture: image = 'C:\\Users\\Employee\\Google Drive\\UP\\MyResearch\\TaskProgramming\\AB_pic\\resources\\pokerchips.jpg'
8.8558 	EXP 	polygon: opacity = 0.0
8.8558 	EXP 	displayPicture: image = 'C:\\Users\\Employee\\Google Drive\\UP\\MyResearch\\TaskProgramming\\AB_pic\\resources\\pokerchips.jpg'
8.8725 	EXP 	polygon: opacity = 0.0
8.8725 	EXP 	displayPicture: image = 'C:\\Users\\Employee\\Google Drive\\UP\\MyResearch\\TaskProgramming\\AB_pic\\resources\\pokerchips.jpg'
8.8891 	EXP 	polygon: opacity = 0.0
8.8891 	EXP 	displayPicture: image = 'C:\\Users\\Employee\\Google Drive\\UP\\MyResearch\\TaskProgramming\\AB_pic\\resources\\pokerchips.jpg'
8.9058 	EXP 	polygon: opacity = 0.0
8.9058 	EXP 	displayPicture: image = 'C:\\Users\\Employee\\Google Drive\\UP\\MyResearch\\TaskProgramming\\AB_pic\\resources\\pokerchips.jpg'
8.9225 	EXP 	polygon: opacity = 0.0
8.9225 	EXP 	displayPicture: image = 'C:\\Users\\Employee\\Google Drive\\UP\\MyResearch\\TaskProgramming\\AB_pic\\resources\\pokerchips.jpg'
8.9391 	EXP 	polygon: opacity = 0.0
8.9391 	EXP 	displayPicture: image = 'C:\\Users\\Employee\\Google Drive\\UP\\MyResearch\\TaskProgramming\\AB_pic\\resources\\pokerchips.jpg'
8.9558 	EXP 	polygon: opacity = 0.0
8.9558 	EXP 	displayPicture: image = 'C:\\Users\\Employee\\Google Drive\\UP\\MyResearch\\TaskProgramming\\AB_pic\\resources\\pokerchips.jpg'
8.9725 	EXP 	polygon: opacity = 0.0
8.9725 	EXP 	displayPicture: image = 'C:\\Users\\Employee\\Google Drive\\UP\\MyResearch\\TaskProgramming\\AB_pic\\resources\\pokerchips.jpg'
8.9891 	EXP 	polygon: opacity = 0.0
8.9891 	EXP 	displayPicture: image = 'C:\\Users\\Employee\\Google Drive\\UP\\MyResearch\\TaskProgramming\\AB_pic\\resources\\foot.jpg'
9.0058 	EXP 	polygon: opacity = 0.0
9.0058 	EXP 	displayPicture: image = 'C:\\Users\\Employee\\Google Drive\\UP\\MyResearch\\TaskProgramming\\AB_pic\\resources\\foot.jpg'
9.0225 	EXP 	polygon: opacity = 0.0
9.0225 	EXP 	displayPicture: image = 'C:\\Users\\Employee\\Google Drive\\UP\\MyResearch\\TaskProgramming\\AB_pic\\resources\\foot.jpg'
9.0391 	EXP 	polygon: opacity = 0.0
9.0391 	EXP 	displayPicture: image = 'C:\\Users\\Employee\\Google Drive\\UP\\MyResearch\\TaskProgramming\\AB_pic\\resources\\foot.jpg'
9.0558 	EXP 	polygon: opacity = 0.0
9.0558 	EXP 	displayPicture: image = 'C:\\Users\\Employee\\Google Drive\\UP\\MyResearch\\TaskProgramming\\AB_pic\\resources\\foot.jpg'
9.0725 	EXP 	polygon: opacity = 0.0
9.0725 	EXP 	displayPicture: image = 'C:\\Users\\Employee\\Google Drive\\UP\\MyResearch\\TaskProgramming\\AB_pic\\resources\\foot.jpg'
9.0891 	EXP 	polygon: opacity = 0.0
9.0891 	EXP 	displayPicture: image = 'C:\\Users\\Employee\\Google Drive\\UP\\MyResearch\\TaskProgramming\\AB_pic\\resources\\foot.jpg'
9.1058 	EXP 	polygon: opacity = 0.0
9.1058 	EXP 	displayPicture: image = 'C:\\Users\\Employee\\Google Drive\\UP\\MyResearch\\TaskProgramming\\AB_pic\\resources\\foot.jpg'
9.1225 	EXP 	polygon: opacity = 0.0
9.1225 	EXP 	displayPicture: image = 'C:\\Users\\Employee\\Google Drive\\UP\\MyResearch\\TaskProgramming\\AB_pic\\resources\\foot.jpg'
9.1391 	EXP 	polygon: opacity = 0.0
9.1391 	EXP 	displayPicture: image = 'C:\\Users\\Employee\\Google Drive\\UP\\MyResearch\\TaskProgramming\\AB_pic\\resources\\foot.jpg'
9.1558 	EXP 	polygon: opacity = 0.0
9.1558 	EXP 	displayPicture: image = 'C:\\Users\\Employee\\Google Drive\\UP\\MyResearch\\TaskProgramming\\AB_pic\\resources\\foot.jpg'
9.1725 	EXP 	polygon: opacity = 0.0
9.1725 	EXP 	displayPicture: image = 'C:\\Users\\Employee\\Google Drive\\UP\\MyResearch\\TaskProgramming\\AB_pic\\resources\\foot.jpg'
9.1891 	EXP 	polygon: opacity = 0.0
9.1891 	EXP 	displayPicture: image = 'C:\\Users\\Employee\\Google Drive\\UP\\MyResearch\\TaskProgramming\\AB_pic\\resources\\foot.jpg'
9.2058 	EXP 	polygon: opacity = 0.0
9.2058 	EXP 	displayPicture: image = 'C:\\Users\\Employee\\Google Drive\\UP\\MyResearch\\TaskProgramming\\AB_pic\\resources\\foot.jpg'
9.2225 	EXP 	polygon: opacity = 0.0
9.2225 	EXP 	displayPicture: image = 'C:\\Users\\Employee\\Google Drive\\UP\\MyResearch\\TaskProgramming\\AB_pic\\resources\\foot.jpg'
9.2391 	EXP 	polygon: opacity = 0.0
9.2391 	EXP 	displayPicture: image = 'C:\\Users\\Employee\\Google Drive\\UP\\MyResearch\\TaskProgramming\\AB_pic\\resources\\foot.jpg'
9.2558 	EXP 	polygon: opacity = 0.0
9.2558 	EXP 	displayPicture: image = 'C:\\Users\\Employee\\Google Drive\\UP\\MyResearch\\TaskProgramming\\AB_pic\\resources\\foot.jpg'
9.2724 	EXP 	polygon: opacity = 0.0
9.2724 	EXP 	displayPicture: image = 'C:\\Users\\Employee\\Google Drive\\UP\\MyResearch\\TaskProgramming\\AB_pic\\resources\\foot.jpg'
9.2891 	EXP 	polygon: opacity = 0.0
9.2891 	EXP 	displayPicture: image = 'C:\\Users\\Employee\\Google Drive\\UP\\MyResearch\\TaskProgramming\\AB_pic\\resources\\foot.jpg'
9.3058 	EXP 	polygon: opacity = 0.0
9.3058 	EXP 	displayPicture: image = 'C:\\Users\\Employee\\Google Drive\\UP\\MyResearch\\TaskProgramming\\AB_pic\\resources\\foot.jpg'
9.3224 	EXP 	polygon: opacity = 0.0
9.3224 	EXP 	displayPicture: image = 'C:\\Users\\Employee\\Google Drive\\UP\\MyResearch\\TaskProgramming\\AB_pic\\resources\\foot.jpg'
9.3391 	EXP 	polygon: opacity = 0.0
9.3391 	EXP 	displayPicture: image = 'C:\\Users\\Employee\\Google Drive\\UP\\MyResearch\\TaskProgramming\\AB_pic\\resources\\foot.jpg'
9.3558 	EXP 	polygon: opacity = 0.0
9.3558 	EXP 	displayPicture: image = 'C:\\Users\\Employee\\Google Drive\\UP\\MyResearch\\TaskProgramming\\AB_pic\\resources\\foot.jpg'
9.3725 	EXP 	polygon: opacity = 0.0
9.3725 	EXP 	displayPicture: image = 'C:\\Users\\Employee\\Google Drive\\UP\\MyResearch\\TaskProgramming\\AB_pic\\resources\\foot.jpg'
9.3891 	EXP 	polygon: opacity = 0.0
9.3891 	EXP 	displayPicture: image = 'C:\\Users\\Employee\\Google Drive\\UP\\MyResearch\\TaskProgramming\\AB_pic\\resources\\electrictoothbrush01c.jpg'
9.4059 	EXP 	polygon: opacity = 0.0
9.4059 	EXP 	displayPicture: image = 'C:\\Users\\Employee\\Google Drive\\UP\\MyResearch\\TaskProgramming\\AB_pic\\resources\\electrictoothbrush01c.jpg'
9.4225 	EXP 	polygon: opacity = 0.0
9.4225 	EXP 	displayPicture: image = 'C:\\Users\\Employee\\Google Drive\\UP\\MyResearch\\TaskProgramming\\AB_pic\\resources\\electrictoothbrush01c.jpg'
9.4392 	EXP 	polygon: opacity = 0.0
9.4392 	EXP 	displayPicture: image = 'C:\\Users\\Employee\\Google Drive\\UP\\MyResearch\\TaskProgramming\\AB_pic\\resources\\electrictoothbrush01c.jpg'
9.4558 	EXP 	polygon: opacity = 0.0
9.4558 	EXP 	displayPicture: image = 'C:\\Users\\Employee\\Google Drive\\UP\\MyResearch\\TaskProgramming\\AB_pic\\resources\\electrictoothbrush01c.jpg'
9.4725 	EXP 	polygon: opacity = 0.0
9.4725 	EXP 	displayPicture: image = 'C:\\Users\\Employee\\Google Drive\\UP\\MyResearch\\TaskProgramming\\AB_pic\\resources\\electrictoothbrush01c.jpg'
9.4892 	EXP 	polygon: opacity = 0.0
9.4892 	EXP 	displayPicture: image = 'C:\\Users\\Employee\\Google Drive\\UP\\MyResearch\\TaskProgramming\\AB_pic\\resources\\electrictoothbrush01c.jpg'
9.5059 	EXP 	polygon: opacity = 0.0
9.5059 	EXP 	displayPicture: image = 'C:\\Users\\Employee\\Google Drive\\UP\\MyResearch\\TaskProgramming\\AB_pic\\resources\\electrictoothbrush01c.jpg'
9.5226 	EXP 	polygon: opacity = 0.0
9.5226 	EXP 	displayPicture: image = 'C:\\Users\\Employee\\Google Drive\\UP\\MyResearch\\TaskProgramming\\AB_pic\\resources\\electrictoothbrush01c.jpg'
9.5391 	EXP 	polygon: opacity = 0.0
9.5391 	EXP 	displayPicture: image = 'C:\\Users\\Employee\\Google Drive\\UP\\MyResearch\\TaskProgramming\\AB_pic\\resources\\electrictoothbrush01c.jpg'
9.5558 	EXP 	polygon: opacity = 0.0
9.5558 	EXP 	displayPicture: image = 'C:\\Users\\Employee\\Google Drive\\UP\\MyResearch\\TaskProgramming\\AB_pic\\resources\\electrictoothbrush01c.jpg'
9.5725 	EXP 	polygon: opacity = 0.0
9.5725 	EXP 	displayPicture: image = 'C:\\Users\\Employee\\Google Drive\\UP\\MyResearch\\TaskProgramming\\AB_pic\\resources\\electrictoothbrush01c.jpg'
9.5892 	EXP 	polygon: opacity = 0.0
9.5892 	EXP 	displayPicture: image = 'C:\\Users\\Employee\\Google Drive\\UP\\MyResearch\\TaskProgramming\\AB_pic\\resources\\electrictoothbrush01c.jpg'
9.6058 	EXP 	polygon: opacity = 0.0
9.6058 	EXP 	displayPicture: image = 'C:\\Users\\Employee\\Google Drive\\UP\\MyResearch\\TaskProgramming\\AB_pic\\resources\\electrictoothbrush01c.jpg'
9.6225 	EXP 	polygon: opacity = 0.0
9.6225 	EXP 	displayPicture: image = 'C:\\Users\\Employee\\Google Drive\\UP\\MyResearch\\TaskProgramming\\AB_pic\\resources\\electrictoothbrush01c.jpg'
9.6391 	EXP 	polygon: opacity = 0.0
9.6391 	EXP 	displayPicture: image = 'C:\\Users\\Employee\\Google Drive\\UP\\MyResearch\\TaskProgramming\\AB_pic\\resources\\electrictoothbrush01c.jpg'
9.6558 	EXP 	polygon: opacity = 0.0
9.6558 	EXP 	displayPicture: image = 'C:\\Users\\Employee\\Google Drive\\UP\\MyResearch\\TaskProgramming\\AB_pic\\resources\\electrictoothbrush01c.jpg'
9.6725 	EXP 	polygon: opacity = 0.0
9.6725 	EXP 	displayPicture: image = 'C:\\Users\\Employee\\Google Drive\\UP\\MyResearch\\TaskProgramming\\AB_pic\\resources\\electrictoothbrush01c.jpg'
9.6891 	EXP 	polygon: opacity = 0.0
9.6891 	EXP 	displayPicture: image = 'C:\\Users\\Employee\\Google Drive\\UP\\MyResearch\\TaskProgramming\\AB_pic\\resources\\electrictoothbrush01c.jpg'
9.7058 	EXP 	polygon: opacity = 0.0
9.7058 	EXP 	displayPicture: image = 'C:\\Users\\Employee\\Google Drive\\UP\\MyResearch\\TaskProgramming\\AB_pic\\resources\\electrictoothbrush01c.jpg'
9.7225 	EXP 	polygon: opacity = 0.0
9.7225 	EXP 	displayPicture: image = 'C:\\Users\\Employee\\Google Drive\\UP\\MyResearch\\TaskProgramming\\AB_pic\\resources\\electrictoothbrush01c.jpg'
9.7391 	EXP 	polygon: opacity = 0.0
9.7391 	EXP 	displayPicture: image = 'C:\\Users\\Employee\\Google Drive\\UP\\MyResearch\\TaskProgramming\\AB_pic\\resources\\electrictoothbrush01c.jpg'
9.7558 	EXP 	polygon: opacity = 0.0
9.7558 	EXP 	displayPicture: image = 'C:\\Users\\Employee\\Google Drive\\UP\\MyResearch\\TaskProgramming\\AB_pic\\resources\\electrictoothbrush01c.jpg'
9.7725 	EXP 	polygon: opacity = 0.0
9.7725 	EXP 	displayPicture: image = 'C:\\Users\\Employee\\Google Drive\\UP\\MyResearch\\TaskProgramming\\AB_pic\\resources\\electrictoothbrush01c.jpg'
9.7891 	EXP 	polygon: opacity = 0.0
9.7891 	EXP 	displayPicture: image = 'C:\\Users\\Employee\\Google Drive\\UP\\MyResearch\\TaskProgramming\\AB_pic\\resources\\cactus.jpg'
9.8058 	EXP 	polygon: opacity = 0.0
9.8058 	EXP 	displayPicture: image = 'C:\\Users\\Employee\\Google Drive\\UP\\MyResearch\\TaskProgramming\\AB_pic\\resources\\cactus.jpg'
9.8225 	EXP 	polygon: opacity = 0.0
9.8225 	EXP 	displayPicture: image = 'C:\\Users\\Employee\\Google Drive\\UP\\MyResearch\\TaskProgramming\\AB_pic\\resources\\cactus.jpg'
9.8391 	EXP 	polygon: opacity = 0.0
9.8391 	EXP 	displayPicture: image = 'C:\\Users\\Employee\\Google Drive\\UP\\MyResearch\\TaskProgramming\\AB_pic\\resources\\cactus.jpg'
9.8558 	EXP 	polygon: opacity = 0.0
9.8558 	EXP 	displayPicture: image = 'C:\\Users\\Employee\\Google Drive\\UP\\MyResearch\\TaskProgramming\\AB_pic\\resources\\cactus.jpg'
9.8725 	EXP 	polygon: opacity = 0.0
9.8725 	EXP 	displayPicture: image = 'C:\\Users\\Employee\\Google Drive\\UP\\MyResearch\\TaskProgramming\\AB_pic\\resources\\cactus.jpg'
9.8891 	EXP 	polygon: opacity = 0.0
9.8891 	EXP 	displayPicture: image = 'C:\\Users\\Employee\\Google Drive\\UP\\MyResearch\\TaskProgramming\\AB_pic\\resources\\cactus.jpg'
9.9058 	EXP 	polygon: opacity = 0.0
9.9058 	EXP 	displayPicture: image = 'C:\\Users\\Employee\\Google Drive\\UP\\MyResearch\\TaskProgramming\\AB_pic\\resources\\cactus.jpg'
9.9225 	EXP 	polygon: opacity = 0.0
9.9225 	EXP 	displayPicture: image = 'C:\\Users\\Employee\\Google Drive\\UP\\MyResearch\\TaskProgramming\\AB_pic\\resources\\cactus.jpg'
9.9391 	EXP 	polygon: opacity = 0.0
9.9391 	EXP 	displayPicture: image = 'C:\\Users\\Employee\\Google Drive\\UP\\MyResearch\\TaskProgramming\\AB_pic\\resources\\cactus.jpg'
9.9558 	EXP 	polygon: opacity = 0.0
9.9558 	EXP 	displayPicture: image = 'C:\\Users\\Employee\\Google Drive\\UP\\MyResearch\\TaskProgramming\\AB_pic\\resources\\cactus.jpg'
9.9725 	EXP 	polygon: opacity = 0.0
9.9725 	EXP 	displayPicture: image = 'C:\\Users\\Employee\\Google Drive\\UP\\MyResearch\\TaskProgramming\\AB_pic\\resources\\cactus.jpg'
9.9891 	EXP 	polygon: opacity = 0.0
9.9891 	EXP 	displayPicture: image = 'C:\\Users\\Employee\\Google Drive\\UP\\MyResearch\\TaskProgramming\\AB_pic\\resources\\cactus.jpg'
10.0058 	EXP 	polygon: opacity = 0.0
10.0058 	EXP 	displayPicture: image = 'C:\\Users\\Employee\\Google Drive\\UP\\MyResearch\\TaskProgramming\\AB_pic\\resources\\cactus.jpg'
10.0225 	EXP 	polygon: opacity = 0.0
10.0225 	EXP 	displayPicture: image = 'C:\\Users\\Employee\\Google Drive\\UP\\MyResearch\\TaskProgramming\\AB_pic\\resources\\cactus.jpg'
10.0391 	EXP 	polygon: opacity = 0.0
10.0391 	EXP 	displayPicture: image = 'C:\\Users\\Employee\\Google Drive\\UP\\MyResearch\\TaskProgramming\\AB_pic\\resources\\cactus.jpg'
10.0558 	EXP 	polygon: opacity = 0.0
10.0558 	EXP 	displayPicture: image = 'C:\\Users\\Employee\\Google Drive\\UP\\MyResearch\\TaskProgramming\\AB_pic\\resources\\cactus.jpg'
10.0725 	EXP 	polygon: opacity = 0.0
10.0725 	EXP 	displayPicture: image = 'C:\\Users\\Employee\\Google Drive\\UP\\MyResearch\\TaskProgramming\\AB_pic\\resources\\cactus.jpg'
10.0891 	EXP 	polygon: opacity = 0.0
10.0891 	EXP 	displayPicture: image = 'C:\\Users\\Employee\\Google Drive\\UP\\MyResearch\\TaskProgramming\\AB_pic\\resources\\cactus.jpg'
10.1058 	EXP 	polygon: opacity = 0.0
10.1058 	EXP 	displayPicture: image = 'C:\\Users\\Employee\\Google Drive\\UP\\MyResearch\\TaskProgramming\\AB_pic\\resources\\cactus.jpg'
10.1225 	EXP 	polygon: opacity = 0.0
10.1225 	EXP 	displayPicture: image = 'C:\\Users\\Employee\\Google Drive\\UP\\MyResearch\\TaskProgramming\\AB_pic\\resources\\cactus.jpg'
10.1391 	EXP 	polygon: opacity = 0.0
10.1391 	EXP 	displayPicture: image = 'C:\\Users\\Employee\\Google Drive\\UP\\MyResearch\\TaskProgramming\\AB_pic\\resources\\cactus.jpg'
10.1558 	EXP 	polygon: opacity = 0.0
10.1558 	EXP 	displayPicture: image = 'C:\\Users\\Employee\\Google Drive\\UP\\MyResearch\\TaskProgramming\\AB_pic\\resources\\cactus.jpg'
10.1725 	EXP 	polygon: opacity = 0.0
10.1725 	EXP 	displayPicture: image = 'C:\\Users\\Employee\\Google Drive\\UP\\MyResearch\\TaskProgramming\\AB_pic\\resources\\cactus.jpg'
10.1891 	EXP 	polygon: opacity = 0.0
10.1891 	EXP 	displayPicture: image = 'C:\\Users\\Employee\\Google Drive\\UP\\MyResearch\\TaskProgramming\\AB_pic\\resources\\licenseplate.jpg'
10.2058 	EXP 	polygon: opacity = 0.0
10.2058 	EXP 	displayPicture: image = 'C:\\Users\\Employee\\Google Drive\\UP\\MyResearch\\TaskProgramming\\AB_pic\\resources\\licenseplate.jpg'
10.2225 	EXP 	polygon: opacity = 0.0
10.2225 	EXP 	displayPicture: image = 'C:\\Users\\Employee\\Google Drive\\UP\\MyResearch\\TaskProgramming\\AB_pic\\resources\\licenseplate.jpg'
10.2391 	EXP 	polygon: opacity = 0.0
10.2391 	EXP 	displayPicture: image = 'C:\\Users\\Employee\\Google Drive\\UP\\MyResearch\\TaskProgramming\\AB_pic\\resources\\licenseplate.jpg'
10.2558 	EXP 	polygon: opacity = 0.0
10.2558 	EXP 	displayPicture: image = 'C:\\Users\\Employee\\Google Drive\\UP\\MyResearch\\TaskProgramming\\AB_pic\\resources\\licenseplate.jpg'
10.2725 	EXP 	polygon: opacity = 0.0
10.2725 	EXP 	displayPicture: image = 'C:\\Users\\Employee\\Google Drive\\UP\\MyResearch\\TaskProgramming\\AB_pic\\resources\\licenseplate.jpg'
10.2891 	EXP 	polygon: opacity = 0.0
10.2891 	EXP 	displayPicture: image = 'C:\\Users\\Employee\\Google Drive\\UP\\MyResearch\\TaskProgramming\\AB_pic\\resources\\licenseplate.jpg'
10.3058 	EXP 	polygon: opacity = 0.0
10.3058 	EXP 	displayPicture: image = 'C:\\Users\\Employee\\Google Drive\\UP\\MyResearch\\TaskProgramming\\AB_pic\\resources\\licenseplate.jpg'
10.3225 	EXP 	polygon: opacity = 0.0
10.3225 	EXP 	displayPicture: image = 'C:\\Users\\Employee\\Google Drive\\UP\\MyResearch\\TaskProgramming\\AB_pic\\resources\\licenseplate.jpg'
10.3391 	EXP 	polygon: opacity = 0.0
10.3391 	EXP 	displayPicture: image = 'C:\\Users\\Employee\\Google Drive\\UP\\MyResearch\\TaskProgramming\\AB_pic\\resources\\licenseplate.jpg'
10.3558 	EXP 	polygon: opacity = 0.0
10.3558 	EXP 	displayPicture: image = 'C:\\Users\\Employee\\Google Drive\\UP\\MyResearch\\TaskProgramming\\AB_pic\\resources\\licenseplate.jpg'
10.3725 	EXP 	polygon: opacity = 0.0
10.3725 	EXP 	displayPicture: image = 'C:\\Users\\Employee\\Google Drive\\UP\\MyResearch\\TaskProgramming\\AB_pic\\resources\\licenseplate.jpg'
10.3891 	EXP 	polygon: opacity = 0.0
10.3891 	EXP 	displayPicture: image = 'C:\\Users\\Employee\\Google Drive\\UP\\MyResearch\\TaskProgramming\\AB_pic\\resources\\licenseplate.jpg'
10.4058 	EXP 	polygon: opacity = 0.0
10.4058 	EXP 	displayPicture: image = 'C:\\Users\\Employee\\Google Drive\\UP\\MyResearch\\TaskProgramming\\AB_pic\\resources\\licenseplate.jpg'
10.4224 	EXP 	polygon: opacity = 0.0
10.4224 	EXP 	displayPicture: image = 'C:\\Users\\Employee\\Google Drive\\UP\\MyResearch\\TaskProgramming\\AB_pic\\resources\\licenseplate.jpg'
10.4391 	EXP 	polygon: opacity = 0.0
10.4391 	EXP 	displayPicture: image = 'C:\\Users\\Employee\\Google Drive\\UP\\MyResearch\\TaskProgramming\\AB_pic\\resources\\licenseplate.jpg'
10.4558 	EXP 	polygon: opacity = 0.0
10.4558 	EXP 	displayPicture: image = 'C:\\Users\\Employee\\Google Drive\\UP\\MyResearch\\TaskProgramming\\AB_pic\\resources\\licenseplate.jpg'
10.4724 	EXP 	polygon: opacity = 0.0
10.4724 	EXP 	displayPicture: image = 'C:\\Users\\Employee\\Google Drive\\UP\\MyResearch\\TaskProgramming\\AB_pic\\resources\\licenseplate.jpg'
10.4891 	EXP 	polygon: opacity = 0.0
10.4891 	EXP 	displayPicture: image = 'C:\\Users\\Employee\\Google Drive\\UP\\MyResearch\\TaskProgramming\\AB_pic\\resources\\licenseplate.jpg'
10.5058 	EXP 	polygon: opacity = 0.0
10.5058 	EXP 	displayPicture: image = 'C:\\Users\\Employee\\Google Drive\\UP\\MyResearch\\TaskProgramming\\AB_pic\\resources\\licenseplate.jpg'
10.5224 	EXP 	polygon: opacity = 0.0
10.5224 	EXP 	displayPicture: image = 'C:\\Users\\Employee\\Google Drive\\UP\\MyResearch\\TaskProgramming\\AB_pic\\resources\\licenseplate.jpg'
10.5391 	EXP 	polygon: opacity = 0.0
10.5391 	EXP 	displayPicture: image = 'C:\\Users\\Employee\\Google Drive\\UP\\MyResearch\\TaskProgramming\\AB_pic\\resources\\licenseplate.jpg'
10.5558 	EXP 	polygon: opacity = 0.0
10.5558 	EXP 	displayPicture: image = 'C:\\Users\\Employee\\Google Drive\\UP\\MyResearch\\TaskProgramming\\AB_pic\\resources\\licenseplate.jpg'
10.5724 	EXP 	polygon: opacity = 0.0
10.5724 	EXP 	displayPicture: image = 'C:\\Users\\Employee\\Google Drive\\UP\\MyResearch\\TaskProgramming\\AB_pic\\resources\\licenseplate.jpg'
10.5891 	EXP 	polygon: opacity = 0.0
10.5891 	EXP 	displayPicture: image = 'C:\\Users\\Employee\\Google Drive\\UP\\MyResearch\\TaskProgramming\\AB_pic\\resources\\fishskeleton.jpg'
10.6058 	EXP 	polygon: opacity = 0.0
10.6058 	EXP 	displayPicture: image = 'C:\\Users\\Employee\\Google Drive\\UP\\MyResearch\\TaskProgramming\\AB_pic\\resources\\fishskeleton.jpg'
10.6224 	EXP 	polygon: opacity = 0.0
10.6224 	EXP 	displayPicture: image = 'C:\\Users\\Employee\\Google Drive\\UP\\MyResearch\\TaskProgramming\\AB_pic\\resources\\fishskeleton.jpg'
10.6391 	EXP 	polygon: opacity = 0.0
10.6391 	EXP 	displayPicture: image = 'C:\\Users\\Employee\\Google Drive\\UP\\MyResearch\\TaskProgramming\\AB_pic\\resources\\fishskeleton.jpg'
10.6557 	EXP 	polygon: opacity = 0.0
10.6557 	EXP 	displayPicture: image = 'C:\\Users\\Employee\\Google Drive\\UP\\MyResearch\\TaskProgramming\\AB_pic\\resources\\fishskeleton.jpg'
10.6725 	EXP 	polygon: opacity = 0.0
10.6725 	EXP 	displayPicture: image = 'C:\\Users\\Employee\\Google Drive\\UP\\MyResearch\\TaskProgramming\\AB_pic\\resources\\fishskeleton.jpg'
10.6891 	EXP 	polygon: opacity = 0.0
10.6891 	EXP 	displayPicture: image = 'C:\\Users\\Employee\\Google Drive\\UP\\MyResearch\\TaskProgramming\\AB_pic\\resources\\fishskeleton.jpg'
10.7057 	EXP 	polygon: opacity = 0.0
10.7057 	EXP 	displayPicture: image = 'C:\\Users\\Employee\\Google Drive\\UP\\MyResearch\\TaskProgramming\\AB_pic\\resources\\fishskeleton.jpg'
10.7224 	EXP 	polygon: opacity = 0.0
10.7224 	EXP 	displayPicture: image = 'C:\\Users\\Employee\\Google Drive\\UP\\MyResearch\\TaskProgramming\\AB_pic\\resources\\fishskeleton.jpg'
10.7391 	EXP 	polygon: opacity = 0.0
10.7391 	EXP 	displayPicture: image = 'C:\\Users\\Employee\\Google Drive\\UP\\MyResearch\\TaskProgramming\\AB_pic\\resources\\fishskeleton.jpg'
10.7558 	EXP 	polygon: opacity = 0.0
10.7558 	EXP 	displayPicture: image = 'C:\\Users\\Employee\\Google Drive\\UP\\MyResearch\\TaskProgramming\\AB_pic\\resources\\fishskeleton.jpg'
10.7724 	EXP 	polygon: opacity = 0.0
10.7724 	EXP 	displayPicture: image = 'C:\\Users\\Employee\\Google Drive\\UP\\MyResearch\\TaskProgramming\\AB_pic\\resources\\fishskeleton.jpg'
10.7891 	EXP 	polygon: opacity = 0.0
10.7891 	EXP 	displayPicture: image = 'C:\\Users\\Employee\\Google Drive\\UP\\MyResearch\\TaskProgramming\\AB_pic\\resources\\fishskeleton.jpg'
10.8058 	EXP 	polygon: opacity = 0.0
10.8058 	EXP 	displayPicture: image = 'C:\\Users\\Employee\\Google Drive\\UP\\MyResearch\\TaskProgramming\\AB_pic\\resources\\fishskeleton.jpg'
10.8224 	EXP 	polygon: opacity = 0.0
10.8224 	EXP 	displayPicture: image = 'C:\\Users\\Employee\\Google Drive\\UP\\MyResearch\\TaskProgramming\\AB_pic\\resources\\fishskeleton.jpg'
10.8391 	EXP 	polygon: opacity = 0.0
10.8391 	EXP 	displayPicture: image = 'C:\\Users\\Employee\\Google Drive\\UP\\MyResearch\\TaskProgramming\\AB_pic\\resources\\fishskeleton.jpg'
10.8558 	EXP 	polygon: opacity = 0.0
10.8558 	EXP 	displayPicture: image = 'C:\\Users\\Employee\\Google Drive\\UP\\MyResearch\\TaskProgramming\\AB_pic\\resources\\fishskeleton.jpg'
10.8724 	EXP 	polygon: opacity = 0.0
10.8724 	EXP 	displayPicture: image = 'C:\\Users\\Employee\\Google Drive\\UP\\MyResearch\\TaskProgramming\\AB_pic\\resources\\fishskeleton.jpg'
10.8891 	EXP 	polygon: opacity = 0.0
10.8891 	EXP 	displayPicture: image = 'C:\\Users\\Employee\\Google Drive\\UP\\MyResearch\\TaskProgramming\\AB_pic\\resources\\fishskeleton.jpg'
10.9058 	EXP 	polygon: opacity = 0.0
10.9058 	EXP 	displayPicture: image = 'C:\\Users\\Employee\\Google Drive\\UP\\MyResearch\\TaskProgramming\\AB_pic\\resources\\fishskeleton.jpg'
10.9224 	EXP 	polygon: opacity = 0.0
10.9224 	EXP 	displayPicture: image = 'C:\\Users\\Employee\\Google Drive\\UP\\MyResearch\\TaskProgramming\\AB_pic\\resources\\fishskeleton.jpg'
10.9391 	EXP 	polygon: opacity = 0.0
10.9391 	EXP 	displayPicture: image = 'C:\\Users\\Employee\\Google Drive\\UP\\MyResearch\\TaskProgramming\\AB_pic\\resources\\fishskeleton.jpg'
10.9558 	EXP 	polygon: opacity = 0.0
10.9558 	EXP 	displayPicture: image = 'C:\\Users\\Employee\\Google Drive\\UP\\MyResearch\\TaskProgramming\\AB_pic\\resources\\fishskeleton.jpg'
10.9724 	EXP 	polygon: opacity = 0.0
10.9724 	EXP 	displayPicture: image = 'C:\\Users\\Employee\\Google Drive\\UP\\MyResearch\\TaskProgramming\\AB_pic\\resources\\fishskeleton.jpg'
11.0057 	EXP 	polygon: opacity = 0.0
11.0057 	EXP 	displayPicture: image = 'C:\\Users\\Employee\\Google Drive\\UP\\MyResearch\\TaskProgramming\\AB_pic\\resources\\fishskeleton.jpg'
11.0057 	EXP 	polygon: autoDraw = False
11.0057 	EXP 	displayPicture: autoDraw = False
11.0057 	EXP 	option1_t1: image = 'C:\\Users\\Employee\\Google Drive\\UP\\MyResearch\\TaskProgramming\\AB_pic\\resources\\redfox.jpg'
11.0057 	EXP 	option2_t1: image = 'C:\\Users\\Employee\\Google Drive\\UP\\MyResearch\\TaskProgramming\\AB_pic\\resources\\brownsugar.jpg'
11.0057 	EXP 	option1_t1: autoDraw = True
11.0057 	EXP 	option2_t1: autoDraw = True
13.2942 	DATA 	Mouse: Left button down, pos=(685,556)
13.4260 	DATA 	Mouse:  Left button up, pos=(685,556)
16.0098 	DATA 	Keypress: escape
16.2369 	EXP 	window1: mouseVisible = True
