0.8210 	WARNING 	We strongly recommend you activate the PTB sound engine in PsychoPy prefs as the preferred audio engine. Its timing is vastly superior. Your prefs are currently set to use ['sounddevice', 'PTB', 'pyo', 'pygame'] (in that order).
3.5993 	WARNING 	User requested fullscreen with size [1024  768], but screen is actually [1920, 1080]. Using actual size
4.4547 	EXP 	Created window1 = Window(allowGUI=False, allowStencil=False, args=UNKNOWN, autoLog=True, bitsMode=UNKNOWN, blendMode='avg', bpc=(8, 8, 8), color=array([0., 0., 0.]), colorSpace='rgb', depthBits=8, fullscr=<method-wrapper '__getattribute__' of attributeSetter object at 0x000001FFCF8BE898>, gamma=None, gammaErrorPolicy='raise', kwargs=UNKNOWN, lms=UNKNOWN, monitor=<psychopy.monitors.calibTools.Monitor object at 0x000001FFCF8FAEB8>, multiSample=False, name='window1', numSamples=2, pos=[0.0, 0.0], screen=0, size=array([1920, 1080]), stencilBits=0, stereo=False, units='height', useFBO=True, useRetina=False, viewOri=0.0, viewPos=None, viewScale=None, waitBlanking=True, winType='pyglet')
4.4550 	EXP 	window1: mouseVisible = True
4.4550 	EXP 	window1: recordFrameIntervals = False
4.6210 	EXP 	window1: recordFrameIntervals = True
4.8045 	EXP 	window1: recordFrameIntervals = False
4.9372 	EXP 	Created text = TextStim(__class__=<class 'psychopy.visual.text.TextStim'>, alignHoriz=method-wrapper(...), alignText='center', alignVert=method-wrapper(...), anchorHoriz='center', anchorVert='center', antialias=True, autoLog=True, bold=False, color='white', colorSpace='named', contrast=1.0, depth=-3.0, flipHoriz=False, flipVert=False, font='Arial', fontFiles=[], height=0.1, italic=False, languageStyle='LTR', name='text', opacity=1.0, ori=0, pos=array([0., 0.]), rgb=array([255., 255., 255.]), text='accordion01.jpg', units='height', win=Window(...), wrapWidth=1)
5.0006 	EXP 	Imported conditionAB.xlsx as conditions, 360 conditions, 9 params
5.0014 	EXP 	Created sequence: random, trialTypes=360, nReps=1, seed=None
5.0017 	EXP 	New trial (rep=0, index=0): OrderedDict([('trialType', 'AB'), ('cndTyp', 'lag3'), ('lag', 3), ('T1_loc', 3), ('gap', 0.0), ('T2_loc', 6), ('primePos', 102), ('stimLen', 2), ('isi', 0.04)])
5.0881 	EXP 	text: autoDraw = True
10.0775 	EXP 	New trial (rep=0, index=1): OrderedDict([('trialType', 'AB'), ('cndTyp', 'gap180'), ('lag', 2), ('T1_loc', 5), ('gap', 0.18), ('T2_loc', 7), ('primePos', 104), ('stimLen', 2), ('isi', 0.04)])
10.0873 	EXP 	text: autoDraw = False
10.0873 	EXP 	text: autoDraw = False
10.0873 	EXP 	text: autoDraw = True
11.4065 	DATA 	Keypress: escape
11.5424 	EXP 	window1: mouseVisible = True
0.8029 	WARNING 	We strongly recommend you activate the PTB sound engine in PsychoPy prefs as the preferred audio engine. Its timing is vastly superior. Your prefs are currently set to use ['sounddevice', 'PTB', 'pyo', 'pygame'] (in that order).
3.5071 	WARNING 	User requested fullscreen with size [1024  768], but screen is actually [1920, 1080]. Using actual size
4.3499 	EXP 	Created window1 = Window(allowGUI=False, allowStencil=False, args=UNKNOWN, autoLog=True, bitsMode=UNKNOWN, blendMode='avg', bpc=(8, 8, 8), color=array([0., 0., 0.]), colorSpace='rgb', depthBits=8, fullscr=<method-wrapper '__getattribute__' of attributeSetter object at 0x000002E4B94EE898>, gamma=None, gammaErrorPolicy='raise', kwargs=UNKNOWN, lms=UNKNOWN, monitor=<psychopy.monitors.calibTools.Monitor object at 0x000002E4B952AEB8>, multiSample=False, name='window1', numSamples=2, pos=[0.0, 0.0], screen=0, size=array([1920, 1080]), stencilBits=0, stereo=False, units='height', useFBO=True, useRetina=False, viewOri=0.0, viewPos=None, viewScale=None, waitBlanking=True, winType='pyglet')
4.3503 	EXP 	window1: mouseVisible = True
4.3503 	EXP 	window1: recordFrameIntervals = False
4.5161 	EXP 	window1: recordFrameIntervals = True
4.6996 	EXP 	window1: recordFrameIntervals = False
4.8608 	EXP 	Created text = TextStim(__class__=<class 'psychopy.visual.text.TextStim'>, alignHoriz=method-wrapper(...), alignText='center', alignVert=method-wrapper(...), anchorHoriz='center', anchorVert='center', antialias=True, autoLog=True, bold=False, color='white', colorSpace='named', contrast=1.0, depth=-3.0, flipHoriz=False, flipVert=False, font='Arial', fontFiles=[], height=0.1, italic=False, languageStyle='LTR', name='text', opacity=1.0, ori=0, pos=array([0., 0.]), rgb=array([255., 255., 255.]), text=str(...), units='height', win=Window(...), wrapWidth=1)
4.9229 	EXP 	Imported conditionAB.xlsx as conditions, 360 conditions, 9 params
4.9238 	EXP 	Created sequence: random, trialTypes=360, nReps=1, seed=None
4.9241 	EXP 	New trial (rep=0, index=0): OrderedDict([('trialType', 'AB'), ('cndTyp', 'lag5'), ('lag', 5), ('T1_loc', 4), ('gap', 0.0), ('T2_loc', 9), ('primePos', 103), ('stimLen', 2), ('isi', 0.04)])
5.0115 	EXP 	text: autoDraw = True
7.7202 	DATA 	Keypress: escape
7.9991 	EXP 	window1: mouseVisible = True
