0.8254 	WARNING 	We strongly recommend you activate the PTB sound engine in PsychoPy prefs as the preferred audio engine. Its timing is vastly superior. Your prefs are currently set to use ['sounddevice', 'PTB', 'pyo', 'pygame'] (in that order).
3.7489 	WARNING 	User requested fullscreen with size [1024  768], but screen is actually [1920, 1080]. Using actual size
4.6496 	EXP 	Created window1 = Window(allowGUI=False, allowStencil=False, args=UNKNOWN, autoLog=True, bitsMode=UNKNOWN, blendMode='avg', bpc=(8, 8, 8), color=array([0., 0., 0.]), colorSpace='rgb', depthBits=8, fullscr=<method-wrapper '__getattribute__' of attributeSetter object at 0x00000207AE9FB160>, gamma=None, gammaErrorPolicy='raise', kwargs=UNKNOWN, lms=UNKNOWN, monitor=<psychopy.monitors.calibTools.Monitor object at 0x00000207AE745780>, multiSample=False, name='window1', numSamples=2, pos=[0.0, 0.0], screen=0, size=array([1920, 1080]), stencilBits=0, stereo=False, units='height', useFBO=True, useRetina=False, viewOri=0.0, viewPos=None, viewScale=None, waitBlanking=True, winType='pyglet')
4.6500 	EXP 	window1: mouseVisible = True
4.6500 	EXP 	window1: recordFrameIntervals = False
4.8159 	EXP 	window1: recordFrameIntervals = True
4.9993 	EXP 	window1: recordFrameIntervals = False
5.1845 	EXP 	Created option1 = ImageStim(__class__=<class 'psychopy.visual.image.ImageStim'>, autoLog=True, color=array([1., 1., 1.]), colorSpace='rgb', contrast=1.0, depth=-1.0, flipHoriz=False, flipVert=False, image='sin', interpolate=True, mask=None, maskParams=None, name='option1', opacity=1.0, ori=0.0, pos=array([0. , 0.3]), size=array([0.25, 0.25]), texRes=128, units='height', win=Window(...))
5.2229 	EXP 	Created text_2 = TextStim(__class__=<class 'psychopy.visual.text.TextStim'>, alignHoriz=method-wrapper(...), alignText='center', alignVert=method-wrapper(...), anchorHoriz='center', anchorVert='center', antialias=True, autoLog=True, bold=False, color='white', colorSpace='named', contrast=1.0, depth=-2.0, flipHoriz=False, flipVert=False, font='Arial', fontFiles=[], height=0.1, italic=False, languageStyle='LTR', name='text_2', opacity=1.0, ori=0, pos=array([0., 0.]), rgb=array([255., 255., 255.]), text='+', units='height', win=Window(...), wrapWidth=1)
5.2260 	EXP 	Created displayPicture = ImageStim(__class__=<class 'psychopy.visual.image.ImageStim'>, autoLog=True, color=array([1., 1., 1.]), colorSpace='rgb', contrast=1.0, depth=-6.0, flipHoriz=False, flipVert=False, image='sin', interpolate=True, mask=None, maskParams=None, name='displayPicture', opacity=1.0, ori=0.0, pos=array([0., 0.]), size=array([0.25, 0.25]), texRes=128, units='height', win=Window(...))
5.2273 	EXP 	Created polygon_2 = Rect(__class__=<class 'psychopy.visual.rect.Rect'>, autoDraw=False, autoLog=True, closeShape=True, color=method-wrapper(...), colorSpace=None, contrast=1.0, depth=-7.0, fillColor=array([1., 1., 1.]), fillColorSpace='rgb', fillRGB=array([1., 1., 1.]), interpolate=True, lineColor=array([1., 1., 1.]), lineColorSpace='rgb', lineRGB=array([1., 1., 1.]), lineWidth=0, name='polygon_2', opacity=1.0, ori=array(0.), pos=array([0., 0.]), size=array([0.25, 0.25]), units='height', vertices=ndarray(...), win=Window(...))
5.2285 	EXP 	Created polygon_4 = ShapeStim(__class__=<class 'psychopy.visual.shape.ShapeStim'>, autoDraw=False, autoLog=True, closeShape=True, contrast=1.0, depth=0.0, fillColor=array([1., 0., 0.]), fillColorSpace='rgb', interpolate=True, lineColor=array([1., 1., 1.]), lineColorSpace='rgb', lineWidth=1, name='polygon_4', opacity=1.0, ori=array(0.), pos=array([0., 0.]), size=array([1., 1.]), units='height', vertices=ndarray(...), win=Window(...), windingRule=None)
5.2309 	EXP 	Created option1_t1 = ImageStim(__class__=<class 'psychopy.visual.image.ImageStim'>, autoLog=True, color=array([1., 1., 1.]), colorSpace='rgb', contrast=1.0, depth=-2.0, flipHoriz=False, flipVert=False, image='sin', interpolate=True, mask=None, maskParams=None, name='option1_t1', opacity=1.0, ori=0.0, pos=array([0., 0.]), size=array([0.25, 0.25]), texRes=128, units='height', win=Window(...))
5.2324 	EXP 	Created polygon_5 = ShapeStim(__class__=<class 'psychopy.visual.shape.ShapeStim'>, autoDraw=False, autoLog=True, closeShape=True, contrast=1.0, depth=0.0, fillColor=array([0., 0., 1.]), fillColorSpace='rgb', interpolate=True, lineColor=array([1., 1., 1.]), lineColorSpace='rgb', lineWidth=1, name='polygon_5', opacity=1.0, ori=array(0.), pos=array([0., 0.]), size=array([0.7, 0.7]), units='height', vertices=ndarray(...), win=Window(...), windingRule=None)
5.2661 	EXP 	Created text = TextStim(__class__=<class 'psychopy.visual.text.TextStim'>, alignHoriz=method-wrapper(...), alignText='center', alignVert=method-wrapper(...), anchorHoriz='center', anchorVert='center', antialias=True, autoLog=True, bold=False, color='white', colorSpace='named', contrast=1.0, depth=-3.0, flipHoriz=False, flipVert=False, font='Arial', fontFiles=[], height=0.1, italic=False, languageStyle='LTR', name='text', opacity=1.0, ori=0, pos=array([0., 0.]), rgb=array([255., 255., 255.]), text='default text', units='height', win=Window(...), wrapWidth=1)
5.2738 	EXP 	Created text_4 = TextStim(__class__=<class 'psychopy.visual.text.TextStim'>, alignHoriz=method-wrapper(...), alignText='center', alignVert=method-wrapper(...), anchorHoriz='center', anchorVert='center', antialias=True, autoLog=True, bold=False, color='white', colorSpace='named', contrast=1.0, depth=0.0, flipHoriz=False, flipVert=False, font='Arial', fontFiles=[], height=0.05, italic=False, languageStyle='LTR', name='text_4', opacity=1.0, ori=0, pos=array([0., 0.]), rgb=array([255., 255., 255.]), text='test', units='height', win=Window(...), wrapWidth=1.5)
5.2906 	EXP 	Created option1_3 = ImageStim(__class__=<class 'psychopy.visual.image.ImageStim'>, autoLog=True, color=array([1., 1., 1.]), colorSpace='rgb', contrast=1.0, depth=-1.0, flipHoriz=False, flipVert=False, image='sin', interpolate=True, mask=None, maskParams=None, name='option1_3', opacity=1.0, ori=0.0, pos=array([0. , 0.3]), size=array([0.25, 0.25]), texRes=128, units='height', win=Window(...))
5.2923 	EXP 	Created text_7 = TextStim(__class__=<class 'psychopy.visual.text.TextStim'>, alignHoriz=method-wrapper(...), alignText='center', alignVert=method-wrapper(...), anchorHoriz='center', anchorVert='center', antialias=True, autoLog=True, bold=False, color='white', colorSpace='named', contrast=1.0, depth=-2.0, flipHoriz=False, flipVert=False, font='Arial', fontFiles=[], height=0.1, italic=False, languageStyle='LTR', name='text_7', opacity=1.0, ori=0, pos=array([0., 0.]), rgb=array([255., 255., 255.]), text='+', units='height', win=Window(...), wrapWidth=1)
5.2949 	EXP 	Created displayPicture_4 = ImageStim(__class__=<class 'psychopy.visual.image.ImageStim'>, autoLog=True, color=array([1., 1., 1.]), colorSpace='rgb', contrast=1.0, depth=-6.0, flipHoriz=False, flipVert=False, image='sin', interpolate=True, mask=None, maskParams=None, name='displayPicture_4', opacity=1.0, ori=0.0, pos=array([0., 0.]), size=array([0.25, 0.25]), texRes=128, units='height', win=Window(...))
5.2961 	EXP 	Created polygon_16 = Rect(__class__=<class 'psychopy.visual.rect.Rect'>, autoDraw=False, autoLog=True, closeShape=True, color=method-wrapper(...), colorSpace=None, contrast=1.0, depth=-7.0, fillColor=array([1., 1., 1.]), fillColorSpace='rgb', fillRGB=array([1., 1., 1.]), interpolate=True, lineColor=array([1., 1., 1.]), lineColorSpace='rgb', lineRGB=array([1., 1., 1.]), lineWidth=0, name='polygon_16', opacity=1.0, ori=array(0.), pos=array([0., 0.]), size=array([0.25, 0.25]), units='height', vertices=ndarray(...), win=Window(...))
5.2975 	EXP 	Created polygon_7 = ShapeStim(__class__=<class 'psychopy.visual.shape.ShapeStim'>, autoDraw=False, autoLog=True, closeShape=True, contrast=1.0, depth=0.0, fillColor=array([1., 0., 0.]), fillColorSpace='rgb', interpolate=True, lineColor=array([1., 1., 1.]), lineColorSpace='rgb', lineWidth=1, name='polygon_7', opacity=1.0, ori=array(0.), pos=array([0., 0.]), size=array([1., 1.]), units='height', vertices=ndarray(...), win=Window(...), windingRule=None)
5.2999 	EXP 	Created option1_t1_2 = ImageStim(__class__=<class 'psychopy.visual.image.ImageStim'>, autoLog=True, color=array([1., 1., 1.]), colorSpace='rgb', contrast=1.0, depth=-2.0, flipHoriz=False, flipVert=False, image='sin', interpolate=True, mask=None, maskParams=None, name='option1_t1_2', opacity=1.0, ori=0.0, pos=array([0., 0.]), size=array([0.25, 0.25]), texRes=128, units='height', win=Window(...))
5.3016 	EXP 	Created polygon_17 = ShapeStim(__class__=<class 'psychopy.visual.shape.ShapeStim'>, autoDraw=False, autoLog=True, closeShape=True, contrast=1.0, depth=0.0, fillColor=array([0., 0., 1.]), fillColorSpace='rgb', interpolate=True, lineColor=array([1., 1., 1.]), lineColorSpace='rgb', lineWidth=1, name='polygon_17', opacity=1.0, ori=array(0.), pos=array([0., 0.]), size=array([0.7, 0.7]), units='height', vertices=ndarray(...), win=Window(...), windingRule=None)
5.3199 	EXP 	Created text_8 = TextStim(__class__=<class 'psychopy.visual.text.TextStim'>, alignHoriz=method-wrapper(...), alignText='center', alignVert=method-wrapper(...), anchorHoriz='center', anchorVert='center', antialias=True, autoLog=True, bold=False, color='white', colorSpace='named', contrast=1.0, depth=-1.0, flipHoriz=False, flipVert=False, font='Arial', fontFiles=[], height=0.1, italic=False, languageStyle='LTR', name='text_8', opacity=1.0, ori=0, pos=array([0., 0.]), rgb=array([255., 255., 255.]), text='Did you see a blender? ', units='height', win=Window(...), wrapWidth=1)
5.3231 	EXP 	Created text = TextStim(__class__=<class 'psychopy.visual.text.TextStim'>, alignHoriz=method-wrapper(...), alignText='center', alignVert=method-wrapper(...), anchorHoriz='center', anchorVert='center', antialias=True, autoLog=True, bold=False, color='white', colorSpace='named', contrast=1.0, depth=-3.0, flipHoriz=False, flipVert=False, font='Arial', fontFiles=[], height=0.1, italic=False, languageStyle='LTR', name='text', opacity=1.0, ori=0, pos=array([0., 0.]), rgb=array([255., 255., 255.]), text='default text', units='height', win=Window(...), wrapWidth=1)
5.4089 	EXP 	textbox: autoLog = True
5.4089 	EXP 	textbox_2: autoLog = True
5.4089 	EXP 	textbox_3: autoLog = True
5.4089 	EXP 	textbox_4: autoLog = True
5.4089 	EXP 	textbox: autoDraw = True
6.9611 	EXP 	Imported conditionAB.xlsx as conditions, 1 conditions, 8 params
6.9613 	EXP 	Created sequence: random, trialTypes=1, nReps=1, seed=None
6.9616 	EXP 	New trial (rep=0, index=0): OrderedDict([('trialType', 'AB'), ('cndTyp', 'lag6'), ('lag', 6), ('T1_loc', 5), ('T2_loc', 11), ('stimLen', 0.2), ('isi', 0.05), ('skipProb', 0.5)])
6.9759 	DATA 	Keypress: space
6.9986 	EXP 	textbox: autoDraw = False
6.9986 	EXP 	option1: image = '.\\resources\\witchhat.jpg'
6.9986 	EXP 	option1: autoDraw = True
9.4652 	EXP 	text_2: autoDraw = True
9.7490 	EXP 	option1: autoDraw = False
9.9823 	EXP 	option1: autoDraw = False
9.9823 	EXP 	text_2: autoDraw = False
9.9823 	EXP 	displayPicture: autoDraw = True
9.9823 	EXP 	displayPicture: image = '.\\resources\\masquerademask01.jpg'
9.9823 	EXP 	polygon_2: autoDraw = True
9.9823 	EXP 	polygon_2: opacity = 0.0
9.9823 	EXP 	polygon_2: fillColor = '[1. 1. 1.] (rgb)'
9.9985 	EXP 	displayPicture: image = '.\\resources\\masquerademask01.jpg'
9.9985 	EXP 	polygon_2: opacity = 0.0
9.9985 	EXP 	polygon_2: fillColor = '[1. 1. 1.] (rgb)'
10.0152 	EXP 	displayPicture: image = '.\\resources\\masquerademask01.jpg'
10.0152 	EXP 	polygon_2: opacity = 0.0
10.0152 	EXP 	polygon_2: fillColor = '[1. 1. 1.] (rgb)'
10.0325 	EXP 	displayPicture: image = '.\\resources\\masquerademask01.jpg'
10.0325 	EXP 	polygon_2: opacity = 0.0
10.0325 	EXP 	polygon_2: fillColor = '[1. 1. 1.] (rgb)'
10.0486 	EXP 	displayPicture: image = '.\\resources\\masquerademask01.jpg'
10.0486 	EXP 	polygon_2: opacity = 0.0
10.0486 	EXP 	polygon_2: fillColor = '[1. 1. 1.] (rgb)'
10.0652 	EXP 	displayPicture: image = '.\\resources\\masquerademask01.jpg'
10.0652 	EXP 	polygon_2: opacity = 0.0
10.0652 	EXP 	polygon_2: fillColor = '[1. 1. 1.] (rgb)'
10.0819 	EXP 	displayPicture: image = '.\\resources\\masquerademask01.jpg'
10.0819 	EXP 	polygon_2: opacity = 0.0
10.0819 	EXP 	polygon_2: fillColor = '[1. 1. 1.] (rgb)'
10.0985 	EXP 	displayPicture: image = '.\\resources\\masquerademask01.jpg'
10.0985 	EXP 	polygon_2: opacity = 0.0
10.0985 	EXP 	polygon_2: fillColor = '[1. 1. 1.] (rgb)'
10.1152 	EXP 	displayPicture: image = '.\\resources\\masquerademask01.jpg'
10.1152 	EXP 	polygon_2: opacity = 0.0
10.1152 	EXP 	polygon_2: fillColor = '[1. 1. 1.] (rgb)'
10.1318 	EXP 	displayPicture: image = '.\\resources\\masquerademask01.jpg'
10.1318 	EXP 	polygon_2: opacity = 0.0
10.1318 	EXP 	polygon_2: fillColor = '[1. 1. 1.] (rgb)'
10.1491 	EXP 	displayPicture: image = '.\\resources\\masquerademask01.jpg'
10.1491 	EXP 	polygon_2: opacity = 0.0
10.1491 	EXP 	polygon_2: fillColor = '[1. 1. 1.] (rgb)'
10.1652 	EXP 	displayPicture: image = '.\\resources\\masquerademask01.jpg'
10.1652 	EXP 	polygon_2: opacity = 1.0
10.1652 	EXP 	polygon_2: fillColor = '[1. 1. 1.] (rgb)'
10.1819 	EXP 	displayPicture: image = '.\\resources\\masquerademask01.jpg'
10.1819 	EXP 	polygon_2: opacity = 1.0
10.1819 	EXP 	polygon_2: fillColor = '[1. 1. 1.] (rgb)'
10.1985 	EXP 	displayPicture: image = '.\\resources\\masquerademask01.jpg'
10.1985 	EXP 	polygon_2: opacity = 1.0
10.1985 	EXP 	polygon_2: fillColor = '[1. 1. 1.] (rgb)'
10.2152 	EXP 	displayPicture: image = '.\\resources\\hockeypuck.jpg'
10.2152 	EXP 	polygon_2: opacity = 0.0
10.2152 	EXP 	polygon_2: fillColor = '[1. 1. 1.] (rgb)'
10.2319 	EXP 	displayPicture: image = '.\\resources\\hockeypuck.jpg'
10.2319 	EXP 	polygon_2: opacity = 0.0
10.2319 	EXP 	polygon_2: fillColor = '[1. 1. 1.] (rgb)'
10.2485 	EXP 	displayPicture: image = '.\\resources\\hockeypuck.jpg'
10.2485 	EXP 	polygon_2: opacity = 0.0
10.2485 	EXP 	polygon_2: fillColor = '[1. 1. 1.] (rgb)'
10.2652 	EXP 	displayPicture: image = '.\\resources\\hockeypuck.jpg'
10.2652 	EXP 	polygon_2: opacity = 0.0
10.2652 	EXP 	polygon_2: fillColor = '[1. 1. 1.] (rgb)'
10.2818 	EXP 	displayPicture: image = '.\\resources\\hockeypuck.jpg'
10.2818 	EXP 	polygon_2: opacity = 0.0
10.2818 	EXP 	polygon_2: fillColor = '[1. 1. 1.] (rgb)'
10.2985 	EXP 	displayPicture: image = '.\\resources\\hockeypuck.jpg'
10.2985 	EXP 	polygon_2: opacity = 0.0
10.2985 	EXP 	polygon_2: fillColor = '[1. 1. 1.] (rgb)'
10.3152 	EXP 	displayPicture: image = '.\\resources\\hockeypuck.jpg'
10.3152 	EXP 	polygon_2: opacity = 0.0
10.3152 	EXP 	polygon_2: fillColor = '[1. 1. 1.] (rgb)'
10.3319 	EXP 	displayPicture: image = '.\\resources\\hockeypuck.jpg'
10.3319 	EXP 	polygon_2: opacity = 0.0
10.3319 	EXP 	polygon_2: fillColor = '[1. 1. 1.] (rgb)'
10.3485 	EXP 	displayPicture: image = '.\\resources\\hockeypuck.jpg'
10.3485 	EXP 	polygon_2: opacity = 0.0
10.3485 	EXP 	polygon_2: fillColor = '[1. 1. 1.] (rgb)'
10.3652 	EXP 	displayPicture: image = '.\\resources\\hockeypuck.jpg'
10.3652 	EXP 	polygon_2: opacity = 0.0
10.3652 	EXP 	polygon_2: fillColor = '[1. 1. 1.] (rgb)'
10.3818 	EXP 	displayPicture: image = '.\\resources\\hockeypuck.jpg'
10.3818 	EXP 	polygon_2: opacity = 0.0
10.3818 	EXP 	polygon_2: fillColor = '[1. 1. 1.] (rgb)'
10.3992 	EXP 	displayPicture: image = '.\\resources\\hockeypuck.jpg'
10.3992 	EXP 	polygon_2: opacity = 0.0
10.3992 	EXP 	polygon_2: fillColor = '[1. 1. 1.] (rgb)'
10.4156 	EXP 	displayPicture: image = '.\\resources\\hockeypuck.jpg'
10.4156 	EXP 	polygon_2: opacity = 1.0
10.4156 	EXP 	polygon_2: fillColor = '[1. 1. 1.] (rgb)'
10.4318 	EXP 	displayPicture: image = '.\\resources\\hockeypuck.jpg'
10.4318 	EXP 	polygon_2: opacity = 1.0
10.4318 	EXP 	polygon_2: fillColor = '[1. 1. 1.] (rgb)'
10.4485 	EXP 	displayPicture: image = '.\\resources\\hockeypuck.jpg'
10.4485 	EXP 	polygon_2: opacity = 1.0
10.4485 	EXP 	polygon_2: fillColor = '[1. 1. 1.] (rgb)'
10.4651 	EXP 	displayPicture: image = '.\\resources\\anchor.jpg'
10.4651 	EXP 	polygon_2: opacity = 0.0
10.4651 	EXP 	polygon_2: fillColor = '[1. 1. 1.] (rgb)'
10.4818 	EXP 	displayPicture: image = '.\\resources\\anchor.jpg'
10.4818 	EXP 	polygon_2: opacity = 0.0
10.4818 	EXP 	polygon_2: fillColor = '[1. 1. 1.] (rgb)'
10.4985 	EXP 	displayPicture: image = '.\\resources\\anchor.jpg'
10.4985 	EXP 	polygon_2: opacity = 0.0
10.4985 	EXP 	polygon_2: fillColor = '[1. 1. 1.] (rgb)'
10.5152 	EXP 	displayPicture: image = '.\\resources\\anchor.jpg'
10.5152 	EXP 	polygon_2: opacity = 0.0
10.5152 	EXP 	polygon_2: fillColor = '[1. 1. 1.] (rgb)'
10.5318 	EXP 	displayPicture: image = '.\\resources\\anchor.jpg'
10.5318 	EXP 	polygon_2: opacity = 0.0
10.5318 	EXP 	polygon_2: fillColor = '[1. 1. 1.] (rgb)'
10.5485 	EXP 	displayPicture: image = '.\\resources\\anchor.jpg'
10.5485 	EXP 	polygon_2: opacity = 0.0
10.5485 	EXP 	polygon_2: fillColor = '[1. 1. 1.] (rgb)'
10.5652 	EXP 	displayPicture: image = '.\\resources\\anchor.jpg'
10.5652 	EXP 	polygon_2: opacity = 0.0
10.5652 	EXP 	polygon_2: fillColor = '[1. 1. 1.] (rgb)'
10.5818 	EXP 	displayPicture: image = '.\\resources\\anchor.jpg'
10.5818 	EXP 	polygon_2: opacity = 0.0
10.5818 	EXP 	polygon_2: fillColor = '[1. 1. 1.] (rgb)'
10.5985 	EXP 	displayPicture: image = '.\\resources\\anchor.jpg'
10.5985 	EXP 	polygon_2: opacity = 0.0
10.5985 	EXP 	polygon_2: fillColor = '[1. 1. 1.] (rgb)'
10.6152 	EXP 	displayPicture: image = '.\\resources\\anchor.jpg'
10.6152 	EXP 	polygon_2: opacity = 0.0
10.6152 	EXP 	polygon_2: fillColor = '[1. 1. 1.] (rgb)'
10.6318 	EXP 	displayPicture: image = '.\\resources\\anchor.jpg'
10.6318 	EXP 	polygon_2: opacity = 0.0
10.6318 	EXP 	polygon_2: fillColor = '[1. 1. 1.] (rgb)'
10.6484 	EXP 	displayPicture: image = '.\\resources\\anchor.jpg'
10.6484 	EXP 	polygon_2: opacity = 0.0
10.6484 	EXP 	polygon_2: fillColor = '[1. 1. 1.] (rgb)'
10.6652 	EXP 	displayPicture: image = '.\\resources\\anchor.jpg'
10.6652 	EXP 	polygon_2: opacity = 1.0
10.6652 	EXP 	polygon_2: fillColor = '[1. 1. 1.] (rgb)'
10.6818 	EXP 	displayPicture: image = '.\\resources\\anchor.jpg'
10.6818 	EXP 	polygon_2: opacity = 1.0
10.6818 	EXP 	polygon_2: fillColor = '[1. 1. 1.] (rgb)'
10.6985 	EXP 	displayPicture: image = '.\\resources\\anchor.jpg'
10.6985 	EXP 	polygon_2: opacity = 1.0
10.6985 	EXP 	polygon_2: fillColor = '[1. 1. 1.] (rgb)'
10.7151 	EXP 	displayPicture: image = '.\\resources\\hammerheadshark.jpg'
10.7151 	EXP 	polygon_2: opacity = 0.0
10.7151 	EXP 	polygon_2: fillColor = '[1. 1. 1.] (rgb)'
10.7318 	EXP 	displayPicture: image = '.\\resources\\hammerheadshark.jpg'
10.7318 	EXP 	polygon_2: opacity = 0.0
10.7318 	EXP 	polygon_2: fillColor = '[1. 1. 1.] (rgb)'
10.7484 	EXP 	displayPicture: image = '.\\resources\\hammerheadshark.jpg'
10.7484 	EXP 	polygon_2: opacity = 0.0
10.7484 	EXP 	polygon_2: fillColor = '[1. 1. 1.] (rgb)'
10.7652 	EXP 	displayPicture: image = '.\\resources\\hammerheadshark.jpg'
10.7652 	EXP 	polygon_2: opacity = 0.0
10.7652 	EXP 	polygon_2: fillColor = '[1. 1. 1.] (rgb)'
10.7818 	EXP 	displayPicture: image = '.\\resources\\hammerheadshark.jpg'
10.7818 	EXP 	polygon_2: opacity = 0.0
10.7818 	EXP 	polygon_2: fillColor = '[1. 1. 1.] (rgb)'
10.7985 	EXP 	displayPicture: image = '.\\resources\\hammerheadshark.jpg'
10.7985 	EXP 	polygon_2: opacity = 0.0
10.7985 	EXP 	polygon_2: fillColor = '[1. 1. 1.] (rgb)'
10.8151 	EXP 	displayPicture: image = '.\\resources\\hammerheadshark.jpg'
10.8151 	EXP 	polygon_2: opacity = 0.0
10.8151 	EXP 	polygon_2: fillColor = '[1. 1. 1.] (rgb)'
10.8318 	EXP 	displayPicture: image = '.\\resources\\hammerheadshark.jpg'
10.8318 	EXP 	polygon_2: opacity = 0.0
10.8318 	EXP 	polygon_2: fillColor = '[1. 1. 1.] (rgb)'
10.8484 	EXP 	displayPicture: image = '.\\resources\\hammerheadshark.jpg'
10.8484 	EXP 	polygon_2: opacity = 0.0
10.8484 	EXP 	polygon_2: fillColor = '[1. 1. 1.] (rgb)'
10.8652 	EXP 	displayPicture: image = '.\\resources\\hammerheadshark.jpg'
10.8652 	EXP 	polygon_2: opacity = 0.0
10.8652 	EXP 	polygon_2: fillColor = '[1. 1. 1.] (rgb)'
10.8818 	EXP 	displayPicture: image = '.\\resources\\hammerheadshark.jpg'
10.8818 	EXP 	polygon_2: opacity = 0.0
10.8818 	EXP 	polygon_2: fillColor = '[1. 1. 1.] (rgb)'
10.8984 	EXP 	displayPicture: image = '.\\resources\\hammerheadshark.jpg'
10.8984 	EXP 	polygon_2: opacity = 0.0
10.8984 	EXP 	polygon_2: fillColor = '[1. 1. 1.] (rgb)'
10.9151 	EXP 	displayPicture: image = '.\\resources\\hammerheadshark.jpg'
10.9151 	EXP 	polygon_2: opacity = 1.0
10.9151 	EXP 	polygon_2: fillColor = '[1. 1. 1.] (rgb)'
10.9318 	EXP 	displayPicture: image = '.\\resources\\hammerheadshark.jpg'
10.9318 	EXP 	polygon_2: opacity = 1.0
10.9318 	EXP 	polygon_2: fillColor = '[1. 1. 1.] (rgb)'
10.9484 	EXP 	displayPicture: image = '.\\resources\\hammerheadshark.jpg'
10.9484 	EXP 	polygon_2: opacity = 1.0
10.9484 	EXP 	polygon_2: fillColor = '[1. 1. 1.] (rgb)'
10.9651 	EXP 	displayPicture: image = '.\\resources\\shower.jpg'
10.9651 	EXP 	polygon_2: opacity = 0.0
10.9651 	EXP 	polygon_2: fillColor = '[1. 1. 1.] (rgb)'
10.9818 	EXP 	displayPicture: image = '.\\resources\\shower.jpg'
10.9818 	EXP 	polygon_2: opacity = 0.0
10.9818 	EXP 	polygon_2: fillColor = '[1. 1. 1.] (rgb)'
10.9984 	EXP 	displayPicture: image = '.\\resources\\shower.jpg'
10.9984 	EXP 	polygon_2: opacity = 0.0
10.9984 	EXP 	polygon_2: fillColor = '[1. 1. 1.] (rgb)'
11.0151 	EXP 	displayPicture: image = '.\\resources\\shower.jpg'
11.0151 	EXP 	polygon_2: opacity = 0.0
11.0151 	EXP 	polygon_2: fillColor = '[1. 1. 1.] (rgb)'
11.0318 	EXP 	displayPicture: image = '.\\resources\\shower.jpg'
11.0318 	EXP 	polygon_2: opacity = 0.0
11.0318 	EXP 	polygon_2: fillColor = '[1. 1. 1.] (rgb)'
11.0484 	EXP 	displayPicture: image = '.\\resources\\shower.jpg'
11.0484 	EXP 	polygon_2: opacity = 0.0
11.0484 	EXP 	polygon_2: fillColor = '[1. 1. 1.] (rgb)'
11.0651 	EXP 	displayPicture: image = '.\\resources\\shower.jpg'
11.0651 	EXP 	polygon_2: opacity = 0.0
11.0651 	EXP 	polygon_2: fillColor = '[1. 1. 1.] (rgb)'
11.0818 	EXP 	displayPicture: image = '.\\resources\\shower.jpg'
11.0818 	EXP 	polygon_2: opacity = 0.0
11.0818 	EXP 	polygon_2: fillColor = '[1. 1. 1.] (rgb)'
11.0984 	EXP 	displayPicture: image = '.\\resources\\shower.jpg'
11.0984 	EXP 	polygon_2: opacity = 0.0
11.0984 	EXP 	polygon_2: fillColor = '[1. 1. 1.] (rgb)'
11.1151 	EXP 	displayPicture: image = '.\\resources\\shower.jpg'
11.1151 	EXP 	polygon_2: opacity = 0.0
11.1151 	EXP 	polygon_2: fillColor = '[1. 1. 1.] (rgb)'
11.1317 	EXP 	displayPicture: image = '.\\resources\\shower.jpg'
11.1317 	EXP 	polygon_2: opacity = 0.0
11.1317 	EXP 	polygon_2: fillColor = '[1. 1. 1.] (rgb)'
11.1484 	EXP 	displayPicture: image = '.\\resources\\shower.jpg'
11.1484 	EXP 	polygon_2: opacity = 0.0
11.1484 	EXP 	polygon_2: fillColor = '[1. 1. 1.] (rgb)'
11.1651 	EXP 	displayPicture: image = '.\\resources\\shower.jpg'
11.1651 	EXP 	polygon_2: opacity = 1.0
11.1651 	EXP 	polygon_2: fillColor = '[1. 1. 1.] (rgb)'
11.1818 	EXP 	displayPicture: image = '.\\resources\\shower.jpg'
11.1818 	EXP 	polygon_2: opacity = 1.0
11.1818 	EXP 	polygon_2: fillColor = '[1. 1. 1.] (rgb)'
11.1984 	EXP 	displayPicture: image = '.\\resources\\shower.jpg'
11.1984 	EXP 	polygon_2: opacity = 1.0
11.1984 	EXP 	polygon_2: fillColor = '[1. 1. 1.] (rgb)'
11.2151 	EXP 	displayPicture: image = '.\\resources\\knee.jpg'
11.2151 	EXP 	polygon_2: opacity = 0.0
11.2151 	EXP 	polygon_2: fillColor = '[1. 1. 1.] (rgb)'
11.2317 	EXP 	displayPicture: image = '.\\resources\\knee.jpg'
11.2317 	EXP 	polygon_2: opacity = 0.0
11.2317 	EXP 	polygon_2: fillColor = '[1. 1. 1.] (rgb)'
11.2484 	EXP 	displayPicture: image = '.\\resources\\knee.jpg'
11.2484 	EXP 	polygon_2: opacity = 0.0
11.2484 	EXP 	polygon_2: fillColor = '[1. 1. 1.] (rgb)'
11.2651 	EXP 	displayPicture: image = '.\\resources\\knee.jpg'
11.2651 	EXP 	polygon_2: opacity = 0.0
11.2651 	EXP 	polygon_2: fillColor = '[1. 1. 1.] (rgb)'
11.2817 	EXP 	displayPicture: image = '.\\resources\\knee.jpg'
11.2817 	EXP 	polygon_2: opacity = 0.0
11.2817 	EXP 	polygon_2: fillColor = '[1. 1. 1.] (rgb)'
11.2984 	EXP 	displayPicture: image = '.\\resources\\knee.jpg'
11.2984 	EXP 	polygon_2: opacity = 0.0
11.2984 	EXP 	polygon_2: fillColor = '[1. 1. 1.] (rgb)'
11.3151 	EXP 	displayPicture: image = '.\\resources\\knee.jpg'
11.3151 	EXP 	polygon_2: opacity = 0.0
11.3151 	EXP 	polygon_2: fillColor = '[1. 1. 1.] (rgb)'
11.3317 	EXP 	displayPicture: image = '.\\resources\\knee.jpg'
11.3317 	EXP 	polygon_2: opacity = 0.0
11.3317 	EXP 	polygon_2: fillColor = '[1. 1. 1.] (rgb)'
11.3484 	EXP 	displayPicture: image = '.\\resources\\knee.jpg'
11.3484 	EXP 	polygon_2: opacity = 0.0
11.3484 	EXP 	polygon_2: fillColor = '[1. 1. 1.] (rgb)'
11.3651 	EXP 	displayPicture: image = '.\\resources\\knee.jpg'
11.3651 	EXP 	polygon_2: opacity = 0.0
11.3651 	EXP 	polygon_2: fillColor = '[1. 1. 1.] (rgb)'
11.3818 	EXP 	displayPicture: image = '.\\resources\\knee.jpg'
11.3818 	EXP 	polygon_2: opacity = 0.0
11.3818 	EXP 	polygon_2: fillColor = '[1. 1. 1.] (rgb)'
11.3984 	EXP 	displayPicture: image = '.\\resources\\knee.jpg'
11.3984 	EXP 	polygon_2: opacity = 0.0
11.3984 	EXP 	polygon_2: fillColor = '[1. 1. 1.] (rgb)'
11.4150 	EXP 	displayPicture: image = '.\\resources\\knee.jpg'
11.4150 	EXP 	polygon_2: opacity = 1.0
11.4150 	EXP 	polygon_2: fillColor = '[1. 1. 1.] (rgb)'
11.4317 	EXP 	displayPicture: image = '.\\resources\\knee.jpg'
11.4317 	EXP 	polygon_2: opacity = 1.0
11.4317 	EXP 	polygon_2: fillColor = '[1. 1. 1.] (rgb)'
11.4484 	EXP 	displayPicture: image = '.\\resources\\knee.jpg'
11.4484 	EXP 	polygon_2: opacity = 1.0
11.4484 	EXP 	polygon_2: fillColor = '[1. 1. 1.] (rgb)'
11.4651 	EXP 	displayPicture: image = '.\\resources\\cashregister01.jpg'
11.4651 	EXP 	polygon_2: opacity = 0.0
11.4651 	EXP 	polygon_2: fillColor = '[1. 1. 1.] (rgb)'
11.4817 	EXP 	displayPicture: image = '.\\resources\\cashregister01.jpg'
11.4817 	EXP 	polygon_2: opacity = 0.0
11.4817 	EXP 	polygon_2: fillColor = '[1. 1. 1.] (rgb)'
11.4984 	EXP 	displayPicture: image = '.\\resources\\cashregister01.jpg'
11.4984 	EXP 	polygon_2: opacity = 0.0
11.4984 	EXP 	polygon_2: fillColor = '[1. 1. 1.] (rgb)'
11.5151 	EXP 	displayPicture: image = '.\\resources\\cashregister01.jpg'
11.5151 	EXP 	polygon_2: opacity = 0.0
11.5151 	EXP 	polygon_2: fillColor = '[1. 1. 1.] (rgb)'
11.5317 	EXP 	displayPicture: image = '.\\resources\\cashregister01.jpg'
11.5317 	EXP 	polygon_2: opacity = 0.0
11.5317 	EXP 	polygon_2: fillColor = '[1. 1. 1.] (rgb)'
11.5484 	EXP 	displayPicture: image = '.\\resources\\cashregister01.jpg'
11.5484 	EXP 	polygon_2: opacity = 0.0
11.5484 	EXP 	polygon_2: fillColor = '[1. 1. 1.] (rgb)'
11.5651 	EXP 	displayPicture: image = '.\\resources\\cashregister01.jpg'
11.5651 	EXP 	polygon_2: opacity = 0.0
11.5651 	EXP 	polygon_2: fillColor = '[1. 1. 1.] (rgb)'
11.5817 	EXP 	displayPicture: image = '.\\resources\\cashregister01.jpg'
11.5817 	EXP 	polygon_2: opacity = 0.0
11.5817 	EXP 	polygon_2: fillColor = '[1. 1. 1.] (rgb)'
11.5984 	EXP 	displayPicture: image = '.\\resources\\cashregister01.jpg'
11.5984 	EXP 	polygon_2: opacity = 0.0
11.5984 	EXP 	polygon_2: fillColor = '[1. 1. 1.] (rgb)'
11.6151 	EXP 	displayPicture: image = '.\\resources\\cashregister01.jpg'
11.6151 	EXP 	polygon_2: opacity = 0.0
11.6151 	EXP 	polygon_2: fillColor = '[1. 1. 1.] (rgb)'
11.6317 	EXP 	displayPicture: image = '.\\resources\\cashregister01.jpg'
11.6317 	EXP 	polygon_2: opacity = 0.0
11.6317 	EXP 	polygon_2: fillColor = '[1. 1. 1.] (rgb)'
11.6484 	EXP 	displayPicture: image = '.\\resources\\cashregister01.jpg'
11.6484 	EXP 	polygon_2: opacity = 0.0
11.6484 	EXP 	polygon_2: fillColor = '[1. 1. 1.] (rgb)'
11.6651 	EXP 	displayPicture: image = '.\\resources\\cashregister01.jpg'
11.6651 	EXP 	polygon_2: opacity = 1.0
11.6651 	EXP 	polygon_2: fillColor = '[1. 1. 1.] (rgb)'
11.6817 	EXP 	displayPicture: image = '.\\resources\\cashregister01.jpg'
11.6817 	EXP 	polygon_2: opacity = 1.0
11.6817 	EXP 	polygon_2: fillColor = '[1. 1. 1.] (rgb)'
11.6984 	EXP 	displayPicture: image = '.\\resources\\cashregister01.jpg'
11.6984 	EXP 	polygon_2: opacity = 1.0
11.6984 	EXP 	polygon_2: fillColor = '[1. 1. 1.] (rgb)'
11.7151 	EXP 	displayPicture: image = '.\\resources\\birdfeeder.jpg'
11.7151 	EXP 	polygon_2: opacity = 0.0
11.7151 	EXP 	polygon_2: fillColor = '[1. 1. 1.] (rgb)'
11.7317 	EXP 	displayPicture: image = '.\\resources\\birdfeeder.jpg'
11.7317 	EXP 	polygon_2: opacity = 0.0
11.7317 	EXP 	polygon_2: fillColor = '[1. 1. 1.] (rgb)'
11.7484 	EXP 	displayPicture: image = '.\\resources\\birdfeeder.jpg'
11.7484 	EXP 	polygon_2: opacity = 0.0
11.7484 	EXP 	polygon_2: fillColor = '[1. 1. 1.] (rgb)'
11.7651 	EXP 	displayPicture: image = '.\\resources\\birdfeeder.jpg'
11.7651 	EXP 	polygon_2: opacity = 0.0
11.7651 	EXP 	polygon_2: fillColor = '[1. 1. 1.] (rgb)'
11.7817 	EXP 	displayPicture: image = '.\\resources\\birdfeeder.jpg'
11.7817 	EXP 	polygon_2: opacity = 0.0
11.7817 	EXP 	polygon_2: fillColor = '[1. 1. 1.] (rgb)'
11.7984 	EXP 	displayPicture: image = '.\\resources\\birdfeeder.jpg'
11.7984 	EXP 	polygon_2: opacity = 0.0
11.7984 	EXP 	polygon_2: fillColor = '[1. 1. 1.] (rgb)'
11.8150 	EXP 	displayPicture: image = '.\\resources\\birdfeeder.jpg'
11.8150 	EXP 	polygon_2: opacity = 0.0
11.8150 	EXP 	polygon_2: fillColor = '[1. 1. 1.] (rgb)'
11.8317 	EXP 	displayPicture: image = '.\\resources\\birdfeeder.jpg'
11.8317 	EXP 	polygon_2: opacity = 0.0
11.8317 	EXP 	polygon_2: fillColor = '[1. 1. 1.] (rgb)'
11.8484 	EXP 	displayPicture: image = '.\\resources\\birdfeeder.jpg'
11.8484 	EXP 	polygon_2: opacity = 0.0
11.8484 	EXP 	polygon_2: fillColor = '[1. 1. 1.] (rgb)'
11.8651 	EXP 	displayPicture: image = '.\\resources\\birdfeeder.jpg'
11.8651 	EXP 	polygon_2: opacity = 0.0
11.8651 	EXP 	polygon_2: fillColor = '[1. 1. 1.] (rgb)'
11.8817 	EXP 	displayPicture: image = '.\\resources\\birdfeeder.jpg'
11.8817 	EXP 	polygon_2: opacity = 0.0
11.8817 	EXP 	polygon_2: fillColor = '[1. 1. 1.] (rgb)'
11.8984 	EXP 	displayPicture: image = '.\\resources\\birdfeeder.jpg'
11.8984 	EXP 	polygon_2: opacity = 0.0
11.8984 	EXP 	polygon_2: fillColor = '[1. 1. 1.] (rgb)'
11.9150 	EXP 	displayPicture: image = '.\\resources\\birdfeeder.jpg'
11.9150 	EXP 	polygon_2: opacity = 1.0
11.9150 	EXP 	polygon_2: fillColor = '[1. 1. 1.] (rgb)'
11.9317 	EXP 	displayPicture: image = '.\\resources\\birdfeeder.jpg'
11.9317 	EXP 	polygon_2: opacity = 1.0
11.9317 	EXP 	polygon_2: fillColor = '[1. 1. 1.] (rgb)'
11.9484 	EXP 	displayPicture: image = '.\\resources\\birdfeeder.jpg'
11.9484 	EXP 	polygon_2: opacity = 1.0
11.9484 	EXP 	polygon_2: fillColor = '[1. 1. 1.] (rgb)'
11.9650 	EXP 	displayPicture: image = '.\\resources\\mrpotatohead.jpg'
11.9650 	EXP 	polygon_2: opacity = 0.0
11.9650 	EXP 	polygon_2: fillColor = '[1. 1. 1.] (rgb)'
11.9817 	EXP 	displayPicture: image = '.\\resources\\mrpotatohead.jpg'
11.9817 	EXP 	polygon_2: opacity = 0.0
11.9817 	EXP 	polygon_2: fillColor = '[1. 1. 1.] (rgb)'
11.9984 	EXP 	displayPicture: image = '.\\resources\\mrpotatohead.jpg'
11.9984 	EXP 	polygon_2: opacity = 0.0
11.9984 	EXP 	polygon_2: fillColor = '[1. 1. 1.] (rgb)'
12.0151 	EXP 	displayPicture: image = '.\\resources\\mrpotatohead.jpg'
12.0151 	EXP 	polygon_2: opacity = 0.0
12.0151 	EXP 	polygon_2: fillColor = '[1. 1. 1.] (rgb)'
12.0317 	EXP 	displayPicture: image = '.\\resources\\mrpotatohead.jpg'
12.0317 	EXP 	polygon_2: opacity = 0.0
12.0317 	EXP 	polygon_2: fillColor = '[1. 1. 1.] (rgb)'
12.0484 	EXP 	displayPicture: image = '.\\resources\\mrpotatohead.jpg'
12.0484 	EXP 	polygon_2: opacity = 0.0
12.0484 	EXP 	polygon_2: fillColor = '[1. 1. 1.] (rgb)'
12.0651 	EXP 	displayPicture: image = '.\\resources\\mrpotatohead.jpg'
12.0651 	EXP 	polygon_2: opacity = 0.0
12.0651 	EXP 	polygon_2: fillColor = '[1. 1. 1.] (rgb)'
12.0817 	EXP 	displayPicture: image = '.\\resources\\mrpotatohead.jpg'
12.0817 	EXP 	polygon_2: opacity = 0.0
12.0817 	EXP 	polygon_2: fillColor = '[1. 1. 1.] (rgb)'
12.0984 	EXP 	displayPicture: image = '.\\resources\\mrpotatohead.jpg'
12.0984 	EXP 	polygon_2: opacity = 0.0
12.0984 	EXP 	polygon_2: fillColor = '[1. 1. 1.] (rgb)'
12.1151 	EXP 	displayPicture: image = '.\\resources\\mrpotatohead.jpg'
12.1151 	EXP 	polygon_2: opacity = 0.0
12.1151 	EXP 	polygon_2: fillColor = '[1. 1. 1.] (rgb)'
12.1317 	EXP 	displayPicture: image = '.\\resources\\mrpotatohead.jpg'
12.1317 	EXP 	polygon_2: opacity = 0.0
12.1317 	EXP 	polygon_2: fillColor = '[1. 1. 1.] (rgb)'
12.1484 	EXP 	displayPicture: image = '.\\resources\\mrpotatohead.jpg'
12.1484 	EXP 	polygon_2: opacity = 0.0
12.1484 	EXP 	polygon_2: fillColor = '[1. 1. 1.] (rgb)'
12.1650 	EXP 	displayPicture: image = '.\\resources\\mrpotatohead.jpg'
12.1650 	EXP 	polygon_2: opacity = 1.0
12.1650 	EXP 	polygon_2: fillColor = '[1. 1. 1.] (rgb)'
12.1817 	EXP 	displayPicture: image = '.\\resources\\mrpotatohead.jpg'
12.1817 	EXP 	polygon_2: opacity = 1.0
12.1817 	EXP 	polygon_2: fillColor = '[1. 1. 1.] (rgb)'
12.1984 	EXP 	displayPicture: image = '.\\resources\\mrpotatohead.jpg'
12.1984 	EXP 	polygon_2: opacity = 1.0
12.1984 	EXP 	polygon_2: fillColor = '[1. 1. 1.] (rgb)'
12.2150 	EXP 	displayPicture: image = '.\\resources\\nunchuk.jpg'
12.2150 	EXP 	polygon_2: opacity = 0.0
12.2150 	EXP 	polygon_2: fillColor = '[1. 1. 1.] (rgb)'
12.2317 	EXP 	displayPicture: image = '.\\resources\\nunchuk.jpg'
12.2317 	EXP 	polygon_2: opacity = 0.0
12.2317 	EXP 	polygon_2: fillColor = '[1. 1. 1.] (rgb)'
12.2484 	EXP 	displayPicture: image = '.\\resources\\nunchuk.jpg'
12.2484 	EXP 	polygon_2: opacity = 0.0
12.2484 	EXP 	polygon_2: fillColor = '[1. 1. 1.] (rgb)'
12.2650 	EXP 	displayPicture: image = '.\\resources\\nunchuk.jpg'
12.2650 	EXP 	polygon_2: opacity = 0.0
12.2650 	EXP 	polygon_2: fillColor = '[1. 1. 1.] (rgb)'
12.2817 	EXP 	displayPicture: image = '.\\resources\\nunchuk.jpg'
12.2817 	EXP 	polygon_2: opacity = 0.0
12.2817 	EXP 	polygon_2: fillColor = '[1. 1. 1.] (rgb)'
12.2983 	EXP 	displayPicture: image = '.\\resources\\nunchuk.jpg'
12.2983 	EXP 	polygon_2: opacity = 0.0
12.2983 	EXP 	polygon_2: fillColor = '[1. 1. 1.] (rgb)'
12.3151 	EXP 	displayPicture: image = '.\\resources\\nunchuk.jpg'
12.3151 	EXP 	polygon_2: opacity = 0.0
12.3151 	EXP 	polygon_2: fillColor = '[1. 1. 1.] (rgb)'
12.3317 	EXP 	displayPicture: image = '.\\resources\\nunchuk.jpg'
12.3317 	EXP 	polygon_2: opacity = 0.0
12.3317 	EXP 	polygon_2: fillColor = '[1. 1. 1.] (rgb)'
12.3484 	EXP 	displayPicture: image = '.\\resources\\nunchuk.jpg'
12.3484 	EXP 	polygon_2: opacity = 0.0
12.3484 	EXP 	polygon_2: fillColor = '[1. 1. 1.] (rgb)'
12.3651 	EXP 	displayPicture: image = '.\\resources\\nunchuk.jpg'
12.3651 	EXP 	polygon_2: opacity = 0.0
12.3651 	EXP 	polygon_2: fillColor = '[1. 1. 1.] (rgb)'
12.3817 	EXP 	displayPicture: image = '.\\resources\\nunchuk.jpg'
12.3817 	EXP 	polygon_2: opacity = 0.0
12.3817 	EXP 	polygon_2: fillColor = '[1. 1. 1.] (rgb)'
12.3984 	EXP 	displayPicture: image = '.\\resources\\nunchuk.jpg'
12.3984 	EXP 	polygon_2: opacity = 0.0
12.3984 	EXP 	polygon_2: fillColor = '[1. 1. 1.] (rgb)'
12.4150 	EXP 	displayPicture: image = '.\\resources\\nunchuk.jpg'
12.4150 	EXP 	polygon_2: opacity = 1.0
12.4150 	EXP 	polygon_2: fillColor = '[1. 1. 1.] (rgb)'
12.4317 	EXP 	displayPicture: image = '.\\resources\\nunchuk.jpg'
12.4317 	EXP 	polygon_2: opacity = 1.0
12.4317 	EXP 	polygon_2: fillColor = '[1. 1. 1.] (rgb)'
12.4483 	EXP 	displayPicture: image = '.\\resources\\nunchuk.jpg'
12.4483 	EXP 	polygon_2: opacity = 1.0
12.4483 	EXP 	polygon_2: fillColor = '[1. 1. 1.] (rgb)'
12.4650 	EXP 	displayPicture: image = '.\\resources\\armadillo.jpg'
12.4650 	EXP 	polygon_2: opacity = 0.0
12.4650 	EXP 	polygon_2: fillColor = '[1. 1. 1.] (rgb)'
12.4817 	EXP 	displayPicture: image = '.\\resources\\armadillo.jpg'
12.4817 	EXP 	polygon_2: opacity = 0.0
12.4817 	EXP 	polygon_2: fillColor = '[1. 1. 1.] (rgb)'
12.4984 	EXP 	displayPicture: image = '.\\resources\\armadillo.jpg'
12.4984 	EXP 	polygon_2: opacity = 0.0
12.4984 	EXP 	polygon_2: fillColor = '[1. 1. 1.] (rgb)'
12.5151 	EXP 	displayPicture: image = '.\\resources\\armadillo.jpg'
12.5151 	EXP 	polygon_2: opacity = 0.0
12.5151 	EXP 	polygon_2: fillColor = '[1. 1. 1.] (rgb)'
12.5317 	EXP 	displayPicture: image = '.\\resources\\armadillo.jpg'
12.5317 	EXP 	polygon_2: opacity = 0.0
12.5317 	EXP 	polygon_2: fillColor = '[1. 1. 1.] (rgb)'
12.5483 	EXP 	displayPicture: image = '.\\resources\\armadillo.jpg'
12.5483 	EXP 	polygon_2: opacity = 0.0
12.5483 	EXP 	polygon_2: fillColor = '[1. 1. 1.] (rgb)'
12.5650 	EXP 	displayPicture: image = '.\\resources\\armadillo.jpg'
12.5650 	EXP 	polygon_2: opacity = 0.0
12.5650 	EXP 	polygon_2: fillColor = '[1. 1. 1.] (rgb)'
12.5817 	EXP 	displayPicture: image = '.\\resources\\armadillo.jpg'
12.5817 	EXP 	polygon_2: opacity = 0.0
12.5817 	EXP 	polygon_2: fillColor = '[1. 1. 1.] (rgb)'
12.5983 	EXP 	displayPicture: image = '.\\resources\\armadillo.jpg'
12.5983 	EXP 	polygon_2: opacity = 0.0
12.5983 	EXP 	polygon_2: fillColor = '[1. 1. 1.] (rgb)'
12.6150 	EXP 	displayPicture: image = '.\\resources\\armadillo.jpg'
12.6150 	EXP 	polygon_2: opacity = 0.0
12.6150 	EXP 	polygon_2: fillColor = '[1. 1. 1.] (rgb)'
12.6317 	EXP 	displayPicture: image = '.\\resources\\armadillo.jpg'
12.6317 	EXP 	polygon_2: opacity = 0.0
12.6317 	EXP 	polygon_2: fillColor = '[1. 1. 1.] (rgb)'
12.6483 	EXP 	displayPicture: image = '.\\resources\\armadillo.jpg'
12.6483 	EXP 	polygon_2: opacity = 0.0
12.6483 	EXP 	polygon_2: fillColor = '[1. 1. 1.] (rgb)'
12.6650 	EXP 	displayPicture: image = '.\\resources\\armadillo.jpg'
12.6650 	EXP 	polygon_2: opacity = 1.0
12.6650 	EXP 	polygon_2: fillColor = '[1. 1. 1.] (rgb)'
12.6817 	EXP 	displayPicture: image = '.\\resources\\armadillo.jpg'
12.6817 	EXP 	polygon_2: opacity = 1.0
12.6817 	EXP 	polygon_2: fillColor = '[1. 1. 1.] (rgb)'
12.6983 	EXP 	displayPicture: image = '.\\resources\\armadillo.jpg'
12.6983 	EXP 	polygon_2: opacity = 1.0
12.6983 	EXP 	polygon_2: fillColor = '[1. 1. 1.] (rgb)'
12.7150 	EXP 	displayPicture: image = '.\\resources\\bench01.jpg'
12.7150 	EXP 	polygon_2: opacity = 0.0
12.7150 	EXP 	polygon_2: fillColor = '[1. 1. 1.] (rgb)'
12.7317 	EXP 	displayPicture: image = '.\\resources\\bench01.jpg'
12.7317 	EXP 	polygon_2: opacity = 0.0
12.7317 	EXP 	polygon_2: fillColor = '[1. 1. 1.] (rgb)'
12.7483 	EXP 	displayPicture: image = '.\\resources\\bench01.jpg'
12.7483 	EXP 	polygon_2: opacity = 0.0
12.7483 	EXP 	polygon_2: fillColor = '[1. 1. 1.] (rgb)'
12.7650 	EXP 	displayPicture: image = '.\\resources\\bench01.jpg'
12.7650 	EXP 	polygon_2: opacity = 0.0
12.7650 	EXP 	polygon_2: fillColor = '[1. 1. 1.] (rgb)'
12.7817 	EXP 	displayPicture: image = '.\\resources\\bench01.jpg'
12.7817 	EXP 	polygon_2: opacity = 0.0
12.7817 	EXP 	polygon_2: fillColor = '[1. 1. 1.] (rgb)'
12.7983 	EXP 	displayPicture: image = '.\\resources\\bench01.jpg'
12.7983 	EXP 	polygon_2: opacity = 0.0
12.7983 	EXP 	polygon_2: fillColor = '[1. 1. 1.] (rgb)'
12.8150 	EXP 	displayPicture: image = '.\\resources\\bench01.jpg'
12.8150 	EXP 	polygon_2: opacity = 0.0
12.8150 	EXP 	polygon_2: fillColor = '[1. 1. 1.] (rgb)'
12.8317 	EXP 	displayPicture: image = '.\\resources\\bench01.jpg'
12.8317 	EXP 	polygon_2: opacity = 0.0
12.8317 	EXP 	polygon_2: fillColor = '[1. 1. 1.] (rgb)'
12.8484 	EXP 	displayPicture: image = '.\\resources\\bench01.jpg'
12.8484 	EXP 	polygon_2: opacity = 0.0
12.8484 	EXP 	polygon_2: fillColor = '[1. 1. 1.] (rgb)'
12.8650 	EXP 	displayPicture: image = '.\\resources\\bench01.jpg'
12.8650 	EXP 	polygon_2: opacity = 0.0
12.8650 	EXP 	polygon_2: fillColor = '[1. 1. 1.] (rgb)'
12.8816 	EXP 	displayPicture: image = '.\\resources\\bench01.jpg'
12.8816 	EXP 	polygon_2: opacity = 0.0
12.8816 	EXP 	polygon_2: fillColor = '[1. 1. 1.] (rgb)'
12.8983 	EXP 	displayPicture: image = '.\\resources\\bench01.jpg'
12.8983 	EXP 	polygon_2: opacity = 0.0
12.8983 	EXP 	polygon_2: fillColor = '[1. 1. 1.] (rgb)'
12.9150 	EXP 	displayPicture: image = '.\\resources\\bench01.jpg'
12.9150 	EXP 	polygon_2: opacity = 1.0
12.9150 	EXP 	polygon_2: fillColor = '[1. 1. 1.] (rgb)'
12.9316 	EXP 	displayPicture: image = '.\\resources\\bench01.jpg'
12.9316 	EXP 	polygon_2: opacity = 1.0
12.9316 	EXP 	polygon_2: fillColor = '[1. 1. 1.] (rgb)'
12.9483 	EXP 	displayPicture: image = '.\\resources\\bench01.jpg'
12.9483 	EXP 	polygon_2: opacity = 1.0
12.9483 	EXP 	polygon_2: fillColor = '[1. 1. 1.] (rgb)'
12.9650 	EXP 	displayPicture: image = '.\\resources\\sword01.jpg'
12.9650 	EXP 	polygon_2: opacity = 0.0
12.9650 	EXP 	polygon_2: fillColor = '[1. 1. 1.] (rgb)'
12.9816 	EXP 	displayPicture: image = '.\\resources\\sword01.jpg'
12.9816 	EXP 	polygon_2: opacity = 0.0
12.9816 	EXP 	polygon_2: fillColor = '[1. 1. 1.] (rgb)'
12.9983 	EXP 	displayPicture: image = '.\\resources\\sword01.jpg'
12.9983 	EXP 	polygon_2: opacity = 0.0
12.9983 	EXP 	polygon_2: fillColor = '[1. 1. 1.] (rgb)'
13.0150 	EXP 	displayPicture: image = '.\\resources\\sword01.jpg'
13.0150 	EXP 	polygon_2: opacity = 0.0
13.0150 	EXP 	polygon_2: fillColor = '[1. 1. 1.] (rgb)'
13.0316 	EXP 	displayPicture: image = '.\\resources\\sword01.jpg'
13.0316 	EXP 	polygon_2: opacity = 0.0
13.0316 	EXP 	polygon_2: fillColor = '[1. 1. 1.] (rgb)'
13.0483 	EXP 	displayPicture: image = '.\\resources\\sword01.jpg'
13.0483 	EXP 	polygon_2: opacity = 0.0
13.0483 	EXP 	polygon_2: fillColor = '[1. 1. 1.] (rgb)'
13.0650 	EXP 	displayPicture: image = '.\\resources\\sword01.jpg'
13.0650 	EXP 	polygon_2: opacity = 0.0
13.0650 	EXP 	polygon_2: fillColor = '[1. 1. 1.] (rgb)'
13.0816 	EXP 	displayPicture: image = '.\\resources\\sword01.jpg'
13.0816 	EXP 	polygon_2: opacity = 0.0
13.0816 	EXP 	polygon_2: fillColor = '[1. 1. 1.] (rgb)'
13.0983 	EXP 	displayPicture: image = '.\\resources\\sword01.jpg'
13.0983 	EXP 	polygon_2: opacity = 0.0
13.0983 	EXP 	polygon_2: fillColor = '[1. 1. 1.] (rgb)'
13.1150 	EXP 	displayPicture: image = '.\\resources\\sword01.jpg'
13.1150 	EXP 	polygon_2: opacity = 0.0
13.1150 	EXP 	polygon_2: fillColor = '[1. 1. 1.] (rgb)'
13.1316 	EXP 	displayPicture: image = '.\\resources\\sword01.jpg'
13.1316 	EXP 	polygon_2: opacity = 0.0
13.1316 	EXP 	polygon_2: fillColor = '[1. 1. 1.] (rgb)'
13.1483 	EXP 	displayPicture: image = '.\\resources\\sword01.jpg'
13.1483 	EXP 	polygon_2: opacity = 0.0
13.1483 	EXP 	polygon_2: fillColor = '[1. 1. 1.] (rgb)'
13.1650 	EXP 	displayPicture: image = '.\\resources\\sword01.jpg'
13.1650 	EXP 	polygon_2: opacity = 1.0
13.1650 	EXP 	polygon_2: fillColor = '[1. 1. 1.] (rgb)'
13.1816 	EXP 	displayPicture: image = '.\\resources\\sword01.jpg'
13.1816 	EXP 	polygon_2: opacity = 1.0
13.1816 	EXP 	polygon_2: fillColor = '[1. 1. 1.] (rgb)'
13.1983 	EXP 	displayPicture: image = '.\\resources\\sword01.jpg'
13.1983 	EXP 	polygon_2: opacity = 1.0
13.1983 	EXP 	polygon_2: fillColor = '[1. 1. 1.] (rgb)'
13.2149 	EXP 	displayPicture: image = '.\\resources\\bullet.jpg'
13.2149 	EXP 	polygon_2: opacity = 0.0
13.2149 	EXP 	polygon_2: fillColor = '[1. 1. 1.] (rgb)'
13.2316 	EXP 	displayPicture: image = '.\\resources\\bullet.jpg'
13.2316 	EXP 	polygon_2: opacity = 0.0
13.2316 	EXP 	polygon_2: fillColor = '[1. 1. 1.] (rgb)'
13.2483 	EXP 	displayPicture: image = '.\\resources\\bullet.jpg'
13.2483 	EXP 	polygon_2: opacity = 0.0
13.2483 	EXP 	polygon_2: fillColor = '[1. 1. 1.] (rgb)'
13.2650 	EXP 	displayPicture: image = '.\\resources\\bullet.jpg'
13.2650 	EXP 	polygon_2: opacity = 0.0
13.2650 	EXP 	polygon_2: fillColor = '[1. 1. 1.] (rgb)'
13.2816 	EXP 	displayPicture: image = '.\\resources\\bullet.jpg'
13.2816 	EXP 	polygon_2: opacity = 0.0
13.2816 	EXP 	polygon_2: fillColor = '[1. 1. 1.] (rgb)'
13.2983 	EXP 	displayPicture: image = '.\\resources\\bullet.jpg'
13.2983 	EXP 	polygon_2: opacity = 0.0
13.2983 	EXP 	polygon_2: fillColor = '[1. 1. 1.] (rgb)'
13.3150 	EXP 	displayPicture: image = '.\\resources\\bullet.jpg'
13.3150 	EXP 	polygon_2: opacity = 0.0
13.3150 	EXP 	polygon_2: fillColor = '[1. 1. 1.] (rgb)'
13.3318 	EXP 	displayPicture: image = '.\\resources\\bullet.jpg'
13.3318 	EXP 	polygon_2: opacity = 0.0
13.3318 	EXP 	polygon_2: fillColor = '[1. 1. 1.] (rgb)'
13.3483 	EXP 	displayPicture: image = '.\\resources\\bullet.jpg'
13.3483 	EXP 	polygon_2: opacity = 0.0
13.3483 	EXP 	polygon_2: fillColor = '[1. 1. 1.] (rgb)'
13.3650 	EXP 	displayPicture: image = '.\\resources\\bullet.jpg'
13.3650 	EXP 	polygon_2: opacity = 0.0
13.3650 	EXP 	polygon_2: fillColor = '[1. 1. 1.] (rgb)'
13.3816 	EXP 	displayPicture: image = '.\\resources\\bullet.jpg'
13.3816 	EXP 	polygon_2: opacity = 0.0
13.3816 	EXP 	polygon_2: fillColor = '[1. 1. 1.] (rgb)'
13.3983 	EXP 	displayPicture: image = '.\\resources\\bullet.jpg'
13.3983 	EXP 	polygon_2: opacity = 0.0
13.3983 	EXP 	polygon_2: fillColor = '[1. 1. 1.] (rgb)'
13.4150 	EXP 	displayPicture: image = '.\\resources\\bullet.jpg'
13.4150 	EXP 	polygon_2: opacity = 1.0
13.4150 	EXP 	polygon_2: fillColor = '[1. 1. 1.] (rgb)'
13.4316 	EXP 	displayPicture: image = '.\\resources\\bullet.jpg'
13.4316 	EXP 	polygon_2: opacity = 1.0
13.4316 	EXP 	polygon_2: fillColor = '[1. 1. 1.] (rgb)'
13.4483 	EXP 	displayPicture: image = '.\\resources\\bullet.jpg'
13.4483 	EXP 	polygon_2: opacity = 1.0
13.4483 	EXP 	polygon_2: fillColor = '[1. 1. 1.] (rgb)'
13.4816 	EXP 	displayPicture: image = '.\\resources\\bullet.jpg'
13.4816 	EXP 	polygon_2: opacity = 0.0
13.4816 	EXP 	polygon_2: fillColor = '[1. 1. 1.] (rgb)'
13.4816 	EXP 	displayPicture: autoDraw = False
13.4816 	EXP 	polygon_2: autoDraw = False
13.4816 	EXP 	option1_t1: image = '.\\resources\\witchhat.jpg'
13.4816 	EXP 	polygon_4: autoDraw = True
13.4816 	EXP 	option1_t1: autoDraw = True
14.9893 	DATA 	Keypress: left
14.9981 	EXP 	polygon_4: autoDraw = False
14.9981 	EXP 	option1_t1: autoDraw = False
14.9981 	EXP 	polygon_5: autoDraw = True
14.9981 	EXP 	textbox_2: autoDraw = True
21.0948 	DATA 	Keypress: right
21.1144 	EXP 	polygon_5: autoDraw = False
21.1144 	EXP 	textbox_2: autoDraw = False
21.1144 	EXP 	textbox_3: text = '\n 1/2 ทำถูก'
21.1144 	EXP 	textbox_3: autoDraw = True
22.1144 	EXP 	textbox_3: autoDraw = False
22.1144 	EXP 	text: text = ''
22.1144 	EXP 	text: autoDraw = True
22.1144 	EXP 	text: autoDraw = False
22.1144 	EXP 	text_4: autoDraw = True
22.1144 	EXP 	textbox_4: autoDraw = True
23.8200 	DATA 	Keypress: escape
24.0276 	EXP 	window1: mouseVisible = True
