0.8211 	WARNING 	We strongly recommend you activate the PTB sound engine in PsychoPy prefs as the preferred audio engine. Its timing is vastly superior. Your prefs are currently set to use ['sounddevice', 'PTB', 'pyo', 'pygame'] (in that order).
3.7144 	WARNING 	User requested fullscreen with size [1024  768], but screen is actually [1920, 1080]. Using actual size
4.5891 	EXP 	Created window1 = Window(allowGUI=False, allowStencil=False, args=UNKNOWN, autoLog=True, bitsMode=UNKNOWN, blendMode='avg', bpc=(8, 8, 8), color=array([0., 0., 0.]), colorSpace='rgb', depthBits=8, fullscr=<method-wrapper '__getattribute__' of attributeSetter object at 0x00000143AB2961D0>, gamma=None, gammaErrorPolicy='raise', kwargs=UNKNOWN, lms=UNKNOWN, monitor=<psychopy.monitors.calibTools.Monitor object at 0x00000143AB5237F0>, multiSample=False, name='window1', numSamples=2, pos=[0.0, 0.0], screen=0, size=array([1920, 1080]), stencilBits=0, stereo=False, units='height', useFBO=True, useRetina=False, viewOri=0.0, viewPos=None, viewScale=None, waitBlanking=True, winType='pyglet')
4.5894 	EXP 	window1: mouseVisible = True
4.5895 	EXP 	window1: recordFrameIntervals = False
4.7553 	EXP 	window1: recordFrameIntervals = True
4.9388 	EXP 	window1: recordFrameIntervals = False
5.0111 	EXP 	Created polygon = Rect(__class__=<class 'psychopy.visual.rect.Rect'>, autoDraw=False, autoLog=True, closeShape=True, color=method-wrapper(...), colorSpace=None, contrast=1.0, depth=-4.0, fillColor=array([1., 0., 0.]), fillColorSpace='rgb', fillRGB=array([1., 0., 0.]), interpolate=True, lineColor=array([1., 1., 1.]), lineColorSpace='rgb', lineRGB=array([1., 1., 1.]), lineWidth=1, name='polygon', opacity=1.0, ori=array(0.), pos=array([0., 0.]), size=array([0.6, 0.6]), units='height', vertices=ndarray(...), win=Window(...))
5.0158 	EXP 	Created displayPicture = ImageStim(__class__=<class 'psychopy.visual.image.ImageStim'>, autoLog=True, color=array([1., 1., 1.]), colorSpace='rgb', contrast=1.0, depth=-5.0, flipHoriz=False, flipVert=False, image='sin', interpolate=True, mask=None, maskParams=None, name='displayPicture', opacity=1.0, ori=0.0, pos=array([0., 0.]), size=array([0.25, 0.25]), texRes=128, units='height', win=Window(...))
5.0169 	EXP 	Created polygon_2 = Rect(__class__=<class 'psychopy.visual.rect.Rect'>, autoDraw=False, autoLog=True, closeShape=True, color=method-wrapper(...), colorSpace=None, contrast=1.0, depth=-6.0, fillColor=array([0., 0., 0.]), fillColorSpace='rgb', fillRGB=array([0., 0., 0.]), interpolate=True, lineColor=array([1., 1., 1.]), lineColorSpace='rgb', lineRGB=array([1., 1., 1.]), lineWidth=0, name='polygon_2', opacity=1.0, ori=array(0.), pos=array([0., 0.]), size=array([0.8, 0.8]), units='height', vertices=ndarray(...), win=Window(...))
5.0195 	EXP 	Created option1_t1 = ImageStim(__class__=<class 'psychopy.visual.image.ImageStim'>, autoLog=True, color=array([1., 1., 1.]), colorSpace='rgb', contrast=1.0, depth=-1.0, flipHoriz=False, flipVert=False, image='sin', interpolate=True, mask=None, maskParams=None, name='option1_t1', opacity=1.0, ori=0.0, pos=array([-0.3,  0. ]), size=array([0.25, 0.25]), texRes=128, units='height', win=Window(...))
5.0221 	EXP 	Created option2_t1 = ImageStim(__class__=<class 'psychopy.visual.image.ImageStim'>, autoLog=True, color=array([1., 1., 1.]), colorSpace='rgb', contrast=1.0, depth=-2.0, flipHoriz=False, flipVert=False, image='sin', interpolate=True, mask=None, maskParams=None, name='option2_t1', opacity=1.0, ori=0.0, pos=array([0.3, 0. ]), size=array([0.25, 0.25]), texRes=128, units='height', win=Window(...))
5.0246 	EXP 	Created option1_t2 = ImageStim(__class__=<class 'psychopy.visual.image.ImageStim'>, autoLog=True, color=array([1., 1., 1.]), colorSpace='rgb', contrast=1.0, depth=-1.0, flipHoriz=False, flipVert=False, image='sin', interpolate=True, mask=None, maskParams=None, name='option1_t2', opacity=1.0, ori=0.0, pos=array([0.3, 0. ]), size=array([0.25, 0.25]), texRes=128, units='height', win=Window(...))
5.0271 	EXP 	Created option2_t2 = ImageStim(__class__=<class 'psychopy.visual.image.ImageStim'>, autoLog=True, color=array([1., 1., 1.]), colorSpace='rgb', contrast=1.0, depth=-2.0, flipHoriz=False, flipVert=False, image='sin', interpolate=True, mask=None, maskParams=None, name='option2_t2', opacity=1.0, ori=0.0, pos=array([-0.3,  0. ]), size=array([0.25, 0.25]), texRes=128, units='height', win=Window(...))
5.0729 	EXP 	Created text = TextStim(__class__=<class 'psychopy.visual.text.TextStim'>, alignHoriz=method-wrapper(...), alignText='center', alignVert=method-wrapper(...), anchorHoriz='center', anchorVert='center', antialias=True, autoLog=True, bold=False, color='white', colorSpace='named', contrast=1.0, depth=-3.0, flipHoriz=False, flipVert=False, font='Arial', fontFiles=[], height=0.1, italic=False, languageStyle='LTR', name='text', opacity=1.0, ori=0, pos=array([0., 0.]), rgb=array([255., 255., 255.]), text='default text', units='height', win=Window(...), wrapWidth=1)
5.1134 	EXP 	Imported conditionAB.xlsx as conditions, 140 conditions, 9 params
5.1139 	EXP 	Created sequence: random, trialTypes=140, nReps=1, seed=None
5.1142 	EXP 	New trial (rep=0, index=0): OrderedDict([('trialType', 'AB'), ('cndTyp', 'lag1'), ('lag', 1), ('T1_loc', 5), ('gap', 0), ('T2_loc', 6), ('primePos', 104), ('stimLen', 0.2), ('isi', 0.15)])
5.2127 	EXP 	polygon: autoDraw = True
5.2127 	EXP 	polygon: opacity = 0.0
5.2127 	EXP 	displayPicture: autoDraw = True
5.2127 	EXP 	displayPicture: image = 'C:\\Users\\Employee\\Google Drive\\UP\\MyResearch\\TaskProgramming\\AB_pic\\resources\\hulahoop.jpg'
5.2127 	EXP 	polygon_2: autoDraw = True
5.2127 	EXP 	polygon_2: opacity = 0.0
5.2388 	EXP 	polygon: opacity = 0.0
5.2388 	EXP 	displayPicture: image = 'C:\\Users\\Employee\\Google Drive\\UP\\MyResearch\\TaskProgramming\\AB_pic\\resources\\hulahoop.jpg'
5.2388 	EXP 	polygon_2: opacity = 0.0
5.2553 	EXP 	polygon: opacity = 0.0
5.2553 	EXP 	displayPicture: image = 'C:\\Users\\Employee\\Google Drive\\UP\\MyResearch\\TaskProgramming\\AB_pic\\resources\\hulahoop.jpg'
5.2553 	EXP 	polygon_2: opacity = 0.0
5.2719 	EXP 	polygon: opacity = 0.0
5.2719 	EXP 	displayPicture: image = 'C:\\Users\\Employee\\Google Drive\\UP\\MyResearch\\TaskProgramming\\AB_pic\\resources\\hulahoop.jpg'
5.2719 	EXP 	polygon_2: opacity = 0.0
5.2886 	EXP 	polygon: opacity = 0.0
5.2886 	EXP 	displayPicture: image = 'C:\\Users\\Employee\\Google Drive\\UP\\MyResearch\\TaskProgramming\\AB_pic\\resources\\hulahoop.jpg'
5.2886 	EXP 	polygon_2: opacity = 0.0
5.3053 	EXP 	polygon: opacity = 0.0
5.3053 	EXP 	displayPicture: image = 'C:\\Users\\Employee\\Google Drive\\UP\\MyResearch\\TaskProgramming\\AB_pic\\resources\\hulahoop.jpg'
5.3053 	EXP 	polygon_2: opacity = 0.0
5.3219 	EXP 	polygon: opacity = 0.0
5.3219 	EXP 	displayPicture: image = 'C:\\Users\\Employee\\Google Drive\\UP\\MyResearch\\TaskProgramming\\AB_pic\\resources\\hulahoop.jpg'
5.3219 	EXP 	polygon_2: opacity = 0.0
5.3386 	EXP 	polygon: opacity = 0.0
5.3386 	EXP 	displayPicture: image = 'C:\\Users\\Employee\\Google Drive\\UP\\MyResearch\\TaskProgramming\\AB_pic\\resources\\hulahoop.jpg'
5.3386 	EXP 	polygon_2: opacity = 1.0
5.3552 	EXP 	polygon: opacity = 0.0
5.3552 	EXP 	displayPicture: image = 'C:\\Users\\Employee\\Google Drive\\UP\\MyResearch\\TaskProgramming\\AB_pic\\resources\\hulahoop.jpg'
5.3552 	EXP 	polygon_2: opacity = 1.0
5.3888 	EXP 	polygon: opacity = 0.0
5.3888 	EXP 	displayPicture: image = 'C:\\Users\\Employee\\Google Drive\\UP\\MyResearch\\TaskProgramming\\AB_pic\\resources\\hulahoop.jpg'
5.3888 	EXP 	polygon_2: opacity = 1.0
5.4053 	EXP 	polygon: opacity = 0.0
5.4053 	EXP 	displayPicture: image = 'C:\\Users\\Employee\\Google Drive\\UP\\MyResearch\\TaskProgramming\\AB_pic\\resources\\hulahoop.jpg'
5.4053 	EXP 	polygon_2: opacity = 1.0
5.4219 	EXP 	polygon: opacity = 0.0
5.4219 	EXP 	displayPicture: image = 'C:\\Users\\Employee\\Google Drive\\UP\\MyResearch\\TaskProgramming\\AB_pic\\resources\\hulahoop.jpg'
5.4219 	EXP 	polygon_2: opacity = 1.0
5.4386 	EXP 	polygon: opacity = 0.0
5.4386 	EXP 	displayPicture: image = 'C:\\Users\\Employee\\Google Drive\\UP\\MyResearch\\TaskProgramming\\AB_pic\\resources\\hulahoop.jpg'
5.4386 	EXP 	polygon_2: opacity = 1.0
5.4553 	EXP 	polygon: opacity = 0.0
5.4553 	EXP 	displayPicture: image = 'C:\\Users\\Employee\\Google Drive\\UP\\MyResearch\\TaskProgramming\\AB_pic\\resources\\hulahoop.jpg'
5.4553 	EXP 	polygon_2: opacity = 1.0
5.4719 	EXP 	polygon: opacity = 0.0
5.4719 	EXP 	displayPicture: image = 'C:\\Users\\Employee\\Google Drive\\UP\\MyResearch\\TaskProgramming\\AB_pic\\resources\\hulahoop.jpg'
5.4719 	EXP 	polygon_2: opacity = 1.0
5.4886 	EXP 	polygon: opacity = 0.0
5.4886 	EXP 	displayPicture: image = 'C:\\Users\\Employee\\Google Drive\\UP\\MyResearch\\TaskProgramming\\AB_pic\\resources\\dromedary.jpg'
5.4886 	EXP 	polygon_2: opacity = 0.0
5.5053 	EXP 	polygon: opacity = 0.0
5.5053 	EXP 	displayPicture: image = 'C:\\Users\\Employee\\Google Drive\\UP\\MyResearch\\TaskProgramming\\AB_pic\\resources\\dromedary.jpg'
5.5053 	EXP 	polygon_2: opacity = 0.0
5.5222 	EXP 	polygon: opacity = 0.0
5.5222 	EXP 	displayPicture: image = 'C:\\Users\\Employee\\Google Drive\\UP\\MyResearch\\TaskProgramming\\AB_pic\\resources\\dromedary.jpg'
5.5222 	EXP 	polygon_2: opacity = 0.0
5.5385 	EXP 	polygon: opacity = 0.0
5.5385 	EXP 	displayPicture: image = 'C:\\Users\\Employee\\Google Drive\\UP\\MyResearch\\TaskProgramming\\AB_pic\\resources\\dromedary.jpg'
5.5385 	EXP 	polygon_2: opacity = 0.0
5.5552 	EXP 	polygon: opacity = 0.0
5.5552 	EXP 	displayPicture: image = 'C:\\Users\\Employee\\Google Drive\\UP\\MyResearch\\TaskProgramming\\AB_pic\\resources\\dromedary.jpg'
5.5552 	EXP 	polygon_2: opacity = 0.0
5.5718 	EXP 	polygon: opacity = 0.0
5.5718 	EXP 	displayPicture: image = 'C:\\Users\\Employee\\Google Drive\\UP\\MyResearch\\TaskProgramming\\AB_pic\\resources\\dromedary.jpg'
5.5718 	EXP 	polygon_2: opacity = 0.0
5.5886 	EXP 	polygon: opacity = 0.0
5.5886 	EXP 	displayPicture: image = 'C:\\Users\\Employee\\Google Drive\\UP\\MyResearch\\TaskProgramming\\AB_pic\\resources\\dromedary.jpg'
5.5886 	EXP 	polygon_2: opacity = 0.0
5.6052 	EXP 	polygon: opacity = 0.0
5.6052 	EXP 	displayPicture: image = 'C:\\Users\\Employee\\Google Drive\\UP\\MyResearch\\TaskProgramming\\AB_pic\\resources\\dromedary.jpg'
5.6052 	EXP 	polygon_2: opacity = 0.0
5.6219 	EXP 	polygon: opacity = 0.0
5.6219 	EXP 	displayPicture: image = 'C:\\Users\\Employee\\Google Drive\\UP\\MyResearch\\TaskProgramming\\AB_pic\\resources\\dromedary.jpg'
5.6219 	EXP 	polygon_2: opacity = 0.0
5.6385 	EXP 	polygon: opacity = 0.0
5.6385 	EXP 	displayPicture: image = 'C:\\Users\\Employee\\Google Drive\\UP\\MyResearch\\TaskProgramming\\AB_pic\\resources\\dromedary.jpg'
5.6385 	EXP 	polygon_2: opacity = 0.0
5.6719 	EXP 	polygon: opacity = 0.0
5.6719 	EXP 	displayPicture: image = 'C:\\Users\\Employee\\Google Drive\\UP\\MyResearch\\TaskProgramming\\AB_pic\\resources\\dromedary.jpg'
5.6719 	EXP 	polygon_2: opacity = 0.0
5.6885 	EXP 	polygon: opacity = 0.0
5.6885 	EXP 	displayPicture: image = 'C:\\Users\\Employee\\Google Drive\\UP\\MyResearch\\TaskProgramming\\AB_pic\\resources\\dromedary.jpg'
5.6885 	EXP 	polygon_2: opacity = 1.0
5.7052 	EXP 	polygon: opacity = 0.0
5.7052 	EXP 	displayPicture: image = 'C:\\Users\\Employee\\Google Drive\\UP\\MyResearch\\TaskProgramming\\AB_pic\\resources\\dromedary.jpg'
5.7052 	EXP 	polygon_2: opacity = 1.0
5.7219 	EXP 	polygon: opacity = 0.0
5.7219 	EXP 	displayPicture: image = 'C:\\Users\\Employee\\Google Drive\\UP\\MyResearch\\TaskProgramming\\AB_pic\\resources\\dromedary.jpg'
5.7219 	EXP 	polygon_2: opacity = 1.0
5.7386 	EXP 	polygon: opacity = 0.0
5.7386 	EXP 	displayPicture: image = 'C:\\Users\\Employee\\Google Drive\\UP\\MyResearch\\TaskProgramming\\AB_pic\\resources\\dromedary.jpg'
5.7386 	EXP 	polygon_2: opacity = 1.0
5.7552 	EXP 	polygon: opacity = 0.0
5.7552 	EXP 	displayPicture: image = 'C:\\Users\\Employee\\Google Drive\\UP\\MyResearch\\TaskProgramming\\AB_pic\\resources\\dromedary.jpg'
5.7552 	EXP 	polygon_2: opacity = 1.0
5.7719 	EXP 	polygon: opacity = 0.0
5.7719 	EXP 	displayPicture: image = 'C:\\Users\\Employee\\Google Drive\\UP\\MyResearch\\TaskProgramming\\AB_pic\\resources\\dromedary.jpg'
5.7719 	EXP 	polygon_2: opacity = 1.0
5.7886 	EXP 	polygon: opacity = 0.0
5.7886 	EXP 	displayPicture: image = 'C:\\Users\\Employee\\Google Drive\\UP\\MyResearch\\TaskProgramming\\AB_pic\\resources\\dromedary.jpg'
5.7886 	EXP 	polygon_2: opacity = 1.0
5.8052 	EXP 	polygon: opacity = 0.0
5.8052 	EXP 	displayPicture: image = 'C:\\Users\\Employee\\Google Drive\\UP\\MyResearch\\TaskProgramming\\AB_pic\\resources\\dromedary.jpg'
5.8052 	EXP 	polygon_2: opacity = 1.0
5.8219 	EXP 	polygon: opacity = 0.0
5.8219 	EXP 	displayPicture: image = 'C:\\Users\\Employee\\Google Drive\\UP\\MyResearch\\TaskProgramming\\AB_pic\\resources\\dromedary.jpg'
5.8219 	EXP 	polygon_2: opacity = 1.0
5.8385 	EXP 	polygon: opacity = 0.0
5.8385 	EXP 	displayPicture: image = 'C:\\Users\\Employee\\Google Drive\\UP\\MyResearch\\TaskProgramming\\AB_pic\\resources\\ant.jpg'
5.8385 	EXP 	polygon_2: opacity = 0.0
5.8552 	EXP 	polygon: opacity = 0.0
5.8552 	EXP 	displayPicture: image = 'C:\\Users\\Employee\\Google Drive\\UP\\MyResearch\\TaskProgramming\\AB_pic\\resources\\ant.jpg'
5.8552 	EXP 	polygon_2: opacity = 0.0
5.8719 	EXP 	polygon: opacity = 0.0
5.8719 	EXP 	displayPicture: image = 'C:\\Users\\Employee\\Google Drive\\UP\\MyResearch\\TaskProgramming\\AB_pic\\resources\\ant.jpg'
5.8719 	EXP 	polygon_2: opacity = 0.0
5.8886 	EXP 	polygon: opacity = 0.0
5.8886 	EXP 	displayPicture: image = 'C:\\Users\\Employee\\Google Drive\\UP\\MyResearch\\TaskProgramming\\AB_pic\\resources\\ant.jpg'
5.8886 	EXP 	polygon_2: opacity = 0.0
5.9052 	EXP 	polygon: opacity = 0.0
5.9052 	EXP 	displayPicture: image = 'C:\\Users\\Employee\\Google Drive\\UP\\MyResearch\\TaskProgramming\\AB_pic\\resources\\ant.jpg'
5.9052 	EXP 	polygon_2: opacity = 0.0
5.9219 	EXP 	polygon: opacity = 0.0
5.9219 	EXP 	displayPicture: image = 'C:\\Users\\Employee\\Google Drive\\UP\\MyResearch\\TaskProgramming\\AB_pic\\resources\\ant.jpg'
5.9219 	EXP 	polygon_2: opacity = 0.0
5.9385 	EXP 	polygon: opacity = 0.0
5.9385 	EXP 	displayPicture: image = 'C:\\Users\\Employee\\Google Drive\\UP\\MyResearch\\TaskProgramming\\AB_pic\\resources\\ant.jpg'
5.9385 	EXP 	polygon_2: opacity = 0.0
5.9552 	EXP 	polygon: opacity = 0.0
5.9552 	EXP 	displayPicture: image = 'C:\\Users\\Employee\\Google Drive\\UP\\MyResearch\\TaskProgramming\\AB_pic\\resources\\ant.jpg'
5.9552 	EXP 	polygon_2: opacity = 0.0
5.9719 	EXP 	polygon: opacity = 0.0
5.9719 	EXP 	displayPicture: image = 'C:\\Users\\Employee\\Google Drive\\UP\\MyResearch\\TaskProgramming\\AB_pic\\resources\\ant.jpg'
5.9719 	EXP 	polygon_2: opacity = 0.0
5.9885 	EXP 	polygon: opacity = 0.0
5.9885 	EXP 	displayPicture: image = 'C:\\Users\\Employee\\Google Drive\\UP\\MyResearch\\TaskProgramming\\AB_pic\\resources\\ant.jpg'
5.9885 	EXP 	polygon_2: opacity = 0.0
6.0052 	EXP 	polygon: opacity = 0.0
6.0052 	EXP 	displayPicture: image = 'C:\\Users\\Employee\\Google Drive\\UP\\MyResearch\\TaskProgramming\\AB_pic\\resources\\ant.jpg'
6.0052 	EXP 	polygon_2: opacity = 0.0
6.0219 	EXP 	polygon: opacity = 0.0
6.0219 	EXP 	displayPicture: image = 'C:\\Users\\Employee\\Google Drive\\UP\\MyResearch\\TaskProgramming\\AB_pic\\resources\\ant.jpg'
6.0219 	EXP 	polygon_2: opacity = 0.0
6.0385 	EXP 	polygon: opacity = 0.0
6.0385 	EXP 	displayPicture: image = 'C:\\Users\\Employee\\Google Drive\\UP\\MyResearch\\TaskProgramming\\AB_pic\\resources\\ant.jpg'
6.0385 	EXP 	polygon_2: opacity = 1.0
6.0552 	EXP 	polygon: opacity = 0.0
6.0552 	EXP 	displayPicture: image = 'C:\\Users\\Employee\\Google Drive\\UP\\MyResearch\\TaskProgramming\\AB_pic\\resources\\ant.jpg'
6.0552 	EXP 	polygon_2: opacity = 1.0
6.0718 	EXP 	polygon: opacity = 0.0
6.0718 	EXP 	displayPicture: image = 'C:\\Users\\Employee\\Google Drive\\UP\\MyResearch\\TaskProgramming\\AB_pic\\resources\\ant.jpg'
6.0718 	EXP 	polygon_2: opacity = 1.0
6.0885 	EXP 	polygon: opacity = 0.0
6.0885 	EXP 	displayPicture: image = 'C:\\Users\\Employee\\Google Drive\\UP\\MyResearch\\TaskProgramming\\AB_pic\\resources\\ant.jpg'
6.0885 	EXP 	polygon_2: opacity = 1.0
6.1052 	EXP 	polygon: opacity = 0.0
6.1052 	EXP 	displayPicture: image = 'C:\\Users\\Employee\\Google Drive\\UP\\MyResearch\\TaskProgramming\\AB_pic\\resources\\ant.jpg'
6.1052 	EXP 	polygon_2: opacity = 1.0
6.1219 	EXP 	polygon: opacity = 0.0
6.1219 	EXP 	displayPicture: image = 'C:\\Users\\Employee\\Google Drive\\UP\\MyResearch\\TaskProgramming\\AB_pic\\resources\\ant.jpg'
6.1219 	EXP 	polygon_2: opacity = 1.0
6.1385 	EXP 	polygon: opacity = 0.0
6.1385 	EXP 	displayPicture: image = 'C:\\Users\\Employee\\Google Drive\\UP\\MyResearch\\TaskProgramming\\AB_pic\\resources\\ant.jpg'
6.1385 	EXP 	polygon_2: opacity = 1.0
6.1552 	EXP 	polygon: opacity = 0.0
6.1552 	EXP 	displayPicture: image = 'C:\\Users\\Employee\\Google Drive\\UP\\MyResearch\\TaskProgramming\\AB_pic\\resources\\ant.jpg'
6.1552 	EXP 	polygon_2: opacity = 1.0
6.1719 	EXP 	polygon: opacity = 0.0
6.1719 	EXP 	displayPicture: image = 'C:\\Users\\Employee\\Google Drive\\UP\\MyResearch\\TaskProgramming\\AB_pic\\resources\\ant.jpg'
6.1719 	EXP 	polygon_2: opacity = 1.0
6.1885 	EXP 	polygon: opacity = 0.0
6.1885 	EXP 	displayPicture: image = 'C:\\Users\\Employee\\Google Drive\\UP\\MyResearch\\TaskProgramming\\AB_pic\\resources\\turnstile.jpg'
6.1885 	EXP 	polygon_2: opacity = 0.0
6.2052 	EXP 	polygon: opacity = 0.0
6.2052 	EXP 	displayPicture: image = 'C:\\Users\\Employee\\Google Drive\\UP\\MyResearch\\TaskProgramming\\AB_pic\\resources\\turnstile.jpg'
6.2052 	EXP 	polygon_2: opacity = 0.0
6.2219 	EXP 	polygon: opacity = 0.0
6.2219 	EXP 	displayPicture: image = 'C:\\Users\\Employee\\Google Drive\\UP\\MyResearch\\TaskProgramming\\AB_pic\\resources\\turnstile.jpg'
6.2219 	EXP 	polygon_2: opacity = 0.0
6.2385 	EXP 	polygon: opacity = 0.0
6.2385 	EXP 	displayPicture: image = 'C:\\Users\\Employee\\Google Drive\\UP\\MyResearch\\TaskProgramming\\AB_pic\\resources\\turnstile.jpg'
6.2385 	EXP 	polygon_2: opacity = 0.0
6.2552 	EXP 	polygon: opacity = 0.0
6.2552 	EXP 	displayPicture: image = 'C:\\Users\\Employee\\Google Drive\\UP\\MyResearch\\TaskProgramming\\AB_pic\\resources\\turnstile.jpg'
6.2552 	EXP 	polygon_2: opacity = 0.0
6.2719 	EXP 	polygon: opacity = 0.0
6.2719 	EXP 	displayPicture: image = 'C:\\Users\\Employee\\Google Drive\\UP\\MyResearch\\TaskProgramming\\AB_pic\\resources\\turnstile.jpg'
6.2719 	EXP 	polygon_2: opacity = 0.0
6.2885 	EXP 	polygon: opacity = 0.0
6.2885 	EXP 	displayPicture: image = 'C:\\Users\\Employee\\Google Drive\\UP\\MyResearch\\TaskProgramming\\AB_pic\\resources\\turnstile.jpg'
6.2885 	EXP 	polygon_2: opacity = 0.0
6.3052 	EXP 	polygon: opacity = 0.0
6.3052 	EXP 	displayPicture: image = 'C:\\Users\\Employee\\Google Drive\\UP\\MyResearch\\TaskProgramming\\AB_pic\\resources\\turnstile.jpg'
6.3052 	EXP 	polygon_2: opacity = 0.0
6.3219 	EXP 	polygon: opacity = 0.0
6.3219 	EXP 	displayPicture: image = 'C:\\Users\\Employee\\Google Drive\\UP\\MyResearch\\TaskProgramming\\AB_pic\\resources\\turnstile.jpg'
6.3219 	EXP 	polygon_2: opacity = 0.0
6.3385 	EXP 	polygon: opacity = 0.0
6.3385 	EXP 	displayPicture: image = 'C:\\Users\\Employee\\Google Drive\\UP\\MyResearch\\TaskProgramming\\AB_pic\\resources\\turnstile.jpg'
6.3385 	EXP 	polygon_2: opacity = 0.0
6.3552 	EXP 	polygon: opacity = 0.0
6.3552 	EXP 	displayPicture: image = 'C:\\Users\\Employee\\Google Drive\\UP\\MyResearch\\TaskProgramming\\AB_pic\\resources\\turnstile.jpg'
6.3552 	EXP 	polygon_2: opacity = 0.0
6.3718 	EXP 	polygon: opacity = 0.0
6.3718 	EXP 	displayPicture: image = 'C:\\Users\\Employee\\Google Drive\\UP\\MyResearch\\TaskProgramming\\AB_pic\\resources\\turnstile.jpg'
6.3718 	EXP 	polygon_2: opacity = 0.0
6.3885 	EXP 	polygon: opacity = 0.0
6.3885 	EXP 	displayPicture: image = 'C:\\Users\\Employee\\Google Drive\\UP\\MyResearch\\TaskProgramming\\AB_pic\\resources\\turnstile.jpg'
6.3885 	EXP 	polygon_2: opacity = 1.0
6.4052 	EXP 	polygon: opacity = 0.0
6.4052 	EXP 	displayPicture: image = 'C:\\Users\\Employee\\Google Drive\\UP\\MyResearch\\TaskProgramming\\AB_pic\\resources\\turnstile.jpg'
6.4052 	EXP 	polygon_2: opacity = 1.0
6.4219 	EXP 	polygon: opacity = 0.0
6.4219 	EXP 	displayPicture: image = 'C:\\Users\\Employee\\Google Drive\\UP\\MyResearch\\TaskProgramming\\AB_pic\\resources\\turnstile.jpg'
6.4219 	EXP 	polygon_2: opacity = 1.0
6.4385 	EXP 	polygon: opacity = 0.0
6.4385 	EXP 	displayPicture: image = 'C:\\Users\\Employee\\Google Drive\\UP\\MyResearch\\TaskProgramming\\AB_pic\\resources\\turnstile.jpg'
6.4385 	EXP 	polygon_2: opacity = 1.0
6.4552 	EXP 	polygon: opacity = 0.0
6.4552 	EXP 	displayPicture: image = 'C:\\Users\\Employee\\Google Drive\\UP\\MyResearch\\TaskProgramming\\AB_pic\\resources\\turnstile.jpg'
6.4552 	EXP 	polygon_2: opacity = 1.0
6.4718 	EXP 	polygon: opacity = 0.0
6.4718 	EXP 	displayPicture: image = 'C:\\Users\\Employee\\Google Drive\\UP\\MyResearch\\TaskProgramming\\AB_pic\\resources\\turnstile.jpg'
6.4718 	EXP 	polygon_2: opacity = 1.0
6.4885 	EXP 	polygon: opacity = 0.0
6.4885 	EXP 	displayPicture: image = 'C:\\Users\\Employee\\Google Drive\\UP\\MyResearch\\TaskProgramming\\AB_pic\\resources\\turnstile.jpg'
6.4885 	EXP 	polygon_2: opacity = 1.0
6.5052 	EXP 	polygon: opacity = 0.0
6.5052 	EXP 	displayPicture: image = 'C:\\Users\\Employee\\Google Drive\\UP\\MyResearch\\TaskProgramming\\AB_pic\\resources\\turnstile.jpg'
6.5052 	EXP 	polygon_2: opacity = 1.0
6.5219 	EXP 	polygon: opacity = 0.0
6.5219 	EXP 	displayPicture: image = 'C:\\Users\\Employee\\Google Drive\\UP\\MyResearch\\TaskProgramming\\AB_pic\\resources\\turnstile.jpg'
6.5219 	EXP 	polygon_2: opacity = 1.0
6.5385 	EXP 	polygon: opacity = 1.0
6.5385 	EXP 	displayPicture: image = 'C:\\Users\\Employee\\Google Drive\\UP\\MyResearch\\TaskProgramming\\AB_pic\\resources\\nose.jpg'
6.5385 	EXP 	polygon_2: opacity = 0.0
6.5552 	EXP 	polygon: opacity = 1.0
6.5552 	EXP 	displayPicture: image = 'C:\\Users\\Employee\\Google Drive\\UP\\MyResearch\\TaskProgramming\\AB_pic\\resources\\nose.jpg'
6.5552 	EXP 	polygon_2: opacity = 0.0
6.5718 	EXP 	polygon: opacity = 1.0
6.5718 	EXP 	displayPicture: image = 'C:\\Users\\Employee\\Google Drive\\UP\\MyResearch\\TaskProgramming\\AB_pic\\resources\\nose.jpg'
6.5718 	EXP 	polygon_2: opacity = 0.0
6.5885 	EXP 	polygon: opacity = 1.0
6.5885 	EXP 	displayPicture: image = 'C:\\Users\\Employee\\Google Drive\\UP\\MyResearch\\TaskProgramming\\AB_pic\\resources\\nose.jpg'
6.5885 	EXP 	polygon_2: opacity = 0.0
6.6052 	EXP 	polygon: opacity = 1.0
6.6052 	EXP 	displayPicture: image = 'C:\\Users\\Employee\\Google Drive\\UP\\MyResearch\\TaskProgramming\\AB_pic\\resources\\nose.jpg'
6.6052 	EXP 	polygon_2: opacity = 0.0
6.6218 	EXP 	polygon: opacity = 1.0
6.6218 	EXP 	displayPicture: image = 'C:\\Users\\Employee\\Google Drive\\UP\\MyResearch\\TaskProgramming\\AB_pic\\resources\\nose.jpg'
6.6218 	EXP 	polygon_2: opacity = 0.0
6.6385 	EXP 	polygon: opacity = 1.0
6.6385 	EXP 	displayPicture: image = 'C:\\Users\\Employee\\Google Drive\\UP\\MyResearch\\TaskProgramming\\AB_pic\\resources\\nose.jpg'
6.6385 	EXP 	polygon_2: opacity = 0.0
6.6552 	EXP 	polygon: opacity = 1.0
6.6552 	EXP 	displayPicture: image = 'C:\\Users\\Employee\\Google Drive\\UP\\MyResearch\\TaskProgramming\\AB_pic\\resources\\nose.jpg'
6.6552 	EXP 	polygon_2: opacity = 0.0
6.6718 	EXP 	polygon: opacity = 1.0
6.6718 	EXP 	displayPicture: image = 'C:\\Users\\Employee\\Google Drive\\UP\\MyResearch\\TaskProgramming\\AB_pic\\resources\\nose.jpg'
6.6718 	EXP 	polygon_2: opacity = 0.0
6.6885 	EXP 	polygon: opacity = 1.0
6.6885 	EXP 	displayPicture: image = 'C:\\Users\\Employee\\Google Drive\\UP\\MyResearch\\TaskProgramming\\AB_pic\\resources\\nose.jpg'
6.6885 	EXP 	polygon_2: opacity = 0.0
6.7051 	EXP 	polygon: opacity = 1.0
6.7051 	EXP 	displayPicture: image = 'C:\\Users\\Employee\\Google Drive\\UP\\MyResearch\\TaskProgramming\\AB_pic\\resources\\nose.jpg'
6.7051 	EXP 	polygon_2: opacity = 0.0
6.7215 	EXP 	polygon: opacity = 1.0
6.7215 	EXP 	displayPicture: image = 'C:\\Users\\Employee\\Google Drive\\UP\\MyResearch\\TaskProgramming\\AB_pic\\resources\\nose.jpg'
6.7215 	EXP 	polygon_2: opacity = 0.0
6.7382 	EXP 	polygon: opacity = 1.0
6.7382 	EXP 	displayPicture: image = 'C:\\Users\\Employee\\Google Drive\\UP\\MyResearch\\TaskProgramming\\AB_pic\\resources\\nose.jpg'
6.7382 	EXP 	polygon_2: opacity = 1.0
6.7549 	EXP 	polygon: opacity = 1.0
6.7549 	EXP 	displayPicture: image = 'C:\\Users\\Employee\\Google Drive\\UP\\MyResearch\\TaskProgramming\\AB_pic\\resources\\nose.jpg'
6.7549 	EXP 	polygon_2: opacity = 1.0
6.7715 	EXP 	polygon: opacity = 1.0
6.7715 	EXP 	displayPicture: image = 'C:\\Users\\Employee\\Google Drive\\UP\\MyResearch\\TaskProgramming\\AB_pic\\resources\\nose.jpg'
6.7715 	EXP 	polygon_2: opacity = 1.0
6.7882 	EXP 	polygon: opacity = 1.0
6.7882 	EXP 	displayPicture: image = 'C:\\Users\\Employee\\Google Drive\\UP\\MyResearch\\TaskProgramming\\AB_pic\\resources\\nose.jpg'
6.7882 	EXP 	polygon_2: opacity = 1.0
6.8048 	EXP 	polygon: opacity = 1.0
6.8048 	EXP 	displayPicture: image = 'C:\\Users\\Employee\\Google Drive\\UP\\MyResearch\\TaskProgramming\\AB_pic\\resources\\nose.jpg'
6.8048 	EXP 	polygon_2: opacity = 1.0
6.8215 	EXP 	polygon: opacity = 1.0
6.8215 	EXP 	displayPicture: image = 'C:\\Users\\Employee\\Google Drive\\UP\\MyResearch\\TaskProgramming\\AB_pic\\resources\\nose.jpg'
6.8215 	EXP 	polygon_2: opacity = 1.0
6.8382 	EXP 	polygon: opacity = 1.0
6.8382 	EXP 	displayPicture: image = 'C:\\Users\\Employee\\Google Drive\\UP\\MyResearch\\TaskProgramming\\AB_pic\\resources\\nose.jpg'
6.8382 	EXP 	polygon_2: opacity = 1.0
6.8548 	EXP 	polygon: opacity = 1.0
6.8548 	EXP 	displayPicture: image = 'C:\\Users\\Employee\\Google Drive\\UP\\MyResearch\\TaskProgramming\\AB_pic\\resources\\nose.jpg'
6.8548 	EXP 	polygon_2: opacity = 1.0
6.8715 	EXP 	polygon: opacity = 1.0
6.8715 	EXP 	displayPicture: image = 'C:\\Users\\Employee\\Google Drive\\UP\\MyResearch\\TaskProgramming\\AB_pic\\resources\\nose.jpg'
6.8715 	EXP 	polygon_2: opacity = 1.0
6.8882 	EXP 	polygon: opacity = 1.0
6.8882 	EXP 	displayPicture: image = 'C:\\Users\\Employee\\Google Drive\\UP\\MyResearch\\TaskProgramming\\AB_pic\\resources\\platypus.jpg'
6.8882 	EXP 	polygon_2: opacity = 0.0
6.9048 	EXP 	polygon: opacity = 1.0
6.9048 	EXP 	displayPicture: image = 'C:\\Users\\Employee\\Google Drive\\UP\\MyResearch\\TaskProgramming\\AB_pic\\resources\\platypus.jpg'
6.9048 	EXP 	polygon_2: opacity = 0.0
6.9215 	EXP 	polygon: opacity = 1.0
6.9215 	EXP 	displayPicture: image = 'C:\\Users\\Employee\\Google Drive\\UP\\MyResearch\\TaskProgramming\\AB_pic\\resources\\platypus.jpg'
6.9215 	EXP 	polygon_2: opacity = 0.0
6.9382 	EXP 	polygon: opacity = 1.0
6.9382 	EXP 	displayPicture: image = 'C:\\Users\\Employee\\Google Drive\\UP\\MyResearch\\TaskProgramming\\AB_pic\\resources\\platypus.jpg'
6.9382 	EXP 	polygon_2: opacity = 0.0
6.9548 	EXP 	polygon: opacity = 1.0
6.9548 	EXP 	displayPicture: image = 'C:\\Users\\Employee\\Google Drive\\UP\\MyResearch\\TaskProgramming\\AB_pic\\resources\\platypus.jpg'
6.9548 	EXP 	polygon_2: opacity = 0.0
6.9715 	EXP 	polygon: opacity = 1.0
6.9715 	EXP 	displayPicture: image = 'C:\\Users\\Employee\\Google Drive\\UP\\MyResearch\\TaskProgramming\\AB_pic\\resources\\platypus.jpg'
6.9715 	EXP 	polygon_2: opacity = 0.0
6.9881 	EXP 	polygon: opacity = 1.0
6.9881 	EXP 	displayPicture: image = 'C:\\Users\\Employee\\Google Drive\\UP\\MyResearch\\TaskProgramming\\AB_pic\\resources\\platypus.jpg'
6.9881 	EXP 	polygon_2: opacity = 0.0
7.0048 	EXP 	polygon: opacity = 1.0
7.0048 	EXP 	displayPicture: image = 'C:\\Users\\Employee\\Google Drive\\UP\\MyResearch\\TaskProgramming\\AB_pic\\resources\\platypus.jpg'
7.0048 	EXP 	polygon_2: opacity = 0.0
7.0215 	EXP 	polygon: opacity = 1.0
7.0215 	EXP 	displayPicture: image = 'C:\\Users\\Employee\\Google Drive\\UP\\MyResearch\\TaskProgramming\\AB_pic\\resources\\platypus.jpg'
7.0215 	EXP 	polygon_2: opacity = 0.0
7.0382 	EXP 	polygon: opacity = 1.0
7.0382 	EXP 	displayPicture: image = 'C:\\Users\\Employee\\Google Drive\\UP\\MyResearch\\TaskProgramming\\AB_pic\\resources\\platypus.jpg'
7.0382 	EXP 	polygon_2: opacity = 0.0
7.0548 	EXP 	polygon: opacity = 1.0
7.0548 	EXP 	displayPicture: image = 'C:\\Users\\Employee\\Google Drive\\UP\\MyResearch\\TaskProgramming\\AB_pic\\resources\\platypus.jpg'
7.0548 	EXP 	polygon_2: opacity = 0.0
7.0715 	EXP 	polygon: opacity = 1.0
7.0715 	EXP 	displayPicture: image = 'C:\\Users\\Employee\\Google Drive\\UP\\MyResearch\\TaskProgramming\\AB_pic\\resources\\platypus.jpg'
7.0715 	EXP 	polygon_2: opacity = 0.0
7.0881 	EXP 	polygon: opacity = 1.0
7.0881 	EXP 	displayPicture: image = 'C:\\Users\\Employee\\Google Drive\\UP\\MyResearch\\TaskProgramming\\AB_pic\\resources\\platypus.jpg'
7.0881 	EXP 	polygon_2: opacity = 1.0
7.1048 	EXP 	polygon: opacity = 1.0
7.1048 	EXP 	displayPicture: image = 'C:\\Users\\Employee\\Google Drive\\UP\\MyResearch\\TaskProgramming\\AB_pic\\resources\\platypus.jpg'
7.1048 	EXP 	polygon_2: opacity = 1.0
7.1215 	EXP 	polygon: opacity = 1.0
7.1215 	EXP 	displayPicture: image = 'C:\\Users\\Employee\\Google Drive\\UP\\MyResearch\\TaskProgramming\\AB_pic\\resources\\platypus.jpg'
7.1215 	EXP 	polygon_2: opacity = 1.0
7.1381 	EXP 	polygon: opacity = 1.0
7.1381 	EXP 	displayPicture: image = 'C:\\Users\\Employee\\Google Drive\\UP\\MyResearch\\TaskProgramming\\AB_pic\\resources\\platypus.jpg'
7.1381 	EXP 	polygon_2: opacity = 1.0
7.1548 	EXP 	polygon: opacity = 1.0
7.1548 	EXP 	displayPicture: image = 'C:\\Users\\Employee\\Google Drive\\UP\\MyResearch\\TaskProgramming\\AB_pic\\resources\\platypus.jpg'
7.1548 	EXP 	polygon_2: opacity = 1.0
7.1715 	EXP 	polygon: opacity = 1.0
7.1715 	EXP 	displayPicture: image = 'C:\\Users\\Employee\\Google Drive\\UP\\MyResearch\\TaskProgramming\\AB_pic\\resources\\platypus.jpg'
7.1715 	EXP 	polygon_2: opacity = 1.0
7.1881 	EXP 	polygon: opacity = 1.0
7.1881 	EXP 	displayPicture: image = 'C:\\Users\\Employee\\Google Drive\\UP\\MyResearch\\TaskProgramming\\AB_pic\\resources\\platypus.jpg'
7.1881 	EXP 	polygon_2: opacity = 1.0
7.2048 	EXP 	polygon: opacity = 1.0
7.2048 	EXP 	displayPicture: image = 'C:\\Users\\Employee\\Google Drive\\UP\\MyResearch\\TaskProgramming\\AB_pic\\resources\\platypus.jpg'
7.2048 	EXP 	polygon_2: opacity = 1.0
7.2215 	EXP 	polygon: opacity = 1.0
7.2215 	EXP 	displayPicture: image = 'C:\\Users\\Employee\\Google Drive\\UP\\MyResearch\\TaskProgramming\\AB_pic\\resources\\platypus.jpg'
7.2215 	EXP 	polygon_2: opacity = 1.0
7.2382 	EXP 	polygon: opacity = 0.0
7.2382 	EXP 	displayPicture: image = 'C:\\Users\\Employee\\Google Drive\\UP\\MyResearch\\TaskProgramming\\AB_pic\\resources\\rubikcube.jpg'
7.2382 	EXP 	polygon_2: opacity = 0.0
7.2548 	EXP 	polygon: opacity = 0.0
7.2548 	EXP 	displayPicture: image = 'C:\\Users\\Employee\\Google Drive\\UP\\MyResearch\\TaskProgramming\\AB_pic\\resources\\rubikcube.jpg'
7.2548 	EXP 	polygon_2: opacity = 0.0
7.2715 	EXP 	polygon: opacity = 0.0
7.2715 	EXP 	displayPicture: image = 'C:\\Users\\Employee\\Google Drive\\UP\\MyResearch\\TaskProgramming\\AB_pic\\resources\\rubikcube.jpg'
7.2715 	EXP 	polygon_2: opacity = 0.0
7.2881 	EXP 	polygon: opacity = 0.0
7.2881 	EXP 	displayPicture: image = 'C:\\Users\\Employee\\Google Drive\\UP\\MyResearch\\TaskProgramming\\AB_pic\\resources\\rubikcube.jpg'
7.2881 	EXP 	polygon_2: opacity = 0.0
7.3048 	EXP 	polygon: opacity = 0.0
7.3048 	EXP 	displayPicture: image = 'C:\\Users\\Employee\\Google Drive\\UP\\MyResearch\\TaskProgramming\\AB_pic\\resources\\rubikcube.jpg'
7.3048 	EXP 	polygon_2: opacity = 0.0
7.3215 	EXP 	polygon: opacity = 0.0
7.3215 	EXP 	displayPicture: image = 'C:\\Users\\Employee\\Google Drive\\UP\\MyResearch\\TaskProgramming\\AB_pic\\resources\\rubikcube.jpg'
7.3215 	EXP 	polygon_2: opacity = 0.0
7.3381 	EXP 	polygon: opacity = 0.0
7.3381 	EXP 	displayPicture: image = 'C:\\Users\\Employee\\Google Drive\\UP\\MyResearch\\TaskProgramming\\AB_pic\\resources\\rubikcube.jpg'
7.3381 	EXP 	polygon_2: opacity = 0.0
7.3548 	EXP 	polygon: opacity = 0.0
7.3548 	EXP 	displayPicture: image = 'C:\\Users\\Employee\\Google Drive\\UP\\MyResearch\\TaskProgramming\\AB_pic\\resources\\rubikcube.jpg'
7.3548 	EXP 	polygon_2: opacity = 0.0
7.3715 	EXP 	polygon: opacity = 0.0
7.3715 	EXP 	displayPicture: image = 'C:\\Users\\Employee\\Google Drive\\UP\\MyResearch\\TaskProgramming\\AB_pic\\resources\\rubikcube.jpg'
7.3715 	EXP 	polygon_2: opacity = 0.0
7.3882 	EXP 	polygon: opacity = 0.0
7.3882 	EXP 	displayPicture: image = 'C:\\Users\\Employee\\Google Drive\\UP\\MyResearch\\TaskProgramming\\AB_pic\\resources\\rubikcube.jpg'
7.3882 	EXP 	polygon_2: opacity = 0.0
7.4048 	EXP 	polygon: opacity = 0.0
7.4048 	EXP 	displayPicture: image = 'C:\\Users\\Employee\\Google Drive\\UP\\MyResearch\\TaskProgramming\\AB_pic\\resources\\rubikcube.jpg'
7.4048 	EXP 	polygon_2: opacity = 0.0
7.4214 	EXP 	polygon: opacity = 0.0
7.4214 	EXP 	displayPicture: image = 'C:\\Users\\Employee\\Google Drive\\UP\\MyResearch\\TaskProgramming\\AB_pic\\resources\\rubikcube.jpg'
7.4214 	EXP 	polygon_2: opacity = 0.0
7.4382 	EXP 	polygon: opacity = 0.0
7.4382 	EXP 	displayPicture: image = 'C:\\Users\\Employee\\Google Drive\\UP\\MyResearch\\TaskProgramming\\AB_pic\\resources\\rubikcube.jpg'
7.4382 	EXP 	polygon_2: opacity = 1.0
7.4548 	EXP 	polygon: opacity = 0.0
7.4548 	EXP 	displayPicture: image = 'C:\\Users\\Employee\\Google Drive\\UP\\MyResearch\\TaskProgramming\\AB_pic\\resources\\rubikcube.jpg'
7.4548 	EXP 	polygon_2: opacity = 1.0
7.4715 	EXP 	polygon: opacity = 0.0
7.4715 	EXP 	displayPicture: image = 'C:\\Users\\Employee\\Google Drive\\UP\\MyResearch\\TaskProgramming\\AB_pic\\resources\\rubikcube.jpg'
7.4715 	EXP 	polygon_2: opacity = 1.0
7.4881 	EXP 	polygon: opacity = 0.0
7.4881 	EXP 	displayPicture: image = 'C:\\Users\\Employee\\Google Drive\\UP\\MyResearch\\TaskProgramming\\AB_pic\\resources\\rubikcube.jpg'
7.4881 	EXP 	polygon_2: opacity = 1.0
7.5048 	EXP 	polygon: opacity = 0.0
7.5048 	EXP 	displayPicture: image = 'C:\\Users\\Employee\\Google Drive\\UP\\MyResearch\\TaskProgramming\\AB_pic\\resources\\rubikcube.jpg'
7.5048 	EXP 	polygon_2: opacity = 1.0
7.5215 	EXP 	polygon: opacity = 0.0
7.5215 	EXP 	displayPicture: image = 'C:\\Users\\Employee\\Google Drive\\UP\\MyResearch\\TaskProgramming\\AB_pic\\resources\\rubikcube.jpg'
7.5215 	EXP 	polygon_2: opacity = 1.0
7.5381 	EXP 	polygon: opacity = 0.0
7.5381 	EXP 	displayPicture: image = 'C:\\Users\\Employee\\Google Drive\\UP\\MyResearch\\TaskProgramming\\AB_pic\\resources\\rubikcube.jpg'
7.5381 	EXP 	polygon_2: opacity = 1.0
7.5548 	EXP 	polygon: opacity = 0.0
7.5548 	EXP 	displayPicture: image = 'C:\\Users\\Employee\\Google Drive\\UP\\MyResearch\\TaskProgramming\\AB_pic\\resources\\rubikcube.jpg'
7.5548 	EXP 	polygon_2: opacity = 1.0
7.5714 	EXP 	polygon: opacity = 0.0
7.5714 	EXP 	displayPicture: image = 'C:\\Users\\Employee\\Google Drive\\UP\\MyResearch\\TaskProgramming\\AB_pic\\resources\\rubikcube.jpg'
7.5714 	EXP 	polygon_2: opacity = 1.0
7.5881 	EXP 	polygon: opacity = 0.0
7.5881 	EXP 	displayPicture: image = 'C:\\Users\\Employee\\Google Drive\\UP\\MyResearch\\TaskProgramming\\AB_pic\\resources\\fireplace.jpg'
7.5881 	EXP 	polygon_2: opacity = 0.0
7.6048 	EXP 	polygon: opacity = 0.0
7.6048 	EXP 	displayPicture: image = 'C:\\Users\\Employee\\Google Drive\\UP\\MyResearch\\TaskProgramming\\AB_pic\\resources\\fireplace.jpg'
7.6048 	EXP 	polygon_2: opacity = 0.0
7.6215 	EXP 	polygon: opacity = 0.0
7.6215 	EXP 	displayPicture: image = 'C:\\Users\\Employee\\Google Drive\\UP\\MyResearch\\TaskProgramming\\AB_pic\\resources\\fireplace.jpg'
7.6215 	EXP 	polygon_2: opacity = 0.0
7.6381 	EXP 	polygon: opacity = 0.0
7.6381 	EXP 	displayPicture: image = 'C:\\Users\\Employee\\Google Drive\\UP\\MyResearch\\TaskProgramming\\AB_pic\\resources\\fireplace.jpg'
7.6381 	EXP 	polygon_2: opacity = 0.0
7.6548 	EXP 	polygon: opacity = 0.0
7.6548 	EXP 	displayPicture: image = 'C:\\Users\\Employee\\Google Drive\\UP\\MyResearch\\TaskProgramming\\AB_pic\\resources\\fireplace.jpg'
7.6548 	EXP 	polygon_2: opacity = 0.0
7.6714 	EXP 	polygon: opacity = 0.0
7.6714 	EXP 	displayPicture: image = 'C:\\Users\\Employee\\Google Drive\\UP\\MyResearch\\TaskProgramming\\AB_pic\\resources\\fireplace.jpg'
7.6714 	EXP 	polygon_2: opacity = 0.0
7.6882 	EXP 	polygon: opacity = 0.0
7.6882 	EXP 	displayPicture: image = 'C:\\Users\\Employee\\Google Drive\\UP\\MyResearch\\TaskProgramming\\AB_pic\\resources\\fireplace.jpg'
7.6882 	EXP 	polygon_2: opacity = 0.0
7.7048 	EXP 	polygon: opacity = 0.0
7.7048 	EXP 	displayPicture: image = 'C:\\Users\\Employee\\Google Drive\\UP\\MyResearch\\TaskProgramming\\AB_pic\\resources\\fireplace.jpg'
7.7048 	EXP 	polygon_2: opacity = 0.0
7.7215 	EXP 	polygon: opacity = 0.0
7.7215 	EXP 	displayPicture: image = 'C:\\Users\\Employee\\Google Drive\\UP\\MyResearch\\TaskProgramming\\AB_pic\\resources\\fireplace.jpg'
7.7215 	EXP 	polygon_2: opacity = 0.0
7.7381 	EXP 	polygon: opacity = 0.0
7.7381 	EXP 	displayPicture: image = 'C:\\Users\\Employee\\Google Drive\\UP\\MyResearch\\TaskProgramming\\AB_pic\\resources\\fireplace.jpg'
7.7381 	EXP 	polygon_2: opacity = 0.0
7.7548 	EXP 	polygon: opacity = 0.0
7.7548 	EXP 	displayPicture: image = 'C:\\Users\\Employee\\Google Drive\\UP\\MyResearch\\TaskProgramming\\AB_pic\\resources\\fireplace.jpg'
7.7548 	EXP 	polygon_2: opacity = 0.0
7.7715 	EXP 	polygon: opacity = 0.0
7.7715 	EXP 	displayPicture: image = 'C:\\Users\\Employee\\Google Drive\\UP\\MyResearch\\TaskProgramming\\AB_pic\\resources\\fireplace.jpg'
7.7715 	EXP 	polygon_2: opacity = 0.0
7.7881 	EXP 	polygon: opacity = 0.0
7.7881 	EXP 	displayPicture: image = 'C:\\Users\\Employee\\Google Drive\\UP\\MyResearch\\TaskProgramming\\AB_pic\\resources\\fireplace.jpg'
7.7881 	EXP 	polygon_2: opacity = 1.0
7.8048 	EXP 	polygon: opacity = 0.0
7.8048 	EXP 	displayPicture: image = 'C:\\Users\\Employee\\Google Drive\\UP\\MyResearch\\TaskProgramming\\AB_pic\\resources\\fireplace.jpg'
7.8048 	EXP 	polygon_2: opacity = 1.0
7.8214 	EXP 	polygon: opacity = 0.0
7.8214 	EXP 	displayPicture: image = 'C:\\Users\\Employee\\Google Drive\\UP\\MyResearch\\TaskProgramming\\AB_pic\\resources\\fireplace.jpg'
7.8214 	EXP 	polygon_2: opacity = 1.0
7.8381 	EXP 	polygon: opacity = 0.0
7.8381 	EXP 	displayPicture: image = 'C:\\Users\\Employee\\Google Drive\\UP\\MyResearch\\TaskProgramming\\AB_pic\\resources\\fireplace.jpg'
7.8381 	EXP 	polygon_2: opacity = 1.0
7.8548 	EXP 	polygon: opacity = 0.0
7.8548 	EXP 	displayPicture: image = 'C:\\Users\\Employee\\Google Drive\\UP\\MyResearch\\TaskProgramming\\AB_pic\\resources\\fireplace.jpg'
7.8548 	EXP 	polygon_2: opacity = 1.0
7.8714 	EXP 	polygon: opacity = 0.0
7.8714 	EXP 	displayPicture: image = 'C:\\Users\\Employee\\Google Drive\\UP\\MyResearch\\TaskProgramming\\AB_pic\\resources\\fireplace.jpg'
7.8714 	EXP 	polygon_2: opacity = 1.0
7.8881 	EXP 	polygon: opacity = 0.0
7.8881 	EXP 	displayPicture: image = 'C:\\Users\\Employee\\Google Drive\\UP\\MyResearch\\TaskProgramming\\AB_pic\\resources\\fireplace.jpg'
7.8881 	EXP 	polygon_2: opacity = 1.0
7.9048 	EXP 	polygon: opacity = 0.0
7.9048 	EXP 	displayPicture: image = 'C:\\Users\\Employee\\Google Drive\\UP\\MyResearch\\TaskProgramming\\AB_pic\\resources\\fireplace.jpg'
7.9048 	EXP 	polygon_2: opacity = 1.0
7.9214 	EXP 	polygon: opacity = 0.0
7.9214 	EXP 	displayPicture: image = 'C:\\Users\\Employee\\Google Drive\\UP\\MyResearch\\TaskProgramming\\AB_pic\\resources\\fireplace.jpg'
7.9214 	EXP 	polygon_2: opacity = 1.0
7.9381 	EXP 	polygon: opacity = 0.0
7.9381 	EXP 	displayPicture: image = 'C:\\Users\\Employee\\Google Drive\\UP\\MyResearch\\TaskProgramming\\AB_pic\\resources\\boat.jpg'
7.9381 	EXP 	polygon_2: opacity = 0.0
7.9547 	EXP 	polygon: opacity = 0.0
7.9547 	EXP 	displayPicture: image = 'C:\\Users\\Employee\\Google Drive\\UP\\MyResearch\\TaskProgramming\\AB_pic\\resources\\boat.jpg'
7.9547 	EXP 	polygon_2: opacity = 0.0
7.9714 	EXP 	polygon: opacity = 0.0
7.9714 	EXP 	displayPicture: image = 'C:\\Users\\Employee\\Google Drive\\UP\\MyResearch\\TaskProgramming\\AB_pic\\resources\\boat.jpg'
7.9714 	EXP 	polygon_2: opacity = 0.0
7.9881 	EXP 	polygon: opacity = 0.0
7.9881 	EXP 	displayPicture: image = 'C:\\Users\\Employee\\Google Drive\\UP\\MyResearch\\TaskProgramming\\AB_pic\\resources\\boat.jpg'
7.9881 	EXP 	polygon_2: opacity = 0.0
8.0048 	EXP 	polygon: opacity = 0.0
8.0048 	EXP 	displayPicture: image = 'C:\\Users\\Employee\\Google Drive\\UP\\MyResearch\\TaskProgramming\\AB_pic\\resources\\boat.jpg'
8.0048 	EXP 	polygon_2: opacity = 0.0
8.0214 	EXP 	polygon: opacity = 0.0
8.0214 	EXP 	displayPicture: image = 'C:\\Users\\Employee\\Google Drive\\UP\\MyResearch\\TaskProgramming\\AB_pic\\resources\\boat.jpg'
8.0214 	EXP 	polygon_2: opacity = 0.0
8.0381 	EXP 	polygon: opacity = 0.0
8.0381 	EXP 	displayPicture: image = 'C:\\Users\\Employee\\Google Drive\\UP\\MyResearch\\TaskProgramming\\AB_pic\\resources\\boat.jpg'
8.0381 	EXP 	polygon_2: opacity = 0.0
8.0547 	EXP 	polygon: opacity = 0.0
8.0547 	EXP 	displayPicture: image = 'C:\\Users\\Employee\\Google Drive\\UP\\MyResearch\\TaskProgramming\\AB_pic\\resources\\boat.jpg'
8.0547 	EXP 	polygon_2: opacity = 0.0
8.0714 	EXP 	polygon: opacity = 0.0
8.0714 	EXP 	displayPicture: image = 'C:\\Users\\Employee\\Google Drive\\UP\\MyResearch\\TaskProgramming\\AB_pic\\resources\\boat.jpg'
8.0714 	EXP 	polygon_2: opacity = 0.0
8.0881 	EXP 	polygon: opacity = 0.0
8.0881 	EXP 	displayPicture: image = 'C:\\Users\\Employee\\Google Drive\\UP\\MyResearch\\TaskProgramming\\AB_pic\\resources\\boat.jpg'
8.0881 	EXP 	polygon_2: opacity = 0.0
8.1047 	EXP 	polygon: opacity = 0.0
8.1047 	EXP 	displayPicture: image = 'C:\\Users\\Employee\\Google Drive\\UP\\MyResearch\\TaskProgramming\\AB_pic\\resources\\boat.jpg'
8.1047 	EXP 	polygon_2: opacity = 0.0
8.1214 	EXP 	polygon: opacity = 0.0
8.1214 	EXP 	displayPicture: image = 'C:\\Users\\Employee\\Google Drive\\UP\\MyResearch\\TaskProgramming\\AB_pic\\resources\\boat.jpg'
8.1214 	EXP 	polygon_2: opacity = 0.0
8.1381 	EXP 	polygon: opacity = 0.0
8.1381 	EXP 	displayPicture: image = 'C:\\Users\\Employee\\Google Drive\\UP\\MyResearch\\TaskProgramming\\AB_pic\\resources\\boat.jpg'
8.1381 	EXP 	polygon_2: opacity = 1.0
8.1547 	EXP 	polygon: opacity = 0.0
8.1547 	EXP 	displayPicture: image = 'C:\\Users\\Employee\\Google Drive\\UP\\MyResearch\\TaskProgramming\\AB_pic\\resources\\boat.jpg'
8.1547 	EXP 	polygon_2: opacity = 1.0
8.1714 	EXP 	polygon: opacity = 0.0
8.1714 	EXP 	displayPicture: image = 'C:\\Users\\Employee\\Google Drive\\UP\\MyResearch\\TaskProgramming\\AB_pic\\resources\\boat.jpg'
8.1714 	EXP 	polygon_2: opacity = 1.0
8.1881 	EXP 	polygon: opacity = 0.0
8.1881 	EXP 	displayPicture: image = 'C:\\Users\\Employee\\Google Drive\\UP\\MyResearch\\TaskProgramming\\AB_pic\\resources\\boat.jpg'
8.1881 	EXP 	polygon_2: opacity = 1.0
8.2048 	EXP 	polygon: opacity = 0.0
8.2048 	EXP 	displayPicture: image = 'C:\\Users\\Employee\\Google Drive\\UP\\MyResearch\\TaskProgramming\\AB_pic\\resources\\boat.jpg'
8.2048 	EXP 	polygon_2: opacity = 1.0
8.2215 	EXP 	polygon: opacity = 0.0
8.2215 	EXP 	displayPicture: image = 'C:\\Users\\Employee\\Google Drive\\UP\\MyResearch\\TaskProgramming\\AB_pic\\resources\\boat.jpg'
8.2215 	EXP 	polygon_2: opacity = 1.0
8.2381 	EXP 	polygon: opacity = 0.0
8.2381 	EXP 	displayPicture: image = 'C:\\Users\\Employee\\Google Drive\\UP\\MyResearch\\TaskProgramming\\AB_pic\\resources\\boat.jpg'
8.2381 	EXP 	polygon_2: opacity = 1.0
8.2547 	EXP 	polygon: opacity = 0.0
8.2547 	EXP 	displayPicture: image = 'C:\\Users\\Employee\\Google Drive\\UP\\MyResearch\\TaskProgramming\\AB_pic\\resources\\boat.jpg'
8.2547 	EXP 	polygon_2: opacity = 1.0
8.2714 	EXP 	polygon: opacity = 0.0
8.2714 	EXP 	displayPicture: image = 'C:\\Users\\Employee\\Google Drive\\UP\\MyResearch\\TaskProgramming\\AB_pic\\resources\\boat.jpg'
8.2714 	EXP 	polygon_2: opacity = 1.0
8.2881 	EXP 	polygon: opacity = 0.0
8.2881 	EXP 	displayPicture: image = 'C:\\Users\\Employee\\Google Drive\\UP\\MyResearch\\TaskProgramming\\AB_pic\\resources\\urinal.jpg'
8.2881 	EXP 	polygon_2: opacity = 0.0
8.3047 	EXP 	polygon: opacity = 0.0
8.3047 	EXP 	displayPicture: image = 'C:\\Users\\Employee\\Google Drive\\UP\\MyResearch\\TaskProgramming\\AB_pic\\resources\\urinal.jpg'
8.3047 	EXP 	polygon_2: opacity = 0.0
8.3214 	EXP 	polygon: opacity = 0.0
8.3214 	EXP 	displayPicture: image = 'C:\\Users\\Employee\\Google Drive\\UP\\MyResearch\\TaskProgramming\\AB_pic\\resources\\urinal.jpg'
8.3214 	EXP 	polygon_2: opacity = 0.0
8.3381 	EXP 	polygon: opacity = 0.0
8.3381 	EXP 	displayPicture: image = 'C:\\Users\\Employee\\Google Drive\\UP\\MyResearch\\TaskProgramming\\AB_pic\\resources\\urinal.jpg'
8.3381 	EXP 	polygon_2: opacity = 0.0
8.3547 	EXP 	polygon: opacity = 0.0
8.3547 	EXP 	displayPicture: image = 'C:\\Users\\Employee\\Google Drive\\UP\\MyResearch\\TaskProgramming\\AB_pic\\resources\\urinal.jpg'
8.3547 	EXP 	polygon_2: opacity = 0.0
8.3714 	EXP 	polygon: opacity = 0.0
8.3714 	EXP 	displayPicture: image = 'C:\\Users\\Employee\\Google Drive\\UP\\MyResearch\\TaskProgramming\\AB_pic\\resources\\urinal.jpg'
8.3714 	EXP 	polygon_2: opacity = 0.0
8.3881 	EXP 	polygon: opacity = 0.0
8.3881 	EXP 	displayPicture: image = 'C:\\Users\\Employee\\Google Drive\\UP\\MyResearch\\TaskProgramming\\AB_pic\\resources\\urinal.jpg'
8.3881 	EXP 	polygon_2: opacity = 0.0
8.4047 	EXP 	polygon: opacity = 0.0
8.4047 	EXP 	displayPicture: image = 'C:\\Users\\Employee\\Google Drive\\UP\\MyResearch\\TaskProgramming\\AB_pic\\resources\\urinal.jpg'
8.4047 	EXP 	polygon_2: opacity = 0.0
8.4214 	EXP 	polygon: opacity = 0.0
8.4214 	EXP 	displayPicture: image = 'C:\\Users\\Employee\\Google Drive\\UP\\MyResearch\\TaskProgramming\\AB_pic\\resources\\urinal.jpg'
8.4214 	EXP 	polygon_2: opacity = 0.0
8.4381 	EXP 	polygon: opacity = 0.0
8.4381 	EXP 	displayPicture: image = 'C:\\Users\\Employee\\Google Drive\\UP\\MyResearch\\TaskProgramming\\AB_pic\\resources\\urinal.jpg'
8.4381 	EXP 	polygon_2: opacity = 0.0
8.4548 	EXP 	polygon: opacity = 0.0
8.4548 	EXP 	displayPicture: image = 'C:\\Users\\Employee\\Google Drive\\UP\\MyResearch\\TaskProgramming\\AB_pic\\resources\\urinal.jpg'
8.4548 	EXP 	polygon_2: opacity = 0.0
8.4714 	EXP 	polygon: opacity = 0.0
8.4714 	EXP 	displayPicture: image = 'C:\\Users\\Employee\\Google Drive\\UP\\MyResearch\\TaskProgramming\\AB_pic\\resources\\urinal.jpg'
8.4714 	EXP 	polygon_2: opacity = 0.0
8.4881 	EXP 	polygon: opacity = 0.0
8.4881 	EXP 	displayPicture: image = 'C:\\Users\\Employee\\Google Drive\\UP\\MyResearch\\TaskProgramming\\AB_pic\\resources\\urinal.jpg'
8.4881 	EXP 	polygon_2: opacity = 1.0
8.5047 	EXP 	polygon: opacity = 0.0
8.5047 	EXP 	displayPicture: image = 'C:\\Users\\Employee\\Google Drive\\UP\\MyResearch\\TaskProgramming\\AB_pic\\resources\\urinal.jpg'
8.5047 	EXP 	polygon_2: opacity = 1.0
8.5214 	EXP 	polygon: opacity = 0.0
8.5214 	EXP 	displayPicture: image = 'C:\\Users\\Employee\\Google Drive\\UP\\MyResearch\\TaskProgramming\\AB_pic\\resources\\urinal.jpg'
8.5214 	EXP 	polygon_2: opacity = 1.0
8.5381 	EXP 	polygon: opacity = 0.0
8.5381 	EXP 	displayPicture: image = 'C:\\Users\\Employee\\Google Drive\\UP\\MyResearch\\TaskProgramming\\AB_pic\\resources\\urinal.jpg'
8.5381 	EXP 	polygon_2: opacity = 1.0
8.5547 	EXP 	polygon: opacity = 0.0
8.5547 	EXP 	displayPicture: image = 'C:\\Users\\Employee\\Google Drive\\UP\\MyResearch\\TaskProgramming\\AB_pic\\resources\\urinal.jpg'
8.5547 	EXP 	polygon_2: opacity = 1.0
8.5714 	EXP 	polygon: opacity = 0.0
8.5714 	EXP 	displayPicture: image = 'C:\\Users\\Employee\\Google Drive\\UP\\MyResearch\\TaskProgramming\\AB_pic\\resources\\urinal.jpg'
8.5714 	EXP 	polygon_2: opacity = 1.0
8.5880 	EXP 	polygon: opacity = 0.0
8.5880 	EXP 	displayPicture: image = 'C:\\Users\\Employee\\Google Drive\\UP\\MyResearch\\TaskProgramming\\AB_pic\\resources\\urinal.jpg'
8.5880 	EXP 	polygon_2: opacity = 1.0
8.6047 	EXP 	polygon: opacity = 0.0
8.6047 	EXP 	displayPicture: image = 'C:\\Users\\Employee\\Google Drive\\UP\\MyResearch\\TaskProgramming\\AB_pic\\resources\\urinal.jpg'
8.6047 	EXP 	polygon_2: opacity = 1.0
8.6214 	EXP 	polygon: opacity = 0.0
8.6214 	EXP 	displayPicture: image = 'C:\\Users\\Employee\\Google Drive\\UP\\MyResearch\\TaskProgramming\\AB_pic\\resources\\urinal.jpg'
8.6214 	EXP 	polygon_2: opacity = 1.0
8.6380 	EXP 	polygon: opacity = 0.0
8.6380 	EXP 	displayPicture: image = 'C:\\Users\\Employee\\Google Drive\\UP\\MyResearch\\TaskProgramming\\AB_pic\\resources\\chair.jpg'
8.6380 	EXP 	polygon_2: opacity = 0.0
8.6547 	EXP 	polygon: opacity = 0.0
8.6547 	EXP 	displayPicture: image = 'C:\\Users\\Employee\\Google Drive\\UP\\MyResearch\\TaskProgramming\\AB_pic\\resources\\chair.jpg'
8.6547 	EXP 	polygon_2: opacity = 0.0
8.6714 	EXP 	polygon: opacity = 0.0
8.6714 	EXP 	displayPicture: image = 'C:\\Users\\Employee\\Google Drive\\UP\\MyResearch\\TaskProgramming\\AB_pic\\resources\\chair.jpg'
8.6714 	EXP 	polygon_2: opacity = 0.0
8.6881 	EXP 	polygon: opacity = 0.0
8.6881 	EXP 	displayPicture: image = 'C:\\Users\\Employee\\Google Drive\\UP\\MyResearch\\TaskProgramming\\AB_pic\\resources\\chair.jpg'
8.6881 	EXP 	polygon_2: opacity = 0.0
8.7047 	EXP 	polygon: opacity = 0.0
8.7047 	EXP 	displayPicture: image = 'C:\\Users\\Employee\\Google Drive\\UP\\MyResearch\\TaskProgramming\\AB_pic\\resources\\chair.jpg'
8.7047 	EXP 	polygon_2: opacity = 0.0
8.7214 	EXP 	polygon: opacity = 0.0
8.7214 	EXP 	displayPicture: image = 'C:\\Users\\Employee\\Google Drive\\UP\\MyResearch\\TaskProgramming\\AB_pic\\resources\\chair.jpg'
8.7214 	EXP 	polygon_2: opacity = 0.0
8.7381 	EXP 	polygon: opacity = 0.0
8.7381 	EXP 	displayPicture: image = 'C:\\Users\\Employee\\Google Drive\\UP\\MyResearch\\TaskProgramming\\AB_pic\\resources\\chair.jpg'
8.7381 	EXP 	polygon_2: opacity = 0.0
8.7547 	EXP 	polygon: opacity = 0.0
8.7547 	EXP 	displayPicture: image = 'C:\\Users\\Employee\\Google Drive\\UP\\MyResearch\\TaskProgramming\\AB_pic\\resources\\chair.jpg'
8.7547 	EXP 	polygon_2: opacity = 0.0
8.7714 	EXP 	polygon: opacity = 0.0
8.7714 	EXP 	displayPicture: image = 'C:\\Users\\Employee\\Google Drive\\UP\\MyResearch\\TaskProgramming\\AB_pic\\resources\\chair.jpg'
8.7714 	EXP 	polygon_2: opacity = 0.0
8.7881 	EXP 	polygon: opacity = 0.0
8.7881 	EXP 	displayPicture: image = 'C:\\Users\\Employee\\Google Drive\\UP\\MyResearch\\TaskProgramming\\AB_pic\\resources\\chair.jpg'
8.7881 	EXP 	polygon_2: opacity = 0.0
8.8047 	EXP 	polygon: opacity = 0.0
8.8047 	EXP 	displayPicture: image = 'C:\\Users\\Employee\\Google Drive\\UP\\MyResearch\\TaskProgramming\\AB_pic\\resources\\chair.jpg'
8.8047 	EXP 	polygon_2: opacity = 0.0
8.8214 	EXP 	polygon: opacity = 0.0
8.8214 	EXP 	displayPicture: image = 'C:\\Users\\Employee\\Google Drive\\UP\\MyResearch\\TaskProgramming\\AB_pic\\resources\\chair.jpg'
8.8214 	EXP 	polygon_2: opacity = 0.0
8.8381 	EXP 	polygon: opacity = 0.0
8.8381 	EXP 	displayPicture: image = 'C:\\Users\\Employee\\Google Drive\\UP\\MyResearch\\TaskProgramming\\AB_pic\\resources\\chair.jpg'
8.8381 	EXP 	polygon_2: opacity = 1.0
8.8547 	EXP 	polygon: opacity = 0.0
8.8547 	EXP 	displayPicture: image = 'C:\\Users\\Employee\\Google Drive\\UP\\MyResearch\\TaskProgramming\\AB_pic\\resources\\chair.jpg'
8.8547 	EXP 	polygon_2: opacity = 1.0
8.8714 	EXP 	polygon: opacity = 0.0
8.8714 	EXP 	displayPicture: image = 'C:\\Users\\Employee\\Google Drive\\UP\\MyResearch\\TaskProgramming\\AB_pic\\resources\\chair.jpg'
8.8714 	EXP 	polygon_2: opacity = 1.0
8.8880 	EXP 	polygon: opacity = 0.0
8.8880 	EXP 	displayPicture: image = 'C:\\Users\\Employee\\Google Drive\\UP\\MyResearch\\TaskProgramming\\AB_pic\\resources\\chair.jpg'
8.8880 	EXP 	polygon_2: opacity = 1.0
8.9047 	EXP 	polygon: opacity = 0.0
8.9047 	EXP 	displayPicture: image = 'C:\\Users\\Employee\\Google Drive\\UP\\MyResearch\\TaskProgramming\\AB_pic\\resources\\chair.jpg'
8.9047 	EXP 	polygon_2: opacity = 1.0
8.9213 	EXP 	polygon: opacity = 0.0
8.9213 	EXP 	displayPicture: image = 'C:\\Users\\Employee\\Google Drive\\UP\\MyResearch\\TaskProgramming\\AB_pic\\resources\\chair.jpg'
8.9213 	EXP 	polygon_2: opacity = 1.0
8.9380 	EXP 	polygon: opacity = 0.0
8.9380 	EXP 	displayPicture: image = 'C:\\Users\\Employee\\Google Drive\\UP\\MyResearch\\TaskProgramming\\AB_pic\\resources\\chair.jpg'
8.9380 	EXP 	polygon_2: opacity = 1.0
8.9547 	EXP 	polygon: opacity = 0.0
8.9547 	EXP 	displayPicture: image = 'C:\\Users\\Employee\\Google Drive\\UP\\MyResearch\\TaskProgramming\\AB_pic\\resources\\chair.jpg'
8.9547 	EXP 	polygon_2: opacity = 1.0
8.9713 	EXP 	polygon: opacity = 0.0
8.9713 	EXP 	displayPicture: image = 'C:\\Users\\Employee\\Google Drive\\UP\\MyResearch\\TaskProgramming\\AB_pic\\resources\\chair.jpg'
8.9713 	EXP 	polygon_2: opacity = 1.0
8.9880 	EXP 	polygon: opacity = 0.0
8.9880 	EXP 	displayPicture: image = 'C:\\Users\\Employee\\Google Drive\\UP\\MyResearch\\TaskProgramming\\AB_pic\\resources\\dolphin01.jpg'
8.9880 	EXP 	polygon_2: opacity = 0.0
9.0047 	EXP 	polygon: opacity = 0.0
9.0047 	EXP 	displayPicture: image = 'C:\\Users\\Employee\\Google Drive\\UP\\MyResearch\\TaskProgramming\\AB_pic\\resources\\dolphin01.jpg'
9.0047 	EXP 	polygon_2: opacity = 0.0
9.0213 	EXP 	polygon: opacity = 0.0
9.0213 	EXP 	displayPicture: image = 'C:\\Users\\Employee\\Google Drive\\UP\\MyResearch\\TaskProgramming\\AB_pic\\resources\\dolphin01.jpg'
9.0213 	EXP 	polygon_2: opacity = 0.0
9.0380 	EXP 	polygon: opacity = 0.0
9.0380 	EXP 	displayPicture: image = 'C:\\Users\\Employee\\Google Drive\\UP\\MyResearch\\TaskProgramming\\AB_pic\\resources\\dolphin01.jpg'
9.0380 	EXP 	polygon_2: opacity = 0.0
9.0547 	EXP 	polygon: opacity = 0.0
9.0547 	EXP 	displayPicture: image = 'C:\\Users\\Employee\\Google Drive\\UP\\MyResearch\\TaskProgramming\\AB_pic\\resources\\dolphin01.jpg'
9.0547 	EXP 	polygon_2: opacity = 0.0
9.0713 	EXP 	polygon: opacity = 0.0
9.0713 	EXP 	displayPicture: image = 'C:\\Users\\Employee\\Google Drive\\UP\\MyResearch\\TaskProgramming\\AB_pic\\resources\\dolphin01.jpg'
9.0713 	EXP 	polygon_2: opacity = 0.0
9.0880 	EXP 	polygon: opacity = 0.0
9.0880 	EXP 	displayPicture: image = 'C:\\Users\\Employee\\Google Drive\\UP\\MyResearch\\TaskProgramming\\AB_pic\\resources\\dolphin01.jpg'
9.0880 	EXP 	polygon_2: opacity = 0.0
9.1047 	EXP 	polygon: opacity = 0.0
9.1047 	EXP 	displayPicture: image = 'C:\\Users\\Employee\\Google Drive\\UP\\MyResearch\\TaskProgramming\\AB_pic\\resources\\dolphin01.jpg'
9.1047 	EXP 	polygon_2: opacity = 0.0
9.1214 	EXP 	polygon: opacity = 0.0
9.1214 	EXP 	displayPicture: image = 'C:\\Users\\Employee\\Google Drive\\UP\\MyResearch\\TaskProgramming\\AB_pic\\resources\\dolphin01.jpg'
9.1214 	EXP 	polygon_2: opacity = 0.0
9.1380 	EXP 	polygon: opacity = 0.0
9.1380 	EXP 	displayPicture: image = 'C:\\Users\\Employee\\Google Drive\\UP\\MyResearch\\TaskProgramming\\AB_pic\\resources\\dolphin01.jpg'
9.1380 	EXP 	polygon_2: opacity = 0.0
9.1546 	EXP 	polygon: opacity = 0.0
9.1546 	EXP 	displayPicture: image = 'C:\\Users\\Employee\\Google Drive\\UP\\MyResearch\\TaskProgramming\\AB_pic\\resources\\dolphin01.jpg'
9.1546 	EXP 	polygon_2: opacity = 0.0
9.1714 	EXP 	polygon: opacity = 0.0
9.1714 	EXP 	displayPicture: image = 'C:\\Users\\Employee\\Google Drive\\UP\\MyResearch\\TaskProgramming\\AB_pic\\resources\\dolphin01.jpg'
9.1714 	EXP 	polygon_2: opacity = 0.0
9.1880 	EXP 	polygon: opacity = 0.0
9.1880 	EXP 	displayPicture: image = 'C:\\Users\\Employee\\Google Drive\\UP\\MyResearch\\TaskProgramming\\AB_pic\\resources\\dolphin01.jpg'
9.1880 	EXP 	polygon_2: opacity = 1.0
9.2047 	EXP 	polygon: opacity = 0.0
9.2047 	EXP 	displayPicture: image = 'C:\\Users\\Employee\\Google Drive\\UP\\MyResearch\\TaskProgramming\\AB_pic\\resources\\dolphin01.jpg'
9.2047 	EXP 	polygon_2: opacity = 1.0
9.2213 	EXP 	polygon: opacity = 0.0
9.2213 	EXP 	displayPicture: image = 'C:\\Users\\Employee\\Google Drive\\UP\\MyResearch\\TaskProgramming\\AB_pic\\resources\\dolphin01.jpg'
9.2213 	EXP 	polygon_2: opacity = 1.0
9.2380 	EXP 	polygon: opacity = 0.0
9.2380 	EXP 	displayPicture: image = 'C:\\Users\\Employee\\Google Drive\\UP\\MyResearch\\TaskProgramming\\AB_pic\\resources\\dolphin01.jpg'
9.2380 	EXP 	polygon_2: opacity = 1.0
9.2547 	EXP 	polygon: opacity = 0.0
9.2547 	EXP 	displayPicture: image = 'C:\\Users\\Employee\\Google Drive\\UP\\MyResearch\\TaskProgramming\\AB_pic\\resources\\dolphin01.jpg'
9.2547 	EXP 	polygon_2: opacity = 1.0
9.2713 	EXP 	polygon: opacity = 0.0
9.2713 	EXP 	displayPicture: image = 'C:\\Users\\Employee\\Google Drive\\UP\\MyResearch\\TaskProgramming\\AB_pic\\resources\\dolphin01.jpg'
9.2713 	EXP 	polygon_2: opacity = 1.0
9.2880 	EXP 	polygon: opacity = 0.0
9.2880 	EXP 	displayPicture: image = 'C:\\Users\\Employee\\Google Drive\\UP\\MyResearch\\TaskProgramming\\AB_pic\\resources\\dolphin01.jpg'
9.2880 	EXP 	polygon_2: opacity = 1.0
9.3047 	EXP 	polygon: opacity = 0.0
9.3047 	EXP 	displayPicture: image = 'C:\\Users\\Employee\\Google Drive\\UP\\MyResearch\\TaskProgramming\\AB_pic\\resources\\dolphin01.jpg'
9.3047 	EXP 	polygon_2: opacity = 1.0
9.3213 	EXP 	polygon: opacity = 0.0
9.3213 	EXP 	displayPicture: image = 'C:\\Users\\Employee\\Google Drive\\UP\\MyResearch\\TaskProgramming\\AB_pic\\resources\\dolphin01.jpg'
9.3213 	EXP 	polygon_2: opacity = 1.0
9.3380 	EXP 	polygon: opacity = 0.0
9.3380 	EXP 	displayPicture: image = 'C:\\Users\\Employee\\Google Drive\\UP\\MyResearch\\TaskProgramming\\AB_pic\\resources\\recyclingbin.jpg'
9.3380 	EXP 	polygon_2: opacity = 0.0
9.3546 	EXP 	polygon: opacity = 0.0
9.3546 	EXP 	displayPicture: image = 'C:\\Users\\Employee\\Google Drive\\UP\\MyResearch\\TaskProgramming\\AB_pic\\resources\\recyclingbin.jpg'
9.3546 	EXP 	polygon_2: opacity = 0.0
9.3713 	EXP 	polygon: opacity = 0.0
9.3713 	EXP 	displayPicture: image = 'C:\\Users\\Employee\\Google Drive\\UP\\MyResearch\\TaskProgramming\\AB_pic\\resources\\recyclingbin.jpg'
9.3713 	EXP 	polygon_2: opacity = 0.0
9.3880 	EXP 	polygon: opacity = 0.0
9.3880 	EXP 	displayPicture: image = 'C:\\Users\\Employee\\Google Drive\\UP\\MyResearch\\TaskProgramming\\AB_pic\\resources\\recyclingbin.jpg'
9.3880 	EXP 	polygon_2: opacity = 0.0
9.4047 	EXP 	polygon: opacity = 0.0
9.4047 	EXP 	displayPicture: image = 'C:\\Users\\Employee\\Google Drive\\UP\\MyResearch\\TaskProgramming\\AB_pic\\resources\\recyclingbin.jpg'
9.4047 	EXP 	polygon_2: opacity = 0.0
9.4213 	EXP 	polygon: opacity = 0.0
9.4213 	EXP 	displayPicture: image = 'C:\\Users\\Employee\\Google Drive\\UP\\MyResearch\\TaskProgramming\\AB_pic\\resources\\recyclingbin.jpg'
9.4213 	EXP 	polygon_2: opacity = 0.0
9.4380 	EXP 	polygon: opacity = 0.0
9.4380 	EXP 	displayPicture: image = 'C:\\Users\\Employee\\Google Drive\\UP\\MyResearch\\TaskProgramming\\AB_pic\\resources\\recyclingbin.jpg'
9.4380 	EXP 	polygon_2: opacity = 0.0
9.4546 	EXP 	polygon: opacity = 0.0
9.4546 	EXP 	displayPicture: image = 'C:\\Users\\Employee\\Google Drive\\UP\\MyResearch\\TaskProgramming\\AB_pic\\resources\\recyclingbin.jpg'
9.4546 	EXP 	polygon_2: opacity = 0.0
9.4713 	EXP 	polygon: opacity = 0.0
9.4713 	EXP 	displayPicture: image = 'C:\\Users\\Employee\\Google Drive\\UP\\MyResearch\\TaskProgramming\\AB_pic\\resources\\recyclingbin.jpg'
9.4713 	EXP 	polygon_2: opacity = 0.0
9.4880 	EXP 	polygon: opacity = 0.0
9.4880 	EXP 	displayPicture: image = 'C:\\Users\\Employee\\Google Drive\\UP\\MyResearch\\TaskProgramming\\AB_pic\\resources\\recyclingbin.jpg'
9.4880 	EXP 	polygon_2: opacity = 0.0
9.5046 	EXP 	polygon: opacity = 0.0
9.5046 	EXP 	displayPicture: image = 'C:\\Users\\Employee\\Google Drive\\UP\\MyResearch\\TaskProgramming\\AB_pic\\resources\\recyclingbin.jpg'
9.5046 	EXP 	polygon_2: opacity = 0.0
9.5213 	EXP 	polygon: opacity = 0.0
9.5213 	EXP 	displayPicture: image = 'C:\\Users\\Employee\\Google Drive\\UP\\MyResearch\\TaskProgramming\\AB_pic\\resources\\recyclingbin.jpg'
9.5213 	EXP 	polygon_2: opacity = 0.0
9.5380 	EXP 	polygon: opacity = 0.0
9.5380 	EXP 	displayPicture: image = 'C:\\Users\\Employee\\Google Drive\\UP\\MyResearch\\TaskProgramming\\AB_pic\\resources\\recyclingbin.jpg'
9.5380 	EXP 	polygon_2: opacity = 1.0
9.5546 	EXP 	polygon: opacity = 0.0
9.5546 	EXP 	displayPicture: image = 'C:\\Users\\Employee\\Google Drive\\UP\\MyResearch\\TaskProgramming\\AB_pic\\resources\\recyclingbin.jpg'
9.5546 	EXP 	polygon_2: opacity = 1.0
9.5713 	EXP 	polygon: opacity = 0.0
9.5713 	EXP 	displayPicture: image = 'C:\\Users\\Employee\\Google Drive\\UP\\MyResearch\\TaskProgramming\\AB_pic\\resources\\recyclingbin.jpg'
9.5713 	EXP 	polygon_2: opacity = 1.0
9.5880 	EXP 	polygon: opacity = 0.0
9.5880 	EXP 	displayPicture: image = 'C:\\Users\\Employee\\Google Drive\\UP\\MyResearch\\TaskProgramming\\AB_pic\\resources\\recyclingbin.jpg'
9.5880 	EXP 	polygon_2: opacity = 1.0
9.6046 	EXP 	polygon: opacity = 0.0
9.6046 	EXP 	displayPicture: image = 'C:\\Users\\Employee\\Google Drive\\UP\\MyResearch\\TaskProgramming\\AB_pic\\resources\\recyclingbin.jpg'
9.6046 	EXP 	polygon_2: opacity = 1.0
9.6213 	EXP 	polygon: opacity = 0.0
9.6213 	EXP 	displayPicture: image = 'C:\\Users\\Employee\\Google Drive\\UP\\MyResearch\\TaskProgramming\\AB_pic\\resources\\recyclingbin.jpg'
9.6213 	EXP 	polygon_2: opacity = 1.0
9.6380 	EXP 	polygon: opacity = 0.0
9.6380 	EXP 	displayPicture: image = 'C:\\Users\\Employee\\Google Drive\\UP\\MyResearch\\TaskProgramming\\AB_pic\\resources\\recyclingbin.jpg'
9.6380 	EXP 	polygon_2: opacity = 1.0
9.6546 	EXP 	polygon: opacity = 0.0
9.6546 	EXP 	displayPicture: image = 'C:\\Users\\Employee\\Google Drive\\UP\\MyResearch\\TaskProgramming\\AB_pic\\resources\\recyclingbin.jpg'
9.6546 	EXP 	polygon_2: opacity = 1.0
9.6713 	EXP 	polygon: opacity = 0.0
9.6713 	EXP 	displayPicture: image = 'C:\\Users\\Employee\\Google Drive\\UP\\MyResearch\\TaskProgramming\\AB_pic\\resources\\recyclingbin.jpg'
9.6713 	EXP 	polygon_2: opacity = 1.0
9.6880 	EXP 	polygon: opacity = 0.0
9.6880 	EXP 	displayPicture: image = 'C:\\Users\\Employee\\Google Drive\\UP\\MyResearch\\TaskProgramming\\AB_pic\\resources\\parkingmeter.jpg'
9.6880 	EXP 	polygon_2: opacity = 0.0
9.7046 	EXP 	polygon: opacity = 0.0
9.7046 	EXP 	displayPicture: image = 'C:\\Users\\Employee\\Google Drive\\UP\\MyResearch\\TaskProgramming\\AB_pic\\resources\\parkingmeter.jpg'
9.7046 	EXP 	polygon_2: opacity = 0.0
9.7213 	EXP 	polygon: opacity = 0.0
9.7213 	EXP 	displayPicture: image = 'C:\\Users\\Employee\\Google Drive\\UP\\MyResearch\\TaskProgramming\\AB_pic\\resources\\parkingmeter.jpg'
9.7213 	EXP 	polygon_2: opacity = 0.0
9.7380 	EXP 	polygon: opacity = 0.0
9.7380 	EXP 	displayPicture: image = 'C:\\Users\\Employee\\Google Drive\\UP\\MyResearch\\TaskProgramming\\AB_pic\\resources\\parkingmeter.jpg'
9.7380 	EXP 	polygon_2: opacity = 0.0
9.7547 	EXP 	polygon: opacity = 0.0
9.7547 	EXP 	displayPicture: image = 'C:\\Users\\Employee\\Google Drive\\UP\\MyResearch\\TaskProgramming\\AB_pic\\resources\\parkingmeter.jpg'
9.7547 	EXP 	polygon_2: opacity = 0.0
9.7713 	EXP 	polygon: opacity = 0.0
9.7713 	EXP 	displayPicture: image = 'C:\\Users\\Employee\\Google Drive\\UP\\MyResearch\\TaskProgramming\\AB_pic\\resources\\parkingmeter.jpg'
9.7713 	EXP 	polygon_2: opacity = 0.0
9.7880 	EXP 	polygon: opacity = 0.0
9.7880 	EXP 	displayPicture: image = 'C:\\Users\\Employee\\Google Drive\\UP\\MyResearch\\TaskProgramming\\AB_pic\\resources\\parkingmeter.jpg'
9.7880 	EXP 	polygon_2: opacity = 0.0
9.8046 	EXP 	polygon: opacity = 0.0
9.8046 	EXP 	displayPicture: image = 'C:\\Users\\Employee\\Google Drive\\UP\\MyResearch\\TaskProgramming\\AB_pic\\resources\\parkingmeter.jpg'
9.8046 	EXP 	polygon_2: opacity = 0.0
9.8213 	EXP 	polygon: opacity = 0.0
9.8213 	EXP 	displayPicture: image = 'C:\\Users\\Employee\\Google Drive\\UP\\MyResearch\\TaskProgramming\\AB_pic\\resources\\parkingmeter.jpg'
9.8213 	EXP 	polygon_2: opacity = 0.0
9.8380 	EXP 	polygon: opacity = 0.0
9.8380 	EXP 	displayPicture: image = 'C:\\Users\\Employee\\Google Drive\\UP\\MyResearch\\TaskProgramming\\AB_pic\\resources\\parkingmeter.jpg'
9.8380 	EXP 	polygon_2: opacity = 0.0
9.8546 	EXP 	polygon: opacity = 0.0
9.8546 	EXP 	displayPicture: image = 'C:\\Users\\Employee\\Google Drive\\UP\\MyResearch\\TaskProgramming\\AB_pic\\resources\\parkingmeter.jpg'
9.8546 	EXP 	polygon_2: opacity = 0.0
9.8713 	EXP 	polygon: opacity = 0.0
9.8713 	EXP 	displayPicture: image = 'C:\\Users\\Employee\\Google Drive\\UP\\MyResearch\\TaskProgramming\\AB_pic\\resources\\parkingmeter.jpg'
9.8713 	EXP 	polygon_2: opacity = 0.0
9.8880 	EXP 	polygon: opacity = 0.0
9.8880 	EXP 	displayPicture: image = 'C:\\Users\\Employee\\Google Drive\\UP\\MyResearch\\TaskProgramming\\AB_pic\\resources\\parkingmeter.jpg'
9.8880 	EXP 	polygon_2: opacity = 1.0
9.9046 	EXP 	polygon: opacity = 0.0
9.9046 	EXP 	displayPicture: image = 'C:\\Users\\Employee\\Google Drive\\UP\\MyResearch\\TaskProgramming\\AB_pic\\resources\\parkingmeter.jpg'
9.9046 	EXP 	polygon_2: opacity = 1.0
9.9213 	EXP 	polygon: opacity = 0.0
9.9213 	EXP 	displayPicture: image = 'C:\\Users\\Employee\\Google Drive\\UP\\MyResearch\\TaskProgramming\\AB_pic\\resources\\parkingmeter.jpg'
9.9213 	EXP 	polygon_2: opacity = 1.0
9.9380 	EXP 	polygon: opacity = 0.0
9.9380 	EXP 	displayPicture: image = 'C:\\Users\\Employee\\Google Drive\\UP\\MyResearch\\TaskProgramming\\AB_pic\\resources\\parkingmeter.jpg'
9.9380 	EXP 	polygon_2: opacity = 1.0
9.9546 	EXP 	polygon: opacity = 0.0
9.9546 	EXP 	displayPicture: image = 'C:\\Users\\Employee\\Google Drive\\UP\\MyResearch\\TaskProgramming\\AB_pic\\resources\\parkingmeter.jpg'
9.9546 	EXP 	polygon_2: opacity = 1.0
9.9713 	EXP 	polygon: opacity = 0.0
9.9713 	EXP 	displayPicture: image = 'C:\\Users\\Employee\\Google Drive\\UP\\MyResearch\\TaskProgramming\\AB_pic\\resources\\parkingmeter.jpg'
9.9713 	EXP 	polygon_2: opacity = 1.0
9.9880 	EXP 	polygon: opacity = 0.0
9.9880 	EXP 	displayPicture: image = 'C:\\Users\\Employee\\Google Drive\\UP\\MyResearch\\TaskProgramming\\AB_pic\\resources\\parkingmeter.jpg'
9.9880 	EXP 	polygon_2: opacity = 1.0
10.0046 	EXP 	polygon: opacity = 0.0
10.0046 	EXP 	displayPicture: image = 'C:\\Users\\Employee\\Google Drive\\UP\\MyResearch\\TaskProgramming\\AB_pic\\resources\\parkingmeter.jpg'
10.0046 	EXP 	polygon_2: opacity = 1.0
10.0213 	EXP 	polygon: opacity = 0.0
10.0213 	EXP 	displayPicture: image = 'C:\\Users\\Employee\\Google Drive\\UP\\MyResearch\\TaskProgramming\\AB_pic\\resources\\parkingmeter.jpg'
10.0213 	EXP 	polygon_2: opacity = 1.0
10.0380 	EXP 	polygon: opacity = 0.0
10.0380 	EXP 	displayPicture: image = 'C:\\Users\\Employee\\Google Drive\\UP\\MyResearch\\TaskProgramming\\AB_pic\\resources\\tricycle.jpg'
10.0380 	EXP 	polygon_2: opacity = 0.0
10.0546 	EXP 	polygon: opacity = 0.0
10.0546 	EXP 	displayPicture: image = 'C:\\Users\\Employee\\Google Drive\\UP\\MyResearch\\TaskProgramming\\AB_pic\\resources\\tricycle.jpg'
10.0546 	EXP 	polygon_2: opacity = 0.0
10.0713 	EXP 	polygon: opacity = 0.0
10.0713 	EXP 	displayPicture: image = 'C:\\Users\\Employee\\Google Drive\\UP\\MyResearch\\TaskProgramming\\AB_pic\\resources\\tricycle.jpg'
10.0713 	EXP 	polygon_2: opacity = 0.0
10.0880 	EXP 	polygon: opacity = 0.0
10.0880 	EXP 	displayPicture: image = 'C:\\Users\\Employee\\Google Drive\\UP\\MyResearch\\TaskProgramming\\AB_pic\\resources\\tricycle.jpg'
10.0880 	EXP 	polygon_2: opacity = 0.0
10.1046 	EXP 	polygon: opacity = 0.0
10.1046 	EXP 	displayPicture: image = 'C:\\Users\\Employee\\Google Drive\\UP\\MyResearch\\TaskProgramming\\AB_pic\\resources\\tricycle.jpg'
10.1046 	EXP 	polygon_2: opacity = 0.0
10.1213 	EXP 	polygon: opacity = 0.0
10.1213 	EXP 	displayPicture: image = 'C:\\Users\\Employee\\Google Drive\\UP\\MyResearch\\TaskProgramming\\AB_pic\\resources\\tricycle.jpg'
10.1213 	EXP 	polygon_2: opacity = 0.0
10.1379 	EXP 	polygon: opacity = 0.0
10.1379 	EXP 	displayPicture: image = 'C:\\Users\\Employee\\Google Drive\\UP\\MyResearch\\TaskProgramming\\AB_pic\\resources\\tricycle.jpg'
10.1379 	EXP 	polygon_2: opacity = 0.0
10.1546 	EXP 	polygon: opacity = 0.0
10.1546 	EXP 	displayPicture: image = 'C:\\Users\\Employee\\Google Drive\\UP\\MyResearch\\TaskProgramming\\AB_pic\\resources\\tricycle.jpg'
10.1546 	EXP 	polygon_2: opacity = 0.0
10.1713 	EXP 	polygon: opacity = 0.0
10.1713 	EXP 	displayPicture: image = 'C:\\Users\\Employee\\Google Drive\\UP\\MyResearch\\TaskProgramming\\AB_pic\\resources\\tricycle.jpg'
10.1713 	EXP 	polygon_2: opacity = 0.0
10.1879 	EXP 	polygon: opacity = 0.0
10.1879 	EXP 	displayPicture: image = 'C:\\Users\\Employee\\Google Drive\\UP\\MyResearch\\TaskProgramming\\AB_pic\\resources\\tricycle.jpg'
10.1879 	EXP 	polygon_2: opacity = 0.0
10.2046 	EXP 	polygon: opacity = 0.0
10.2046 	EXP 	displayPicture: image = 'C:\\Users\\Employee\\Google Drive\\UP\\MyResearch\\TaskProgramming\\AB_pic\\resources\\tricycle.jpg'
10.2046 	EXP 	polygon_2: opacity = 0.0
10.2213 	EXP 	polygon: opacity = 0.0
10.2213 	EXP 	displayPicture: image = 'C:\\Users\\Employee\\Google Drive\\UP\\MyResearch\\TaskProgramming\\AB_pic\\resources\\tricycle.jpg'
10.2213 	EXP 	polygon_2: opacity = 0.0
10.2380 	EXP 	polygon: opacity = 0.0
10.2380 	EXP 	displayPicture: image = 'C:\\Users\\Employee\\Google Drive\\UP\\MyResearch\\TaskProgramming\\AB_pic\\resources\\tricycle.jpg'
10.2380 	EXP 	polygon_2: opacity = 1.0
10.2546 	EXP 	polygon: opacity = 0.0
10.2546 	EXP 	displayPicture: image = 'C:\\Users\\Employee\\Google Drive\\UP\\MyResearch\\TaskProgramming\\AB_pic\\resources\\tricycle.jpg'
10.2546 	EXP 	polygon_2: opacity = 1.0
10.2713 	EXP 	polygon: opacity = 0.0
10.2713 	EXP 	displayPicture: image = 'C:\\Users\\Employee\\Google Drive\\UP\\MyResearch\\TaskProgramming\\AB_pic\\resources\\tricycle.jpg'
10.2713 	EXP 	polygon_2: opacity = 1.0
10.2880 	EXP 	polygon: opacity = 0.0
10.2880 	EXP 	displayPicture: image = 'C:\\Users\\Employee\\Google Drive\\UP\\MyResearch\\TaskProgramming\\AB_pic\\resources\\tricycle.jpg'
10.2880 	EXP 	polygon_2: opacity = 1.0
10.3046 	EXP 	polygon: opacity = 0.0
10.3046 	EXP 	displayPicture: image = 'C:\\Users\\Employee\\Google Drive\\UP\\MyResearch\\TaskProgramming\\AB_pic\\resources\\tricycle.jpg'
10.3046 	EXP 	polygon_2: opacity = 1.0
10.3213 	EXP 	polygon: opacity = 0.0
10.3213 	EXP 	displayPicture: image = 'C:\\Users\\Employee\\Google Drive\\UP\\MyResearch\\TaskProgramming\\AB_pic\\resources\\tricycle.jpg'
10.3213 	EXP 	polygon_2: opacity = 1.0
10.3380 	EXP 	polygon: opacity = 0.0
10.3380 	EXP 	displayPicture: image = 'C:\\Users\\Employee\\Google Drive\\UP\\MyResearch\\TaskProgramming\\AB_pic\\resources\\tricycle.jpg'
10.3380 	EXP 	polygon_2: opacity = 1.0
10.3546 	EXP 	polygon: opacity = 0.0
10.3546 	EXP 	displayPicture: image = 'C:\\Users\\Employee\\Google Drive\\UP\\MyResearch\\TaskProgramming\\AB_pic\\resources\\tricycle.jpg'
10.3546 	EXP 	polygon_2: opacity = 1.0
10.3712 	EXP 	polygon: opacity = 0.0
10.3712 	EXP 	displayPicture: image = 'C:\\Users\\Employee\\Google Drive\\UP\\MyResearch\\TaskProgramming\\AB_pic\\resources\\tricycle.jpg'
10.3712 	EXP 	polygon_2: opacity = 1.0
10.4046 	EXP 	polygon: opacity = 0.0
10.4046 	EXP 	displayPicture: image = 'C:\\Users\\Employee\\Google Drive\\UP\\MyResearch\\TaskProgramming\\AB_pic\\resources\\tricycle.jpg'
10.4046 	EXP 	polygon_2: opacity = 0.0
10.4046 	EXP 	polygon: autoDraw = False
10.4046 	EXP 	displayPicture: autoDraw = False
10.4046 	EXP 	polygon_2: autoDraw = False
10.4046 	EXP 	option1_t1: image = 'C:\\Users\\Employee\\Google Drive\\UP\\MyResearch\\TaskProgramming\\AB_pic\\resources\\trumpet.jpg'
10.4046 	EXP 	option2_t1: image = 'C:\\Users\\Employee\\Google Drive\\UP\\MyResearch\\TaskProgramming\\AB_pic\\resources\\nose.jpg'
10.4046 	EXP 	option1_t1: autoDraw = True
10.4046 	EXP 	option2_t1: autoDraw = True
11.4967 	DATA 	Keypress: right
11.5045 	EXP 	option1_t1: autoDraw = False
11.5045 	EXP 	option2_t1: autoDraw = False
11.5045 	EXP 	option1_t2: image = 'C:\\Users\\Employee\\Google Drive\\UP\\MyResearch\\TaskProgramming\\AB_pic\\resources\\nose.jpg'
11.5045 	EXP 	option2_t2: image = 'C:\\Users\\Employee\\Google Drive\\UP\\MyResearch\\TaskProgramming\\AB_pic\\resources\\trumpet.jpg'
11.5045 	EXP 	option1_t2: autoDraw = True
11.5045 	EXP 	option2_t2: autoDraw = True
12.7761 	DATA 	Keypress: right
12.8045 	EXP 	option1_t2: autoDraw = False
12.8045 	EXP 	option2_t2: autoDraw = False
12.8045 	EXP 	text: text = ''
12.8045 	EXP 	text: autoDraw = True
12.8212 	EXP 	text: autoDraw = False
14.6081 	DATA 	Keypress: right
15.6924 	EXP 	New trial (rep=0, index=1): OrderedDict([('trialType', 'AB'), ('cndTyp', 'lag1'), ('lag', 1), ('T1_loc', 5), ('gap', 0), ('T2_loc', 6), ('primePos', 104), ('stimLen', 0.2), ('isi', 0.15)])
15.6969 	DATA 	Keypress: space
15.7210 	EXP 	text: autoDraw = False
15.7210 	EXP 	polygon: autoDraw = True
15.7210 	EXP 	polygon: opacity = 0.0
15.7210 	EXP 	displayPicture: autoDraw = True
15.7210 	EXP 	displayPicture: image = 'C:\\Users\\Employee\\Google Drive\\UP\\MyResearch\\TaskProgramming\\AB_pic\\resources\\candycane01a.jpg'
15.7210 	EXP 	polygon_2: autoDraw = True
15.7210 	EXP 	polygon_2: opacity = 0.0
15.7543 	EXP 	polygon: opacity = 0.0
15.7543 	EXP 	displayPicture: image = 'C:\\Users\\Employee\\Google Drive\\UP\\MyResearch\\TaskProgramming\\AB_pic\\resources\\candycane01a.jpg'
15.7543 	EXP 	polygon_2: opacity = 0.0
15.7877 	EXP 	polygon: opacity = 0.0
15.7877 	EXP 	displayPicture: image = 'C:\\Users\\Employee\\Google Drive\\UP\\MyResearch\\TaskProgramming\\AB_pic\\resources\\candycane01a.jpg'
15.7877 	EXP 	polygon_2: opacity = 0.0
15.8210 	EXP 	polygon: opacity = 0.0
15.8210 	EXP 	displayPicture: image = 'C:\\Users\\Employee\\Google Drive\\UP\\MyResearch\\TaskProgramming\\AB_pic\\resources\\candycane01a.jpg'
15.8210 	EXP 	polygon_2: opacity = 0.0
15.8543 	EXP 	polygon: opacity = 0.0
15.8543 	EXP 	displayPicture: image = 'C:\\Users\\Employee\\Google Drive\\UP\\MyResearch\\TaskProgramming\\AB_pic\\resources\\candycane01a.jpg'
15.8543 	EXP 	polygon_2: opacity = 0.0
15.8877 	EXP 	polygon: opacity = 0.0
15.8877 	EXP 	displayPicture: image = 'C:\\Users\\Employee\\Google Drive\\UP\\MyResearch\\TaskProgramming\\AB_pic\\resources\\candycane01a.jpg'
15.8877 	EXP 	polygon_2: opacity = 0.0
15.9210 	EXP 	polygon: opacity = 0.0
15.9210 	EXP 	displayPicture: image = 'C:\\Users\\Employee\\Google Drive\\UP\\MyResearch\\TaskProgramming\\AB_pic\\resources\\candycane01a.jpg'
15.9210 	EXP 	polygon_2: opacity = 1.0
15.9543 	EXP 	polygon: opacity = 0.0
15.9543 	EXP 	displayPicture: image = 'C:\\Users\\Employee\\Google Drive\\UP\\MyResearch\\TaskProgramming\\AB_pic\\resources\\candycane01a.jpg'
15.9543 	EXP 	polygon_2: opacity = 1.0
15.9877 	EXP 	polygon: opacity = 0.0
15.9877 	EXP 	displayPicture: image = 'C:\\Users\\Employee\\Google Drive\\UP\\MyResearch\\TaskProgramming\\AB_pic\\resources\\candycane01a.jpg'
15.9877 	EXP 	polygon_2: opacity = 1.0
16.0210 	EXP 	polygon: opacity = 0.0
16.0210 	EXP 	displayPicture: image = 'C:\\Users\\Employee\\Google Drive\\UP\\MyResearch\\TaskProgramming\\AB_pic\\resources\\candycane01a.jpg'
16.0210 	EXP 	polygon_2: opacity = 1.0
16.0543 	EXP 	polygon: opacity = 0.0
16.0543 	EXP 	displayPicture: image = 'C:\\Users\\Employee\\Google Drive\\UP\\MyResearch\\TaskProgramming\\AB_pic\\resources\\candycane01a.jpg'
16.0543 	EXP 	polygon_2: opacity = 1.0
16.0877 	EXP 	polygon: opacity = 0.0
16.0877 	EXP 	displayPicture: image = 'C:\\Users\\Employee\\Google Drive\\UP\\MyResearch\\TaskProgramming\\AB_pic\\resources\\eiffeltower.jpg'
16.0877 	EXP 	polygon_2: opacity = 0.0
16.1210 	EXP 	polygon: opacity = 0.0
16.1210 	EXP 	displayPicture: image = 'C:\\Users\\Employee\\Google Drive\\UP\\MyResearch\\TaskProgramming\\AB_pic\\resources\\eiffeltower.jpg'
16.1210 	EXP 	polygon_2: opacity = 0.0
16.1543 	EXP 	polygon: opacity = 0.0
16.1543 	EXP 	displayPicture: image = 'C:\\Users\\Employee\\Google Drive\\UP\\MyResearch\\TaskProgramming\\AB_pic\\resources\\eiffeltower.jpg'
16.1543 	EXP 	polygon_2: opacity = 0.0
16.1876 	EXP 	polygon: opacity = 0.0
16.1876 	EXP 	displayPicture: image = 'C:\\Users\\Employee\\Google Drive\\UP\\MyResearch\\TaskProgramming\\AB_pic\\resources\\eiffeltower.jpg'
16.1876 	EXP 	polygon_2: opacity = 0.0
16.2210 	EXP 	polygon: opacity = 0.0
16.2210 	EXP 	displayPicture: image = 'C:\\Users\\Employee\\Google Drive\\UP\\MyResearch\\TaskProgramming\\AB_pic\\resources\\eiffeltower.jpg'
16.2210 	EXP 	polygon_2: opacity = 0.0
16.2543 	EXP 	polygon: opacity = 0.0
16.2543 	EXP 	displayPicture: image = 'C:\\Users\\Employee\\Google Drive\\UP\\MyResearch\\TaskProgramming\\AB_pic\\resources\\eiffeltower.jpg'
16.2543 	EXP 	polygon_2: opacity = 0.0
16.2876 	EXP 	polygon: opacity = 0.0
16.2876 	EXP 	displayPicture: image = 'C:\\Users\\Employee\\Google Drive\\UP\\MyResearch\\TaskProgramming\\AB_pic\\resources\\eiffeltower.jpg'
16.2876 	EXP 	polygon_2: opacity = 1.0
16.3210 	EXP 	polygon: opacity = 0.0
16.3210 	EXP 	displayPicture: image = 'C:\\Users\\Employee\\Google Drive\\UP\\MyResearch\\TaskProgramming\\AB_pic\\resources\\eiffeltower.jpg'
16.3210 	EXP 	polygon_2: opacity = 1.0
16.3543 	EXP 	polygon: opacity = 0.0
16.3543 	EXP 	displayPicture: image = 'C:\\Users\\Employee\\Google Drive\\UP\\MyResearch\\TaskProgramming\\AB_pic\\resources\\eiffeltower.jpg'
16.3543 	EXP 	polygon_2: opacity = 1.0
16.3877 	EXP 	polygon: opacity = 0.0
16.3877 	EXP 	displayPicture: image = 'C:\\Users\\Employee\\Google Drive\\UP\\MyResearch\\TaskProgramming\\AB_pic\\resources\\eiffeltower.jpg'
16.3877 	EXP 	polygon_2: opacity = 1.0
16.4210 	EXP 	polygon: opacity = 0.0
16.4210 	EXP 	displayPicture: image = 'C:\\Users\\Employee\\Google Drive\\UP\\MyResearch\\TaskProgramming\\AB_pic\\resources\\chair.jpg'
16.4210 	EXP 	polygon_2: opacity = 0.0
16.4543 	EXP 	polygon: opacity = 0.0
16.4543 	EXP 	displayPicture: image = 'C:\\Users\\Employee\\Google Drive\\UP\\MyResearch\\TaskProgramming\\AB_pic\\resources\\chair.jpg'
16.4543 	EXP 	polygon_2: opacity = 0.0
16.4876 	EXP 	polygon: opacity = 0.0
16.4876 	EXP 	displayPicture: image = 'C:\\Users\\Employee\\Google Drive\\UP\\MyResearch\\TaskProgramming\\AB_pic\\resources\\chair.jpg'
16.4876 	EXP 	polygon_2: opacity = 0.0
16.5210 	EXP 	polygon: opacity = 0.0
16.5210 	EXP 	displayPicture: image = 'C:\\Users\\Employee\\Google Drive\\UP\\MyResearch\\TaskProgramming\\AB_pic\\resources\\chair.jpg'
16.5210 	EXP 	polygon_2: opacity = 0.0
16.5543 	EXP 	polygon: opacity = 0.0
16.5543 	EXP 	displayPicture: image = 'C:\\Users\\Employee\\Google Drive\\UP\\MyResearch\\TaskProgramming\\AB_pic\\resources\\chair.jpg'
16.5543 	EXP 	polygon_2: opacity = 0.0
16.5876 	EXP 	polygon: opacity = 0.0
16.5876 	EXP 	displayPicture: image = 'C:\\Users\\Employee\\Google Drive\\UP\\MyResearch\\TaskProgramming\\AB_pic\\resources\\chair.jpg'
16.5876 	EXP 	polygon_2: opacity = 0.0
16.6210 	EXP 	polygon: opacity = 0.0
16.6210 	EXP 	displayPicture: image = 'C:\\Users\\Employee\\Google Drive\\UP\\MyResearch\\TaskProgramming\\AB_pic\\resources\\chair.jpg'
16.6210 	EXP 	polygon_2: opacity = 1.0
16.6543 	EXP 	polygon: opacity = 0.0
16.6543 	EXP 	displayPicture: image = 'C:\\Users\\Employee\\Google Drive\\UP\\MyResearch\\TaskProgramming\\AB_pic\\resources\\chair.jpg'
16.6543 	EXP 	polygon_2: opacity = 1.0
16.6876 	EXP 	polygon: opacity = 0.0
16.6876 	EXP 	displayPicture: image = 'C:\\Users\\Employee\\Google Drive\\UP\\MyResearch\\TaskProgramming\\AB_pic\\resources\\chair.jpg'
16.6876 	EXP 	polygon_2: opacity = 1.0
16.7210 	EXP 	polygon: opacity = 0.0
16.7210 	EXP 	displayPicture: image = 'C:\\Users\\Employee\\Google Drive\\UP\\MyResearch\\TaskProgramming\\AB_pic\\resources\\chair.jpg'
16.7210 	EXP 	polygon_2: opacity = 1.0
16.7543 	EXP 	polygon: opacity = 0.0
16.7543 	EXP 	displayPicture: image = 'C:\\Users\\Employee\\Google Drive\\UP\\MyResearch\\TaskProgramming\\AB_pic\\resources\\chair.jpg'
16.7543 	EXP 	polygon_2: opacity = 1.0
16.7876 	EXP 	polygon: opacity = 0.0
16.7876 	EXP 	displayPicture: image = 'C:\\Users\\Employee\\Google Drive\\UP\\MyResearch\\TaskProgramming\\AB_pic\\resources\\platypus.jpg'
16.7876 	EXP 	polygon_2: opacity = 0.0
16.8209 	EXP 	polygon: opacity = 0.0
16.8209 	EXP 	displayPicture: image = 'C:\\Users\\Employee\\Google Drive\\UP\\MyResearch\\TaskProgramming\\AB_pic\\resources\\platypus.jpg'
16.8209 	EXP 	polygon_2: opacity = 0.0
16.8543 	EXP 	polygon: opacity = 0.0
16.8543 	EXP 	displayPicture: image = 'C:\\Users\\Employee\\Google Drive\\UP\\MyResearch\\TaskProgramming\\AB_pic\\resources\\platypus.jpg'
16.8543 	EXP 	polygon_2: opacity = 0.0
16.8876 	EXP 	polygon: opacity = 0.0
16.8876 	EXP 	displayPicture: image = 'C:\\Users\\Employee\\Google Drive\\UP\\MyResearch\\TaskProgramming\\AB_pic\\resources\\platypus.jpg'
16.8876 	EXP 	polygon_2: opacity = 0.0
16.9209 	EXP 	polygon: opacity = 0.0
16.9209 	EXP 	displayPicture: image = 'C:\\Users\\Employee\\Google Drive\\UP\\MyResearch\\TaskProgramming\\AB_pic\\resources\\platypus.jpg'
16.9209 	EXP 	polygon_2: opacity = 0.0
16.9542 	EXP 	polygon: opacity = 0.0
16.9542 	EXP 	displayPicture: image = 'C:\\Users\\Employee\\Google Drive\\UP\\MyResearch\\TaskProgramming\\AB_pic\\resources\\platypus.jpg'
16.9542 	EXP 	polygon_2: opacity = 0.0
16.9876 	EXP 	polygon: opacity = 0.0
16.9876 	EXP 	displayPicture: image = 'C:\\Users\\Employee\\Google Drive\\UP\\MyResearch\\TaskProgramming\\AB_pic\\resources\\platypus.jpg'
16.9876 	EXP 	polygon_2: opacity = 1.0
17.0209 	EXP 	polygon: opacity = 0.0
17.0209 	EXP 	displayPicture: image = 'C:\\Users\\Employee\\Google Drive\\UP\\MyResearch\\TaskProgramming\\AB_pic\\resources\\platypus.jpg'
17.0209 	EXP 	polygon_2: opacity = 1.0
17.0543 	EXP 	polygon: opacity = 0.0
17.0543 	EXP 	displayPicture: image = 'C:\\Users\\Employee\\Google Drive\\UP\\MyResearch\\TaskProgramming\\AB_pic\\resources\\platypus.jpg'
17.0543 	EXP 	polygon_2: opacity = 1.0
17.0876 	EXP 	polygon: opacity = 0.0
17.0876 	EXP 	displayPicture: image = 'C:\\Users\\Employee\\Google Drive\\UP\\MyResearch\\TaskProgramming\\AB_pic\\resources\\platypus.jpg'
17.0876 	EXP 	polygon_2: opacity = 1.0
17.1209 	EXP 	polygon: opacity = 1.0
17.1209 	EXP 	displayPicture: image = 'C:\\Users\\Employee\\Google Drive\\UP\\MyResearch\\TaskProgramming\\AB_pic\\resources\\spiderweb.jpg'
17.1209 	EXP 	polygon_2: opacity = 0.0
17.1542 	EXP 	polygon: opacity = 1.0
17.1542 	EXP 	displayPicture: image = 'C:\\Users\\Employee\\Google Drive\\UP\\MyResearch\\TaskProgramming\\AB_pic\\resources\\spiderweb.jpg'
17.1542 	EXP 	polygon_2: opacity = 0.0
17.1876 	EXP 	polygon: opacity = 1.0
17.1876 	EXP 	displayPicture: image = 'C:\\Users\\Employee\\Google Drive\\UP\\MyResearch\\TaskProgramming\\AB_pic\\resources\\spiderweb.jpg'
17.1876 	EXP 	polygon_2: opacity = 0.0
17.2209 	EXP 	polygon: opacity = 1.0
17.2209 	EXP 	displayPicture: image = 'C:\\Users\\Employee\\Google Drive\\UP\\MyResearch\\TaskProgramming\\AB_pic\\resources\\spiderweb.jpg'
17.2209 	EXP 	polygon_2: opacity = 0.0
17.2542 	EXP 	polygon: opacity = 1.0
17.2542 	EXP 	displayPicture: image = 'C:\\Users\\Employee\\Google Drive\\UP\\MyResearch\\TaskProgramming\\AB_pic\\resources\\spiderweb.jpg'
17.2542 	EXP 	polygon_2: opacity = 0.0
17.2876 	EXP 	polygon: opacity = 1.0
17.2876 	EXP 	displayPicture: image = 'C:\\Users\\Employee\\Google Drive\\UP\\MyResearch\\TaskProgramming\\AB_pic\\resources\\spiderweb.jpg'
17.2876 	EXP 	polygon_2: opacity = 0.0
17.3209 	EXP 	polygon: opacity = 1.0
17.3209 	EXP 	displayPicture: image = 'C:\\Users\\Employee\\Google Drive\\UP\\MyResearch\\TaskProgramming\\AB_pic\\resources\\spiderweb.jpg'
17.3209 	EXP 	polygon_2: opacity = 1.0
17.3542 	EXP 	polygon: opacity = 1.0
17.3542 	EXP 	displayPicture: image = 'C:\\Users\\Employee\\Google Drive\\UP\\MyResearch\\TaskProgramming\\AB_pic\\resources\\spiderweb.jpg'
17.3542 	EXP 	polygon_2: opacity = 1.0
17.3876 	EXP 	polygon: opacity = 1.0
17.3876 	EXP 	displayPicture: image = 'C:\\Users\\Employee\\Google Drive\\UP\\MyResearch\\TaskProgramming\\AB_pic\\resources\\spiderweb.jpg'
17.3876 	EXP 	polygon_2: opacity = 1.0
17.4209 	EXP 	polygon: opacity = 1.0
17.4209 	EXP 	displayPicture: image = 'C:\\Users\\Employee\\Google Drive\\UP\\MyResearch\\TaskProgramming\\AB_pic\\resources\\spiderweb.jpg'
17.4209 	EXP 	polygon_2: opacity = 1.0
17.4542 	EXP 	polygon: opacity = 1.0
17.4542 	EXP 	displayPicture: image = 'C:\\Users\\Employee\\Google Drive\\UP\\MyResearch\\TaskProgramming\\AB_pic\\resources\\spiderweb.jpg'
17.4542 	EXP 	polygon_2: opacity = 1.0
17.4876 	EXP 	polygon: opacity = 1.0
17.4876 	EXP 	displayPicture: image = 'C:\\Users\\Employee\\Google Drive\\UP\\MyResearch\\TaskProgramming\\AB_pic\\resources\\acorn.jpg'
17.4876 	EXP 	polygon_2: opacity = 0.0
17.5209 	EXP 	polygon: opacity = 1.0
17.5209 	EXP 	displayPicture: image = 'C:\\Users\\Employee\\Google Drive\\UP\\MyResearch\\TaskProgramming\\AB_pic\\resources\\acorn.jpg'
17.5209 	EXP 	polygon_2: opacity = 0.0
17.5542 	EXP 	polygon: opacity = 1.0
17.5542 	EXP 	displayPicture: image = 'C:\\Users\\Employee\\Google Drive\\UP\\MyResearch\\TaskProgramming\\AB_pic\\resources\\acorn.jpg'
17.5542 	EXP 	polygon_2: opacity = 0.0
17.5876 	EXP 	polygon: opacity = 1.0
17.5876 	EXP 	displayPicture: image = 'C:\\Users\\Employee\\Google Drive\\UP\\MyResearch\\TaskProgramming\\AB_pic\\resources\\acorn.jpg'
17.5876 	EXP 	polygon_2: opacity = 0.0
17.6209 	EXP 	polygon: opacity = 1.0
17.6209 	EXP 	displayPicture: image = 'C:\\Users\\Employee\\Google Drive\\UP\\MyResearch\\TaskProgramming\\AB_pic\\resources\\acorn.jpg'
17.6209 	EXP 	polygon_2: opacity = 0.0
17.6543 	EXP 	polygon: opacity = 1.0
17.6543 	EXP 	displayPicture: image = 'C:\\Users\\Employee\\Google Drive\\UP\\MyResearch\\TaskProgramming\\AB_pic\\resources\\acorn.jpg'
17.6543 	EXP 	polygon_2: opacity = 0.0
17.6876 	EXP 	polygon: opacity = 1.0
17.6876 	EXP 	displayPicture: image = 'C:\\Users\\Employee\\Google Drive\\UP\\MyResearch\\TaskProgramming\\AB_pic\\resources\\acorn.jpg'
17.6876 	EXP 	polygon_2: opacity = 1.0
17.7214 	EXP 	polygon: opacity = 1.0
17.7214 	EXP 	displayPicture: image = 'C:\\Users\\Employee\\Google Drive\\UP\\MyResearch\\TaskProgramming\\AB_pic\\resources\\acorn.jpg'
17.7214 	EXP 	polygon_2: opacity = 1.0
17.7548 	EXP 	polygon: opacity = 1.0
17.7548 	EXP 	displayPicture: image = 'C:\\Users\\Employee\\Google Drive\\UP\\MyResearch\\TaskProgramming\\AB_pic\\resources\\acorn.jpg'
17.7548 	EXP 	polygon_2: opacity = 1.0
17.7881 	EXP 	polygon: opacity = 1.0
17.7881 	EXP 	displayPicture: image = 'C:\\Users\\Employee\\Google Drive\\UP\\MyResearch\\TaskProgramming\\AB_pic\\resources\\acorn.jpg'
17.7881 	EXP 	polygon_2: opacity = 1.0
17.8214 	EXP 	polygon: opacity = 0.0
17.8214 	EXP 	displayPicture: image = 'C:\\Users\\Employee\\Google Drive\\UP\\MyResearch\\TaskProgramming\\AB_pic\\resources\\parkingmeter.jpg'
17.8214 	EXP 	polygon_2: opacity = 0.0
17.8547 	EXP 	polygon: opacity = 0.0
17.8547 	EXP 	displayPicture: image = 'C:\\Users\\Employee\\Google Drive\\UP\\MyResearch\\TaskProgramming\\AB_pic\\resources\\parkingmeter.jpg'
17.8547 	EXP 	polygon_2: opacity = 0.0
17.8881 	EXP 	polygon: opacity = 0.0
17.8881 	EXP 	displayPicture: image = 'C:\\Users\\Employee\\Google Drive\\UP\\MyResearch\\TaskProgramming\\AB_pic\\resources\\parkingmeter.jpg'
17.8881 	EXP 	polygon_2: opacity = 0.0
17.9214 	EXP 	polygon: opacity = 0.0
17.9214 	EXP 	displayPicture: image = 'C:\\Users\\Employee\\Google Drive\\UP\\MyResearch\\TaskProgramming\\AB_pic\\resources\\parkingmeter.jpg'
17.9214 	EXP 	polygon_2: opacity = 0.0
17.9547 	EXP 	polygon: opacity = 0.0
17.9547 	EXP 	displayPicture: image = 'C:\\Users\\Employee\\Google Drive\\UP\\MyResearch\\TaskProgramming\\AB_pic\\resources\\parkingmeter.jpg'
17.9547 	EXP 	polygon_2: opacity = 0.0
17.9881 	EXP 	polygon: opacity = 0.0
17.9881 	EXP 	displayPicture: image = 'C:\\Users\\Employee\\Google Drive\\UP\\MyResearch\\TaskProgramming\\AB_pic\\resources\\parkingmeter.jpg'
17.9881 	EXP 	polygon_2: opacity = 0.0
18.0214 	EXP 	polygon: opacity = 0.0
18.0214 	EXP 	displayPicture: image = 'C:\\Users\\Employee\\Google Drive\\UP\\MyResearch\\TaskProgramming\\AB_pic\\resources\\parkingmeter.jpg'
18.0214 	EXP 	polygon_2: opacity = 1.0
18.0256 	DATA 	Keypress: escape
18.0547 	EXP 	polygon: opacity = 0.0
18.0547 	EXP 	displayPicture: image = 'C:\\Users\\Employee\\Google Drive\\UP\\MyResearch\\TaskProgramming\\AB_pic\\resources\\parkingmeter.jpg'
18.0547 	EXP 	polygon_2: opacity = 1.0
18.0881 	EXP 	polygon: opacity = 0.0
18.0881 	EXP 	displayPicture: image = 'C:\\Users\\Employee\\Google Drive\\UP\\MyResearch\\TaskProgramming\\AB_pic\\resources\\parkingmeter.jpg'
18.0881 	EXP 	polygon_2: opacity = 1.0
18.1214 	EXP 	polygon: opacity = 0.0
18.1214 	EXP 	displayPicture: image = 'C:\\Users\\Employee\\Google Drive\\UP\\MyResearch\\TaskProgramming\\AB_pic\\resources\\parkingmeter.jpg'
18.1214 	EXP 	polygon_2: opacity = 1.0
18.2241 	EXP 	window1: mouseVisible = True
