0.7899 	WARNING 	We strongly recommend you activate the PTB sound engine in PsychoPy prefs as the preferred audio engine. Its timing is vastly superior. Your prefs are currently set to use ['sounddevice', 'PTB', 'pyo', 'pygame'] (in that order).
3.8931 	WARNING 	User requested fullscreen with size [1024  768], but screen is actually [1920, 1080]. Using actual size
4.7546 	EXP 	Created window1 = Window(allowGUI=False, allowStencil=False, args=UNKNOWN, autoLog=True, bitsMode=UNKNOWN, blendMode='avg', bpc=(8, 8, 8), color=array([0., 0., 0.]), colorSpace='rgb', depthBits=8, fullscr=<method-wrapper '__getattribute__' of attributeSetter object at 0x000001C16B6F6438>, gamma=None, gammaErrorPolicy='raise', kwargs=UNKNOWN, lms=UNKNOWN, monitor=<psychopy.monitors.calibTools.Monitor object at 0x000001C16B5C1A58>, multiSample=False, name='window1', numSamples=2, pos=[0.0, 0.0], screen=0, size=array([1920, 1080]), stencilBits=0, stereo=False, units='height', useFBO=True, useRetina=False, viewOri=0.0, viewPos=None, viewScale=None, waitBlanking=True, winType='pyglet')
4.7550 	EXP 	window1: mouseVisible = True
4.7550 	EXP 	window1: recordFrameIntervals = False
4.9209 	EXP 	window1: recordFrameIntervals = True
5.1044 	EXP 	window1: recordFrameIntervals = False
5.1799 	EXP 	Created polygon = ShapeStim(__class__=<class 'psychopy.visual.shape.ShapeStim'>, autoDraw=False, autoLog=True, closeShape=True, contrast=1.0, depth=-6.0, fillColor=array([1., 0., 0.]), fillColorSpace='rgb', interpolate=True, lineColor=array([1., 1., 1.]), lineColorSpace='rgb', lineWidth=1, name='polygon', opacity=1.0, ori=array(0.), pos=array([0., 0.]), size=array([1., 1.]), units='height', vertices=ndarray(...), win=Window(...), windingRule=None)
5.1815 	EXP 	Created polygon_3 = ShapeStim(__class__=<class 'psychopy.visual.shape.ShapeStim'>, autoDraw=False, autoLog=True, closeShape=True, contrast=1.0, depth=-7.0, fillColor=array([0., 0., 1.]), fillColorSpace='rgb', interpolate=True, lineColor=array([1., 1., 1.]), lineColorSpace='rgb', lineWidth=1, name='polygon_3', opacity=1.0, ori=array(0.), pos=array([0., 0.]), size=array([0.7, 0.7]), units='height', vertices=ndarray(...), win=Window(...), windingRule=None)
5.1862 	EXP 	Created displayPicture = ImageStim(__class__=<class 'psychopy.visual.image.ImageStim'>, autoLog=True, color=array([1., 1., 1.]), colorSpace='rgb', contrast=1.0, depth=-8.0, flipHoriz=False, flipVert=False, image='sin', interpolate=True, mask=None, maskParams=None, name='displayPicture', opacity=1.0, ori=0.0, pos=array([0., 0.]), size=array([0.25, 0.25]), texRes=128, units='height', win=Window(...))
5.1874 	EXP 	Created polygon_2 = Rect(__class__=<class 'psychopy.visual.rect.Rect'>, autoDraw=False, autoLog=True, closeShape=True, color=method-wrapper(...), colorSpace=None, contrast=1.0, depth=-9.0, fillColor=array([1., 1., 1.]), fillColorSpace='rgb', fillRGB=array([1., 1., 1.]), interpolate=True, lineColor=array([1., 1., 1.]), lineColorSpace='rgb', lineRGB=array([1., 1., 1.]), lineWidth=0, name='polygon_2', opacity=1.0, ori=array(0.), pos=array([0., 0.]), size=array([0.25, 0.25]), units='height', vertices=ndarray(...), win=Window(...))
5.1902 	EXP 	Created option4_t1 = ImageStim(__class__=<class 'psychopy.visual.image.ImageStim'>, autoLog=True, color=array([1., 1., 1.]), colorSpace='rgb', contrast=1.0, depth=-1.0, flipHoriz=False, flipVert=False, image='sin', interpolate=True, mask=None, maskParams=None, name='option4_t1', opacity=1.0, ori=0.0, pos=array([ 0. , -0.3]), size=array([0.25, 0.25]), texRes=128, units='height', win=Window(...))
5.1928 	EXP 	Created option1_t1 = ImageStim(__class__=<class 'psychopy.visual.image.ImageStim'>, autoLog=True, color=array([1., 1., 1.]), colorSpace='rgb', contrast=1.0, depth=-2.0, flipHoriz=False, flipVert=False, image='sin', interpolate=True, mask=None, maskParams=None, name='option1_t1', opacity=1.0, ori=0.0, pos=array([-0.3,  0. ]), size=array([0.25, 0.25]), texRes=128, units='height', win=Window(...))
5.1954 	EXP 	Created option2_t1 = ImageStim(__class__=<class 'psychopy.visual.image.ImageStim'>, autoLog=True, color=array([1., 1., 1.]), colorSpace='rgb', contrast=1.0, depth=-3.0, flipHoriz=False, flipVert=False, image='sin', interpolate=True, mask=None, maskParams=None, name='option2_t1', opacity=1.0, ori=0.0, pos=array([0. , 0.3]), size=array([0.25, 0.25]), texRes=128, units='height', win=Window(...))
5.1980 	EXP 	Created option3_t1 = ImageStim(__class__=<class 'psychopy.visual.image.ImageStim'>, autoLog=True, color=array([1., 1., 1.]), colorSpace='rgb', contrast=1.0, depth=-4.0, flipHoriz=False, flipVert=False, image='sin', interpolate=True, mask=None, maskParams=None, name='option3_t1', opacity=1.0, ori=0.0, pos=array([0.3, 0. ]), size=array([0.25, 0.25]), texRes=128, units='height', win=Window(...))
5.2006 	EXP 	Created option1_t2 = ImageStim(__class__=<class 'psychopy.visual.image.ImageStim'>, autoLog=True, color=array([1., 1., 1.]), colorSpace='rgb', contrast=1.0, depth=-1.0, flipHoriz=False, flipVert=False, image='sin', interpolate=True, mask=None, maskParams=None, name='option1_t2', opacity=1.0, ori=0.0, pos=array([-0.3,  0. ]), size=array([0.25, 0.25]), texRes=128, units='height', win=Window(...))
5.2031 	EXP 	Created option2_t2 = ImageStim(__class__=<class 'psychopy.visual.image.ImageStim'>, autoLog=True, color=array([1., 1., 1.]), colorSpace='rgb', contrast=1.0, depth=-2.0, flipHoriz=False, flipVert=False, image='sin', interpolate=True, mask=None, maskParams=None, name='option2_t2', opacity=1.0, ori=0.0, pos=array([0. , 0.3]), size=array([0.25, 0.25]), texRes=128, units='height', win=Window(...))
5.2055 	EXP 	Created option3_t2 = ImageStim(__class__=<class 'psychopy.visual.image.ImageStim'>, autoLog=True, color=array([1., 1., 1.]), colorSpace='rgb', contrast=1.0, depth=-3.0, flipHoriz=False, flipVert=False, image='sin', interpolate=True, mask=None, maskParams=None, name='option3_t2', opacity=1.0, ori=0.0, pos=array([0.3, 0. ]), size=array([0.25, 0.25]), texRes=128, units='height', win=Window(...))
5.2514 	EXP 	Created text = TextStim(__class__=<class 'psychopy.visual.text.TextStim'>, alignHoriz=method-wrapper(...), alignText='center', alignVert=method-wrapper(...), anchorHoriz='center', anchorVert='center', antialias=True, autoLog=True, bold=False, color='white', colorSpace='named', contrast=1.0, depth=-3.0, flipHoriz=False, flipVert=False, font='Arial', fontFiles=[], height=0.1, italic=False, languageStyle='LTR', name='text', opacity=1.0, ori=0, pos=array([0., 0.]), rgb=array([255., 255., 255.]), text='default text', units='height', win=Window(...), wrapWidth=1)
5.2897 	EXP 	Imported conditionAB.xlsx as conditions, 160 conditions, 7 params
5.2903 	EXP 	Created sequence: random, trialTypes=160, nReps=1, seed=None
5.2906 	EXP 	New trial (rep=0, index=0): OrderedDict([('trialType', 'AB'), ('cndTyp', 'lag4'), ('lag', 4), ('T1_loc', 4), ('T2_loc', 8), ('stimLen', 0.2), ('isi', 0.05)])
5.3941 	EXP 	polygon: autoDraw = True
5.3941 	EXP 	polygon: opacity = 0.0
5.3941 	EXP 	polygon_3: autoDraw = True
5.3941 	EXP 	polygon_3: opacity = 0.0
5.3941 	EXP 	displayPicture: autoDraw = True
5.3941 	EXP 	displayPicture: image = 'C:\\Users\\Employee\\Google Drive\\UP\\MyResearch\\TaskProgramming\\AB_pic\\resources\\scorpion.jpg'
5.3941 	EXP 	polygon_2: autoDraw = True
5.3941 	EXP 	polygon_2: opacity = 0.0
5.3941 	EXP 	polygon_2: fillColor = '[1. 1. 1.] (rgb)'
5.4208 	EXP 	polygon: opacity = 0.0
5.4208 	EXP 	polygon_3: opacity = 0.0
5.4208 	EXP 	displayPicture: image = 'C:\\Users\\Employee\\Google Drive\\UP\\MyResearch\\TaskProgramming\\AB_pic\\resources\\scorpion.jpg'
5.4208 	EXP 	polygon_2: opacity = 0.0
5.4208 	EXP 	polygon_2: fillColor = '[1. 1. 1.] (rgb)'
5.4374 	EXP 	polygon: opacity = 0.0
5.4374 	EXP 	polygon_3: opacity = 0.0
5.4374 	EXP 	displayPicture: image = 'C:\\Users\\Employee\\Google Drive\\UP\\MyResearch\\TaskProgramming\\AB_pic\\resources\\scorpion.jpg'
5.4374 	EXP 	polygon_2: opacity = 0.0
5.4374 	EXP 	polygon_2: fillColor = '[1. 1. 1.] (rgb)'
5.4541 	EXP 	polygon: opacity = 0.0
5.4541 	EXP 	polygon_3: opacity = 0.0
5.4541 	EXP 	displayPicture: image = 'C:\\Users\\Employee\\Google Drive\\UP\\MyResearch\\TaskProgramming\\AB_pic\\resources\\scorpion.jpg'
5.4541 	EXP 	polygon_2: opacity = 0.0
5.4541 	EXP 	polygon_2: fillColor = '[1. 1. 1.] (rgb)'
5.4707 	EXP 	polygon: opacity = 0.0
5.4707 	EXP 	polygon_3: opacity = 0.0
5.4707 	EXP 	displayPicture: image = 'C:\\Users\\Employee\\Google Drive\\UP\\MyResearch\\TaskProgramming\\AB_pic\\resources\\scorpion.jpg'
5.4707 	EXP 	polygon_2: opacity = 0.0
5.4707 	EXP 	polygon_2: fillColor = '[1. 1. 1.] (rgb)'
5.4875 	EXP 	polygon: opacity = 0.0
5.4875 	EXP 	polygon_3: opacity = 0.0
5.4875 	EXP 	displayPicture: image = 'C:\\Users\\Employee\\Google Drive\\UP\\MyResearch\\TaskProgramming\\AB_pic\\resources\\scorpion.jpg'
5.4875 	EXP 	polygon_2: opacity = 0.0
5.4875 	EXP 	polygon_2: fillColor = '[1. 1. 1.] (rgb)'
5.5041 	EXP 	polygon: opacity = 0.0
5.5041 	EXP 	polygon_3: opacity = 0.0
5.5041 	EXP 	displayPicture: image = 'C:\\Users\\Employee\\Google Drive\\UP\\MyResearch\\TaskProgramming\\AB_pic\\resources\\scorpion.jpg'
5.5041 	EXP 	polygon_2: opacity = 1.0
5.5041 	EXP 	polygon_2: fillColor = '[1. 1. 1.] (rgb)'
5.5375 	EXP 	polygon: opacity = 0.0
5.5375 	EXP 	polygon_3: opacity = 0.0
5.5375 	EXP 	displayPicture: image = 'C:\\Users\\Employee\\Google Drive\\UP\\MyResearch\\TaskProgramming\\AB_pic\\resources\\scorpion.jpg'
5.5375 	EXP 	polygon_2: opacity = 1.0
5.5375 	EXP 	polygon_2: fillColor = '[1. 1. 1.] (rgb)'
5.5541 	EXP 	polygon: opacity = 0.0
5.5541 	EXP 	polygon_3: opacity = 0.0
5.5541 	EXP 	displayPicture: image = 'C:\\Users\\Employee\\Google Drive\\UP\\MyResearch\\TaskProgramming\\AB_pic\\resources\\car.jpg'
5.5541 	EXP 	polygon_2: opacity = 0.0
5.5541 	EXP 	polygon_2: fillColor = '[1. 1. 1.] (rgb)'
5.5709 	EXP 	polygon: opacity = 0.0
5.5709 	EXP 	polygon_3: opacity = 0.0
5.5709 	EXP 	displayPicture: image = 'C:\\Users\\Employee\\Google Drive\\UP\\MyResearch\\TaskProgramming\\AB_pic\\resources\\car.jpg'
5.5709 	EXP 	polygon_2: opacity = 0.0
5.5709 	EXP 	polygon_2: fillColor = '[1. 1. 1.] (rgb)'
5.5875 	EXP 	polygon: opacity = 0.0
5.5875 	EXP 	polygon_3: opacity = 0.0
5.5875 	EXP 	displayPicture: image = 'C:\\Users\\Employee\\Google Drive\\UP\\MyResearch\\TaskProgramming\\AB_pic\\resources\\car.jpg'
5.5875 	EXP 	polygon_2: opacity = 0.0
5.5875 	EXP 	polygon_2: fillColor = '[1. 1. 1.] (rgb)'
5.6037 	EXP 	polygon: opacity = 0.0
5.6037 	EXP 	polygon_3: opacity = 0.0
5.6037 	EXP 	displayPicture: image = 'C:\\Users\\Employee\\Google Drive\\UP\\MyResearch\\TaskProgramming\\AB_pic\\resources\\car.jpg'
5.6037 	EXP 	polygon_2: opacity = 0.0
5.6037 	EXP 	polygon_2: fillColor = '[1. 1. 1.] (rgb)'
5.6208 	EXP 	polygon: opacity = 0.0
5.6208 	EXP 	polygon_3: opacity = 0.0
5.6208 	EXP 	displayPicture: image = 'C:\\Users\\Employee\\Google Drive\\UP\\MyResearch\\TaskProgramming\\AB_pic\\resources\\car.jpg'
5.6208 	EXP 	polygon_2: opacity = 0.0
5.6208 	EXP 	polygon_2: fillColor = '[1. 1. 1.] (rgb)'
5.6375 	EXP 	polygon: opacity = 0.0
5.6375 	EXP 	polygon_3: opacity = 0.0
5.6375 	EXP 	displayPicture: image = 'C:\\Users\\Employee\\Google Drive\\UP\\MyResearch\\TaskProgramming\\AB_pic\\resources\\car.jpg'
5.6375 	EXP 	polygon_2: opacity = 0.0
5.6375 	EXP 	polygon_2: fillColor = '[1. 1. 1.] (rgb)'
5.6537 	EXP 	polygon: opacity = 0.0
5.6537 	EXP 	polygon_3: opacity = 0.0
5.6537 	EXP 	displayPicture: image = 'C:\\Users\\Employee\\Google Drive\\UP\\MyResearch\\TaskProgramming\\AB_pic\\resources\\car.jpg'
5.6537 	EXP 	polygon_2: opacity = 0.0
5.6537 	EXP 	polygon_2: fillColor = '[1. 1. 1.] (rgb)'
5.6707 	EXP 	polygon: opacity = 0.0
5.6707 	EXP 	polygon_3: opacity = 0.0
5.6707 	EXP 	displayPicture: image = 'C:\\Users\\Employee\\Google Drive\\UP\\MyResearch\\TaskProgramming\\AB_pic\\resources\\car.jpg'
5.6707 	EXP 	polygon_2: opacity = 0.0
5.6707 	EXP 	polygon_2: fillColor = '[1. 1. 1.] (rgb)'
5.6875 	EXP 	polygon: opacity = 0.0
5.6875 	EXP 	polygon_3: opacity = 0.0
5.6875 	EXP 	displayPicture: image = 'C:\\Users\\Employee\\Google Drive\\UP\\MyResearch\\TaskProgramming\\AB_pic\\resources\\car.jpg'
5.6875 	EXP 	polygon_2: opacity = 0.0
5.6875 	EXP 	polygon_2: fillColor = '[1. 1. 1.] (rgb)'
5.7037 	EXP 	polygon: opacity = 0.0
5.7037 	EXP 	polygon_3: opacity = 0.0
5.7037 	EXP 	displayPicture: image = 'C:\\Users\\Employee\\Google Drive\\UP\\MyResearch\\TaskProgramming\\AB_pic\\resources\\car.jpg'
5.7037 	EXP 	polygon_2: opacity = 0.0
5.7037 	EXP 	polygon_2: fillColor = '[1. 1. 1.] (rgb)'
5.7207 	EXP 	polygon: opacity = 0.0
5.7207 	EXP 	polygon_3: opacity = 0.0
5.7207 	EXP 	displayPicture: image = 'C:\\Users\\Employee\\Google Drive\\UP\\MyResearch\\TaskProgramming\\AB_pic\\resources\\car.jpg'
5.7207 	EXP 	polygon_2: opacity = 0.0
5.7207 	EXP 	polygon_2: fillColor = '[1. 1. 1.] (rgb)'
5.7376 	EXP 	polygon: opacity = 0.0
5.7376 	EXP 	polygon_3: opacity = 0.0
5.7376 	EXP 	displayPicture: image = 'C:\\Users\\Employee\\Google Drive\\UP\\MyResearch\\TaskProgramming\\AB_pic\\resources\\car.jpg'
5.7376 	EXP 	polygon_2: opacity = 0.0
5.7376 	EXP 	polygon_2: fillColor = '[1. 1. 1.] (rgb)'
5.7541 	EXP 	polygon: opacity = 0.0
5.7541 	EXP 	polygon_3: opacity = 0.0
5.7541 	EXP 	displayPicture: image = 'C:\\Users\\Employee\\Google Drive\\UP\\MyResearch\\TaskProgramming\\AB_pic\\resources\\car.jpg'
5.7541 	EXP 	polygon_2: opacity = 1.0
5.7541 	EXP 	polygon_2: fillColor = '[1. 1. 1.] (rgb)'
5.7874 	EXP 	polygon: opacity = 0.0
5.7874 	EXP 	polygon_3: opacity = 0.0
5.7874 	EXP 	displayPicture: image = 'C:\\Users\\Employee\\Google Drive\\UP\\MyResearch\\TaskProgramming\\AB_pic\\resources\\car.jpg'
5.7874 	EXP 	polygon_2: opacity = 1.0
5.7874 	EXP 	polygon_2: fillColor = '[1. 1. 1.] (rgb)'
5.8041 	EXP 	polygon: opacity = 0.0
5.8041 	EXP 	polygon_3: opacity = 0.0
5.8041 	EXP 	displayPicture: image = 'C:\\Users\\Employee\\Google Drive\\UP\\MyResearch\\TaskProgramming\\AB_pic\\resources\\granolabar01.jpg'
5.8041 	EXP 	polygon_2: opacity = 0.0
5.8041 	EXP 	polygon_2: fillColor = '[1. 1. 1.] (rgb)'
5.8374 	EXP 	polygon: opacity = 0.0
5.8374 	EXP 	polygon_3: opacity = 0.0
5.8374 	EXP 	displayPicture: image = 'C:\\Users\\Employee\\Google Drive\\UP\\MyResearch\\TaskProgramming\\AB_pic\\resources\\granolabar01.jpg'
5.8374 	EXP 	polygon_2: opacity = 0.0
5.8374 	EXP 	polygon_2: fillColor = '[1. 1. 1.] (rgb)'
5.8541 	EXP 	polygon: opacity = 0.0
5.8541 	EXP 	polygon_3: opacity = 0.0
5.8541 	EXP 	displayPicture: image = 'C:\\Users\\Employee\\Google Drive\\UP\\MyResearch\\TaskProgramming\\AB_pic\\resources\\granolabar01.jpg'
5.8541 	EXP 	polygon_2: opacity = 0.0
5.8541 	EXP 	polygon_2: fillColor = '[1. 1. 1.] (rgb)'
5.8710 	EXP 	polygon: opacity = 0.0
5.8710 	EXP 	polygon_3: opacity = 0.0
5.8710 	EXP 	displayPicture: image = 'C:\\Users\\Employee\\Google Drive\\UP\\MyResearch\\TaskProgramming\\AB_pic\\resources\\granolabar01.jpg'
5.8710 	EXP 	polygon_2: opacity = 0.0
5.8710 	EXP 	polygon_2: fillColor = '[1. 1. 1.] (rgb)'
5.8874 	EXP 	polygon: opacity = 0.0
5.8874 	EXP 	polygon_3: opacity = 0.0
5.8874 	EXP 	displayPicture: image = 'C:\\Users\\Employee\\Google Drive\\UP\\MyResearch\\TaskProgramming\\AB_pic\\resources\\granolabar01.jpg'
5.8874 	EXP 	polygon_2: opacity = 0.0
5.8874 	EXP 	polygon_2: fillColor = '[1. 1. 1.] (rgb)'
5.9041 	EXP 	polygon: opacity = 0.0
5.9041 	EXP 	polygon_3: opacity = 0.0
5.9041 	EXP 	displayPicture: image = 'C:\\Users\\Employee\\Google Drive\\UP\\MyResearch\\TaskProgramming\\AB_pic\\resources\\granolabar01.jpg'
5.9041 	EXP 	polygon_2: opacity = 0.0
5.9041 	EXP 	polygon_2: fillColor = '[1. 1. 1.] (rgb)'
5.9207 	EXP 	polygon: opacity = 0.0
5.9207 	EXP 	polygon_3: opacity = 0.0
5.9207 	EXP 	displayPicture: image = 'C:\\Users\\Employee\\Google Drive\\UP\\MyResearch\\TaskProgramming\\AB_pic\\resources\\granolabar01.jpg'
5.9207 	EXP 	polygon_2: opacity = 0.0
5.9207 	EXP 	polygon_2: fillColor = '[1. 1. 1.] (rgb)'
5.9374 	EXP 	polygon: opacity = 0.0
5.9374 	EXP 	polygon_3: opacity = 0.0
5.9374 	EXP 	displayPicture: image = 'C:\\Users\\Employee\\Google Drive\\UP\\MyResearch\\TaskProgramming\\AB_pic\\resources\\granolabar01.jpg'
5.9374 	EXP 	polygon_2: opacity = 0.0
5.9374 	EXP 	polygon_2: fillColor = '[1. 1. 1.] (rgb)'
5.9541 	EXP 	polygon: opacity = 0.0
5.9541 	EXP 	polygon_3: opacity = 0.0
5.9541 	EXP 	displayPicture: image = 'C:\\Users\\Employee\\Google Drive\\UP\\MyResearch\\TaskProgramming\\AB_pic\\resources\\granolabar01.jpg'
5.9541 	EXP 	polygon_2: opacity = 0.0
5.9541 	EXP 	polygon_2: fillColor = '[1. 1. 1.] (rgb)'
5.9707 	EXP 	polygon: opacity = 0.0
5.9707 	EXP 	polygon_3: opacity = 0.0
5.9707 	EXP 	displayPicture: image = 'C:\\Users\\Employee\\Google Drive\\UP\\MyResearch\\TaskProgramming\\AB_pic\\resources\\granolabar01.jpg'
5.9707 	EXP 	polygon_2: opacity = 0.0
5.9707 	EXP 	polygon_2: fillColor = '[1. 1. 1.] (rgb)'
5.9874 	EXP 	polygon: opacity = 0.0
5.9874 	EXP 	polygon_3: opacity = 0.0
5.9874 	EXP 	displayPicture: image = 'C:\\Users\\Employee\\Google Drive\\UP\\MyResearch\\TaskProgramming\\AB_pic\\resources\\granolabar01.jpg'
5.9874 	EXP 	polygon_2: opacity = 0.0
5.9874 	EXP 	polygon_2: fillColor = '[1. 1. 1.] (rgb)'
6.0041 	EXP 	polygon: opacity = 0.0
6.0041 	EXP 	polygon_3: opacity = 0.0
6.0041 	EXP 	displayPicture: image = 'C:\\Users\\Employee\\Google Drive\\UP\\MyResearch\\TaskProgramming\\AB_pic\\resources\\granolabar01.jpg'
6.0041 	EXP 	polygon_2: opacity = 1.0
6.0041 	EXP 	polygon_2: fillColor = '[1. 1. 1.] (rgb)'
6.0207 	EXP 	polygon: opacity = 0.0
6.0207 	EXP 	polygon_3: opacity = 0.0
6.0207 	EXP 	displayPicture: image = 'C:\\Users\\Employee\\Google Drive\\UP\\MyResearch\\TaskProgramming\\AB_pic\\resources\\granolabar01.jpg'
6.0207 	EXP 	polygon_2: opacity = 1.0
6.0207 	EXP 	polygon_2: fillColor = '[1. 1. 1.] (rgb)'
6.0374 	EXP 	polygon: opacity = 0.0
6.0374 	EXP 	polygon_3: opacity = 0.0
6.0374 	EXP 	displayPicture: image = 'C:\\Users\\Employee\\Google Drive\\UP\\MyResearch\\TaskProgramming\\AB_pic\\resources\\granolabar01.jpg'
6.0374 	EXP 	polygon_2: opacity = 1.0
6.0374 	EXP 	polygon_2: fillColor = '[1. 1. 1.] (rgb)'
6.0541 	EXP 	polygon: opacity = 1.0
6.0541 	EXP 	polygon_3: opacity = 0.0
6.0541 	EXP 	displayPicture: image = 'C:\\Users\\Employee\\Google Drive\\UP\\MyResearch\\TaskProgramming\\AB_pic\\resources\\bullet.jpg'
6.0541 	EXP 	polygon_2: opacity = 0.0
6.0541 	EXP 	polygon_2: fillColor = '[1. 1. 1.] (rgb)'
6.0709 	EXP 	polygon: opacity = 1.0
6.0709 	EXP 	polygon_3: opacity = 0.0
6.0709 	EXP 	displayPicture: image = 'C:\\Users\\Employee\\Google Drive\\UP\\MyResearch\\TaskProgramming\\AB_pic\\resources\\bullet.jpg'
6.0709 	EXP 	polygon_2: opacity = 0.0
6.0709 	EXP 	polygon_2: fillColor = '[1. 1. 1.] (rgb)'
6.0874 	EXP 	polygon: opacity = 1.0
6.0874 	EXP 	polygon_3: opacity = 0.0
6.0874 	EXP 	displayPicture: image = 'C:\\Users\\Employee\\Google Drive\\UP\\MyResearch\\TaskProgramming\\AB_pic\\resources\\bullet.jpg'
6.0874 	EXP 	polygon_2: opacity = 0.0
6.0874 	EXP 	polygon_2: fillColor = '[1. 1. 1.] (rgb)'
6.1040 	EXP 	polygon: opacity = 1.0
6.1040 	EXP 	polygon_3: opacity = 0.0
6.1040 	EXP 	displayPicture: image = 'C:\\Users\\Employee\\Google Drive\\UP\\MyResearch\\TaskProgramming\\AB_pic\\resources\\bullet.jpg'
6.1040 	EXP 	polygon_2: opacity = 0.0
6.1040 	EXP 	polygon_2: fillColor = '[1. 1. 1.] (rgb)'
6.1374 	EXP 	polygon: opacity = 1.0
6.1374 	EXP 	polygon_3: opacity = 0.0
6.1374 	EXP 	displayPicture: image = 'C:\\Users\\Employee\\Google Drive\\UP\\MyResearch\\TaskProgramming\\AB_pic\\resources\\bullet.jpg'
6.1374 	EXP 	polygon_2: opacity = 0.0
6.1374 	EXP 	polygon_2: fillColor = '[1. 1. 1.] (rgb)'
6.1541 	EXP 	polygon: opacity = 1.0
6.1541 	EXP 	polygon_3: opacity = 0.0
6.1541 	EXP 	displayPicture: image = 'C:\\Users\\Employee\\Google Drive\\UP\\MyResearch\\TaskProgramming\\AB_pic\\resources\\bullet.jpg'
6.1541 	EXP 	polygon_2: opacity = 0.0
6.1541 	EXP 	polygon_2: fillColor = '[1. 1. 1.] (rgb)'
6.1708 	EXP 	polygon: opacity = 1.0
6.1708 	EXP 	polygon_3: opacity = 0.0
6.1708 	EXP 	displayPicture: image = 'C:\\Users\\Employee\\Google Drive\\UP\\MyResearch\\TaskProgramming\\AB_pic\\resources\\bullet.jpg'
6.1708 	EXP 	polygon_2: opacity = 0.0
6.1708 	EXP 	polygon_2: fillColor = '[1. 1. 1.] (rgb)'
6.2041 	EXP 	polygon: opacity = 1.0
6.2041 	EXP 	polygon_3: opacity = 0.0
6.2041 	EXP 	displayPicture: image = 'C:\\Users\\Employee\\Google Drive\\UP\\MyResearch\\TaskProgramming\\AB_pic\\resources\\bullet.jpg'
6.2041 	EXP 	polygon_2: opacity = 0.0
6.2041 	EXP 	polygon_2: fillColor = '[1. 1. 1.] (rgb)'
6.2204 	EXP 	polygon: opacity = 1.0
6.2204 	EXP 	polygon_3: opacity = 0.0
6.2204 	EXP 	displayPicture: image = 'C:\\Users\\Employee\\Google Drive\\UP\\MyResearch\\TaskProgramming\\AB_pic\\resources\\bullet.jpg'
6.2204 	EXP 	polygon_2: opacity = 0.0
6.2204 	EXP 	polygon_2: fillColor = '[1. 1. 1.] (rgb)'
6.2374 	EXP 	polygon: opacity = 1.0
6.2374 	EXP 	polygon_3: opacity = 0.0
6.2374 	EXP 	displayPicture: image = 'C:\\Users\\Employee\\Google Drive\\UP\\MyResearch\\TaskProgramming\\AB_pic\\resources\\bullet.jpg'
6.2374 	EXP 	polygon_2: opacity = 0.0
6.2374 	EXP 	polygon_2: fillColor = '[1. 1. 1.] (rgb)'
6.2540 	EXP 	polygon: opacity = 1.0
6.2540 	EXP 	polygon_3: opacity = 0.0
6.2540 	EXP 	displayPicture: image = 'C:\\Users\\Employee\\Google Drive\\UP\\MyResearch\\TaskProgramming\\AB_pic\\resources\\bullet.jpg'
6.2540 	EXP 	polygon_2: opacity = 1.0
6.2540 	EXP 	polygon_2: fillColor = '[1. 1. 1.] (rgb)'
6.2707 	EXP 	polygon: opacity = 1.0
6.2707 	EXP 	polygon_3: opacity = 0.0
6.2707 	EXP 	displayPicture: image = 'C:\\Users\\Employee\\Google Drive\\UP\\MyResearch\\TaskProgramming\\AB_pic\\resources\\bullet.jpg'
6.2707 	EXP 	polygon_2: opacity = 1.0
6.2707 	EXP 	polygon_2: fillColor = '[1. 1. 1.] (rgb)'
6.2874 	EXP 	polygon: opacity = 1.0
6.2874 	EXP 	polygon_3: opacity = 0.0
6.2874 	EXP 	displayPicture: image = 'C:\\Users\\Employee\\Google Drive\\UP\\MyResearch\\TaskProgramming\\AB_pic\\resources\\bullet.jpg'
6.2874 	EXP 	polygon_2: opacity = 1.0
6.2874 	EXP 	polygon_2: fillColor = '[1. 1. 1.] (rgb)'
6.3041 	EXP 	polygon: opacity = 0.0
6.3041 	EXP 	polygon_3: opacity = 0.0
6.3041 	EXP 	displayPicture: image = 'C:\\Users\\Employee\\Google Drive\\UP\\MyResearch\\TaskProgramming\\AB_pic\\resources\\trampoline.jpg'
6.3041 	EXP 	polygon_2: opacity = 0.0
6.3041 	EXP 	polygon_2: fillColor = '[1. 1. 1.] (rgb)'
6.3207 	EXP 	polygon: opacity = 0.0
6.3207 	EXP 	polygon_3: opacity = 0.0
6.3207 	EXP 	displayPicture: image = 'C:\\Users\\Employee\\Google Drive\\UP\\MyResearch\\TaskProgramming\\AB_pic\\resources\\trampoline.jpg'
6.3207 	EXP 	polygon_2: opacity = 0.0
6.3207 	EXP 	polygon_2: fillColor = '[1. 1. 1.] (rgb)'
6.3374 	EXP 	polygon: opacity = 0.0
6.3374 	EXP 	polygon_3: opacity = 0.0
6.3374 	EXP 	displayPicture: image = 'C:\\Users\\Employee\\Google Drive\\UP\\MyResearch\\TaskProgramming\\AB_pic\\resources\\trampoline.jpg'
6.3374 	EXP 	polygon_2: opacity = 0.0
6.3374 	EXP 	polygon_2: fillColor = '[1. 1. 1.] (rgb)'
6.3541 	EXP 	polygon: opacity = 0.0
6.3541 	EXP 	polygon_3: opacity = 0.0
6.3541 	EXP 	displayPicture: image = 'C:\\Users\\Employee\\Google Drive\\UP\\MyResearch\\TaskProgramming\\AB_pic\\resources\\trampoline.jpg'
6.3541 	EXP 	polygon_2: opacity = 0.0
6.3541 	EXP 	polygon_2: fillColor = '[1. 1. 1.] (rgb)'
6.3709 	EXP 	polygon: opacity = 0.0
6.3709 	EXP 	polygon_3: opacity = 0.0
6.3709 	EXP 	displayPicture: image = 'C:\\Users\\Employee\\Google Drive\\UP\\MyResearch\\TaskProgramming\\AB_pic\\resources\\trampoline.jpg'
6.3709 	EXP 	polygon_2: opacity = 0.0
6.3709 	EXP 	polygon_2: fillColor = '[1. 1. 1.] (rgb)'
6.3870 	EXP 	polygon: opacity = 0.0
6.3870 	EXP 	polygon_3: opacity = 0.0
6.3870 	EXP 	displayPicture: image = 'C:\\Users\\Employee\\Google Drive\\UP\\MyResearch\\TaskProgramming\\AB_pic\\resources\\trampoline.jpg'
6.3870 	EXP 	polygon_2: opacity = 0.0
6.3870 	EXP 	polygon_2: fillColor = '[1. 1. 1.] (rgb)'
6.4041 	EXP 	polygon: opacity = 0.0
6.4041 	EXP 	polygon_3: opacity = 0.0
6.4041 	EXP 	displayPicture: image = 'C:\\Users\\Employee\\Google Drive\\UP\\MyResearch\\TaskProgramming\\AB_pic\\resources\\trampoline.jpg'
6.4041 	EXP 	polygon_2: opacity = 0.0
6.4041 	EXP 	polygon_2: fillColor = '[1. 1. 1.] (rgb)'
6.4207 	EXP 	polygon: opacity = 0.0
6.4207 	EXP 	polygon_3: opacity = 0.0
6.4207 	EXP 	displayPicture: image = 'C:\\Users\\Employee\\Google Drive\\UP\\MyResearch\\TaskProgramming\\AB_pic\\resources\\trampoline.jpg'
6.4207 	EXP 	polygon_2: opacity = 0.0
6.4207 	EXP 	polygon_2: fillColor = '[1. 1. 1.] (rgb)'
6.4374 	EXP 	polygon: opacity = 0.0
6.4374 	EXP 	polygon_3: opacity = 0.0
6.4374 	EXP 	displayPicture: image = 'C:\\Users\\Employee\\Google Drive\\UP\\MyResearch\\TaskProgramming\\AB_pic\\resources\\trampoline.jpg'
6.4374 	EXP 	polygon_2: opacity = 0.0
6.4374 	EXP 	polygon_2: fillColor = '[1. 1. 1.] (rgb)'
6.4541 	EXP 	polygon: opacity = 0.0
6.4541 	EXP 	polygon_3: opacity = 0.0
6.4541 	EXP 	displayPicture: image = 'C:\\Users\\Employee\\Google Drive\\UP\\MyResearch\\TaskProgramming\\AB_pic\\resources\\trampoline.jpg'
6.4541 	EXP 	polygon_2: opacity = 0.0
6.4541 	EXP 	polygon_2: fillColor = '[1. 1. 1.] (rgb)'
6.4707 	EXP 	polygon: opacity = 0.0
6.4707 	EXP 	polygon_3: opacity = 0.0
6.4707 	EXP 	displayPicture: image = 'C:\\Users\\Employee\\Google Drive\\UP\\MyResearch\\TaskProgramming\\AB_pic\\resources\\trampoline.jpg'
6.4707 	EXP 	polygon_2: opacity = 0.0
6.4707 	EXP 	polygon_2: fillColor = '[1. 1. 1.] (rgb)'
6.4873 	EXP 	polygon: opacity = 0.0
6.4873 	EXP 	polygon_3: opacity = 0.0
6.4873 	EXP 	displayPicture: image = 'C:\\Users\\Employee\\Google Drive\\UP\\MyResearch\\TaskProgramming\\AB_pic\\resources\\trampoline.jpg'
6.4873 	EXP 	polygon_2: opacity = 0.0
6.4873 	EXP 	polygon_2: fillColor = '[1. 1. 1.] (rgb)'
6.5040 	EXP 	polygon: opacity = 0.0
6.5040 	EXP 	polygon_3: opacity = 0.0
6.5040 	EXP 	displayPicture: image = 'C:\\Users\\Employee\\Google Drive\\UP\\MyResearch\\TaskProgramming\\AB_pic\\resources\\trampoline.jpg'
6.5040 	EXP 	polygon_2: opacity = 1.0
6.5040 	EXP 	polygon_2: fillColor = '[1. 1. 1.] (rgb)'
6.5207 	EXP 	polygon: opacity = 0.0
6.5207 	EXP 	polygon_3: opacity = 0.0
6.5207 	EXP 	displayPicture: image = 'C:\\Users\\Employee\\Google Drive\\UP\\MyResearch\\TaskProgramming\\AB_pic\\resources\\trampoline.jpg'
6.5207 	EXP 	polygon_2: opacity = 1.0
6.5207 	EXP 	polygon_2: fillColor = '[1. 1. 1.] (rgb)'
6.5373 	EXP 	polygon: opacity = 0.0
6.5373 	EXP 	polygon_3: opacity = 0.0
6.5373 	EXP 	displayPicture: image = 'C:\\Users\\Employee\\Google Drive\\UP\\MyResearch\\TaskProgramming\\AB_pic\\resources\\trampoline.jpg'
6.5373 	EXP 	polygon_2: opacity = 1.0
6.5373 	EXP 	polygon_2: fillColor = '[1. 1. 1.] (rgb)'
6.5540 	EXP 	polygon: opacity = 0.0
6.5540 	EXP 	polygon_3: opacity = 0.0
6.5540 	EXP 	displayPicture: image = 'C:\\Users\\Employee\\Google Drive\\UP\\MyResearch\\TaskProgramming\\AB_pic\\resources\\mrpotatohead.jpg'
6.5540 	EXP 	polygon_2: opacity = 0.0
6.5540 	EXP 	polygon_2: fillColor = '[1. 1. 1.] (rgb)'
6.5707 	EXP 	polygon: opacity = 0.0
6.5707 	EXP 	polygon_3: opacity = 0.0
6.5707 	EXP 	displayPicture: image = 'C:\\Users\\Employee\\Google Drive\\UP\\MyResearch\\TaskProgramming\\AB_pic\\resources\\mrpotatohead.jpg'
6.5707 	EXP 	polygon_2: opacity = 0.0
6.5707 	EXP 	polygon_2: fillColor = '[1. 1. 1.] (rgb)'
6.5873 	EXP 	polygon: opacity = 0.0
6.5873 	EXP 	polygon_3: opacity = 0.0
6.5873 	EXP 	displayPicture: image = 'C:\\Users\\Employee\\Google Drive\\UP\\MyResearch\\TaskProgramming\\AB_pic\\resources\\mrpotatohead.jpg'
6.5873 	EXP 	polygon_2: opacity = 0.0
6.5873 	EXP 	polygon_2: fillColor = '[1. 1. 1.] (rgb)'
6.6040 	EXP 	polygon: opacity = 0.0
6.6040 	EXP 	polygon_3: opacity = 0.0
6.6040 	EXP 	displayPicture: image = 'C:\\Users\\Employee\\Google Drive\\UP\\MyResearch\\TaskProgramming\\AB_pic\\resources\\mrpotatohead.jpg'
6.6040 	EXP 	polygon_2: opacity = 0.0
6.6040 	EXP 	polygon_2: fillColor = '[1. 1. 1.] (rgb)'
6.6207 	EXP 	polygon: opacity = 0.0
6.6207 	EXP 	polygon_3: opacity = 0.0
6.6207 	EXP 	displayPicture: image = 'C:\\Users\\Employee\\Google Drive\\UP\\MyResearch\\TaskProgramming\\AB_pic\\resources\\mrpotatohead.jpg'
6.6207 	EXP 	polygon_2: opacity = 0.0
6.6207 	EXP 	polygon_2: fillColor = '[1. 1. 1.] (rgb)'
6.6373 	EXP 	polygon: opacity = 0.0
6.6373 	EXP 	polygon_3: opacity = 0.0
6.6373 	EXP 	displayPicture: image = 'C:\\Users\\Employee\\Google Drive\\UP\\MyResearch\\TaskProgramming\\AB_pic\\resources\\mrpotatohead.jpg'
6.6373 	EXP 	polygon_2: opacity = 0.0
6.6373 	EXP 	polygon_2: fillColor = '[1. 1. 1.] (rgb)'
6.6540 	EXP 	polygon: opacity = 0.0
6.6540 	EXP 	polygon_3: opacity = 0.0
6.6540 	EXP 	displayPicture: image = 'C:\\Users\\Employee\\Google Drive\\UP\\MyResearch\\TaskProgramming\\AB_pic\\resources\\mrpotatohead.jpg'
6.6540 	EXP 	polygon_2: opacity = 0.0
6.6540 	EXP 	polygon_2: fillColor = '[1. 1. 1.] (rgb)'
6.6707 	EXP 	polygon: opacity = 0.0
6.6707 	EXP 	polygon_3: opacity = 0.0
6.6707 	EXP 	displayPicture: image = 'C:\\Users\\Employee\\Google Drive\\UP\\MyResearch\\TaskProgramming\\AB_pic\\resources\\mrpotatohead.jpg'
6.6707 	EXP 	polygon_2: opacity = 0.0
6.6707 	EXP 	polygon_2: fillColor = '[1. 1. 1.] (rgb)'
6.6873 	EXP 	polygon: opacity = 0.0
6.6873 	EXP 	polygon_3: opacity = 0.0
6.6873 	EXP 	displayPicture: image = 'C:\\Users\\Employee\\Google Drive\\UP\\MyResearch\\TaskProgramming\\AB_pic\\resources\\mrpotatohead.jpg'
6.6873 	EXP 	polygon_2: opacity = 0.0
6.6873 	EXP 	polygon_2: fillColor = '[1. 1. 1.] (rgb)'
6.7040 	EXP 	polygon: opacity = 0.0
6.7040 	EXP 	polygon_3: opacity = 0.0
6.7040 	EXP 	displayPicture: image = 'C:\\Users\\Employee\\Google Drive\\UP\\MyResearch\\TaskProgramming\\AB_pic\\resources\\mrpotatohead.jpg'
6.7040 	EXP 	polygon_2: opacity = 0.0
6.7040 	EXP 	polygon_2: fillColor = '[1. 1. 1.] (rgb)'
6.7207 	EXP 	polygon: opacity = 0.0
6.7207 	EXP 	polygon_3: opacity = 0.0
6.7207 	EXP 	displayPicture: image = 'C:\\Users\\Employee\\Google Drive\\UP\\MyResearch\\TaskProgramming\\AB_pic\\resources\\mrpotatohead.jpg'
6.7207 	EXP 	polygon_2: opacity = 0.0
6.7207 	EXP 	polygon_2: fillColor = '[1. 1. 1.] (rgb)'
6.7373 	EXP 	polygon: opacity = 0.0
6.7373 	EXP 	polygon_3: opacity = 0.0
6.7373 	EXP 	displayPicture: image = 'C:\\Users\\Employee\\Google Drive\\UP\\MyResearch\\TaskProgramming\\AB_pic\\resources\\mrpotatohead.jpg'
6.7373 	EXP 	polygon_2: opacity = 0.0
6.7373 	EXP 	polygon_2: fillColor = '[1. 1. 1.] (rgb)'
6.7540 	EXP 	polygon: opacity = 0.0
6.7540 	EXP 	polygon_3: opacity = 0.0
6.7540 	EXP 	displayPicture: image = 'C:\\Users\\Employee\\Google Drive\\UP\\MyResearch\\TaskProgramming\\AB_pic\\resources\\mrpotatohead.jpg'
6.7540 	EXP 	polygon_2: opacity = 1.0
6.7540 	EXP 	polygon_2: fillColor = '[1. 1. 1.] (rgb)'
6.7707 	EXP 	polygon: opacity = 0.0
6.7707 	EXP 	polygon_3: opacity = 0.0
6.7707 	EXP 	displayPicture: image = 'C:\\Users\\Employee\\Google Drive\\UP\\MyResearch\\TaskProgramming\\AB_pic\\resources\\mrpotatohead.jpg'
6.7707 	EXP 	polygon_2: opacity = 1.0
6.7707 	EXP 	polygon_2: fillColor = '[1. 1. 1.] (rgb)'
6.7873 	EXP 	polygon: opacity = 0.0
6.7873 	EXP 	polygon_3: opacity = 0.0
6.7873 	EXP 	displayPicture: image = 'C:\\Users\\Employee\\Google Drive\\UP\\MyResearch\\TaskProgramming\\AB_pic\\resources\\mrpotatohead.jpg'
6.7873 	EXP 	polygon_2: opacity = 1.0
6.7873 	EXP 	polygon_2: fillColor = '[1. 1. 1.] (rgb)'
6.8040 	EXP 	polygon: opacity = 0.0
6.8040 	EXP 	polygon_3: opacity = 0.0
6.8040 	EXP 	displayPicture: image = 'C:\\Users\\Employee\\Google Drive\\UP\\MyResearch\\TaskProgramming\\AB_pic\\resources\\dolphin01.jpg'
6.8040 	EXP 	polygon_2: opacity = 0.0
6.8040 	EXP 	polygon_2: fillColor = '[1. 1. 1.] (rgb)'
6.8207 	EXP 	polygon: opacity = 0.0
6.8207 	EXP 	polygon_3: opacity = 0.0
6.8207 	EXP 	displayPicture: image = 'C:\\Users\\Employee\\Google Drive\\UP\\MyResearch\\TaskProgramming\\AB_pic\\resources\\dolphin01.jpg'
6.8207 	EXP 	polygon_2: opacity = 0.0
6.8207 	EXP 	polygon_2: fillColor = '[1. 1. 1.] (rgb)'
6.8373 	EXP 	polygon: opacity = 0.0
6.8373 	EXP 	polygon_3: opacity = 0.0
6.8373 	EXP 	displayPicture: image = 'C:\\Users\\Employee\\Google Drive\\UP\\MyResearch\\TaskProgramming\\AB_pic\\resources\\dolphin01.jpg'
6.8373 	EXP 	polygon_2: opacity = 0.0
6.8373 	EXP 	polygon_2: fillColor = '[1. 1. 1.] (rgb)'
6.8539 	EXP 	polygon: opacity = 0.0
6.8539 	EXP 	polygon_3: opacity = 0.0
6.8539 	EXP 	displayPicture: image = 'C:\\Users\\Employee\\Google Drive\\UP\\MyResearch\\TaskProgramming\\AB_pic\\resources\\dolphin01.jpg'
6.8539 	EXP 	polygon_2: opacity = 0.0
6.8539 	EXP 	polygon_2: fillColor = '[1. 1. 1.] (rgb)'
6.8707 	EXP 	polygon: opacity = 0.0
6.8707 	EXP 	polygon_3: opacity = 0.0
6.8707 	EXP 	displayPicture: image = 'C:\\Users\\Employee\\Google Drive\\UP\\MyResearch\\TaskProgramming\\AB_pic\\resources\\dolphin01.jpg'
6.8707 	EXP 	polygon_2: opacity = 0.0
6.8707 	EXP 	polygon_2: fillColor = '[1. 1. 1.] (rgb)'
6.8873 	EXP 	polygon: opacity = 0.0
6.8873 	EXP 	polygon_3: opacity = 0.0
6.8873 	EXP 	displayPicture: image = 'C:\\Users\\Employee\\Google Drive\\UP\\MyResearch\\TaskProgramming\\AB_pic\\resources\\dolphin01.jpg'
6.8873 	EXP 	polygon_2: opacity = 0.0
6.8873 	EXP 	polygon_2: fillColor = '[1. 1. 1.] (rgb)'
6.9040 	EXP 	polygon: opacity = 0.0
6.9040 	EXP 	polygon_3: opacity = 0.0
6.9040 	EXP 	displayPicture: image = 'C:\\Users\\Employee\\Google Drive\\UP\\MyResearch\\TaskProgramming\\AB_pic\\resources\\dolphin01.jpg'
6.9040 	EXP 	polygon_2: opacity = 0.0
6.9040 	EXP 	polygon_2: fillColor = '[1. 1. 1.] (rgb)'
6.9206 	EXP 	polygon: opacity = 0.0
6.9206 	EXP 	polygon_3: opacity = 0.0
6.9206 	EXP 	displayPicture: image = 'C:\\Users\\Employee\\Google Drive\\UP\\MyResearch\\TaskProgramming\\AB_pic\\resources\\dolphin01.jpg'
6.9206 	EXP 	polygon_2: opacity = 0.0
6.9206 	EXP 	polygon_2: fillColor = '[1. 1. 1.] (rgb)'
6.9373 	EXP 	polygon: opacity = 0.0
6.9373 	EXP 	polygon_3: opacity = 0.0
6.9373 	EXP 	displayPicture: image = 'C:\\Users\\Employee\\Google Drive\\UP\\MyResearch\\TaskProgramming\\AB_pic\\resources\\dolphin01.jpg'
6.9373 	EXP 	polygon_2: opacity = 0.0
6.9373 	EXP 	polygon_2: fillColor = '[1. 1. 1.] (rgb)'
6.9540 	EXP 	polygon: opacity = 0.0
6.9540 	EXP 	polygon_3: opacity = 0.0
6.9540 	EXP 	displayPicture: image = 'C:\\Users\\Employee\\Google Drive\\UP\\MyResearch\\TaskProgramming\\AB_pic\\resources\\dolphin01.jpg'
6.9540 	EXP 	polygon_2: opacity = 0.0
6.9540 	EXP 	polygon_2: fillColor = '[1. 1. 1.] (rgb)'
6.9706 	EXP 	polygon: opacity = 0.0
6.9706 	EXP 	polygon_3: opacity = 0.0
6.9706 	EXP 	displayPicture: image = 'C:\\Users\\Employee\\Google Drive\\UP\\MyResearch\\TaskProgramming\\AB_pic\\resources\\dolphin01.jpg'
6.9706 	EXP 	polygon_2: opacity = 0.0
6.9706 	EXP 	polygon_2: fillColor = '[1. 1. 1.] (rgb)'
6.9873 	EXP 	polygon: opacity = 0.0
6.9873 	EXP 	polygon_3: opacity = 0.0
6.9873 	EXP 	displayPicture: image = 'C:\\Users\\Employee\\Google Drive\\UP\\MyResearch\\TaskProgramming\\AB_pic\\resources\\dolphin01.jpg'
6.9873 	EXP 	polygon_2: opacity = 0.0
6.9873 	EXP 	polygon_2: fillColor = '[1. 1. 1.] (rgb)'
7.0040 	EXP 	polygon: opacity = 0.0
7.0040 	EXP 	polygon_3: opacity = 0.0
7.0040 	EXP 	displayPicture: image = 'C:\\Users\\Employee\\Google Drive\\UP\\MyResearch\\TaskProgramming\\AB_pic\\resources\\dolphin01.jpg'
7.0040 	EXP 	polygon_2: opacity = 1.0
7.0040 	EXP 	polygon_2: fillColor = '[1. 1. 1.] (rgb)'
7.0207 	EXP 	polygon: opacity = 0.0
7.0207 	EXP 	polygon_3: opacity = 0.0
7.0207 	EXP 	displayPicture: image = 'C:\\Users\\Employee\\Google Drive\\UP\\MyResearch\\TaskProgramming\\AB_pic\\resources\\dolphin01.jpg'
7.0207 	EXP 	polygon_2: opacity = 1.0
7.0207 	EXP 	polygon_2: fillColor = '[1. 1. 1.] (rgb)'
7.0374 	EXP 	polygon: opacity = 0.0
7.0374 	EXP 	polygon_3: opacity = 0.0
7.0374 	EXP 	displayPicture: image = 'C:\\Users\\Employee\\Google Drive\\UP\\MyResearch\\TaskProgramming\\AB_pic\\resources\\dolphin01.jpg'
7.0374 	EXP 	polygon_2: opacity = 1.0
7.0374 	EXP 	polygon_2: fillColor = '[1. 1. 1.] (rgb)'
7.0540 	EXP 	polygon: opacity = 0.0
7.0540 	EXP 	polygon_3: opacity = 1.0
7.0540 	EXP 	displayPicture: image = 'C:\\Users\\Employee\\Google Drive\\UP\\MyResearch\\TaskProgramming\\AB_pic\\resources\\cigar.jpg'
7.0540 	EXP 	polygon_2: opacity = 0.0
7.0540 	EXP 	polygon_2: fillColor = '[1. 1. 1.] (rgb)'
7.0706 	EXP 	polygon: opacity = 0.0
7.0706 	EXP 	polygon_3: opacity = 1.0
7.0706 	EXP 	displayPicture: image = 'C:\\Users\\Employee\\Google Drive\\UP\\MyResearch\\TaskProgramming\\AB_pic\\resources\\cigar.jpg'
7.0706 	EXP 	polygon_2: opacity = 0.0
7.0706 	EXP 	polygon_2: fillColor = '[1. 1. 1.] (rgb)'
7.0873 	EXP 	polygon: opacity = 0.0
7.0873 	EXP 	polygon_3: opacity = 1.0
7.0873 	EXP 	displayPicture: image = 'C:\\Users\\Employee\\Google Drive\\UP\\MyResearch\\TaskProgramming\\AB_pic\\resources\\cigar.jpg'
7.0873 	EXP 	polygon_2: opacity = 0.0
7.0873 	EXP 	polygon_2: fillColor = '[1. 1. 1.] (rgb)'
7.1040 	EXP 	polygon: opacity = 0.0
7.1040 	EXP 	polygon_3: opacity = 1.0
7.1040 	EXP 	displayPicture: image = 'C:\\Users\\Employee\\Google Drive\\UP\\MyResearch\\TaskProgramming\\AB_pic\\resources\\cigar.jpg'
7.1040 	EXP 	polygon_2: opacity = 0.0
7.1040 	EXP 	polygon_2: fillColor = '[1. 1. 1.] (rgb)'
7.1206 	EXP 	polygon: opacity = 0.0
7.1206 	EXP 	polygon_3: opacity = 1.0
7.1206 	EXP 	displayPicture: image = 'C:\\Users\\Employee\\Google Drive\\UP\\MyResearch\\TaskProgramming\\AB_pic\\resources\\cigar.jpg'
7.1206 	EXP 	polygon_2: opacity = 0.0
7.1206 	EXP 	polygon_2: fillColor = '[1. 1. 1.] (rgb)'
7.1373 	EXP 	polygon: opacity = 0.0
7.1373 	EXP 	polygon_3: opacity = 1.0
7.1373 	EXP 	displayPicture: image = 'C:\\Users\\Employee\\Google Drive\\UP\\MyResearch\\TaskProgramming\\AB_pic\\resources\\cigar.jpg'
7.1373 	EXP 	polygon_2: opacity = 0.0
7.1373 	EXP 	polygon_2: fillColor = '[1. 1. 1.] (rgb)'
7.1540 	EXP 	polygon: opacity = 0.0
7.1540 	EXP 	polygon_3: opacity = 1.0
7.1540 	EXP 	displayPicture: image = 'C:\\Users\\Employee\\Google Drive\\UP\\MyResearch\\TaskProgramming\\AB_pic\\resources\\cigar.jpg'
7.1540 	EXP 	polygon_2: opacity = 0.0
7.1540 	EXP 	polygon_2: fillColor = '[1. 1. 1.] (rgb)'
7.1703 	EXP 	polygon: opacity = 0.0
7.1703 	EXP 	polygon_3: opacity = 1.0
7.1703 	EXP 	displayPicture: image = 'C:\\Users\\Employee\\Google Drive\\UP\\MyResearch\\TaskProgramming\\AB_pic\\resources\\cigar.jpg'
7.1703 	EXP 	polygon_2: opacity = 0.0
7.1703 	EXP 	polygon_2: fillColor = '[1. 1. 1.] (rgb)'
7.1869 	EXP 	polygon: opacity = 0.0
7.1869 	EXP 	polygon_3: opacity = 1.0
7.1869 	EXP 	displayPicture: image = 'C:\\Users\\Employee\\Google Drive\\UP\\MyResearch\\TaskProgramming\\AB_pic\\resources\\cigar.jpg'
7.1869 	EXP 	polygon_2: opacity = 0.0
7.1869 	EXP 	polygon_2: fillColor = '[1. 1. 1.] (rgb)'
7.2036 	EXP 	polygon: opacity = 0.0
7.2036 	EXP 	polygon_3: opacity = 1.0
7.2036 	EXP 	displayPicture: image = 'C:\\Users\\Employee\\Google Drive\\UP\\MyResearch\\TaskProgramming\\AB_pic\\resources\\cigar.jpg'
7.2036 	EXP 	polygon_2: opacity = 0.0
7.2036 	EXP 	polygon_2: fillColor = '[1. 1. 1.] (rgb)'
7.2203 	EXP 	polygon: opacity = 0.0
7.2203 	EXP 	polygon_3: opacity = 1.0
7.2203 	EXP 	displayPicture: image = 'C:\\Users\\Employee\\Google Drive\\UP\\MyResearch\\TaskProgramming\\AB_pic\\resources\\cigar.jpg'
7.2203 	EXP 	polygon_2: opacity = 0.0
7.2203 	EXP 	polygon_2: fillColor = '[1. 1. 1.] (rgb)'
7.2369 	EXP 	polygon: opacity = 0.0
7.2369 	EXP 	polygon_3: opacity = 1.0
7.2369 	EXP 	displayPicture: image = 'C:\\Users\\Employee\\Google Drive\\UP\\MyResearch\\TaskProgramming\\AB_pic\\resources\\cigar.jpg'
7.2369 	EXP 	polygon_2: opacity = 0.0
7.2369 	EXP 	polygon_2: fillColor = '[1. 1. 1.] (rgb)'
7.2536 	EXP 	polygon: opacity = 0.0
7.2536 	EXP 	polygon_3: opacity = 1.0
7.2536 	EXP 	displayPicture: image = 'C:\\Users\\Employee\\Google Drive\\UP\\MyResearch\\TaskProgramming\\AB_pic\\resources\\cigar.jpg'
7.2536 	EXP 	polygon_2: opacity = 1.0
7.2536 	EXP 	polygon_2: fillColor = '[1. 1. 1.] (rgb)'
7.2703 	EXP 	polygon: opacity = 0.0
7.2703 	EXP 	polygon_3: opacity = 1.0
7.2703 	EXP 	displayPicture: image = 'C:\\Users\\Employee\\Google Drive\\UP\\MyResearch\\TaskProgramming\\AB_pic\\resources\\cigar.jpg'
7.2703 	EXP 	polygon_2: opacity = 1.0
7.2703 	EXP 	polygon_2: fillColor = '[1. 1. 1.] (rgb)'
7.2869 	EXP 	polygon: opacity = 0.0
7.2869 	EXP 	polygon_3: opacity = 1.0
7.2869 	EXP 	displayPicture: image = 'C:\\Users\\Employee\\Google Drive\\UP\\MyResearch\\TaskProgramming\\AB_pic\\resources\\cigar.jpg'
7.2869 	EXP 	polygon_2: opacity = 1.0
7.2869 	EXP 	polygon_2: fillColor = '[1. 1. 1.] (rgb)'
7.3036 	EXP 	polygon: opacity = 0.0
7.3036 	EXP 	polygon_3: opacity = 0.0
7.3036 	EXP 	displayPicture: image = 'C:\\Users\\Employee\\Google Drive\\UP\\MyResearch\\TaskProgramming\\AB_pic\\resources\\spiderweb.jpg'
7.3036 	EXP 	polygon_2: opacity = 0.0
7.3036 	EXP 	polygon_2: fillColor = '[1. 1. 1.] (rgb)'
7.3203 	EXP 	polygon: opacity = 0.0
7.3203 	EXP 	polygon_3: opacity = 0.0
7.3203 	EXP 	displayPicture: image = 'C:\\Users\\Employee\\Google Drive\\UP\\MyResearch\\TaskProgramming\\AB_pic\\resources\\spiderweb.jpg'
7.3203 	EXP 	polygon_2: opacity = 0.0
7.3203 	EXP 	polygon_2: fillColor = '[1. 1. 1.] (rgb)'
7.3370 	EXP 	polygon: opacity = 0.0
7.3370 	EXP 	polygon_3: opacity = 0.0
7.3370 	EXP 	displayPicture: image = 'C:\\Users\\Employee\\Google Drive\\UP\\MyResearch\\TaskProgramming\\AB_pic\\resources\\spiderweb.jpg'
7.3370 	EXP 	polygon_2: opacity = 0.0
7.3370 	EXP 	polygon_2: fillColor = '[1. 1. 1.] (rgb)'
7.3536 	EXP 	polygon: opacity = 0.0
7.3536 	EXP 	polygon_3: opacity = 0.0
7.3536 	EXP 	displayPicture: image = 'C:\\Users\\Employee\\Google Drive\\UP\\MyResearch\\TaskProgramming\\AB_pic\\resources\\spiderweb.jpg'
7.3536 	EXP 	polygon_2: opacity = 0.0
7.3536 	EXP 	polygon_2: fillColor = '[1. 1. 1.] (rgb)'
7.3702 	EXP 	polygon: opacity = 0.0
7.3702 	EXP 	polygon_3: opacity = 0.0
7.3702 	EXP 	displayPicture: image = 'C:\\Users\\Employee\\Google Drive\\UP\\MyResearch\\TaskProgramming\\AB_pic\\resources\\spiderweb.jpg'
7.3702 	EXP 	polygon_2: opacity = 0.0
7.3702 	EXP 	polygon_2: fillColor = '[1. 1. 1.] (rgb)'
7.3869 	EXP 	polygon: opacity = 0.0
7.3869 	EXP 	polygon_3: opacity = 0.0
7.3869 	EXP 	displayPicture: image = 'C:\\Users\\Employee\\Google Drive\\UP\\MyResearch\\TaskProgramming\\AB_pic\\resources\\spiderweb.jpg'
7.3869 	EXP 	polygon_2: opacity = 0.0
7.3869 	EXP 	polygon_2: fillColor = '[1. 1. 1.] (rgb)'
7.4036 	EXP 	polygon: opacity = 0.0
7.4036 	EXP 	polygon_3: opacity = 0.0
7.4036 	EXP 	displayPicture: image = 'C:\\Users\\Employee\\Google Drive\\UP\\MyResearch\\TaskProgramming\\AB_pic\\resources\\spiderweb.jpg'
7.4036 	EXP 	polygon_2: opacity = 0.0
7.4036 	EXP 	polygon_2: fillColor = '[1. 1. 1.] (rgb)'
7.4202 	EXP 	polygon: opacity = 0.0
7.4202 	EXP 	polygon_3: opacity = 0.0
7.4202 	EXP 	displayPicture: image = 'C:\\Users\\Employee\\Google Drive\\UP\\MyResearch\\TaskProgramming\\AB_pic\\resources\\spiderweb.jpg'
7.4202 	EXP 	polygon_2: opacity = 0.0
7.4202 	EXP 	polygon_2: fillColor = '[1. 1. 1.] (rgb)'
7.4369 	EXP 	polygon: opacity = 0.0
7.4369 	EXP 	polygon_3: opacity = 0.0
7.4369 	EXP 	displayPicture: image = 'C:\\Users\\Employee\\Google Drive\\UP\\MyResearch\\TaskProgramming\\AB_pic\\resources\\spiderweb.jpg'
7.4369 	EXP 	polygon_2: opacity = 0.0
7.4369 	EXP 	polygon_2: fillColor = '[1. 1. 1.] (rgb)'
7.4536 	EXP 	polygon: opacity = 0.0
7.4536 	EXP 	polygon_3: opacity = 0.0
7.4536 	EXP 	displayPicture: image = 'C:\\Users\\Employee\\Google Drive\\UP\\MyResearch\\TaskProgramming\\AB_pic\\resources\\spiderweb.jpg'
7.4536 	EXP 	polygon_2: opacity = 0.0
7.4536 	EXP 	polygon_2: fillColor = '[1. 1. 1.] (rgb)'
7.4702 	EXP 	polygon: opacity = 0.0
7.4702 	EXP 	polygon_3: opacity = 0.0
7.4702 	EXP 	displayPicture: image = 'C:\\Users\\Employee\\Google Drive\\UP\\MyResearch\\TaskProgramming\\AB_pic\\resources\\spiderweb.jpg'
7.4702 	EXP 	polygon_2: opacity = 0.0
7.4702 	EXP 	polygon_2: fillColor = '[1. 1. 1.] (rgb)'
7.4869 	EXP 	polygon: opacity = 0.0
7.4869 	EXP 	polygon_3: opacity = 0.0
7.4869 	EXP 	displayPicture: image = 'C:\\Users\\Employee\\Google Drive\\UP\\MyResearch\\TaskProgramming\\AB_pic\\resources\\spiderweb.jpg'
7.4869 	EXP 	polygon_2: opacity = 0.0
7.4869 	EXP 	polygon_2: fillColor = '[1. 1. 1.] (rgb)'
7.5036 	EXP 	polygon: opacity = 0.0
7.5036 	EXP 	polygon_3: opacity = 0.0
7.5036 	EXP 	displayPicture: image = 'C:\\Users\\Employee\\Google Drive\\UP\\MyResearch\\TaskProgramming\\AB_pic\\resources\\spiderweb.jpg'
7.5036 	EXP 	polygon_2: opacity = 1.0
7.5036 	EXP 	polygon_2: fillColor = '[1. 1. 1.] (rgb)'
7.5202 	EXP 	polygon: opacity = 0.0
7.5202 	EXP 	polygon_3: opacity = 0.0
7.5202 	EXP 	displayPicture: image = 'C:\\Users\\Employee\\Google Drive\\UP\\MyResearch\\TaskProgramming\\AB_pic\\resources\\spiderweb.jpg'
7.5202 	EXP 	polygon_2: opacity = 1.0
7.5202 	EXP 	polygon_2: fillColor = '[1. 1. 1.] (rgb)'
7.5369 	EXP 	polygon: opacity = 0.0
7.5369 	EXP 	polygon_3: opacity = 0.0
7.5369 	EXP 	displayPicture: image = 'C:\\Users\\Employee\\Google Drive\\UP\\MyResearch\\TaskProgramming\\AB_pic\\resources\\spiderweb.jpg'
7.5369 	EXP 	polygon_2: opacity = 1.0
7.5369 	EXP 	polygon_2: fillColor = '[1. 1. 1.] (rgb)'
7.5536 	EXP 	polygon: opacity = 0.0
7.5536 	EXP 	polygon_3: opacity = 0.0
7.5536 	EXP 	displayPicture: image = 'C:\\Users\\Employee\\Google Drive\\UP\\MyResearch\\TaskProgramming\\AB_pic\\resources\\magneticcompass.jpg'
7.5536 	EXP 	polygon_2: opacity = 0.0
7.5536 	EXP 	polygon_2: fillColor = '[1. 1. 1.] (rgb)'
7.5703 	EXP 	polygon: opacity = 0.0
7.5703 	EXP 	polygon_3: opacity = 0.0
7.5703 	EXP 	displayPicture: image = 'C:\\Users\\Employee\\Google Drive\\UP\\MyResearch\\TaskProgramming\\AB_pic\\resources\\magneticcompass.jpg'
7.5703 	EXP 	polygon_2: opacity = 0.0
7.5703 	EXP 	polygon_2: fillColor = '[1. 1. 1.] (rgb)'
7.5869 	EXP 	polygon: opacity = 0.0
7.5869 	EXP 	polygon_3: opacity = 0.0
7.5869 	EXP 	displayPicture: image = 'C:\\Users\\Employee\\Google Drive\\UP\\MyResearch\\TaskProgramming\\AB_pic\\resources\\magneticcompass.jpg'
7.5869 	EXP 	polygon_2: opacity = 0.0
7.5869 	EXP 	polygon_2: fillColor = '[1. 1. 1.] (rgb)'
7.6036 	EXP 	polygon: opacity = 0.0
7.6036 	EXP 	polygon_3: opacity = 0.0
7.6036 	EXP 	displayPicture: image = 'C:\\Users\\Employee\\Google Drive\\UP\\MyResearch\\TaskProgramming\\AB_pic\\resources\\magneticcompass.jpg'
7.6036 	EXP 	polygon_2: opacity = 0.0
7.6036 	EXP 	polygon_2: fillColor = '[1. 1. 1.] (rgb)'
7.6202 	EXP 	polygon: opacity = 0.0
7.6202 	EXP 	polygon_3: opacity = 0.0
7.6202 	EXP 	displayPicture: image = 'C:\\Users\\Employee\\Google Drive\\UP\\MyResearch\\TaskProgramming\\AB_pic\\resources\\magneticcompass.jpg'
7.6202 	EXP 	polygon_2: opacity = 0.0
7.6202 	EXP 	polygon_2: fillColor = '[1. 1. 1.] (rgb)'
7.6369 	EXP 	polygon: opacity = 0.0
7.6369 	EXP 	polygon_3: opacity = 0.0
7.6369 	EXP 	displayPicture: image = 'C:\\Users\\Employee\\Google Drive\\UP\\MyResearch\\TaskProgramming\\AB_pic\\resources\\magneticcompass.jpg'
7.6369 	EXP 	polygon_2: opacity = 0.0
7.6369 	EXP 	polygon_2: fillColor = '[1. 1. 1.] (rgb)'
7.6536 	EXP 	polygon: opacity = 0.0
7.6536 	EXP 	polygon_3: opacity = 0.0
7.6536 	EXP 	displayPicture: image = 'C:\\Users\\Employee\\Google Drive\\UP\\MyResearch\\TaskProgramming\\AB_pic\\resources\\magneticcompass.jpg'
7.6536 	EXP 	polygon_2: opacity = 0.0
7.6536 	EXP 	polygon_2: fillColor = '[1. 1. 1.] (rgb)'
7.6702 	EXP 	polygon: opacity = 0.0
7.6702 	EXP 	polygon_3: opacity = 0.0
7.6702 	EXP 	displayPicture: image = 'C:\\Users\\Employee\\Google Drive\\UP\\MyResearch\\TaskProgramming\\AB_pic\\resources\\magneticcompass.jpg'
7.6702 	EXP 	polygon_2: opacity = 0.0
7.6702 	EXP 	polygon_2: fillColor = '[1. 1. 1.] (rgb)'
7.6869 	EXP 	polygon: opacity = 0.0
7.6869 	EXP 	polygon_3: opacity = 0.0
7.6869 	EXP 	displayPicture: image = 'C:\\Users\\Employee\\Google Drive\\UP\\MyResearch\\TaskProgramming\\AB_pic\\resources\\magneticcompass.jpg'
7.6869 	EXP 	polygon_2: opacity = 0.0
7.6869 	EXP 	polygon_2: fillColor = '[1. 1. 1.] (rgb)'
7.7036 	EXP 	polygon: opacity = 0.0
7.7036 	EXP 	polygon_3: opacity = 0.0
7.7036 	EXP 	displayPicture: image = 'C:\\Users\\Employee\\Google Drive\\UP\\MyResearch\\TaskProgramming\\AB_pic\\resources\\magneticcompass.jpg'
7.7036 	EXP 	polygon_2: opacity = 0.0
7.7036 	EXP 	polygon_2: fillColor = '[1. 1. 1.] (rgb)'
7.7202 	EXP 	polygon: opacity = 0.0
7.7202 	EXP 	polygon_3: opacity = 0.0
7.7202 	EXP 	displayPicture: image = 'C:\\Users\\Employee\\Google Drive\\UP\\MyResearch\\TaskProgramming\\AB_pic\\resources\\magneticcompass.jpg'
7.7202 	EXP 	polygon_2: opacity = 0.0
7.7202 	EXP 	polygon_2: fillColor = '[1. 1. 1.] (rgb)'
7.7369 	EXP 	polygon: opacity = 0.0
7.7369 	EXP 	polygon_3: opacity = 0.0
7.7369 	EXP 	displayPicture: image = 'C:\\Users\\Employee\\Google Drive\\UP\\MyResearch\\TaskProgramming\\AB_pic\\resources\\magneticcompass.jpg'
7.7369 	EXP 	polygon_2: opacity = 0.0
7.7369 	EXP 	polygon_2: fillColor = '[1. 1. 1.] (rgb)'
7.7536 	EXP 	polygon: opacity = 0.0
7.7536 	EXP 	polygon_3: opacity = 0.0
7.7536 	EXP 	displayPicture: image = 'C:\\Users\\Employee\\Google Drive\\UP\\MyResearch\\TaskProgramming\\AB_pic\\resources\\magneticcompass.jpg'
7.7536 	EXP 	polygon_2: opacity = 1.0
7.7536 	EXP 	polygon_2: fillColor = '[1. 1. 1.] (rgb)'
7.7702 	EXP 	polygon: opacity = 0.0
7.7702 	EXP 	polygon_3: opacity = 0.0
7.7702 	EXP 	displayPicture: image = 'C:\\Users\\Employee\\Google Drive\\UP\\MyResearch\\TaskProgramming\\AB_pic\\resources\\magneticcompass.jpg'
7.7702 	EXP 	polygon_2: opacity = 1.0
7.7702 	EXP 	polygon_2: fillColor = '[1. 1. 1.] (rgb)'
7.7869 	EXP 	polygon: opacity = 0.0
7.7869 	EXP 	polygon_3: opacity = 0.0
7.7869 	EXP 	displayPicture: image = 'C:\\Users\\Employee\\Google Drive\\UP\\MyResearch\\TaskProgramming\\AB_pic\\resources\\magneticcompass.jpg'
7.7869 	EXP 	polygon_2: opacity = 1.0
7.7869 	EXP 	polygon_2: fillColor = '[1. 1. 1.] (rgb)'
7.8036 	EXP 	polygon: opacity = 0.0
7.8036 	EXP 	polygon_3: opacity = 0.0
7.8036 	EXP 	displayPicture: image = 'C:\\Users\\Employee\\Google Drive\\UP\\MyResearch\\TaskProgramming\\AB_pic\\resources\\punchingbag.jpg'
7.8036 	EXP 	polygon_2: opacity = 0.0
7.8036 	EXP 	polygon_2: fillColor = '[1. 1. 1.] (rgb)'
7.8202 	EXP 	polygon: opacity = 0.0
7.8202 	EXP 	polygon_3: opacity = 0.0
7.8202 	EXP 	displayPicture: image = 'C:\\Users\\Employee\\Google Drive\\UP\\MyResearch\\TaskProgramming\\AB_pic\\resources\\punchingbag.jpg'
7.8202 	EXP 	polygon_2: opacity = 0.0
7.8202 	EXP 	polygon_2: fillColor = '[1. 1. 1.] (rgb)'
7.8369 	EXP 	polygon: opacity = 0.0
7.8369 	EXP 	polygon_3: opacity = 0.0
7.8369 	EXP 	displayPicture: image = 'C:\\Users\\Employee\\Google Drive\\UP\\MyResearch\\TaskProgramming\\AB_pic\\resources\\punchingbag.jpg'
7.8369 	EXP 	polygon_2: opacity = 0.0
7.8369 	EXP 	polygon_2: fillColor = '[1. 1. 1.] (rgb)'
7.8536 	EXP 	polygon: opacity = 0.0
7.8536 	EXP 	polygon_3: opacity = 0.0
7.8536 	EXP 	displayPicture: image = 'C:\\Users\\Employee\\Google Drive\\UP\\MyResearch\\TaskProgramming\\AB_pic\\resources\\punchingbag.jpg'
7.8536 	EXP 	polygon_2: opacity = 0.0
7.8536 	EXP 	polygon_2: fillColor = '[1. 1. 1.] (rgb)'
7.8702 	EXP 	polygon: opacity = 0.0
7.8702 	EXP 	polygon_3: opacity = 0.0
7.8702 	EXP 	displayPicture: image = 'C:\\Users\\Employee\\Google Drive\\UP\\MyResearch\\TaskProgramming\\AB_pic\\resources\\punchingbag.jpg'
7.8702 	EXP 	polygon_2: opacity = 0.0
7.8702 	EXP 	polygon_2: fillColor = '[1. 1. 1.] (rgb)'
7.8869 	EXP 	polygon: opacity = 0.0
7.8869 	EXP 	polygon_3: opacity = 0.0
7.8869 	EXP 	displayPicture: image = 'C:\\Users\\Employee\\Google Drive\\UP\\MyResearch\\TaskProgramming\\AB_pic\\resources\\punchingbag.jpg'
7.8869 	EXP 	polygon_2: opacity = 0.0
7.8869 	EXP 	polygon_2: fillColor = '[1. 1. 1.] (rgb)'
7.9035 	EXP 	polygon: opacity = 0.0
7.9035 	EXP 	polygon_3: opacity = 0.0
7.9035 	EXP 	displayPicture: image = 'C:\\Users\\Employee\\Google Drive\\UP\\MyResearch\\TaskProgramming\\AB_pic\\resources\\punchingbag.jpg'
7.9035 	EXP 	polygon_2: opacity = 0.0
7.9035 	EXP 	polygon_2: fillColor = '[1. 1. 1.] (rgb)'
7.9202 	EXP 	polygon: opacity = 0.0
7.9202 	EXP 	polygon_3: opacity = 0.0
7.9202 	EXP 	displayPicture: image = 'C:\\Users\\Employee\\Google Drive\\UP\\MyResearch\\TaskProgramming\\AB_pic\\resources\\punchingbag.jpg'
7.9202 	EXP 	polygon_2: opacity = 0.0
7.9202 	EXP 	polygon_2: fillColor = '[1. 1. 1.] (rgb)'
7.9369 	EXP 	polygon: opacity = 0.0
7.9369 	EXP 	polygon_3: opacity = 0.0
7.9369 	EXP 	displayPicture: image = 'C:\\Users\\Employee\\Google Drive\\UP\\MyResearch\\TaskProgramming\\AB_pic\\resources\\punchingbag.jpg'
7.9369 	EXP 	polygon_2: opacity = 0.0
7.9369 	EXP 	polygon_2: fillColor = '[1. 1. 1.] (rgb)'
7.9535 	EXP 	polygon: opacity = 0.0
7.9535 	EXP 	polygon_3: opacity = 0.0
7.9535 	EXP 	displayPicture: image = 'C:\\Users\\Employee\\Google Drive\\UP\\MyResearch\\TaskProgramming\\AB_pic\\resources\\punchingbag.jpg'
7.9535 	EXP 	polygon_2: opacity = 0.0
7.9535 	EXP 	polygon_2: fillColor = '[1. 1. 1.] (rgb)'
7.9702 	EXP 	polygon: opacity = 0.0
7.9702 	EXP 	polygon_3: opacity = 0.0
7.9702 	EXP 	displayPicture: image = 'C:\\Users\\Employee\\Google Drive\\UP\\MyResearch\\TaskProgramming\\AB_pic\\resources\\punchingbag.jpg'
7.9702 	EXP 	polygon_2: opacity = 0.0
7.9702 	EXP 	polygon_2: fillColor = '[1. 1. 1.] (rgb)'
7.9869 	EXP 	polygon: opacity = 0.0
7.9869 	EXP 	polygon_3: opacity = 0.0
7.9869 	EXP 	displayPicture: image = 'C:\\Users\\Employee\\Google Drive\\UP\\MyResearch\\TaskProgramming\\AB_pic\\resources\\punchingbag.jpg'
7.9869 	EXP 	polygon_2: opacity = 0.0
7.9869 	EXP 	polygon_2: fillColor = '[1. 1. 1.] (rgb)'
8.0035 	EXP 	polygon: opacity = 0.0
8.0035 	EXP 	polygon_3: opacity = 0.0
8.0035 	EXP 	displayPicture: image = 'C:\\Users\\Employee\\Google Drive\\UP\\MyResearch\\TaskProgramming\\AB_pic\\resources\\punchingbag.jpg'
8.0035 	EXP 	polygon_2: opacity = 1.0
8.0035 	EXP 	polygon_2: fillColor = '[1. 1. 1.] (rgb)'
8.0202 	EXP 	polygon: opacity = 0.0
8.0202 	EXP 	polygon_3: opacity = 0.0
8.0202 	EXP 	displayPicture: image = 'C:\\Users\\Employee\\Google Drive\\UP\\MyResearch\\TaskProgramming\\AB_pic\\resources\\punchingbag.jpg'
8.0202 	EXP 	polygon_2: opacity = 1.0
8.0202 	EXP 	polygon_2: fillColor = '[1. 1. 1.] (rgb)'
8.0368 	EXP 	polygon: opacity = 0.0
8.0368 	EXP 	polygon_3: opacity = 0.0
8.0368 	EXP 	displayPicture: image = 'C:\\Users\\Employee\\Google Drive\\UP\\MyResearch\\TaskProgramming\\AB_pic\\resources\\punchingbag.jpg'
8.0368 	EXP 	polygon_2: opacity = 1.0
8.0368 	EXP 	polygon_2: fillColor = '[1. 1. 1.] (rgb)'
8.0869 	EXP 	polygon: opacity = 0.0
8.0869 	EXP 	polygon_3: opacity = 0.0
8.0869 	EXP 	displayPicture: image = 'C:\\Users\\Employee\\Google Drive\\UP\\MyResearch\\TaskProgramming\\AB_pic\\resources\\punchingbag.jpg'
8.0869 	EXP 	polygon_2: opacity = 0.0
8.0869 	EXP 	polygon_2: fillColor = '[1. 1. 1.] (rgb)'
8.0869 	EXP 	polygon: autoDraw = False
8.0869 	EXP 	polygon_3: autoDraw = False
8.0869 	EXP 	displayPicture: autoDraw = False
8.0869 	EXP 	polygon_2: autoDraw = False
8.0869 	EXP 	option4_t1: image = 'C:\\Users\\Employee\\Google Drive\\UP\\MyResearch\\TaskProgramming\\AB_pic\\resources\\cigar.jpg'
8.0869 	EXP 	option1_t1: image = 'C:\\Users\\Employee\\Google Drive\\UP\\MyResearch\\TaskProgramming\\AB_pic\\resources\\spear02.jpg'
8.0869 	EXP 	option2_t1: image = 'C:\\Users\\Employee\\Google Drive\\UP\\MyResearch\\TaskProgramming\\AB_pic\\resources\\fridge.jpg'
8.0869 	EXP 	option3_t1: image = 'C:\\Users\\Employee\\Google Drive\\UP\\MyResearch\\TaskProgramming\\AB_pic\\resources\\bullet.jpg'
8.0869 	EXP 	option4_t1: autoDraw = True
8.0869 	EXP 	option1_t1: autoDraw = True
8.0869 	EXP 	option2_t1: autoDraw = True
8.0869 	EXP 	option3_t1: autoDraw = True
10.1925 	DATA 	Keypress: right
10.2367 	EXP 	option4_t1: autoDraw = False
10.2367 	EXP 	option1_t1: autoDraw = False
10.2367 	EXP 	option2_t1: autoDraw = False
10.2367 	EXP 	option3_t1: autoDraw = False
10.2367 	EXP 	option1_t2: image = 'C:\\Users\\Employee\\Google Drive\\UP\\MyResearch\\TaskProgramming\\AB_pic\\resources\\bullet.jpg'
10.2367 	EXP 	option2_t2: image = 'C:\\Users\\Employee\\Google Drive\\UP\\MyResearch\\TaskProgramming\\AB_pic\\resources\\cigar.jpg'
10.2367 	EXP 	option3_t2: image = 'C:\\Users\\Employee\\Google Drive\\UP\\MyResearch\\TaskProgramming\\AB_pic\\resources\\spear02.jpg'
10.2367 	EXP 	option1_t2: autoDraw = True
10.2367 	EXP 	option2_t2: autoDraw = True
10.2367 	EXP 	option3_t2: autoDraw = True
10.8748 	DATA 	Keypress: up
12.2407 	DATA 	Keypress: up
13.3237 	DATA 	Keypress: escape
13.5194 	EXP 	window1: mouseVisible = True
