0.8184 	WARNING 	We strongly recommend you activate the PTB sound engine in PsychoPy prefs as the preferred audio engine. Its timing is vastly superior. Your prefs are currently set to use ['sounddevice', 'PTB', 'pyo', 'pygame'] (in that order).
3.9329 	WARNING 	User requested fullscreen with size [1024  768], but screen is actually [1920, 1080]. Using actual size
4.8222 	EXP 	Created window1 = Window(allowGUI=False, allowStencil=False, args=UNKNOWN, autoLog=True, bitsMode=UNKNOWN, blendMode='avg', bpc=(8, 8, 8), color=array([0., 0., 0.]), colorSpace='rgb', depthBits=8, fullscr=<method-wrapper '__getattribute__' of attributeSetter object at 0x000001ECC6A8ECF8>, gamma=None, gammaErrorPolicy='raise', kwargs=UNKNOWN, lms=UNKNOWN, monitor=<psychopy.monitors.calibTools.Monitor object at 0x000001ECC6A22358>, multiSample=False, name='window1', numSamples=2, pos=[0.0, 0.0], screen=0, size=array([1920, 1080]), stencilBits=0, stereo=False, units='height', useFBO=True, useRetina=False, viewOri=0.0, viewPos=None, viewScale=None, waitBlanking=True, winType='pyglet')
4.8226 	EXP 	window1: mouseVisible = True
4.8227 	EXP 	window1: recordFrameIntervals = False
4.9885 	EXP 	window1: recordFrameIntervals = True
5.1721 	EXP 	window1: recordFrameIntervals = False
5.2335 	EXP 	Created polygon = Rect(__class__=<class 'psychopy.visual.rect.Rect'>, autoDraw=False, autoLog=True, closeShape=True, color=method-wrapper(...), colorSpace=None, contrast=1.0, depth=-3.0, fillColor=array([1., 0., 0.]), fillColorSpace='rgb', fillRGB=array([1., 0., 0.]), interpolate=True, lineColor=array([1., 1., 1.]), lineColorSpace='rgb', lineRGB=array([1., 1., 1.]), lineWidth=1, name='polygon', opacity=1.0, ori=array(0.), pos=array([0., 0.]), size=array([0.6, 0.6]), units='height', vertices=ndarray(...), win=Window(...))
5.2382 	EXP 	Created displayPicture = ImageStim(__class__=<class 'psychopy.visual.image.ImageStim'>, autoLog=True, color=array([1., 1., 1.]), colorSpace='rgb', contrast=1.0, depth=-4.0, flipHoriz=False, flipVert=False, image='sin', interpolate=True, mask=None, maskParams=None, name='displayPicture', opacity=1.0, ori=0.0, pos=array([0., 0.]), size=array([0.25, 0.25]), texRes=128, units='height', win=Window(...))
5.2410 	EXP 	Created option1_t1 = ImageStim(__class__=<class 'psychopy.visual.image.ImageStim'>, autoLog=True, color=array([1., 1., 1.]), colorSpace='rgb', contrast=1.0, depth=-1.0, flipHoriz=False, flipVert=False, image='sin', interpolate=True, mask=None, maskParams=None, name='option1_t1', opacity=1.0, ori=0.0, pos=array([-0.3,  0. ]), size=array([0.25, 0.25]), texRes=128, units='height', win=Window(...))
5.2434 	EXP 	Created option2_t1 = ImageStim(__class__=<class 'psychopy.visual.image.ImageStim'>, autoLog=True, color=array([1., 1., 1.]), colorSpace='rgb', contrast=1.0, depth=-2.0, flipHoriz=False, flipVert=False, image='sin', interpolate=True, mask=None, maskParams=None, name='option2_t1', opacity=1.0, ori=0.0, pos=array([0.3, 0. ]), size=array([0.25, 0.25]), texRes=128, units='height', win=Window(...))
5.2460 	EXP 	Created option1_t2 = ImageStim(__class__=<class 'psychopy.visual.image.ImageStim'>, autoLog=True, color=array([1., 1., 1.]), colorSpace='rgb', contrast=1.0, depth=-1.0, flipHoriz=False, flipVert=False, image='sin', interpolate=True, mask=None, maskParams=None, name='option1_t2', opacity=1.0, ori=0.0, pos=array([0.3, 0. ]), size=array([0.25, 0.25]), texRes=128, units='height', win=Window(...))
5.2486 	EXP 	Created option2_t2 = ImageStim(__class__=<class 'psychopy.visual.image.ImageStim'>, autoLog=True, color=array([1., 1., 1.]), colorSpace='rgb', contrast=1.0, depth=-2.0, flipHoriz=False, flipVert=False, image='sin', interpolate=True, mask=None, maskParams=None, name='option2_t2', opacity=1.0, ori=0.0, pos=array([-0.3,  0. ]), size=array([0.25, 0.25]), texRes=128, units='height', win=Window(...))
5.2881 	EXP 	Imported conditionAB.xlsx as conditions, 140 conditions, 9 params
5.2886 	EXP 	Created sequence: random, trialTypes=140, nReps=1, seed=None
5.2889 	EXP 	New trial (rep=0, index=0): OrderedDict([('trialType', 'AB'), ('cndTyp', 'lag7'), ('lag', 7), ('T1_loc', 5), ('gap', 0), ('T2_loc', 12), ('primePos', 104), ('stimLen', 0.15), ('isi', 0.04)])
5.3774 	EXP 	polygon: autoDraw = True
5.3774 	EXP 	polygon: opacity = 0.0
5.3774 	EXP 	displayPicture: autoDraw = True
5.3774 	EXP 	displayPicture: image = 'C:\\Users\\Employee\\Google Drive\\UP\\MyResearch\\TaskProgramming\\AB_pic\\resources\\pingpongtable.jpg'
5.4051 	EXP 	polygon: opacity = 0.0
5.4051 	EXP 	displayPicture: image = 'C:\\Users\\Employee\\Google Drive\\UP\\MyResearch\\TaskProgramming\\AB_pic\\resources\\pingpongtable.jpg'
5.4214 	EXP 	polygon: opacity = 0.0
5.4214 	EXP 	displayPicture: image = 'C:\\Users\\Employee\\Google Drive\\UP\\MyResearch\\TaskProgramming\\AB_pic\\resources\\pingpongtable.jpg'
5.4384 	EXP 	polygon: opacity = 0.0
5.4384 	EXP 	displayPicture: image = 'C:\\Users\\Employee\\Google Drive\\UP\\MyResearch\\TaskProgramming\\AB_pic\\resources\\pingpongtable.jpg'
5.4551 	EXP 	polygon: opacity = 0.0
5.4551 	EXP 	displayPicture: image = 'C:\\Users\\Employee\\Google Drive\\UP\\MyResearch\\TaskProgramming\\AB_pic\\resources\\ostrich.jpg'
5.4718 	EXP 	polygon: opacity = 0.0
5.4718 	EXP 	displayPicture: image = 'C:\\Users\\Employee\\Google Drive\\UP\\MyResearch\\TaskProgramming\\AB_pic\\resources\\ostrich.jpg'
5.4884 	EXP 	polygon: opacity = 0.0
5.4884 	EXP 	displayPicture: image = 'C:\\Users\\Employee\\Google Drive\\UP\\MyResearch\\TaskProgramming\\AB_pic\\resources\\ostrich.jpg'
5.5051 	EXP 	polygon: opacity = 0.0
5.5051 	EXP 	displayPicture: image = 'C:\\Users\\Employee\\Google Drive\\UP\\MyResearch\\TaskProgramming\\AB_pic\\resources\\ostrich.jpg'
5.5218 	EXP 	polygon: opacity = 0.0
5.5218 	EXP 	displayPicture: image = 'C:\\Users\\Employee\\Google Drive\\UP\\MyResearch\\TaskProgramming\\AB_pic\\resources\\ostrich.jpg'
5.5384 	EXP 	polygon: opacity = 0.0
5.5384 	EXP 	displayPicture: image = 'C:\\Users\\Employee\\Google Drive\\UP\\MyResearch\\TaskProgramming\\AB_pic\\resources\\ostrich.jpg'
5.5717 	EXP 	polygon: opacity = 0.0
5.5717 	EXP 	displayPicture: image = 'C:\\Users\\Employee\\Google Drive\\UP\\MyResearch\\TaskProgramming\\AB_pic\\resources\\ostrich.jpg'
5.5884 	EXP 	polygon: opacity = 0.0
5.5884 	EXP 	displayPicture: image = 'C:\\Users\\Employee\\Google Drive\\UP\\MyResearch\\TaskProgramming\\AB_pic\\resources\\ostrich.jpg'
5.6051 	EXP 	polygon: opacity = 0.0
5.6051 	EXP 	displayPicture: image = 'C:\\Users\\Employee\\Google Drive\\UP\\MyResearch\\TaskProgramming\\AB_pic\\resources\\lollipop04.jpg'
5.6218 	EXP 	polygon: opacity = 0.0
5.6218 	EXP 	displayPicture: image = 'C:\\Users\\Employee\\Google Drive\\UP\\MyResearch\\TaskProgramming\\AB_pic\\resources\\lollipop04.jpg'
5.6384 	EXP 	polygon: opacity = 0.0
5.6384 	EXP 	displayPicture: image = 'C:\\Users\\Employee\\Google Drive\\UP\\MyResearch\\TaskProgramming\\AB_pic\\resources\\lollipop04.jpg'
5.6551 	EXP 	polygon: opacity = 0.0
5.6551 	EXP 	displayPicture: image = 'C:\\Users\\Employee\\Google Drive\\UP\\MyResearch\\TaskProgramming\\AB_pic\\resources\\lollipop04.jpg'
5.6718 	EXP 	polygon: opacity = 0.0
5.6718 	EXP 	displayPicture: image = 'C:\\Users\\Employee\\Google Drive\\UP\\MyResearch\\TaskProgramming\\AB_pic\\resources\\lollipop04.jpg'
5.6884 	EXP 	polygon: opacity = 0.0
5.6884 	EXP 	displayPicture: image = 'C:\\Users\\Employee\\Google Drive\\UP\\MyResearch\\TaskProgramming\\AB_pic\\resources\\lollipop04.jpg'
5.7051 	EXP 	polygon: opacity = 0.0
5.7051 	EXP 	displayPicture: image = 'C:\\Users\\Employee\\Google Drive\\UP\\MyResearch\\TaskProgramming\\AB_pic\\resources\\lollipop04.jpg'
5.7217 	EXP 	polygon: opacity = 0.0
5.7217 	EXP 	displayPicture: image = 'C:\\Users\\Employee\\Google Drive\\UP\\MyResearch\\TaskProgramming\\AB_pic\\resources\\lollipop04.jpg'
5.7384 	EXP 	polygon: opacity = 0.0
5.7384 	EXP 	displayPicture: image = 'C:\\Users\\Employee\\Google Drive\\UP\\MyResearch\\TaskProgramming\\AB_pic\\resources\\lollipop04.jpg'
5.7552 	EXP 	polygon: opacity = 0.0
5.7552 	EXP 	displayPicture: image = 'C:\\Users\\Employee\\Google Drive\\UP\\MyResearch\\TaskProgramming\\AB_pic\\resources\\tulip02.jpg'
5.7718 	EXP 	polygon: opacity = 0.0
5.7718 	EXP 	displayPicture: image = 'C:\\Users\\Employee\\Google Drive\\UP\\MyResearch\\TaskProgramming\\AB_pic\\resources\\tulip02.jpg'
5.7884 	EXP 	polygon: opacity = 0.0
5.7884 	EXP 	displayPicture: image = 'C:\\Users\\Employee\\Google Drive\\UP\\MyResearch\\TaskProgramming\\AB_pic\\resources\\tulip02.jpg'
5.8051 	EXP 	polygon: opacity = 0.0
5.8051 	EXP 	displayPicture: image = 'C:\\Users\\Employee\\Google Drive\\UP\\MyResearch\\TaskProgramming\\AB_pic\\resources\\tulip02.jpg'
5.8217 	EXP 	polygon: opacity = 0.0
5.8217 	EXP 	displayPicture: image = 'C:\\Users\\Employee\\Google Drive\\UP\\MyResearch\\TaskProgramming\\AB_pic\\resources\\tulip02.jpg'
5.8551 	EXP 	polygon: opacity = 0.0
5.8551 	EXP 	displayPicture: image = 'C:\\Users\\Employee\\Google Drive\\UP\\MyResearch\\TaskProgramming\\AB_pic\\resources\\tulip02.jpg'
5.8717 	EXP 	polygon: opacity = 0.0
5.8717 	EXP 	displayPicture: image = 'C:\\Users\\Employee\\Google Drive\\UP\\MyResearch\\TaskProgramming\\AB_pic\\resources\\tulip02.jpg'
5.8884 	EXP 	polygon: opacity = 0.0
5.8884 	EXP 	displayPicture: image = 'C:\\Users\\Employee\\Google Drive\\UP\\MyResearch\\TaskProgramming\\AB_pic\\resources\\tulip02.jpg'
5.9053 	EXP 	polygon: opacity = 1.0
5.9053 	EXP 	displayPicture: image = 'C:\\Users\\Employee\\Google Drive\\UP\\MyResearch\\TaskProgramming\\AB_pic\\resources\\dalmatian.jpg'
5.9217 	EXP 	polygon: opacity = 1.0
5.9217 	EXP 	displayPicture: image = 'C:\\Users\\Employee\\Google Drive\\UP\\MyResearch\\TaskProgramming\\AB_pic\\resources\\dalmatian.jpg'
5.9384 	EXP 	polygon: opacity = 1.0
5.9384 	EXP 	displayPicture: image = 'C:\\Users\\Employee\\Google Drive\\UP\\MyResearch\\TaskProgramming\\AB_pic\\resources\\dalmatian.jpg'
5.9551 	EXP 	polygon: opacity = 1.0
5.9551 	EXP 	displayPicture: image = 'C:\\Users\\Employee\\Google Drive\\UP\\MyResearch\\TaskProgramming\\AB_pic\\resources\\dalmatian.jpg'
5.9717 	EXP 	polygon: opacity = 1.0
5.9717 	EXP 	displayPicture: image = 'C:\\Users\\Employee\\Google Drive\\UP\\MyResearch\\TaskProgramming\\AB_pic\\resources\\dalmatian.jpg'
5.9884 	EXP 	polygon: opacity = 1.0
5.9884 	EXP 	displayPicture: image = 'C:\\Users\\Employee\\Google Drive\\UP\\MyResearch\\TaskProgramming\\AB_pic\\resources\\dalmatian.jpg'
6.0051 	EXP 	polygon: opacity = 1.0
6.0051 	EXP 	displayPicture: image = 'C:\\Users\\Employee\\Google Drive\\UP\\MyResearch\\TaskProgramming\\AB_pic\\resources\\dalmatian.jpg'
6.0218 	EXP 	polygon: opacity = 1.0
6.0218 	EXP 	displayPicture: image = 'C:\\Users\\Employee\\Google Drive\\UP\\MyResearch\\TaskProgramming\\AB_pic\\resources\\dalmatian.jpg'
6.0384 	EXP 	polygon: opacity = 1.0
6.0384 	EXP 	displayPicture: image = 'C:\\Users\\Employee\\Google Drive\\UP\\MyResearch\\TaskProgramming\\AB_pic\\resources\\dalmatian.jpg'
6.0551 	EXP 	polygon: opacity = 0.0
6.0551 	EXP 	displayPicture: image = 'C:\\Users\\Employee\\Google Drive\\UP\\MyResearch\\TaskProgramming\\AB_pic\\resources\\dromedary.jpg'
6.0721 	EXP 	polygon: opacity = 0.0
6.0721 	EXP 	displayPicture: image = 'C:\\Users\\Employee\\Google Drive\\UP\\MyResearch\\TaskProgramming\\AB_pic\\resources\\dromedary.jpg'
6.0884 	EXP 	polygon: opacity = 0.0
6.0884 	EXP 	displayPicture: image = 'C:\\Users\\Employee\\Google Drive\\UP\\MyResearch\\TaskProgramming\\AB_pic\\resources\\dromedary.jpg'
6.1051 	EXP 	polygon: opacity = 0.0
6.1051 	EXP 	displayPicture: image = 'C:\\Users\\Employee\\Google Drive\\UP\\MyResearch\\TaskProgramming\\AB_pic\\resources\\dromedary.jpg'
6.1218 	EXP 	polygon: opacity = 0.0
6.1218 	EXP 	displayPicture: image = 'C:\\Users\\Employee\\Google Drive\\UP\\MyResearch\\TaskProgramming\\AB_pic\\resources\\dromedary.jpg'
6.1384 	EXP 	polygon: opacity = 0.0
6.1384 	EXP 	displayPicture: image = 'C:\\Users\\Employee\\Google Drive\\UP\\MyResearch\\TaskProgramming\\AB_pic\\resources\\dromedary.jpg'
6.1551 	EXP 	polygon: opacity = 0.0
6.1551 	EXP 	displayPicture: image = 'C:\\Users\\Employee\\Google Drive\\UP\\MyResearch\\TaskProgramming\\AB_pic\\resources\\dromedary.jpg'
6.1718 	EXP 	polygon: opacity = 0.0
6.1718 	EXP 	displayPicture: image = 'C:\\Users\\Employee\\Google Drive\\UP\\MyResearch\\TaskProgramming\\AB_pic\\resources\\dromedary.jpg'
6.1884 	EXP 	polygon: opacity = 0.0
6.1884 	EXP 	displayPicture: image = 'C:\\Users\\Employee\\Google Drive\\UP\\MyResearch\\TaskProgramming\\AB_pic\\resources\\dromedary.jpg'
6.2051 	EXP 	polygon: opacity = 0.0
6.2051 	EXP 	displayPicture: image = 'C:\\Users\\Employee\\Google Drive\\UP\\MyResearch\\TaskProgramming\\AB_pic\\resources\\paperairplane.jpg'
6.2218 	EXP 	polygon: opacity = 0.0
6.2218 	EXP 	displayPicture: image = 'C:\\Users\\Employee\\Google Drive\\UP\\MyResearch\\TaskProgramming\\AB_pic\\resources\\paperairplane.jpg'
6.2384 	EXP 	polygon: opacity = 0.0
6.2384 	EXP 	displayPicture: image = 'C:\\Users\\Employee\\Google Drive\\UP\\MyResearch\\TaskProgramming\\AB_pic\\resources\\paperairplane.jpg'
6.2551 	EXP 	polygon: opacity = 0.0
6.2551 	EXP 	displayPicture: image = 'C:\\Users\\Employee\\Google Drive\\UP\\MyResearch\\TaskProgramming\\AB_pic\\resources\\paperairplane.jpg'
6.2718 	EXP 	polygon: opacity = 0.0
6.2718 	EXP 	displayPicture: image = 'C:\\Users\\Employee\\Google Drive\\UP\\MyResearch\\TaskProgramming\\AB_pic\\resources\\paperairplane.jpg'
6.2884 	EXP 	polygon: opacity = 0.0
6.2884 	EXP 	displayPicture: image = 'C:\\Users\\Employee\\Google Drive\\UP\\MyResearch\\TaskProgramming\\AB_pic\\resources\\paperairplane.jpg'
6.3051 	EXP 	polygon: opacity = 0.0
6.3051 	EXP 	displayPicture: image = 'C:\\Users\\Employee\\Google Drive\\UP\\MyResearch\\TaskProgramming\\AB_pic\\resources\\paperairplane.jpg'
6.3218 	EXP 	polygon: opacity = 0.0
6.3218 	EXP 	displayPicture: image = 'C:\\Users\\Employee\\Google Drive\\UP\\MyResearch\\TaskProgramming\\AB_pic\\resources\\paperairplane.jpg'
6.3384 	EXP 	polygon: opacity = 0.0
6.3384 	EXP 	displayPicture: image = 'C:\\Users\\Employee\\Google Drive\\UP\\MyResearch\\TaskProgramming\\AB_pic\\resources\\paperairplane.jpg'
6.3550 	EXP 	polygon: opacity = 0.0
6.3550 	EXP 	displayPicture: image = 'C:\\Users\\Employee\\Google Drive\\UP\\MyResearch\\TaskProgramming\\AB_pic\\resources\\ostrich.jpg'
6.3718 	EXP 	polygon: opacity = 0.0
6.3718 	EXP 	displayPicture: image = 'C:\\Users\\Employee\\Google Drive\\UP\\MyResearch\\TaskProgramming\\AB_pic\\resources\\ostrich.jpg'
6.3884 	EXP 	polygon: opacity = 0.0
6.3884 	EXP 	displayPicture: image = 'C:\\Users\\Employee\\Google Drive\\UP\\MyResearch\\TaskProgramming\\AB_pic\\resources\\ostrich.jpg'
6.4051 	EXP 	polygon: opacity = 0.0
6.4051 	EXP 	displayPicture: image = 'C:\\Users\\Employee\\Google Drive\\UP\\MyResearch\\TaskProgramming\\AB_pic\\resources\\ostrich.jpg'
6.4217 	EXP 	polygon: opacity = 0.0
6.4217 	EXP 	displayPicture: image = 'C:\\Users\\Employee\\Google Drive\\UP\\MyResearch\\TaskProgramming\\AB_pic\\resources\\ostrich.jpg'
6.4384 	EXP 	polygon: opacity = 0.0
6.4384 	EXP 	displayPicture: image = 'C:\\Users\\Employee\\Google Drive\\UP\\MyResearch\\TaskProgramming\\AB_pic\\resources\\ostrich.jpg'
6.4551 	EXP 	polygon: opacity = 0.0
6.4551 	EXP 	displayPicture: image = 'C:\\Users\\Employee\\Google Drive\\UP\\MyResearch\\TaskProgramming\\AB_pic\\resources\\ostrich.jpg'
6.4717 	EXP 	polygon: opacity = 0.0
6.4717 	EXP 	displayPicture: image = 'C:\\Users\\Employee\\Google Drive\\UP\\MyResearch\\TaskProgramming\\AB_pic\\resources\\ostrich.jpg'
6.4884 	EXP 	polygon: opacity = 0.0
6.4884 	EXP 	displayPicture: image = 'C:\\Users\\Employee\\Google Drive\\UP\\MyResearch\\TaskProgramming\\AB_pic\\resources\\ostrich.jpg'
6.5051 	EXP 	polygon: opacity = 0.0
6.5051 	EXP 	displayPicture: image = 'C:\\Users\\Employee\\Google Drive\\UP\\MyResearch\\TaskProgramming\\AB_pic\\resources\\fortunecookie.jpg'
6.5217 	EXP 	polygon: opacity = 0.0
6.5217 	EXP 	displayPicture: image = 'C:\\Users\\Employee\\Google Drive\\UP\\MyResearch\\TaskProgramming\\AB_pic\\resources\\fortunecookie.jpg'
6.5384 	EXP 	polygon: opacity = 0.0
6.5384 	EXP 	displayPicture: image = 'C:\\Users\\Employee\\Google Drive\\UP\\MyResearch\\TaskProgramming\\AB_pic\\resources\\fortunecookie.jpg'
6.5551 	EXP 	polygon: opacity = 0.0
6.5551 	EXP 	displayPicture: image = 'C:\\Users\\Employee\\Google Drive\\UP\\MyResearch\\TaskProgramming\\AB_pic\\resources\\fortunecookie.jpg'
6.5717 	EXP 	polygon: opacity = 0.0
6.5717 	EXP 	displayPicture: image = 'C:\\Users\\Employee\\Google Drive\\UP\\MyResearch\\TaskProgramming\\AB_pic\\resources\\fortunecookie.jpg'
6.5884 	EXP 	polygon: opacity = 0.0
6.5884 	EXP 	displayPicture: image = 'C:\\Users\\Employee\\Google Drive\\UP\\MyResearch\\TaskProgramming\\AB_pic\\resources\\fortunecookie.jpg'
6.6050 	EXP 	polygon: opacity = 0.0
6.6050 	EXP 	displayPicture: image = 'C:\\Users\\Employee\\Google Drive\\UP\\MyResearch\\TaskProgramming\\AB_pic\\resources\\fortunecookie.jpg'
6.6217 	EXP 	polygon: opacity = 0.0
6.6217 	EXP 	displayPicture: image = 'C:\\Users\\Employee\\Google Drive\\UP\\MyResearch\\TaskProgramming\\AB_pic\\resources\\fortunecookie.jpg'
6.6384 	EXP 	polygon: opacity = 0.0
6.6384 	EXP 	displayPicture: image = 'C:\\Users\\Employee\\Google Drive\\UP\\MyResearch\\TaskProgramming\\AB_pic\\resources\\fortunecookie.jpg'
6.6551 	EXP 	polygon: opacity = 0.0
6.6551 	EXP 	displayPicture: image = 'C:\\Users\\Employee\\Google Drive\\UP\\MyResearch\\TaskProgramming\\AB_pic\\resources\\moon.jpg'
6.6718 	EXP 	polygon: opacity = 0.0
6.6718 	EXP 	displayPicture: image = 'C:\\Users\\Employee\\Google Drive\\UP\\MyResearch\\TaskProgramming\\AB_pic\\resources\\moon.jpg'
6.6884 	EXP 	polygon: opacity = 0.0
6.6884 	EXP 	displayPicture: image = 'C:\\Users\\Employee\\Google Drive\\UP\\MyResearch\\TaskProgramming\\AB_pic\\resources\\moon.jpg'
6.7051 	EXP 	polygon: opacity = 0.0
6.7051 	EXP 	displayPicture: image = 'C:\\Users\\Employee\\Google Drive\\UP\\MyResearch\\TaskProgramming\\AB_pic\\resources\\moon.jpg'
6.7218 	EXP 	polygon: opacity = 0.0
6.7218 	EXP 	displayPicture: image = 'C:\\Users\\Employee\\Google Drive\\UP\\MyResearch\\TaskProgramming\\AB_pic\\resources\\moon.jpg'
6.7384 	EXP 	polygon: opacity = 0.0
6.7384 	EXP 	displayPicture: image = 'C:\\Users\\Employee\\Google Drive\\UP\\MyResearch\\TaskProgramming\\AB_pic\\resources\\moon.jpg'
6.7551 	EXP 	polygon: opacity = 0.0
6.7551 	EXP 	displayPicture: image = 'C:\\Users\\Employee\\Google Drive\\UP\\MyResearch\\TaskProgramming\\AB_pic\\resources\\moon.jpg'
6.7717 	EXP 	polygon: opacity = 0.0
6.7717 	EXP 	displayPicture: image = 'C:\\Users\\Employee\\Google Drive\\UP\\MyResearch\\TaskProgramming\\AB_pic\\resources\\moon.jpg'
6.7884 	EXP 	polygon: opacity = 0.0
6.7884 	EXP 	displayPicture: image = 'C:\\Users\\Employee\\Google Drive\\UP\\MyResearch\\TaskProgramming\\AB_pic\\resources\\moon.jpg'
6.8051 	EXP 	polygon: opacity = 0.0
6.8051 	EXP 	displayPicture: image = 'C:\\Users\\Employee\\Google Drive\\UP\\MyResearch\\TaskProgramming\\AB_pic\\resources\\cork02.jpg'
6.8218 	EXP 	polygon: opacity = 0.0
6.8218 	EXP 	displayPicture: image = 'C:\\Users\\Employee\\Google Drive\\UP\\MyResearch\\TaskProgramming\\AB_pic\\resources\\cork02.jpg'
6.8384 	EXP 	polygon: opacity = 0.0
6.8384 	EXP 	displayPicture: image = 'C:\\Users\\Employee\\Google Drive\\UP\\MyResearch\\TaskProgramming\\AB_pic\\resources\\cork02.jpg'
6.8551 	EXP 	polygon: opacity = 0.0
6.8551 	EXP 	displayPicture: image = 'C:\\Users\\Employee\\Google Drive\\UP\\MyResearch\\TaskProgramming\\AB_pic\\resources\\cork02.jpg'
6.8718 	EXP 	polygon: opacity = 0.0
6.8718 	EXP 	displayPicture: image = 'C:\\Users\\Employee\\Google Drive\\UP\\MyResearch\\TaskProgramming\\AB_pic\\resources\\cork02.jpg'
6.8884 	EXP 	polygon: opacity = 0.0
6.8884 	EXP 	displayPicture: image = 'C:\\Users\\Employee\\Google Drive\\UP\\MyResearch\\TaskProgramming\\AB_pic\\resources\\cork02.jpg'
6.9047 	EXP 	polygon: opacity = 0.0
6.9047 	EXP 	displayPicture: image = 'C:\\Users\\Employee\\Google Drive\\UP\\MyResearch\\TaskProgramming\\AB_pic\\resources\\cork02.jpg'
6.9214 	EXP 	polygon: opacity = 0.0
6.9214 	EXP 	displayPicture: image = 'C:\\Users\\Employee\\Google Drive\\UP\\MyResearch\\TaskProgramming\\AB_pic\\resources\\cork02.jpg'
6.9380 	EXP 	polygon: opacity = 0.0
6.9380 	EXP 	displayPicture: image = 'C:\\Users\\Employee\\Google Drive\\UP\\MyResearch\\TaskProgramming\\AB_pic\\resources\\cork02.jpg'
6.9547 	EXP 	polygon: opacity = 1.0
6.9547 	EXP 	displayPicture: image = 'C:\\Users\\Employee\\Google Drive\\UP\\MyResearch\\TaskProgramming\\AB_pic\\resources\\masquerademask01.jpg'
6.9714 	EXP 	polygon: opacity = 1.0
6.9714 	EXP 	displayPicture: image = 'C:\\Users\\Employee\\Google Drive\\UP\\MyResearch\\TaskProgramming\\AB_pic\\resources\\masquerademask01.jpg'
6.9880 	EXP 	polygon: opacity = 1.0
6.9880 	EXP 	displayPicture: image = 'C:\\Users\\Employee\\Google Drive\\UP\\MyResearch\\TaskProgramming\\AB_pic\\resources\\masquerademask01.jpg'
7.0047 	EXP 	polygon: opacity = 1.0
7.0047 	EXP 	displayPicture: image = 'C:\\Users\\Employee\\Google Drive\\UP\\MyResearch\\TaskProgramming\\AB_pic\\resources\\masquerademask01.jpg'
7.0214 	EXP 	polygon: opacity = 1.0
7.0214 	EXP 	displayPicture: image = 'C:\\Users\\Employee\\Google Drive\\UP\\MyResearch\\TaskProgramming\\AB_pic\\resources\\masquerademask01.jpg'
7.0380 	EXP 	polygon: opacity = 1.0
7.0380 	EXP 	displayPicture: image = 'C:\\Users\\Employee\\Google Drive\\UP\\MyResearch\\TaskProgramming\\AB_pic\\resources\\masquerademask01.jpg'
7.0547 	EXP 	polygon: opacity = 1.0
7.0547 	EXP 	displayPicture: image = 'C:\\Users\\Employee\\Google Drive\\UP\\MyResearch\\TaskProgramming\\AB_pic\\resources\\masquerademask01.jpg'
7.0713 	EXP 	polygon: opacity = 1.0
7.0713 	EXP 	displayPicture: image = 'C:\\Users\\Employee\\Google Drive\\UP\\MyResearch\\TaskProgramming\\AB_pic\\resources\\masquerademask01.jpg'
7.0880 	EXP 	polygon: opacity = 1.0
7.0880 	EXP 	displayPicture: image = 'C:\\Users\\Employee\\Google Drive\\UP\\MyResearch\\TaskProgramming\\AB_pic\\resources\\masquerademask01.jpg'
7.1047 	EXP 	polygon: opacity = 0.0
7.1047 	EXP 	displayPicture: image = 'C:\\Users\\Employee\\Google Drive\\UP\\MyResearch\\TaskProgramming\\AB_pic\\resources\\wallclock.jpg'
7.1214 	EXP 	polygon: opacity = 0.0
7.1214 	EXP 	displayPicture: image = 'C:\\Users\\Employee\\Google Drive\\UP\\MyResearch\\TaskProgramming\\AB_pic\\resources\\wallclock.jpg'
7.1380 	EXP 	polygon: opacity = 0.0
7.1380 	EXP 	displayPicture: image = 'C:\\Users\\Employee\\Google Drive\\UP\\MyResearch\\TaskProgramming\\AB_pic\\resources\\wallclock.jpg'
7.1547 	EXP 	polygon: opacity = 0.0
7.1547 	EXP 	displayPicture: image = 'C:\\Users\\Employee\\Google Drive\\UP\\MyResearch\\TaskProgramming\\AB_pic\\resources\\wallclock.jpg'
7.1714 	EXP 	polygon: opacity = 0.0
7.1714 	EXP 	displayPicture: image = 'C:\\Users\\Employee\\Google Drive\\UP\\MyResearch\\TaskProgramming\\AB_pic\\resources\\wallclock.jpg'
7.1880 	EXP 	polygon: opacity = 0.0
7.1880 	EXP 	displayPicture: image = 'C:\\Users\\Employee\\Google Drive\\UP\\MyResearch\\TaskProgramming\\AB_pic\\resources\\wallclock.jpg'
7.2047 	EXP 	polygon: opacity = 0.0
7.2047 	EXP 	displayPicture: image = 'C:\\Users\\Employee\\Google Drive\\UP\\MyResearch\\TaskProgramming\\AB_pic\\resources\\wallclock.jpg'
7.2214 	EXP 	polygon: opacity = 0.0
7.2214 	EXP 	displayPicture: image = 'C:\\Users\\Employee\\Google Drive\\UP\\MyResearch\\TaskProgramming\\AB_pic\\resources\\wallclock.jpg'
7.2380 	EXP 	polygon: opacity = 0.0
7.2380 	EXP 	displayPicture: image = 'C:\\Users\\Employee\\Google Drive\\UP\\MyResearch\\TaskProgramming\\AB_pic\\resources\\wallclock.jpg'
7.2546 	EXP 	polygon: opacity = 0.0
7.2546 	EXP 	displayPicture: image = 'C:\\Users\\Employee\\Google Drive\\UP\\MyResearch\\TaskProgramming\\AB_pic\\resources\\duck01.jpg'
7.2714 	EXP 	polygon: opacity = 0.0
7.2714 	EXP 	displayPicture: image = 'C:\\Users\\Employee\\Google Drive\\UP\\MyResearch\\TaskProgramming\\AB_pic\\resources\\duck01.jpg'
7.2880 	EXP 	polygon: opacity = 0.0
7.2880 	EXP 	displayPicture: image = 'C:\\Users\\Employee\\Google Drive\\UP\\MyResearch\\TaskProgramming\\AB_pic\\resources\\duck01.jpg'
7.3047 	EXP 	polygon: opacity = 0.0
7.3047 	EXP 	displayPicture: image = 'C:\\Users\\Employee\\Google Drive\\UP\\MyResearch\\TaskProgramming\\AB_pic\\resources\\duck01.jpg'
7.3214 	EXP 	polygon: opacity = 0.0
7.3214 	EXP 	displayPicture: image = 'C:\\Users\\Employee\\Google Drive\\UP\\MyResearch\\TaskProgramming\\AB_pic\\resources\\duck01.jpg'
7.3380 	EXP 	polygon: opacity = 0.0
7.3380 	EXP 	displayPicture: image = 'C:\\Users\\Employee\\Google Drive\\UP\\MyResearch\\TaskProgramming\\AB_pic\\resources\\duck01.jpg'
7.3547 	EXP 	polygon: opacity = 0.0
7.3547 	EXP 	displayPicture: image = 'C:\\Users\\Employee\\Google Drive\\UP\\MyResearch\\TaskProgramming\\AB_pic\\resources\\duck01.jpg'
7.3713 	EXP 	polygon: opacity = 0.0
7.3713 	EXP 	displayPicture: image = 'C:\\Users\\Employee\\Google Drive\\UP\\MyResearch\\TaskProgramming\\AB_pic\\resources\\duck01.jpg'
7.3880 	EXP 	polygon: opacity = 0.0
7.3880 	EXP 	displayPicture: image = 'C:\\Users\\Employee\\Google Drive\\UP\\MyResearch\\TaskProgramming\\AB_pic\\resources\\duck01.jpg'
7.4046 	EXP 	polygon: opacity = 0.0
7.4046 	EXP 	displayPicture: image = 'C:\\Users\\Employee\\Google Drive\\UP\\MyResearch\\TaskProgramming\\AB_pic\\resources\\moon.jpg'
7.4214 	EXP 	polygon: opacity = 0.0
7.4214 	EXP 	displayPicture: image = 'C:\\Users\\Employee\\Google Drive\\UP\\MyResearch\\TaskProgramming\\AB_pic\\resources\\moon.jpg'
7.4379 	EXP 	polygon: opacity = 0.0
7.4379 	EXP 	displayPicture: image = 'C:\\Users\\Employee\\Google Drive\\UP\\MyResearch\\TaskProgramming\\AB_pic\\resources\\moon.jpg'
7.4547 	EXP 	polygon: opacity = 0.0
7.4547 	EXP 	displayPicture: image = 'C:\\Users\\Employee\\Google Drive\\UP\\MyResearch\\TaskProgramming\\AB_pic\\resources\\moon.jpg'
7.4713 	EXP 	polygon: opacity = 0.0
7.4713 	EXP 	displayPicture: image = 'C:\\Users\\Employee\\Google Drive\\UP\\MyResearch\\TaskProgramming\\AB_pic\\resources\\moon.jpg'
7.4880 	EXP 	polygon: opacity = 0.0
7.4880 	EXP 	displayPicture: image = 'C:\\Users\\Employee\\Google Drive\\UP\\MyResearch\\TaskProgramming\\AB_pic\\resources\\moon.jpg'
7.5046 	EXP 	polygon: opacity = 0.0
7.5046 	EXP 	displayPicture: image = 'C:\\Users\\Employee\\Google Drive\\UP\\MyResearch\\TaskProgramming\\AB_pic\\resources\\moon.jpg'
7.5213 	EXP 	polygon: opacity = 0.0
7.5213 	EXP 	displayPicture: image = 'C:\\Users\\Employee\\Google Drive\\UP\\MyResearch\\TaskProgramming\\AB_pic\\resources\\moon.jpg'
7.5380 	EXP 	polygon: opacity = 0.0
7.5380 	EXP 	displayPicture: image = 'C:\\Users\\Employee\\Google Drive\\UP\\MyResearch\\TaskProgramming\\AB_pic\\resources\\moon.jpg'
7.5713 	EXP 	polygon: opacity = 0.0
7.5713 	EXP 	displayPicture: image = 'C:\\Users\\Employee\\Google Drive\\UP\\MyResearch\\TaskProgramming\\AB_pic\\resources\\moon.jpg'
7.5713 	EXP 	polygon: autoDraw = False
7.5713 	EXP 	displayPicture: autoDraw = False
7.5713 	EXP 	option1_t1: image = 'C:\\Users\\Employee\\Google Drive\\UP\\MyResearch\\TaskProgramming\\AB_pic\\resources\\dalmatian.jpg'
7.5713 	EXP 	option2_t1: image = 'C:\\Users\\Employee\\Google Drive\\UP\\MyResearch\\TaskProgramming\\AB_pic\\resources\\dalmatian.jpg'
7.5713 	EXP 	option1_t1: autoDraw = True
7.5713 	EXP 	option2_t1: autoDraw = True
10.4055 	DATA 	Keypress: left
10.4211 	EXP 	option1_t1: autoDraw = False
10.4211 	EXP 	option2_t1: autoDraw = False
10.4211 	EXP 	option1_t2: image = 'C:\\Users\\Employee\\Google Drive\\UP\\MyResearch\\TaskProgramming\\AB_pic\\resources\\masquerademask01.jpg'
10.4211 	EXP 	option2_t2: image = 'C:\\Users\\Employee\\Google Drive\\UP\\MyResearch\\TaskProgramming\\AB_pic\\resources\\cocktailshrimp02.jpg'
10.4211 	EXP 	option1_t2: autoDraw = True
10.4211 	EXP 	option2_t2: autoDraw = True
12.1915 	DATA 	Keypress: right
12.2116 	EXP 	New trial (rep=0, index=1): OrderedDict([('trialType', 'AB'), ('cndTyp', 'lag1'), ('lag', 1), ('T1_loc', 4), ('gap', 0), ('T2_loc', 5), ('primePos', 103), ('stimLen', 0.15), ('isi', 0.04)])
12.2377 	EXP 	option1_t2: autoDraw = False
12.2377 	EXP 	option2_t2: autoDraw = False
12.2377 	EXP 	polygon: autoDraw = True
12.2377 	EXP 	polygon: opacity = 0.0
12.2377 	EXP 	displayPicture: autoDraw = True
12.2377 	EXP 	displayPicture: image = 'C:\\Users\\Employee\\Google Drive\\UP\\MyResearch\\TaskProgramming\\AB_pic\\resources\\wheelchair.jpg'
12.2544 	EXP 	polygon: opacity = 0.0
12.2544 	EXP 	displayPicture: image = 'C:\\Users\\Employee\\Google Drive\\UP\\MyResearch\\TaskProgramming\\AB_pic\\resources\\wheelchair.jpg'
12.2711 	EXP 	polygon: opacity = 0.0
12.2711 	EXP 	displayPicture: image = 'C:\\Users\\Employee\\Google Drive\\UP\\MyResearch\\TaskProgramming\\AB_pic\\resources\\wheelchair.jpg'
12.2877 	EXP 	polygon: opacity = 0.0
12.2877 	EXP 	displayPicture: image = 'C:\\Users\\Employee\\Google Drive\\UP\\MyResearch\\TaskProgramming\\AB_pic\\resources\\wheelchair.jpg'
12.3044 	EXP 	polygon: opacity = 0.0
12.3044 	EXP 	displayPicture: image = 'C:\\Users\\Employee\\Google Drive\\UP\\MyResearch\\TaskProgramming\\AB_pic\\resources\\wheelchair.jpg'
12.3211 	EXP 	polygon: opacity = 0.0
12.3211 	EXP 	displayPicture: image = 'C:\\Users\\Employee\\Google Drive\\UP\\MyResearch\\TaskProgramming\\AB_pic\\resources\\wheelchair.jpg'
12.3377 	EXP 	polygon: opacity = 0.0
12.3377 	EXP 	displayPicture: image = 'C:\\Users\\Employee\\Google Drive\\UP\\MyResearch\\TaskProgramming\\AB_pic\\resources\\wheelchair.jpg'
12.3544 	EXP 	polygon: opacity = 0.0
12.3544 	EXP 	displayPicture: image = 'C:\\Users\\Employee\\Google Drive\\UP\\MyResearch\\TaskProgramming\\AB_pic\\resources\\wheelchair.jpg'
12.3711 	EXP 	polygon: opacity = 0.0
12.3711 	EXP 	displayPicture: image = 'C:\\Users\\Employee\\Google Drive\\UP\\MyResearch\\TaskProgramming\\AB_pic\\resources\\wallclock.jpg'
12.4044 	EXP 	polygon: opacity = 0.0
12.4044 	EXP 	displayPicture: image = 'C:\\Users\\Employee\\Google Drive\\UP\\MyResearch\\TaskProgramming\\AB_pic\\resources\\wallclock.jpg'
12.4211 	EXP 	polygon: opacity = 0.0
12.4211 	EXP 	displayPicture: image = 'C:\\Users\\Employee\\Google Drive\\UP\\MyResearch\\TaskProgramming\\AB_pic\\resources\\wallclock.jpg'
12.4544 	EXP 	polygon: opacity = 0.0
12.4544 	EXP 	displayPicture: image = 'C:\\Users\\Employee\\Google Drive\\UP\\MyResearch\\TaskProgramming\\AB_pic\\resources\\wallclock.jpg'
12.4711 	EXP 	polygon: opacity = 0.0
12.4711 	EXP 	displayPicture: image = 'C:\\Users\\Employee\\Google Drive\\UP\\MyResearch\\TaskProgramming\\AB_pic\\resources\\wallclock.jpg'
12.4877 	EXP 	polygon: opacity = 0.0
12.4877 	EXP 	displayPicture: image = 'C:\\Users\\Employee\\Google Drive\\UP\\MyResearch\\TaskProgramming\\AB_pic\\resources\\wallclock.jpg'
12.5212 	EXP 	polygon: opacity = 0.0
12.5212 	EXP 	displayPicture: image = 'C:\\Users\\Employee\\Google Drive\\UP\\MyResearch\\TaskProgramming\\AB_pic\\resources\\wallclock.jpg'
12.5377 	EXP 	polygon: opacity = 0.0
12.5377 	EXP 	displayPicture: image = 'C:\\Users\\Employee\\Google Drive\\UP\\MyResearch\\TaskProgramming\\AB_pic\\resources\\lollipop04.jpg'
12.5544 	EXP 	polygon: opacity = 0.0
12.5544 	EXP 	displayPicture: image = 'C:\\Users\\Employee\\Google Drive\\UP\\MyResearch\\TaskProgramming\\AB_pic\\resources\\lollipop04.jpg'
12.5711 	EXP 	polygon: opacity = 0.0
12.5711 	EXP 	displayPicture: image = 'C:\\Users\\Employee\\Google Drive\\UP\\MyResearch\\TaskProgramming\\AB_pic\\resources\\lollipop04.jpg'
12.5877 	EXP 	polygon: opacity = 0.0
12.5877 	EXP 	displayPicture: image = 'C:\\Users\\Employee\\Google Drive\\UP\\MyResearch\\TaskProgramming\\AB_pic\\resources\\lollipop04.jpg'
12.6044 	EXP 	polygon: opacity = 0.0
12.6044 	EXP 	displayPicture: image = 'C:\\Users\\Employee\\Google Drive\\UP\\MyResearch\\TaskProgramming\\AB_pic\\resources\\lollipop04.jpg'
12.6377 	EXP 	polygon: opacity = 0.0
12.6377 	EXP 	displayPicture: image = 'C:\\Users\\Employee\\Google Drive\\UP\\MyResearch\\TaskProgramming\\AB_pic\\resources\\lollipop04.jpg'
12.6544 	EXP 	polygon: opacity = 0.0
12.6544 	EXP 	displayPicture: image = 'C:\\Users\\Employee\\Google Drive\\UP\\MyResearch\\TaskProgramming\\AB_pic\\resources\\lollipop04.jpg'
12.6711 	EXP 	polygon: opacity = 1.0
12.6711 	EXP 	displayPicture: image = 'C:\\Users\\Employee\\Google Drive\\UP\\MyResearch\\TaskProgramming\\AB_pic\\resources\\airhockeytable.jpg'
12.6877 	EXP 	polygon: opacity = 1.0
12.6877 	EXP 	displayPicture: image = 'C:\\Users\\Employee\\Google Drive\\UP\\MyResearch\\TaskProgramming\\AB_pic\\resources\\airhockeytable.jpg'
12.7044 	EXP 	polygon: opacity = 1.0
12.7044 	EXP 	displayPicture: image = 'C:\\Users\\Employee\\Google Drive\\UP\\MyResearch\\TaskProgramming\\AB_pic\\resources\\airhockeytable.jpg'
12.7211 	EXP 	polygon: opacity = 1.0
12.7211 	EXP 	displayPicture: image = 'C:\\Users\\Employee\\Google Drive\\UP\\MyResearch\\TaskProgramming\\AB_pic\\resources\\airhockeytable.jpg'
12.7544 	EXP 	polygon: opacity = 1.0
12.7544 	EXP 	displayPicture: image = 'C:\\Users\\Employee\\Google Drive\\UP\\MyResearch\\TaskProgramming\\AB_pic\\resources\\airhockeytable.jpg'
12.7711 	EXP 	polygon: opacity = 1.0
12.7711 	EXP 	displayPicture: image = 'C:\\Users\\Employee\\Google Drive\\UP\\MyResearch\\TaskProgramming\\AB_pic\\resources\\airhockeytable.jpg'
12.8044 	EXP 	polygon: opacity = 1.0
12.8044 	EXP 	displayPicture: image = 'C:\\Users\\Employee\\Google Drive\\UP\\MyResearch\\TaskProgramming\\AB_pic\\resources\\airhockeytable.jpg'
12.8211 	EXP 	polygon: opacity = 1.0
12.8211 	EXP 	displayPicture: image = 'C:\\Users\\Employee\\Google Drive\\UP\\MyResearch\\TaskProgramming\\AB_pic\\resources\\nosmokingsign.jpg'
12.8378 	EXP 	polygon: opacity = 1.0
12.8378 	EXP 	displayPicture: image = 'C:\\Users\\Employee\\Google Drive\\UP\\MyResearch\\TaskProgramming\\AB_pic\\resources\\nosmokingsign.jpg'
12.8544 	EXP 	polygon: opacity = 1.0
12.8544 	EXP 	displayPicture: image = 'C:\\Users\\Employee\\Google Drive\\UP\\MyResearch\\TaskProgramming\\AB_pic\\resources\\nosmokingsign.jpg'
12.8710 	EXP 	polygon: opacity = 1.0
12.8710 	EXP 	displayPicture: image = 'C:\\Users\\Employee\\Google Drive\\UP\\MyResearch\\TaskProgramming\\AB_pic\\resources\\nosmokingsign.jpg'
12.8877 	EXP 	polygon: opacity = 1.0
12.8877 	EXP 	displayPicture: image = 'C:\\Users\\Employee\\Google Drive\\UP\\MyResearch\\TaskProgramming\\AB_pic\\resources\\nosmokingsign.jpg'
12.9044 	EXP 	polygon: opacity = 1.0
12.9044 	EXP 	displayPicture: image = 'C:\\Users\\Employee\\Google Drive\\UP\\MyResearch\\TaskProgramming\\AB_pic\\resources\\nosmokingsign.jpg'
12.9210 	EXP 	polygon: opacity = 1.0
12.9210 	EXP 	displayPicture: image = 'C:\\Users\\Employee\\Google Drive\\UP\\MyResearch\\TaskProgramming\\AB_pic\\resources\\nosmokingsign.jpg'
12.9377 	EXP 	polygon: opacity = 1.0
12.9377 	EXP 	displayPicture: image = 'C:\\Users\\Employee\\Google Drive\\UP\\MyResearch\\TaskProgramming\\AB_pic\\resources\\nosmokingsign.jpg'
12.9544 	EXP 	polygon: opacity = 1.0
12.9544 	EXP 	displayPicture: image = 'C:\\Users\\Employee\\Google Drive\\UP\\MyResearch\\TaskProgramming\\AB_pic\\resources\\nosmokingsign.jpg'
12.9711 	EXP 	polygon: opacity = 0.0
12.9711 	EXP 	displayPicture: image = 'C:\\Users\\Employee\\Google Drive\\UP\\MyResearch\\TaskProgramming\\AB_pic\\resources\\popcorn.jpg'
12.9877 	EXP 	polygon: opacity = 0.0
12.9877 	EXP 	displayPicture: image = 'C:\\Users\\Employee\\Google Drive\\UP\\MyResearch\\TaskProgramming\\AB_pic\\resources\\popcorn.jpg'
13.0043 	EXP 	polygon: opacity = 0.0
13.0043 	EXP 	displayPicture: image = 'C:\\Users\\Employee\\Google Drive\\UP\\MyResearch\\TaskProgramming\\AB_pic\\resources\\popcorn.jpg'
13.0210 	EXP 	polygon: opacity = 0.0
13.0210 	EXP 	displayPicture: image = 'C:\\Users\\Employee\\Google Drive\\UP\\MyResearch\\TaskProgramming\\AB_pic\\resources\\popcorn.jpg'
13.0377 	EXP 	polygon: opacity = 0.0
13.0377 	EXP 	displayPicture: image = 'C:\\Users\\Employee\\Google Drive\\UP\\MyResearch\\TaskProgramming\\AB_pic\\resources\\popcorn.jpg'
13.0543 	EXP 	polygon: opacity = 0.0
13.0543 	EXP 	displayPicture: image = 'C:\\Users\\Employee\\Google Drive\\UP\\MyResearch\\TaskProgramming\\AB_pic\\resources\\popcorn.jpg'
13.0710 	EXP 	polygon: opacity = 0.0
13.0710 	EXP 	displayPicture: image = 'C:\\Users\\Employee\\Google Drive\\UP\\MyResearch\\TaskProgramming\\AB_pic\\resources\\popcorn.jpg'
13.0877 	EXP 	polygon: opacity = 0.0
13.0877 	EXP 	displayPicture: image = 'C:\\Users\\Employee\\Google Drive\\UP\\MyResearch\\TaskProgramming\\AB_pic\\resources\\popcorn.jpg'
13.1043 	EXP 	polygon: opacity = 0.0
13.1043 	EXP 	displayPicture: image = 'C:\\Users\\Employee\\Google Drive\\UP\\MyResearch\\TaskProgramming\\AB_pic\\resources\\popcorn.jpg'
13.1210 	EXP 	polygon: opacity = 0.0
13.1210 	EXP 	displayPicture: image = 'C:\\Users\\Employee\\Google Drive\\UP\\MyResearch\\TaskProgramming\\AB_pic\\resources\\moon.jpg'
13.1377 	EXP 	polygon: opacity = 0.0
13.1377 	EXP 	displayPicture: image = 'C:\\Users\\Employee\\Google Drive\\UP\\MyResearch\\TaskProgramming\\AB_pic\\resources\\moon.jpg'
13.1543 	EXP 	polygon: opacity = 0.0
13.1543 	EXP 	displayPicture: image = 'C:\\Users\\Employee\\Google Drive\\UP\\MyResearch\\TaskProgramming\\AB_pic\\resources\\moon.jpg'
13.1710 	EXP 	polygon: opacity = 0.0
13.1710 	EXP 	displayPicture: image = 'C:\\Users\\Employee\\Google Drive\\UP\\MyResearch\\TaskProgramming\\AB_pic\\resources\\moon.jpg'
13.1876 	EXP 	polygon: opacity = 0.0
13.1876 	EXP 	displayPicture: image = 'C:\\Users\\Employee\\Google Drive\\UP\\MyResearch\\TaskProgramming\\AB_pic\\resources\\moon.jpg'
13.2043 	EXP 	polygon: opacity = 0.0
13.2043 	EXP 	displayPicture: image = 'C:\\Users\\Employee\\Google Drive\\UP\\MyResearch\\TaskProgramming\\AB_pic\\resources\\moon.jpg'
13.2210 	EXP 	polygon: opacity = 0.0
13.2210 	EXP 	displayPicture: image = 'C:\\Users\\Employee\\Google Drive\\UP\\MyResearch\\TaskProgramming\\AB_pic\\resources\\moon.jpg'
13.2376 	EXP 	polygon: opacity = 0.0
13.2376 	EXP 	displayPicture: image = 'C:\\Users\\Employee\\Google Drive\\UP\\MyResearch\\TaskProgramming\\AB_pic\\resources\\moon.jpg'
13.2543 	EXP 	polygon: opacity = 0.0
13.2543 	EXP 	displayPicture: image = 'C:\\Users\\Employee\\Google Drive\\UP\\MyResearch\\TaskProgramming\\AB_pic\\resources\\moon.jpg'
13.2710 	EXP 	polygon: opacity = 0.0
13.2710 	EXP 	displayPicture: image = 'C:\\Users\\Employee\\Google Drive\\UP\\MyResearch\\TaskProgramming\\AB_pic\\resources\\crown.jpg'
13.2876 	EXP 	polygon: opacity = 0.0
13.2876 	EXP 	displayPicture: image = 'C:\\Users\\Employee\\Google Drive\\UP\\MyResearch\\TaskProgramming\\AB_pic\\resources\\crown.jpg'
13.3043 	EXP 	polygon: opacity = 0.0
13.3043 	EXP 	displayPicture: image = 'C:\\Users\\Employee\\Google Drive\\UP\\MyResearch\\TaskProgramming\\AB_pic\\resources\\crown.jpg'
13.3209 	EXP 	polygon: opacity = 0.0
13.3209 	EXP 	displayPicture: image = 'C:\\Users\\Employee\\Google Drive\\UP\\MyResearch\\TaskProgramming\\AB_pic\\resources\\crown.jpg'
13.3376 	EXP 	polygon: opacity = 0.0
13.3376 	EXP 	displayPicture: image = 'C:\\Users\\Employee\\Google Drive\\UP\\MyResearch\\TaskProgramming\\AB_pic\\resources\\crown.jpg'
13.3543 	EXP 	polygon: opacity = 0.0
13.3543 	EXP 	displayPicture: image = 'C:\\Users\\Employee\\Google Drive\\UP\\MyResearch\\TaskProgramming\\AB_pic\\resources\\crown.jpg'
13.3710 	EXP 	polygon: opacity = 0.0
13.3710 	EXP 	displayPicture: image = 'C:\\Users\\Employee\\Google Drive\\UP\\MyResearch\\TaskProgramming\\AB_pic\\resources\\crown.jpg'
13.3876 	EXP 	polygon: opacity = 0.0
13.3876 	EXP 	displayPicture: image = 'C:\\Users\\Employee\\Google Drive\\UP\\MyResearch\\TaskProgramming\\AB_pic\\resources\\crown.jpg'
13.4043 	EXP 	polygon: opacity = 0.0
13.4043 	EXP 	displayPicture: image = 'C:\\Users\\Employee\\Google Drive\\UP\\MyResearch\\TaskProgramming\\AB_pic\\resources\\crown.jpg'
13.4210 	EXP 	polygon: opacity = 0.0
13.4210 	EXP 	displayPicture: image = 'C:\\Users\\Employee\\Google Drive\\UP\\MyResearch\\TaskProgramming\\AB_pic\\resources\\cork02.jpg'
13.4376 	EXP 	polygon: opacity = 0.0
13.4376 	EXP 	displayPicture: image = 'C:\\Users\\Employee\\Google Drive\\UP\\MyResearch\\TaskProgramming\\AB_pic\\resources\\cork02.jpg'
13.4543 	EXP 	polygon: opacity = 0.0
13.4543 	EXP 	displayPicture: image = 'C:\\Users\\Employee\\Google Drive\\UP\\MyResearch\\TaskProgramming\\AB_pic\\resources\\cork02.jpg'
13.4710 	EXP 	polygon: opacity = 0.0
13.4710 	EXP 	displayPicture: image = 'C:\\Users\\Employee\\Google Drive\\UP\\MyResearch\\TaskProgramming\\AB_pic\\resources\\cork02.jpg'
13.4876 	EXP 	polygon: opacity = 0.0
13.4876 	EXP 	displayPicture: image = 'C:\\Users\\Employee\\Google Drive\\UP\\MyResearch\\TaskProgramming\\AB_pic\\resources\\cork02.jpg'
13.5043 	EXP 	polygon: opacity = 0.0
13.5043 	EXP 	displayPicture: image = 'C:\\Users\\Employee\\Google Drive\\UP\\MyResearch\\TaskProgramming\\AB_pic\\resources\\cork02.jpg'
13.5210 	EXP 	polygon: opacity = 0.0
13.5210 	EXP 	displayPicture: image = 'C:\\Users\\Employee\\Google Drive\\UP\\MyResearch\\TaskProgramming\\AB_pic\\resources\\cork02.jpg'
13.5376 	EXP 	polygon: opacity = 0.0
13.5376 	EXP 	displayPicture: image = 'C:\\Users\\Employee\\Google Drive\\UP\\MyResearch\\TaskProgramming\\AB_pic\\resources\\cork02.jpg'
13.5543 	EXP 	polygon: opacity = 0.0
13.5543 	EXP 	displayPicture: image = 'C:\\Users\\Employee\\Google Drive\\UP\\MyResearch\\TaskProgramming\\AB_pic\\resources\\cork02.jpg'
13.5709 	EXP 	polygon: opacity = 0.0
13.5709 	EXP 	displayPicture: image = 'C:\\Users\\Employee\\Google Drive\\UP\\MyResearch\\TaskProgramming\\AB_pic\\resources\\toucan.jpg'
13.5876 	EXP 	polygon: opacity = 0.0
13.5876 	EXP 	displayPicture: image = 'C:\\Users\\Employee\\Google Drive\\UP\\MyResearch\\TaskProgramming\\AB_pic\\resources\\toucan.jpg'
13.6043 	EXP 	polygon: opacity = 0.0
13.6043 	EXP 	displayPicture: image = 'C:\\Users\\Employee\\Google Drive\\UP\\MyResearch\\TaskProgramming\\AB_pic\\resources\\toucan.jpg'
13.6209 	EXP 	polygon: opacity = 0.0
13.6209 	EXP 	displayPicture: image = 'C:\\Users\\Employee\\Google Drive\\UP\\MyResearch\\TaskProgramming\\AB_pic\\resources\\toucan.jpg'
13.6376 	EXP 	polygon: opacity = 0.0
13.6376 	EXP 	displayPicture: image = 'C:\\Users\\Employee\\Google Drive\\UP\\MyResearch\\TaskProgramming\\AB_pic\\resources\\toucan.jpg'
13.6543 	EXP 	polygon: opacity = 0.0
13.6543 	EXP 	displayPicture: image = 'C:\\Users\\Employee\\Google Drive\\UP\\MyResearch\\TaskProgramming\\AB_pic\\resources\\toucan.jpg'
13.6710 	EXP 	polygon: opacity = 0.0
13.6710 	EXP 	displayPicture: image = 'C:\\Users\\Employee\\Google Drive\\UP\\MyResearch\\TaskProgramming\\AB_pic\\resources\\toucan.jpg'
13.6876 	EXP 	polygon: opacity = 0.0
13.6876 	EXP 	displayPicture: image = 'C:\\Users\\Employee\\Google Drive\\UP\\MyResearch\\TaskProgramming\\AB_pic\\resources\\toucan.jpg'
13.7043 	EXP 	polygon: opacity = 0.0
13.7043 	EXP 	displayPicture: image = 'C:\\Users\\Employee\\Google Drive\\UP\\MyResearch\\TaskProgramming\\AB_pic\\resources\\toucan.jpg'
13.7209 	EXP 	polygon: opacity = 0.0
13.7209 	EXP 	displayPicture: image = 'C:\\Users\\Employee\\Google Drive\\UP\\MyResearch\\TaskProgramming\\AB_pic\\resources\\footballhelmet.jpg'
13.7376 	EXP 	polygon: opacity = 0.0
13.7376 	EXP 	displayPicture: image = 'C:\\Users\\Employee\\Google Drive\\UP\\MyResearch\\TaskProgramming\\AB_pic\\resources\\footballhelmet.jpg'
13.7551 	EXP 	polygon: opacity = 0.0
13.7551 	EXP 	displayPicture: image = 'C:\\Users\\Employee\\Google Drive\\UP\\MyResearch\\TaskProgramming\\AB_pic\\resources\\footballhelmet.jpg'
13.7709 	EXP 	polygon: opacity = 0.0
13.7709 	EXP 	displayPicture: image = 'C:\\Users\\Employee\\Google Drive\\UP\\MyResearch\\TaskProgramming\\AB_pic\\resources\\footballhelmet.jpg'
13.7876 	EXP 	polygon: opacity = 0.0
13.7876 	EXP 	displayPicture: image = 'C:\\Users\\Employee\\Google Drive\\UP\\MyResearch\\TaskProgramming\\AB_pic\\resources\\footballhelmet.jpg'
13.8043 	EXP 	polygon: opacity = 0.0
13.8043 	EXP 	displayPicture: image = 'C:\\Users\\Employee\\Google Drive\\UP\\MyResearch\\TaskProgramming\\AB_pic\\resources\\footballhelmet.jpg'
13.8210 	EXP 	polygon: opacity = 0.0
13.8210 	EXP 	displayPicture: image = 'C:\\Users\\Employee\\Google Drive\\UP\\MyResearch\\TaskProgramming\\AB_pic\\resources\\footballhelmet.jpg'
13.8376 	EXP 	polygon: opacity = 0.0
13.8376 	EXP 	displayPicture: image = 'C:\\Users\\Employee\\Google Drive\\UP\\MyResearch\\TaskProgramming\\AB_pic\\resources\\footballhelmet.jpg'
13.8543 	EXP 	polygon: opacity = 0.0
13.8543 	EXP 	displayPicture: image = 'C:\\Users\\Employee\\Google Drive\\UP\\MyResearch\\TaskProgramming\\AB_pic\\resources\\footballhelmet.jpg'
13.8709 	EXP 	polygon: opacity = 0.0
13.8709 	EXP 	displayPicture: image = 'C:\\Users\\Employee\\Google Drive\\UP\\MyResearch\\TaskProgramming\\AB_pic\\resources\\sword01.jpg'
13.8876 	EXP 	polygon: opacity = 0.0
13.8876 	EXP 	displayPicture: image = 'C:\\Users\\Employee\\Google Drive\\UP\\MyResearch\\TaskProgramming\\AB_pic\\resources\\sword01.jpg'
13.9042 	EXP 	polygon: opacity = 0.0
13.9042 	EXP 	displayPicture: image = 'C:\\Users\\Employee\\Google Drive\\UP\\MyResearch\\TaskProgramming\\AB_pic\\resources\\sword01.jpg'
13.9209 	EXP 	polygon: opacity = 0.0
13.9209 	EXP 	displayPicture: image = 'C:\\Users\\Employee\\Google Drive\\UP\\MyResearch\\TaskProgramming\\AB_pic\\resources\\sword01.jpg'
13.9376 	EXP 	polygon: opacity = 0.0
13.9376 	EXP 	displayPicture: image = 'C:\\Users\\Employee\\Google Drive\\UP\\MyResearch\\TaskProgramming\\AB_pic\\resources\\sword01.jpg'
13.9542 	EXP 	polygon: opacity = 0.0
13.9542 	EXP 	displayPicture: image = 'C:\\Users\\Employee\\Google Drive\\UP\\MyResearch\\TaskProgramming\\AB_pic\\resources\\sword01.jpg'
13.9709 	EXP 	polygon: opacity = 0.0
13.9709 	EXP 	displayPicture: image = 'C:\\Users\\Employee\\Google Drive\\UP\\MyResearch\\TaskProgramming\\AB_pic\\resources\\sword01.jpg'
13.9876 	EXP 	polygon: opacity = 0.0
13.9876 	EXP 	displayPicture: image = 'C:\\Users\\Employee\\Google Drive\\UP\\MyResearch\\TaskProgramming\\AB_pic\\resources\\sword01.jpg'
14.0043 	EXP 	polygon: opacity = 0.0
14.0043 	EXP 	displayPicture: image = 'C:\\Users\\Employee\\Google Drive\\UP\\MyResearch\\TaskProgramming\\AB_pic\\resources\\sword01.jpg'
14.0209 	EXP 	polygon: opacity = 0.0
14.0209 	EXP 	displayPicture: image = 'C:\\Users\\Employee\\Google Drive\\UP\\MyResearch\\TaskProgramming\\AB_pic\\resources\\lollipop04.jpg'
14.0376 	EXP 	polygon: opacity = 0.0
14.0376 	EXP 	displayPicture: image = 'C:\\Users\\Employee\\Google Drive\\UP\\MyResearch\\TaskProgramming\\AB_pic\\resources\\lollipop04.jpg'
14.0542 	EXP 	polygon: opacity = 0.0
14.0542 	EXP 	displayPicture: image = 'C:\\Users\\Employee\\Google Drive\\UP\\MyResearch\\TaskProgramming\\AB_pic\\resources\\lollipop04.jpg'
14.0709 	EXP 	polygon: opacity = 0.0
14.0709 	EXP 	displayPicture: image = 'C:\\Users\\Employee\\Google Drive\\UP\\MyResearch\\TaskProgramming\\AB_pic\\resources\\lollipop04.jpg'
14.0876 	EXP 	polygon: opacity = 0.0
14.0876 	EXP 	displayPicture: image = 'C:\\Users\\Employee\\Google Drive\\UP\\MyResearch\\TaskProgramming\\AB_pic\\resources\\lollipop04.jpg'
14.1042 	EXP 	polygon: opacity = 0.0
14.1042 	EXP 	displayPicture: image = 'C:\\Users\\Employee\\Google Drive\\UP\\MyResearch\\TaskProgramming\\AB_pic\\resources\\lollipop04.jpg'
14.1209 	EXP 	polygon: opacity = 0.0
14.1209 	EXP 	displayPicture: image = 'C:\\Users\\Employee\\Google Drive\\UP\\MyResearch\\TaskProgramming\\AB_pic\\resources\\lollipop04.jpg'
14.1376 	EXP 	polygon: opacity = 0.0
14.1376 	EXP 	displayPicture: image = 'C:\\Users\\Employee\\Google Drive\\UP\\MyResearch\\TaskProgramming\\AB_pic\\resources\\lollipop04.jpg'
14.1542 	EXP 	polygon: opacity = 0.0
14.1542 	EXP 	displayPicture: image = 'C:\\Users\\Employee\\Google Drive\\UP\\MyResearch\\TaskProgramming\\AB_pic\\resources\\lollipop04.jpg'
14.1709 	EXP 	polygon: opacity = 0.0
14.1709 	EXP 	displayPicture: image = 'C:\\Users\\Employee\\Google Drive\\UP\\MyResearch\\TaskProgramming\\AB_pic\\resources\\sword01.jpg'
14.1876 	EXP 	polygon: opacity = 0.0
14.1876 	EXP 	displayPicture: image = 'C:\\Users\\Employee\\Google Drive\\UP\\MyResearch\\TaskProgramming\\AB_pic\\resources\\sword01.jpg'
14.2042 	EXP 	polygon: opacity = 0.0
14.2042 	EXP 	displayPicture: image = 'C:\\Users\\Employee\\Google Drive\\UP\\MyResearch\\TaskProgramming\\AB_pic\\resources\\sword01.jpg'
14.2209 	EXP 	polygon: opacity = 0.0
14.2209 	EXP 	displayPicture: image = 'C:\\Users\\Employee\\Google Drive\\UP\\MyResearch\\TaskProgramming\\AB_pic\\resources\\sword01.jpg'
14.2376 	EXP 	polygon: opacity = 0.0
14.2376 	EXP 	displayPicture: image = 'C:\\Users\\Employee\\Google Drive\\UP\\MyResearch\\TaskProgramming\\AB_pic\\resources\\sword01.jpg'
14.2542 	EXP 	polygon: opacity = 0.0
14.2542 	EXP 	displayPicture: image = 'C:\\Users\\Employee\\Google Drive\\UP\\MyResearch\\TaskProgramming\\AB_pic\\resources\\sword01.jpg'
14.2709 	EXP 	polygon: opacity = 0.0
14.2709 	EXP 	displayPicture: image = 'C:\\Users\\Employee\\Google Drive\\UP\\MyResearch\\TaskProgramming\\AB_pic\\resources\\sword01.jpg'
14.2876 	EXP 	polygon: opacity = 0.0
14.2876 	EXP 	displayPicture: image = 'C:\\Users\\Employee\\Google Drive\\UP\\MyResearch\\TaskProgramming\\AB_pic\\resources\\sword01.jpg'
14.3042 	EXP 	polygon: opacity = 0.0
14.3042 	EXP 	displayPicture: image = 'C:\\Users\\Employee\\Google Drive\\UP\\MyResearch\\TaskProgramming\\AB_pic\\resources\\sword01.jpg'
14.3209 	EXP 	polygon: opacity = 0.0
14.3209 	EXP 	displayPicture: image = 'C:\\Users\\Employee\\Google Drive\\UP\\MyResearch\\TaskProgramming\\AB_pic\\resources\\lollipop04.jpg'
14.3376 	EXP 	polygon: opacity = 0.0
14.3376 	EXP 	displayPicture: image = 'C:\\Users\\Employee\\Google Drive\\UP\\MyResearch\\TaskProgramming\\AB_pic\\resources\\lollipop04.jpg'
14.3542 	EXP 	polygon: opacity = 0.0
14.3542 	EXP 	displayPicture: image = 'C:\\Users\\Employee\\Google Drive\\UP\\MyResearch\\TaskProgramming\\AB_pic\\resources\\lollipop04.jpg'
14.3709 	EXP 	polygon: opacity = 0.0
14.3709 	EXP 	displayPicture: image = 'C:\\Users\\Employee\\Google Drive\\UP\\MyResearch\\TaskProgramming\\AB_pic\\resources\\lollipop04.jpg'
14.3876 	EXP 	polygon: opacity = 0.0
14.3876 	EXP 	displayPicture: image = 'C:\\Users\\Employee\\Google Drive\\UP\\MyResearch\\TaskProgramming\\AB_pic\\resources\\lollipop04.jpg'
14.4042 	EXP 	polygon: opacity = 0.0
14.4042 	EXP 	displayPicture: image = 'C:\\Users\\Employee\\Google Drive\\UP\\MyResearch\\TaskProgramming\\AB_pic\\resources\\lollipop04.jpg'
14.4209 	EXP 	polygon: opacity = 0.0
14.4209 	EXP 	displayPicture: image = 'C:\\Users\\Employee\\Google Drive\\UP\\MyResearch\\TaskProgramming\\AB_pic\\resources\\lollipop04.jpg'
14.4375 	EXP 	polygon: opacity = 0.0
14.4375 	EXP 	displayPicture: image = 'C:\\Users\\Employee\\Google Drive\\UP\\MyResearch\\TaskProgramming\\AB_pic\\resources\\lollipop04.jpg'
14.4542 	EXP 	polygon: opacity = 0.0
14.4542 	EXP 	displayPicture: image = 'C:\\Users\\Employee\\Google Drive\\UP\\MyResearch\\TaskProgramming\\AB_pic\\resources\\lollipop04.jpg'
14.4875 	EXP 	polygon: opacity = 0.0
14.4875 	EXP 	displayPicture: image = 'C:\\Users\\Employee\\Google Drive\\UP\\MyResearch\\TaskProgramming\\AB_pic\\resources\\lollipop04.jpg'
14.4875 	EXP 	polygon: autoDraw = False
14.4875 	EXP 	displayPicture: autoDraw = False
14.4875 	EXP 	option1_t1: image = 'C:\\Users\\Employee\\Google Drive\\UP\\MyResearch\\TaskProgramming\\AB_pic\\resources\\airhockeytable.jpg'
14.4875 	EXP 	option2_t1: image = 'C:\\Users\\Employee\\Google Drive\\UP\\MyResearch\\TaskProgramming\\AB_pic\\resources\\vulture.jpg'
14.4875 	EXP 	option1_t1: autoDraw = True
14.4875 	EXP 	option2_t1: autoDraw = True
15.2628 	DATA 	Keypress: left
15.2875 	EXP 	option1_t1: autoDraw = False
15.2875 	EXP 	option2_t1: autoDraw = False
15.2875 	EXP 	option1_t2: image = 'C:\\Users\\Employee\\Google Drive\\UP\\MyResearch\\TaskProgramming\\AB_pic\\resources\\nosmokingsign.jpg'
15.2875 	EXP 	option2_t2: image = 'C:\\Users\\Employee\\Google Drive\\UP\\MyResearch\\TaskProgramming\\AB_pic\\resources\\popcorn.jpg'
15.2875 	EXP 	option1_t2: autoDraw = True
15.2875 	EXP 	option2_t2: autoDraw = True
18.0748 	DATA 	Keypress: escape
18.2292 	EXP 	window1: mouseVisible = True
