0.8858 	WARNING 	We strongly recommend you activate the PTB sound engine in PsychoPy prefs as the preferred audio engine. Its timing is vastly superior. Your prefs are currently set to use ['sounddevice', 'PTB', 'pyo', 'pygame'] (in that order).
4.1395 	WARNING 	User requested fullscreen with size [1024  768], but screen is actually [1920, 1080]. Using actual size
5.0756 	EXP 	Created window1 = Window(allowGUI=False, allowStencil=False, args=UNKNOWN, autoLog=True, bitsMode=UNKNOWN, blendMode='avg', bpc=(8, 8, 8), color=array([0., 0., 0.]), colorSpace='rgb', depthBits=8, fullscr=<method-wrapper '__getattribute__' of attributeSetter object at 0x00000254FA004F28>, gamma=None, gammaErrorPolicy='raise', kwargs=UNKNOWN, lms=UNKNOWN, monitor=<psychopy.monitors.calibTools.Monitor object at 0x00000254F9D52588>, multiSample=False, name='window1', numSamples=2, pos=[0.0, 0.0], screen=0, size=array([1920, 1080]), stencilBits=0, stereo=False, units='height', useFBO=True, useRetina=False, viewOri=0.0, viewPos=None, viewScale=None, waitBlanking=True, winType='pyglet')
5.0761 	EXP 	window1: mouseVisible = True
5.0761 	EXP 	window1: recordFrameIntervals = False
5.2419 	EXP 	window1: recordFrameIntervals = True
5.4254 	EXP 	window1: recordFrameIntervals = False
5.5951 	EXP 	Created text_3 = TextStim(__class__=<class 'psychopy.visual.text.TextStim'>, alignHoriz=method-wrapper(...), alignText='center', alignVert=method-wrapper(...), anchorHoriz='center', anchorVert='center', antialias=True, autoLog=True, bold=False, color='white', colorSpace='named', contrast=1.0, depth=0.0, flipHoriz=False, flipVert=False, font='Arial', fontFiles=[], height=0.05, italic=False, languageStyle='LTR', name='text_3', opacity=1.0, ori=0, pos=array([0., 0.]), rgb=array([255., 255., 255.]), text=str(...), units='height', win=Window(...), wrapWidth=1.5)
5.5997 	EXP 	Created option1 = ImageStim(__class__=<class 'psychopy.visual.image.ImageStim'>, autoLog=True, color=array([1., 1., 1.]), colorSpace='rgb', contrast=1.0, depth=-1.0, flipHoriz=False, flipVert=False, image='sin', interpolate=True, mask=None, maskParams=None, name='option1', opacity=1.0, ori=0.0, pos=array([-0.3,  0. ]), size=array([0.25, 0.25]), texRes=128, units='height', win=Window(...))
5.6023 	EXP 	Created option2 = ImageStim(__class__=<class 'psychopy.visual.image.ImageStim'>, autoLog=True, color=array([1., 1., 1.]), colorSpace='rgb', contrast=1.0, depth=-2.0, flipHoriz=False, flipVert=False, image='sin', interpolate=True, mask=None, maskParams=None, name='option2', opacity=1.0, ori=0.0, pos=array([0.3, 0. ]), size=array([0.25, 0.25]), texRes=128, units='height', win=Window(...))
5.6113 	EXP 	Created text_2 = TextStim(__class__=<class 'psychopy.visual.text.TextStim'>, alignHoriz=method-wrapper(...), alignText='center', alignVert=method-wrapper(...), anchorHoriz='center', anchorVert='center', antialias=True, autoLog=True, bold=False, color='white', colorSpace='named', contrast=1.0, depth=-3.0, flipHoriz=False, flipVert=False, font='Arial', fontFiles=[], height=0.1, italic=False, languageStyle='LTR', name='text_2', opacity=1.0, ori=0, pos=array([0., 0.]), rgb=array([255., 255., 255.]), text='+', units='height', win=Window(...), wrapWidth=1)
5.6143 	EXP 	Created displayPicture = ImageStim(__class__=<class 'psychopy.visual.image.ImageStim'>, autoLog=True, color=array([1., 1., 1.]), colorSpace='rgb', contrast=1.0, depth=-6.0, flipHoriz=False, flipVert=False, image='sin', interpolate=True, mask=None, maskParams=None, name='displayPicture', opacity=1.0, ori=0.0, pos=array([0., 0.]), size=array([0.25, 0.25]), texRes=128, units='height', win=Window(...))
5.6160 	EXP 	Created polygon_2 = Rect(__class__=<class 'psychopy.visual.rect.Rect'>, autoDraw=False, autoLog=True, closeShape=True, color=method-wrapper(...), colorSpace=None, contrast=1.0, depth=-7.0, fillColor=array([1., 1., 1.]), fillColorSpace='rgb', fillRGB=array([1., 1., 1.]), interpolate=True, lineColor=array([1., 1., 1.]), lineColorSpace='rgb', lineRGB=array([1., 1., 1.]), lineWidth=0, name='polygon_2', opacity=1.0, ori=array(0.), pos=array([0., 0.]), size=array([0.25, 0.25]), units='height', vertices=ndarray(...), win=Window(...))
5.6176 	EXP 	Created polygon_4 = ShapeStim(__class__=<class 'psychopy.visual.shape.ShapeStim'>, autoDraw=False, autoLog=True, closeShape=True, contrast=1.0, depth=0.0, fillColor=array([1., 0., 0.]), fillColorSpace='rgb', interpolate=True, lineColor=array([1., 1., 1.]), lineColorSpace='rgb', lineWidth=1, name='polygon_4', opacity=1.0, ori=array(0.), pos=array([0., 0.]), size=array([1., 1.]), units='height', vertices=ndarray(...), win=Window(...), windingRule=None)
5.6207 	EXP 	Created option1_t1 = ImageStim(__class__=<class 'psychopy.visual.image.ImageStim'>, autoLog=True, color=array([1., 1., 1.]), colorSpace='rgb', contrast=1.0, depth=-2.0, flipHoriz=False, flipVert=False, image='sin', interpolate=True, mask=None, maskParams=None, name='option1_t1', opacity=1.0, ori=0.0, pos=array([0., 0.]), size=array([0.25, 0.25]), texRes=128, units='height', win=Window(...))
5.6225 	EXP 	Created polygon_5 = ShapeStim(__class__=<class 'psychopy.visual.shape.ShapeStim'>, autoDraw=False, autoLog=True, closeShape=True, contrast=1.0, depth=0.0, fillColor=array([0., 0., 1.]), fillColorSpace='rgb', interpolate=True, lineColor=array([1., 1., 1.]), lineColorSpace='rgb', lineWidth=1, name='polygon_5', opacity=1.0, ori=array(0.), pos=array([0., 0.]), size=array([0.7, 0.7]), units='height', vertices=ndarray(...), win=Window(...), windingRule=None)
5.6257 	EXP 	Created option1_t2 = ImageStim(__class__=<class 'psychopy.visual.image.ImageStim'>, autoLog=True, color=array([1., 1., 1.]), colorSpace='rgb', contrast=1.0, depth=-2.0, flipHoriz=False, flipVert=False, image='sin', interpolate=True, mask=None, maskParams=None, name='option1_t2', opacity=1.0, ori=0.0, pos=array([0., 0.]), size=array([0.25, 0.25]), texRes=128, units='height', win=Window(...))
5.6469 	EXP 	Created feedbackText = TextStim(__class__=<class 'psychopy.visual.text.TextStim'>, alignHoriz=method-wrapper(...), alignText='center', alignVert=method-wrapper(...), anchorHoriz='center', anchorVert='center', antialias=True, autoLog=True, bold=False, color='white', colorSpace='named', contrast=1.0, depth=-1.0, flipHoriz=False, flipVert=False, font='Arial', fontFiles=[], height=0.1, italic=False, languageStyle='LTR', name='feedbackText', opacity=1.0, ori=0, pos=array([0., 0.]), rgb=array([255., 255., 255.]), text='default text', units='height', win=Window(...), wrapWidth=1)
5.6509 	EXP 	Created text = TextStim(__class__=<class 'psychopy.visual.text.TextStim'>, alignHoriz=method-wrapper(...), alignText='center', alignVert=method-wrapper(...), anchorHoriz='center', anchorVert='center', antialias=True, autoLog=True, bold=False, color='white', colorSpace='named', contrast=1.0, depth=-3.0, flipHoriz=False, flipVert=False, font='Arial', fontFiles=[], height=0.1, italic=False, languageStyle='LTR', name='text', opacity=1.0, ori=0, pos=array([0., 0.]), rgb=array([255., 255., 255.]), text='default text', units='height', win=Window(...), wrapWidth=1)
5.6748 	EXP 	Created text_4 = TextStim(__class__=<class 'psychopy.visual.text.TextStim'>, alignHoriz=method-wrapper(...), alignText='center', alignVert=method-wrapper(...), anchorHoriz='center', anchorVert='center', antialias=True, autoLog=True, bold=False, color='white', colorSpace='named', contrast=1.0, depth=0.0, flipHoriz=False, flipVert=False, font='Arial', fontFiles=[], height=0.05, italic=False, languageStyle='LTR', name='text_4', opacity=1.0, ori=0, pos=array([0., 0.]), rgb=array([255., 255., 255.]), text=str(...), units='height', win=Window(...), wrapWidth=1.5)
5.6777 	EXP 	Created option1_2 = ImageStim(__class__=<class 'psychopy.visual.image.ImageStim'>, autoLog=True, color=array([1., 1., 1.]), colorSpace='rgb', contrast=1.0, depth=-1.0, flipHoriz=False, flipVert=False, image='sin', interpolate=True, mask=None, maskParams=None, name='option1_2', opacity=1.0, ori=0.0, pos=array([-0.3,  0. ]), size=array([0.25, 0.25]), texRes=128, units='height', win=Window(...))
5.6803 	EXP 	Created option2_2 = ImageStim(__class__=<class 'psychopy.visual.image.ImageStim'>, autoLog=True, color=array([1., 1., 1.]), colorSpace='rgb', contrast=1.0, depth=-2.0, flipHoriz=False, flipVert=False, image='sin', interpolate=True, mask=None, maskParams=None, name='option2_2', opacity=1.0, ori=0.0, pos=array([0.3, 0. ]), size=array([0.25, 0.25]), texRes=128, units='height', win=Window(...))
5.6818 	EXP 	Created text_5 = TextStim(__class__=<class 'psychopy.visual.text.TextStim'>, alignHoriz=method-wrapper(...), alignText='center', alignVert=method-wrapper(...), anchorHoriz='center', anchorVert='center', antialias=True, autoLog=True, bold=False, color='white', colorSpace='named', contrast=1.0, depth=-3.0, flipHoriz=False, flipVert=False, font='Arial', fontFiles=[], height=0.1, italic=False, languageStyle='LTR', name='text_5', opacity=1.0, ori=0, pos=array([0., 0.]), rgb=array([255., 255., 255.]), text='+', units='height', win=Window(...), wrapWidth=1)
5.6842 	EXP 	Created displayPicture_2 = ImageStim(__class__=<class 'psychopy.visual.image.ImageStim'>, autoLog=True, color=array([1., 1., 1.]), colorSpace='rgb', contrast=1.0, depth=-6.0, flipHoriz=False, flipVert=False, image='sin', interpolate=True, mask=None, maskParams=None, name='displayPicture_2', opacity=1.0, ori=0.0, pos=array([0., 0.]), size=array([0.25, 0.25]), texRes=128, units='height', win=Window(...))
5.6855 	EXP 	Created polygon_10 = Rect(__class__=<class 'psychopy.visual.rect.Rect'>, autoDraw=False, autoLog=True, closeShape=True, color=method-wrapper(...), colorSpace=None, contrast=1.0, depth=-7.0, fillColor=array([1., 1., 1.]), fillColorSpace='rgb', fillRGB=array([1., 1., 1.]), interpolate=True, lineColor=array([1., 1., 1.]), lineColorSpace='rgb', lineRGB=array([1., 1., 1.]), lineWidth=0, name='polygon_10', opacity=1.0, ori=array(0.), pos=array([0., 0.]), size=array([0.25, 0.25]), units='height', vertices=ndarray(...), win=Window(...))
5.6867 	EXP 	Created polygon_7 = ShapeStim(__class__=<class 'psychopy.visual.shape.ShapeStim'>, autoDraw=False, autoLog=True, closeShape=True, contrast=1.0, depth=0.0, fillColor=array([1., 0., 0.]), fillColorSpace='rgb', interpolate=True, lineColor=array([1., 1., 1.]), lineColorSpace='rgb', lineWidth=1, name='polygon_7', opacity=1.0, ori=array(0.), pos=array([0., 0.]), size=array([1., 1.]), units='height', vertices=ndarray(...), win=Window(...), windingRule=None)
5.6891 	EXP 	Created option1_t1_2 = ImageStim(__class__=<class 'psychopy.visual.image.ImageStim'>, autoLog=True, color=array([1., 1., 1.]), colorSpace='rgb', contrast=1.0, depth=-2.0, flipHoriz=False, flipVert=False, image='sin', interpolate=True, mask=None, maskParams=None, name='option1_t1_2', opacity=1.0, ori=0.0, pos=array([0., 0.]), size=array([0.25, 0.25]), texRes=128, units='height', win=Window(...))
5.6908 	EXP 	Created polygon_6 = ShapeStim(__class__=<class 'psychopy.visual.shape.ShapeStim'>, autoDraw=False, autoLog=True, closeShape=True, contrast=1.0, depth=0.0, fillColor=array([0., 0., 1.]), fillColorSpace='rgb', interpolate=True, lineColor=array([1., 1., 1.]), lineColorSpace='rgb', lineWidth=1, name='polygon_6', opacity=1.0, ori=array(0.), pos=array([0., 0.]), size=array([0.7, 0.7]), units='height', vertices=ndarray(...), win=Window(...), windingRule=None)
5.6933 	EXP 	Created option1_t2_2 = ImageStim(__class__=<class 'psychopy.visual.image.ImageStim'>, autoLog=True, color=array([1., 1., 1.]), colorSpace='rgb', contrast=1.0, depth=-2.0, flipHoriz=False, flipVert=False, image='sin', interpolate=True, mask=None, maskParams=None, name='option1_t2_2', opacity=1.0, ori=0.0, pos=array([0., 0.]), size=array([0.25, 0.25]), texRes=128, units='height', win=Window(...))
5.6963 	EXP 	Created text = TextStim(__class__=<class 'psychopy.visual.text.TextStim'>, alignHoriz=method-wrapper(...), alignText='center', alignVert=method-wrapper(...), anchorHoriz='center', anchorVert='center', antialias=True, autoLog=True, bold=False, color='white', colorSpace='named', contrast=1.0, depth=-3.0, flipHoriz=False, flipVert=False, font='Arial', fontFiles=[], height=0.1, italic=False, languageStyle='LTR', name='text', opacity=1.0, ori=0, pos=array([0., 0.]), rgb=array([255., 255., 255.]), text='default text', units='height', win=Window(...), wrapWidth=1)
5.7872 	EXP 	text_3: autoDraw = True
6.9713 	EXP 	Imported conditionAB.xlsx as conditions, 1 conditions, 8 params
6.9716 	EXP 	Created sequence: random, trialTypes=1, nReps=1, seed=None
6.9719 	EXP 	New trial (rep=0, index=0): OrderedDict([('trialType', 'AB'), ('cndTyp', 'lag6'), ('lag', 6), ('T1_loc', 5), ('T2_loc', 11), ('stimLen', 0.2), ('isi', 0.05), ('skipProb', 0.5)])
6.9901 	DATA 	Keypress: space
7.0081 	EXP 	text_3: autoDraw = False
7.0081 	EXP 	option1: image = '.\\resources\\ducttape.jpg'
7.0081 	EXP 	option2: image = '.\\resources\\basketball01.jpg'
7.0081 	EXP 	option1: autoDraw = True
7.0081 	EXP 	option2: autoDraw = True
9.4913 	EXP 	text_2: autoDraw = True
9.7579 	EXP 	option1: autoDraw = False
9.7579 	EXP 	option2: autoDraw = False
9.9746 	EXP 	option1: autoDraw = False
9.9746 	EXP 	option2: autoDraw = False
9.9746 	EXP 	text_2: autoDraw = False
9.9746 	EXP 	displayPicture: autoDraw = True
9.9746 	EXP 	displayPicture: image = '.\\resources\\polarbear.jpg'
9.9746 	EXP 	polygon_2: autoDraw = True
9.9746 	EXP 	polygon_2: opacity = 0.0
9.9746 	EXP 	polygon_2: fillColor = '[1. 1. 1.] (rgb)'
9.9912 	EXP 	displayPicture: image = '.\\resources\\polarbear.jpg'
9.9912 	EXP 	polygon_2: opacity = 0.0
9.9912 	EXP 	polygon_2: fillColor = '[1. 1. 1.] (rgb)'
10.0079 	EXP 	displayPicture: image = '.\\resources\\polarbear.jpg'
10.0079 	EXP 	polygon_2: opacity = 0.0
10.0079 	EXP 	polygon_2: fillColor = '[1. 1. 1.] (rgb)'
10.0246 	EXP 	displayPicture: image = '.\\resources\\polarbear.jpg'
10.0246 	EXP 	polygon_2: opacity = 0.0
10.0246 	EXP 	polygon_2: fillColor = '[1. 1. 1.] (rgb)'
10.0412 	EXP 	displayPicture: image = '.\\resources\\polarbear.jpg'
10.0412 	EXP 	polygon_2: opacity = 0.0
10.0412 	EXP 	polygon_2: fillColor = '[1. 1. 1.] (rgb)'
10.0579 	EXP 	displayPicture: image = '.\\resources\\polarbear.jpg'
10.0579 	EXP 	polygon_2: opacity = 0.0
10.0579 	EXP 	polygon_2: fillColor = '[1. 1. 1.] (rgb)'
10.0746 	EXP 	displayPicture: image = '.\\resources\\polarbear.jpg'
10.0746 	EXP 	polygon_2: opacity = 0.0
10.0746 	EXP 	polygon_2: fillColor = '[1. 1. 1.] (rgb)'
10.0912 	EXP 	displayPicture: image = '.\\resources\\polarbear.jpg'
10.0912 	EXP 	polygon_2: opacity = 0.0
10.0912 	EXP 	polygon_2: fillColor = '[1. 1. 1.] (rgb)'
10.1079 	EXP 	displayPicture: image = '.\\resources\\polarbear.jpg'
10.1079 	EXP 	polygon_2: opacity = 0.0
10.1079 	EXP 	polygon_2: fillColor = '[1. 1. 1.] (rgb)'
10.1246 	EXP 	displayPicture: image = '.\\resources\\polarbear.jpg'
10.1246 	EXP 	polygon_2: opacity = 0.0
10.1246 	EXP 	polygon_2: fillColor = '[1. 1. 1.] (rgb)'
10.1412 	EXP 	displayPicture: image = '.\\resources\\polarbear.jpg'
10.1412 	EXP 	polygon_2: opacity = 0.0
10.1412 	EXP 	polygon_2: fillColor = '[1. 1. 1.] (rgb)'
10.1581 	EXP 	displayPicture: image = '.\\resources\\polarbear.jpg'
10.1581 	EXP 	polygon_2: opacity = 0.0
10.1581 	EXP 	polygon_2: fillColor = '[1. 1. 1.] (rgb)'
10.1746 	EXP 	displayPicture: image = '.\\resources\\polarbear.jpg'
10.1746 	EXP 	polygon_2: opacity = 1.0
10.1746 	EXP 	polygon_2: fillColor = '[1. 1. 1.] (rgb)'
10.1912 	EXP 	displayPicture: image = '.\\resources\\polarbear.jpg'
10.1912 	EXP 	polygon_2: opacity = 1.0
10.1912 	EXP 	polygon_2: fillColor = '[1. 1. 1.] (rgb)'
10.2079 	EXP 	displayPicture: image = '.\\resources\\polarbear.jpg'
10.2079 	EXP 	polygon_2: opacity = 1.0
10.2079 	EXP 	polygon_2: fillColor = '[1. 1. 1.] (rgb)'
10.2246 	EXP 	displayPicture: image = '.\\resources\\greatwhiteshark.jpg'
10.2246 	EXP 	polygon_2: opacity = 0.0
10.2246 	EXP 	polygon_2: fillColor = '[1. 1. 1.] (rgb)'
10.2412 	EXP 	displayPicture: image = '.\\resources\\greatwhiteshark.jpg'
10.2412 	EXP 	polygon_2: opacity = 0.0
10.2412 	EXP 	polygon_2: fillColor = '[1. 1. 1.] (rgb)'
10.2579 	EXP 	displayPicture: image = '.\\resources\\greatwhiteshark.jpg'
10.2579 	EXP 	polygon_2: opacity = 0.0
10.2579 	EXP 	polygon_2: fillColor = '[1. 1. 1.] (rgb)'
10.2746 	EXP 	displayPicture: image = '.\\resources\\greatwhiteshark.jpg'
10.2746 	EXP 	polygon_2: opacity = 0.0
10.2746 	EXP 	polygon_2: fillColor = '[1. 1. 1.] (rgb)'
10.2912 	EXP 	displayPicture: image = '.\\resources\\greatwhiteshark.jpg'
10.2912 	EXP 	polygon_2: opacity = 0.0
10.2912 	EXP 	polygon_2: fillColor = '[1. 1. 1.] (rgb)'
10.3079 	EXP 	displayPicture: image = '.\\resources\\greatwhiteshark.jpg'
10.3079 	EXP 	polygon_2: opacity = 0.0
10.3079 	EXP 	polygon_2: fillColor = '[1. 1. 1.] (rgb)'
10.3246 	EXP 	displayPicture: image = '.\\resources\\greatwhiteshark.jpg'
10.3246 	EXP 	polygon_2: opacity = 0.0
10.3246 	EXP 	polygon_2: fillColor = '[1. 1. 1.] (rgb)'
10.3412 	EXP 	displayPicture: image = '.\\resources\\greatwhiteshark.jpg'
10.3412 	EXP 	polygon_2: opacity = 0.0
10.3412 	EXP 	polygon_2: fillColor = '[1. 1. 1.] (rgb)'
10.3579 	EXP 	displayPicture: image = '.\\resources\\greatwhiteshark.jpg'
10.3579 	EXP 	polygon_2: opacity = 0.0
10.3579 	EXP 	polygon_2: fillColor = '[1. 1. 1.] (rgb)'
10.3745 	EXP 	displayPicture: image = '.\\resources\\greatwhiteshark.jpg'
10.3745 	EXP 	polygon_2: opacity = 0.0
10.3745 	EXP 	polygon_2: fillColor = '[1. 1. 1.] (rgb)'
10.3912 	EXP 	displayPicture: image = '.\\resources\\greatwhiteshark.jpg'
10.3912 	EXP 	polygon_2: opacity = 0.0
10.3912 	EXP 	polygon_2: fillColor = '[1. 1. 1.] (rgb)'
10.4079 	EXP 	displayPicture: image = '.\\resources\\greatwhiteshark.jpg'
10.4079 	EXP 	polygon_2: opacity = 0.0
10.4079 	EXP 	polygon_2: fillColor = '[1. 1. 1.] (rgb)'
10.4245 	EXP 	displayPicture: image = '.\\resources\\greatwhiteshark.jpg'
10.4245 	EXP 	polygon_2: opacity = 1.0
10.4245 	EXP 	polygon_2: fillColor = '[1. 1. 1.] (rgb)'
10.4412 	EXP 	displayPicture: image = '.\\resources\\greatwhiteshark.jpg'
10.4412 	EXP 	polygon_2: opacity = 1.0
10.4412 	EXP 	polygon_2: fillColor = '[1. 1. 1.] (rgb)'
10.4579 	EXP 	displayPicture: image = '.\\resources\\greatwhiteshark.jpg'
10.4579 	EXP 	polygon_2: opacity = 1.0
10.4579 	EXP 	polygon_2: fillColor = '[1. 1. 1.] (rgb)'
10.4746 	EXP 	displayPicture: image = '.\\resources\\table01.jpg'
10.4746 	EXP 	polygon_2: opacity = 0.0
10.4746 	EXP 	polygon_2: fillColor = '[1. 1. 1.] (rgb)'
10.4912 	EXP 	displayPicture: image = '.\\resources\\table01.jpg'
10.4912 	EXP 	polygon_2: opacity = 0.0
10.4912 	EXP 	polygon_2: fillColor = '[1. 1. 1.] (rgb)'
10.5079 	EXP 	displayPicture: image = '.\\resources\\table01.jpg'
10.5079 	EXP 	polygon_2: opacity = 0.0
10.5079 	EXP 	polygon_2: fillColor = '[1. 1. 1.] (rgb)'
10.5245 	EXP 	displayPicture: image = '.\\resources\\table01.jpg'
10.5245 	EXP 	polygon_2: opacity = 0.0
10.5245 	EXP 	polygon_2: fillColor = '[1. 1. 1.] (rgb)'
10.5412 	EXP 	displayPicture: image = '.\\resources\\table01.jpg'
10.5412 	EXP 	polygon_2: opacity = 0.0
10.5412 	EXP 	polygon_2: fillColor = '[1. 1. 1.] (rgb)'
10.5578 	EXP 	displayPicture: image = '.\\resources\\table01.jpg'
10.5578 	EXP 	polygon_2: opacity = 0.0
10.5578 	EXP 	polygon_2: fillColor = '[1. 1. 1.] (rgb)'
10.5745 	EXP 	displayPicture: image = '.\\resources\\table01.jpg'
10.5745 	EXP 	polygon_2: opacity = 0.0
10.5745 	EXP 	polygon_2: fillColor = '[1. 1. 1.] (rgb)'
10.5912 	EXP 	displayPicture: image = '.\\resources\\table01.jpg'
10.5912 	EXP 	polygon_2: opacity = 0.0
10.5912 	EXP 	polygon_2: fillColor = '[1. 1. 1.] (rgb)'
10.6079 	EXP 	displayPicture: image = '.\\resources\\table01.jpg'
10.6079 	EXP 	polygon_2: opacity = 0.0
10.6079 	EXP 	polygon_2: fillColor = '[1. 1. 1.] (rgb)'
10.6245 	EXP 	displayPicture: image = '.\\resources\\table01.jpg'
10.6245 	EXP 	polygon_2: opacity = 0.0
10.6245 	EXP 	polygon_2: fillColor = '[1. 1. 1.] (rgb)'
10.6412 	EXP 	displayPicture: image = '.\\resources\\table01.jpg'
10.6412 	EXP 	polygon_2: opacity = 0.0
10.6412 	EXP 	polygon_2: fillColor = '[1. 1. 1.] (rgb)'
10.6579 	EXP 	displayPicture: image = '.\\resources\\table01.jpg'
10.6579 	EXP 	polygon_2: opacity = 0.0
10.6579 	EXP 	polygon_2: fillColor = '[1. 1. 1.] (rgb)'
10.6745 	EXP 	displayPicture: image = '.\\resources\\table01.jpg'
10.6745 	EXP 	polygon_2: opacity = 1.0
10.6745 	EXP 	polygon_2: fillColor = '[1. 1. 1.] (rgb)'
10.6912 	EXP 	displayPicture: image = '.\\resources\\table01.jpg'
10.6912 	EXP 	polygon_2: opacity = 1.0
10.6912 	EXP 	polygon_2: fillColor = '[1. 1. 1.] (rgb)'
10.7079 	EXP 	displayPicture: image = '.\\resources\\table01.jpg'
10.7079 	EXP 	polygon_2: opacity = 1.0
10.7079 	EXP 	polygon_2: fillColor = '[1. 1. 1.] (rgb)'
10.7245 	EXP 	displayPicture: image = '.\\resources\\elbow.jpg'
10.7245 	EXP 	polygon_2: opacity = 0.0
10.7245 	EXP 	polygon_2: fillColor = '[1. 1. 1.] (rgb)'
10.7412 	EXP 	displayPicture: image = '.\\resources\\elbow.jpg'
10.7412 	EXP 	polygon_2: opacity = 0.0
10.7412 	EXP 	polygon_2: fillColor = '[1. 1. 1.] (rgb)'
10.7578 	EXP 	displayPicture: image = '.\\resources\\elbow.jpg'
10.7578 	EXP 	polygon_2: opacity = 0.0
10.7578 	EXP 	polygon_2: fillColor = '[1. 1. 1.] (rgb)'
10.7745 	EXP 	displayPicture: image = '.\\resources\\elbow.jpg'
10.7745 	EXP 	polygon_2: opacity = 0.0
10.7745 	EXP 	polygon_2: fillColor = '[1. 1. 1.] (rgb)'
10.7912 	EXP 	displayPicture: image = '.\\resources\\elbow.jpg'
10.7912 	EXP 	polygon_2: opacity = 0.0
10.7912 	EXP 	polygon_2: fillColor = '[1. 1. 1.] (rgb)'
10.8079 	EXP 	displayPicture: image = '.\\resources\\elbow.jpg'
10.8079 	EXP 	polygon_2: opacity = 0.0
10.8079 	EXP 	polygon_2: fillColor = '[1. 1. 1.] (rgb)'
10.8245 	EXP 	displayPicture: image = '.\\resources\\elbow.jpg'
10.8245 	EXP 	polygon_2: opacity = 0.0
10.8245 	EXP 	polygon_2: fillColor = '[1. 1. 1.] (rgb)'
10.8412 	EXP 	displayPicture: image = '.\\resources\\elbow.jpg'
10.8412 	EXP 	polygon_2: opacity = 0.0
10.8412 	EXP 	polygon_2: fillColor = '[1. 1. 1.] (rgb)'
10.8578 	EXP 	displayPicture: image = '.\\resources\\elbow.jpg'
10.8578 	EXP 	polygon_2: opacity = 0.0
10.8578 	EXP 	polygon_2: fillColor = '[1. 1. 1.] (rgb)'
10.8745 	EXP 	displayPicture: image = '.\\resources\\elbow.jpg'
10.8745 	EXP 	polygon_2: opacity = 0.0
10.8745 	EXP 	polygon_2: fillColor = '[1. 1. 1.] (rgb)'
10.8912 	EXP 	displayPicture: image = '.\\resources\\elbow.jpg'
10.8912 	EXP 	polygon_2: opacity = 0.0
10.8912 	EXP 	polygon_2: fillColor = '[1. 1. 1.] (rgb)'
10.9078 	EXP 	displayPicture: image = '.\\resources\\elbow.jpg'
10.9078 	EXP 	polygon_2: opacity = 0.0
10.9078 	EXP 	polygon_2: fillColor = '[1. 1. 1.] (rgb)'
10.9245 	EXP 	displayPicture: image = '.\\resources\\elbow.jpg'
10.9245 	EXP 	polygon_2: opacity = 1.0
10.9245 	EXP 	polygon_2: fillColor = '[1. 1. 1.] (rgb)'
10.9412 	EXP 	displayPicture: image = '.\\resources\\elbow.jpg'
10.9412 	EXP 	polygon_2: opacity = 1.0
10.9412 	EXP 	polygon_2: fillColor = '[1. 1. 1.] (rgb)'
10.9578 	EXP 	displayPicture: image = '.\\resources\\elbow.jpg'
10.9578 	EXP 	polygon_2: opacity = 1.0
10.9578 	EXP 	polygon_2: fillColor = '[1. 1. 1.] (rgb)'
10.9745 	EXP 	displayPicture: image = '.\\resources\\basketball01.jpg'
10.9745 	EXP 	polygon_2: opacity = 0.0
10.9745 	EXP 	polygon_2: fillColor = '[1. 1. 1.] (rgb)'
10.9912 	EXP 	displayPicture: image = '.\\resources\\basketball01.jpg'
10.9912 	EXP 	polygon_2: opacity = 0.0
10.9912 	EXP 	polygon_2: fillColor = '[1. 1. 1.] (rgb)'
11.0078 	EXP 	displayPicture: image = '.\\resources\\basketball01.jpg'
11.0078 	EXP 	polygon_2: opacity = 0.0
11.0078 	EXP 	polygon_2: fillColor = '[1. 1. 1.] (rgb)'
11.0245 	EXP 	displayPicture: image = '.\\resources\\basketball01.jpg'
11.0245 	EXP 	polygon_2: opacity = 0.0
11.0245 	EXP 	polygon_2: fillColor = '[1. 1. 1.] (rgb)'
11.0412 	EXP 	displayPicture: image = '.\\resources\\basketball01.jpg'
11.0412 	EXP 	polygon_2: opacity = 0.0
11.0412 	EXP 	polygon_2: fillColor = '[1. 1. 1.] (rgb)'
11.0578 	EXP 	displayPicture: image = '.\\resources\\basketball01.jpg'
11.0578 	EXP 	polygon_2: opacity = 0.0
11.0578 	EXP 	polygon_2: fillColor = '[1. 1. 1.] (rgb)'
11.0745 	EXP 	displayPicture: image = '.\\resources\\basketball01.jpg'
11.0745 	EXP 	polygon_2: opacity = 0.0
11.0745 	EXP 	polygon_2: fillColor = '[1. 1. 1.] (rgb)'
11.0912 	EXP 	displayPicture: image = '.\\resources\\basketball01.jpg'
11.0912 	EXP 	polygon_2: opacity = 0.0
11.0912 	EXP 	polygon_2: fillColor = '[1. 1. 1.] (rgb)'
11.1078 	EXP 	displayPicture: image = '.\\resources\\basketball01.jpg'
11.1078 	EXP 	polygon_2: opacity = 0.0
11.1078 	EXP 	polygon_2: fillColor = '[1. 1. 1.] (rgb)'
11.1245 	EXP 	displayPicture: image = '.\\resources\\basketball01.jpg'
11.1245 	EXP 	polygon_2: opacity = 0.0
11.1245 	EXP 	polygon_2: fillColor = '[1. 1. 1.] (rgb)'
11.1412 	EXP 	displayPicture: image = '.\\resources\\basketball01.jpg'
11.1412 	EXP 	polygon_2: opacity = 0.0
11.1412 	EXP 	polygon_2: fillColor = '[1. 1. 1.] (rgb)'
11.1578 	EXP 	displayPicture: image = '.\\resources\\basketball01.jpg'
11.1578 	EXP 	polygon_2: opacity = 0.0
11.1578 	EXP 	polygon_2: fillColor = '[1. 1. 1.] (rgb)'
11.1743 	EXP 	displayPicture: image = '.\\resources\\basketball01.jpg'
11.1743 	EXP 	polygon_2: opacity = 1.0
11.1743 	EXP 	polygon_2: fillColor = '[1. 1. 1.] (rgb)'
11.1909 	EXP 	displayPicture: image = '.\\resources\\basketball01.jpg'
11.1909 	EXP 	polygon_2: opacity = 1.0
11.1909 	EXP 	polygon_2: fillColor = '[1. 1. 1.] (rgb)'
11.2076 	EXP 	displayPicture: image = '.\\resources\\basketball01.jpg'
11.2076 	EXP 	polygon_2: opacity = 1.0
11.2076 	EXP 	polygon_2: fillColor = '[1. 1. 1.] (rgb)'
11.2243 	EXP 	displayPicture: image = '.\\resources\\toilet.jpg'
11.2243 	EXP 	polygon_2: opacity = 0.0
11.2243 	EXP 	polygon_2: fillColor = '[1. 1. 1.] (rgb)'
11.2410 	EXP 	displayPicture: image = '.\\resources\\toilet.jpg'
11.2410 	EXP 	polygon_2: opacity = 0.0
11.2410 	EXP 	polygon_2: fillColor = '[1. 1. 1.] (rgb)'
11.2576 	EXP 	displayPicture: image = '.\\resources\\toilet.jpg'
11.2576 	EXP 	polygon_2: opacity = 0.0
11.2576 	EXP 	polygon_2: fillColor = '[1. 1. 1.] (rgb)'
11.2743 	EXP 	displayPicture: image = '.\\resources\\toilet.jpg'
11.2743 	EXP 	polygon_2: opacity = 0.0
11.2743 	EXP 	polygon_2: fillColor = '[1. 1. 1.] (rgb)'
11.2909 	EXP 	displayPicture: image = '.\\resources\\toilet.jpg'
11.2909 	EXP 	polygon_2: opacity = 0.0
11.2909 	EXP 	polygon_2: fillColor = '[1. 1. 1.] (rgb)'
11.3076 	EXP 	displayPicture: image = '.\\resources\\toilet.jpg'
11.3076 	EXP 	polygon_2: opacity = 0.0
11.3076 	EXP 	polygon_2: fillColor = '[1. 1. 1.] (rgb)'
11.3243 	EXP 	displayPicture: image = '.\\resources\\toilet.jpg'
11.3243 	EXP 	polygon_2: opacity = 0.0
11.3243 	EXP 	polygon_2: fillColor = '[1. 1. 1.] (rgb)'
11.3409 	EXP 	displayPicture: image = '.\\resources\\toilet.jpg'
11.3409 	EXP 	polygon_2: opacity = 0.0
11.3409 	EXP 	polygon_2: fillColor = '[1. 1. 1.] (rgb)'
11.3576 	EXP 	displayPicture: image = '.\\resources\\toilet.jpg'
11.3576 	EXP 	polygon_2: opacity = 0.0
11.3576 	EXP 	polygon_2: fillColor = '[1. 1. 1.] (rgb)'
11.3743 	EXP 	displayPicture: image = '.\\resources\\toilet.jpg'
11.3743 	EXP 	polygon_2: opacity = 0.0
11.3743 	EXP 	polygon_2: fillColor = '[1. 1. 1.] (rgb)'
11.3909 	EXP 	displayPicture: image = '.\\resources\\toilet.jpg'
11.3909 	EXP 	polygon_2: opacity = 0.0
11.3909 	EXP 	polygon_2: fillColor = '[1. 1. 1.] (rgb)'
11.4076 	EXP 	displayPicture: image = '.\\resources\\toilet.jpg'
11.4076 	EXP 	polygon_2: opacity = 0.0
11.4076 	EXP 	polygon_2: fillColor = '[1. 1. 1.] (rgb)'
11.4243 	EXP 	displayPicture: image = '.\\resources\\toilet.jpg'
11.4243 	EXP 	polygon_2: opacity = 1.0
11.4243 	EXP 	polygon_2: fillColor = '[1. 1. 1.] (rgb)'
11.4409 	EXP 	displayPicture: image = '.\\resources\\toilet.jpg'
11.4409 	EXP 	polygon_2: opacity = 1.0
11.4409 	EXP 	polygon_2: fillColor = '[1. 1. 1.] (rgb)'
11.4576 	EXP 	displayPicture: image = '.\\resources\\toilet.jpg'
11.4576 	EXP 	polygon_2: opacity = 1.0
11.4576 	EXP 	polygon_2: fillColor = '[1. 1. 1.] (rgb)'
11.4742 	EXP 	displayPicture: image = '.\\resources\\eyepatch.jpg'
11.4742 	EXP 	polygon_2: opacity = 0.0
11.4742 	EXP 	polygon_2: fillColor = '[1. 1. 1.] (rgb)'
11.4909 	EXP 	displayPicture: image = '.\\resources\\eyepatch.jpg'
11.4909 	EXP 	polygon_2: opacity = 0.0
11.4909 	EXP 	polygon_2: fillColor = '[1. 1. 1.] (rgb)'
11.5075 	EXP 	displayPicture: image = '.\\resources\\eyepatch.jpg'
11.5075 	EXP 	polygon_2: opacity = 0.0
11.5075 	EXP 	polygon_2: fillColor = '[1. 1. 1.] (rgb)'
11.5242 	EXP 	displayPicture: image = '.\\resources\\eyepatch.jpg'
11.5242 	EXP 	polygon_2: opacity = 0.0
11.5242 	EXP 	polygon_2: fillColor = '[1. 1. 1.] (rgb)'
11.5409 	EXP 	displayPicture: image = '.\\resources\\eyepatch.jpg'
11.5409 	EXP 	polygon_2: opacity = 0.0
11.5409 	EXP 	polygon_2: fillColor = '[1. 1. 1.] (rgb)'
11.5576 	EXP 	displayPicture: image = '.\\resources\\eyepatch.jpg'
11.5576 	EXP 	polygon_2: opacity = 0.0
11.5576 	EXP 	polygon_2: fillColor = '[1. 1. 1.] (rgb)'
11.5743 	EXP 	displayPicture: image = '.\\resources\\eyepatch.jpg'
11.5743 	EXP 	polygon_2: opacity = 0.0
11.5743 	EXP 	polygon_2: fillColor = '[1. 1. 1.] (rgb)'
11.5909 	EXP 	displayPicture: image = '.\\resources\\eyepatch.jpg'
11.5909 	EXP 	polygon_2: opacity = 0.0
11.5909 	EXP 	polygon_2: fillColor = '[1. 1. 1.] (rgb)'
11.6076 	EXP 	displayPicture: image = '.\\resources\\eyepatch.jpg'
11.6076 	EXP 	polygon_2: opacity = 0.0
11.6076 	EXP 	polygon_2: fillColor = '[1. 1. 1.] (rgb)'
11.6243 	EXP 	displayPicture: image = '.\\resources\\eyepatch.jpg'
11.6243 	EXP 	polygon_2: opacity = 0.0
11.6243 	EXP 	polygon_2: fillColor = '[1. 1. 1.] (rgb)'
11.6409 	EXP 	displayPicture: image = '.\\resources\\eyepatch.jpg'
11.6409 	EXP 	polygon_2: opacity = 0.0
11.6409 	EXP 	polygon_2: fillColor = '[1. 1. 1.] (rgb)'
11.6576 	EXP 	displayPicture: image = '.\\resources\\eyepatch.jpg'
11.6576 	EXP 	polygon_2: opacity = 0.0
11.6576 	EXP 	polygon_2: fillColor = '[1. 1. 1.] (rgb)'
11.6742 	EXP 	displayPicture: image = '.\\resources\\eyepatch.jpg'
11.6742 	EXP 	polygon_2: opacity = 1.0
11.6742 	EXP 	polygon_2: fillColor = '[1. 1. 1.] (rgb)'
11.6909 	EXP 	displayPicture: image = '.\\resources\\eyepatch.jpg'
11.6909 	EXP 	polygon_2: opacity = 1.0
11.6909 	EXP 	polygon_2: fillColor = '[1. 1. 1.] (rgb)'
11.7076 	EXP 	displayPicture: image = '.\\resources\\eyepatch.jpg'
11.7076 	EXP 	polygon_2: opacity = 1.0
11.7076 	EXP 	polygon_2: fillColor = '[1. 1. 1.] (rgb)'
11.7242 	EXP 	displayPicture: image = '.\\resources\\footballhelmet.jpg'
11.7242 	EXP 	polygon_2: opacity = 0.0
11.7242 	EXP 	polygon_2: fillColor = '[1. 1. 1.] (rgb)'
11.7409 	EXP 	displayPicture: image = '.\\resources\\footballhelmet.jpg'
11.7409 	EXP 	polygon_2: opacity = 0.0
11.7409 	EXP 	polygon_2: fillColor = '[1. 1. 1.] (rgb)'
11.7576 	EXP 	displayPicture: image = '.\\resources\\footballhelmet.jpg'
11.7576 	EXP 	polygon_2: opacity = 0.0
11.7576 	EXP 	polygon_2: fillColor = '[1. 1. 1.] (rgb)'
11.7743 	EXP 	displayPicture: image = '.\\resources\\footballhelmet.jpg'
11.7743 	EXP 	polygon_2: opacity = 0.0
11.7743 	EXP 	polygon_2: fillColor = '[1. 1. 1.] (rgb)'
11.7909 	EXP 	displayPicture: image = '.\\resources\\footballhelmet.jpg'
11.7909 	EXP 	polygon_2: opacity = 0.0
11.7909 	EXP 	polygon_2: fillColor = '[1. 1. 1.] (rgb)'
11.8076 	EXP 	displayPicture: image = '.\\resources\\footballhelmet.jpg'
11.8076 	EXP 	polygon_2: opacity = 0.0
11.8076 	EXP 	polygon_2: fillColor = '[1. 1. 1.] (rgb)'
11.8243 	EXP 	displayPicture: image = '.\\resources\\footballhelmet.jpg'
11.8243 	EXP 	polygon_2: opacity = 0.0
11.8243 	EXP 	polygon_2: fillColor = '[1. 1. 1.] (rgb)'
11.8409 	EXP 	displayPicture: image = '.\\resources\\footballhelmet.jpg'
11.8409 	EXP 	polygon_2: opacity = 0.0
11.8409 	EXP 	polygon_2: fillColor = '[1. 1. 1.] (rgb)'
11.8576 	EXP 	displayPicture: image = '.\\resources\\footballhelmet.jpg'
11.8576 	EXP 	polygon_2: opacity = 0.0
11.8576 	EXP 	polygon_2: fillColor = '[1. 1. 1.] (rgb)'
11.8743 	EXP 	displayPicture: image = '.\\resources\\footballhelmet.jpg'
11.8743 	EXP 	polygon_2: opacity = 0.0
11.8743 	EXP 	polygon_2: fillColor = '[1. 1. 1.] (rgb)'
11.8909 	EXP 	displayPicture: image = '.\\resources\\footballhelmet.jpg'
11.8909 	EXP 	polygon_2: opacity = 0.0
11.8909 	EXP 	polygon_2: fillColor = '[1. 1. 1.] (rgb)'
11.9076 	EXP 	displayPicture: image = '.\\resources\\footballhelmet.jpg'
11.9076 	EXP 	polygon_2: opacity = 0.0
11.9076 	EXP 	polygon_2: fillColor = '[1. 1. 1.] (rgb)'
11.9242 	EXP 	displayPicture: image = '.\\resources\\footballhelmet.jpg'
11.9242 	EXP 	polygon_2: opacity = 1.0
11.9242 	EXP 	polygon_2: fillColor = '[1. 1. 1.] (rgb)'
11.9409 	EXP 	displayPicture: image = '.\\resources\\footballhelmet.jpg'
11.9409 	EXP 	polygon_2: opacity = 1.0
11.9409 	EXP 	polygon_2: fillColor = '[1. 1. 1.] (rgb)'
11.9575 	EXP 	displayPicture: image = '.\\resources\\footballhelmet.jpg'
11.9575 	EXP 	polygon_2: opacity = 1.0
11.9575 	EXP 	polygon_2: fillColor = '[1. 1. 1.] (rgb)'
11.9742 	EXP 	displayPicture: image = '.\\resources\\cheetah.jpg'
11.9742 	EXP 	polygon_2: opacity = 0.0
11.9742 	EXP 	polygon_2: fillColor = '[1. 1. 1.] (rgb)'
11.9909 	EXP 	displayPicture: image = '.\\resources\\cheetah.jpg'
11.9909 	EXP 	polygon_2: opacity = 0.0
11.9909 	EXP 	polygon_2: fillColor = '[1. 1. 1.] (rgb)'
12.0075 	EXP 	displayPicture: image = '.\\resources\\cheetah.jpg'
12.0075 	EXP 	polygon_2: opacity = 0.0
12.0075 	EXP 	polygon_2: fillColor = '[1. 1. 1.] (rgb)'
12.0242 	EXP 	displayPicture: image = '.\\resources\\cheetah.jpg'
12.0242 	EXP 	polygon_2: opacity = 0.0
12.0242 	EXP 	polygon_2: fillColor = '[1. 1. 1.] (rgb)'
12.0409 	EXP 	displayPicture: image = '.\\resources\\cheetah.jpg'
12.0409 	EXP 	polygon_2: opacity = 0.0
12.0409 	EXP 	polygon_2: fillColor = '[1. 1. 1.] (rgb)'
12.0575 	EXP 	displayPicture: image = '.\\resources\\cheetah.jpg'
12.0575 	EXP 	polygon_2: opacity = 0.0
12.0575 	EXP 	polygon_2: fillColor = '[1. 1. 1.] (rgb)'
12.0742 	EXP 	displayPicture: image = '.\\resources\\cheetah.jpg'
12.0742 	EXP 	polygon_2: opacity = 0.0
12.0742 	EXP 	polygon_2: fillColor = '[1. 1. 1.] (rgb)'
12.0909 	EXP 	displayPicture: image = '.\\resources\\cheetah.jpg'
12.0909 	EXP 	polygon_2: opacity = 0.0
12.0909 	EXP 	polygon_2: fillColor = '[1. 1. 1.] (rgb)'
12.1075 	EXP 	displayPicture: image = '.\\resources\\cheetah.jpg'
12.1075 	EXP 	polygon_2: opacity = 0.0
12.1075 	EXP 	polygon_2: fillColor = '[1. 1. 1.] (rgb)'
12.1242 	EXP 	displayPicture: image = '.\\resources\\cheetah.jpg'
12.1242 	EXP 	polygon_2: opacity = 0.0
12.1242 	EXP 	polygon_2: fillColor = '[1. 1. 1.] (rgb)'
12.1408 	EXP 	displayPicture: image = '.\\resources\\cheetah.jpg'
12.1408 	EXP 	polygon_2: opacity = 0.0
12.1408 	EXP 	polygon_2: fillColor = '[1. 1. 1.] (rgb)'
12.1575 	EXP 	displayPicture: image = '.\\resources\\cheetah.jpg'
12.1575 	EXP 	polygon_2: opacity = 0.0
12.1575 	EXP 	polygon_2: fillColor = '[1. 1. 1.] (rgb)'
12.1742 	EXP 	displayPicture: image = '.\\resources\\cheetah.jpg'
12.1742 	EXP 	polygon_2: opacity = 1.0
12.1742 	EXP 	polygon_2: fillColor = '[1. 1. 1.] (rgb)'
12.1909 	EXP 	displayPicture: image = '.\\resources\\cheetah.jpg'
12.1909 	EXP 	polygon_2: opacity = 1.0
12.1909 	EXP 	polygon_2: fillColor = '[1. 1. 1.] (rgb)'
12.2075 	EXP 	displayPicture: image = '.\\resources\\cheetah.jpg'
12.2075 	EXP 	polygon_2: opacity = 1.0
12.2075 	EXP 	polygon_2: fillColor = '[1. 1. 1.] (rgb)'
12.2242 	EXP 	displayPicture: image = '.\\resources\\jellybean.jpg'
12.2242 	EXP 	polygon_2: opacity = 0.0
12.2242 	EXP 	polygon_2: fillColor = '[1. 1. 1.] (rgb)'
12.2409 	EXP 	displayPicture: image = '.\\resources\\jellybean.jpg'
12.2409 	EXP 	polygon_2: opacity = 0.0
12.2409 	EXP 	polygon_2: fillColor = '[1. 1. 1.] (rgb)'
12.2575 	EXP 	displayPicture: image = '.\\resources\\jellybean.jpg'
12.2575 	EXP 	polygon_2: opacity = 0.0
12.2575 	EXP 	polygon_2: fillColor = '[1. 1. 1.] (rgb)'
12.2742 	EXP 	displayPicture: image = '.\\resources\\jellybean.jpg'
12.2742 	EXP 	polygon_2: opacity = 0.0
12.2742 	EXP 	polygon_2: fillColor = '[1. 1. 1.] (rgb)'
12.2909 	EXP 	displayPicture: image = '.\\resources\\jellybean.jpg'
12.2909 	EXP 	polygon_2: opacity = 0.0
12.2909 	EXP 	polygon_2: fillColor = '[1. 1. 1.] (rgb)'
12.3075 	EXP 	displayPicture: image = '.\\resources\\jellybean.jpg'
12.3075 	EXP 	polygon_2: opacity = 0.0
12.3075 	EXP 	polygon_2: fillColor = '[1. 1. 1.] (rgb)'
12.3242 	EXP 	displayPicture: image = '.\\resources\\jellybean.jpg'
12.3242 	EXP 	polygon_2: opacity = 0.0
12.3242 	EXP 	polygon_2: fillColor = '[1. 1. 1.] (rgb)'
12.3409 	EXP 	displayPicture: image = '.\\resources\\jellybean.jpg'
12.3409 	EXP 	polygon_2: opacity = 0.0
12.3409 	EXP 	polygon_2: fillColor = '[1. 1. 1.] (rgb)'
12.3575 	EXP 	displayPicture: image = '.\\resources\\jellybean.jpg'
12.3575 	EXP 	polygon_2: opacity = 0.0
12.3575 	EXP 	polygon_2: fillColor = '[1. 1. 1.] (rgb)'
12.3742 	EXP 	displayPicture: image = '.\\resources\\jellybean.jpg'
12.3742 	EXP 	polygon_2: opacity = 0.0
12.3742 	EXP 	polygon_2: fillColor = '[1. 1. 1.] (rgb)'
12.3908 	EXP 	displayPicture: image = '.\\resources\\jellybean.jpg'
12.3908 	EXP 	polygon_2: opacity = 0.0
12.3908 	EXP 	polygon_2: fillColor = '[1. 1. 1.] (rgb)'
12.4075 	EXP 	displayPicture: image = '.\\resources\\jellybean.jpg'
12.4075 	EXP 	polygon_2: opacity = 0.0
12.4075 	EXP 	polygon_2: fillColor = '[1. 1. 1.] (rgb)'
12.4241 	EXP 	displayPicture: image = '.\\resources\\jellybean.jpg'
12.4241 	EXP 	polygon_2: opacity = 1.0
12.4241 	EXP 	polygon_2: fillColor = '[1. 1. 1.] (rgb)'
12.4408 	EXP 	displayPicture: image = '.\\resources\\jellybean.jpg'
12.4408 	EXP 	polygon_2: opacity = 1.0
12.4408 	EXP 	polygon_2: fillColor = '[1. 1. 1.] (rgb)'
12.4575 	EXP 	displayPicture: image = '.\\resources\\jellybean.jpg'
12.4575 	EXP 	polygon_2: opacity = 1.0
12.4575 	EXP 	polygon_2: fillColor = '[1. 1. 1.] (rgb)'
12.4742 	EXP 	displayPicture: image = '.\\resources\\shower.jpg'
12.4742 	EXP 	polygon_2: opacity = 0.0
12.4742 	EXP 	polygon_2: fillColor = '[1. 1. 1.] (rgb)'
12.4909 	EXP 	displayPicture: image = '.\\resources\\shower.jpg'
12.4909 	EXP 	polygon_2: opacity = 0.0
12.4909 	EXP 	polygon_2: fillColor = '[1. 1. 1.] (rgb)'
12.5075 	EXP 	displayPicture: image = '.\\resources\\shower.jpg'
12.5075 	EXP 	polygon_2: opacity = 0.0
12.5075 	EXP 	polygon_2: fillColor = '[1. 1. 1.] (rgb)'
12.5242 	EXP 	displayPicture: image = '.\\resources\\shower.jpg'
12.5242 	EXP 	polygon_2: opacity = 0.0
12.5242 	EXP 	polygon_2: fillColor = '[1. 1. 1.] (rgb)'
12.5409 	EXP 	displayPicture: image = '.\\resources\\shower.jpg'
12.5409 	EXP 	polygon_2: opacity = 0.0
12.5409 	EXP 	polygon_2: fillColor = '[1. 1. 1.] (rgb)'
12.5575 	EXP 	displayPicture: image = '.\\resources\\shower.jpg'
12.5575 	EXP 	polygon_2: opacity = 0.0
12.5575 	EXP 	polygon_2: fillColor = '[1. 1. 1.] (rgb)'
12.5742 	EXP 	displayPicture: image = '.\\resources\\shower.jpg'
12.5742 	EXP 	polygon_2: opacity = 0.0
12.5742 	EXP 	polygon_2: fillColor = '[1. 1. 1.] (rgb)'
12.5909 	EXP 	displayPicture: image = '.\\resources\\shower.jpg'
12.5909 	EXP 	polygon_2: opacity = 0.0
12.5909 	EXP 	polygon_2: fillColor = '[1. 1. 1.] (rgb)'
12.6075 	EXP 	displayPicture: image = '.\\resources\\shower.jpg'
12.6075 	EXP 	polygon_2: opacity = 0.0
12.6075 	EXP 	polygon_2: fillColor = '[1. 1. 1.] (rgb)'
12.6242 	EXP 	displayPicture: image = '.\\resources\\shower.jpg'
12.6242 	EXP 	polygon_2: opacity = 0.0
12.6242 	EXP 	polygon_2: fillColor = '[1. 1. 1.] (rgb)'
12.6408 	EXP 	displayPicture: image = '.\\resources\\shower.jpg'
12.6408 	EXP 	polygon_2: opacity = 0.0
12.6408 	EXP 	polygon_2: fillColor = '[1. 1. 1.] (rgb)'
12.6575 	EXP 	displayPicture: image = '.\\resources\\shower.jpg'
12.6575 	EXP 	polygon_2: opacity = 0.0
12.6575 	EXP 	polygon_2: fillColor = '[1. 1. 1.] (rgb)'
12.6742 	EXP 	displayPicture: image = '.\\resources\\shower.jpg'
12.6742 	EXP 	polygon_2: opacity = 1.0
12.6742 	EXP 	polygon_2: fillColor = '[1. 1. 1.] (rgb)'
12.6908 	EXP 	displayPicture: image = '.\\resources\\shower.jpg'
12.6908 	EXP 	polygon_2: opacity = 1.0
12.6908 	EXP 	polygon_2: fillColor = '[1. 1. 1.] (rgb)'
12.7075 	EXP 	displayPicture: image = '.\\resources\\shower.jpg'
12.7075 	EXP 	polygon_2: opacity = 1.0
12.7075 	EXP 	polygon_2: fillColor = '[1. 1. 1.] (rgb)'
12.7241 	EXP 	displayPicture: image = '.\\resources\\vacuumcleaner01.jpg'
12.7241 	EXP 	polygon_2: opacity = 0.0
12.7241 	EXP 	polygon_2: fillColor = '[1. 1. 1.] (rgb)'
12.7408 	EXP 	displayPicture: image = '.\\resources\\vacuumcleaner01.jpg'
12.7408 	EXP 	polygon_2: opacity = 0.0
12.7408 	EXP 	polygon_2: fillColor = '[1. 1. 1.] (rgb)'
12.7575 	EXP 	displayPicture: image = '.\\resources\\vacuumcleaner01.jpg'
12.7575 	EXP 	polygon_2: opacity = 0.0
12.7575 	EXP 	polygon_2: fillColor = '[1. 1. 1.] (rgb)'
12.7742 	EXP 	displayPicture: image = '.\\resources\\vacuumcleaner01.jpg'
12.7742 	EXP 	polygon_2: opacity = 0.0
12.7742 	EXP 	polygon_2: fillColor = '[1. 1. 1.] (rgb)'
12.7908 	EXP 	displayPicture: image = '.\\resources\\vacuumcleaner01.jpg'
12.7908 	EXP 	polygon_2: opacity = 0.0
12.7908 	EXP 	polygon_2: fillColor = '[1. 1. 1.] (rgb)'
12.8075 	EXP 	displayPicture: image = '.\\resources\\vacuumcleaner01.jpg'
12.8075 	EXP 	polygon_2: opacity = 0.0
12.8075 	EXP 	polygon_2: fillColor = '[1. 1. 1.] (rgb)'
12.8242 	EXP 	displayPicture: image = '.\\resources\\vacuumcleaner01.jpg'
12.8242 	EXP 	polygon_2: opacity = 0.0
12.8242 	EXP 	polygon_2: fillColor = '[1. 1. 1.] (rgb)'
12.8408 	EXP 	displayPicture: image = '.\\resources\\vacuumcleaner01.jpg'
12.8408 	EXP 	polygon_2: opacity = 0.0
12.8408 	EXP 	polygon_2: fillColor = '[1. 1. 1.] (rgb)'
12.8575 	EXP 	displayPicture: image = '.\\resources\\vacuumcleaner01.jpg'
12.8575 	EXP 	polygon_2: opacity = 0.0
12.8575 	EXP 	polygon_2: fillColor = '[1. 1. 1.] (rgb)'
12.8741 	EXP 	displayPicture: image = '.\\resources\\vacuumcleaner01.jpg'
12.8741 	EXP 	polygon_2: opacity = 0.0
12.8741 	EXP 	polygon_2: fillColor = '[1. 1. 1.] (rgb)'
12.8908 	EXP 	displayPicture: image = '.\\resources\\vacuumcleaner01.jpg'
12.8908 	EXP 	polygon_2: opacity = 0.0
12.8908 	EXP 	polygon_2: fillColor = '[1. 1. 1.] (rgb)'
12.9075 	EXP 	displayPicture: image = '.\\resources\\vacuumcleaner01.jpg'
12.9075 	EXP 	polygon_2: opacity = 0.0
12.9075 	EXP 	polygon_2: fillColor = '[1. 1. 1.] (rgb)'
12.9241 	EXP 	displayPicture: image = '.\\resources\\vacuumcleaner01.jpg'
12.9241 	EXP 	polygon_2: opacity = 1.0
12.9241 	EXP 	polygon_2: fillColor = '[1. 1. 1.] (rgb)'
12.9408 	EXP 	displayPicture: image = '.\\resources\\vacuumcleaner01.jpg'
12.9408 	EXP 	polygon_2: opacity = 1.0
12.9408 	EXP 	polygon_2: fillColor = '[1. 1. 1.] (rgb)'
12.9575 	EXP 	displayPicture: image = '.\\resources\\vacuumcleaner01.jpg'
12.9575 	EXP 	polygon_2: opacity = 1.0
12.9575 	EXP 	polygon_2: fillColor = '[1. 1. 1.] (rgb)'
12.9741 	EXP 	displayPicture: image = '.\\resources\\athleticsock.jpg'
12.9741 	EXP 	polygon_2: opacity = 0.0
12.9741 	EXP 	polygon_2: fillColor = '[1. 1. 1.] (rgb)'
12.9908 	EXP 	displayPicture: image = '.\\resources\\athleticsock.jpg'
12.9908 	EXP 	polygon_2: opacity = 0.0
12.9908 	EXP 	polygon_2: fillColor = '[1. 1. 1.] (rgb)'
13.0075 	EXP 	displayPicture: image = '.\\resources\\athleticsock.jpg'
13.0075 	EXP 	polygon_2: opacity = 0.0
13.0075 	EXP 	polygon_2: fillColor = '[1. 1. 1.] (rgb)'
13.0241 	EXP 	displayPicture: image = '.\\resources\\athleticsock.jpg'
13.0241 	EXP 	polygon_2: opacity = 0.0
13.0241 	EXP 	polygon_2: fillColor = '[1. 1. 1.] (rgb)'
13.0408 	EXP 	displayPicture: image = '.\\resources\\athleticsock.jpg'
13.0408 	EXP 	polygon_2: opacity = 0.0
13.0408 	EXP 	polygon_2: fillColor = '[1. 1. 1.] (rgb)'
13.0575 	EXP 	displayPicture: image = '.\\resources\\athleticsock.jpg'
13.0575 	EXP 	polygon_2: opacity = 0.0
13.0575 	EXP 	polygon_2: fillColor = '[1. 1. 1.] (rgb)'
13.0741 	EXP 	displayPicture: image = '.\\resources\\athleticsock.jpg'
13.0741 	EXP 	polygon_2: opacity = 0.0
13.0741 	EXP 	polygon_2: fillColor = '[1. 1. 1.] (rgb)'
13.0908 	EXP 	displayPicture: image = '.\\resources\\athleticsock.jpg'
13.0908 	EXP 	polygon_2: opacity = 0.0
13.0908 	EXP 	polygon_2: fillColor = '[1. 1. 1.] (rgb)'
13.1075 	EXP 	displayPicture: image = '.\\resources\\athleticsock.jpg'
13.1075 	EXP 	polygon_2: opacity = 0.0
13.1075 	EXP 	polygon_2: fillColor = '[1. 1. 1.] (rgb)'
13.1241 	EXP 	displayPicture: image = '.\\resources\\athleticsock.jpg'
13.1241 	EXP 	polygon_2: opacity = 0.0
13.1241 	EXP 	polygon_2: fillColor = '[1. 1. 1.] (rgb)'
13.1408 	EXP 	displayPicture: image = '.\\resources\\athleticsock.jpg'
13.1408 	EXP 	polygon_2: opacity = 0.0
13.1408 	EXP 	polygon_2: fillColor = '[1. 1. 1.] (rgb)'
13.1575 	EXP 	displayPicture: image = '.\\resources\\athleticsock.jpg'
13.1575 	EXP 	polygon_2: opacity = 0.0
13.1575 	EXP 	polygon_2: fillColor = '[1. 1. 1.] (rgb)'
13.1741 	EXP 	displayPicture: image = '.\\resources\\athleticsock.jpg'
13.1741 	EXP 	polygon_2: opacity = 1.0
13.1741 	EXP 	polygon_2: fillColor = '[1. 1. 1.] (rgb)'
13.1908 	EXP 	displayPicture: image = '.\\resources\\athleticsock.jpg'
13.1908 	EXP 	polygon_2: opacity = 1.0
13.1908 	EXP 	polygon_2: fillColor = '[1. 1. 1.] (rgb)'
13.2075 	EXP 	displayPicture: image = '.\\resources\\athleticsock.jpg'
13.2075 	EXP 	polygon_2: opacity = 1.0
13.2075 	EXP 	polygon_2: fillColor = '[1. 1. 1.] (rgb)'
13.2241 	EXP 	displayPicture: image = '.\\resources\\fridge.jpg'
13.2241 	EXP 	polygon_2: opacity = 0.0
13.2241 	EXP 	polygon_2: fillColor = '[1. 1. 1.] (rgb)'
13.2408 	EXP 	displayPicture: image = '.\\resources\\fridge.jpg'
13.2408 	EXP 	polygon_2: opacity = 0.0
13.2408 	EXP 	polygon_2: fillColor = '[1. 1. 1.] (rgb)'
13.2575 	EXP 	displayPicture: image = '.\\resources\\fridge.jpg'
13.2575 	EXP 	polygon_2: opacity = 0.0
13.2575 	EXP 	polygon_2: fillColor = '[1. 1. 1.] (rgb)'
13.2741 	EXP 	displayPicture: image = '.\\resources\\fridge.jpg'
13.2741 	EXP 	polygon_2: opacity = 0.0
13.2741 	EXP 	polygon_2: fillColor = '[1. 1. 1.] (rgb)'
13.2908 	EXP 	displayPicture: image = '.\\resources\\fridge.jpg'
13.2908 	EXP 	polygon_2: opacity = 0.0
13.2908 	EXP 	polygon_2: fillColor = '[1. 1. 1.] (rgb)'
13.3075 	EXP 	displayPicture: image = '.\\resources\\fridge.jpg'
13.3075 	EXP 	polygon_2: opacity = 0.0
13.3075 	EXP 	polygon_2: fillColor = '[1. 1. 1.] (rgb)'
13.3241 	EXP 	displayPicture: image = '.\\resources\\fridge.jpg'
13.3241 	EXP 	polygon_2: opacity = 0.0
13.3241 	EXP 	polygon_2: fillColor = '[1. 1. 1.] (rgb)'
13.3408 	EXP 	displayPicture: image = '.\\resources\\fridge.jpg'
13.3408 	EXP 	polygon_2: opacity = 0.0
13.3408 	EXP 	polygon_2: fillColor = '[1. 1. 1.] (rgb)'
13.3575 	EXP 	displayPicture: image = '.\\resources\\fridge.jpg'
13.3575 	EXP 	polygon_2: opacity = 0.0
13.3575 	EXP 	polygon_2: fillColor = '[1. 1. 1.] (rgb)'
13.3741 	EXP 	displayPicture: image = '.\\resources\\fridge.jpg'
13.3741 	EXP 	polygon_2: opacity = 0.0
13.3741 	EXP 	polygon_2: fillColor = '[1. 1. 1.] (rgb)'
13.3908 	EXP 	displayPicture: image = '.\\resources\\fridge.jpg'
13.3908 	EXP 	polygon_2: opacity = 0.0
13.3908 	EXP 	polygon_2: fillColor = '[1. 1. 1.] (rgb)'
13.4074 	EXP 	displayPicture: image = '.\\resources\\fridge.jpg'
13.4074 	EXP 	polygon_2: opacity = 0.0
13.4074 	EXP 	polygon_2: fillColor = '[1. 1. 1.] (rgb)'
13.4241 	EXP 	displayPicture: image = '.\\resources\\fridge.jpg'
13.4241 	EXP 	polygon_2: opacity = 1.0
13.4241 	EXP 	polygon_2: fillColor = '[1. 1. 1.] (rgb)'
13.4408 	EXP 	displayPicture: image = '.\\resources\\fridge.jpg'
13.4408 	EXP 	polygon_2: opacity = 1.0
13.4408 	EXP 	polygon_2: fillColor = '[1. 1. 1.] (rgb)'
13.4574 	EXP 	displayPicture: image = '.\\resources\\fridge.jpg'
13.4574 	EXP 	polygon_2: opacity = 1.0
13.4574 	EXP 	polygon_2: fillColor = '[1. 1. 1.] (rgb)'
13.4741 	EXP 	displayPicture: image = '.\\resources\\fridge.jpg'
13.4741 	EXP 	polygon_2: opacity = 0.0
13.4741 	EXP 	polygon_2: fillColor = '[1. 1. 1.] (rgb)'
13.4741 	EXP 	displayPicture: autoDraw = False
13.4741 	EXP 	polygon_2: autoDraw = False
13.4741 	EXP 	option1_t1: image = '.\\resources\\basketball01.jpg'
13.4741 	EXP 	polygon_4: autoDraw = True
13.4741 	EXP 	option1_t1: autoDraw = True
14.3197 	DATA 	Keypress: right
14.3241 	EXP 	polygon_4: autoDraw = False
14.3241 	EXP 	option1_t1: autoDraw = False
14.3241 	EXP 	option1_t2: image = '.\\resources\\ducttape.jpg'
14.3241 	EXP 	polygon_5: autoDraw = True
14.3241 	EXP 	option1_t2: autoDraw = True
14.5211 	DATA 	Keypress: left
14.5241 	EXP 	polygon_5: autoDraw = False
14.5241 	EXP 	option1_t2: autoDraw = False
14.5241 	EXP 	feedbackText: text = '2/2 Correct'
14.5241 	EXP 	feedbackText: autoDraw = True
15.5239 	EXP 	feedbackText: autoDraw = False
15.5239 	EXP 	feedbackText: autoDraw = False
15.5239 	EXP 	text: text = ''
15.5239 	EXP 	text: autoDraw = True
15.5239 	EXP 	text: autoDraw = False
15.5239 	EXP 	text_4: autoDraw = True
16.1898 	EXP 	Imported conditionAB_main.xlsx as conditions, 232 conditions, 9 params
16.1903 	EXP 	Created sequence: sequential, trialTypes=232, nReps=1, seed=None
16.1906 	EXP 	New trial (rep=0, index=0): OrderedDict([('trialType', 'AB'), ('cndTyp', 'lag6'), ('lag', 6), ('T1_loc', 5), ('T2_loc', 11), ('stimLen', 0.2), ('isi', 0.05), ('skipProb', 0.5), ('phase', 'ramp')])
16.2058 	DATA 	Keypress: space
16.2241 	EXP 	text_4: autoDraw = False
16.2241 	EXP 	option1_2: image = '.\\resources\\vacuumcleaner01.jpg'
16.2241 	EXP 	option2_2: image = '.\\resources\\floorlamp.jpg'
16.2241 	EXP 	option1_2: autoDraw = True
16.2241 	EXP 	option2_2: autoDraw = True
18.7073 	EXP 	text_5: autoDraw = True
18.9740 	EXP 	option1_2: autoDraw = False
18.9740 	EXP 	option2_2: autoDraw = False
19.1906 	EXP 	option1_2: autoDraw = False
19.1906 	EXP 	option2_2: autoDraw = False
19.1906 	EXP 	text_5: autoDraw = False
19.1906 	EXP 	displayPicture_2: autoDraw = True
19.1906 	EXP 	displayPicture_2: image = '.\\resources\\birdnest.jpg'
19.1906 	EXP 	polygon_10: autoDraw = True
19.1906 	EXP 	polygon_10: opacity = 1.0
19.1906 	EXP 	polygon_10: fillColor = '[1. 1. 1.] (rgb)'
19.2073 	EXP 	displayPicture_2: image = '.\\resources\\snowman.jpg'
19.2073 	EXP 	polygon_10: opacity = 0.0
19.2073 	EXP 	polygon_10: fillColor = '[1. 1. 1.] (rgb)'
19.2240 	EXP 	displayPicture_2: image = '.\\resources\\snowman.jpg'
19.2240 	EXP 	polygon_10: opacity = 1.0
19.2240 	EXP 	polygon_10: fillColor = '[1. 1. 1.] (rgb)'
19.2406 	EXP 	displayPicture_2: image = '.\\resources\\lightswitch01.jpg'
19.2406 	EXP 	polygon_10: opacity = 0.0
19.2406 	EXP 	polygon_10: fillColor = '[1. 1. 1.] (rgb)'
19.2573 	EXP 	displayPicture_2: image = '.\\resources\\lightswitch01.jpg'
19.2573 	EXP 	polygon_10: opacity = 1.0
19.2573 	EXP 	polygon_10: fillColor = '[1. 1. 1.] (rgb)'
19.2740 	EXP 	displayPicture_2: image = '.\\resources\\pumpkin.jpg'
19.2740 	EXP 	polygon_10: opacity = 0.0
19.2740 	EXP 	polygon_10: fillColor = '[1. 1. 1.] (rgb)'
19.2906 	EXP 	displayPicture_2: image = '.\\resources\\pumpkin.jpg'
19.2906 	EXP 	polygon_10: opacity = 1.0
19.2906 	EXP 	polygon_10: fillColor = '[1. 1. 1.] (rgb)'
19.3073 	EXP 	displayPicture_2: image = '.\\resources\\vacuumcleaner01.jpg'
19.3073 	EXP 	polygon_10: opacity = 0.0
19.3073 	EXP 	polygon_10: fillColor = '[1. 1. 1.] (rgb)'
19.3240 	EXP 	displayPicture_2: image = '.\\resources\\vacuumcleaner01.jpg'
19.3240 	EXP 	polygon_10: opacity = 1.0
19.3240 	EXP 	polygon_10: fillColor = '[1. 1. 1.] (rgb)'
19.3406 	EXP 	displayPicture_2: image = '.\\resources\\ducttape.jpg'
19.3406 	EXP 	polygon_10: opacity = 0.0
19.3406 	EXP 	polygon_10: fillColor = '[1. 1. 1.] (rgb)'
19.3573 	EXP 	displayPicture_2: image = '.\\resources\\ducttape.jpg'
19.3573 	EXP 	polygon_10: opacity = 1.0
19.3573 	EXP 	polygon_10: fillColor = '[1. 1. 1.] (rgb)'
19.3740 	EXP 	displayPicture_2: image = '.\\resources\\athleticsock.jpg'
19.3740 	EXP 	polygon_10: opacity = 0.0
19.3740 	EXP 	polygon_10: fillColor = '[1. 1. 1.] (rgb)'
19.3906 	EXP 	displayPicture_2: image = '.\\resources\\athleticsock.jpg'
19.3906 	EXP 	polygon_10: opacity = 1.0
19.3906 	EXP 	polygon_10: fillColor = '[1. 1. 1.] (rgb)'
19.4073 	EXP 	displayPicture_2: image = '.\\resources\\sink.jpg'
19.4073 	EXP 	polygon_10: opacity = 0.0
19.4073 	EXP 	polygon_10: fillColor = '[1. 1. 1.] (rgb)'
19.4239 	EXP 	displayPicture_2: image = '.\\resources\\sink.jpg'
19.4239 	EXP 	polygon_10: opacity = 1.0
19.4239 	EXP 	polygon_10: fillColor = '[1. 1. 1.] (rgb)'
19.4406 	EXP 	displayPicture_2: image = '.\\resources\\eyepatch.jpg'
19.4406 	EXP 	polygon_10: opacity = 0.0
19.4406 	EXP 	polygon_10: fillColor = '[1. 1. 1.] (rgb)'
19.4573 	EXP 	displayPicture_2: image = '.\\resources\\eyepatch.jpg'
19.4573 	EXP 	polygon_10: opacity = 1.0
19.4573 	EXP 	polygon_10: fillColor = '[1. 1. 1.] (rgb)'
19.4739 	EXP 	displayPicture_2: image = '.\\resources\\table01.jpg'
19.4739 	EXP 	polygon_10: opacity = 0.0
19.4739 	EXP 	polygon_10: fillColor = '[1. 1. 1.] (rgb)'
19.4906 	EXP 	displayPicture_2: image = '.\\resources\\table01.jpg'
19.4906 	EXP 	polygon_10: opacity = 1.0
19.4906 	EXP 	polygon_10: fillColor = '[1. 1. 1.] (rgb)'
19.5073 	EXP 	displayPicture_2: image = '.\\resources\\scorpion.jpg'
19.5073 	EXP 	polygon_10: opacity = 0.0
19.5073 	EXP 	polygon_10: fillColor = '[1. 1. 1.] (rgb)'
19.5239 	EXP 	displayPicture_2: image = '.\\resources\\scorpion.jpg'
19.5239 	EXP 	polygon_10: opacity = 1.0
19.5239 	EXP 	polygon_10: fillColor = '[1. 1. 1.] (rgb)'
19.5406 	EXP 	displayPicture_2: image = '.\\resources\\cheetah.jpg'
19.5406 	EXP 	polygon_10: opacity = 0.0
19.5406 	EXP 	polygon_10: fillColor = '[1. 1. 1.] (rgb)'
19.5573 	EXP 	displayPicture_2: image = '.\\resources\\cheetah.jpg'
19.5573 	EXP 	polygon_10: opacity = 1.0
19.5573 	EXP 	polygon_10: fillColor = '[1. 1. 1.] (rgb)'
19.5739 	EXP 	displayPicture_2: image = '.\\resources\\polarbear.jpg'
19.5739 	EXP 	polygon_10: opacity = 0.0
19.5739 	EXP 	polygon_10: fillColor = '[1. 1. 1.] (rgb)'
19.5906 	EXP 	displayPicture_2: image = '.\\resources\\polarbear.jpg'
19.5906 	EXP 	polygon_10: opacity = 1.0
19.5906 	EXP 	polygon_10: fillColor = '[1. 1. 1.] (rgb)'
19.6072 	EXP 	displayPicture_2: image = '.\\resources\\scooter.jpg'
19.6072 	EXP 	polygon_10: opacity = 0.0
19.6072 	EXP 	polygon_10: fillColor = '[1. 1. 1.] (rgb)'
19.6239 	EXP 	displayPicture_2: image = '.\\resources\\scooter.jpg'
19.6239 	EXP 	polygon_10: opacity = 1.0
19.6239 	EXP 	polygon_10: fillColor = '[1. 1. 1.] (rgb)'
19.6404 	EXP 	displayPicture_2: image = '.\\resources\\scooter.jpg'
19.6404 	EXP 	polygon_10: opacity = 0.0
19.6404 	EXP 	polygon_10: fillColor = '[1. 1. 1.] (rgb)'
19.6404 	EXP 	displayPicture_2: autoDraw = False
19.6404 	EXP 	polygon_10: autoDraw = False
19.6404 	EXP 	option1_t1_2: image = '.\\resources\\vacuumcleaner01.jpg'
19.6404 	EXP 	polygon_7: autoDraw = True
19.6404 	EXP 	option1_t1_2: autoDraw = True
20.2189 	DATA 	Keypress: right
20.2237 	EXP 	polygon_7: autoDraw = False
20.2237 	EXP 	option1_t1_2: autoDraw = False
20.2237 	EXP 	option1_t2_2: image = '.\\resources\\floorlamp.jpg'
20.2237 	EXP 	polygon_6: autoDraw = True
20.2237 	EXP 	option1_t2_2: autoDraw = True
20.3312 	EXP 	New trial (rep=0, index=1): OrderedDict([('trialType', 'AB'), ('cndTyp', 'lag4'), ('lag', 4), ('T1_loc', 4), ('T2_loc', 8), ('stimLen', 0.193334), ('isi', 0.046666667), ('skipProb', 0.48), ('phase', 'ramp')])
20.3374 	DATA 	Keypress: left
20.3403 	EXP 	polygon_6: autoDraw = False
20.3403 	EXP 	option1_t2_2: autoDraw = False
20.3403 	EXP 	text: text = ''
20.3403 	EXP 	text: autoDraw = True
20.3403 	EXP 	text: autoDraw = False
20.3403 	EXP 	option1_2: image = '.\\resources\\floorlamp.jpg'
20.3403 	EXP 	option2_2: image = '.\\resources\\birdnest.jpg'
20.3403 	EXP 	option1_2: autoDraw = True
20.3403 	EXP 	option2_2: autoDraw = True
21.3925 	DATA 	Keypress: escape
21.5298 	EXP 	window1: mouseVisible = True
