0.7941 	WARNING 	We strongly recommend you activate the PTB sound engine in PsychoPy prefs as the preferred audio engine. Its timing is vastly superior. Your prefs are currently set to use ['sounddevice', 'PTB', 'pyo', 'pygame'] (in that order).
3.5568 	WARNING 	User requested fullscreen with size [1024  768], but screen is actually [1920, 1080]. Using actual size
4.4343 	EXP 	Created window1 = Window(allowGUI=False, allowStencil=False, args=UNKNOWN, autoLog=True, bitsMode=UNKNOWN, blendMode='avg', bpc=(8, 8, 8), color=array([0., 0., 0.]), colorSpace='rgb', depthBits=8, fullscr=<method-wrapper '__getattribute__' of attributeSetter object at 0x00000233EC72FE48>, gamma=None, gammaErrorPolicy='raise', kwargs=UNKNOWN, lms=UNKNOWN, monitor=<psychopy.monitors.calibTools.Monitor object at 0x00000233EC9804A8>, multiSample=False, name='window1', numSamples=2, pos=[0.0, 0.0], screen=0, size=array([1920, 1080]), stencilBits=0, stereo=False, units='height', useFBO=True, useRetina=False, viewOri=0.0, viewPos=None, viewScale=None, waitBlanking=True, winType='pyglet')
4.4347 	EXP 	window1: mouseVisible = True
4.4348 	EXP 	window1: recordFrameIntervals = False
4.6006 	EXP 	window1: recordFrameIntervals = True
4.7841 	EXP 	window1: recordFrameIntervals = False
4.8599 	EXP 	Created polygon = Rect(__class__=<class 'psychopy.visual.rect.Rect'>, autoDraw=False, autoLog=True, closeShape=True, color=method-wrapper(...), colorSpace=None, contrast=1.0, depth=-3.0, fillColor=array([1., 0., 0.]), fillColorSpace='rgb', fillRGB=array([1., 0., 0.]), interpolate=True, lineColor=array([1., 1., 1.]), lineColorSpace='rgb', lineRGB=array([1., 1., 1.]), lineWidth=1, name='polygon', opacity=1.0, ori=array(0.), pos=array([0., 0.]), size=array([0.6, 0.6]), units='height', vertices=ndarray(...), win=Window(...))
4.8642 	EXP 	Created displayPicture = ImageStim(__class__=<class 'psychopy.visual.image.ImageStim'>, autoLog=True, color=array([1., 1., 1.]), colorSpace='rgb', contrast=1.0, depth=-4.0, flipHoriz=False, flipVert=False, image='sin', interpolate=True, mask=None, maskParams=None, name='displayPicture', opacity=1.0, ori=0.0, pos=array([0., 0.]), size=array([0.25, 0.25]), texRes=128, units='height', win=Window(...))
4.8655 	EXP 	Created polygon_2 = ShapeStim(__class__=<class 'psychopy.visual.shape.ShapeStim'>, autoDraw=False, autoLog=True, closeShape=True, contrast=1.0, depth=-5.0, fillColor=array([1., 1., 1.]), fillColorSpace='rgb', interpolate=True, lineColor=array([1., 1., 1.]), lineColorSpace='rgb', lineWidth=1, name='polygon_2', opacity=0.0, ori=array(0.), pos=array([0., 0.]), size=array([1., 1.]), units='height', vertices=ndarray(...), win=Window(...), windingRule=None)
4.8680 	EXP 	Created option1_t1 = ImageStim(__class__=<class 'psychopy.visual.image.ImageStim'>, autoLog=True, color=array([1., 1., 1.]), colorSpace='rgb', contrast=1.0, depth=-1.0, flipHoriz=False, flipVert=False, image='sin', interpolate=True, mask=None, maskParams=None, name='option1_t1', opacity=1.0, ori=0.0, pos=array([-0.3,  0. ]), size=array([0.25, 0.25]), texRes=128, units='height', win=Window(...))
4.8703 	EXP 	Created option2_t1 = ImageStim(__class__=<class 'psychopy.visual.image.ImageStim'>, autoLog=True, color=array([1., 1., 1.]), colorSpace='rgb', contrast=1.0, depth=-2.0, flipHoriz=False, flipVert=False, image='sin', interpolate=True, mask=None, maskParams=None, name='option2_t1', opacity=1.0, ori=0.0, pos=array([0.3, 0. ]), size=array([0.25, 0.25]), texRes=128, units='height', win=Window(...))
4.8727 	EXP 	Created option1_t2 = ImageStim(__class__=<class 'psychopy.visual.image.ImageStim'>, autoLog=True, color=array([1., 1., 1.]), colorSpace='rgb', contrast=1.0, depth=-1.0, flipHoriz=False, flipVert=False, image='sin', interpolate=True, mask=None, maskParams=None, name='option1_t2', opacity=1.0, ori=0.0, pos=array([0.3, 0. ]), size=array([0.25, 0.25]), texRes=128, units='height', win=Window(...))
4.8753 	EXP 	Created option2_t2 = ImageStim(__class__=<class 'psychopy.visual.image.ImageStim'>, autoLog=True, color=array([1., 1., 1.]), colorSpace='rgb', contrast=1.0, depth=-2.0, flipHoriz=False, flipVert=False, image='sin', interpolate=True, mask=None, maskParams=None, name='option2_t2', opacity=1.0, ori=0.0, pos=array([-0.3,  0. ]), size=array([0.25, 0.25]), texRes=128, units='height', win=Window(...))
4.9139 	EXP 	Imported conditionAB.xlsx as conditions, 140 conditions, 9 params
4.9144 	EXP 	Created sequence: random, trialTypes=140, nReps=1, seed=None
4.9147 	EXP 	New trial (rep=0, index=0): OrderedDict([('trialType', 'AB'), ('cndTyp', 'lag3'), ('lag', 3), ('T1_loc', 3), ('gap', 0), ('T2_loc', 6), ('primePos', 102), ('stimLen', 0.2), ('isi', 0.05)])
5.0087 	EXP 	polygon: autoDraw = True
5.0087 	EXP 	polygon: opacity = 0.0
5.0087 	EXP 	displayPicture: autoDraw = True
5.0087 	EXP 	displayPicture: image = 'C:\\Users\\Employee\\Google Drive\\UP\\MyResearch\\TaskProgramming\\AB_pic\\resources\\skateboard.jpg'
5.0087 	EXP 	polygon_2: autoDraw = True
5.0338 	EXP 	polygon: opacity = 0.0
5.0338 	EXP 	displayPicture: image = 'C:\\Users\\Employee\\Google Drive\\UP\\MyResearch\\TaskProgramming\\AB_pic\\resources\\skateboard.jpg'
5.0505 	EXP 	polygon: opacity = 0.0
5.0505 	EXP 	displayPicture: image = 'C:\\Users\\Employee\\Google Drive\\UP\\MyResearch\\TaskProgramming\\AB_pic\\resources\\skateboard.jpg'
5.0671 	EXP 	polygon: opacity = 0.0
5.0671 	EXP 	displayPicture: image = 'C:\\Users\\Employee\\Google Drive\\UP\\MyResearch\\TaskProgramming\\AB_pic\\resources\\skateboard.jpg'
5.0838 	EXP 	polygon: opacity = 0.0
5.0838 	EXP 	displayPicture: image = 'C:\\Users\\Employee\\Google Drive\\UP\\MyResearch\\TaskProgramming\\AB_pic\\resources\\skateboard.jpg'
5.1005 	EXP 	polygon: opacity = 0.0
5.1005 	EXP 	displayPicture: image = 'C:\\Users\\Employee\\Google Drive\\UP\\MyResearch\\TaskProgramming\\AB_pic\\resources\\skateboard.jpg'
5.1171 	EXP 	polygon: opacity = 0.0
5.1171 	EXP 	displayPicture: image = 'C:\\Users\\Employee\\Google Drive\\UP\\MyResearch\\TaskProgramming\\AB_pic\\resources\\skateboard.jpg'
5.1338 	EXP 	polygon: opacity = 0.0
5.1338 	EXP 	displayPicture: image = 'C:\\Users\\Employee\\Google Drive\\UP\\MyResearch\\TaskProgramming\\AB_pic\\resources\\skateboard.jpg'
5.1505 	EXP 	polygon: opacity = 0.0
5.1505 	EXP 	displayPicture: image = 'C:\\Users\\Employee\\Google Drive\\UP\\MyResearch\\TaskProgramming\\AB_pic\\resources\\skateboard.jpg'
5.1671 	EXP 	polygon: opacity = 0.0
5.1671 	EXP 	displayPicture: image = 'C:\\Users\\Employee\\Google Drive\\UP\\MyResearch\\TaskProgramming\\AB_pic\\resources\\skateboard.jpg'
5.2005 	EXP 	polygon: opacity = 0.0
5.2005 	EXP 	displayPicture: image = 'C:\\Users\\Employee\\Google Drive\\UP\\MyResearch\\TaskProgramming\\AB_pic\\resources\\zipper.jpg'
5.2172 	EXP 	polygon: opacity = 0.0
5.2172 	EXP 	displayPicture: image = 'C:\\Users\\Employee\\Google Drive\\UP\\MyResearch\\TaskProgramming\\AB_pic\\resources\\zipper.jpg'
5.2338 	EXP 	polygon: opacity = 0.0
5.2338 	EXP 	displayPicture: image = 'C:\\Users\\Employee\\Google Drive\\UP\\MyResearch\\TaskProgramming\\AB_pic\\resources\\zipper.jpg'
5.2504 	EXP 	polygon: opacity = 0.0
5.2504 	EXP 	displayPicture: image = 'C:\\Users\\Employee\\Google Drive\\UP\\MyResearch\\TaskProgramming\\AB_pic\\resources\\zipper.jpg'
5.2671 	EXP 	polygon: opacity = 0.0
5.2671 	EXP 	displayPicture: image = 'C:\\Users\\Employee\\Google Drive\\UP\\MyResearch\\TaskProgramming\\AB_pic\\resources\\zipper.jpg'
5.2838 	EXP 	polygon: opacity = 0.0
5.2838 	EXP 	displayPicture: image = 'C:\\Users\\Employee\\Google Drive\\UP\\MyResearch\\TaskProgramming\\AB_pic\\resources\\zipper.jpg'
5.3005 	EXP 	polygon: opacity = 0.0
5.3005 	EXP 	displayPicture: image = 'C:\\Users\\Employee\\Google Drive\\UP\\MyResearch\\TaskProgramming\\AB_pic\\resources\\zipper.jpg'
5.3172 	EXP 	polygon: opacity = 0.0
5.3172 	EXP 	displayPicture: image = 'C:\\Users\\Employee\\Google Drive\\UP\\MyResearch\\TaskProgramming\\AB_pic\\resources\\zipper.jpg'
5.3338 	EXP 	polygon: opacity = 0.0
5.3338 	EXP 	displayPicture: image = 'C:\\Users\\Employee\\Google Drive\\UP\\MyResearch\\TaskProgramming\\AB_pic\\resources\\zipper.jpg'
5.3505 	EXP 	polygon: opacity = 0.0
5.3505 	EXP 	displayPicture: image = 'C:\\Users\\Employee\\Google Drive\\UP\\MyResearch\\TaskProgramming\\AB_pic\\resources\\zipper.jpg'
5.3672 	EXP 	polygon: opacity = 0.0
5.3672 	EXP 	displayPicture: image = 'C:\\Users\\Employee\\Google Drive\\UP\\MyResearch\\TaskProgramming\\AB_pic\\resources\\zipper.jpg'
5.3838 	EXP 	polygon: opacity = 0.0
5.3838 	EXP 	displayPicture: image = 'C:\\Users\\Employee\\Google Drive\\UP\\MyResearch\\TaskProgramming\\AB_pic\\resources\\zipper.jpg'
5.4004 	EXP 	polygon: opacity = 0.0
5.4004 	EXP 	displayPicture: image = 'C:\\Users\\Employee\\Google Drive\\UP\\MyResearch\\TaskProgramming\\AB_pic\\resources\\zipper.jpg'
5.4171 	EXP 	polygon: opacity = 0.0
5.4171 	EXP 	displayPicture: image = 'C:\\Users\\Employee\\Google Drive\\UP\\MyResearch\\TaskProgramming\\AB_pic\\resources\\zipper.jpg'
5.4338 	EXP 	polygon: opacity = 1.0
5.4338 	EXP 	displayPicture: image = 'C:\\Users\\Employee\\Google Drive\\UP\\MyResearch\\TaskProgramming\\AB_pic\\resources\\boxingglove01.jpg'
5.4505 	EXP 	polygon: opacity = 1.0
5.4505 	EXP 	displayPicture: image = 'C:\\Users\\Employee\\Google Drive\\UP\\MyResearch\\TaskProgramming\\AB_pic\\resources\\boxingglove01.jpg'
5.4838 	EXP 	polygon: opacity = 1.0
5.4838 	EXP 	displayPicture: image = 'C:\\Users\\Employee\\Google Drive\\UP\\MyResearch\\TaskProgramming\\AB_pic\\resources\\boxingglove01.jpg'
5.5005 	EXP 	polygon: opacity = 1.0
5.5005 	EXP 	displayPicture: image = 'C:\\Users\\Employee\\Google Drive\\UP\\MyResearch\\TaskProgramming\\AB_pic\\resources\\boxingglove01.jpg'
5.5171 	EXP 	polygon: opacity = 1.0
5.5171 	EXP 	displayPicture: image = 'C:\\Users\\Employee\\Google Drive\\UP\\MyResearch\\TaskProgramming\\AB_pic\\resources\\boxingglove01.jpg'
5.5340 	EXP 	polygon: opacity = 1.0
5.5340 	EXP 	displayPicture: image = 'C:\\Users\\Employee\\Google Drive\\UP\\MyResearch\\TaskProgramming\\AB_pic\\resources\\boxingglove01.jpg'
5.5505 	EXP 	polygon: opacity = 1.0
5.5505 	EXP 	displayPicture: image = 'C:\\Users\\Employee\\Google Drive\\UP\\MyResearch\\TaskProgramming\\AB_pic\\resources\\boxingglove01.jpg'
5.5671 	EXP 	polygon: opacity = 1.0
5.5671 	EXP 	displayPicture: image = 'C:\\Users\\Employee\\Google Drive\\UP\\MyResearch\\TaskProgramming\\AB_pic\\resources\\boxingglove01.jpg'
5.5838 	EXP 	polygon: opacity = 1.0
5.5838 	EXP 	displayPicture: image = 'C:\\Users\\Employee\\Google Drive\\UP\\MyResearch\\TaskProgramming\\AB_pic\\resources\\boxingglove01.jpg'
5.6005 	EXP 	polygon: opacity = 1.0
5.6005 	EXP 	displayPicture: image = 'C:\\Users\\Employee\\Google Drive\\UP\\MyResearch\\TaskProgramming\\AB_pic\\resources\\boxingglove01.jpg'
5.6171 	EXP 	polygon: opacity = 1.0
5.6171 	EXP 	displayPicture: image = 'C:\\Users\\Employee\\Google Drive\\UP\\MyResearch\\TaskProgramming\\AB_pic\\resources\\boxingglove01.jpg'
5.6338 	EXP 	polygon: opacity = 1.0
5.6338 	EXP 	displayPicture: image = 'C:\\Users\\Employee\\Google Drive\\UP\\MyResearch\\TaskProgramming\\AB_pic\\resources\\boxingglove01.jpg'
5.6504 	EXP 	polygon: opacity = 1.0
5.6504 	EXP 	displayPicture: image = 'C:\\Users\\Employee\\Google Drive\\UP\\MyResearch\\TaskProgramming\\AB_pic\\resources\\boxingglove01.jpg'
5.6671 	EXP 	polygon: opacity = 1.0
5.6671 	EXP 	displayPicture: image = 'C:\\Users\\Employee\\Google Drive\\UP\\MyResearch\\TaskProgramming\\AB_pic\\resources\\boxingglove01.jpg'
5.6838 	EXP 	polygon: opacity = 0.0
5.6838 	EXP 	displayPicture: image = 'C:\\Users\\Employee\\Google Drive\\UP\\MyResearch\\TaskProgramming\\AB_pic\\resources\\rollerblade.jpg'
5.7005 	EXP 	polygon: opacity = 0.0
5.7005 	EXP 	displayPicture: image = 'C:\\Users\\Employee\\Google Drive\\UP\\MyResearch\\TaskProgramming\\AB_pic\\resources\\rollerblade.jpg'
5.7171 	EXP 	polygon: opacity = 0.0
5.7171 	EXP 	displayPicture: image = 'C:\\Users\\Employee\\Google Drive\\UP\\MyResearch\\TaskProgramming\\AB_pic\\resources\\rollerblade.jpg'
5.7337 	EXP 	polygon: opacity = 0.0
5.7337 	EXP 	displayPicture: image = 'C:\\Users\\Employee\\Google Drive\\UP\\MyResearch\\TaskProgramming\\AB_pic\\resources\\rollerblade.jpg'
5.7504 	EXP 	polygon: opacity = 0.0
5.7504 	EXP 	displayPicture: image = 'C:\\Users\\Employee\\Google Drive\\UP\\MyResearch\\TaskProgramming\\AB_pic\\resources\\rollerblade.jpg'
5.7671 	EXP 	polygon: opacity = 0.0
5.7671 	EXP 	displayPicture: image = 'C:\\Users\\Employee\\Google Drive\\UP\\MyResearch\\TaskProgramming\\AB_pic\\resources\\rollerblade.jpg'
5.7838 	EXP 	polygon: opacity = 0.0
5.7838 	EXP 	displayPicture: image = 'C:\\Users\\Employee\\Google Drive\\UP\\MyResearch\\TaskProgramming\\AB_pic\\resources\\rollerblade.jpg'
5.8004 	EXP 	polygon: opacity = 0.0
5.8004 	EXP 	displayPicture: image = 'C:\\Users\\Employee\\Google Drive\\UP\\MyResearch\\TaskProgramming\\AB_pic\\resources\\rollerblade.jpg'
5.8171 	EXP 	polygon: opacity = 0.0
5.8171 	EXP 	displayPicture: image = 'C:\\Users\\Employee\\Google Drive\\UP\\MyResearch\\TaskProgramming\\AB_pic\\resources\\rollerblade.jpg'
5.8338 	EXP 	polygon: opacity = 0.0
5.8338 	EXP 	displayPicture: image = 'C:\\Users\\Employee\\Google Drive\\UP\\MyResearch\\TaskProgramming\\AB_pic\\resources\\rollerblade.jpg'
5.8504 	EXP 	polygon: opacity = 0.0
5.8504 	EXP 	displayPicture: image = 'C:\\Users\\Employee\\Google Drive\\UP\\MyResearch\\TaskProgramming\\AB_pic\\resources\\rollerblade.jpg'
5.8671 	EXP 	polygon: opacity = 0.0
5.8671 	EXP 	displayPicture: image = 'C:\\Users\\Employee\\Google Drive\\UP\\MyResearch\\TaskProgramming\\AB_pic\\resources\\rollerblade.jpg'
5.8838 	EXP 	polygon: opacity = 0.0
5.8838 	EXP 	displayPicture: image = 'C:\\Users\\Employee\\Google Drive\\UP\\MyResearch\\TaskProgramming\\AB_pic\\resources\\rollerblade.jpg'
5.9004 	EXP 	polygon: opacity = 0.0
5.9004 	EXP 	displayPicture: image = 'C:\\Users\\Employee\\Google Drive\\UP\\MyResearch\\TaskProgramming\\AB_pic\\resources\\rollerblade.jpg'
5.9171 	EXP 	polygon: opacity = 0.0
5.9171 	EXP 	displayPicture: image = 'C:\\Users\\Employee\\Google Drive\\UP\\MyResearch\\TaskProgramming\\AB_pic\\resources\\rollerblade.jpg'
5.9337 	EXP 	polygon: opacity = 0.0
5.9337 	EXP 	displayPicture: image = 'C:\\Users\\Employee\\Google Drive\\UP\\MyResearch\\TaskProgramming\\AB_pic\\resources\\ear.jpg'
5.9504 	EXP 	polygon: opacity = 0.0
5.9504 	EXP 	displayPicture: image = 'C:\\Users\\Employee\\Google Drive\\UP\\MyResearch\\TaskProgramming\\AB_pic\\resources\\ear.jpg'
5.9671 	EXP 	polygon: opacity = 0.0
5.9671 	EXP 	displayPicture: image = 'C:\\Users\\Employee\\Google Drive\\UP\\MyResearch\\TaskProgramming\\AB_pic\\resources\\ear.jpg'
5.9837 	EXP 	polygon: opacity = 0.0
5.9837 	EXP 	displayPicture: image = 'C:\\Users\\Employee\\Google Drive\\UP\\MyResearch\\TaskProgramming\\AB_pic\\resources\\ear.jpg'
6.0004 	EXP 	polygon: opacity = 0.0
6.0004 	EXP 	displayPicture: image = 'C:\\Users\\Employee\\Google Drive\\UP\\MyResearch\\TaskProgramming\\AB_pic\\resources\\ear.jpg'
6.0171 	EXP 	polygon: opacity = 0.0
6.0171 	EXP 	displayPicture: image = 'C:\\Users\\Employee\\Google Drive\\UP\\MyResearch\\TaskProgramming\\AB_pic\\resources\\ear.jpg'
6.0338 	EXP 	polygon: opacity = 0.0
6.0338 	EXP 	displayPicture: image = 'C:\\Users\\Employee\\Google Drive\\UP\\MyResearch\\TaskProgramming\\AB_pic\\resources\\ear.jpg'
6.0504 	EXP 	polygon: opacity = 0.0
6.0504 	EXP 	displayPicture: image = 'C:\\Users\\Employee\\Google Drive\\UP\\MyResearch\\TaskProgramming\\AB_pic\\resources\\ear.jpg'
6.0671 	EXP 	polygon: opacity = 0.0
6.0671 	EXP 	displayPicture: image = 'C:\\Users\\Employee\\Google Drive\\UP\\MyResearch\\TaskProgramming\\AB_pic\\resources\\ear.jpg'
6.0837 	EXP 	polygon: opacity = 0.0
6.0837 	EXP 	displayPicture: image = 'C:\\Users\\Employee\\Google Drive\\UP\\MyResearch\\TaskProgramming\\AB_pic\\resources\\ear.jpg'
6.1004 	EXP 	polygon: opacity = 0.0
6.1004 	EXP 	displayPicture: image = 'C:\\Users\\Employee\\Google Drive\\UP\\MyResearch\\TaskProgramming\\AB_pic\\resources\\ear.jpg'
6.1171 	EXP 	polygon: opacity = 0.0
6.1171 	EXP 	displayPicture: image = 'C:\\Users\\Employee\\Google Drive\\UP\\MyResearch\\TaskProgramming\\AB_pic\\resources\\ear.jpg'
6.1337 	EXP 	polygon: opacity = 0.0
6.1337 	EXP 	displayPicture: image = 'C:\\Users\\Employee\\Google Drive\\UP\\MyResearch\\TaskProgramming\\AB_pic\\resources\\ear.jpg'
6.1504 	EXP 	polygon: opacity = 0.0
6.1504 	EXP 	displayPicture: image = 'C:\\Users\\Employee\\Google Drive\\UP\\MyResearch\\TaskProgramming\\AB_pic\\resources\\ear.jpg'
6.1671 	EXP 	polygon: opacity = 0.0
6.1671 	EXP 	displayPicture: image = 'C:\\Users\\Employee\\Google Drive\\UP\\MyResearch\\TaskProgramming\\AB_pic\\resources\\ear.jpg'
6.1837 	EXP 	polygon: opacity = 1.0
6.1837 	EXP 	displayPicture: image = 'C:\\Users\\Employee\\Google Drive\\UP\\MyResearch\\TaskProgramming\\AB_pic\\resources\\boat.jpg'
6.2004 	EXP 	polygon: opacity = 1.0
6.2004 	EXP 	displayPicture: image = 'C:\\Users\\Employee\\Google Drive\\UP\\MyResearch\\TaskProgramming\\AB_pic\\resources\\boat.jpg'
6.2171 	EXP 	polygon: opacity = 1.0
6.2171 	EXP 	displayPicture: image = 'C:\\Users\\Employee\\Google Drive\\UP\\MyResearch\\TaskProgramming\\AB_pic\\resources\\boat.jpg'
6.2337 	EXP 	polygon: opacity = 1.0
6.2337 	EXP 	displayPicture: image = 'C:\\Users\\Employee\\Google Drive\\UP\\MyResearch\\TaskProgramming\\AB_pic\\resources\\boat.jpg'
6.2504 	EXP 	polygon: opacity = 1.0
6.2504 	EXP 	displayPicture: image = 'C:\\Users\\Employee\\Google Drive\\UP\\MyResearch\\TaskProgramming\\AB_pic\\resources\\boat.jpg'
6.2671 	EXP 	polygon: opacity = 1.0
6.2671 	EXP 	displayPicture: image = 'C:\\Users\\Employee\\Google Drive\\UP\\MyResearch\\TaskProgramming\\AB_pic\\resources\\boat.jpg'
6.2837 	EXP 	polygon: opacity = 1.0
6.2837 	EXP 	displayPicture: image = 'C:\\Users\\Employee\\Google Drive\\UP\\MyResearch\\TaskProgramming\\AB_pic\\resources\\boat.jpg'
6.3004 	EXP 	polygon: opacity = 1.0
6.3004 	EXP 	displayPicture: image = 'C:\\Users\\Employee\\Google Drive\\UP\\MyResearch\\TaskProgramming\\AB_pic\\resources\\boat.jpg'
6.3171 	EXP 	polygon: opacity = 1.0
6.3171 	EXP 	displayPicture: image = 'C:\\Users\\Employee\\Google Drive\\UP\\MyResearch\\TaskProgramming\\AB_pic\\resources\\boat.jpg'
6.3337 	EXP 	polygon: opacity = 1.0
6.3337 	EXP 	displayPicture: image = 'C:\\Users\\Employee\\Google Drive\\UP\\MyResearch\\TaskProgramming\\AB_pic\\resources\\boat.jpg'
6.3504 	EXP 	polygon: opacity = 1.0
6.3504 	EXP 	displayPicture: image = 'C:\\Users\\Employee\\Google Drive\\UP\\MyResearch\\TaskProgramming\\AB_pic\\resources\\boat.jpg'
6.3671 	EXP 	polygon: opacity = 1.0
6.3671 	EXP 	displayPicture: image = 'C:\\Users\\Employee\\Google Drive\\UP\\MyResearch\\TaskProgramming\\AB_pic\\resources\\boat.jpg'
6.3838 	EXP 	polygon: opacity = 1.0
6.3838 	EXP 	displayPicture: image = 'C:\\Users\\Employee\\Google Drive\\UP\\MyResearch\\TaskProgramming\\AB_pic\\resources\\boat.jpg'
6.4004 	EXP 	polygon: opacity = 1.0
6.4004 	EXP 	displayPicture: image = 'C:\\Users\\Employee\\Google Drive\\UP\\MyResearch\\TaskProgramming\\AB_pic\\resources\\boat.jpg'
6.4171 	EXP 	polygon: opacity = 1.0
6.4171 	EXP 	displayPicture: image = 'C:\\Users\\Employee\\Google Drive\\UP\\MyResearch\\TaskProgramming\\AB_pic\\resources\\boat.jpg'
6.4334 	EXP 	polygon: opacity = 0.0
6.4334 	EXP 	displayPicture: image = 'C:\\Users\\Employee\\Google Drive\\UP\\MyResearch\\TaskProgramming\\AB_pic\\resources\\snowman.jpg'
6.4501 	EXP 	polygon: opacity = 0.0
6.4501 	EXP 	displayPicture: image = 'C:\\Users\\Employee\\Google Drive\\UP\\MyResearch\\TaskProgramming\\AB_pic\\resources\\snowman.jpg'
6.4668 	EXP 	polygon: opacity = 0.0
6.4668 	EXP 	displayPicture: image = 'C:\\Users\\Employee\\Google Drive\\UP\\MyResearch\\TaskProgramming\\AB_pic\\resources\\snowman.jpg'
6.4834 	EXP 	polygon: opacity = 0.0
6.4834 	EXP 	displayPicture: image = 'C:\\Users\\Employee\\Google Drive\\UP\\MyResearch\\TaskProgramming\\AB_pic\\resources\\snowman.jpg'
6.5001 	EXP 	polygon: opacity = 0.0
6.5001 	EXP 	displayPicture: image = 'C:\\Users\\Employee\\Google Drive\\UP\\MyResearch\\TaskProgramming\\AB_pic\\resources\\snowman.jpg'
6.5168 	EXP 	polygon: opacity = 0.0
6.5168 	EXP 	displayPicture: image = 'C:\\Users\\Employee\\Google Drive\\UP\\MyResearch\\TaskProgramming\\AB_pic\\resources\\snowman.jpg'
6.5334 	EXP 	polygon: opacity = 0.0
6.5334 	EXP 	displayPicture: image = 'C:\\Users\\Employee\\Google Drive\\UP\\MyResearch\\TaskProgramming\\AB_pic\\resources\\snowman.jpg'
6.5501 	EXP 	polygon: opacity = 0.0
6.5501 	EXP 	displayPicture: image = 'C:\\Users\\Employee\\Google Drive\\UP\\MyResearch\\TaskProgramming\\AB_pic\\resources\\snowman.jpg'
6.5668 	EXP 	polygon: opacity = 0.0
6.5668 	EXP 	displayPicture: image = 'C:\\Users\\Employee\\Google Drive\\UP\\MyResearch\\TaskProgramming\\AB_pic\\resources\\snowman.jpg'
6.5834 	EXP 	polygon: opacity = 0.0
6.5834 	EXP 	displayPicture: image = 'C:\\Users\\Employee\\Google Drive\\UP\\MyResearch\\TaskProgramming\\AB_pic\\resources\\snowman.jpg'
6.6001 	EXP 	polygon: opacity = 0.0
6.6001 	EXP 	displayPicture: image = 'C:\\Users\\Employee\\Google Drive\\UP\\MyResearch\\TaskProgramming\\AB_pic\\resources\\snowman.jpg'
6.6168 	EXP 	polygon: opacity = 0.0
6.6168 	EXP 	displayPicture: image = 'C:\\Users\\Employee\\Google Drive\\UP\\MyResearch\\TaskProgramming\\AB_pic\\resources\\snowman.jpg'
6.6334 	EXP 	polygon: opacity = 0.0
6.6334 	EXP 	displayPicture: image = 'C:\\Users\\Employee\\Google Drive\\UP\\MyResearch\\TaskProgramming\\AB_pic\\resources\\snowman.jpg'
6.6501 	EXP 	polygon: opacity = 0.0
6.6501 	EXP 	displayPicture: image = 'C:\\Users\\Employee\\Google Drive\\UP\\MyResearch\\TaskProgramming\\AB_pic\\resources\\snowman.jpg'
6.6668 	EXP 	polygon: opacity = 0.0
6.6668 	EXP 	displayPicture: image = 'C:\\Users\\Employee\\Google Drive\\UP\\MyResearch\\TaskProgramming\\AB_pic\\resources\\snowman.jpg'
6.6834 	EXP 	polygon: opacity = 0.0
6.6834 	EXP 	displayPicture: image = 'C:\\Users\\Employee\\Google Drive\\UP\\MyResearch\\TaskProgramming\\AB_pic\\resources\\candycane01a.jpg'
6.7001 	EXP 	polygon: opacity = 0.0
6.7001 	EXP 	displayPicture: image = 'C:\\Users\\Employee\\Google Drive\\UP\\MyResearch\\TaskProgramming\\AB_pic\\resources\\candycane01a.jpg'
6.7168 	EXP 	polygon: opacity = 0.0
6.7168 	EXP 	displayPicture: image = 'C:\\Users\\Employee\\Google Drive\\UP\\MyResearch\\TaskProgramming\\AB_pic\\resources\\candycane01a.jpg'
6.7334 	EXP 	polygon: opacity = 0.0
6.7334 	EXP 	displayPicture: image = 'C:\\Users\\Employee\\Google Drive\\UP\\MyResearch\\TaskProgramming\\AB_pic\\resources\\candycane01a.jpg'
6.7501 	EXP 	polygon: opacity = 0.0
6.7501 	EXP 	displayPicture: image = 'C:\\Users\\Employee\\Google Drive\\UP\\MyResearch\\TaskProgramming\\AB_pic\\resources\\candycane01a.jpg'
6.7667 	EXP 	polygon: opacity = 0.0
6.7667 	EXP 	displayPicture: image = 'C:\\Users\\Employee\\Google Drive\\UP\\MyResearch\\TaskProgramming\\AB_pic\\resources\\candycane01a.jpg'
6.7834 	EXP 	polygon: opacity = 0.0
6.7834 	EXP 	displayPicture: image = 'C:\\Users\\Employee\\Google Drive\\UP\\MyResearch\\TaskProgramming\\AB_pic\\resources\\candycane01a.jpg'
6.8001 	EXP 	polygon: opacity = 0.0
6.8001 	EXP 	displayPicture: image = 'C:\\Users\\Employee\\Google Drive\\UP\\MyResearch\\TaskProgramming\\AB_pic\\resources\\candycane01a.jpg'
6.8167 	EXP 	polygon: opacity = 0.0
6.8167 	EXP 	displayPicture: image = 'C:\\Users\\Employee\\Google Drive\\UP\\MyResearch\\TaskProgramming\\AB_pic\\resources\\candycane01a.jpg'
6.8334 	EXP 	polygon: opacity = 0.0
6.8334 	EXP 	displayPicture: image = 'C:\\Users\\Employee\\Google Drive\\UP\\MyResearch\\TaskProgramming\\AB_pic\\resources\\candycane01a.jpg'
6.8501 	EXP 	polygon: opacity = 0.0
6.8501 	EXP 	displayPicture: image = 'C:\\Users\\Employee\\Google Drive\\UP\\MyResearch\\TaskProgramming\\AB_pic\\resources\\candycane01a.jpg'
6.8668 	EXP 	polygon: opacity = 0.0
6.8668 	EXP 	displayPicture: image = 'C:\\Users\\Employee\\Google Drive\\UP\\MyResearch\\TaskProgramming\\AB_pic\\resources\\candycane01a.jpg'
6.8834 	EXP 	polygon: opacity = 0.0
6.8834 	EXP 	displayPicture: image = 'C:\\Users\\Employee\\Google Drive\\UP\\MyResearch\\TaskProgramming\\AB_pic\\resources\\candycane01a.jpg'
6.9001 	EXP 	polygon: opacity = 0.0
6.9001 	EXP 	displayPicture: image = 'C:\\Users\\Employee\\Google Drive\\UP\\MyResearch\\TaskProgramming\\AB_pic\\resources\\candycane01a.jpg'
6.9167 	EXP 	polygon: opacity = 0.0
6.9167 	EXP 	displayPicture: image = 'C:\\Users\\Employee\\Google Drive\\UP\\MyResearch\\TaskProgramming\\AB_pic\\resources\\candycane01a.jpg'
6.9334 	EXP 	polygon: opacity = 0.0
6.9334 	EXP 	displayPicture: image = 'C:\\Users\\Employee\\Google Drive\\UP\\MyResearch\\TaskProgramming\\AB_pic\\resources\\cigar.jpg'
6.9501 	EXP 	polygon: opacity = 0.0
6.9501 	EXP 	displayPicture: image = 'C:\\Users\\Employee\\Google Drive\\UP\\MyResearch\\TaskProgramming\\AB_pic\\resources\\cigar.jpg'
6.9668 	EXP 	polygon: opacity = 0.0
6.9668 	EXP 	displayPicture: image = 'C:\\Users\\Employee\\Google Drive\\UP\\MyResearch\\TaskProgramming\\AB_pic\\resources\\cigar.jpg'
6.9834 	EXP 	polygon: opacity = 0.0
6.9834 	EXP 	displayPicture: image = 'C:\\Users\\Employee\\Google Drive\\UP\\MyResearch\\TaskProgramming\\AB_pic\\resources\\cigar.jpg'
7.0001 	EXP 	polygon: opacity = 0.0
7.0001 	EXP 	displayPicture: image = 'C:\\Users\\Employee\\Google Drive\\UP\\MyResearch\\TaskProgramming\\AB_pic\\resources\\cigar.jpg'
7.0168 	EXP 	polygon: opacity = 0.0
7.0168 	EXP 	displayPicture: image = 'C:\\Users\\Employee\\Google Drive\\UP\\MyResearch\\TaskProgramming\\AB_pic\\resources\\cigar.jpg'
7.0334 	EXP 	polygon: opacity = 0.0
7.0334 	EXP 	displayPicture: image = 'C:\\Users\\Employee\\Google Drive\\UP\\MyResearch\\TaskProgramming\\AB_pic\\resources\\cigar.jpg'
7.0500 	EXP 	polygon: opacity = 0.0
7.0500 	EXP 	displayPicture: image = 'C:\\Users\\Employee\\Google Drive\\UP\\MyResearch\\TaskProgramming\\AB_pic\\resources\\cigar.jpg'
7.0667 	EXP 	polygon: opacity = 0.0
7.0667 	EXP 	displayPicture: image = 'C:\\Users\\Employee\\Google Drive\\UP\\MyResearch\\TaskProgramming\\AB_pic\\resources\\cigar.jpg'
7.0834 	EXP 	polygon: opacity = 0.0
7.0834 	EXP 	displayPicture: image = 'C:\\Users\\Employee\\Google Drive\\UP\\MyResearch\\TaskProgramming\\AB_pic\\resources\\cigar.jpg'
7.1000 	EXP 	polygon: opacity = 0.0
7.1000 	EXP 	displayPicture: image = 'C:\\Users\\Employee\\Google Drive\\UP\\MyResearch\\TaskProgramming\\AB_pic\\resources\\cigar.jpg'
7.1168 	EXP 	polygon: opacity = 0.0
7.1168 	EXP 	displayPicture: image = 'C:\\Users\\Employee\\Google Drive\\UP\\MyResearch\\TaskProgramming\\AB_pic\\resources\\cigar.jpg'
7.1334 	EXP 	polygon: opacity = 0.0
7.1334 	EXP 	displayPicture: image = 'C:\\Users\\Employee\\Google Drive\\UP\\MyResearch\\TaskProgramming\\AB_pic\\resources\\cigar.jpg'
7.1501 	EXP 	polygon: opacity = 0.0
7.1501 	EXP 	displayPicture: image = 'C:\\Users\\Employee\\Google Drive\\UP\\MyResearch\\TaskProgramming\\AB_pic\\resources\\cigar.jpg'
7.1667 	EXP 	polygon: opacity = 0.0
7.1667 	EXP 	displayPicture: image = 'C:\\Users\\Employee\\Google Drive\\UP\\MyResearch\\TaskProgramming\\AB_pic\\resources\\cigar.jpg'
7.1834 	EXP 	polygon: opacity = 0.0
7.1834 	EXP 	displayPicture: image = 'C:\\Users\\Employee\\Google Drive\\UP\\MyResearch\\TaskProgramming\\AB_pic\\resources\\discoball.jpg'
7.2001 	EXP 	polygon: opacity = 0.0
7.2001 	EXP 	displayPicture: image = 'C:\\Users\\Employee\\Google Drive\\UP\\MyResearch\\TaskProgramming\\AB_pic\\resources\\discoball.jpg'
7.2168 	EXP 	polygon: opacity = 0.0
7.2168 	EXP 	displayPicture: image = 'C:\\Users\\Employee\\Google Drive\\UP\\MyResearch\\TaskProgramming\\AB_pic\\resources\\discoball.jpg'
7.2334 	EXP 	polygon: opacity = 0.0
7.2334 	EXP 	displayPicture: image = 'C:\\Users\\Employee\\Google Drive\\UP\\MyResearch\\TaskProgramming\\AB_pic\\resources\\discoball.jpg'
7.2501 	EXP 	polygon: opacity = 0.0
7.2501 	EXP 	displayPicture: image = 'C:\\Users\\Employee\\Google Drive\\UP\\MyResearch\\TaskProgramming\\AB_pic\\resources\\discoball.jpg'
7.2667 	EXP 	polygon: opacity = 0.0
7.2667 	EXP 	displayPicture: image = 'C:\\Users\\Employee\\Google Drive\\UP\\MyResearch\\TaskProgramming\\AB_pic\\resources\\discoball.jpg'
7.2834 	EXP 	polygon: opacity = 0.0
7.2834 	EXP 	displayPicture: image = 'C:\\Users\\Employee\\Google Drive\\UP\\MyResearch\\TaskProgramming\\AB_pic\\resources\\discoball.jpg'
7.3001 	EXP 	polygon: opacity = 0.0
7.3001 	EXP 	displayPicture: image = 'C:\\Users\\Employee\\Google Drive\\UP\\MyResearch\\TaskProgramming\\AB_pic\\resources\\discoball.jpg'
7.3167 	EXP 	polygon: opacity = 0.0
7.3167 	EXP 	displayPicture: image = 'C:\\Users\\Employee\\Google Drive\\UP\\MyResearch\\TaskProgramming\\AB_pic\\resources\\discoball.jpg'
7.3334 	EXP 	polygon: opacity = 0.0
7.3334 	EXP 	displayPicture: image = 'C:\\Users\\Employee\\Google Drive\\UP\\MyResearch\\TaskProgramming\\AB_pic\\resources\\discoball.jpg'
7.3500 	EXP 	polygon: opacity = 0.0
7.3500 	EXP 	displayPicture: image = 'C:\\Users\\Employee\\Google Drive\\UP\\MyResearch\\TaskProgramming\\AB_pic\\resources\\discoball.jpg'
7.3667 	EXP 	polygon: opacity = 0.0
7.3667 	EXP 	displayPicture: image = 'C:\\Users\\Employee\\Google Drive\\UP\\MyResearch\\TaskProgramming\\AB_pic\\resources\\discoball.jpg'
7.3834 	EXP 	polygon: opacity = 0.0
7.3834 	EXP 	displayPicture: image = 'C:\\Users\\Employee\\Google Drive\\UP\\MyResearch\\TaskProgramming\\AB_pic\\resources\\discoball.jpg'
7.4000 	EXP 	polygon: opacity = 0.0
7.4000 	EXP 	displayPicture: image = 'C:\\Users\\Employee\\Google Drive\\UP\\MyResearch\\TaskProgramming\\AB_pic\\resources\\discoball.jpg'
7.4167 	EXP 	polygon: opacity = 0.0
7.4167 	EXP 	displayPicture: image = 'C:\\Users\\Employee\\Google Drive\\UP\\MyResearch\\TaskProgramming\\AB_pic\\resources\\discoball.jpg'
7.4334 	EXP 	polygon: opacity = 0.0
7.4334 	EXP 	displayPicture: image = 'C:\\Users\\Employee\\Google Drive\\UP\\MyResearch\\TaskProgramming\\AB_pic\\resources\\tiger02.jpg'
7.4500 	EXP 	polygon: opacity = 0.0
7.4500 	EXP 	displayPicture: image = 'C:\\Users\\Employee\\Google Drive\\UP\\MyResearch\\TaskProgramming\\AB_pic\\resources\\tiger02.jpg'
7.4667 	EXP 	polygon: opacity = 0.0
7.4667 	EXP 	displayPicture: image = 'C:\\Users\\Employee\\Google Drive\\UP\\MyResearch\\TaskProgramming\\AB_pic\\resources\\tiger02.jpg'
7.4834 	EXP 	polygon: opacity = 0.0
7.4834 	EXP 	displayPicture: image = 'C:\\Users\\Employee\\Google Drive\\UP\\MyResearch\\TaskProgramming\\AB_pic\\resources\\tiger02.jpg'
7.5001 	EXP 	polygon: opacity = 0.0
7.5001 	EXP 	displayPicture: image = 'C:\\Users\\Employee\\Google Drive\\UP\\MyResearch\\TaskProgramming\\AB_pic\\resources\\tiger02.jpg'
7.5167 	EXP 	polygon: opacity = 0.0
7.5167 	EXP 	displayPicture: image = 'C:\\Users\\Employee\\Google Drive\\UP\\MyResearch\\TaskProgramming\\AB_pic\\resources\\tiger02.jpg'
7.5334 	EXP 	polygon: opacity = 0.0
7.5334 	EXP 	displayPicture: image = 'C:\\Users\\Employee\\Google Drive\\UP\\MyResearch\\TaskProgramming\\AB_pic\\resources\\tiger02.jpg'
7.5500 	EXP 	polygon: opacity = 0.0
7.5500 	EXP 	displayPicture: image = 'C:\\Users\\Employee\\Google Drive\\UP\\MyResearch\\TaskProgramming\\AB_pic\\resources\\tiger02.jpg'
7.5667 	EXP 	polygon: opacity = 0.0
7.5667 	EXP 	displayPicture: image = 'C:\\Users\\Employee\\Google Drive\\UP\\MyResearch\\TaskProgramming\\AB_pic\\resources\\tiger02.jpg'
7.5833 	EXP 	polygon: opacity = 0.0
7.5833 	EXP 	displayPicture: image = 'C:\\Users\\Employee\\Google Drive\\UP\\MyResearch\\TaskProgramming\\AB_pic\\resources\\tiger02.jpg'
7.6000 	EXP 	polygon: opacity = 0.0
7.6000 	EXP 	displayPicture: image = 'C:\\Users\\Employee\\Google Drive\\UP\\MyResearch\\TaskProgramming\\AB_pic\\resources\\tiger02.jpg'
7.6167 	EXP 	polygon: opacity = 0.0
7.6167 	EXP 	displayPicture: image = 'C:\\Users\\Employee\\Google Drive\\UP\\MyResearch\\TaskProgramming\\AB_pic\\resources\\tiger02.jpg'
7.6334 	EXP 	polygon: opacity = 0.0
7.6334 	EXP 	displayPicture: image = 'C:\\Users\\Employee\\Google Drive\\UP\\MyResearch\\TaskProgramming\\AB_pic\\resources\\tiger02.jpg'
7.6500 	EXP 	polygon: opacity = 0.0
7.6500 	EXP 	displayPicture: image = 'C:\\Users\\Employee\\Google Drive\\UP\\MyResearch\\TaskProgramming\\AB_pic\\resources\\tiger02.jpg'
7.6667 	EXP 	polygon: opacity = 0.0
7.6667 	EXP 	displayPicture: image = 'C:\\Users\\Employee\\Google Drive\\UP\\MyResearch\\TaskProgramming\\AB_pic\\resources\\tiger02.jpg'
7.6833 	EXP 	polygon: opacity = 0.0
7.6833 	EXP 	displayPicture: image = 'C:\\Users\\Employee\\Google Drive\\UP\\MyResearch\\TaskProgramming\\AB_pic\\resources\\punchingbag.jpg'
7.7000 	EXP 	polygon: opacity = 0.0
7.7000 	EXP 	displayPicture: image = 'C:\\Users\\Employee\\Google Drive\\UP\\MyResearch\\TaskProgramming\\AB_pic\\resources\\punchingbag.jpg'
7.7167 	EXP 	polygon: opacity = 0.0
7.7167 	EXP 	displayPicture: image = 'C:\\Users\\Employee\\Google Drive\\UP\\MyResearch\\TaskProgramming\\AB_pic\\resources\\punchingbag.jpg'
7.7334 	EXP 	polygon: opacity = 0.0
7.7334 	EXP 	displayPicture: image = 'C:\\Users\\Employee\\Google Drive\\UP\\MyResearch\\TaskProgramming\\AB_pic\\resources\\punchingbag.jpg'
7.7500 	EXP 	polygon: opacity = 0.0
7.7500 	EXP 	displayPicture: image = 'C:\\Users\\Employee\\Google Drive\\UP\\MyResearch\\TaskProgramming\\AB_pic\\resources\\punchingbag.jpg'
7.7667 	EXP 	polygon: opacity = 0.0
7.7667 	EXP 	displayPicture: image = 'C:\\Users\\Employee\\Google Drive\\UP\\MyResearch\\TaskProgramming\\AB_pic\\resources\\punchingbag.jpg'
7.7833 	EXP 	polygon: opacity = 0.0
7.7833 	EXP 	displayPicture: image = 'C:\\Users\\Employee\\Google Drive\\UP\\MyResearch\\TaskProgramming\\AB_pic\\resources\\punchingbag.jpg'
7.8000 	EXP 	polygon: opacity = 0.0
7.8000 	EXP 	displayPicture: image = 'C:\\Users\\Employee\\Google Drive\\UP\\MyResearch\\TaskProgramming\\AB_pic\\resources\\punchingbag.jpg'
7.8167 	EXP 	polygon: opacity = 0.0
7.8167 	EXP 	displayPicture: image = 'C:\\Users\\Employee\\Google Drive\\UP\\MyResearch\\TaskProgramming\\AB_pic\\resources\\punchingbag.jpg'
7.8333 	EXP 	polygon: opacity = 0.0
7.8333 	EXP 	displayPicture: image = 'C:\\Users\\Employee\\Google Drive\\UP\\MyResearch\\TaskProgramming\\AB_pic\\resources\\punchingbag.jpg'
7.8500 	EXP 	polygon: opacity = 0.0
7.8500 	EXP 	displayPicture: image = 'C:\\Users\\Employee\\Google Drive\\UP\\MyResearch\\TaskProgramming\\AB_pic\\resources\\punchingbag.jpg'
7.8667 	EXP 	polygon: opacity = 0.0
7.8667 	EXP 	displayPicture: image = 'C:\\Users\\Employee\\Google Drive\\UP\\MyResearch\\TaskProgramming\\AB_pic\\resources\\punchingbag.jpg'
7.8833 	EXP 	polygon: opacity = 0.0
7.8833 	EXP 	displayPicture: image = 'C:\\Users\\Employee\\Google Drive\\UP\\MyResearch\\TaskProgramming\\AB_pic\\resources\\punchingbag.jpg'
7.9000 	EXP 	polygon: opacity = 0.0
7.9000 	EXP 	displayPicture: image = 'C:\\Users\\Employee\\Google Drive\\UP\\MyResearch\\TaskProgramming\\AB_pic\\resources\\punchingbag.jpg'
7.9167 	EXP 	polygon: opacity = 0.0
7.9167 	EXP 	displayPicture: image = 'C:\\Users\\Employee\\Google Drive\\UP\\MyResearch\\TaskProgramming\\AB_pic\\resources\\punchingbag.jpg'
7.9333 	EXP 	polygon: opacity = 0.0
7.9333 	EXP 	displayPicture: image = 'C:\\Users\\Employee\\Google Drive\\UP\\MyResearch\\TaskProgramming\\AB_pic\\resources\\peacock.jpg'
7.9500 	EXP 	polygon: opacity = 0.0
7.9500 	EXP 	displayPicture: image = 'C:\\Users\\Employee\\Google Drive\\UP\\MyResearch\\TaskProgramming\\AB_pic\\resources\\peacock.jpg'
7.9666 	EXP 	polygon: opacity = 0.0
7.9666 	EXP 	displayPicture: image = 'C:\\Users\\Employee\\Google Drive\\UP\\MyResearch\\TaskProgramming\\AB_pic\\resources\\peacock.jpg'
7.9834 	EXP 	polygon: opacity = 0.0
7.9834 	EXP 	displayPicture: image = 'C:\\Users\\Employee\\Google Drive\\UP\\MyResearch\\TaskProgramming\\AB_pic\\resources\\peacock.jpg'
8.0000 	EXP 	polygon: opacity = 0.0
8.0000 	EXP 	displayPicture: image = 'C:\\Users\\Employee\\Google Drive\\UP\\MyResearch\\TaskProgramming\\AB_pic\\resources\\peacock.jpg'
8.0166 	EXP 	polygon: opacity = 0.0
8.0166 	EXP 	displayPicture: image = 'C:\\Users\\Employee\\Google Drive\\UP\\MyResearch\\TaskProgramming\\AB_pic\\resources\\peacock.jpg'
8.0333 	EXP 	polygon: opacity = 0.0
8.0333 	EXP 	displayPicture: image = 'C:\\Users\\Employee\\Google Drive\\UP\\MyResearch\\TaskProgramming\\AB_pic\\resources\\peacock.jpg'
8.0500 	EXP 	polygon: opacity = 0.0
8.0500 	EXP 	displayPicture: image = 'C:\\Users\\Employee\\Google Drive\\UP\\MyResearch\\TaskProgramming\\AB_pic\\resources\\peacock.jpg'
8.0667 	EXP 	polygon: opacity = 0.0
8.0667 	EXP 	displayPicture: image = 'C:\\Users\\Employee\\Google Drive\\UP\\MyResearch\\TaskProgramming\\AB_pic\\resources\\peacock.jpg'
8.0833 	EXP 	polygon: opacity = 0.0
8.0833 	EXP 	displayPicture: image = 'C:\\Users\\Employee\\Google Drive\\UP\\MyResearch\\TaskProgramming\\AB_pic\\resources\\peacock.jpg'
8.1000 	EXP 	polygon: opacity = 0.0
8.1000 	EXP 	displayPicture: image = 'C:\\Users\\Employee\\Google Drive\\UP\\MyResearch\\TaskProgramming\\AB_pic\\resources\\peacock.jpg'
8.1166 	EXP 	polygon: opacity = 0.0
8.1166 	EXP 	displayPicture: image = 'C:\\Users\\Employee\\Google Drive\\UP\\MyResearch\\TaskProgramming\\AB_pic\\resources\\peacock.jpg'
8.1333 	EXP 	polygon: opacity = 0.0
8.1333 	EXP 	displayPicture: image = 'C:\\Users\\Employee\\Google Drive\\UP\\MyResearch\\TaskProgramming\\AB_pic\\resources\\peacock.jpg'
8.1500 	EXP 	polygon: opacity = 0.0
8.1500 	EXP 	displayPicture: image = 'C:\\Users\\Employee\\Google Drive\\UP\\MyResearch\\TaskProgramming\\AB_pic\\resources\\peacock.jpg'
8.1667 	EXP 	polygon: opacity = 0.0
8.1667 	EXP 	displayPicture: image = 'C:\\Users\\Employee\\Google Drive\\UP\\MyResearch\\TaskProgramming\\AB_pic\\resources\\peacock.jpg'
8.1833 	EXP 	polygon: opacity = 0.0
8.1833 	EXP 	displayPicture: image = 'C:\\Users\\Employee\\Google Drive\\UP\\MyResearch\\TaskProgramming\\AB_pic\\resources\\uprightpiano01.jpg'
8.2000 	EXP 	polygon: opacity = 0.0
8.2000 	EXP 	displayPicture: image = 'C:\\Users\\Employee\\Google Drive\\UP\\MyResearch\\TaskProgramming\\AB_pic\\resources\\uprightpiano01.jpg'
8.2167 	EXP 	polygon: opacity = 0.0
8.2167 	EXP 	displayPicture: image = 'C:\\Users\\Employee\\Google Drive\\UP\\MyResearch\\TaskProgramming\\AB_pic\\resources\\uprightpiano01.jpg'
8.2333 	EXP 	polygon: opacity = 0.0
8.2333 	EXP 	displayPicture: image = 'C:\\Users\\Employee\\Google Drive\\UP\\MyResearch\\TaskProgramming\\AB_pic\\resources\\uprightpiano01.jpg'
8.2500 	EXP 	polygon: opacity = 0.0
8.2500 	EXP 	displayPicture: image = 'C:\\Users\\Employee\\Google Drive\\UP\\MyResearch\\TaskProgramming\\AB_pic\\resources\\uprightpiano01.jpg'
8.2666 	EXP 	polygon: opacity = 0.0
8.2666 	EXP 	displayPicture: image = 'C:\\Users\\Employee\\Google Drive\\UP\\MyResearch\\TaskProgramming\\AB_pic\\resources\\uprightpiano01.jpg'
8.2833 	EXP 	polygon: opacity = 0.0
8.2833 	EXP 	displayPicture: image = 'C:\\Users\\Employee\\Google Drive\\UP\\MyResearch\\TaskProgramming\\AB_pic\\resources\\uprightpiano01.jpg'
8.3000 	EXP 	polygon: opacity = 0.0
8.3000 	EXP 	displayPicture: image = 'C:\\Users\\Employee\\Google Drive\\UP\\MyResearch\\TaskProgramming\\AB_pic\\resources\\uprightpiano01.jpg'
8.3167 	EXP 	polygon: opacity = 0.0
8.3167 	EXP 	displayPicture: image = 'C:\\Users\\Employee\\Google Drive\\UP\\MyResearch\\TaskProgramming\\AB_pic\\resources\\uprightpiano01.jpg'
8.3333 	EXP 	polygon: opacity = 0.0
8.3333 	EXP 	displayPicture: image = 'C:\\Users\\Employee\\Google Drive\\UP\\MyResearch\\TaskProgramming\\AB_pic\\resources\\uprightpiano01.jpg'
8.3500 	EXP 	polygon: opacity = 0.0
8.3500 	EXP 	displayPicture: image = 'C:\\Users\\Employee\\Google Drive\\UP\\MyResearch\\TaskProgramming\\AB_pic\\resources\\uprightpiano01.jpg'
8.3666 	EXP 	polygon: opacity = 0.0
8.3666 	EXP 	displayPicture: image = 'C:\\Users\\Employee\\Google Drive\\UP\\MyResearch\\TaskProgramming\\AB_pic\\resources\\uprightpiano01.jpg'
8.3833 	EXP 	polygon: opacity = 0.0
8.3833 	EXP 	displayPicture: image = 'C:\\Users\\Employee\\Google Drive\\UP\\MyResearch\\TaskProgramming\\AB_pic\\resources\\uprightpiano01.jpg'
8.4000 	EXP 	polygon: opacity = 0.0
8.4000 	EXP 	displayPicture: image = 'C:\\Users\\Employee\\Google Drive\\UP\\MyResearch\\TaskProgramming\\AB_pic\\resources\\uprightpiano01.jpg'
8.4167 	EXP 	polygon: opacity = 0.0
8.4167 	EXP 	displayPicture: image = 'C:\\Users\\Employee\\Google Drive\\UP\\MyResearch\\TaskProgramming\\AB_pic\\resources\\uprightpiano01.jpg'
8.4333 	EXP 	polygon: opacity = 0.0
8.4333 	EXP 	displayPicture: image = 'C:\\Users\\Employee\\Google Drive\\UP\\MyResearch\\TaskProgramming\\AB_pic\\resources\\squid.jpg'
8.4499 	EXP 	polygon: opacity = 0.0
8.4499 	EXP 	displayPicture: image = 'C:\\Users\\Employee\\Google Drive\\UP\\MyResearch\\TaskProgramming\\AB_pic\\resources\\squid.jpg'
8.4666 	EXP 	polygon: opacity = 0.0
8.4666 	EXP 	displayPicture: image = 'C:\\Users\\Employee\\Google Drive\\UP\\MyResearch\\TaskProgramming\\AB_pic\\resources\\squid.jpg'
8.4833 	EXP 	polygon: opacity = 0.0
8.4833 	EXP 	displayPicture: image = 'C:\\Users\\Employee\\Google Drive\\UP\\MyResearch\\TaskProgramming\\AB_pic\\resources\\squid.jpg'
8.4999 	EXP 	polygon: opacity = 0.0
8.4999 	EXP 	displayPicture: image = 'C:\\Users\\Employee\\Google Drive\\UP\\MyResearch\\TaskProgramming\\AB_pic\\resources\\squid.jpg'
8.5166 	EXP 	polygon: opacity = 0.0
8.5166 	EXP 	displayPicture: image = 'C:\\Users\\Employee\\Google Drive\\UP\\MyResearch\\TaskProgramming\\AB_pic\\resources\\squid.jpg'
8.5333 	EXP 	polygon: opacity = 0.0
8.5333 	EXP 	displayPicture: image = 'C:\\Users\\Employee\\Google Drive\\UP\\MyResearch\\TaskProgramming\\AB_pic\\resources\\squid.jpg'
8.5499 	EXP 	polygon: opacity = 0.0
8.5499 	EXP 	displayPicture: image = 'C:\\Users\\Employee\\Google Drive\\UP\\MyResearch\\TaskProgramming\\AB_pic\\resources\\squid.jpg'
8.5666 	EXP 	polygon: opacity = 0.0
8.5666 	EXP 	displayPicture: image = 'C:\\Users\\Employee\\Google Drive\\UP\\MyResearch\\TaskProgramming\\AB_pic\\resources\\squid.jpg'
8.5833 	EXP 	polygon: opacity = 0.0
8.5833 	EXP 	displayPicture: image = 'C:\\Users\\Employee\\Google Drive\\UP\\MyResearch\\TaskProgramming\\AB_pic\\resources\\squid.jpg'
8.5999 	EXP 	polygon: opacity = 0.0
8.5999 	EXP 	displayPicture: image = 'C:\\Users\\Employee\\Google Drive\\UP\\MyResearch\\TaskProgramming\\AB_pic\\resources\\squid.jpg'
8.6166 	EXP 	polygon: opacity = 0.0
8.6166 	EXP 	displayPicture: image = 'C:\\Users\\Employee\\Google Drive\\UP\\MyResearch\\TaskProgramming\\AB_pic\\resources\\squid.jpg'
8.6333 	EXP 	polygon: opacity = 0.0
8.6333 	EXP 	displayPicture: image = 'C:\\Users\\Employee\\Google Drive\\UP\\MyResearch\\TaskProgramming\\AB_pic\\resources\\squid.jpg'
8.6500 	EXP 	polygon: opacity = 0.0
8.6500 	EXP 	displayPicture: image = 'C:\\Users\\Employee\\Google Drive\\UP\\MyResearch\\TaskProgramming\\AB_pic\\resources\\squid.jpg'
8.6666 	EXP 	polygon: opacity = 0.0
8.6666 	EXP 	displayPicture: image = 'C:\\Users\\Employee\\Google Drive\\UP\\MyResearch\\TaskProgramming\\AB_pic\\resources\\squid.jpg'
8.7000 	EXP 	polygon: opacity = 0.0
8.7000 	EXP 	displayPicture: image = 'C:\\Users\\Employee\\Google Drive\\UP\\MyResearch\\TaskProgramming\\AB_pic\\resources\\squid.jpg'
8.7000 	EXP 	polygon: autoDraw = False
8.7000 	EXP 	displayPicture: autoDraw = False
8.7000 	EXP 	polygon_2: autoDraw = False
8.7000 	EXP 	option1_t1: image = 'C:\\Users\\Employee\\Google Drive\\UP\\MyResearch\\TaskProgramming\\AB_pic\\resources\\boxingglove01.jpg'
8.7000 	EXP 	option2_t1: image = 'C:\\Users\\Employee\\Google Drive\\UP\\MyResearch\\TaskProgramming\\AB_pic\\resources\\stool01.jpg'
8.7000 	EXP 	option1_t1: autoDraw = True
8.7000 	EXP 	option2_t1: autoDraw = True
9.2374 	DATA 	Keypress: escape
9.7706 	DATA 	Keypress: escape
9.9250 	EXP 	window1: mouseVisible = True
