0.7979 	WARNING 	We strongly recommend you activate the PTB sound engine in PsychoPy prefs as the preferred audio engine. Its timing is vastly superior. Your prefs are currently set to use ['sounddevice', 'PTB', 'pyo', 'pygame'] (in that order).
3.9062 	WARNING 	User requested fullscreen with size [1024  768], but screen is actually [1920, 1080]. Using actual size
4.7718 	EXP 	Created window1 = Window(allowGUI=False, allowStencil=False, args=UNKNOWN, autoLog=True, bitsMode=UNKNOWN, blendMode='avg', bpc=(8, 8, 8), color=array([0., 0., 0.]), colorSpace='rgb', depthBits=8, fullscr=<method-wrapper '__getattribute__' of attributeSetter object at 0x0000023164A76278>, gamma=None, gammaErrorPolicy='raise', kwargs=UNKNOWN, lms=UNKNOWN, monitor=<psychopy.monitors.calibTools.Monitor object at 0x00000231649C0898>, multiSample=False, name='window1', numSamples=2, pos=[0.0, 0.0], screen=0, size=array([1920, 1080]), stencilBits=0, stereo=False, units='height', useFBO=True, useRetina=False, viewOri=0.0, viewPos=None, viewScale=None, waitBlanking=True, winType='pyglet')
4.7722 	EXP 	window1: mouseVisible = True
4.7722 	EXP 	window1: recordFrameIntervals = False
4.9381 	EXP 	window1: recordFrameIntervals = True
5.1216 	EXP 	window1: recordFrameIntervals = False
5.1978 	EXP 	Created polygon = Rect(__class__=<class 'psychopy.visual.rect.Rect'>, autoDraw=False, autoLog=True, closeShape=True, color=method-wrapper(...), colorSpace=None, contrast=1.0, depth=-6.0, fillColor=array([1., 0., 0.]), fillColorSpace='rgb', fillRGB=array([1., 0., 0.]), interpolate=True, lineColor=array([1., 1., 1.]), lineColorSpace='rgb', lineRGB=array([1., 1., 1.]), lineWidth=1, name='polygon', opacity=1.0, ori=array(0.), pos=array([0., 0.]), size=array([0.6, 0.6]), units='height', vertices=ndarray(...), win=Window(...))
5.2035 	EXP 	Created displayPicture = ImageStim(__class__=<class 'psychopy.visual.image.ImageStim'>, autoLog=True, color=array([1., 1., 1.]), colorSpace='rgb', contrast=1.0, depth=-7.0, flipHoriz=False, flipVert=False, image='sin', interpolate=True, mask=None, maskParams=None, name='displayPicture', opacity=1.0, ori=0.0, pos=array([0., 0.]), size=array([0.25, 0.25]), texRes=128, units='height', win=Window(...))
5.2048 	EXP 	Created polygon_2 = Rect(__class__=<class 'psychopy.visual.rect.Rect'>, autoDraw=False, autoLog=True, closeShape=True, color=method-wrapper(...), colorSpace=None, contrast=1.0, depth=-8.0, fillColor=array([1., 1., 1.]), fillColorSpace='rgb', fillRGB=array([1., 1., 1.]), interpolate=True, lineColor=array([1., 1., 1.]), lineColorSpace='rgb', lineRGB=array([1., 1., 1.]), lineWidth=0, name='polygon_2', opacity=1.0, ori=array(0.), pos=array([0., 0.]), size=array([0.25, 0.25]), units='height', vertices=ndarray(...), win=Window(...))
5.2064 	EXP 	Created polygon_3 = ShapeStim(__class__=<class 'psychopy.visual.shape.ShapeStim'>, autoDraw=False, autoLog=True, closeShape=True, contrast=1.0, depth=-9.0, fillColor=array([0., 0., 1.]), fillColorSpace='rgb', interpolate=True, lineColor=array([1., 1., 1.]), lineColorSpace='rgb', lineWidth=1, name='polygon_3', opacity=1.0, ori=array(0.), pos=array([0., 0.]), size=array([1., 1.]), units='height', vertices=ndarray(...), win=Window(...), windingRule=None)
5.2093 	EXP 	Created option1_t1 = ImageStim(__class__=<class 'psychopy.visual.image.ImageStim'>, autoLog=True, color=array([1., 1., 1.]), colorSpace='rgb', contrast=1.0, depth=-1.0, flipHoriz=False, flipVert=False, image='sin', interpolate=True, mask=None, maskParams=None, name='option1_t1', opacity=1.0, ori=0.0, pos=array([-0.3,  0. ]), size=array([0.25, 0.25]), texRes=128, units='height', win=Window(...))
5.2118 	EXP 	Created option2_t1 = ImageStim(__class__=<class 'psychopy.visual.image.ImageStim'>, autoLog=True, color=array([1., 1., 1.]), colorSpace='rgb', contrast=1.0, depth=-2.0, flipHoriz=False, flipVert=False, image='sin', interpolate=True, mask=None, maskParams=None, name='option2_t1', opacity=1.0, ori=0.0, pos=array([0.3, 0. ]), size=array([0.25, 0.25]), texRes=128, units='height', win=Window(...))
5.2143 	EXP 	Created option1_t2 = ImageStim(__class__=<class 'psychopy.visual.image.ImageStim'>, autoLog=True, color=array([1., 1., 1.]), colorSpace='rgb', contrast=1.0, depth=-1.0, flipHoriz=False, flipVert=False, image='sin', interpolate=True, mask=None, maskParams=None, name='option1_t2', opacity=1.0, ori=0.0, pos=array([0.3, 0. ]), size=array([0.25, 0.25]), texRes=128, units='height', win=Window(...))
5.2169 	EXP 	Created option2_t2 = ImageStim(__class__=<class 'psychopy.visual.image.ImageStim'>, autoLog=True, color=array([1., 1., 1.]), colorSpace='rgb', contrast=1.0, depth=-2.0, flipHoriz=False, flipVert=False, image='sin', interpolate=True, mask=None, maskParams=None, name='option2_t2', opacity=1.0, ori=0.0, pos=array([-0.3,  0. ]), size=array([0.25, 0.25]), texRes=128, units='height', win=Window(...))
5.2637 	EXP 	Created text = TextStim(__class__=<class 'psychopy.visual.text.TextStim'>, alignHoriz=method-wrapper(...), alignText='center', alignVert=method-wrapper(...), anchorHoriz='center', anchorVert='center', antialias=True, autoLog=True, bold=False, color='white', colorSpace='named', contrast=1.0, depth=-3.0, flipHoriz=False, flipVert=False, font='Arial', fontFiles=[], height=0.1, italic=False, languageStyle='LTR', name='text', opacity=1.0, ori=0, pos=array([0., 0.]), rgb=array([255., 255., 255.]), text='default text', units='height', win=Window(...), wrapWidth=1)
5.3030 	EXP 	Imported conditionAB.xlsx as conditions, 160 conditions, 7 params
5.3036 	EXP 	Created sequence: random, trialTypes=160, nReps=1, seed=None
5.3039 	EXP 	New trial (rep=0, index=0): OrderedDict([('trialType', 'AB'), ('cndTyp', 'lag4'), ('lag', 4), ('T1_loc', 4), ('T2_loc', 8), ('stimLen', 0.1), ('isi', 0.2)])
5.3743 	EXP 	window1: mouseVisible = True
0.7978 	WARNING 	We strongly recommend you activate the PTB sound engine in PsychoPy prefs as the preferred audio engine. Its timing is vastly superior. Your prefs are currently set to use ['sounddevice', 'PTB', 'pyo', 'pygame'] (in that order).
3.8139 	WARNING 	User requested fullscreen with size [1024  768], but screen is actually [1920, 1080]. Using actual size
4.6909 	EXP 	Created window1 = Window(allowGUI=False, allowStencil=False, args=UNKNOWN, autoLog=True, bitsMode=UNKNOWN, blendMode='avg', bpc=(8, 8, 8), color=array([0., 0., 0.]), colorSpace='rgb', depthBits=8, fullscr=<method-wrapper '__getattribute__' of attributeSetter object at 0x00000192D87662E8>, gamma=None, gammaErrorPolicy='raise', kwargs=UNKNOWN, lms=UNKNOWN, monitor=<psychopy.monitors.calibTools.Monitor object at 0x00000192D86B0908>, multiSample=False, name='window1', numSamples=2, pos=[0.0, 0.0], screen=0, size=array([1920, 1080]), stencilBits=0, stereo=False, units='height', useFBO=True, useRetina=False, viewOri=0.0, viewPos=None, viewScale=None, waitBlanking=True, winType='pyglet')
4.6912 	EXP 	window1: mouseVisible = True
4.6913 	EXP 	window1: recordFrameIntervals = False
4.8571 	EXP 	window1: recordFrameIntervals = True
5.0405 	EXP 	window1: recordFrameIntervals = False
5.1127 	EXP 	Created polygon = Rect(__class__=<class 'psychopy.visual.rect.Rect'>, autoDraw=False, autoLog=True, closeShape=True, color=method-wrapper(...), colorSpace=None, contrast=1.0, depth=-6.0, fillColor=array([1., 0., 0.]), fillColorSpace='rgb', fillRGB=array([1., 0., 0.]), interpolate=True, lineColor=array([1., 1., 1.]), lineColorSpace='rgb', lineRGB=array([1., 1., 1.]), lineWidth=1, name='polygon', opacity=1.0, ori=array(0.), pos=array([0., 0.]), size=array([0.6, 0.6]), units='height', vertices=ndarray(...), win=Window(...))
5.1176 	EXP 	Created displayPicture = ImageStim(__class__=<class 'psychopy.visual.image.ImageStim'>, autoLog=True, color=array([1., 1., 1.]), colorSpace='rgb', contrast=1.0, depth=-7.0, flipHoriz=False, flipVert=False, image='sin', interpolate=True, mask=None, maskParams=None, name='displayPicture', opacity=1.0, ori=0.0, pos=array([0., 0.]), size=array([0.25, 0.25]), texRes=128, units='height', win=Window(...))
5.1188 	EXP 	Created polygon_2 = Rect(__class__=<class 'psychopy.visual.rect.Rect'>, autoDraw=False, autoLog=True, closeShape=True, color=method-wrapper(...), colorSpace=None, contrast=1.0, depth=-8.0, fillColor=array([1., 1., 1.]), fillColorSpace='rgb', fillRGB=array([1., 1., 1.]), interpolate=True, lineColor=array([1., 1., 1.]), lineColorSpace='rgb', lineRGB=array([1., 1., 1.]), lineWidth=0, name='polygon_2', opacity=1.0, ori=array(0.), pos=array([0., 0.]), size=array([0.25, 0.25]), units='height', vertices=ndarray(...), win=Window(...))
5.1202 	EXP 	Created polygon_3 = ShapeStim(__class__=<class 'psychopy.visual.shape.ShapeStim'>, autoDraw=False, autoLog=True, closeShape=True, contrast=1.0, depth=-9.0, fillColor=array([0., 0., 1.]), fillColorSpace='rgb', interpolate=True, lineColor=array([1., 1., 1.]), lineColorSpace='rgb', lineWidth=1, name='polygon_3', opacity=1.0, ori=array(0.), pos=array([0., 0.]), size=array([1., 1.]), units='height', vertices=ndarray(...), win=Window(...), windingRule=None)
5.1230 	EXP 	Created option1_t1 = ImageStim(__class__=<class 'psychopy.visual.image.ImageStim'>, autoLog=True, color=array([1., 1., 1.]), colorSpace='rgb', contrast=1.0, depth=-1.0, flipHoriz=False, flipVert=False, image='sin', interpolate=True, mask=None, maskParams=None, name='option1_t1', opacity=1.0, ori=0.0, pos=array([-0.3,  0. ]), size=array([0.25, 0.25]), texRes=128, units='height', win=Window(...))
5.1255 	EXP 	Created option2_t1 = ImageStim(__class__=<class 'psychopy.visual.image.ImageStim'>, autoLog=True, color=array([1., 1., 1.]), colorSpace='rgb', contrast=1.0, depth=-2.0, flipHoriz=False, flipVert=False, image='sin', interpolate=True, mask=None, maskParams=None, name='option2_t1', opacity=1.0, ori=0.0, pos=array([0.3, 0. ]), size=array([0.25, 0.25]), texRes=128, units='height', win=Window(...))
5.1281 	EXP 	Created option1_t2 = ImageStim(__class__=<class 'psychopy.visual.image.ImageStim'>, autoLog=True, color=array([1., 1., 1.]), colorSpace='rgb', contrast=1.0, depth=-1.0, flipHoriz=False, flipVert=False, image='sin', interpolate=True, mask=None, maskParams=None, name='option1_t2', opacity=1.0, ori=0.0, pos=array([0.3, 0. ]), size=array([0.25, 0.25]), texRes=128, units='height', win=Window(...))
5.1307 	EXP 	Created option2_t2 = ImageStim(__class__=<class 'psychopy.visual.image.ImageStim'>, autoLog=True, color=array([1., 1., 1.]), colorSpace='rgb', contrast=1.0, depth=-2.0, flipHoriz=False, flipVert=False, image='sin', interpolate=True, mask=None, maskParams=None, name='option2_t2', opacity=1.0, ori=0.0, pos=array([-0.3,  0. ]), size=array([0.25, 0.25]), texRes=128, units='height', win=Window(...))
5.1772 	EXP 	Created text = TextStim(__class__=<class 'psychopy.visual.text.TextStim'>, alignHoriz=method-wrapper(...), alignText='center', alignVert=method-wrapper(...), anchorHoriz='center', anchorVert='center', antialias=True, autoLog=True, bold=False, color='white', colorSpace='named', contrast=1.0, depth=-3.0, flipHoriz=False, flipVert=False, font='Arial', fontFiles=[], height=0.1, italic=False, languageStyle='LTR', name='text', opacity=1.0, ori=0, pos=array([0., 0.]), rgb=array([255., 255., 255.]), text='default text', units='height', win=Window(...), wrapWidth=1)
5.2154 	EXP 	Imported conditionAB.xlsx as conditions, 160 conditions, 7 params
5.2159 	EXP 	Created sequence: random, trialTypes=160, nReps=1, seed=None
5.2162 	EXP 	New trial (rep=0, index=0): OrderedDict([('trialType', 'AB'), ('cndTyp', 'lag4'), ('lag', 4), ('T1_loc', 3), ('T2_loc', 7), ('stimLen', 0.1), ('isi', 0.2)])
5.3181 	EXP 	polygon: autoDraw = True
5.3181 	EXP 	polygon: opacity = 0.0
5.3181 	EXP 	displayPicture: autoDraw = True
5.3181 	EXP 	displayPicture: image = 'C:\\Users\\Employee\\Google Drive\\UP\\MyResearch\\TaskProgramming\\AB_pic\\resources\\dartboard.jpg'
5.3181 	EXP 	polygon_2: autoDraw = True
5.3181 	EXP 	polygon_2: opacity = 0.0
5.3181 	EXP 	polygon_2: fillColor = '[1. 1. 1.] (rgb)'
5.3181 	EXP 	polygon_3: autoDraw = True
5.3181 	EXP 	polygon_3: opacity = 0.0
5.3405 	EXP 	polygon: opacity = 0.0
5.3405 	EXP 	displayPicture: image = 'C:\\Users\\Employee\\Google Drive\\UP\\MyResearch\\TaskProgramming\\AB_pic\\resources\\dartboard.jpg'
5.3405 	EXP 	polygon_2: opacity = 1.0
5.3405 	EXP 	polygon_2: fillColor = '[1. 1. 1.] (rgb)'
5.3405 	EXP 	polygon_3: opacity = 0.0
5.3570 	EXP 	polygon: opacity = 0.0
5.3570 	EXP 	displayPicture: image = 'C:\\Users\\Employee\\Google Drive\\UP\\MyResearch\\TaskProgramming\\AB_pic\\resources\\dartboard.jpg'
5.3570 	EXP 	polygon_2: opacity = 1.0
5.3570 	EXP 	polygon_2: fillColor = '[1. 1. 1.] (rgb)'
5.3570 	EXP 	polygon_3: opacity = 0.0
5.3737 	EXP 	polygon: opacity = 0.0
5.3737 	EXP 	displayPicture: image = 'C:\\Users\\Employee\\Google Drive\\UP\\MyResearch\\TaskProgramming\\AB_pic\\resources\\dartboard.jpg'
5.3737 	EXP 	polygon_2: opacity = 1.0
5.3737 	EXP 	polygon_2: fillColor = '[1. 1. 1.] (rgb)'
5.3737 	EXP 	polygon_3: opacity = 0.0
5.3904 	EXP 	polygon: opacity = 0.0
5.3904 	EXP 	displayPicture: image = 'C:\\Users\\Employee\\Google Drive\\UP\\MyResearch\\TaskProgramming\\AB_pic\\resources\\dartboard.jpg'
5.3904 	EXP 	polygon_2: opacity = 1.0
5.3904 	EXP 	polygon_2: fillColor = '[1. 1. 1.] (rgb)'
5.3904 	EXP 	polygon_3: opacity = 0.0
5.4070 	EXP 	polygon: opacity = 0.0
5.4070 	EXP 	displayPicture: image = 'C:\\Users\\Employee\\Google Drive\\UP\\MyResearch\\TaskProgramming\\AB_pic\\resources\\dartboard.jpg'
5.4070 	EXP 	polygon_2: opacity = 1.0
5.4070 	EXP 	polygon_2: fillColor = '[1. 1. 1.] (rgb)'
5.4070 	EXP 	polygon_3: opacity = 0.0
5.4236 	EXP 	polygon: opacity = 0.0
5.4236 	EXP 	displayPicture: image = 'C:\\Users\\Employee\\Google Drive\\UP\\MyResearch\\TaskProgramming\\AB_pic\\resources\\dartboard.jpg'
5.4236 	EXP 	polygon_2: opacity = 1.0
5.4236 	EXP 	polygon_2: fillColor = '[1. 1. 1.] (rgb)'
5.4236 	EXP 	polygon_3: opacity = 0.0
5.4570 	EXP 	polygon: opacity = 0.0
5.4570 	EXP 	displayPicture: image = 'C:\\Users\\Employee\\Google Drive\\UP\\MyResearch\\TaskProgramming\\AB_pic\\resources\\dartboard.jpg'
5.4570 	EXP 	polygon_2: opacity = 1.0
5.4570 	EXP 	polygon_2: fillColor = '[1. 1. 1.] (rgb)'
5.4570 	EXP 	polygon_3: opacity = 0.0
5.4904 	EXP 	polygon: opacity = 0.0
5.4904 	EXP 	displayPicture: image = 'C:\\Users\\Employee\\Google Drive\\UP\\MyResearch\\TaskProgramming\\AB_pic\\resources\\dartboard.jpg'
5.4904 	EXP 	polygon_2: opacity = 1.0
5.4904 	EXP 	polygon_2: fillColor = '[1. 1. 1.] (rgb)'
5.4904 	EXP 	polygon_3: opacity = 0.0
5.5239 	EXP 	polygon: opacity = 0.0
5.5239 	EXP 	displayPicture: image = 'C:\\Users\\Employee\\Google Drive\\UP\\MyResearch\\TaskProgramming\\AB_pic\\resources\\dartboard.jpg'
5.5239 	EXP 	polygon_2: opacity = 1.0
5.5239 	EXP 	polygon_2: fillColor = '[1. 1. 1.] (rgb)'
5.5239 	EXP 	polygon_3: opacity = 0.0
5.5400 	EXP 	polygon: opacity = 0.0
5.5400 	EXP 	displayPicture: image = 'C:\\Users\\Employee\\Google Drive\\UP\\MyResearch\\TaskProgramming\\AB_pic\\resources\\sheep.jpg'
5.5400 	EXP 	polygon_2: opacity = 0.0
5.5400 	EXP 	polygon_2: fillColor = '[1. 1. 1.] (rgb)'
5.5400 	EXP 	polygon_3: opacity = 0.0
5.5570 	EXP 	polygon: opacity = 0.0
5.5570 	EXP 	displayPicture: image = 'C:\\Users\\Employee\\Google Drive\\UP\\MyResearch\\TaskProgramming\\AB_pic\\resources\\sheep.jpg'
5.5570 	EXP 	polygon_2: opacity = 0.0
5.5570 	EXP 	polygon_2: fillColor = '[1. 1. 1.] (rgb)'
5.5570 	EXP 	polygon_3: opacity = 0.0
5.5733 	EXP 	polygon: opacity = 0.0
5.5733 	EXP 	displayPicture: image = 'C:\\Users\\Employee\\Google Drive\\UP\\MyResearch\\TaskProgramming\\AB_pic\\resources\\sheep.jpg'
5.5733 	EXP 	polygon_2: opacity = 0.0
5.5733 	EXP 	polygon_2: fillColor = '[1. 1. 1.] (rgb)'
5.5733 	EXP 	polygon_3: opacity = 0.0
5.5903 	EXP 	polygon: opacity = 0.0
5.5903 	EXP 	displayPicture: image = 'C:\\Users\\Employee\\Google Drive\\UP\\MyResearch\\TaskProgramming\\AB_pic\\resources\\sheep.jpg'
5.5903 	EXP 	polygon_2: opacity = 0.0
5.5903 	EXP 	polygon_2: fillColor = '[1. 1. 1.] (rgb)'
5.5903 	EXP 	polygon_3: opacity = 0.0
5.6071 	EXP 	polygon: opacity = 0.0
5.6071 	EXP 	displayPicture: image = 'C:\\Users\\Employee\\Google Drive\\UP\\MyResearch\\TaskProgramming\\AB_pic\\resources\\sheep.jpg'
5.6071 	EXP 	polygon_2: opacity = 0.0
5.6071 	EXP 	polygon_2: fillColor = '[1. 1. 1.] (rgb)'
5.6071 	EXP 	polygon_3: opacity = 0.0
5.6237 	EXP 	polygon: opacity = 0.0
5.6237 	EXP 	displayPicture: image = 'C:\\Users\\Employee\\Google Drive\\UP\\MyResearch\\TaskProgramming\\AB_pic\\resources\\sheep.jpg'
5.6237 	EXP 	polygon_2: opacity = 0.0
5.6237 	EXP 	polygon_2: fillColor = '[1. 1. 1.] (rgb)'
5.6237 	EXP 	polygon_3: opacity = 0.0
5.6403 	EXP 	polygon: opacity = 0.0
5.6403 	EXP 	displayPicture: image = 'C:\\Users\\Employee\\Google Drive\\UP\\MyResearch\\TaskProgramming\\AB_pic\\resources\\sheep.jpg'
5.6403 	EXP 	polygon_2: opacity = 1.0
5.6403 	EXP 	polygon_2: fillColor = '[1. 1. 1.] (rgb)'
5.6403 	EXP 	polygon_3: opacity = 0.0
5.6572 	EXP 	polygon: opacity = 0.0
5.6572 	EXP 	displayPicture: image = 'C:\\Users\\Employee\\Google Drive\\UP\\MyResearch\\TaskProgramming\\AB_pic\\resources\\sheep.jpg'
5.6572 	EXP 	polygon_2: opacity = 1.0
5.6572 	EXP 	polygon_2: fillColor = '[1. 1. 1.] (rgb)'
5.6572 	EXP 	polygon_3: opacity = 0.0
5.6737 	EXP 	polygon: opacity = 0.0
5.6737 	EXP 	displayPicture: image = 'C:\\Users\\Employee\\Google Drive\\UP\\MyResearch\\TaskProgramming\\AB_pic\\resources\\sheep.jpg'
5.6737 	EXP 	polygon_2: opacity = 1.0
5.6737 	EXP 	polygon_2: fillColor = '[1. 1. 1.] (rgb)'
5.6737 	EXP 	polygon_3: opacity = 0.0
5.6903 	EXP 	polygon: opacity = 0.0
5.6903 	EXP 	displayPicture: image = 'C:\\Users\\Employee\\Google Drive\\UP\\MyResearch\\TaskProgramming\\AB_pic\\resources\\sheep.jpg'
5.6903 	EXP 	polygon_2: opacity = 1.0
5.6903 	EXP 	polygon_2: fillColor = '[1. 1. 1.] (rgb)'
5.6903 	EXP 	polygon_3: opacity = 0.0
5.7070 	EXP 	polygon: opacity = 0.0
5.7070 	EXP 	displayPicture: image = 'C:\\Users\\Employee\\Google Drive\\UP\\MyResearch\\TaskProgramming\\AB_pic\\resources\\sheep.jpg'
5.7070 	EXP 	polygon_2: opacity = 1.0
5.7070 	EXP 	polygon_2: fillColor = '[1. 1. 1.] (rgb)'
5.7070 	EXP 	polygon_3: opacity = 0.0
5.7403 	EXP 	polygon: opacity = 0.0
5.7403 	EXP 	displayPicture: image = 'C:\\Users\\Employee\\Google Drive\\UP\\MyResearch\\TaskProgramming\\AB_pic\\resources\\sheep.jpg'
5.7403 	EXP 	polygon_2: opacity = 1.0
5.7403 	EXP 	polygon_2: fillColor = '[1. 1. 1.] (rgb)'
5.7403 	EXP 	polygon_3: opacity = 0.0
5.7566 	EXP 	polygon: opacity = 0.0
5.7566 	EXP 	displayPicture: image = 'C:\\Users\\Employee\\Google Drive\\UP\\MyResearch\\TaskProgramming\\AB_pic\\resources\\sheep.jpg'
5.7566 	EXP 	polygon_2: opacity = 1.0
5.7566 	EXP 	polygon_2: fillColor = '[1. 1. 1.] (rgb)'
5.7566 	EXP 	polygon_3: opacity = 0.0
5.7733 	EXP 	polygon: opacity = 0.0
5.7733 	EXP 	displayPicture: image = 'C:\\Users\\Employee\\Google Drive\\UP\\MyResearch\\TaskProgramming\\AB_pic\\resources\\sheep.jpg'
5.7733 	EXP 	polygon_2: opacity = 1.0
5.7733 	EXP 	polygon_2: fillColor = '[1. 1. 1.] (rgb)'
5.7733 	EXP 	polygon_3: opacity = 0.0
5.7900 	EXP 	polygon: opacity = 0.0
5.7900 	EXP 	displayPicture: image = 'C:\\Users\\Employee\\Google Drive\\UP\\MyResearch\\TaskProgramming\\AB_pic\\resources\\sheep.jpg'
5.7900 	EXP 	polygon_2: opacity = 1.0
5.7900 	EXP 	polygon_2: fillColor = '[1. 1. 1.] (rgb)'
5.7900 	EXP 	polygon_3: opacity = 0.0
5.8236 	EXP 	polygon: opacity = 0.0
5.8236 	EXP 	displayPicture: image = 'C:\\Users\\Employee\\Google Drive\\UP\\MyResearch\\TaskProgramming\\AB_pic\\resources\\sheep.jpg'
5.8236 	EXP 	polygon_2: opacity = 1.0
5.8236 	EXP 	polygon_2: fillColor = '[1. 1. 1.] (rgb)'
5.8236 	EXP 	polygon_3: opacity = 0.0
5.8403 	EXP 	polygon: opacity = 1.0
5.8403 	EXP 	displayPicture: image = 'C:\\Users\\Employee\\Google Drive\\UP\\MyResearch\\TaskProgramming\\AB_pic\\resources\\vacuumcleaner01.jpg'
5.8403 	EXP 	polygon_2: opacity = 0.0
5.8403 	EXP 	polygon_2: fillColor = '[1. 1. 1.] (rgb)'
5.8403 	EXP 	polygon_3: opacity = 0.0
5.8570 	EXP 	polygon: opacity = 1.0
5.8570 	EXP 	displayPicture: image = 'C:\\Users\\Employee\\Google Drive\\UP\\MyResearch\\TaskProgramming\\AB_pic\\resources\\vacuumcleaner01.jpg'
5.8570 	EXP 	polygon_2: opacity = 0.0
5.8570 	EXP 	polygon_2: fillColor = '[1. 1. 1.] (rgb)'
5.8570 	EXP 	polygon_3: opacity = 0.0
5.8737 	EXP 	polygon: opacity = 1.0
5.8737 	EXP 	displayPicture: image = 'C:\\Users\\Employee\\Google Drive\\UP\\MyResearch\\TaskProgramming\\AB_pic\\resources\\vacuumcleaner01.jpg'
5.8737 	EXP 	polygon_2: opacity = 0.0
5.8737 	EXP 	polygon_2: fillColor = '[1. 1. 1.] (rgb)'
5.8737 	EXP 	polygon_3: opacity = 0.0
5.8900 	EXP 	polygon: opacity = 1.0
5.8900 	EXP 	displayPicture: image = 'C:\\Users\\Employee\\Google Drive\\UP\\MyResearch\\TaskProgramming\\AB_pic\\resources\\vacuumcleaner01.jpg'
5.8900 	EXP 	polygon_2: opacity = 0.0
5.8900 	EXP 	polygon_2: fillColor = '[1. 1. 1.] (rgb)'
5.8900 	EXP 	polygon_3: opacity = 0.0
5.9070 	EXP 	polygon: opacity = 1.0
5.9070 	EXP 	displayPicture: image = 'C:\\Users\\Employee\\Google Drive\\UP\\MyResearch\\TaskProgramming\\AB_pic\\resources\\vacuumcleaner01.jpg'
5.9070 	EXP 	polygon_2: opacity = 0.0
5.9070 	EXP 	polygon_2: fillColor = '[1. 1. 1.] (rgb)'
5.9070 	EXP 	polygon_3: opacity = 0.0
5.9237 	EXP 	polygon: opacity = 1.0
5.9237 	EXP 	displayPicture: image = 'C:\\Users\\Employee\\Google Drive\\UP\\MyResearch\\TaskProgramming\\AB_pic\\resources\\vacuumcleaner01.jpg'
5.9237 	EXP 	polygon_2: opacity = 0.0
5.9237 	EXP 	polygon_2: fillColor = '[1. 1. 1.] (rgb)'
5.9237 	EXP 	polygon_3: opacity = 0.0
5.9403 	EXP 	polygon: opacity = 1.0
5.9403 	EXP 	displayPicture: image = 'C:\\Users\\Employee\\Google Drive\\UP\\MyResearch\\TaskProgramming\\AB_pic\\resources\\vacuumcleaner01.jpg'
5.9403 	EXP 	polygon_2: opacity = 1.0
5.9403 	EXP 	polygon_2: fillColor = '[1. 1. 1.] (rgb)'
5.9403 	EXP 	polygon_3: opacity = 0.0
5.9570 	EXP 	polygon: opacity = 1.0
5.9570 	EXP 	displayPicture: image = 'C:\\Users\\Employee\\Google Drive\\UP\\MyResearch\\TaskProgramming\\AB_pic\\resources\\vacuumcleaner01.jpg'
5.9570 	EXP 	polygon_2: opacity = 1.0
5.9570 	EXP 	polygon_2: fillColor = '[1. 1. 1.] (rgb)'
5.9570 	EXP 	polygon_3: opacity = 0.0
5.9736 	EXP 	polygon: opacity = 1.0
5.9736 	EXP 	displayPicture: image = 'C:\\Users\\Employee\\Google Drive\\UP\\MyResearch\\TaskProgramming\\AB_pic\\resources\\vacuumcleaner01.jpg'
5.9736 	EXP 	polygon_2: opacity = 1.0
5.9736 	EXP 	polygon_2: fillColor = '[1. 1. 1.] (rgb)'
5.9736 	EXP 	polygon_3: opacity = 0.0
5.9903 	EXP 	polygon: opacity = 1.0
5.9903 	EXP 	displayPicture: image = 'C:\\Users\\Employee\\Google Drive\\UP\\MyResearch\\TaskProgramming\\AB_pic\\resources\\vacuumcleaner01.jpg'
5.9903 	EXP 	polygon_2: opacity = 1.0
5.9903 	EXP 	polygon_2: fillColor = '[1. 1. 1.] (rgb)'
5.9903 	EXP 	polygon_3: opacity = 0.0
6.0070 	EXP 	polygon: opacity = 1.0
6.0070 	EXP 	displayPicture: image = 'C:\\Users\\Employee\\Google Drive\\UP\\MyResearch\\TaskProgramming\\AB_pic\\resources\\vacuumcleaner01.jpg'
6.0070 	EXP 	polygon_2: opacity = 1.0
6.0070 	EXP 	polygon_2: fillColor = '[1. 1. 1.] (rgb)'
6.0070 	EXP 	polygon_3: opacity = 0.0
6.0236 	EXP 	polygon: opacity = 1.0
6.0236 	EXP 	displayPicture: image = 'C:\\Users\\Employee\\Google Drive\\UP\\MyResearch\\TaskProgramming\\AB_pic\\resources\\vacuumcleaner01.jpg'
6.0236 	EXP 	polygon_2: opacity = 1.0
6.0236 	EXP 	polygon_2: fillColor = '[1. 1. 1.] (rgb)'
6.0236 	EXP 	polygon_3: opacity = 0.0
6.0403 	EXP 	polygon: opacity = 1.0
6.0403 	EXP 	displayPicture: image = 'C:\\Users\\Employee\\Google Drive\\UP\\MyResearch\\TaskProgramming\\AB_pic\\resources\\vacuumcleaner01.jpg'
6.0403 	EXP 	polygon_2: opacity = 1.0
6.0403 	EXP 	polygon_2: fillColor = '[1. 1. 1.] (rgb)'
6.0403 	EXP 	polygon_3: opacity = 0.0
6.0570 	EXP 	polygon: opacity = 1.0
6.0570 	EXP 	displayPicture: image = 'C:\\Users\\Employee\\Google Drive\\UP\\MyResearch\\TaskProgramming\\AB_pic\\resources\\vacuumcleaner01.jpg'
6.0570 	EXP 	polygon_2: opacity = 1.0
6.0570 	EXP 	polygon_2: fillColor = '[1. 1. 1.] (rgb)'
6.0570 	EXP 	polygon_3: opacity = 0.0
6.0738 	EXP 	polygon: opacity = 1.0
6.0738 	EXP 	displayPicture: image = 'C:\\Users\\Employee\\Google Drive\\UP\\MyResearch\\TaskProgramming\\AB_pic\\resources\\vacuumcleaner01.jpg'
6.0738 	EXP 	polygon_2: opacity = 1.0
6.0738 	EXP 	polygon_2: fillColor = '[1. 1. 1.] (rgb)'
6.0738 	EXP 	polygon_3: opacity = 0.0
6.0903 	EXP 	polygon: opacity = 1.0
6.0903 	EXP 	displayPicture: image = 'C:\\Users\\Employee\\Google Drive\\UP\\MyResearch\\TaskProgramming\\AB_pic\\resources\\vacuumcleaner01.jpg'
6.0903 	EXP 	polygon_2: opacity = 1.0
6.0903 	EXP 	polygon_2: fillColor = '[1. 1. 1.] (rgb)'
6.0903 	EXP 	polygon_3: opacity = 0.0
6.1070 	EXP 	polygon: opacity = 1.0
6.1070 	EXP 	displayPicture: image = 'C:\\Users\\Employee\\Google Drive\\UP\\MyResearch\\TaskProgramming\\AB_pic\\resources\\vacuumcleaner01.jpg'
6.1070 	EXP 	polygon_2: opacity = 1.0
6.1070 	EXP 	polygon_2: fillColor = '[1. 1. 1.] (rgb)'
6.1070 	EXP 	polygon_3: opacity = 0.0
6.1237 	EXP 	polygon: opacity = 1.0
6.1237 	EXP 	displayPicture: image = 'C:\\Users\\Employee\\Google Drive\\UP\\MyResearch\\TaskProgramming\\AB_pic\\resources\\vacuumcleaner01.jpg'
6.1237 	EXP 	polygon_2: opacity = 1.0
6.1237 	EXP 	polygon_2: fillColor = '[1. 1. 1.] (rgb)'
6.1237 	EXP 	polygon_3: opacity = 0.0
6.1399 	EXP 	polygon: opacity = 0.0
6.1399 	EXP 	displayPicture: image = 'C:\\Users\\Employee\\Google Drive\\UP\\MyResearch\\TaskProgramming\\AB_pic\\resources\\lip.jpg'
6.1399 	EXP 	polygon_2: opacity = 0.0
6.1399 	EXP 	polygon_2: fillColor = '[1. 1. 1.] (rgb)'
6.1399 	EXP 	polygon_3: opacity = 0.0
6.1570 	EXP 	polygon: opacity = 0.0
6.1570 	EXP 	displayPicture: image = 'C:\\Users\\Employee\\Google Drive\\UP\\MyResearch\\TaskProgramming\\AB_pic\\resources\\lip.jpg'
6.1570 	EXP 	polygon_2: opacity = 0.0
6.1570 	EXP 	polygon_2: fillColor = '[1. 1. 1.] (rgb)'
6.1570 	EXP 	polygon_3: opacity = 0.0
6.1736 	EXP 	polygon: opacity = 0.0
6.1736 	EXP 	displayPicture: image = 'C:\\Users\\Employee\\Google Drive\\UP\\MyResearch\\TaskProgramming\\AB_pic\\resources\\lip.jpg'
6.1736 	EXP 	polygon_2: opacity = 0.0
6.1736 	EXP 	polygon_2: fillColor = '[1. 1. 1.] (rgb)'
6.1736 	EXP 	polygon_3: opacity = 0.0
6.1899 	EXP 	polygon: opacity = 0.0
6.1899 	EXP 	displayPicture: image = 'C:\\Users\\Employee\\Google Drive\\UP\\MyResearch\\TaskProgramming\\AB_pic\\resources\\lip.jpg'
6.1899 	EXP 	polygon_2: opacity = 0.0
6.1899 	EXP 	polygon_2: fillColor = '[1. 1. 1.] (rgb)'
6.1899 	EXP 	polygon_3: opacity = 0.0
6.2069 	EXP 	polygon: opacity = 0.0
6.2069 	EXP 	displayPicture: image = 'C:\\Users\\Employee\\Google Drive\\UP\\MyResearch\\TaskProgramming\\AB_pic\\resources\\lip.jpg'
6.2069 	EXP 	polygon_2: opacity = 0.0
6.2069 	EXP 	polygon_2: fillColor = '[1. 1. 1.] (rgb)'
6.2069 	EXP 	polygon_3: opacity = 0.0
6.2236 	EXP 	polygon: opacity = 0.0
6.2236 	EXP 	displayPicture: image = 'C:\\Users\\Employee\\Google Drive\\UP\\MyResearch\\TaskProgramming\\AB_pic\\resources\\lip.jpg'
6.2236 	EXP 	polygon_2: opacity = 0.0
6.2236 	EXP 	polygon_2: fillColor = '[1. 1. 1.] (rgb)'
6.2236 	EXP 	polygon_3: opacity = 0.0
6.2403 	EXP 	polygon: opacity = 0.0
6.2403 	EXP 	displayPicture: image = 'C:\\Users\\Employee\\Google Drive\\UP\\MyResearch\\TaskProgramming\\AB_pic\\resources\\lip.jpg'
6.2403 	EXP 	polygon_2: opacity = 1.0
6.2403 	EXP 	polygon_2: fillColor = '[1. 1. 1.] (rgb)'
6.2403 	EXP 	polygon_3: opacity = 0.0
6.2569 	EXP 	polygon: opacity = 0.0
6.2569 	EXP 	displayPicture: image = 'C:\\Users\\Employee\\Google Drive\\UP\\MyResearch\\TaskProgramming\\AB_pic\\resources\\lip.jpg'
6.2569 	EXP 	polygon_2: opacity = 1.0
6.2569 	EXP 	polygon_2: fillColor = '[1. 1. 1.] (rgb)'
6.2569 	EXP 	polygon_3: opacity = 0.0
6.2736 	EXP 	polygon: opacity = 0.0
6.2736 	EXP 	displayPicture: image = 'C:\\Users\\Employee\\Google Drive\\UP\\MyResearch\\TaskProgramming\\AB_pic\\resources\\lip.jpg'
6.2736 	EXP 	polygon_2: opacity = 1.0
6.2736 	EXP 	polygon_2: fillColor = '[1. 1. 1.] (rgb)'
6.2736 	EXP 	polygon_3: opacity = 0.0
6.2902 	EXP 	polygon: opacity = 0.0
6.2902 	EXP 	displayPicture: image = 'C:\\Users\\Employee\\Google Drive\\UP\\MyResearch\\TaskProgramming\\AB_pic\\resources\\lip.jpg'
6.2902 	EXP 	polygon_2: opacity = 1.0
6.2902 	EXP 	polygon_2: fillColor = '[1. 1. 1.] (rgb)'
6.2902 	EXP 	polygon_3: opacity = 0.0
6.3069 	EXP 	polygon: opacity = 0.0
6.3069 	EXP 	displayPicture: image = 'C:\\Users\\Employee\\Google Drive\\UP\\MyResearch\\TaskProgramming\\AB_pic\\resources\\lip.jpg'
6.3069 	EXP 	polygon_2: opacity = 1.0
6.3069 	EXP 	polygon_2: fillColor = '[1. 1. 1.] (rgb)'
6.3069 	EXP 	polygon_3: opacity = 0.0
6.3236 	EXP 	polygon: opacity = 0.0
6.3236 	EXP 	displayPicture: image = 'C:\\Users\\Employee\\Google Drive\\UP\\MyResearch\\TaskProgramming\\AB_pic\\resources\\lip.jpg'
6.3236 	EXP 	polygon_2: opacity = 1.0
6.3236 	EXP 	polygon_2: fillColor = '[1. 1. 1.] (rgb)'
6.3236 	EXP 	polygon_3: opacity = 0.0
6.3402 	EXP 	polygon: opacity = 0.0
6.3402 	EXP 	displayPicture: image = 'C:\\Users\\Employee\\Google Drive\\UP\\MyResearch\\TaskProgramming\\AB_pic\\resources\\lip.jpg'
6.3402 	EXP 	polygon_2: opacity = 1.0
6.3402 	EXP 	polygon_2: fillColor = '[1. 1. 1.] (rgb)'
6.3402 	EXP 	polygon_3: opacity = 0.0
6.3569 	EXP 	polygon: opacity = 0.0
6.3569 	EXP 	displayPicture: image = 'C:\\Users\\Employee\\Google Drive\\UP\\MyResearch\\TaskProgramming\\AB_pic\\resources\\lip.jpg'
6.3569 	EXP 	polygon_2: opacity = 1.0
6.3569 	EXP 	polygon_2: fillColor = '[1. 1. 1.] (rgb)'
6.3569 	EXP 	polygon_3: opacity = 0.0
6.3736 	EXP 	polygon: opacity = 0.0
6.3736 	EXP 	displayPicture: image = 'C:\\Users\\Employee\\Google Drive\\UP\\MyResearch\\TaskProgramming\\AB_pic\\resources\\lip.jpg'
6.3736 	EXP 	polygon_2: opacity = 1.0
6.3736 	EXP 	polygon_2: fillColor = '[1. 1. 1.] (rgb)'
6.3736 	EXP 	polygon_3: opacity = 0.0
6.3902 	EXP 	polygon: opacity = 0.0
6.3902 	EXP 	displayPicture: image = 'C:\\Users\\Employee\\Google Drive\\UP\\MyResearch\\TaskProgramming\\AB_pic\\resources\\lip.jpg'
6.3902 	EXP 	polygon_2: opacity = 1.0
6.3902 	EXP 	polygon_2: fillColor = '[1. 1. 1.] (rgb)'
6.3902 	EXP 	polygon_3: opacity = 0.0
6.4069 	EXP 	polygon: opacity = 0.0
6.4069 	EXP 	displayPicture: image = 'C:\\Users\\Employee\\Google Drive\\UP\\MyResearch\\TaskProgramming\\AB_pic\\resources\\lip.jpg'
6.4069 	EXP 	polygon_2: opacity = 1.0
6.4069 	EXP 	polygon_2: fillColor = '[1. 1. 1.] (rgb)'
6.4069 	EXP 	polygon_3: opacity = 0.0
6.4236 	EXP 	polygon: opacity = 0.0
6.4236 	EXP 	displayPicture: image = 'C:\\Users\\Employee\\Google Drive\\UP\\MyResearch\\TaskProgramming\\AB_pic\\resources\\lip.jpg'
6.4236 	EXP 	polygon_2: opacity = 1.0
6.4236 	EXP 	polygon_2: fillColor = '[1. 1. 1.] (rgb)'
6.4236 	EXP 	polygon_3: opacity = 0.0
6.4402 	EXP 	polygon: opacity = 0.0
6.4402 	EXP 	displayPicture: image = 'C:\\Users\\Employee\\Google Drive\\UP\\MyResearch\\TaskProgramming\\AB_pic\\resources\\badmintonracket.jpg'
6.4402 	EXP 	polygon_2: opacity = 0.0
6.4402 	EXP 	polygon_2: fillColor = '[1. 1. 1.] (rgb)'
6.4402 	EXP 	polygon_3: opacity = 0.0
6.4565 	EXP 	polygon: opacity = 0.0
6.4565 	EXP 	displayPicture: image = 'C:\\Users\\Employee\\Google Drive\\UP\\MyResearch\\TaskProgramming\\AB_pic\\resources\\badmintonracket.jpg'
6.4565 	EXP 	polygon_2: opacity = 0.0
6.4565 	EXP 	polygon_2: fillColor = '[1. 1. 1.] (rgb)'
6.4565 	EXP 	polygon_3: opacity = 0.0
6.4732 	EXP 	polygon: opacity = 0.0
6.4732 	EXP 	displayPicture: image = 'C:\\Users\\Employee\\Google Drive\\UP\\MyResearch\\TaskProgramming\\AB_pic\\resources\\badmintonracket.jpg'
6.4732 	EXP 	polygon_2: opacity = 0.0
6.4732 	EXP 	polygon_2: fillColor = '[1. 1. 1.] (rgb)'
6.4732 	EXP 	polygon_3: opacity = 0.0
6.4899 	EXP 	polygon: opacity = 0.0
6.4899 	EXP 	displayPicture: image = 'C:\\Users\\Employee\\Google Drive\\UP\\MyResearch\\TaskProgramming\\AB_pic\\resources\\badmintonracket.jpg'
6.4899 	EXP 	polygon_2: opacity = 0.0
6.4899 	EXP 	polygon_2: fillColor = '[1. 1. 1.] (rgb)'
6.4899 	EXP 	polygon_3: opacity = 0.0
6.5066 	EXP 	polygon: opacity = 0.0
6.5066 	EXP 	displayPicture: image = 'C:\\Users\\Employee\\Google Drive\\UP\\MyResearch\\TaskProgramming\\AB_pic\\resources\\badmintonracket.jpg'
6.5066 	EXP 	polygon_2: opacity = 0.0
6.5066 	EXP 	polygon_2: fillColor = '[1. 1. 1.] (rgb)'
6.5066 	EXP 	polygon_3: opacity = 0.0
6.5232 	EXP 	polygon: opacity = 0.0
6.5232 	EXP 	displayPicture: image = 'C:\\Users\\Employee\\Google Drive\\UP\\MyResearch\\TaskProgramming\\AB_pic\\resources\\badmintonracket.jpg'
6.5232 	EXP 	polygon_2: opacity = 0.0
6.5232 	EXP 	polygon_2: fillColor = '[1. 1. 1.] (rgb)'
6.5232 	EXP 	polygon_3: opacity = 0.0
6.5399 	EXP 	polygon: opacity = 0.0
6.5399 	EXP 	displayPicture: image = 'C:\\Users\\Employee\\Google Drive\\UP\\MyResearch\\TaskProgramming\\AB_pic\\resources\\badmintonracket.jpg'
6.5399 	EXP 	polygon_2: opacity = 1.0
6.5399 	EXP 	polygon_2: fillColor = '[1. 1. 1.] (rgb)'
6.5399 	EXP 	polygon_3: opacity = 0.0
6.5565 	EXP 	polygon: opacity = 0.0
6.5565 	EXP 	displayPicture: image = 'C:\\Users\\Employee\\Google Drive\\UP\\MyResearch\\TaskProgramming\\AB_pic\\resources\\badmintonracket.jpg'
6.5565 	EXP 	polygon_2: opacity = 1.0
6.5565 	EXP 	polygon_2: fillColor = '[1. 1. 1.] (rgb)'
6.5565 	EXP 	polygon_3: opacity = 0.0
6.5732 	EXP 	polygon: opacity = 0.0
6.5732 	EXP 	displayPicture: image = 'C:\\Users\\Employee\\Google Drive\\UP\\MyResearch\\TaskProgramming\\AB_pic\\resources\\badmintonracket.jpg'
6.5732 	EXP 	polygon_2: opacity = 1.0
6.5732 	EXP 	polygon_2: fillColor = '[1. 1. 1.] (rgb)'
6.5732 	EXP 	polygon_3: opacity = 0.0
6.5899 	EXP 	polygon: opacity = 0.0
6.5899 	EXP 	displayPicture: image = 'C:\\Users\\Employee\\Google Drive\\UP\\MyResearch\\TaskProgramming\\AB_pic\\resources\\badmintonracket.jpg'
6.5899 	EXP 	polygon_2: opacity = 1.0
6.5899 	EXP 	polygon_2: fillColor = '[1. 1. 1.] (rgb)'
6.5899 	EXP 	polygon_3: opacity = 0.0
6.6066 	EXP 	polygon: opacity = 0.0
6.6066 	EXP 	displayPicture: image = 'C:\\Users\\Employee\\Google Drive\\UP\\MyResearch\\TaskProgramming\\AB_pic\\resources\\badmintonracket.jpg'
6.6066 	EXP 	polygon_2: opacity = 1.0
6.6066 	EXP 	polygon_2: fillColor = '[1. 1. 1.] (rgb)'
6.6066 	EXP 	polygon_3: opacity = 0.0
6.6232 	EXP 	polygon: opacity = 0.0
6.6232 	EXP 	displayPicture: image = 'C:\\Users\\Employee\\Google Drive\\UP\\MyResearch\\TaskProgramming\\AB_pic\\resources\\badmintonracket.jpg'
6.6232 	EXP 	polygon_2: opacity = 1.0
6.6232 	EXP 	polygon_2: fillColor = '[1. 1. 1.] (rgb)'
6.6232 	EXP 	polygon_3: opacity = 0.0
6.6399 	EXP 	polygon: opacity = 0.0
6.6399 	EXP 	displayPicture: image = 'C:\\Users\\Employee\\Google Drive\\UP\\MyResearch\\TaskProgramming\\AB_pic\\resources\\badmintonracket.jpg'
6.6399 	EXP 	polygon_2: opacity = 1.0
6.6399 	EXP 	polygon_2: fillColor = '[1. 1. 1.] (rgb)'
6.6399 	EXP 	polygon_3: opacity = 0.0
6.6565 	EXP 	polygon: opacity = 0.0
6.6565 	EXP 	displayPicture: image = 'C:\\Users\\Employee\\Google Drive\\UP\\MyResearch\\TaskProgramming\\AB_pic\\resources\\badmintonracket.jpg'
6.6565 	EXP 	polygon_2: opacity = 1.0
6.6565 	EXP 	polygon_2: fillColor = '[1. 1. 1.] (rgb)'
6.6565 	EXP 	polygon_3: opacity = 0.0
6.6732 	EXP 	polygon: opacity = 0.0
6.6732 	EXP 	displayPicture: image = 'C:\\Users\\Employee\\Google Drive\\UP\\MyResearch\\TaskProgramming\\AB_pic\\resources\\badmintonracket.jpg'
6.6732 	EXP 	polygon_2: opacity = 1.0
6.6732 	EXP 	polygon_2: fillColor = '[1. 1. 1.] (rgb)'
6.6732 	EXP 	polygon_3: opacity = 0.0
6.6899 	EXP 	polygon: opacity = 0.0
6.6899 	EXP 	displayPicture: image = 'C:\\Users\\Employee\\Google Drive\\UP\\MyResearch\\TaskProgramming\\AB_pic\\resources\\badmintonracket.jpg'
6.6899 	EXP 	polygon_2: opacity = 1.0
6.6899 	EXP 	polygon_2: fillColor = '[1. 1. 1.] (rgb)'
6.6899 	EXP 	polygon_3: opacity = 0.0
6.7065 	EXP 	polygon: opacity = 0.0
6.7065 	EXP 	displayPicture: image = 'C:\\Users\\Employee\\Google Drive\\UP\\MyResearch\\TaskProgramming\\AB_pic\\resources\\badmintonracket.jpg'
6.7065 	EXP 	polygon_2: opacity = 1.0
6.7065 	EXP 	polygon_2: fillColor = '[1. 1. 1.] (rgb)'
6.7065 	EXP 	polygon_3: opacity = 0.0
6.7232 	EXP 	polygon: opacity = 0.0
6.7232 	EXP 	displayPicture: image = 'C:\\Users\\Employee\\Google Drive\\UP\\MyResearch\\TaskProgramming\\AB_pic\\resources\\badmintonracket.jpg'
6.7232 	EXP 	polygon_2: opacity = 1.0
6.7232 	EXP 	polygon_2: fillColor = '[1. 1. 1.] (rgb)'
6.7232 	EXP 	polygon_3: opacity = 0.0
6.7399 	EXP 	polygon: opacity = 0.0
6.7399 	EXP 	displayPicture: image = 'C:\\Users\\Employee\\Google Drive\\UP\\MyResearch\\TaskProgramming\\AB_pic\\resources\\pingpongtable.jpg'
6.7399 	EXP 	polygon_2: opacity = 0.0
6.7399 	EXP 	polygon_2: fillColor = '[1. 1. 1.] (rgb)'
6.7399 	EXP 	polygon_3: opacity = 0.0
6.7565 	EXP 	polygon: opacity = 0.0
6.7565 	EXP 	displayPicture: image = 'C:\\Users\\Employee\\Google Drive\\UP\\MyResearch\\TaskProgramming\\AB_pic\\resources\\pingpongtable.jpg'
6.7565 	EXP 	polygon_2: opacity = 0.0
6.7565 	EXP 	polygon_2: fillColor = '[1. 1. 1.] (rgb)'
6.7565 	EXP 	polygon_3: opacity = 0.0
6.7732 	EXP 	polygon: opacity = 0.0
6.7732 	EXP 	displayPicture: image = 'C:\\Users\\Employee\\Google Drive\\UP\\MyResearch\\TaskProgramming\\AB_pic\\resources\\pingpongtable.jpg'
6.7732 	EXP 	polygon_2: opacity = 0.0
6.7732 	EXP 	polygon_2: fillColor = '[1. 1. 1.] (rgb)'
6.7732 	EXP 	polygon_3: opacity = 0.0
6.7899 	EXP 	polygon: opacity = 0.0
6.7899 	EXP 	displayPicture: image = 'C:\\Users\\Employee\\Google Drive\\UP\\MyResearch\\TaskProgramming\\AB_pic\\resources\\pingpongtable.jpg'
6.7899 	EXP 	polygon_2: opacity = 0.0
6.7899 	EXP 	polygon_2: fillColor = '[1. 1. 1.] (rgb)'
6.7899 	EXP 	polygon_3: opacity = 0.0
6.8065 	EXP 	polygon: opacity = 0.0
6.8065 	EXP 	displayPicture: image = 'C:\\Users\\Employee\\Google Drive\\UP\\MyResearch\\TaskProgramming\\AB_pic\\resources\\pingpongtable.jpg'
6.8065 	EXP 	polygon_2: opacity = 0.0
6.8065 	EXP 	polygon_2: fillColor = '[1. 1. 1.] (rgb)'
6.8065 	EXP 	polygon_3: opacity = 0.0
6.8232 	EXP 	polygon: opacity = 0.0
6.8232 	EXP 	displayPicture: image = 'C:\\Users\\Employee\\Google Drive\\UP\\MyResearch\\TaskProgramming\\AB_pic\\resources\\pingpongtable.jpg'
6.8232 	EXP 	polygon_2: opacity = 0.0
6.8232 	EXP 	polygon_2: fillColor = '[1. 1. 1.] (rgb)'
6.8232 	EXP 	polygon_3: opacity = 0.0
6.8398 	EXP 	polygon: opacity = 0.0
6.8398 	EXP 	displayPicture: image = 'C:\\Users\\Employee\\Google Drive\\UP\\MyResearch\\TaskProgramming\\AB_pic\\resources\\pingpongtable.jpg'
6.8398 	EXP 	polygon_2: opacity = 1.0
6.8398 	EXP 	polygon_2: fillColor = '[1. 1. 1.] (rgb)'
6.8398 	EXP 	polygon_3: opacity = 0.0
6.8565 	EXP 	polygon: opacity = 0.0
6.8565 	EXP 	displayPicture: image = 'C:\\Users\\Employee\\Google Drive\\UP\\MyResearch\\TaskProgramming\\AB_pic\\resources\\pingpongtable.jpg'
6.8565 	EXP 	polygon_2: opacity = 1.0
6.8565 	EXP 	polygon_2: fillColor = '[1. 1. 1.] (rgb)'
6.8565 	EXP 	polygon_3: opacity = 0.0
6.8732 	EXP 	polygon: opacity = 0.0
6.8732 	EXP 	displayPicture: image = 'C:\\Users\\Employee\\Google Drive\\UP\\MyResearch\\TaskProgramming\\AB_pic\\resources\\pingpongtable.jpg'
6.8732 	EXP 	polygon_2: opacity = 1.0
6.8732 	EXP 	polygon_2: fillColor = '[1. 1. 1.] (rgb)'
6.8732 	EXP 	polygon_3: opacity = 0.0
6.8899 	EXP 	polygon: opacity = 0.0
6.8899 	EXP 	displayPicture: image = 'C:\\Users\\Employee\\Google Drive\\UP\\MyResearch\\TaskProgramming\\AB_pic\\resources\\pingpongtable.jpg'
6.8899 	EXP 	polygon_2: opacity = 1.0
6.8899 	EXP 	polygon_2: fillColor = '[1. 1. 1.] (rgb)'
6.8899 	EXP 	polygon_3: opacity = 0.0
6.9065 	EXP 	polygon: opacity = 0.0
6.9065 	EXP 	displayPicture: image = 'C:\\Users\\Employee\\Google Drive\\UP\\MyResearch\\TaskProgramming\\AB_pic\\resources\\pingpongtable.jpg'
6.9065 	EXP 	polygon_2: opacity = 1.0
6.9065 	EXP 	polygon_2: fillColor = '[1. 1. 1.] (rgb)'
6.9065 	EXP 	polygon_3: opacity = 0.0
6.9232 	EXP 	polygon: opacity = 0.0
6.9232 	EXP 	displayPicture: image = 'C:\\Users\\Employee\\Google Drive\\UP\\MyResearch\\TaskProgramming\\AB_pic\\resources\\pingpongtable.jpg'
6.9232 	EXP 	polygon_2: opacity = 1.0
6.9232 	EXP 	polygon_2: fillColor = '[1. 1. 1.] (rgb)'
6.9232 	EXP 	polygon_3: opacity = 0.0
6.9399 	EXP 	polygon: opacity = 0.0
6.9399 	EXP 	displayPicture: image = 'C:\\Users\\Employee\\Google Drive\\UP\\MyResearch\\TaskProgramming\\AB_pic\\resources\\pingpongtable.jpg'
6.9399 	EXP 	polygon_2: opacity = 1.0
6.9399 	EXP 	polygon_2: fillColor = '[1. 1. 1.] (rgb)'
6.9399 	EXP 	polygon_3: opacity = 0.0
6.9565 	EXP 	polygon: opacity = 0.0
6.9565 	EXP 	displayPicture: image = 'C:\\Users\\Employee\\Google Drive\\UP\\MyResearch\\TaskProgramming\\AB_pic\\resources\\pingpongtable.jpg'
6.9565 	EXP 	polygon_2: opacity = 1.0
6.9565 	EXP 	polygon_2: fillColor = '[1. 1. 1.] (rgb)'
6.9565 	EXP 	polygon_3: opacity = 0.0
6.9732 	EXP 	polygon: opacity = 0.0
6.9732 	EXP 	displayPicture: image = 'C:\\Users\\Employee\\Google Drive\\UP\\MyResearch\\TaskProgramming\\AB_pic\\resources\\pingpongtable.jpg'
6.9732 	EXP 	polygon_2: opacity = 1.0
6.9732 	EXP 	polygon_2: fillColor = '[1. 1. 1.] (rgb)'
6.9732 	EXP 	polygon_3: opacity = 0.0
6.9899 	EXP 	polygon: opacity = 0.0
6.9899 	EXP 	displayPicture: image = 'C:\\Users\\Employee\\Google Drive\\UP\\MyResearch\\TaskProgramming\\AB_pic\\resources\\pingpongtable.jpg'
6.9899 	EXP 	polygon_2: opacity = 1.0
6.9899 	EXP 	polygon_2: fillColor = '[1. 1. 1.] (rgb)'
6.9899 	EXP 	polygon_3: opacity = 0.0
7.0065 	EXP 	polygon: opacity = 0.0
7.0065 	EXP 	displayPicture: image = 'C:\\Users\\Employee\\Google Drive\\UP\\MyResearch\\TaskProgramming\\AB_pic\\resources\\pingpongtable.jpg'
7.0065 	EXP 	polygon_2: opacity = 1.0
7.0065 	EXP 	polygon_2: fillColor = '[1. 1. 1.] (rgb)'
7.0065 	EXP 	polygon_3: opacity = 0.0
7.0232 	EXP 	polygon: opacity = 0.0
7.0232 	EXP 	displayPicture: image = 'C:\\Users\\Employee\\Google Drive\\UP\\MyResearch\\TaskProgramming\\AB_pic\\resources\\pingpongtable.jpg'
7.0232 	EXP 	polygon_2: opacity = 1.0
7.0232 	EXP 	polygon_2: fillColor = '[1. 1. 1.] (rgb)'
7.0232 	EXP 	polygon_3: opacity = 0.0
7.0399 	EXP 	polygon: opacity = 0.0
7.0399 	EXP 	displayPicture: image = 'C:\\Users\\Employee\\Google Drive\\UP\\MyResearch\\TaskProgramming\\AB_pic\\resources\\eye.jpg'
7.0399 	EXP 	polygon_2: opacity = 0.0
7.0399 	EXP 	polygon_2: fillColor = '[1. 1. 1.] (rgb)'
7.0399 	EXP 	polygon_3: opacity = 1.0
7.0565 	EXP 	polygon: opacity = 0.0
7.0565 	EXP 	displayPicture: image = 'C:\\Users\\Employee\\Google Drive\\UP\\MyResearch\\TaskProgramming\\AB_pic\\resources\\eye.jpg'
7.0565 	EXP 	polygon_2: opacity = 0.0
7.0565 	EXP 	polygon_2: fillColor = '[1. 1. 1.] (rgb)'
7.0565 	EXP 	polygon_3: opacity = 1.0
7.0732 	EXP 	polygon: opacity = 0.0
7.0732 	EXP 	displayPicture: image = 'C:\\Users\\Employee\\Google Drive\\UP\\MyResearch\\TaskProgramming\\AB_pic\\resources\\eye.jpg'
7.0732 	EXP 	polygon_2: opacity = 0.0
7.0732 	EXP 	polygon_2: fillColor = '[1. 1. 1.] (rgb)'
7.0732 	EXP 	polygon_3: opacity = 1.0
7.0899 	EXP 	polygon: opacity = 0.0
7.0899 	EXP 	displayPicture: image = 'C:\\Users\\Employee\\Google Drive\\UP\\MyResearch\\TaskProgramming\\AB_pic\\resources\\eye.jpg'
7.0899 	EXP 	polygon_2: opacity = 0.0
7.0899 	EXP 	polygon_2: fillColor = '[1. 1. 1.] (rgb)'
7.0899 	EXP 	polygon_3: opacity = 1.0
7.1065 	EXP 	polygon: opacity = 0.0
7.1065 	EXP 	displayPicture: image = 'C:\\Users\\Employee\\Google Drive\\UP\\MyResearch\\TaskProgramming\\AB_pic\\resources\\eye.jpg'
7.1065 	EXP 	polygon_2: opacity = 0.0
7.1065 	EXP 	polygon_2: fillColor = '[1. 1. 1.] (rgb)'
7.1065 	EXP 	polygon_3: opacity = 1.0
7.1232 	EXP 	polygon: opacity = 0.0
7.1232 	EXP 	displayPicture: image = 'C:\\Users\\Employee\\Google Drive\\UP\\MyResearch\\TaskProgramming\\AB_pic\\resources\\eye.jpg'
7.1232 	EXP 	polygon_2: opacity = 0.0
7.1232 	EXP 	polygon_2: fillColor = '[1. 1. 1.] (rgb)'
7.1232 	EXP 	polygon_3: opacity = 1.0
7.1398 	EXP 	polygon: opacity = 0.0
7.1398 	EXP 	displayPicture: image = 'C:\\Users\\Employee\\Google Drive\\UP\\MyResearch\\TaskProgramming\\AB_pic\\resources\\eye.jpg'
7.1398 	EXP 	polygon_2: opacity = 1.0
7.1398 	EXP 	polygon_2: fillColor = '[1. 1. 1.] (rgb)'
7.1398 	EXP 	polygon_3: opacity = 1.0
7.1565 	EXP 	polygon: opacity = 0.0
7.1565 	EXP 	displayPicture: image = 'C:\\Users\\Employee\\Google Drive\\UP\\MyResearch\\TaskProgramming\\AB_pic\\resources\\eye.jpg'
7.1565 	EXP 	polygon_2: opacity = 1.0
7.1565 	EXP 	polygon_2: fillColor = '[1. 1. 1.] (rgb)'
7.1565 	EXP 	polygon_3: opacity = 1.0
7.1732 	EXP 	polygon: opacity = 0.0
7.1732 	EXP 	displayPicture: image = 'C:\\Users\\Employee\\Google Drive\\UP\\MyResearch\\TaskProgramming\\AB_pic\\resources\\eye.jpg'
7.1732 	EXP 	polygon_2: opacity = 1.0
7.1732 	EXP 	polygon_2: fillColor = '[1. 1. 1.] (rgb)'
7.1732 	EXP 	polygon_3: opacity = 1.0
7.1898 	EXP 	polygon: opacity = 0.0
7.1898 	EXP 	displayPicture: image = 'C:\\Users\\Employee\\Google Drive\\UP\\MyResearch\\TaskProgramming\\AB_pic\\resources\\eye.jpg'
7.1898 	EXP 	polygon_2: opacity = 1.0
7.1898 	EXP 	polygon_2: fillColor = '[1. 1. 1.] (rgb)'
7.1898 	EXP 	polygon_3: opacity = 1.0
7.2065 	EXP 	polygon: opacity = 0.0
7.2065 	EXP 	displayPicture: image = 'C:\\Users\\Employee\\Google Drive\\UP\\MyResearch\\TaskProgramming\\AB_pic\\resources\\eye.jpg'
7.2065 	EXP 	polygon_2: opacity = 1.0
7.2065 	EXP 	polygon_2: fillColor = '[1. 1. 1.] (rgb)'
7.2065 	EXP 	polygon_3: opacity = 1.0
7.2231 	EXP 	polygon: opacity = 0.0
7.2231 	EXP 	displayPicture: image = 'C:\\Users\\Employee\\Google Drive\\UP\\MyResearch\\TaskProgramming\\AB_pic\\resources\\eye.jpg'
7.2231 	EXP 	polygon_2: opacity = 1.0
7.2231 	EXP 	polygon_2: fillColor = '[1. 1. 1.] (rgb)'
7.2231 	EXP 	polygon_3: opacity = 1.0
7.2398 	EXP 	polygon: opacity = 0.0
7.2398 	EXP 	displayPicture: image = 'C:\\Users\\Employee\\Google Drive\\UP\\MyResearch\\TaskProgramming\\AB_pic\\resources\\eye.jpg'
7.2398 	EXP 	polygon_2: opacity = 1.0
7.2398 	EXP 	polygon_2: fillColor = '[1. 1. 1.] (rgb)'
7.2398 	EXP 	polygon_3: opacity = 1.0
7.2565 	EXP 	polygon: opacity = 0.0
7.2565 	EXP 	displayPicture: image = 'C:\\Users\\Employee\\Google Drive\\UP\\MyResearch\\TaskProgramming\\AB_pic\\resources\\eye.jpg'
7.2565 	EXP 	polygon_2: opacity = 1.0
7.2565 	EXP 	polygon_2: fillColor = '[1. 1. 1.] (rgb)'
7.2565 	EXP 	polygon_3: opacity = 1.0
7.2732 	EXP 	polygon: opacity = 0.0
7.2732 	EXP 	displayPicture: image = 'C:\\Users\\Employee\\Google Drive\\UP\\MyResearch\\TaskProgramming\\AB_pic\\resources\\eye.jpg'
7.2732 	EXP 	polygon_2: opacity = 1.0
7.2732 	EXP 	polygon_2: fillColor = '[1. 1. 1.] (rgb)'
7.2732 	EXP 	polygon_3: opacity = 1.0
7.2898 	EXP 	polygon: opacity = 0.0
7.2898 	EXP 	displayPicture: image = 'C:\\Users\\Employee\\Google Drive\\UP\\MyResearch\\TaskProgramming\\AB_pic\\resources\\eye.jpg'
7.2898 	EXP 	polygon_2: opacity = 1.0
7.2898 	EXP 	polygon_2: fillColor = '[1. 1. 1.] (rgb)'
7.2898 	EXP 	polygon_3: opacity = 1.0
7.3065 	EXP 	polygon: opacity = 0.0
7.3065 	EXP 	displayPicture: image = 'C:\\Users\\Employee\\Google Drive\\UP\\MyResearch\\TaskProgramming\\AB_pic\\resources\\eye.jpg'
7.3065 	EXP 	polygon_2: opacity = 1.0
7.3065 	EXP 	polygon_2: fillColor = '[1. 1. 1.] (rgb)'
7.3065 	EXP 	polygon_3: opacity = 1.0
7.3231 	EXP 	polygon: opacity = 0.0
7.3231 	EXP 	displayPicture: image = 'C:\\Users\\Employee\\Google Drive\\UP\\MyResearch\\TaskProgramming\\AB_pic\\resources\\eye.jpg'
7.3231 	EXP 	polygon_2: opacity = 1.0
7.3231 	EXP 	polygon_2: fillColor = '[1. 1. 1.] (rgb)'
7.3231 	EXP 	polygon_3: opacity = 1.0
7.3398 	EXP 	polygon: opacity = 0.0
7.3398 	EXP 	displayPicture: image = 'C:\\Users\\Employee\\Google Drive\\UP\\MyResearch\\TaskProgramming\\AB_pic\\resources\\sausage.jpg'
7.3398 	EXP 	polygon_2: opacity = 0.0
7.3398 	EXP 	polygon_2: fillColor = '[1. 1. 1.] (rgb)'
7.3398 	EXP 	polygon_3: opacity = 0.0
7.3565 	EXP 	polygon: opacity = 0.0
7.3565 	EXP 	displayPicture: image = 'C:\\Users\\Employee\\Google Drive\\UP\\MyResearch\\TaskProgramming\\AB_pic\\resources\\sausage.jpg'
7.3565 	EXP 	polygon_2: opacity = 0.0
7.3565 	EXP 	polygon_2: fillColor = '[1. 1. 1.] (rgb)'
7.3565 	EXP 	polygon_3: opacity = 0.0
7.3731 	EXP 	polygon: opacity = 0.0
7.3731 	EXP 	displayPicture: image = 'C:\\Users\\Employee\\Google Drive\\UP\\MyResearch\\TaskProgramming\\AB_pic\\resources\\sausage.jpg'
7.3731 	EXP 	polygon_2: opacity = 0.0
7.3731 	EXP 	polygon_2: fillColor = '[1. 1. 1.] (rgb)'
7.3731 	EXP 	polygon_3: opacity = 0.0
7.3898 	EXP 	polygon: opacity = 0.0
7.3898 	EXP 	displayPicture: image = 'C:\\Users\\Employee\\Google Drive\\UP\\MyResearch\\TaskProgramming\\AB_pic\\resources\\sausage.jpg'
7.3898 	EXP 	polygon_2: opacity = 0.0
7.3898 	EXP 	polygon_2: fillColor = '[1. 1. 1.] (rgb)'
7.3898 	EXP 	polygon_3: opacity = 0.0
7.4065 	EXP 	polygon: opacity = 0.0
7.4065 	EXP 	displayPicture: image = 'C:\\Users\\Employee\\Google Drive\\UP\\MyResearch\\TaskProgramming\\AB_pic\\resources\\sausage.jpg'
7.4065 	EXP 	polygon_2: opacity = 0.0
7.4065 	EXP 	polygon_2: fillColor = '[1. 1. 1.] (rgb)'
7.4065 	EXP 	polygon_3: opacity = 0.0
7.4232 	EXP 	polygon: opacity = 0.0
7.4232 	EXP 	displayPicture: image = 'C:\\Users\\Employee\\Google Drive\\UP\\MyResearch\\TaskProgramming\\AB_pic\\resources\\sausage.jpg'
7.4232 	EXP 	polygon_2: opacity = 0.0
7.4232 	EXP 	polygon_2: fillColor = '[1. 1. 1.] (rgb)'
7.4232 	EXP 	polygon_3: opacity = 0.0
7.4398 	EXP 	polygon: opacity = 0.0
7.4398 	EXP 	displayPicture: image = 'C:\\Users\\Employee\\Google Drive\\UP\\MyResearch\\TaskProgramming\\AB_pic\\resources\\sausage.jpg'
7.4398 	EXP 	polygon_2: opacity = 1.0
7.4398 	EXP 	polygon_2: fillColor = '[1. 1. 1.] (rgb)'
7.4398 	EXP 	polygon_3: opacity = 0.0
7.4565 	EXP 	polygon: opacity = 0.0
7.4565 	EXP 	displayPicture: image = 'C:\\Users\\Employee\\Google Drive\\UP\\MyResearch\\TaskProgramming\\AB_pic\\resources\\sausage.jpg'
7.4565 	EXP 	polygon_2: opacity = 1.0
7.4565 	EXP 	polygon_2: fillColor = '[1. 1. 1.] (rgb)'
7.4565 	EXP 	polygon_3: opacity = 0.0
7.4731 	EXP 	polygon: opacity = 0.0
7.4731 	EXP 	displayPicture: image = 'C:\\Users\\Employee\\Google Drive\\UP\\MyResearch\\TaskProgramming\\AB_pic\\resources\\sausage.jpg'
7.4731 	EXP 	polygon_2: opacity = 1.0
7.4731 	EXP 	polygon_2: fillColor = '[1. 1. 1.] (rgb)'
7.4731 	EXP 	polygon_3: opacity = 0.0
7.4898 	EXP 	polygon: opacity = 0.0
7.4898 	EXP 	displayPicture: image = 'C:\\Users\\Employee\\Google Drive\\UP\\MyResearch\\TaskProgramming\\AB_pic\\resources\\sausage.jpg'
7.4898 	EXP 	polygon_2: opacity = 1.0
7.4898 	EXP 	polygon_2: fillColor = '[1. 1. 1.] (rgb)'
7.4898 	EXP 	polygon_3: opacity = 0.0
7.5065 	EXP 	polygon: opacity = 0.0
7.5065 	EXP 	displayPicture: image = 'C:\\Users\\Employee\\Google Drive\\UP\\MyResearch\\TaskProgramming\\AB_pic\\resources\\sausage.jpg'
7.5065 	EXP 	polygon_2: opacity = 1.0
7.5065 	EXP 	polygon_2: fillColor = '[1. 1. 1.] (rgb)'
7.5065 	EXP 	polygon_3: opacity = 0.0
7.5232 	EXP 	polygon: opacity = 0.0
7.5232 	EXP 	displayPicture: image = 'C:\\Users\\Employee\\Google Drive\\UP\\MyResearch\\TaskProgramming\\AB_pic\\resources\\sausage.jpg'
7.5232 	EXP 	polygon_2: opacity = 1.0
7.5232 	EXP 	polygon_2: fillColor = '[1. 1. 1.] (rgb)'
7.5232 	EXP 	polygon_3: opacity = 0.0
7.5398 	EXP 	polygon: opacity = 0.0
7.5398 	EXP 	displayPicture: image = 'C:\\Users\\Employee\\Google Drive\\UP\\MyResearch\\TaskProgramming\\AB_pic\\resources\\sausage.jpg'
7.5398 	EXP 	polygon_2: opacity = 1.0
7.5398 	EXP 	polygon_2: fillColor = '[1. 1. 1.] (rgb)'
7.5398 	EXP 	polygon_3: opacity = 0.0
7.5564 	EXP 	polygon: opacity = 0.0
7.5564 	EXP 	displayPicture: image = 'C:\\Users\\Employee\\Google Drive\\UP\\MyResearch\\TaskProgramming\\AB_pic\\resources\\sausage.jpg'
7.5564 	EXP 	polygon_2: opacity = 1.0
7.5564 	EXP 	polygon_2: fillColor = '[1. 1. 1.] (rgb)'
7.5564 	EXP 	polygon_3: opacity = 0.0
7.5731 	EXP 	polygon: opacity = 0.0
7.5731 	EXP 	displayPicture: image = 'C:\\Users\\Employee\\Google Drive\\UP\\MyResearch\\TaskProgramming\\AB_pic\\resources\\sausage.jpg'
7.5731 	EXP 	polygon_2: opacity = 1.0
7.5731 	EXP 	polygon_2: fillColor = '[1. 1. 1.] (rgb)'
7.5731 	EXP 	polygon_3: opacity = 0.0
7.5898 	EXP 	polygon: opacity = 0.0
7.5898 	EXP 	displayPicture: image = 'C:\\Users\\Employee\\Google Drive\\UP\\MyResearch\\TaskProgramming\\AB_pic\\resources\\sausage.jpg'
7.5898 	EXP 	polygon_2: opacity = 1.0
7.5898 	EXP 	polygon_2: fillColor = '[1. 1. 1.] (rgb)'
7.5898 	EXP 	polygon_3: opacity = 0.0
7.6065 	EXP 	polygon: opacity = 0.0
7.6065 	EXP 	displayPicture: image = 'C:\\Users\\Employee\\Google Drive\\UP\\MyResearch\\TaskProgramming\\AB_pic\\resources\\sausage.jpg'
7.6065 	EXP 	polygon_2: opacity = 1.0
7.6065 	EXP 	polygon_2: fillColor = '[1. 1. 1.] (rgb)'
7.6065 	EXP 	polygon_3: opacity = 0.0
7.6231 	EXP 	polygon: opacity = 0.0
7.6231 	EXP 	displayPicture: image = 'C:\\Users\\Employee\\Google Drive\\UP\\MyResearch\\TaskProgramming\\AB_pic\\resources\\sausage.jpg'
7.6231 	EXP 	polygon_2: opacity = 1.0
7.6231 	EXP 	polygon_2: fillColor = '[1. 1. 1.] (rgb)'
7.6231 	EXP 	polygon_3: opacity = 0.0
7.6398 	EXP 	polygon: opacity = 0.0
7.6398 	EXP 	displayPicture: image = 'C:\\Users\\Employee\\Google Drive\\UP\\MyResearch\\TaskProgramming\\AB_pic\\resources\\jellyfish.jpg'
7.6398 	EXP 	polygon_2: opacity = 0.0
7.6398 	EXP 	polygon_2: fillColor = '[1. 1. 1.] (rgb)'
7.6398 	EXP 	polygon_3: opacity = 0.0
7.6565 	EXP 	polygon: opacity = 0.0
7.6565 	EXP 	displayPicture: image = 'C:\\Users\\Employee\\Google Drive\\UP\\MyResearch\\TaskProgramming\\AB_pic\\resources\\jellyfish.jpg'
7.6565 	EXP 	polygon_2: opacity = 0.0
7.6565 	EXP 	polygon_2: fillColor = '[1. 1. 1.] (rgb)'
7.6565 	EXP 	polygon_3: opacity = 0.0
7.6732 	EXP 	polygon: opacity = 0.0
7.6732 	EXP 	displayPicture: image = 'C:\\Users\\Employee\\Google Drive\\UP\\MyResearch\\TaskProgramming\\AB_pic\\resources\\jellyfish.jpg'
7.6732 	EXP 	polygon_2: opacity = 0.0
7.6732 	EXP 	polygon_2: fillColor = '[1. 1. 1.] (rgb)'
7.6732 	EXP 	polygon_3: opacity = 0.0
7.6898 	EXP 	polygon: opacity = 0.0
7.6898 	EXP 	displayPicture: image = 'C:\\Users\\Employee\\Google Drive\\UP\\MyResearch\\TaskProgramming\\AB_pic\\resources\\jellyfish.jpg'
7.6898 	EXP 	polygon_2: opacity = 0.0
7.6898 	EXP 	polygon_2: fillColor = '[1. 1. 1.] (rgb)'
7.6898 	EXP 	polygon_3: opacity = 0.0
7.7065 	EXP 	polygon: opacity = 0.0
7.7065 	EXP 	displayPicture: image = 'C:\\Users\\Employee\\Google Drive\\UP\\MyResearch\\TaskProgramming\\AB_pic\\resources\\jellyfish.jpg'
7.7065 	EXP 	polygon_2: opacity = 0.0
7.7065 	EXP 	polygon_2: fillColor = '[1. 1. 1.] (rgb)'
7.7065 	EXP 	polygon_3: opacity = 0.0
7.7231 	EXP 	polygon: opacity = 0.0
7.7231 	EXP 	displayPicture: image = 'C:\\Users\\Employee\\Google Drive\\UP\\MyResearch\\TaskProgramming\\AB_pic\\resources\\jellyfish.jpg'
7.7231 	EXP 	polygon_2: opacity = 0.0
7.7231 	EXP 	polygon_2: fillColor = '[1. 1. 1.] (rgb)'
7.7231 	EXP 	polygon_3: opacity = 0.0
7.7398 	EXP 	polygon: opacity = 0.0
7.7398 	EXP 	displayPicture: image = 'C:\\Users\\Employee\\Google Drive\\UP\\MyResearch\\TaskProgramming\\AB_pic\\resources\\jellyfish.jpg'
7.7398 	EXP 	polygon_2: opacity = 1.0
7.7398 	EXP 	polygon_2: fillColor = '[1. 1. 1.] (rgb)'
7.7398 	EXP 	polygon_3: opacity = 0.0
7.7565 	EXP 	polygon: opacity = 0.0
7.7565 	EXP 	displayPicture: image = 'C:\\Users\\Employee\\Google Drive\\UP\\MyResearch\\TaskProgramming\\AB_pic\\resources\\jellyfish.jpg'
7.7565 	EXP 	polygon_2: opacity = 1.0
7.7565 	EXP 	polygon_2: fillColor = '[1. 1. 1.] (rgb)'
7.7565 	EXP 	polygon_3: opacity = 0.0
7.7731 	EXP 	polygon: opacity = 0.0
7.7731 	EXP 	displayPicture: image = 'C:\\Users\\Employee\\Google Drive\\UP\\MyResearch\\TaskProgramming\\AB_pic\\resources\\jellyfish.jpg'
7.7731 	EXP 	polygon_2: opacity = 1.0
7.7731 	EXP 	polygon_2: fillColor = '[1. 1. 1.] (rgb)'
7.7731 	EXP 	polygon_3: opacity = 0.0
7.7898 	EXP 	polygon: opacity = 0.0
7.7898 	EXP 	displayPicture: image = 'C:\\Users\\Employee\\Google Drive\\UP\\MyResearch\\TaskProgramming\\AB_pic\\resources\\jellyfish.jpg'
7.7898 	EXP 	polygon_2: opacity = 1.0
7.7898 	EXP 	polygon_2: fillColor = '[1. 1. 1.] (rgb)'
7.7898 	EXP 	polygon_3: opacity = 0.0
7.8064 	EXP 	polygon: opacity = 0.0
7.8064 	EXP 	displayPicture: image = 'C:\\Users\\Employee\\Google Drive\\UP\\MyResearch\\TaskProgramming\\AB_pic\\resources\\jellyfish.jpg'
7.8064 	EXP 	polygon_2: opacity = 1.0
7.8064 	EXP 	polygon_2: fillColor = '[1. 1. 1.] (rgb)'
7.8064 	EXP 	polygon_3: opacity = 0.0
7.8231 	EXP 	polygon: opacity = 0.0
7.8231 	EXP 	displayPicture: image = 'C:\\Users\\Employee\\Google Drive\\UP\\MyResearch\\TaskProgramming\\AB_pic\\resources\\jellyfish.jpg'
7.8231 	EXP 	polygon_2: opacity = 1.0
7.8231 	EXP 	polygon_2: fillColor = '[1. 1. 1.] (rgb)'
7.8231 	EXP 	polygon_3: opacity = 0.0
7.8398 	EXP 	polygon: opacity = 0.0
7.8398 	EXP 	displayPicture: image = 'C:\\Users\\Employee\\Google Drive\\UP\\MyResearch\\TaskProgramming\\AB_pic\\resources\\jellyfish.jpg'
7.8398 	EXP 	polygon_2: opacity = 1.0
7.8398 	EXP 	polygon_2: fillColor = '[1. 1. 1.] (rgb)'
7.8398 	EXP 	polygon_3: opacity = 0.0
7.8565 	EXP 	polygon: opacity = 0.0
7.8565 	EXP 	displayPicture: image = 'C:\\Users\\Employee\\Google Drive\\UP\\MyResearch\\TaskProgramming\\AB_pic\\resources\\jellyfish.jpg'
7.8565 	EXP 	polygon_2: opacity = 1.0
7.8565 	EXP 	polygon_2: fillColor = '[1. 1. 1.] (rgb)'
7.8565 	EXP 	polygon_3: opacity = 0.0
7.8731 	EXP 	polygon: opacity = 0.0
7.8731 	EXP 	displayPicture: image = 'C:\\Users\\Employee\\Google Drive\\UP\\MyResearch\\TaskProgramming\\AB_pic\\resources\\jellyfish.jpg'
7.8731 	EXP 	polygon_2: opacity = 1.0
7.8731 	EXP 	polygon_2: fillColor = '[1. 1. 1.] (rgb)'
7.8731 	EXP 	polygon_3: opacity = 0.0
7.8898 	EXP 	polygon: opacity = 0.0
7.8898 	EXP 	displayPicture: image = 'C:\\Users\\Employee\\Google Drive\\UP\\MyResearch\\TaskProgramming\\AB_pic\\resources\\jellyfish.jpg'
7.8898 	EXP 	polygon_2: opacity = 1.0
7.8898 	EXP 	polygon_2: fillColor = '[1. 1. 1.] (rgb)'
7.8898 	EXP 	polygon_3: opacity = 0.0
7.9064 	EXP 	polygon: opacity = 0.0
7.9064 	EXP 	displayPicture: image = 'C:\\Users\\Employee\\Google Drive\\UP\\MyResearch\\TaskProgramming\\AB_pic\\resources\\jellyfish.jpg'
7.9064 	EXP 	polygon_2: opacity = 1.0
7.9064 	EXP 	polygon_2: fillColor = '[1. 1. 1.] (rgb)'
7.9064 	EXP 	polygon_3: opacity = 0.0
7.9231 	EXP 	polygon: opacity = 0.0
7.9231 	EXP 	displayPicture: image = 'C:\\Users\\Employee\\Google Drive\\UP\\MyResearch\\TaskProgramming\\AB_pic\\resources\\jellyfish.jpg'
7.9231 	EXP 	polygon_2: opacity = 1.0
7.9231 	EXP 	polygon_2: fillColor = '[1. 1. 1.] (rgb)'
7.9231 	EXP 	polygon_3: opacity = 0.0
7.9398 	EXP 	polygon: opacity = 0.0
7.9398 	EXP 	displayPicture: image = 'C:\\Users\\Employee\\Google Drive\\UP\\MyResearch\\TaskProgramming\\AB_pic\\resources\\bowtie.jpg'
7.9398 	EXP 	polygon_2: opacity = 0.0
7.9398 	EXP 	polygon_2: fillColor = '[1. 1. 1.] (rgb)'
7.9398 	EXP 	polygon_3: opacity = 0.0
7.9564 	EXP 	polygon: opacity = 0.0
7.9564 	EXP 	displayPicture: image = 'C:\\Users\\Employee\\Google Drive\\UP\\MyResearch\\TaskProgramming\\AB_pic\\resources\\bowtie.jpg'
7.9564 	EXP 	polygon_2: opacity = 0.0
7.9564 	EXP 	polygon_2: fillColor = '[1. 1. 1.] (rgb)'
7.9564 	EXP 	polygon_3: opacity = 0.0
7.9731 	EXP 	polygon: opacity = 0.0
7.9731 	EXP 	displayPicture: image = 'C:\\Users\\Employee\\Google Drive\\UP\\MyResearch\\TaskProgramming\\AB_pic\\resources\\bowtie.jpg'
7.9731 	EXP 	polygon_2: opacity = 0.0
7.9731 	EXP 	polygon_2: fillColor = '[1. 1. 1.] (rgb)'
7.9731 	EXP 	polygon_3: opacity = 0.0
7.9898 	EXP 	polygon: opacity = 0.0
7.9898 	EXP 	displayPicture: image = 'C:\\Users\\Employee\\Google Drive\\UP\\MyResearch\\TaskProgramming\\AB_pic\\resources\\bowtie.jpg'
7.9898 	EXP 	polygon_2: opacity = 0.0
7.9898 	EXP 	polygon_2: fillColor = '[1. 1. 1.] (rgb)'
7.9898 	EXP 	polygon_3: opacity = 0.0
8.0065 	EXP 	polygon: opacity = 0.0
8.0065 	EXP 	displayPicture: image = 'C:\\Users\\Employee\\Google Drive\\UP\\MyResearch\\TaskProgramming\\AB_pic\\resources\\bowtie.jpg'
8.0065 	EXP 	polygon_2: opacity = 0.0
8.0065 	EXP 	polygon_2: fillColor = '[1. 1. 1.] (rgb)'
8.0065 	EXP 	polygon_3: opacity = 0.0
8.0231 	EXP 	polygon: opacity = 0.0
8.0231 	EXP 	displayPicture: image = 'C:\\Users\\Employee\\Google Drive\\UP\\MyResearch\\TaskProgramming\\AB_pic\\resources\\bowtie.jpg'
8.0231 	EXP 	polygon_2: opacity = 0.0
8.0231 	EXP 	polygon_2: fillColor = '[1. 1. 1.] (rgb)'
8.0231 	EXP 	polygon_3: opacity = 0.0
8.0397 	EXP 	polygon: opacity = 0.0
8.0397 	EXP 	displayPicture: image = 'C:\\Users\\Employee\\Google Drive\\UP\\MyResearch\\TaskProgramming\\AB_pic\\resources\\bowtie.jpg'
8.0397 	EXP 	polygon_2: opacity = 1.0
8.0397 	EXP 	polygon_2: fillColor = '[1. 1. 1.] (rgb)'
8.0397 	EXP 	polygon_3: opacity = 0.0
8.0565 	EXP 	polygon: opacity = 0.0
8.0565 	EXP 	displayPicture: image = 'C:\\Users\\Employee\\Google Drive\\UP\\MyResearch\\TaskProgramming\\AB_pic\\resources\\bowtie.jpg'
8.0565 	EXP 	polygon_2: opacity = 1.0
8.0565 	EXP 	polygon_2: fillColor = '[1. 1. 1.] (rgb)'
8.0565 	EXP 	polygon_3: opacity = 0.0
8.0731 	EXP 	polygon: opacity = 0.0
8.0731 	EXP 	displayPicture: image = 'C:\\Users\\Employee\\Google Drive\\UP\\MyResearch\\TaskProgramming\\AB_pic\\resources\\bowtie.jpg'
8.0731 	EXP 	polygon_2: opacity = 1.0
8.0731 	EXP 	polygon_2: fillColor = '[1. 1. 1.] (rgb)'
8.0731 	EXP 	polygon_3: opacity = 0.0
8.0898 	EXP 	polygon: opacity = 0.0
8.0898 	EXP 	displayPicture: image = 'C:\\Users\\Employee\\Google Drive\\UP\\MyResearch\\TaskProgramming\\AB_pic\\resources\\bowtie.jpg'
8.0898 	EXP 	polygon_2: opacity = 1.0
8.0898 	EXP 	polygon_2: fillColor = '[1. 1. 1.] (rgb)'
8.0898 	EXP 	polygon_3: opacity = 0.0
8.1064 	EXP 	polygon: opacity = 0.0
8.1064 	EXP 	displayPicture: image = 'C:\\Users\\Employee\\Google Drive\\UP\\MyResearch\\TaskProgramming\\AB_pic\\resources\\bowtie.jpg'
8.1064 	EXP 	polygon_2: opacity = 1.0
8.1064 	EXP 	polygon_2: fillColor = '[1. 1. 1.] (rgb)'
8.1064 	EXP 	polygon_3: opacity = 0.0
8.1231 	EXP 	polygon: opacity = 0.0
8.1231 	EXP 	displayPicture: image = 'C:\\Users\\Employee\\Google Drive\\UP\\MyResearch\\TaskProgramming\\AB_pic\\resources\\bowtie.jpg'
8.1231 	EXP 	polygon_2: opacity = 1.0
8.1231 	EXP 	polygon_2: fillColor = '[1. 1. 1.] (rgb)'
8.1231 	EXP 	polygon_3: opacity = 0.0
8.1398 	EXP 	polygon: opacity = 0.0
8.1398 	EXP 	displayPicture: image = 'C:\\Users\\Employee\\Google Drive\\UP\\MyResearch\\TaskProgramming\\AB_pic\\resources\\bowtie.jpg'
8.1398 	EXP 	polygon_2: opacity = 1.0
8.1398 	EXP 	polygon_2: fillColor = '[1. 1. 1.] (rgb)'
8.1398 	EXP 	polygon_3: opacity = 0.0
8.1564 	EXP 	polygon: opacity = 0.0
8.1564 	EXP 	displayPicture: image = 'C:\\Users\\Employee\\Google Drive\\UP\\MyResearch\\TaskProgramming\\AB_pic\\resources\\bowtie.jpg'
8.1564 	EXP 	polygon_2: opacity = 1.0
8.1564 	EXP 	polygon_2: fillColor = '[1. 1. 1.] (rgb)'
8.1564 	EXP 	polygon_3: opacity = 0.0
8.1731 	EXP 	polygon: opacity = 0.0
8.1731 	EXP 	displayPicture: image = 'C:\\Users\\Employee\\Google Drive\\UP\\MyResearch\\TaskProgramming\\AB_pic\\resources\\bowtie.jpg'
8.1731 	EXP 	polygon_2: opacity = 1.0
8.1731 	EXP 	polygon_2: fillColor = '[1. 1. 1.] (rgb)'
8.1731 	EXP 	polygon_3: opacity = 0.0
8.1898 	EXP 	polygon: opacity = 0.0
8.1898 	EXP 	displayPicture: image = 'C:\\Users\\Employee\\Google Drive\\UP\\MyResearch\\TaskProgramming\\AB_pic\\resources\\bowtie.jpg'
8.1898 	EXP 	polygon_2: opacity = 1.0
8.1898 	EXP 	polygon_2: fillColor = '[1. 1. 1.] (rgb)'
8.1898 	EXP 	polygon_3: opacity = 0.0
8.2064 	EXP 	polygon: opacity = 0.0
8.2064 	EXP 	displayPicture: image = 'C:\\Users\\Employee\\Google Drive\\UP\\MyResearch\\TaskProgramming\\AB_pic\\resources\\bowtie.jpg'
8.2064 	EXP 	polygon_2: opacity = 1.0
8.2064 	EXP 	polygon_2: fillColor = '[1. 1. 1.] (rgb)'
8.2064 	EXP 	polygon_3: opacity = 0.0
8.2231 	EXP 	polygon: opacity = 0.0
8.2231 	EXP 	displayPicture: image = 'C:\\Users\\Employee\\Google Drive\\UP\\MyResearch\\TaskProgramming\\AB_pic\\resources\\bowtie.jpg'
8.2231 	EXP 	polygon_2: opacity = 1.0
8.2231 	EXP 	polygon_2: fillColor = '[1. 1. 1.] (rgb)'
8.2231 	EXP 	polygon_3: opacity = 0.0
8.2564 	EXP 	polygon: opacity = 0.0
8.2564 	EXP 	displayPicture: image = 'C:\\Users\\Employee\\Google Drive\\UP\\MyResearch\\TaskProgramming\\AB_pic\\resources\\bowtie.jpg'
8.2564 	EXP 	polygon_2: opacity = 0.0
8.2564 	EXP 	polygon_2: fillColor = '[1. 1. 1.] (rgb)'
8.2564 	EXP 	polygon_3: opacity = 0.0
8.2564 	EXP 	polygon: autoDraw = False
8.2564 	EXP 	displayPicture: autoDraw = False
8.2564 	EXP 	polygon_2: autoDraw = False
8.2564 	EXP 	polygon_3: autoDraw = False
8.2564 	EXP 	option1_t1: image = 'C:\\Users\\Employee\\Google Drive\\UP\\MyResearch\\TaskProgramming\\AB_pic\\resources\\armadillo.jpg'
8.2564 	EXP 	option2_t1: image = 'C:\\Users\\Employee\\Google Drive\\UP\\MyResearch\\TaskProgramming\\AB_pic\\resources\\vacuumcleaner01.jpg'
8.2564 	EXP 	option1_t1: autoDraw = True
8.2564 	EXP 	option2_t1: autoDraw = True
9.6438 	DATA 	Keypress: escape
9.7881 	EXP 	window1: mouseVisible = True
