0.8166 	WARNING 	We strongly recommend you activate the PTB sound engine in PsychoPy prefs as the preferred audio engine. Its timing is vastly superior. Your prefs are currently set to use ['sounddevice', 'PTB', 'pyo', 'pygame'] (in that order).
3.8408 	WARNING 	User requested fullscreen with size [1024  768], but screen is actually [1920, 1080]. Using actual size
4.6957 	EXP 	Created window1 = Window(allowGUI=False, allowStencil=False, args=UNKNOWN, autoLog=True, bitsMode=UNKNOWN, blendMode='avg', bpc=(8, 8, 8), color=array([0., 0., 0.]), colorSpace='rgb', depthBits=8, fullscr=<method-wrapper '__getattribute__' of attributeSetter object at 0x000001CB761B3FD0>, gamma=None, gammaErrorPolicy='raise', kwargs=UNKNOWN, lms=UNKNOWN, monitor=<psychopy.monitors.calibTools.Monitor object at 0x000001CB76152630>, multiSample=False, name='window1', numSamples=2, pos=[0.0, 0.0], screen=0, size=array([1920, 1080]), stencilBits=0, stereo=False, units='height', useFBO=True, useRetina=False, viewOri=0.0, viewPos=None, viewScale=None, waitBlanking=True, winType='pyglet')
4.6960 	EXP 	window1: mouseVisible = True
4.6961 	EXP 	window1: recordFrameIntervals = False
4.8620 	EXP 	window1: recordFrameIntervals = True
5.0455 	EXP 	window1: recordFrameIntervals = False
5.1069 	EXP 	Created polygon = Rect(__class__=<class 'psychopy.visual.rect.Rect'>, autoDraw=False, autoLog=True, closeShape=True, color=method-wrapper(...), colorSpace=None, contrast=1.0, depth=-4.0, fillColor=array([1., 0., 0.]), fillColorSpace='rgb', fillRGB=array([1., 0., 0.]), interpolate=True, lineColor=array([1., 1., 1.]), lineColorSpace='rgb', lineRGB=array([1., 1., 1.]), lineWidth=1, name='polygon', opacity=1.0, ori=array(0.), pos=array([0., 0.]), size=array([0.6, 0.6]), units='height', vertices=ndarray(...), win=Window(...))
5.1113 	EXP 	Created displayPicture = ImageStim(__class__=<class 'psychopy.visual.image.ImageStim'>, autoLog=True, color=array([1., 1., 1.]), colorSpace='rgb', contrast=1.0, depth=-5.0, flipHoriz=False, flipVert=False, image='sin', interpolate=True, mask=None, maskParams=None, name='displayPicture', opacity=1.0, ori=0.0, pos=array([0., 0.]), size=array([0.25, 0.25]), texRes=128, units='height', win=Window(...))
5.1124 	EXP 	Created polygon_2 = Rect(__class__=<class 'psychopy.visual.rect.Rect'>, autoDraw=False, autoLog=True, closeShape=True, color=method-wrapper(...), colorSpace=None, contrast=1.0, depth=-6.0, fillColor=array([0., 0., 0.]), fillColorSpace='rgb', fillRGB=array([0., 0., 0.]), interpolate=True, lineColor=array([1., 1., 1.]), lineColorSpace='rgb', lineRGB=array([1., 1., 1.]), lineWidth=0, name='polygon_2', opacity=1.0, ori=array(0.), pos=array([0., 0.]), size=array([0.8, 0.8]), units='height', vertices=ndarray(...), win=Window(...))
5.1149 	EXP 	Created option1_t1 = ImageStim(__class__=<class 'psychopy.visual.image.ImageStim'>, autoLog=True, color=array([1., 1., 1.]), colorSpace='rgb', contrast=1.0, depth=-1.0, flipHoriz=False, flipVert=False, image='sin', interpolate=True, mask=None, maskParams=None, name='option1_t1', opacity=1.0, ori=0.0, pos=array([-0.3,  0. ]), size=array([0.25, 0.25]), texRes=128, units='height', win=Window(...))
5.1173 	EXP 	Created option2_t1 = ImageStim(__class__=<class 'psychopy.visual.image.ImageStim'>, autoLog=True, color=array([1., 1., 1.]), colorSpace='rgb', contrast=1.0, depth=-2.0, flipHoriz=False, flipVert=False, image='sin', interpolate=True, mask=None, maskParams=None, name='option2_t1', opacity=1.0, ori=0.0, pos=array([0.3, 0. ]), size=array([0.25, 0.25]), texRes=128, units='height', win=Window(...))
5.1198 	EXP 	Created option1_t2 = ImageStim(__class__=<class 'psychopy.visual.image.ImageStim'>, autoLog=True, color=array([1., 1., 1.]), colorSpace='rgb', contrast=1.0, depth=-1.0, flipHoriz=False, flipVert=False, image='sin', interpolate=True, mask=None, maskParams=None, name='option1_t2', opacity=1.0, ori=0.0, pos=array([0.3, 0. ]), size=array([0.25, 0.25]), texRes=128, units='height', win=Window(...))
5.1221 	EXP 	Created option2_t2 = ImageStim(__class__=<class 'psychopy.visual.image.ImageStim'>, autoLog=True, color=array([1., 1., 1.]), colorSpace='rgb', contrast=1.0, depth=-2.0, flipHoriz=False, flipVert=False, image='sin', interpolate=True, mask=None, maskParams=None, name='option2_t2', opacity=1.0, ori=0.0, pos=array([-0.3,  0. ]), size=array([0.25, 0.25]), texRes=128, units='height', win=Window(...))
5.1618 	EXP 	Imported conditionAB.xlsx as conditions, 140 conditions, 9 params
5.1623 	EXP 	Created sequence: random, trialTypes=140, nReps=1, seed=None
5.1627 	EXP 	New trial (rep=0, index=0): OrderedDict([('trialType', 'AB'), ('cndTyp', 'lag5'), ('lag', 5), ('T1_loc', 4), ('gap', 0), ('T2_loc', 9), ('primePos', 103), ('stimLen', 0.2), ('isi', 0.15)])
5.2535 	EXP 	polygon: autoDraw = True
5.2535 	EXP 	polygon: opacity = 0.0
5.2535 	EXP 	displayPicture: autoDraw = True
5.2535 	EXP 	displayPicture: image = 'C:\\Users\\Employee\\Google Drive\\UP\\MyResearch\\TaskProgramming\\AB_pic\\resources\\duck01.jpg'
5.2535 	EXP 	polygon_2: autoDraw = True
5.2535 	EXP 	polygon_2: opacity = 0.0
5.2786 	EXP 	polygon: opacity = 0.0
5.2786 	EXP 	displayPicture: image = 'C:\\Users\\Employee\\Google Drive\\UP\\MyResearch\\TaskProgramming\\AB_pic\\resources\\duck01.jpg'
5.2786 	EXP 	polygon_2: opacity = 0.0
5.3120 	EXP 	polygon: opacity = 0.0
5.3120 	EXP 	displayPicture: image = 'C:\\Users\\Employee\\Google Drive\\UP\\MyResearch\\TaskProgramming\\AB_pic\\resources\\duck01.jpg'
5.3120 	EXP 	polygon_2: opacity = 0.0
5.3453 	EXP 	polygon: opacity = 0.0
5.3453 	EXP 	displayPicture: image = 'C:\\Users\\Employee\\Google Drive\\UP\\MyResearch\\TaskProgramming\\AB_pic\\resources\\duck01.jpg'
5.3453 	EXP 	polygon_2: opacity = 0.0
5.3786 	EXP 	polygon: opacity = 0.0
5.3786 	EXP 	displayPicture: image = 'C:\\Users\\Employee\\Google Drive\\UP\\MyResearch\\TaskProgramming\\AB_pic\\resources\\duck01.jpg'
5.3786 	EXP 	polygon_2: opacity = 0.0
5.4119 	EXP 	polygon: opacity = 0.0
5.4119 	EXP 	displayPicture: image = 'C:\\Users\\Employee\\Google Drive\\UP\\MyResearch\\TaskProgramming\\AB_pic\\resources\\duck01.jpg'
5.4119 	EXP 	polygon_2: opacity = 1.0
5.4452 	EXP 	polygon: opacity = 0.0
5.4452 	EXP 	displayPicture: image = 'C:\\Users\\Employee\\Google Drive\\UP\\MyResearch\\TaskProgramming\\AB_pic\\resources\\duck01.jpg'
5.4452 	EXP 	polygon_2: opacity = 1.0
5.4786 	EXP 	polygon: opacity = 0.0
5.4786 	EXP 	displayPicture: image = 'C:\\Users\\Employee\\Google Drive\\UP\\MyResearch\\TaskProgramming\\AB_pic\\resources\\duck01.jpg'
5.4786 	EXP 	polygon_2: opacity = 1.0
5.5119 	EXP 	polygon: opacity = 0.0
5.5119 	EXP 	displayPicture: image = 'C:\\Users\\Employee\\Google Drive\\UP\\MyResearch\\TaskProgramming\\AB_pic\\resources\\duck01.jpg'
5.5119 	EXP 	polygon_2: opacity = 1.0
5.5285 	EXP 	polygon: opacity = 0.0
5.5285 	EXP 	displayPicture: image = 'C:\\Users\\Employee\\Google Drive\\UP\\MyResearch\\TaskProgramming\\AB_pic\\resources\\microphone01.jpg'
5.5285 	EXP 	polygon_2: opacity = 0.0
5.5620 	EXP 	polygon: opacity = 0.0
5.5620 	EXP 	displayPicture: image = 'C:\\Users\\Employee\\Google Drive\\UP\\MyResearch\\TaskProgramming\\AB_pic\\resources\\microphone01.jpg'
5.5620 	EXP 	polygon_2: opacity = 0.0
5.5952 	EXP 	polygon: opacity = 0.0
5.5952 	EXP 	displayPicture: image = 'C:\\Users\\Employee\\Google Drive\\UP\\MyResearch\\TaskProgramming\\AB_pic\\resources\\microphone01.jpg'
5.5952 	EXP 	polygon_2: opacity = 0.0
5.6285 	EXP 	polygon: opacity = 0.0
5.6285 	EXP 	displayPicture: image = 'C:\\Users\\Employee\\Google Drive\\UP\\MyResearch\\TaskProgramming\\AB_pic\\resources\\microphone01.jpg'
5.6285 	EXP 	polygon_2: opacity = 0.0
5.6449 	EXP 	polygon: opacity = 0.0
5.6449 	EXP 	displayPicture: image = 'C:\\Users\\Employee\\Google Drive\\UP\\MyResearch\\TaskProgramming\\AB_pic\\resources\\microphone01.jpg'
5.6449 	EXP 	polygon_2: opacity = 0.0
5.6619 	EXP 	polygon: opacity = 0.0
5.6619 	EXP 	displayPicture: image = 'C:\\Users\\Employee\\Google Drive\\UP\\MyResearch\\TaskProgramming\\AB_pic\\resources\\microphone01.jpg'
5.6619 	EXP 	polygon_2: opacity = 0.0
5.6952 	EXP 	polygon: opacity = 0.0
5.6952 	EXP 	displayPicture: image = 'C:\\Users\\Employee\\Google Drive\\UP\\MyResearch\\TaskProgramming\\AB_pic\\resources\\microphone01.jpg'
5.6952 	EXP 	polygon_2: opacity = 0.0
5.7115 	EXP 	polygon: opacity = 0.0
5.7115 	EXP 	displayPicture: image = 'C:\\Users\\Employee\\Google Drive\\UP\\MyResearch\\TaskProgramming\\AB_pic\\resources\\microphone01.jpg'
5.7115 	EXP 	polygon_2: opacity = 0.0
5.7452 	EXP 	polygon: opacity = 0.0
5.7452 	EXP 	displayPicture: image = 'C:\\Users\\Employee\\Google Drive\\UP\\MyResearch\\TaskProgramming\\AB_pic\\resources\\microphone01.jpg'
5.7452 	EXP 	polygon_2: opacity = 1.0
5.7785 	EXP 	polygon: opacity = 0.0
5.7785 	EXP 	displayPicture: image = 'C:\\Users\\Employee\\Google Drive\\UP\\MyResearch\\TaskProgramming\\AB_pic\\resources\\microphone01.jpg'
5.7785 	EXP 	polygon_2: opacity = 1.0
5.7948 	EXP 	polygon: opacity = 0.0
5.7948 	EXP 	displayPicture: image = 'C:\\Users\\Employee\\Google Drive\\UP\\MyResearch\\TaskProgramming\\AB_pic\\resources\\microphone01.jpg'
5.7948 	EXP 	polygon_2: opacity = 1.0
5.8285 	EXP 	polygon: opacity = 0.0
5.8285 	EXP 	displayPicture: image = 'C:\\Users\\Employee\\Google Drive\\UP\\MyResearch\\TaskProgramming\\AB_pic\\resources\\microphone01.jpg'
5.8285 	EXP 	polygon_2: opacity = 1.0
5.8619 	EXP 	polygon: opacity = 0.0
5.8619 	EXP 	displayPicture: image = 'C:\\Users\\Employee\\Google Drive\\UP\\MyResearch\\TaskProgramming\\AB_pic\\resources\\microphone01.jpg'
5.8619 	EXP 	polygon_2: opacity = 1.0
5.8782 	EXP 	polygon: opacity = 0.0
5.8782 	EXP 	displayPicture: image = 'C:\\Users\\Employee\\Google Drive\\UP\\MyResearch\\TaskProgramming\\AB_pic\\resources\\chair.jpg'
5.8782 	EXP 	polygon_2: opacity = 0.0
5.8952 	EXP 	polygon: opacity = 0.0
5.8952 	EXP 	displayPicture: image = 'C:\\Users\\Employee\\Google Drive\\UP\\MyResearch\\TaskProgramming\\AB_pic\\resources\\chair.jpg'
5.8952 	EXP 	polygon_2: opacity = 0.0
5.9118 	EXP 	polygon: opacity = 0.0
5.9118 	EXP 	displayPicture: image = 'C:\\Users\\Employee\\Google Drive\\UP\\MyResearch\\TaskProgramming\\AB_pic\\resources\\chair.jpg'
5.9118 	EXP 	polygon_2: opacity = 0.0
5.9285 	EXP 	polygon: opacity = 0.0
5.9285 	EXP 	displayPicture: image = 'C:\\Users\\Employee\\Google Drive\\UP\\MyResearch\\TaskProgramming\\AB_pic\\resources\\chair.jpg'
5.9285 	EXP 	polygon_2: opacity = 0.0
5.9619 	EXP 	polygon: opacity = 0.0
5.9619 	EXP 	displayPicture: image = 'C:\\Users\\Employee\\Google Drive\\UP\\MyResearch\\TaskProgramming\\AB_pic\\resources\\chair.jpg'
5.9619 	EXP 	polygon_2: opacity = 0.0
5.9785 	EXP 	polygon: opacity = 0.0
5.9785 	EXP 	displayPicture: image = 'C:\\Users\\Employee\\Google Drive\\UP\\MyResearch\\TaskProgramming\\AB_pic\\resources\\chair.jpg'
5.9785 	EXP 	polygon_2: opacity = 0.0
5.9952 	EXP 	polygon: opacity = 0.0
5.9952 	EXP 	displayPicture: image = 'C:\\Users\\Employee\\Google Drive\\UP\\MyResearch\\TaskProgramming\\AB_pic\\resources\\chair.jpg'
5.9952 	EXP 	polygon_2: opacity = 0.0
6.0121 	EXP 	polygon: opacity = 0.0
6.0121 	EXP 	displayPicture: image = 'C:\\Users\\Employee\\Google Drive\\UP\\MyResearch\\TaskProgramming\\AB_pic\\resources\\chair.jpg'
6.0121 	EXP 	polygon_2: opacity = 0.0
6.0452 	EXP 	polygon: opacity = 0.0
6.0452 	EXP 	displayPicture: image = 'C:\\Users\\Employee\\Google Drive\\UP\\MyResearch\\TaskProgramming\\AB_pic\\resources\\chair.jpg'
6.0452 	EXP 	polygon_2: opacity = 0.0
6.0619 	EXP 	polygon: opacity = 0.0
6.0619 	EXP 	displayPicture: image = 'C:\\Users\\Employee\\Google Drive\\UP\\MyResearch\\TaskProgramming\\AB_pic\\resources\\chair.jpg'
6.0619 	EXP 	polygon_2: opacity = 0.0
6.0952 	EXP 	polygon: opacity = 0.0
6.0952 	EXP 	displayPicture: image = 'C:\\Users\\Employee\\Google Drive\\UP\\MyResearch\\TaskProgramming\\AB_pic\\resources\\chair.jpg'
6.0952 	EXP 	polygon_2: opacity = 1.0
6.1119 	EXP 	polygon: opacity = 0.0
6.1119 	EXP 	displayPicture: image = 'C:\\Users\\Employee\\Google Drive\\UP\\MyResearch\\TaskProgramming\\AB_pic\\resources\\chair.jpg'
6.1119 	EXP 	polygon_2: opacity = 1.0
6.1286 	EXP 	polygon: opacity = 0.0
6.1286 	EXP 	displayPicture: image = 'C:\\Users\\Employee\\Google Drive\\UP\\MyResearch\\TaskProgramming\\AB_pic\\resources\\chair.jpg'
6.1286 	EXP 	polygon_2: opacity = 1.0
6.1618 	EXP 	polygon: opacity = 0.0
6.1618 	EXP 	displayPicture: image = 'C:\\Users\\Employee\\Google Drive\\UP\\MyResearch\\TaskProgramming\\AB_pic\\resources\\chair.jpg'
6.1618 	EXP 	polygon_2: opacity = 1.0
6.1786 	EXP 	polygon: opacity = 0.0
6.1786 	EXP 	displayPicture: image = 'C:\\Users\\Employee\\Google Drive\\UP\\MyResearch\\TaskProgramming\\AB_pic\\resources\\chair.jpg'
6.1786 	EXP 	polygon_2: opacity = 1.0
6.1952 	EXP 	polygon: opacity = 0.0
6.1952 	EXP 	displayPicture: image = 'C:\\Users\\Employee\\Google Drive\\UP\\MyResearch\\TaskProgramming\\AB_pic\\resources\\chair.jpg'
6.1952 	EXP 	polygon_2: opacity = 1.0
6.2118 	EXP 	polygon: opacity = 0.0
6.2118 	EXP 	displayPicture: image = 'C:\\Users\\Employee\\Google Drive\\UP\\MyResearch\\TaskProgramming\\AB_pic\\resources\\chair.jpg'
6.2118 	EXP 	polygon_2: opacity = 1.0
6.2454 	EXP 	polygon: opacity = 1.0
6.2454 	EXP 	displayPicture: image = 'C:\\Users\\Employee\\Google Drive\\UP\\MyResearch\\TaskProgramming\\AB_pic\\resources\\sledgehammer.jpg'
6.2454 	EXP 	polygon_2: opacity = 0.0
6.2619 	EXP 	polygon: opacity = 1.0
6.2619 	EXP 	displayPicture: image = 'C:\\Users\\Employee\\Google Drive\\UP\\MyResearch\\TaskProgramming\\AB_pic\\resources\\sledgehammer.jpg'
6.2619 	EXP 	polygon_2: opacity = 0.0
6.2785 	EXP 	polygon: opacity = 1.0
6.2785 	EXP 	displayPicture: image = 'C:\\Users\\Employee\\Google Drive\\UP\\MyResearch\\TaskProgramming\\AB_pic\\resources\\sledgehammer.jpg'
6.2785 	EXP 	polygon_2: opacity = 0.0
6.2952 	EXP 	polygon: opacity = 1.0
6.2952 	EXP 	displayPicture: image = 'C:\\Users\\Employee\\Google Drive\\UP\\MyResearch\\TaskProgramming\\AB_pic\\resources\\sledgehammer.jpg'
6.2952 	EXP 	polygon_2: opacity = 0.0
6.3119 	EXP 	polygon: opacity = 1.0
6.3119 	EXP 	displayPicture: image = 'C:\\Users\\Employee\\Google Drive\\UP\\MyResearch\\TaskProgramming\\AB_pic\\resources\\sledgehammer.jpg'
6.3119 	EXP 	polygon_2: opacity = 0.0
6.3285 	EXP 	polygon: opacity = 1.0
6.3285 	EXP 	displayPicture: image = 'C:\\Users\\Employee\\Google Drive\\UP\\MyResearch\\TaskProgramming\\AB_pic\\resources\\sledgehammer.jpg'
6.3285 	EXP 	polygon_2: opacity = 0.0
6.3451 	EXP 	polygon: opacity = 1.0
6.3451 	EXP 	displayPicture: image = 'C:\\Users\\Employee\\Google Drive\\UP\\MyResearch\\TaskProgramming\\AB_pic\\resources\\sledgehammer.jpg'
6.3451 	EXP 	polygon_2: opacity = 0.0
6.3619 	EXP 	polygon: opacity = 1.0
6.3619 	EXP 	displayPicture: image = 'C:\\Users\\Employee\\Google Drive\\UP\\MyResearch\\TaskProgramming\\AB_pic\\resources\\sledgehammer.jpg'
6.3619 	EXP 	polygon_2: opacity = 0.0
6.3952 	EXP 	polygon: opacity = 1.0
6.3952 	EXP 	displayPicture: image = 'C:\\Users\\Employee\\Google Drive\\UP\\MyResearch\\TaskProgramming\\AB_pic\\resources\\sledgehammer.jpg'
6.3952 	EXP 	polygon_2: opacity = 0.0
6.4118 	EXP 	polygon: opacity = 1.0
6.4118 	EXP 	displayPicture: image = 'C:\\Users\\Employee\\Google Drive\\UP\\MyResearch\\TaskProgramming\\AB_pic\\resources\\sledgehammer.jpg'
6.4118 	EXP 	polygon_2: opacity = 0.0
6.4451 	EXP 	polygon: opacity = 1.0
6.4451 	EXP 	displayPicture: image = 'C:\\Users\\Employee\\Google Drive\\UP\\MyResearch\\TaskProgramming\\AB_pic\\resources\\sledgehammer.jpg'
6.4451 	EXP 	polygon_2: opacity = 1.0
6.4618 	EXP 	polygon: opacity = 1.0
6.4618 	EXP 	displayPicture: image = 'C:\\Users\\Employee\\Google Drive\\UP\\MyResearch\\TaskProgramming\\AB_pic\\resources\\sledgehammer.jpg'
6.4618 	EXP 	polygon_2: opacity = 1.0
6.4952 	EXP 	polygon: opacity = 1.0
6.4952 	EXP 	displayPicture: image = 'C:\\Users\\Employee\\Google Drive\\UP\\MyResearch\\TaskProgramming\\AB_pic\\resources\\sledgehammer.jpg'
6.4952 	EXP 	polygon_2: opacity = 1.0
6.5119 	EXP 	polygon: opacity = 1.0
6.5119 	EXP 	displayPicture: image = 'C:\\Users\\Employee\\Google Drive\\UP\\MyResearch\\TaskProgramming\\AB_pic\\resources\\sledgehammer.jpg'
6.5119 	EXP 	polygon_2: opacity = 1.0
6.5452 	EXP 	polygon: opacity = 1.0
6.5452 	EXP 	displayPicture: image = 'C:\\Users\\Employee\\Google Drive\\UP\\MyResearch\\TaskProgramming\\AB_pic\\resources\\sledgehammer.jpg'
6.5452 	EXP 	polygon_2: opacity = 1.0
6.5618 	EXP 	polygon: opacity = 1.0
6.5618 	EXP 	displayPicture: image = 'C:\\Users\\Employee\\Google Drive\\UP\\MyResearch\\TaskProgramming\\AB_pic\\resources\\sledgehammer.jpg'
6.5618 	EXP 	polygon_2: opacity = 1.0
6.5952 	EXP 	polygon: opacity = 0.0
6.5952 	EXP 	displayPicture: image = 'C:\\Users\\Employee\\Google Drive\\UP\\MyResearch\\TaskProgramming\\AB_pic\\resources\\telescope.jpg'
6.5952 	EXP 	polygon_2: opacity = 0.0
6.6118 	EXP 	polygon: opacity = 0.0
6.6118 	EXP 	displayPicture: image = 'C:\\Users\\Employee\\Google Drive\\UP\\MyResearch\\TaskProgramming\\AB_pic\\resources\\telescope.jpg'
6.6118 	EXP 	polygon_2: opacity = 0.0
6.6451 	EXP 	polygon: opacity = 0.0
6.6451 	EXP 	displayPicture: image = 'C:\\Users\\Employee\\Google Drive\\UP\\MyResearch\\TaskProgramming\\AB_pic\\resources\\telescope.jpg'
6.6451 	EXP 	polygon_2: opacity = 0.0
6.6618 	EXP 	polygon: opacity = 0.0
6.6618 	EXP 	displayPicture: image = 'C:\\Users\\Employee\\Google Drive\\UP\\MyResearch\\TaskProgramming\\AB_pic\\resources\\telescope.jpg'
6.6618 	EXP 	polygon_2: opacity = 0.0
6.6951 	EXP 	polygon: opacity = 0.0
6.6951 	EXP 	displayPicture: image = 'C:\\Users\\Employee\\Google Drive\\UP\\MyResearch\\TaskProgramming\\AB_pic\\resources\\telescope.jpg'
6.6951 	EXP 	polygon_2: opacity = 0.0
6.7118 	EXP 	polygon: opacity = 0.0
6.7118 	EXP 	displayPicture: image = 'C:\\Users\\Employee\\Google Drive\\UP\\MyResearch\\TaskProgramming\\AB_pic\\resources\\telescope.jpg'
6.7118 	EXP 	polygon_2: opacity = 0.0
6.7451 	EXP 	polygon: opacity = 0.0
6.7451 	EXP 	displayPicture: image = 'C:\\Users\\Employee\\Google Drive\\UP\\MyResearch\\TaskProgramming\\AB_pic\\resources\\telescope.jpg'
6.7451 	EXP 	polygon_2: opacity = 0.0
6.7618 	EXP 	polygon: opacity = 0.0
6.7618 	EXP 	displayPicture: image = 'C:\\Users\\Employee\\Google Drive\\UP\\MyResearch\\TaskProgramming\\AB_pic\\resources\\telescope.jpg'
6.7618 	EXP 	polygon_2: opacity = 0.0
6.7951 	EXP 	polygon: opacity = 0.0
6.7951 	EXP 	displayPicture: image = 'C:\\Users\\Employee\\Google Drive\\UP\\MyResearch\\TaskProgramming\\AB_pic\\resources\\telescope.jpg'
6.7951 	EXP 	polygon_2: opacity = 1.0
6.8285 	EXP 	polygon: opacity = 0.0
6.8285 	EXP 	displayPicture: image = 'C:\\Users\\Employee\\Google Drive\\UP\\MyResearch\\TaskProgramming\\AB_pic\\resources\\telescope.jpg'
6.8285 	EXP 	polygon_2: opacity = 1.0
6.8618 	EXP 	polygon: opacity = 0.0
6.8618 	EXP 	displayPicture: image = 'C:\\Users\\Employee\\Google Drive\\UP\\MyResearch\\TaskProgramming\\AB_pic\\resources\\telescope.jpg'
6.8618 	EXP 	polygon_2: opacity = 1.0
6.8784 	EXP 	polygon: opacity = 0.0
6.8784 	EXP 	displayPicture: image = 'C:\\Users\\Employee\\Google Drive\\UP\\MyResearch\\TaskProgramming\\AB_pic\\resources\\telescope.jpg'
6.8784 	EXP 	polygon_2: opacity = 1.0
6.8952 	EXP 	polygon: opacity = 0.0
6.8952 	EXP 	displayPicture: image = 'C:\\Users\\Employee\\Google Drive\\UP\\MyResearch\\TaskProgramming\\AB_pic\\resources\\telescope.jpg'
6.8952 	EXP 	polygon_2: opacity = 1.0
6.9285 	EXP 	polygon: opacity = 0.0
6.9285 	EXP 	displayPicture: image = 'C:\\Users\\Employee\\Google Drive\\UP\\MyResearch\\TaskProgramming\\AB_pic\\resources\\telescope.jpg'
6.9285 	EXP 	polygon_2: opacity = 1.0
6.9451 	EXP 	polygon: opacity = 0.0
6.9451 	EXP 	displayPicture: image = 'C:\\Users\\Employee\\Google Drive\\UP\\MyResearch\\TaskProgramming\\AB_pic\\resources\\bridge.jpg'
6.9451 	EXP 	polygon_2: opacity = 0.0
6.9618 	EXP 	polygon: opacity = 0.0
6.9618 	EXP 	displayPicture: image = 'C:\\Users\\Employee\\Google Drive\\UP\\MyResearch\\TaskProgramming\\AB_pic\\resources\\bridge.jpg'
6.9618 	EXP 	polygon_2: opacity = 0.0
6.9784 	EXP 	polygon: opacity = 0.0
6.9784 	EXP 	displayPicture: image = 'C:\\Users\\Employee\\Google Drive\\UP\\MyResearch\\TaskProgramming\\AB_pic\\resources\\bridge.jpg'
6.9784 	EXP 	polygon_2: opacity = 0.0
6.9951 	EXP 	polygon: opacity = 0.0
6.9951 	EXP 	displayPicture: image = 'C:\\Users\\Employee\\Google Drive\\UP\\MyResearch\\TaskProgramming\\AB_pic\\resources\\bridge.jpg'
6.9951 	EXP 	polygon_2: opacity = 0.0
7.0118 	EXP 	polygon: opacity = 0.0
7.0118 	EXP 	displayPicture: image = 'C:\\Users\\Employee\\Google Drive\\UP\\MyResearch\\TaskProgramming\\AB_pic\\resources\\bridge.jpg'
7.0118 	EXP 	polygon_2: opacity = 0.0
7.0285 	EXP 	polygon: opacity = 0.0
7.0285 	EXP 	displayPicture: image = 'C:\\Users\\Employee\\Google Drive\\UP\\MyResearch\\TaskProgramming\\AB_pic\\resources\\bridge.jpg'
7.0285 	EXP 	polygon_2: opacity = 0.0
7.0451 	EXP 	polygon: opacity = 0.0
7.0451 	EXP 	displayPicture: image = 'C:\\Users\\Employee\\Google Drive\\UP\\MyResearch\\TaskProgramming\\AB_pic\\resources\\bridge.jpg'
7.0451 	EXP 	polygon_2: opacity = 0.0
7.0618 	EXP 	polygon: opacity = 0.0
7.0618 	EXP 	displayPicture: image = 'C:\\Users\\Employee\\Google Drive\\UP\\MyResearch\\TaskProgramming\\AB_pic\\resources\\bridge.jpg'
7.0618 	EXP 	polygon_2: opacity = 0.0
7.0785 	EXP 	polygon: opacity = 0.0
7.0785 	EXP 	displayPicture: image = 'C:\\Users\\Employee\\Google Drive\\UP\\MyResearch\\TaskProgramming\\AB_pic\\resources\\bridge.jpg'
7.0785 	EXP 	polygon_2: opacity = 0.0
7.1118 	EXP 	polygon: opacity = 0.0
7.1118 	EXP 	displayPicture: image = 'C:\\Users\\Employee\\Google Drive\\UP\\MyResearch\\TaskProgramming\\AB_pic\\resources\\bridge.jpg'
7.1118 	EXP 	polygon_2: opacity = 0.0
7.1285 	EXP 	polygon: opacity = 0.0
7.1285 	EXP 	displayPicture: image = 'C:\\Users\\Employee\\Google Drive\\UP\\MyResearch\\TaskProgramming\\AB_pic\\resources\\bridge.jpg'
7.1285 	EXP 	polygon_2: opacity = 1.0
7.1618 	EXP 	polygon: opacity = 0.0
7.1618 	EXP 	displayPicture: image = 'C:\\Users\\Employee\\Google Drive\\UP\\MyResearch\\TaskProgramming\\AB_pic\\resources\\bridge.jpg'
7.1618 	EXP 	polygon_2: opacity = 1.0
7.1951 	EXP 	polygon: opacity = 0.0
7.1951 	EXP 	displayPicture: image = 'C:\\Users\\Employee\\Google Drive\\UP\\MyResearch\\TaskProgramming\\AB_pic\\resources\\bridge.jpg'
7.1951 	EXP 	polygon_2: opacity = 1.0
7.2118 	EXP 	polygon: opacity = 0.0
7.2118 	EXP 	displayPicture: image = 'C:\\Users\\Employee\\Google Drive\\UP\\MyResearch\\TaskProgramming\\AB_pic\\resources\\bridge.jpg'
7.2118 	EXP 	polygon_2: opacity = 1.0
7.2284 	EXP 	polygon: opacity = 0.0
7.2284 	EXP 	displayPicture: image = 'C:\\Users\\Employee\\Google Drive\\UP\\MyResearch\\TaskProgramming\\AB_pic\\resources\\bridge.jpg'
7.2284 	EXP 	polygon_2: opacity = 1.0
7.2618 	EXP 	polygon: opacity = 0.0
7.2618 	EXP 	displayPicture: image = 'C:\\Users\\Employee\\Google Drive\\UP\\MyResearch\\TaskProgramming\\AB_pic\\resources\\bridge.jpg'
7.2618 	EXP 	polygon_2: opacity = 1.0
7.2785 	EXP 	polygon: opacity = 0.0
7.2785 	EXP 	displayPicture: image = 'C:\\Users\\Employee\\Google Drive\\UP\\MyResearch\\TaskProgramming\\AB_pic\\resources\\witchhat.jpg'
7.2785 	EXP 	polygon_2: opacity = 0.0
7.2951 	EXP 	polygon: opacity = 0.0
7.2951 	EXP 	displayPicture: image = 'C:\\Users\\Employee\\Google Drive\\UP\\MyResearch\\TaskProgramming\\AB_pic\\resources\\witchhat.jpg'
7.2951 	EXP 	polygon_2: opacity = 0.0
7.3118 	EXP 	polygon: opacity = 0.0
7.3118 	EXP 	displayPicture: image = 'C:\\Users\\Employee\\Google Drive\\UP\\MyResearch\\TaskProgramming\\AB_pic\\resources\\witchhat.jpg'
7.3118 	EXP 	polygon_2: opacity = 0.0
7.3285 	EXP 	polygon: opacity = 0.0
7.3285 	EXP 	displayPicture: image = 'C:\\Users\\Employee\\Google Drive\\UP\\MyResearch\\TaskProgramming\\AB_pic\\resources\\witchhat.jpg'
7.3285 	EXP 	polygon_2: opacity = 0.0
7.3451 	EXP 	polygon: opacity = 0.0
7.3451 	EXP 	displayPicture: image = 'C:\\Users\\Employee\\Google Drive\\UP\\MyResearch\\TaskProgramming\\AB_pic\\resources\\witchhat.jpg'
7.3451 	EXP 	polygon_2: opacity = 0.0
7.3618 	EXP 	polygon: opacity = 0.0
7.3618 	EXP 	displayPicture: image = 'C:\\Users\\Employee\\Google Drive\\UP\\MyResearch\\TaskProgramming\\AB_pic\\resources\\witchhat.jpg'
7.3618 	EXP 	polygon_2: opacity = 0.0
7.3785 	EXP 	polygon: opacity = 0.0
7.3785 	EXP 	displayPicture: image = 'C:\\Users\\Employee\\Google Drive\\UP\\MyResearch\\TaskProgramming\\AB_pic\\resources\\witchhat.jpg'
7.3785 	EXP 	polygon_2: opacity = 0.0
7.3951 	EXP 	polygon: opacity = 0.0
7.3951 	EXP 	displayPicture: image = 'C:\\Users\\Employee\\Google Drive\\UP\\MyResearch\\TaskProgramming\\AB_pic\\resources\\witchhat.jpg'
7.3951 	EXP 	polygon_2: opacity = 0.0
7.4117 	EXP 	polygon: opacity = 0.0
7.4117 	EXP 	displayPicture: image = 'C:\\Users\\Employee\\Google Drive\\UP\\MyResearch\\TaskProgramming\\AB_pic\\resources\\witchhat.jpg'
7.4117 	EXP 	polygon_2: opacity = 0.0
7.4284 	EXP 	polygon: opacity = 0.0
7.4284 	EXP 	displayPicture: image = 'C:\\Users\\Employee\\Google Drive\\UP\\MyResearch\\TaskProgramming\\AB_pic\\resources\\witchhat.jpg'
7.4284 	EXP 	polygon_2: opacity = 0.0
7.4450 	EXP 	polygon: opacity = 0.0
7.4450 	EXP 	displayPicture: image = 'C:\\Users\\Employee\\Google Drive\\UP\\MyResearch\\TaskProgramming\\AB_pic\\resources\\witchhat.jpg'
7.4450 	EXP 	polygon_2: opacity = 0.0
7.4617 	EXP 	polygon: opacity = 0.0
7.4617 	EXP 	displayPicture: image = 'C:\\Users\\Employee\\Google Drive\\UP\\MyResearch\\TaskProgramming\\AB_pic\\resources\\witchhat.jpg'
7.4617 	EXP 	polygon_2: opacity = 0.0
7.4784 	EXP 	polygon: opacity = 0.0
7.4784 	EXP 	displayPicture: image = 'C:\\Users\\Employee\\Google Drive\\UP\\MyResearch\\TaskProgramming\\AB_pic\\resources\\witchhat.jpg'
7.4784 	EXP 	polygon_2: opacity = 1.0
7.4951 	EXP 	polygon: opacity = 0.0
7.4951 	EXP 	displayPicture: image = 'C:\\Users\\Employee\\Google Drive\\UP\\MyResearch\\TaskProgramming\\AB_pic\\resources\\witchhat.jpg'
7.4951 	EXP 	polygon_2: opacity = 1.0
7.5117 	EXP 	polygon: opacity = 0.0
7.5117 	EXP 	displayPicture: image = 'C:\\Users\\Employee\\Google Drive\\UP\\MyResearch\\TaskProgramming\\AB_pic\\resources\\witchhat.jpg'
7.5117 	EXP 	polygon_2: opacity = 1.0
7.5284 	EXP 	polygon: opacity = 0.0
7.5284 	EXP 	displayPicture: image = 'C:\\Users\\Employee\\Google Drive\\UP\\MyResearch\\TaskProgramming\\AB_pic\\resources\\witchhat.jpg'
7.5284 	EXP 	polygon_2: opacity = 1.0
7.5450 	EXP 	polygon: opacity = 0.0
7.5450 	EXP 	displayPicture: image = 'C:\\Users\\Employee\\Google Drive\\UP\\MyResearch\\TaskProgramming\\AB_pic\\resources\\witchhat.jpg'
7.5450 	EXP 	polygon_2: opacity = 1.0
7.5617 	EXP 	polygon: opacity = 0.0
7.5617 	EXP 	displayPicture: image = 'C:\\Users\\Employee\\Google Drive\\UP\\MyResearch\\TaskProgramming\\AB_pic\\resources\\witchhat.jpg'
7.5617 	EXP 	polygon_2: opacity = 1.0
7.5784 	EXP 	polygon: opacity = 0.0
7.5784 	EXP 	displayPicture: image = 'C:\\Users\\Employee\\Google Drive\\UP\\MyResearch\\TaskProgramming\\AB_pic\\resources\\witchhat.jpg'
7.5784 	EXP 	polygon_2: opacity = 1.0
7.5950 	EXP 	polygon: opacity = 0.0
7.5950 	EXP 	displayPicture: image = 'C:\\Users\\Employee\\Google Drive\\UP\\MyResearch\\TaskProgramming\\AB_pic\\resources\\witchhat.jpg'
7.5950 	EXP 	polygon_2: opacity = 1.0
7.6117 	EXP 	polygon: opacity = 0.0
7.6117 	EXP 	displayPicture: image = 'C:\\Users\\Employee\\Google Drive\\UP\\MyResearch\\TaskProgramming\\AB_pic\\resources\\witchhat.jpg'
7.6117 	EXP 	polygon_2: opacity = 1.0
7.6284 	EXP 	polygon: opacity = 0.0
7.6284 	EXP 	displayPicture: image = 'C:\\Users\\Employee\\Google Drive\\UP\\MyResearch\\TaskProgramming\\AB_pic\\resources\\kangaroo.jpg'
7.6284 	EXP 	polygon_2: opacity = 0.0
7.6450 	EXP 	polygon: opacity = 0.0
7.6450 	EXP 	displayPicture: image = 'C:\\Users\\Employee\\Google Drive\\UP\\MyResearch\\TaskProgramming\\AB_pic\\resources\\kangaroo.jpg'
7.6450 	EXP 	polygon_2: opacity = 0.0
7.6617 	EXP 	polygon: opacity = 0.0
7.6617 	EXP 	displayPicture: image = 'C:\\Users\\Employee\\Google Drive\\UP\\MyResearch\\TaskProgramming\\AB_pic\\resources\\kangaroo.jpg'
7.6617 	EXP 	polygon_2: opacity = 0.0
7.6784 	EXP 	polygon: opacity = 0.0
7.6784 	EXP 	displayPicture: image = 'C:\\Users\\Employee\\Google Drive\\UP\\MyResearch\\TaskProgramming\\AB_pic\\resources\\kangaroo.jpg'
7.6784 	EXP 	polygon_2: opacity = 0.0
7.6950 	EXP 	polygon: opacity = 0.0
7.6950 	EXP 	displayPicture: image = 'C:\\Users\\Employee\\Google Drive\\UP\\MyResearch\\TaskProgramming\\AB_pic\\resources\\kangaroo.jpg'
7.6950 	EXP 	polygon_2: opacity = 0.0
7.7117 	EXP 	polygon: opacity = 0.0
7.7117 	EXP 	displayPicture: image = 'C:\\Users\\Employee\\Google Drive\\UP\\MyResearch\\TaskProgramming\\AB_pic\\resources\\kangaroo.jpg'
7.7117 	EXP 	polygon_2: opacity = 0.0
7.7284 	EXP 	polygon: opacity = 0.0
7.7284 	EXP 	displayPicture: image = 'C:\\Users\\Employee\\Google Drive\\UP\\MyResearch\\TaskProgramming\\AB_pic\\resources\\kangaroo.jpg'
7.7284 	EXP 	polygon_2: opacity = 0.0
7.7450 	EXP 	polygon: opacity = 0.0
7.7450 	EXP 	displayPicture: image = 'C:\\Users\\Employee\\Google Drive\\UP\\MyResearch\\TaskProgramming\\AB_pic\\resources\\kangaroo.jpg'
7.7450 	EXP 	polygon_2: opacity = 0.0
7.7617 	EXP 	polygon: opacity = 0.0
7.7617 	EXP 	displayPicture: image = 'C:\\Users\\Employee\\Google Drive\\UP\\MyResearch\\TaskProgramming\\AB_pic\\resources\\kangaroo.jpg'
7.7617 	EXP 	polygon_2: opacity = 0.0
7.7784 	EXP 	polygon: opacity = 0.0
7.7784 	EXP 	displayPicture: image = 'C:\\Users\\Employee\\Google Drive\\UP\\MyResearch\\TaskProgramming\\AB_pic\\resources\\kangaroo.jpg'
7.7784 	EXP 	polygon_2: opacity = 0.0
7.7950 	EXP 	polygon: opacity = 0.0
7.7950 	EXP 	displayPicture: image = 'C:\\Users\\Employee\\Google Drive\\UP\\MyResearch\\TaskProgramming\\AB_pic\\resources\\kangaroo.jpg'
7.7950 	EXP 	polygon_2: opacity = 0.0
7.8117 	EXP 	polygon: opacity = 0.0
7.8117 	EXP 	displayPicture: image = 'C:\\Users\\Employee\\Google Drive\\UP\\MyResearch\\TaskProgramming\\AB_pic\\resources\\kangaroo.jpg'
7.8117 	EXP 	polygon_2: opacity = 0.0
7.8284 	EXP 	polygon: opacity = 0.0
7.8284 	EXP 	displayPicture: image = 'C:\\Users\\Employee\\Google Drive\\UP\\MyResearch\\TaskProgramming\\AB_pic\\resources\\kangaroo.jpg'
7.8284 	EXP 	polygon_2: opacity = 1.0
7.8450 	EXP 	polygon: opacity = 0.0
7.8450 	EXP 	displayPicture: image = 'C:\\Users\\Employee\\Google Drive\\UP\\MyResearch\\TaskProgramming\\AB_pic\\resources\\kangaroo.jpg'
7.8450 	EXP 	polygon_2: opacity = 1.0
7.8617 	EXP 	polygon: opacity = 0.0
7.8617 	EXP 	displayPicture: image = 'C:\\Users\\Employee\\Google Drive\\UP\\MyResearch\\TaskProgramming\\AB_pic\\resources\\kangaroo.jpg'
7.8617 	EXP 	polygon_2: opacity = 1.0
7.8780 	EXP 	polygon: opacity = 0.0
7.8780 	EXP 	displayPicture: image = 'C:\\Users\\Employee\\Google Drive\\UP\\MyResearch\\TaskProgramming\\AB_pic\\resources\\kangaroo.jpg'
7.8780 	EXP 	polygon_2: opacity = 1.0
7.8947 	EXP 	polygon: opacity = 0.0
7.8947 	EXP 	displayPicture: image = 'C:\\Users\\Employee\\Google Drive\\UP\\MyResearch\\TaskProgramming\\AB_pic\\resources\\kangaroo.jpg'
7.8947 	EXP 	polygon_2: opacity = 1.0
7.9113 	EXP 	polygon: opacity = 0.0
7.9113 	EXP 	displayPicture: image = 'C:\\Users\\Employee\\Google Drive\\UP\\MyResearch\\TaskProgramming\\AB_pic\\resources\\kangaroo.jpg'
7.9113 	EXP 	polygon_2: opacity = 1.0
7.9280 	EXP 	polygon: opacity = 0.0
7.9280 	EXP 	displayPicture: image = 'C:\\Users\\Employee\\Google Drive\\UP\\MyResearch\\TaskProgramming\\AB_pic\\resources\\kangaroo.jpg'
7.9280 	EXP 	polygon_2: opacity = 1.0
7.9447 	EXP 	polygon: opacity = 0.0
7.9447 	EXP 	displayPicture: image = 'C:\\Users\\Employee\\Google Drive\\UP\\MyResearch\\TaskProgramming\\AB_pic\\resources\\kangaroo.jpg'
7.9447 	EXP 	polygon_2: opacity = 1.0
7.9613 	EXP 	polygon: opacity = 0.0
7.9613 	EXP 	displayPicture: image = 'C:\\Users\\Employee\\Google Drive\\UP\\MyResearch\\TaskProgramming\\AB_pic\\resources\\kangaroo.jpg'
7.9613 	EXP 	polygon_2: opacity = 1.0
7.9780 	EXP 	polygon: opacity = 1.0
7.9780 	EXP 	displayPicture: image = 'C:\\Users\\Employee\\Google Drive\\UP\\MyResearch\\TaskProgramming\\AB_pic\\resources\\drumstick.jpg'
7.9780 	EXP 	polygon_2: opacity = 0.0
7.9947 	EXP 	polygon: opacity = 1.0
7.9947 	EXP 	displayPicture: image = 'C:\\Users\\Employee\\Google Drive\\UP\\MyResearch\\TaskProgramming\\AB_pic\\resources\\drumstick.jpg'
7.9947 	EXP 	polygon_2: opacity = 0.0
8.0113 	EXP 	polygon: opacity = 1.0
8.0113 	EXP 	displayPicture: image = 'C:\\Users\\Employee\\Google Drive\\UP\\MyResearch\\TaskProgramming\\AB_pic\\resources\\drumstick.jpg'
8.0113 	EXP 	polygon_2: opacity = 0.0
8.0280 	EXP 	polygon: opacity = 1.0
8.0280 	EXP 	displayPicture: image = 'C:\\Users\\Employee\\Google Drive\\UP\\MyResearch\\TaskProgramming\\AB_pic\\resources\\drumstick.jpg'
8.0280 	EXP 	polygon_2: opacity = 0.0
8.0447 	EXP 	polygon: opacity = 1.0
8.0447 	EXP 	displayPicture: image = 'C:\\Users\\Employee\\Google Drive\\UP\\MyResearch\\TaskProgramming\\AB_pic\\resources\\drumstick.jpg'
8.0447 	EXP 	polygon_2: opacity = 0.0
8.0613 	EXP 	polygon: opacity = 1.0
8.0613 	EXP 	displayPicture: image = 'C:\\Users\\Employee\\Google Drive\\UP\\MyResearch\\TaskProgramming\\AB_pic\\resources\\drumstick.jpg'
8.0613 	EXP 	polygon_2: opacity = 0.0
8.0780 	EXP 	polygon: opacity = 1.0
8.0780 	EXP 	displayPicture: image = 'C:\\Users\\Employee\\Google Drive\\UP\\MyResearch\\TaskProgramming\\AB_pic\\resources\\drumstick.jpg'
8.0780 	EXP 	polygon_2: opacity = 0.0
8.0947 	EXP 	polygon: opacity = 1.0
8.0947 	EXP 	displayPicture: image = 'C:\\Users\\Employee\\Google Drive\\UP\\MyResearch\\TaskProgramming\\AB_pic\\resources\\drumstick.jpg'
8.0947 	EXP 	polygon_2: opacity = 0.0
8.1113 	EXP 	polygon: opacity = 1.0
8.1113 	EXP 	displayPicture: image = 'C:\\Users\\Employee\\Google Drive\\UP\\MyResearch\\TaskProgramming\\AB_pic\\resources\\drumstick.jpg'
8.1113 	EXP 	polygon_2: opacity = 0.0
8.1280 	EXP 	polygon: opacity = 1.0
8.1280 	EXP 	displayPicture: image = 'C:\\Users\\Employee\\Google Drive\\UP\\MyResearch\\TaskProgramming\\AB_pic\\resources\\drumstick.jpg'
8.1280 	EXP 	polygon_2: opacity = 0.0
8.1447 	EXP 	polygon: opacity = 1.0
8.1447 	EXP 	displayPicture: image = 'C:\\Users\\Employee\\Google Drive\\UP\\MyResearch\\TaskProgramming\\AB_pic\\resources\\drumstick.jpg'
8.1447 	EXP 	polygon_2: opacity = 0.0
8.1614 	EXP 	polygon: opacity = 1.0
8.1614 	EXP 	displayPicture: image = 'C:\\Users\\Employee\\Google Drive\\UP\\MyResearch\\TaskProgramming\\AB_pic\\resources\\drumstick.jpg'
8.1614 	EXP 	polygon_2: opacity = 0.0
8.1780 	EXP 	polygon: opacity = 1.0
8.1780 	EXP 	displayPicture: image = 'C:\\Users\\Employee\\Google Drive\\UP\\MyResearch\\TaskProgramming\\AB_pic\\resources\\drumstick.jpg'
8.1780 	EXP 	polygon_2: opacity = 1.0
8.1947 	EXP 	polygon: opacity = 1.0
8.1947 	EXP 	displayPicture: image = 'C:\\Users\\Employee\\Google Drive\\UP\\MyResearch\\TaskProgramming\\AB_pic\\resources\\drumstick.jpg'
8.1947 	EXP 	polygon_2: opacity = 1.0
8.2113 	EXP 	polygon: opacity = 1.0
8.2113 	EXP 	displayPicture: image = 'C:\\Users\\Employee\\Google Drive\\UP\\MyResearch\\TaskProgramming\\AB_pic\\resources\\drumstick.jpg'
8.2113 	EXP 	polygon_2: opacity = 1.0
8.2280 	EXP 	polygon: opacity = 1.0
8.2280 	EXP 	displayPicture: image = 'C:\\Users\\Employee\\Google Drive\\UP\\MyResearch\\TaskProgramming\\AB_pic\\resources\\drumstick.jpg'
8.2280 	EXP 	polygon_2: opacity = 1.0
8.2446 	EXP 	polygon: opacity = 1.0
8.2446 	EXP 	displayPicture: image = 'C:\\Users\\Employee\\Google Drive\\UP\\MyResearch\\TaskProgramming\\AB_pic\\resources\\drumstick.jpg'
8.2446 	EXP 	polygon_2: opacity = 1.0
8.2613 	EXP 	polygon: opacity = 1.0
8.2613 	EXP 	displayPicture: image = 'C:\\Users\\Employee\\Google Drive\\UP\\MyResearch\\TaskProgramming\\AB_pic\\resources\\drumstick.jpg'
8.2613 	EXP 	polygon_2: opacity = 1.0
8.2780 	EXP 	polygon: opacity = 1.0
8.2780 	EXP 	displayPicture: image = 'C:\\Users\\Employee\\Google Drive\\UP\\MyResearch\\TaskProgramming\\AB_pic\\resources\\drumstick.jpg'
8.2780 	EXP 	polygon_2: opacity = 1.0
8.2946 	EXP 	polygon: opacity = 1.0
8.2946 	EXP 	displayPicture: image = 'C:\\Users\\Employee\\Google Drive\\UP\\MyResearch\\TaskProgramming\\AB_pic\\resources\\drumstick.jpg'
8.2946 	EXP 	polygon_2: opacity = 1.0
8.3113 	EXP 	polygon: opacity = 1.0
8.3113 	EXP 	displayPicture: image = 'C:\\Users\\Employee\\Google Drive\\UP\\MyResearch\\TaskProgramming\\AB_pic\\resources\\drumstick.jpg'
8.3113 	EXP 	polygon_2: opacity = 1.0
8.3280 	EXP 	polygon: opacity = 0.0
8.3280 	EXP 	displayPicture: image = 'C:\\Users\\Employee\\Google Drive\\UP\\MyResearch\\TaskProgramming\\AB_pic\\resources\\spear02.jpg'
8.3280 	EXP 	polygon_2: opacity = 0.0
8.3446 	EXP 	polygon: opacity = 0.0
8.3446 	EXP 	displayPicture: image = 'C:\\Users\\Employee\\Google Drive\\UP\\MyResearch\\TaskProgramming\\AB_pic\\resources\\spear02.jpg'
8.3446 	EXP 	polygon_2: opacity = 0.0
8.3613 	EXP 	polygon: opacity = 0.0
8.3613 	EXP 	displayPicture: image = 'C:\\Users\\Employee\\Google Drive\\UP\\MyResearch\\TaskProgramming\\AB_pic\\resources\\spear02.jpg'
8.3613 	EXP 	polygon_2: opacity = 0.0
8.3780 	EXP 	polygon: opacity = 0.0
8.3780 	EXP 	displayPicture: image = 'C:\\Users\\Employee\\Google Drive\\UP\\MyResearch\\TaskProgramming\\AB_pic\\resources\\spear02.jpg'
8.3780 	EXP 	polygon_2: opacity = 0.0
8.3946 	EXP 	polygon: opacity = 0.0
8.3946 	EXP 	displayPicture: image = 'C:\\Users\\Employee\\Google Drive\\UP\\MyResearch\\TaskProgramming\\AB_pic\\resources\\spear02.jpg'
8.3946 	EXP 	polygon_2: opacity = 0.0
8.4113 	EXP 	polygon: opacity = 0.0
8.4113 	EXP 	displayPicture: image = 'C:\\Users\\Employee\\Google Drive\\UP\\MyResearch\\TaskProgramming\\AB_pic\\resources\\spear02.jpg'
8.4113 	EXP 	polygon_2: opacity = 0.0
8.4280 	EXP 	polygon: opacity = 0.0
8.4280 	EXP 	displayPicture: image = 'C:\\Users\\Employee\\Google Drive\\UP\\MyResearch\\TaskProgramming\\AB_pic\\resources\\spear02.jpg'
8.4280 	EXP 	polygon_2: opacity = 0.0
8.4446 	EXP 	polygon: opacity = 0.0
8.4446 	EXP 	displayPicture: image = 'C:\\Users\\Employee\\Google Drive\\UP\\MyResearch\\TaskProgramming\\AB_pic\\resources\\spear02.jpg'
8.4446 	EXP 	polygon_2: opacity = 0.0
8.4613 	EXP 	polygon: opacity = 0.0
8.4613 	EXP 	displayPicture: image = 'C:\\Users\\Employee\\Google Drive\\UP\\MyResearch\\TaskProgramming\\AB_pic\\resources\\spear02.jpg'
8.4613 	EXP 	polygon_2: opacity = 0.0
8.4780 	EXP 	polygon: opacity = 0.0
8.4780 	EXP 	displayPicture: image = 'C:\\Users\\Employee\\Google Drive\\UP\\MyResearch\\TaskProgramming\\AB_pic\\resources\\spear02.jpg'
8.4780 	EXP 	polygon_2: opacity = 0.0
8.4947 	EXP 	polygon: opacity = 0.0
8.4947 	EXP 	displayPicture: image = 'C:\\Users\\Employee\\Google Drive\\UP\\MyResearch\\TaskProgramming\\AB_pic\\resources\\spear02.jpg'
8.4947 	EXP 	polygon_2: opacity = 0.0
8.5113 	EXP 	polygon: opacity = 0.0
8.5113 	EXP 	displayPicture: image = 'C:\\Users\\Employee\\Google Drive\\UP\\MyResearch\\TaskProgramming\\AB_pic\\resources\\spear02.jpg'
8.5113 	EXP 	polygon_2: opacity = 0.0
8.5280 	EXP 	polygon: opacity = 0.0
8.5280 	EXP 	displayPicture: image = 'C:\\Users\\Employee\\Google Drive\\UP\\MyResearch\\TaskProgramming\\AB_pic\\resources\\spear02.jpg'
8.5280 	EXP 	polygon_2: opacity = 1.0
8.5446 	EXP 	polygon: opacity = 0.0
8.5446 	EXP 	displayPicture: image = 'C:\\Users\\Employee\\Google Drive\\UP\\MyResearch\\TaskProgramming\\AB_pic\\resources\\spear02.jpg'
8.5446 	EXP 	polygon_2: opacity = 1.0
8.5613 	EXP 	polygon: opacity = 0.0
8.5613 	EXP 	displayPicture: image = 'C:\\Users\\Employee\\Google Drive\\UP\\MyResearch\\TaskProgramming\\AB_pic\\resources\\spear02.jpg'
8.5613 	EXP 	polygon_2: opacity = 1.0
8.5780 	EXP 	polygon: opacity = 0.0
8.5780 	EXP 	displayPicture: image = 'C:\\Users\\Employee\\Google Drive\\UP\\MyResearch\\TaskProgramming\\AB_pic\\resources\\spear02.jpg'
8.5780 	EXP 	polygon_2: opacity = 1.0
8.5946 	EXP 	polygon: opacity = 0.0
8.5946 	EXP 	displayPicture: image = 'C:\\Users\\Employee\\Google Drive\\UP\\MyResearch\\TaskProgramming\\AB_pic\\resources\\spear02.jpg'
8.5946 	EXP 	polygon_2: opacity = 1.0
8.6113 	EXP 	polygon: opacity = 0.0
8.6113 	EXP 	displayPicture: image = 'C:\\Users\\Employee\\Google Drive\\UP\\MyResearch\\TaskProgramming\\AB_pic\\resources\\spear02.jpg'
8.6113 	EXP 	polygon_2: opacity = 1.0
8.6280 	EXP 	polygon: opacity = 0.0
8.6280 	EXP 	displayPicture: image = 'C:\\Users\\Employee\\Google Drive\\UP\\MyResearch\\TaskProgramming\\AB_pic\\resources\\spear02.jpg'
8.6280 	EXP 	polygon_2: opacity = 1.0
8.6446 	EXP 	polygon: opacity = 0.0
8.6446 	EXP 	displayPicture: image = 'C:\\Users\\Employee\\Google Drive\\UP\\MyResearch\\TaskProgramming\\AB_pic\\resources\\spear02.jpg'
8.6446 	EXP 	polygon_2: opacity = 1.0
8.6613 	EXP 	polygon: opacity = 0.0
8.6613 	EXP 	displayPicture: image = 'C:\\Users\\Employee\\Google Drive\\UP\\MyResearch\\TaskProgramming\\AB_pic\\resources\\spear02.jpg'
8.6613 	EXP 	polygon_2: opacity = 1.0
8.6780 	EXP 	polygon: opacity = 0.0
8.6780 	EXP 	displayPicture: image = 'C:\\Users\\Employee\\Google Drive\\UP\\MyResearch\\TaskProgramming\\AB_pic\\resources\\xylophone.jpg'
8.6780 	EXP 	polygon_2: opacity = 0.0
8.6946 	EXP 	polygon: opacity = 0.0
8.6946 	EXP 	displayPicture: image = 'C:\\Users\\Employee\\Google Drive\\UP\\MyResearch\\TaskProgramming\\AB_pic\\resources\\xylophone.jpg'
8.6946 	EXP 	polygon_2: opacity = 0.0
8.7113 	EXP 	polygon: opacity = 0.0
8.7113 	EXP 	displayPicture: image = 'C:\\Users\\Employee\\Google Drive\\UP\\MyResearch\\TaskProgramming\\AB_pic\\resources\\xylophone.jpg'
8.7113 	EXP 	polygon_2: opacity = 0.0
8.7279 	EXP 	polygon: opacity = 0.0
8.7279 	EXP 	displayPicture: image = 'C:\\Users\\Employee\\Google Drive\\UP\\MyResearch\\TaskProgramming\\AB_pic\\resources\\xylophone.jpg'
8.7279 	EXP 	polygon_2: opacity = 0.0
8.7446 	EXP 	polygon: opacity = 0.0
8.7446 	EXP 	displayPicture: image = 'C:\\Users\\Employee\\Google Drive\\UP\\MyResearch\\TaskProgramming\\AB_pic\\resources\\xylophone.jpg'
8.7446 	EXP 	polygon_2: opacity = 0.0
8.7613 	EXP 	polygon: opacity = 0.0
8.7613 	EXP 	displayPicture: image = 'C:\\Users\\Employee\\Google Drive\\UP\\MyResearch\\TaskProgramming\\AB_pic\\resources\\xylophone.jpg'
8.7613 	EXP 	polygon_2: opacity = 0.0
8.7779 	EXP 	polygon: opacity = 0.0
8.7779 	EXP 	displayPicture: image = 'C:\\Users\\Employee\\Google Drive\\UP\\MyResearch\\TaskProgramming\\AB_pic\\resources\\xylophone.jpg'
8.7779 	EXP 	polygon_2: opacity = 0.0
8.7946 	EXP 	polygon: opacity = 0.0
8.7946 	EXP 	displayPicture: image = 'C:\\Users\\Employee\\Google Drive\\UP\\MyResearch\\TaskProgramming\\AB_pic\\resources\\xylophone.jpg'
8.7946 	EXP 	polygon_2: opacity = 0.0
8.8113 	EXP 	polygon: opacity = 0.0
8.8113 	EXP 	displayPicture: image = 'C:\\Users\\Employee\\Google Drive\\UP\\MyResearch\\TaskProgramming\\AB_pic\\resources\\xylophone.jpg'
8.8113 	EXP 	polygon_2: opacity = 0.0
8.8280 	EXP 	polygon: opacity = 0.0
8.8280 	EXP 	displayPicture: image = 'C:\\Users\\Employee\\Google Drive\\UP\\MyResearch\\TaskProgramming\\AB_pic\\resources\\xylophone.jpg'
8.8280 	EXP 	polygon_2: opacity = 0.0
8.8446 	EXP 	polygon: opacity = 0.0
8.8446 	EXP 	displayPicture: image = 'C:\\Users\\Employee\\Google Drive\\UP\\MyResearch\\TaskProgramming\\AB_pic\\resources\\xylophone.jpg'
8.8446 	EXP 	polygon_2: opacity = 0.0
8.8612 	EXP 	polygon: opacity = 0.0
8.8612 	EXP 	displayPicture: image = 'C:\\Users\\Employee\\Google Drive\\UP\\MyResearch\\TaskProgramming\\AB_pic\\resources\\xylophone.jpg'
8.8612 	EXP 	polygon_2: opacity = 0.0
8.8780 	EXP 	polygon: opacity = 0.0
8.8780 	EXP 	displayPicture: image = 'C:\\Users\\Employee\\Google Drive\\UP\\MyResearch\\TaskProgramming\\AB_pic\\resources\\xylophone.jpg'
8.8780 	EXP 	polygon_2: opacity = 1.0
8.8946 	EXP 	polygon: opacity = 0.0
8.8946 	EXP 	displayPicture: image = 'C:\\Users\\Employee\\Google Drive\\UP\\MyResearch\\TaskProgramming\\AB_pic\\resources\\xylophone.jpg'
8.8946 	EXP 	polygon_2: opacity = 1.0
8.9113 	EXP 	polygon: opacity = 0.0
8.9113 	EXP 	displayPicture: image = 'C:\\Users\\Employee\\Google Drive\\UP\\MyResearch\\TaskProgramming\\AB_pic\\resources\\xylophone.jpg'
8.9113 	EXP 	polygon_2: opacity = 1.0
8.9280 	EXP 	polygon: opacity = 0.0
8.9280 	EXP 	displayPicture: image = 'C:\\Users\\Employee\\Google Drive\\UP\\MyResearch\\TaskProgramming\\AB_pic\\resources\\xylophone.jpg'
8.9280 	EXP 	polygon_2: opacity = 1.0
8.9446 	EXP 	polygon: opacity = 0.0
8.9446 	EXP 	displayPicture: image = 'C:\\Users\\Employee\\Google Drive\\UP\\MyResearch\\TaskProgramming\\AB_pic\\resources\\xylophone.jpg'
8.9446 	EXP 	polygon_2: opacity = 1.0
8.9613 	EXP 	polygon: opacity = 0.0
8.9613 	EXP 	displayPicture: image = 'C:\\Users\\Employee\\Google Drive\\UP\\MyResearch\\TaskProgramming\\AB_pic\\resources\\xylophone.jpg'
8.9613 	EXP 	polygon_2: opacity = 1.0
8.9779 	EXP 	polygon: opacity = 0.0
8.9779 	EXP 	displayPicture: image = 'C:\\Users\\Employee\\Google Drive\\UP\\MyResearch\\TaskProgramming\\AB_pic\\resources\\xylophone.jpg'
8.9779 	EXP 	polygon_2: opacity = 1.0
8.9946 	EXP 	polygon: opacity = 0.0
8.9946 	EXP 	displayPicture: image = 'C:\\Users\\Employee\\Google Drive\\UP\\MyResearch\\TaskProgramming\\AB_pic\\resources\\xylophone.jpg'
8.9946 	EXP 	polygon_2: opacity = 1.0
9.0113 	EXP 	polygon: opacity = 0.0
9.0113 	EXP 	displayPicture: image = 'C:\\Users\\Employee\\Google Drive\\UP\\MyResearch\\TaskProgramming\\AB_pic\\resources\\xylophone.jpg'
9.0113 	EXP 	polygon_2: opacity = 1.0
9.0279 	EXP 	polygon: opacity = 0.0
9.0279 	EXP 	displayPicture: image = 'C:\\Users\\Employee\\Google Drive\\UP\\MyResearch\\TaskProgramming\\AB_pic\\resources\\beaver.jpg'
9.0279 	EXP 	polygon_2: opacity = 0.0
9.0446 	EXP 	polygon: opacity = 0.0
9.0446 	EXP 	displayPicture: image = 'C:\\Users\\Employee\\Google Drive\\UP\\MyResearch\\TaskProgramming\\AB_pic\\resources\\beaver.jpg'
9.0446 	EXP 	polygon_2: opacity = 0.0
9.0613 	EXP 	polygon: opacity = 0.0
9.0613 	EXP 	displayPicture: image = 'C:\\Users\\Employee\\Google Drive\\UP\\MyResearch\\TaskProgramming\\AB_pic\\resources\\beaver.jpg'
9.0613 	EXP 	polygon_2: opacity = 0.0
9.0779 	EXP 	polygon: opacity = 0.0
9.0779 	EXP 	displayPicture: image = 'C:\\Users\\Employee\\Google Drive\\UP\\MyResearch\\TaskProgramming\\AB_pic\\resources\\beaver.jpg'
9.0779 	EXP 	polygon_2: opacity = 0.0
9.0946 	EXP 	polygon: opacity = 0.0
9.0946 	EXP 	displayPicture: image = 'C:\\Users\\Employee\\Google Drive\\UP\\MyResearch\\TaskProgramming\\AB_pic\\resources\\beaver.jpg'
9.0946 	EXP 	polygon_2: opacity = 0.0
9.1113 	EXP 	polygon: opacity = 0.0
9.1113 	EXP 	displayPicture: image = 'C:\\Users\\Employee\\Google Drive\\UP\\MyResearch\\TaskProgramming\\AB_pic\\resources\\beaver.jpg'
9.1113 	EXP 	polygon_2: opacity = 0.0
9.1279 	EXP 	polygon: opacity = 0.0
9.1279 	EXP 	displayPicture: image = 'C:\\Users\\Employee\\Google Drive\\UP\\MyResearch\\TaskProgramming\\AB_pic\\resources\\beaver.jpg'
9.1279 	EXP 	polygon_2: opacity = 0.0
9.1447 	EXP 	polygon: opacity = 0.0
9.1447 	EXP 	displayPicture: image = 'C:\\Users\\Employee\\Google Drive\\UP\\MyResearch\\TaskProgramming\\AB_pic\\resources\\beaver.jpg'
9.1447 	EXP 	polygon_2: opacity = 0.0
9.1613 	EXP 	polygon: opacity = 0.0
9.1613 	EXP 	displayPicture: image = 'C:\\Users\\Employee\\Google Drive\\UP\\MyResearch\\TaskProgramming\\AB_pic\\resources\\beaver.jpg'
9.1613 	EXP 	polygon_2: opacity = 0.0
9.1779 	EXP 	polygon: opacity = 0.0
9.1779 	EXP 	displayPicture: image = 'C:\\Users\\Employee\\Google Drive\\UP\\MyResearch\\TaskProgramming\\AB_pic\\resources\\beaver.jpg'
9.1779 	EXP 	polygon_2: opacity = 0.0
9.1946 	EXP 	polygon: opacity = 0.0
9.1946 	EXP 	displayPicture: image = 'C:\\Users\\Employee\\Google Drive\\UP\\MyResearch\\TaskProgramming\\AB_pic\\resources\\beaver.jpg'
9.1946 	EXP 	polygon_2: opacity = 0.0
9.2112 	EXP 	polygon: opacity = 0.0
9.2112 	EXP 	displayPicture: image = 'C:\\Users\\Employee\\Google Drive\\UP\\MyResearch\\TaskProgramming\\AB_pic\\resources\\beaver.jpg'
9.2112 	EXP 	polygon_2: opacity = 0.0
9.2279 	EXP 	polygon: opacity = 0.0
9.2279 	EXP 	displayPicture: image = 'C:\\Users\\Employee\\Google Drive\\UP\\MyResearch\\TaskProgramming\\AB_pic\\resources\\beaver.jpg'
9.2279 	EXP 	polygon_2: opacity = 1.0
9.2446 	EXP 	polygon: opacity = 0.0
9.2446 	EXP 	displayPicture: image = 'C:\\Users\\Employee\\Google Drive\\UP\\MyResearch\\TaskProgramming\\AB_pic\\resources\\beaver.jpg'
9.2446 	EXP 	polygon_2: opacity = 1.0
9.2612 	EXP 	polygon: opacity = 0.0
9.2612 	EXP 	displayPicture: image = 'C:\\Users\\Employee\\Google Drive\\UP\\MyResearch\\TaskProgramming\\AB_pic\\resources\\beaver.jpg'
9.2612 	EXP 	polygon_2: opacity = 1.0
9.2779 	EXP 	polygon: opacity = 0.0
9.2779 	EXP 	displayPicture: image = 'C:\\Users\\Employee\\Google Drive\\UP\\MyResearch\\TaskProgramming\\AB_pic\\resources\\beaver.jpg'
9.2779 	EXP 	polygon_2: opacity = 1.0
9.2946 	EXP 	polygon: opacity = 0.0
9.2946 	EXP 	displayPicture: image = 'C:\\Users\\Employee\\Google Drive\\UP\\MyResearch\\TaskProgramming\\AB_pic\\resources\\beaver.jpg'
9.2946 	EXP 	polygon_2: opacity = 1.0
9.3112 	EXP 	polygon: opacity = 0.0
9.3112 	EXP 	displayPicture: image = 'C:\\Users\\Employee\\Google Drive\\UP\\MyResearch\\TaskProgramming\\AB_pic\\resources\\beaver.jpg'
9.3112 	EXP 	polygon_2: opacity = 1.0
9.3279 	EXP 	polygon: opacity = 0.0
9.3279 	EXP 	displayPicture: image = 'C:\\Users\\Employee\\Google Drive\\UP\\MyResearch\\TaskProgramming\\AB_pic\\resources\\beaver.jpg'
9.3279 	EXP 	polygon_2: opacity = 1.0
9.3446 	EXP 	polygon: opacity = 0.0
9.3446 	EXP 	displayPicture: image = 'C:\\Users\\Employee\\Google Drive\\UP\\MyResearch\\TaskProgramming\\AB_pic\\resources\\beaver.jpg'
9.3446 	EXP 	polygon_2: opacity = 1.0
9.3612 	EXP 	polygon: opacity = 0.0
9.3612 	EXP 	displayPicture: image = 'C:\\Users\\Employee\\Google Drive\\UP\\MyResearch\\TaskProgramming\\AB_pic\\resources\\beaver.jpg'
9.3612 	EXP 	polygon_2: opacity = 1.0
9.3779 	EXP 	polygon: opacity = 0.0
9.3779 	EXP 	displayPicture: image = 'C:\\Users\\Employee\\Google Drive\\UP\\MyResearch\\TaskProgramming\\AB_pic\\resources\\microwave.jpg'
9.3779 	EXP 	polygon_2: opacity = 0.0
9.3946 	EXP 	polygon: opacity = 0.0
9.3946 	EXP 	displayPicture: image = 'C:\\Users\\Employee\\Google Drive\\UP\\MyResearch\\TaskProgramming\\AB_pic\\resources\\microwave.jpg'
9.3946 	EXP 	polygon_2: opacity = 0.0
9.4112 	EXP 	polygon: opacity = 0.0
9.4112 	EXP 	displayPicture: image = 'C:\\Users\\Employee\\Google Drive\\UP\\MyResearch\\TaskProgramming\\AB_pic\\resources\\microwave.jpg'
9.4112 	EXP 	polygon_2: opacity = 0.0
9.4279 	EXP 	polygon: opacity = 0.0
9.4279 	EXP 	displayPicture: image = 'C:\\Users\\Employee\\Google Drive\\UP\\MyResearch\\TaskProgramming\\AB_pic\\resources\\microwave.jpg'
9.4279 	EXP 	polygon_2: opacity = 0.0
9.4446 	EXP 	polygon: opacity = 0.0
9.4446 	EXP 	displayPicture: image = 'C:\\Users\\Employee\\Google Drive\\UP\\MyResearch\\TaskProgramming\\AB_pic\\resources\\microwave.jpg'
9.4446 	EXP 	polygon_2: opacity = 0.0
9.4612 	EXP 	polygon: opacity = 0.0
9.4612 	EXP 	displayPicture: image = 'C:\\Users\\Employee\\Google Drive\\UP\\MyResearch\\TaskProgramming\\AB_pic\\resources\\microwave.jpg'
9.4612 	EXP 	polygon_2: opacity = 0.0
9.4779 	EXP 	polygon: opacity = 0.0
9.4779 	EXP 	displayPicture: image = 'C:\\Users\\Employee\\Google Drive\\UP\\MyResearch\\TaskProgramming\\AB_pic\\resources\\microwave.jpg'
9.4779 	EXP 	polygon_2: opacity = 0.0
9.4945 	EXP 	polygon: opacity = 0.0
9.4945 	EXP 	displayPicture: image = 'C:\\Users\\Employee\\Google Drive\\UP\\MyResearch\\TaskProgramming\\AB_pic\\resources\\microwave.jpg'
9.4945 	EXP 	polygon_2: opacity = 0.0
9.5112 	EXP 	polygon: opacity = 0.0
9.5112 	EXP 	displayPicture: image = 'C:\\Users\\Employee\\Google Drive\\UP\\MyResearch\\TaskProgramming\\AB_pic\\resources\\microwave.jpg'
9.5112 	EXP 	polygon_2: opacity = 0.0
9.5279 	EXP 	polygon: opacity = 0.0
9.5279 	EXP 	displayPicture: image = 'C:\\Users\\Employee\\Google Drive\\UP\\MyResearch\\TaskProgramming\\AB_pic\\resources\\microwave.jpg'
9.5279 	EXP 	polygon_2: opacity = 0.0
9.5445 	EXP 	polygon: opacity = 0.0
9.5445 	EXP 	displayPicture: image = 'C:\\Users\\Employee\\Google Drive\\UP\\MyResearch\\TaskProgramming\\AB_pic\\resources\\microwave.jpg'
9.5445 	EXP 	polygon_2: opacity = 0.0
9.5612 	EXP 	polygon: opacity = 0.0
9.5612 	EXP 	displayPicture: image = 'C:\\Users\\Employee\\Google Drive\\UP\\MyResearch\\TaskProgramming\\AB_pic\\resources\\microwave.jpg'
9.5612 	EXP 	polygon_2: opacity = 0.0
9.5779 	EXP 	polygon: opacity = 0.0
9.5779 	EXP 	displayPicture: image = 'C:\\Users\\Employee\\Google Drive\\UP\\MyResearch\\TaskProgramming\\AB_pic\\resources\\microwave.jpg'
9.5779 	EXP 	polygon_2: opacity = 1.0
9.5945 	EXP 	polygon: opacity = 0.0
9.5945 	EXP 	displayPicture: image = 'C:\\Users\\Employee\\Google Drive\\UP\\MyResearch\\TaskProgramming\\AB_pic\\resources\\microwave.jpg'
9.5945 	EXP 	polygon_2: opacity = 1.0
9.6112 	EXP 	polygon: opacity = 0.0
9.6112 	EXP 	displayPicture: image = 'C:\\Users\\Employee\\Google Drive\\UP\\MyResearch\\TaskProgramming\\AB_pic\\resources\\microwave.jpg'
9.6112 	EXP 	polygon_2: opacity = 1.0
9.6279 	EXP 	polygon: opacity = 0.0
9.6279 	EXP 	displayPicture: image = 'C:\\Users\\Employee\\Google Drive\\UP\\MyResearch\\TaskProgramming\\AB_pic\\resources\\microwave.jpg'
9.6279 	EXP 	polygon_2: opacity = 1.0
9.6445 	EXP 	polygon: opacity = 0.0
9.6445 	EXP 	displayPicture: image = 'C:\\Users\\Employee\\Google Drive\\UP\\MyResearch\\TaskProgramming\\AB_pic\\resources\\microwave.jpg'
9.6445 	EXP 	polygon_2: opacity = 1.0
9.6612 	EXP 	polygon: opacity = 0.0
9.6612 	EXP 	displayPicture: image = 'C:\\Users\\Employee\\Google Drive\\UP\\MyResearch\\TaskProgramming\\AB_pic\\resources\\microwave.jpg'
9.6612 	EXP 	polygon_2: opacity = 1.0
9.6779 	EXP 	polygon: opacity = 0.0
9.6779 	EXP 	displayPicture: image = 'C:\\Users\\Employee\\Google Drive\\UP\\MyResearch\\TaskProgramming\\AB_pic\\resources\\microwave.jpg'
9.6779 	EXP 	polygon_2: opacity = 1.0
9.6945 	EXP 	polygon: opacity = 0.0
9.6945 	EXP 	displayPicture: image = 'C:\\Users\\Employee\\Google Drive\\UP\\MyResearch\\TaskProgramming\\AB_pic\\resources\\microwave.jpg'
9.6945 	EXP 	polygon_2: opacity = 1.0
9.7112 	EXP 	polygon: opacity = 0.0
9.7112 	EXP 	displayPicture: image = 'C:\\Users\\Employee\\Google Drive\\UP\\MyResearch\\TaskProgramming\\AB_pic\\resources\\microwave.jpg'
9.7112 	EXP 	polygon_2: opacity = 1.0
9.7279 	EXP 	polygon: opacity = 0.0
9.7279 	EXP 	displayPicture: image = 'C:\\Users\\Employee\\Google Drive\\UP\\MyResearch\\TaskProgramming\\AB_pic\\resources\\lighthouse.jpg'
9.7279 	EXP 	polygon_2: opacity = 0.0
9.7446 	EXP 	polygon: opacity = 0.0
9.7446 	EXP 	displayPicture: image = 'C:\\Users\\Employee\\Google Drive\\UP\\MyResearch\\TaskProgramming\\AB_pic\\resources\\lighthouse.jpg'
9.7446 	EXP 	polygon_2: opacity = 0.0
9.7612 	EXP 	polygon: opacity = 0.0
9.7612 	EXP 	displayPicture: image = 'C:\\Users\\Employee\\Google Drive\\UP\\MyResearch\\TaskProgramming\\AB_pic\\resources\\lighthouse.jpg'
9.7612 	EXP 	polygon_2: opacity = 0.0
9.7779 	EXP 	polygon: opacity = 0.0
9.7779 	EXP 	displayPicture: image = 'C:\\Users\\Employee\\Google Drive\\UP\\MyResearch\\TaskProgramming\\AB_pic\\resources\\lighthouse.jpg'
9.7779 	EXP 	polygon_2: opacity = 0.0
9.7946 	EXP 	polygon: opacity = 0.0
9.7946 	EXP 	displayPicture: image = 'C:\\Users\\Employee\\Google Drive\\UP\\MyResearch\\TaskProgramming\\AB_pic\\resources\\lighthouse.jpg'
9.7946 	EXP 	polygon_2: opacity = 0.0
9.8112 	EXP 	polygon: opacity = 0.0
9.8112 	EXP 	displayPicture: image = 'C:\\Users\\Employee\\Google Drive\\UP\\MyResearch\\TaskProgramming\\AB_pic\\resources\\lighthouse.jpg'
9.8112 	EXP 	polygon_2: opacity = 0.0
9.8279 	EXP 	polygon: opacity = 0.0
9.8279 	EXP 	displayPicture: image = 'C:\\Users\\Employee\\Google Drive\\UP\\MyResearch\\TaskProgramming\\AB_pic\\resources\\lighthouse.jpg'
9.8279 	EXP 	polygon_2: opacity = 0.0
9.8446 	EXP 	polygon: opacity = 0.0
9.8446 	EXP 	displayPicture: image = 'C:\\Users\\Employee\\Google Drive\\UP\\MyResearch\\TaskProgramming\\AB_pic\\resources\\lighthouse.jpg'
9.8446 	EXP 	polygon_2: opacity = 0.0
9.8612 	EXP 	polygon: opacity = 0.0
9.8612 	EXP 	displayPicture: image = 'C:\\Users\\Employee\\Google Drive\\UP\\MyResearch\\TaskProgramming\\AB_pic\\resources\\lighthouse.jpg'
9.8612 	EXP 	polygon_2: opacity = 0.0
9.8778 	EXP 	polygon: opacity = 0.0
9.8778 	EXP 	displayPicture: image = 'C:\\Users\\Employee\\Google Drive\\UP\\MyResearch\\TaskProgramming\\AB_pic\\resources\\lighthouse.jpg'
9.8778 	EXP 	polygon_2: opacity = 0.0
9.8946 	EXP 	polygon: opacity = 0.0
9.8946 	EXP 	displayPicture: image = 'C:\\Users\\Employee\\Google Drive\\UP\\MyResearch\\TaskProgramming\\AB_pic\\resources\\lighthouse.jpg'
9.8946 	EXP 	polygon_2: opacity = 0.0
9.9112 	EXP 	polygon: opacity = 0.0
9.9112 	EXP 	displayPicture: image = 'C:\\Users\\Employee\\Google Drive\\UP\\MyResearch\\TaskProgramming\\AB_pic\\resources\\lighthouse.jpg'
9.9112 	EXP 	polygon_2: opacity = 0.0
9.9279 	EXP 	polygon: opacity = 0.0
9.9279 	EXP 	displayPicture: image = 'C:\\Users\\Employee\\Google Drive\\UP\\MyResearch\\TaskProgramming\\AB_pic\\resources\\lighthouse.jpg'
9.9279 	EXP 	polygon_2: opacity = 1.0
9.9445 	EXP 	polygon: opacity = 0.0
9.9445 	EXP 	displayPicture: image = 'C:\\Users\\Employee\\Google Drive\\UP\\MyResearch\\TaskProgramming\\AB_pic\\resources\\lighthouse.jpg'
9.9445 	EXP 	polygon_2: opacity = 1.0
9.9612 	EXP 	polygon: opacity = 0.0
9.9612 	EXP 	displayPicture: image = 'C:\\Users\\Employee\\Google Drive\\UP\\MyResearch\\TaskProgramming\\AB_pic\\resources\\lighthouse.jpg'
9.9612 	EXP 	polygon_2: opacity = 1.0
9.9779 	EXP 	polygon: opacity = 0.0
9.9779 	EXP 	displayPicture: image = 'C:\\Users\\Employee\\Google Drive\\UP\\MyResearch\\TaskProgramming\\AB_pic\\resources\\lighthouse.jpg'
9.9779 	EXP 	polygon_2: opacity = 1.0
9.9945 	EXP 	polygon: opacity = 0.0
9.9945 	EXP 	displayPicture: image = 'C:\\Users\\Employee\\Google Drive\\UP\\MyResearch\\TaskProgramming\\AB_pic\\resources\\lighthouse.jpg'
9.9945 	EXP 	polygon_2: opacity = 1.0
10.0112 	EXP 	polygon: opacity = 0.0
10.0112 	EXP 	displayPicture: image = 'C:\\Users\\Employee\\Google Drive\\UP\\MyResearch\\TaskProgramming\\AB_pic\\resources\\lighthouse.jpg'
10.0112 	EXP 	polygon_2: opacity = 1.0
10.0279 	EXP 	polygon: opacity = 0.0
10.0279 	EXP 	displayPicture: image = 'C:\\Users\\Employee\\Google Drive\\UP\\MyResearch\\TaskProgramming\\AB_pic\\resources\\lighthouse.jpg'
10.0279 	EXP 	polygon_2: opacity = 1.0
10.0445 	EXP 	polygon: opacity = 0.0
10.0445 	EXP 	displayPicture: image = 'C:\\Users\\Employee\\Google Drive\\UP\\MyResearch\\TaskProgramming\\AB_pic\\resources\\lighthouse.jpg'
10.0445 	EXP 	polygon_2: opacity = 1.0
10.0612 	EXP 	polygon: opacity = 0.0
10.0612 	EXP 	displayPicture: image = 'C:\\Users\\Employee\\Google Drive\\UP\\MyResearch\\TaskProgramming\\AB_pic\\resources\\lighthouse.jpg'
10.0612 	EXP 	polygon_2: opacity = 1.0
10.0779 	EXP 	polygon: opacity = 0.0
10.0779 	EXP 	displayPicture: image = 'C:\\Users\\Employee\\Google Drive\\UP\\MyResearch\\TaskProgramming\\AB_pic\\resources\\bacon.jpg'
10.0779 	EXP 	polygon_2: opacity = 0.0
10.0945 	EXP 	polygon: opacity = 0.0
10.0945 	EXP 	displayPicture: image = 'C:\\Users\\Employee\\Google Drive\\UP\\MyResearch\\TaskProgramming\\AB_pic\\resources\\bacon.jpg'
10.0945 	EXP 	polygon_2: opacity = 0.0
10.1112 	EXP 	polygon: opacity = 0.0
10.1112 	EXP 	displayPicture: image = 'C:\\Users\\Employee\\Google Drive\\UP\\MyResearch\\TaskProgramming\\AB_pic\\resources\\bacon.jpg'
10.1112 	EXP 	polygon_2: opacity = 0.0
10.1279 	EXP 	polygon: opacity = 0.0
10.1279 	EXP 	displayPicture: image = 'C:\\Users\\Employee\\Google Drive\\UP\\MyResearch\\TaskProgramming\\AB_pic\\resources\\bacon.jpg'
10.1279 	EXP 	polygon_2: opacity = 0.0
10.1445 	EXP 	polygon: opacity = 0.0
10.1445 	EXP 	displayPicture: image = 'C:\\Users\\Employee\\Google Drive\\UP\\MyResearch\\TaskProgramming\\AB_pic\\resources\\bacon.jpg'
10.1445 	EXP 	polygon_2: opacity = 0.0
10.1612 	EXP 	polygon: opacity = 0.0
10.1612 	EXP 	displayPicture: image = 'C:\\Users\\Employee\\Google Drive\\UP\\MyResearch\\TaskProgramming\\AB_pic\\resources\\bacon.jpg'
10.1612 	EXP 	polygon_2: opacity = 0.0
10.1779 	EXP 	polygon: opacity = 0.0
10.1779 	EXP 	displayPicture: image = 'C:\\Users\\Employee\\Google Drive\\UP\\MyResearch\\TaskProgramming\\AB_pic\\resources\\bacon.jpg'
10.1779 	EXP 	polygon_2: opacity = 0.0
10.1945 	EXP 	polygon: opacity = 0.0
10.1945 	EXP 	displayPicture: image = 'C:\\Users\\Employee\\Google Drive\\UP\\MyResearch\\TaskProgramming\\AB_pic\\resources\\bacon.jpg'
10.1945 	EXP 	polygon_2: opacity = 0.0
10.2112 	EXP 	polygon: opacity = 0.0
10.2112 	EXP 	displayPicture: image = 'C:\\Users\\Employee\\Google Drive\\UP\\MyResearch\\TaskProgramming\\AB_pic\\resources\\bacon.jpg'
10.2112 	EXP 	polygon_2: opacity = 0.0
10.2278 	EXP 	polygon: opacity = 0.0
10.2278 	EXP 	displayPicture: image = 'C:\\Users\\Employee\\Google Drive\\UP\\MyResearch\\TaskProgramming\\AB_pic\\resources\\bacon.jpg'
10.2278 	EXP 	polygon_2: opacity = 0.0
10.2445 	EXP 	polygon: opacity = 0.0
10.2445 	EXP 	displayPicture: image = 'C:\\Users\\Employee\\Google Drive\\UP\\MyResearch\\TaskProgramming\\AB_pic\\resources\\bacon.jpg'
10.2445 	EXP 	polygon_2: opacity = 0.0
10.2612 	EXP 	polygon: opacity = 0.0
10.2612 	EXP 	displayPicture: image = 'C:\\Users\\Employee\\Google Drive\\UP\\MyResearch\\TaskProgramming\\AB_pic\\resources\\bacon.jpg'
10.2612 	EXP 	polygon_2: opacity = 0.0
10.2778 	EXP 	polygon: opacity = 0.0
10.2778 	EXP 	displayPicture: image = 'C:\\Users\\Employee\\Google Drive\\UP\\MyResearch\\TaskProgramming\\AB_pic\\resources\\bacon.jpg'
10.2778 	EXP 	polygon_2: opacity = 1.0
10.2945 	EXP 	polygon: opacity = 0.0
10.2945 	EXP 	displayPicture: image = 'C:\\Users\\Employee\\Google Drive\\UP\\MyResearch\\TaskProgramming\\AB_pic\\resources\\bacon.jpg'
10.2945 	EXP 	polygon_2: opacity = 1.0
10.3112 	EXP 	polygon: opacity = 0.0
10.3112 	EXP 	displayPicture: image = 'C:\\Users\\Employee\\Google Drive\\UP\\MyResearch\\TaskProgramming\\AB_pic\\resources\\bacon.jpg'
10.3112 	EXP 	polygon_2: opacity = 1.0
10.3279 	EXP 	polygon: opacity = 0.0
10.3279 	EXP 	displayPicture: image = 'C:\\Users\\Employee\\Google Drive\\UP\\MyResearch\\TaskProgramming\\AB_pic\\resources\\bacon.jpg'
10.3279 	EXP 	polygon_2: opacity = 1.0
10.3445 	EXP 	polygon: opacity = 0.0
10.3445 	EXP 	displayPicture: image = 'C:\\Users\\Employee\\Google Drive\\UP\\MyResearch\\TaskProgramming\\AB_pic\\resources\\bacon.jpg'
10.3445 	EXP 	polygon_2: opacity = 1.0
10.3612 	EXP 	polygon: opacity = 0.0
10.3612 	EXP 	displayPicture: image = 'C:\\Users\\Employee\\Google Drive\\UP\\MyResearch\\TaskProgramming\\AB_pic\\resources\\bacon.jpg'
10.3612 	EXP 	polygon_2: opacity = 1.0
10.3779 	EXP 	polygon: opacity = 0.0
10.3779 	EXP 	displayPicture: image = 'C:\\Users\\Employee\\Google Drive\\UP\\MyResearch\\TaskProgramming\\AB_pic\\resources\\bacon.jpg'
10.3779 	EXP 	polygon_2: opacity = 1.0
10.3945 	EXP 	polygon: opacity = 0.0
10.3945 	EXP 	displayPicture: image = 'C:\\Users\\Employee\\Google Drive\\UP\\MyResearch\\TaskProgramming\\AB_pic\\resources\\bacon.jpg'
10.3945 	EXP 	polygon_2: opacity = 1.0
10.4111 	EXP 	polygon: opacity = 0.0
10.4111 	EXP 	displayPicture: image = 'C:\\Users\\Employee\\Google Drive\\UP\\MyResearch\\TaskProgramming\\AB_pic\\resources\\bacon.jpg'
10.4111 	EXP 	polygon_2: opacity = 1.0
10.4445 	EXP 	polygon: opacity = 0.0
10.4445 	EXP 	displayPicture: image = 'C:\\Users\\Employee\\Google Drive\\UP\\MyResearch\\TaskProgramming\\AB_pic\\resources\\bacon.jpg'
10.4445 	EXP 	polygon_2: opacity = 0.0
10.4445 	EXP 	polygon: autoDraw = False
10.4445 	EXP 	displayPicture: autoDraw = False
10.4445 	EXP 	polygon_2: autoDraw = False
10.4445 	EXP 	option1_t1: image = 'C:\\Users\\Employee\\Google Drive\\UP\\MyResearch\\TaskProgramming\\AB_pic\\resources\\pirateflag.jpg'
10.4445 	EXP 	option2_t1: image = 'C:\\Users\\Employee\\Google Drive\\UP\\MyResearch\\TaskProgramming\\AB_pic\\resources\\sledgehammer.jpg'
10.4445 	EXP 	option1_t1: autoDraw = True
10.4445 	EXP 	option2_t1: autoDraw = True
11.5611 	DATA 	Keypress: right
11.5777 	EXP 	option1_t1: autoDraw = False
11.5777 	EXP 	option2_t1: autoDraw = False
11.5777 	EXP 	option1_t2: image = 'C:\\Users\\Employee\\Google Drive\\UP\\MyResearch\\TaskProgramming\\AB_pic\\resources\\drumstick.jpg'
11.5777 	EXP 	option2_t2: image = 'C:\\Users\\Employee\\Google Drive\\UP\\MyResearch\\TaskProgramming\\AB_pic\\resources\\firehydrant.jpg'
11.5777 	EXP 	option1_t2: autoDraw = True
11.5777 	EXP 	option2_t2: autoDraw = True
14.2512 	EXP 	New trial (rep=0, index=1): OrderedDict([('trialType', 'AB'), ('cndTyp', 'lag1'), ('lag', 1), ('T1_loc', 4), ('gap', 0), ('T2_loc', 5), ('primePos', 103), ('stimLen', 0.2), ('isi', 0.15)])
14.2545 	DATA 	Keypress: right
14.2776 	EXP 	option1_t2: autoDraw = False
14.2776 	EXP 	option2_t2: autoDraw = False
14.2776 	EXP 	polygon: autoDraw = True
14.2776 	EXP 	polygon: opacity = 0.0
14.2776 	EXP 	displayPicture: autoDraw = True
14.2776 	EXP 	displayPicture: image = 'C:\\Users\\Employee\\Google Drive\\UP\\MyResearch\\TaskProgramming\\AB_pic\\resources\\fishingrod.jpg'
14.2776 	EXP 	polygon_2: autoDraw = True
14.2776 	EXP 	polygon_2: opacity = 0.0
14.2942 	EXP 	polygon: opacity = 0.0
14.2942 	EXP 	displayPicture: image = 'C:\\Users\\Employee\\Google Drive\\UP\\MyResearch\\TaskProgramming\\AB_pic\\resources\\fishingrod.jpg'
14.2942 	EXP 	polygon_2: opacity = 0.0
14.3109 	EXP 	polygon: opacity = 0.0
14.3109 	EXP 	displayPicture: image = 'C:\\Users\\Employee\\Google Drive\\UP\\MyResearch\\TaskProgramming\\AB_pic\\resources\\fishingrod.jpg'
14.3109 	EXP 	polygon_2: opacity = 0.0
14.3276 	EXP 	polygon: opacity = 0.0
14.3276 	EXP 	displayPicture: image = 'C:\\Users\\Employee\\Google Drive\\UP\\MyResearch\\TaskProgramming\\AB_pic\\resources\\fishingrod.jpg'
14.3276 	EXP 	polygon_2: opacity = 0.0
14.3442 	EXP 	polygon: opacity = 0.0
14.3442 	EXP 	displayPicture: image = 'C:\\Users\\Employee\\Google Drive\\UP\\MyResearch\\TaskProgramming\\AB_pic\\resources\\fishingrod.jpg'
14.3442 	EXP 	polygon_2: opacity = 0.0
14.3609 	EXP 	polygon: opacity = 0.0
14.3609 	EXP 	displayPicture: image = 'C:\\Users\\Employee\\Google Drive\\UP\\MyResearch\\TaskProgramming\\AB_pic\\resources\\fishingrod.jpg'
14.3609 	EXP 	polygon_2: opacity = 0.0
14.3776 	EXP 	polygon: opacity = 0.0
14.3776 	EXP 	displayPicture: image = 'C:\\Users\\Employee\\Google Drive\\UP\\MyResearch\\TaskProgramming\\AB_pic\\resources\\fishingrod.jpg'
14.3776 	EXP 	polygon_2: opacity = 0.0
14.3943 	EXP 	polygon: opacity = 0.0
14.3943 	EXP 	displayPicture: image = 'C:\\Users\\Employee\\Google Drive\\UP\\MyResearch\\TaskProgramming\\AB_pic\\resources\\fishingrod.jpg'
14.3943 	EXP 	polygon_2: opacity = 0.0
14.4109 	EXP 	polygon: opacity = 0.0
14.4109 	EXP 	displayPicture: image = 'C:\\Users\\Employee\\Google Drive\\UP\\MyResearch\\TaskProgramming\\AB_pic\\resources\\fishingrod.jpg'
14.4109 	EXP 	polygon_2: opacity = 0.0
14.4276 	EXP 	polygon: opacity = 0.0
14.4276 	EXP 	displayPicture: image = 'C:\\Users\\Employee\\Google Drive\\UP\\MyResearch\\TaskProgramming\\AB_pic\\resources\\fishingrod.jpg'
14.4276 	EXP 	polygon_2: opacity = 0.0
14.4442 	EXP 	polygon: opacity = 0.0
14.4442 	EXP 	displayPicture: image = 'C:\\Users\\Employee\\Google Drive\\UP\\MyResearch\\TaskProgramming\\AB_pic\\resources\\fishingrod.jpg'
14.4442 	EXP 	polygon_2: opacity = 0.0
14.4609 	EXP 	polygon: opacity = 0.0
14.4609 	EXP 	displayPicture: image = 'C:\\Users\\Employee\\Google Drive\\UP\\MyResearch\\TaskProgramming\\AB_pic\\resources\\fishingrod.jpg'
14.4609 	EXP 	polygon_2: opacity = 1.0
14.4776 	EXP 	polygon: opacity = 0.0
14.4776 	EXP 	displayPicture: image = 'C:\\Users\\Employee\\Google Drive\\UP\\MyResearch\\TaskProgramming\\AB_pic\\resources\\fishingrod.jpg'
14.4776 	EXP 	polygon_2: opacity = 1.0
14.4942 	EXP 	polygon: opacity = 0.0
14.4942 	EXP 	displayPicture: image = 'C:\\Users\\Employee\\Google Drive\\UP\\MyResearch\\TaskProgramming\\AB_pic\\resources\\fishingrod.jpg'
14.4942 	EXP 	polygon_2: opacity = 1.0
14.5109 	EXP 	polygon: opacity = 0.0
14.5109 	EXP 	displayPicture: image = 'C:\\Users\\Employee\\Google Drive\\UP\\MyResearch\\TaskProgramming\\AB_pic\\resources\\fishingrod.jpg'
14.5109 	EXP 	polygon_2: opacity = 1.0
14.5276 	EXP 	polygon: opacity = 0.0
14.5276 	EXP 	displayPicture: image = 'C:\\Users\\Employee\\Google Drive\\UP\\MyResearch\\TaskProgramming\\AB_pic\\resources\\fishingrod.jpg'
14.5276 	EXP 	polygon_2: opacity = 1.0
14.5442 	EXP 	polygon: opacity = 0.0
14.5442 	EXP 	displayPicture: image = 'C:\\Users\\Employee\\Google Drive\\UP\\MyResearch\\TaskProgramming\\AB_pic\\resources\\fishingrod.jpg'
14.5442 	EXP 	polygon_2: opacity = 1.0
14.5609 	EXP 	polygon: opacity = 0.0
14.5609 	EXP 	displayPicture: image = 'C:\\Users\\Employee\\Google Drive\\UP\\MyResearch\\TaskProgramming\\AB_pic\\resources\\fishingrod.jpg'
14.5609 	EXP 	polygon_2: opacity = 1.0
14.5775 	EXP 	polygon: opacity = 0.0
14.5775 	EXP 	displayPicture: image = 'C:\\Users\\Employee\\Google Drive\\UP\\MyResearch\\TaskProgramming\\AB_pic\\resources\\fishingrod.jpg'
14.5775 	EXP 	polygon_2: opacity = 1.0
14.5942 	EXP 	polygon: opacity = 0.0
14.5942 	EXP 	displayPicture: image = 'C:\\Users\\Employee\\Google Drive\\UP\\MyResearch\\TaskProgramming\\AB_pic\\resources\\fishingrod.jpg'
14.5942 	EXP 	polygon_2: opacity = 1.0
14.6109 	EXP 	polygon: opacity = 0.0
14.6109 	EXP 	displayPicture: image = 'C:\\Users\\Employee\\Google Drive\\UP\\MyResearch\\TaskProgramming\\AB_pic\\resources\\telescope.jpg'
14.6109 	EXP 	polygon_2: opacity = 0.0
14.6275 	EXP 	polygon: opacity = 0.0
14.6275 	EXP 	displayPicture: image = 'C:\\Users\\Employee\\Google Drive\\UP\\MyResearch\\TaskProgramming\\AB_pic\\resources\\telescope.jpg'
14.6275 	EXP 	polygon_2: opacity = 0.0
14.6442 	EXP 	polygon: opacity = 0.0
14.6442 	EXP 	displayPicture: image = 'C:\\Users\\Employee\\Google Drive\\UP\\MyResearch\\TaskProgramming\\AB_pic\\resources\\telescope.jpg'
14.6442 	EXP 	polygon_2: opacity = 0.0
14.6609 	EXP 	polygon: opacity = 0.0
14.6609 	EXP 	displayPicture: image = 'C:\\Users\\Employee\\Google Drive\\UP\\MyResearch\\TaskProgramming\\AB_pic\\resources\\telescope.jpg'
14.6609 	EXP 	polygon_2: opacity = 0.0
14.6775 	EXP 	polygon: opacity = 0.0
14.6775 	EXP 	displayPicture: image = 'C:\\Users\\Employee\\Google Drive\\UP\\MyResearch\\TaskProgramming\\AB_pic\\resources\\telescope.jpg'
14.6775 	EXP 	polygon_2: opacity = 0.0
14.6942 	EXP 	polygon: opacity = 0.0
14.6942 	EXP 	displayPicture: image = 'C:\\Users\\Employee\\Google Drive\\UP\\MyResearch\\TaskProgramming\\AB_pic\\resources\\telescope.jpg'
14.6942 	EXP 	polygon_2: opacity = 0.0
14.7109 	EXP 	polygon: opacity = 0.0
14.7109 	EXP 	displayPicture: image = 'C:\\Users\\Employee\\Google Drive\\UP\\MyResearch\\TaskProgramming\\AB_pic\\resources\\telescope.jpg'
14.7109 	EXP 	polygon_2: opacity = 0.0
14.7276 	EXP 	polygon: opacity = 0.0
14.7276 	EXP 	displayPicture: image = 'C:\\Users\\Employee\\Google Drive\\UP\\MyResearch\\TaskProgramming\\AB_pic\\resources\\telescope.jpg'
14.7276 	EXP 	polygon_2: opacity = 0.0
14.7442 	EXP 	polygon: opacity = 0.0
14.7442 	EXP 	displayPicture: image = 'C:\\Users\\Employee\\Google Drive\\UP\\MyResearch\\TaskProgramming\\AB_pic\\resources\\telescope.jpg'
14.7442 	EXP 	polygon_2: opacity = 0.0
14.7608 	EXP 	polygon: opacity = 0.0
14.7608 	EXP 	displayPicture: image = 'C:\\Users\\Employee\\Google Drive\\UP\\MyResearch\\TaskProgramming\\AB_pic\\resources\\telescope.jpg'
14.7608 	EXP 	polygon_2: opacity = 0.0
14.7776 	EXP 	polygon: opacity = 0.0
14.7776 	EXP 	displayPicture: image = 'C:\\Users\\Employee\\Google Drive\\UP\\MyResearch\\TaskProgramming\\AB_pic\\resources\\telescope.jpg'
14.7776 	EXP 	polygon_2: opacity = 0.0
14.7942 	EXP 	polygon: opacity = 0.0
14.7942 	EXP 	displayPicture: image = 'C:\\Users\\Employee\\Google Drive\\UP\\MyResearch\\TaskProgramming\\AB_pic\\resources\\telescope.jpg'
14.7942 	EXP 	polygon_2: opacity = 0.0
14.8109 	EXP 	polygon: opacity = 0.0
14.8109 	EXP 	displayPicture: image = 'C:\\Users\\Employee\\Google Drive\\UP\\MyResearch\\TaskProgramming\\AB_pic\\resources\\telescope.jpg'
14.8109 	EXP 	polygon_2: opacity = 1.0
14.8276 	EXP 	polygon: opacity = 0.0
14.8276 	EXP 	displayPicture: image = 'C:\\Users\\Employee\\Google Drive\\UP\\MyResearch\\TaskProgramming\\AB_pic\\resources\\telescope.jpg'
14.8276 	EXP 	polygon_2: opacity = 1.0
14.8442 	EXP 	polygon: opacity = 0.0
14.8442 	EXP 	displayPicture: image = 'C:\\Users\\Employee\\Google Drive\\UP\\MyResearch\\TaskProgramming\\AB_pic\\resources\\telescope.jpg'
14.8442 	EXP 	polygon_2: opacity = 1.0
14.8609 	EXP 	polygon: opacity = 0.0
14.8609 	EXP 	displayPicture: image = 'C:\\Users\\Employee\\Google Drive\\UP\\MyResearch\\TaskProgramming\\AB_pic\\resources\\telescope.jpg'
14.8609 	EXP 	polygon_2: opacity = 1.0
14.8776 	EXP 	polygon: opacity = 0.0
14.8776 	EXP 	displayPicture: image = 'C:\\Users\\Employee\\Google Drive\\UP\\MyResearch\\TaskProgramming\\AB_pic\\resources\\telescope.jpg'
14.8776 	EXP 	polygon_2: opacity = 1.0
14.8942 	EXP 	polygon: opacity = 0.0
14.8942 	EXP 	displayPicture: image = 'C:\\Users\\Employee\\Google Drive\\UP\\MyResearch\\TaskProgramming\\AB_pic\\resources\\telescope.jpg'
14.8942 	EXP 	polygon_2: opacity = 1.0
14.9109 	EXP 	polygon: opacity = 0.0
14.9109 	EXP 	displayPicture: image = 'C:\\Users\\Employee\\Google Drive\\UP\\MyResearch\\TaskProgramming\\AB_pic\\resources\\telescope.jpg'
14.9109 	EXP 	polygon_2: opacity = 1.0
14.9275 	EXP 	polygon: opacity = 0.0
14.9275 	EXP 	displayPicture: image = 'C:\\Users\\Employee\\Google Drive\\UP\\MyResearch\\TaskProgramming\\AB_pic\\resources\\telescope.jpg'
14.9275 	EXP 	polygon_2: opacity = 1.0
14.9442 	EXP 	polygon: opacity = 0.0
14.9442 	EXP 	displayPicture: image = 'C:\\Users\\Employee\\Google Drive\\UP\\MyResearch\\TaskProgramming\\AB_pic\\resources\\telescope.jpg'
14.9442 	EXP 	polygon_2: opacity = 1.0
14.9609 	EXP 	polygon: opacity = 0.0
14.9609 	EXP 	displayPicture: image = 'C:\\Users\\Employee\\Google Drive\\UP\\MyResearch\\TaskProgramming\\AB_pic\\resources\\pirateflag.jpg'
14.9609 	EXP 	polygon_2: opacity = 0.0
14.9775 	EXP 	polygon: opacity = 0.0
14.9775 	EXP 	displayPicture: image = 'C:\\Users\\Employee\\Google Drive\\UP\\MyResearch\\TaskProgramming\\AB_pic\\resources\\pirateflag.jpg'
14.9775 	EXP 	polygon_2: opacity = 0.0
14.9942 	EXP 	polygon: opacity = 0.0
14.9942 	EXP 	displayPicture: image = 'C:\\Users\\Employee\\Google Drive\\UP\\MyResearch\\TaskProgramming\\AB_pic\\resources\\pirateflag.jpg'
14.9942 	EXP 	polygon_2: opacity = 0.0
15.0109 	EXP 	polygon: opacity = 0.0
15.0109 	EXP 	displayPicture: image = 'C:\\Users\\Employee\\Google Drive\\UP\\MyResearch\\TaskProgramming\\AB_pic\\resources\\pirateflag.jpg'
15.0109 	EXP 	polygon_2: opacity = 0.0
15.0275 	EXP 	polygon: opacity = 0.0
15.0275 	EXP 	displayPicture: image = 'C:\\Users\\Employee\\Google Drive\\UP\\MyResearch\\TaskProgramming\\AB_pic\\resources\\pirateflag.jpg'
15.0275 	EXP 	polygon_2: opacity = 0.0
15.0442 	EXP 	polygon: opacity = 0.0
15.0442 	EXP 	displayPicture: image = 'C:\\Users\\Employee\\Google Drive\\UP\\MyResearch\\TaskProgramming\\AB_pic\\resources\\pirateflag.jpg'
15.0442 	EXP 	polygon_2: opacity = 0.0
15.0608 	EXP 	polygon: opacity = 0.0
15.0608 	EXP 	displayPicture: image = 'C:\\Users\\Employee\\Google Drive\\UP\\MyResearch\\TaskProgramming\\AB_pic\\resources\\pirateflag.jpg'
15.0608 	EXP 	polygon_2: opacity = 0.0
15.0775 	EXP 	polygon: opacity = 0.0
15.0775 	EXP 	displayPicture: image = 'C:\\Users\\Employee\\Google Drive\\UP\\MyResearch\\TaskProgramming\\AB_pic\\resources\\pirateflag.jpg'
15.0775 	EXP 	polygon_2: opacity = 0.0
15.0942 	EXP 	polygon: opacity = 0.0
15.0942 	EXP 	displayPicture: image = 'C:\\Users\\Employee\\Google Drive\\UP\\MyResearch\\TaskProgramming\\AB_pic\\resources\\pirateflag.jpg'
15.0942 	EXP 	polygon_2: opacity = 0.0
15.1108 	EXP 	polygon: opacity = 0.0
15.1108 	EXP 	displayPicture: image = 'C:\\Users\\Employee\\Google Drive\\UP\\MyResearch\\TaskProgramming\\AB_pic\\resources\\pirateflag.jpg'
15.1108 	EXP 	polygon_2: opacity = 0.0
15.1275 	EXP 	polygon: opacity = 0.0
15.1275 	EXP 	displayPicture: image = 'C:\\Users\\Employee\\Google Drive\\UP\\MyResearch\\TaskProgramming\\AB_pic\\resources\\pirateflag.jpg'
15.1275 	EXP 	polygon_2: opacity = 0.0
15.1442 	EXP 	polygon: opacity = 0.0
15.1442 	EXP 	displayPicture: image = 'C:\\Users\\Employee\\Google Drive\\UP\\MyResearch\\TaskProgramming\\AB_pic\\resources\\pirateflag.jpg'
15.1442 	EXP 	polygon_2: opacity = 0.0
15.1608 	EXP 	polygon: opacity = 0.0
15.1608 	EXP 	displayPicture: image = 'C:\\Users\\Employee\\Google Drive\\UP\\MyResearch\\TaskProgramming\\AB_pic\\resources\\pirateflag.jpg'
15.1608 	EXP 	polygon_2: opacity = 1.0
15.1775 	EXP 	polygon: opacity = 0.0
15.1775 	EXP 	displayPicture: image = 'C:\\Users\\Employee\\Google Drive\\UP\\MyResearch\\TaskProgramming\\AB_pic\\resources\\pirateflag.jpg'
15.1775 	EXP 	polygon_2: opacity = 1.0
15.1942 	EXP 	polygon: opacity = 0.0
15.1942 	EXP 	displayPicture: image = 'C:\\Users\\Employee\\Google Drive\\UP\\MyResearch\\TaskProgramming\\AB_pic\\resources\\pirateflag.jpg'
15.1942 	EXP 	polygon_2: opacity = 1.0
15.2108 	EXP 	polygon: opacity = 0.0
15.2108 	EXP 	displayPicture: image = 'C:\\Users\\Employee\\Google Drive\\UP\\MyResearch\\TaskProgramming\\AB_pic\\resources\\pirateflag.jpg'
15.2108 	EXP 	polygon_2: opacity = 1.0
15.2275 	EXP 	polygon: opacity = 0.0
15.2275 	EXP 	displayPicture: image = 'C:\\Users\\Employee\\Google Drive\\UP\\MyResearch\\TaskProgramming\\AB_pic\\resources\\pirateflag.jpg'
15.2275 	EXP 	polygon_2: opacity = 1.0
15.2442 	EXP 	polygon: opacity = 0.0
15.2442 	EXP 	displayPicture: image = 'C:\\Users\\Employee\\Google Drive\\UP\\MyResearch\\TaskProgramming\\AB_pic\\resources\\pirateflag.jpg'
15.2442 	EXP 	polygon_2: opacity = 1.0
15.2608 	EXP 	polygon: opacity = 0.0
15.2608 	EXP 	displayPicture: image = 'C:\\Users\\Employee\\Google Drive\\UP\\MyResearch\\TaskProgramming\\AB_pic\\resources\\pirateflag.jpg'
15.2608 	EXP 	polygon_2: opacity = 1.0
15.2775 	EXP 	polygon: opacity = 0.0
15.2775 	EXP 	displayPicture: image = 'C:\\Users\\Employee\\Google Drive\\UP\\MyResearch\\TaskProgramming\\AB_pic\\resources\\pirateflag.jpg'
15.2775 	EXP 	polygon_2: opacity = 1.0
15.2942 	EXP 	polygon: opacity = 0.0
15.2942 	EXP 	displayPicture: image = 'C:\\Users\\Employee\\Google Drive\\UP\\MyResearch\\TaskProgramming\\AB_pic\\resources\\pirateflag.jpg'
15.2942 	EXP 	polygon_2: opacity = 1.0
15.3108 	EXP 	polygon: opacity = 1.0
15.3108 	EXP 	displayPicture: image = 'C:\\Users\\Employee\\Google Drive\\UP\\MyResearch\\TaskProgramming\\AB_pic\\resources\\rollerblade.jpg'
15.3108 	EXP 	polygon_2: opacity = 0.0
15.3275 	EXP 	polygon: opacity = 1.0
15.3275 	EXP 	displayPicture: image = 'C:\\Users\\Employee\\Google Drive\\UP\\MyResearch\\TaskProgramming\\AB_pic\\resources\\rollerblade.jpg'
15.3275 	EXP 	polygon_2: opacity = 0.0
15.3442 	EXP 	polygon: opacity = 1.0
15.3442 	EXP 	displayPicture: image = 'C:\\Users\\Employee\\Google Drive\\UP\\MyResearch\\TaskProgramming\\AB_pic\\resources\\rollerblade.jpg'
15.3442 	EXP 	polygon_2: opacity = 0.0
15.3608 	EXP 	polygon: opacity = 1.0
15.3608 	EXP 	displayPicture: image = 'C:\\Users\\Employee\\Google Drive\\UP\\MyResearch\\TaskProgramming\\AB_pic\\resources\\rollerblade.jpg'
15.3608 	EXP 	polygon_2: opacity = 0.0
15.3775 	EXP 	polygon: opacity = 1.0
15.3775 	EXP 	displayPicture: image = 'C:\\Users\\Employee\\Google Drive\\UP\\MyResearch\\TaskProgramming\\AB_pic\\resources\\rollerblade.jpg'
15.3775 	EXP 	polygon_2: opacity = 0.0
15.3942 	EXP 	polygon: opacity = 1.0
15.3942 	EXP 	displayPicture: image = 'C:\\Users\\Employee\\Google Drive\\UP\\MyResearch\\TaskProgramming\\AB_pic\\resources\\rollerblade.jpg'
15.3942 	EXP 	polygon_2: opacity = 0.0
15.4108 	EXP 	polygon: opacity = 1.0
15.4108 	EXP 	displayPicture: image = 'C:\\Users\\Employee\\Google Drive\\UP\\MyResearch\\TaskProgramming\\AB_pic\\resources\\rollerblade.jpg'
15.4108 	EXP 	polygon_2: opacity = 0.0
15.4275 	EXP 	polygon: opacity = 1.0
15.4275 	EXP 	displayPicture: image = 'C:\\Users\\Employee\\Google Drive\\UP\\MyResearch\\TaskProgramming\\AB_pic\\resources\\rollerblade.jpg'
15.4275 	EXP 	polygon_2: opacity = 0.0
15.4442 	EXP 	polygon: opacity = 1.0
15.4442 	EXP 	displayPicture: image = 'C:\\Users\\Employee\\Google Drive\\UP\\MyResearch\\TaskProgramming\\AB_pic\\resources\\rollerblade.jpg'
15.4442 	EXP 	polygon_2: opacity = 0.0
15.4608 	EXP 	polygon: opacity = 1.0
15.4608 	EXP 	displayPicture: image = 'C:\\Users\\Employee\\Google Drive\\UP\\MyResearch\\TaskProgramming\\AB_pic\\resources\\rollerblade.jpg'
15.4608 	EXP 	polygon_2: opacity = 0.0
15.4775 	EXP 	polygon: opacity = 1.0
15.4775 	EXP 	displayPicture: image = 'C:\\Users\\Employee\\Google Drive\\UP\\MyResearch\\TaskProgramming\\AB_pic\\resources\\rollerblade.jpg'
15.4775 	EXP 	polygon_2: opacity = 0.0
15.4942 	EXP 	polygon: opacity = 1.0
15.4942 	EXP 	displayPicture: image = 'C:\\Users\\Employee\\Google Drive\\UP\\MyResearch\\TaskProgramming\\AB_pic\\resources\\rollerblade.jpg'
15.4942 	EXP 	polygon_2: opacity = 0.0
15.5108 	EXP 	polygon: opacity = 1.0
15.5108 	EXP 	displayPicture: image = 'C:\\Users\\Employee\\Google Drive\\UP\\MyResearch\\TaskProgramming\\AB_pic\\resources\\rollerblade.jpg'
15.5108 	EXP 	polygon_2: opacity = 1.0
15.5275 	EXP 	polygon: opacity = 1.0
15.5275 	EXP 	displayPicture: image = 'C:\\Users\\Employee\\Google Drive\\UP\\MyResearch\\TaskProgramming\\AB_pic\\resources\\rollerblade.jpg'
15.5275 	EXP 	polygon_2: opacity = 1.0
15.5442 	EXP 	polygon: opacity = 1.0
15.5442 	EXP 	displayPicture: image = 'C:\\Users\\Employee\\Google Drive\\UP\\MyResearch\\TaskProgramming\\AB_pic\\resources\\rollerblade.jpg'
15.5442 	EXP 	polygon_2: opacity = 1.0
15.5608 	EXP 	polygon: opacity = 1.0
15.5608 	EXP 	displayPicture: image = 'C:\\Users\\Employee\\Google Drive\\UP\\MyResearch\\TaskProgramming\\AB_pic\\resources\\rollerblade.jpg'
15.5608 	EXP 	polygon_2: opacity = 1.0
15.5775 	EXP 	polygon: opacity = 1.0
15.5775 	EXP 	displayPicture: image = 'C:\\Users\\Employee\\Google Drive\\UP\\MyResearch\\TaskProgramming\\AB_pic\\resources\\rollerblade.jpg'
15.5775 	EXP 	polygon_2: opacity = 1.0
15.5942 	EXP 	polygon: opacity = 1.0
15.5942 	EXP 	displayPicture: image = 'C:\\Users\\Employee\\Google Drive\\UP\\MyResearch\\TaskProgramming\\AB_pic\\resources\\rollerblade.jpg'
15.5942 	EXP 	polygon_2: opacity = 1.0
15.6108 	EXP 	polygon: opacity = 1.0
15.6108 	EXP 	displayPicture: image = 'C:\\Users\\Employee\\Google Drive\\UP\\MyResearch\\TaskProgramming\\AB_pic\\resources\\rollerblade.jpg'
15.6108 	EXP 	polygon_2: opacity = 1.0
15.6275 	EXP 	polygon: opacity = 1.0
15.6275 	EXP 	displayPicture: image = 'C:\\Users\\Employee\\Google Drive\\UP\\MyResearch\\TaskProgramming\\AB_pic\\resources\\rollerblade.jpg'
15.6275 	EXP 	polygon_2: opacity = 1.0
15.6441 	EXP 	polygon: opacity = 1.0
15.6441 	EXP 	displayPicture: image = 'C:\\Users\\Employee\\Google Drive\\UP\\MyResearch\\TaskProgramming\\AB_pic\\resources\\rollerblade.jpg'
15.6441 	EXP 	polygon_2: opacity = 1.0
15.6608 	EXP 	polygon: opacity = 1.0
15.6608 	EXP 	displayPicture: image = 'C:\\Users\\Employee\\Google Drive\\UP\\MyResearch\\TaskProgramming\\AB_pic\\resources\\parachute.jpg'
15.6608 	EXP 	polygon_2: opacity = 0.0
15.6775 	EXP 	polygon: opacity = 1.0
15.6775 	EXP 	displayPicture: image = 'C:\\Users\\Employee\\Google Drive\\UP\\MyResearch\\TaskProgramming\\AB_pic\\resources\\parachute.jpg'
15.6775 	EXP 	polygon_2: opacity = 0.0
15.6812 	DATA 	Keypress: escape
15.6941 	EXP 	polygon: opacity = 1.0
15.6941 	EXP 	displayPicture: image = 'C:\\Users\\Employee\\Google Drive\\UP\\MyResearch\\TaskProgramming\\AB_pic\\resources\\parachute.jpg'
15.6941 	EXP 	polygon_2: opacity = 0.0
15.7108 	EXP 	polygon: opacity = 1.0
15.7108 	EXP 	displayPicture: image = 'C:\\Users\\Employee\\Google Drive\\UP\\MyResearch\\TaskProgramming\\AB_pic\\resources\\parachute.jpg'
15.7108 	EXP 	polygon_2: opacity = 0.0
15.7275 	EXP 	polygon: opacity = 1.0
15.7275 	EXP 	displayPicture: image = 'C:\\Users\\Employee\\Google Drive\\UP\\MyResearch\\TaskProgramming\\AB_pic\\resources\\parachute.jpg'
15.7275 	EXP 	polygon_2: opacity = 0.0
15.7441 	EXP 	polygon: opacity = 1.0
15.7441 	EXP 	displayPicture: image = 'C:\\Users\\Employee\\Google Drive\\UP\\MyResearch\\TaskProgramming\\AB_pic\\resources\\parachute.jpg'
15.7441 	EXP 	polygon_2: opacity = 0.0
15.8324 	EXP 	window1: mouseVisible = True
